2024-12-06 20:30:50,086 [INFO] Logging initialized for scenario: 'Depth_PPO_RainandFog_Variants'
2024-12-06 20:30:50,086 [INFO] Received command-line arguments: Scenario='Depth_PPO_RainandFog_Variants', Filenames=['D:\\Masters\\Sem5\\uavRL\\inference_outputs\\Trajectories\\RainandFog\\ppo_naturecnn_depth_RainandFog\\ppo_naturecnn_depth_RainandFog_positions.csv', 'D:\\Masters\\Sem5\\uavRL\\inference_outputs\\Trajectories\\RainandFog\\ppo_naturecnn_depth_obstacle_weather_leavesfalling_RainandFog\\ppo_naturecnn_depth_obstacle_weather_leavesfalling_RainandFog_positions.csv', 'D:\\Masters\\Sem5\\uavRL\\inference_outputs\\Trajectories\\RainandFog\\ppo_naturecnn_depth_obstacle_weather_rainandfog_RainandFog\\ppo_naturecnn_depth_obstacle_weather_rainandfog_RainandFog_positions.csv', 'D:\\Masters\\Sem5\\uavRL\\inference_outputs\\Trajectories\\RainandFog\\ppo_naturecnn_depth_obstacle_weather_snowonly_RainandFog\\ppo_naturecnn_depth_obstacle_weather_snowonly_RainandFog_positions.csv']
2024-12-06 20:30:50,088 [INFO] Starting to plot multiple mean trajectories.
2024-12-06 20:30:50,232 [INFO] Successfully read 'D:\Masters\Sem5\uavRL\inference_outputs\Trajectories\RainandFog\ppo_naturecnn_depth_RainandFog\ppo_naturecnn_depth_RainandFog_positions.csv'.
2024-12-06 20:30:50,234 [INFO] Episode 1 in 'D:\Masters\Sem5\uavRL\inference_outputs\Trajectories\RainandFog\ppo_naturecnn_depth_RainandFog\ppo_naturecnn_depth_RainandFog_positions.csv' did not travel at least 9 meters. Skipping.
2024-12-06 20:30:50,236 [INFO] Episode 4 in 'D:\Masters\Sem5\uavRL\inference_outputs\Trajectories\RainandFog\ppo_naturecnn_depth_RainandFog\ppo_naturecnn_depth_RainandFog_positions.csv' did not travel at least 9 meters. Skipping.
2024-12-06 20:30:50,237 [INFO] Episode 6 in 'D:\Masters\Sem5\uavRL\inference_outputs\Trajectories\RainandFog\ppo_naturecnn_depth_RainandFog\ppo_naturecnn_depth_RainandFog_positions.csv' did not travel at least 9 meters. Skipping.
2024-12-06 20:30:50,237 [INFO] Episode 7 in 'D:\Masters\Sem5\uavRL\inference_outputs\Trajectories\RainandFog\ppo_naturecnn_depth_RainandFog\ppo_naturecnn_depth_RainandFog_positions.csv' did not travel at least 9 meters. Skipping.
2024-12-06 20:30:50,238 [INFO] Episode 9 in 'D:\Masters\Sem5\uavRL\inference_outputs\Trajectories\RainandFog\ppo_naturecnn_depth_RainandFog\ppo_naturecnn_depth_RainandFog_positions.csv' did not travel at least 9 meters. Skipping.
2024-12-06 20:30:50,240 [INFO] Episode 10 in 'D:\Masters\Sem5\uavRL\inference_outputs\Trajectories\RainandFog\ppo_naturecnn_depth_RainandFog\ppo_naturecnn_depth_RainandFog_positions.csv' did not travel at least 9 meters. Skipping.
2024-12-06 20:30:50,241 [INFO] Episode 12 in 'D:\Masters\Sem5\uavRL\inference_outputs\Trajectories\RainandFog\ppo_naturecnn_depth_RainandFog\ppo_naturecnn_depth_RainandFog_positions.csv' did not travel at least 9 meters. Skipping.
2024-12-06 20:30:50,241 [INFO] Episode 14 in 'D:\Masters\Sem5\uavRL\inference_outputs\Trajectories\RainandFog\ppo_naturecnn_depth_RainandFog\ppo_naturecnn_depth_RainandFog_positions.csv' did not travel at least 9 meters. Skipping.
2024-12-06 20:30:50,242 [INFO] Episode 16 in 'D:\Masters\Sem5\uavRL\inference_outputs\Trajectories\RainandFog\ppo_naturecnn_depth_RainandFog\ppo_naturecnn_depth_RainandFog_positions.csv' did not travel at least 9 meters. Skipping.
2024-12-06 20:30:50,243 [INFO] Episode 17 in 'D:\Masters\Sem5\uavRL\inference_outputs\Trajectories\RainandFog\ppo_naturecnn_depth_RainandFog\ppo_naturecnn_depth_RainandFog_positions.csv' did not travel at least 9 meters. Skipping.
2024-12-06 20:30:50,244 [INFO] Episode 19 in 'D:\Masters\Sem5\uavRL\inference_outputs\Trajectories\RainandFog\ppo_naturecnn_depth_RainandFog\ppo_naturecnn_depth_RainandFog_positions.csv' did not travel at least 9 meters. Skipping.
2024-12-06 20:30:50,246 [INFO] Episode 22 in 'D:\Masters\Sem5\uavRL\inference_outputs\Trajectories\RainandFog\ppo_naturecnn_depth_RainandFog\ppo_naturecnn_depth_RainandFog_positions.csv' did not travel at least 9 meters. Skipping.
2024-12-06 20:30:50,246 [INFO] Episode 24 in 'D:\Masters\Sem5\uavRL\inference_outputs\Trajectories\RainandFog\ppo_naturecnn_depth_RainandFog\ppo_naturecnn_depth_RainandFog_positions.csv' did not travel at least 9 meters. Skipping.
2024-12-06 20:30:50,247 [INFO] Episode 25 in 'D:\Masters\Sem5\uavRL\inference_outputs\Trajectories\RainandFog\ppo_naturecnn_depth_RainandFog\ppo_naturecnn_depth_RainandFog_positions.csv' did not travel at least 9 meters. Skipping.
2024-12-06 20:30:50,247 [INFO] Episode 26 in 'D:\Masters\Sem5\uavRL\inference_outputs\Trajectories\RainandFog\ppo_naturecnn_depth_RainandFog\ppo_naturecnn_depth_RainandFog_positions.csv' did not travel at least 9 meters. Skipping.
2024-12-06 20:30:50,248 [INFO] Episode 27 in 'D:\Masters\Sem5\uavRL\inference_outputs\Trajectories\RainandFog\ppo_naturecnn_depth_RainandFog\ppo_naturecnn_depth_RainandFog_positions.csv' did not travel at least 9 meters. Skipping.
2024-12-06 20:30:50,249 [INFO] Episode 31 in 'D:\Masters\Sem5\uavRL\inference_outputs\Trajectories\RainandFog\ppo_naturecnn_depth_RainandFog\ppo_naturecnn_depth_RainandFog_positions.csv' did not travel at least 9 meters. Skipping.
2024-12-06 20:30:50,249 [INFO] Episode 32 in 'D:\Masters\Sem5\uavRL\inference_outputs\Trajectories\RainandFog\ppo_naturecnn_depth_RainandFog\ppo_naturecnn_depth_RainandFog_positions.csv' did not travel at least 9 meters. Skipping.
2024-12-06 20:30:50,249 [INFO] Episode 33 in 'D:\Masters\Sem5\uavRL\inference_outputs\Trajectories\RainandFog\ppo_naturecnn_depth_RainandFog\ppo_naturecnn_depth_RainandFog_positions.csv' did not travel at least 9 meters. Skipping.
2024-12-06 20:30:50,251 [INFO] Episode 34 in 'D:\Masters\Sem5\uavRL\inference_outputs\Trajectories\RainandFog\ppo_naturecnn_depth_RainandFog\ppo_naturecnn_depth_RainandFog_positions.csv' did not travel at least 9 meters. Skipping.
2024-12-06 20:30:50,253 [INFO] Episode 37 in 'D:\Masters\Sem5\uavRL\inference_outputs\Trajectories\RainandFog\ppo_naturecnn_depth_RainandFog\ppo_naturecnn_depth_RainandFog_positions.csv' did not travel at least 9 meters. Skipping.
2024-12-06 20:30:50,254 [INFO] Episode 39 in 'D:\Masters\Sem5\uavRL\inference_outputs\Trajectories\RainandFog\ppo_naturecnn_depth_RainandFog\ppo_naturecnn_depth_RainandFog_positions.csv' did not travel at least 9 meters. Skipping.
2024-12-06 20:30:50,255 [INFO] Episode 41 in 'D:\Masters\Sem5\uavRL\inference_outputs\Trajectories\RainandFog\ppo_naturecnn_depth_RainandFog\ppo_naturecnn_depth_RainandFog_positions.csv' did not travel at least 9 meters. Skipping.
2024-12-06 20:30:50,256 [INFO] Episode 42 in 'D:\Masters\Sem5\uavRL\inference_outputs\Trajectories\RainandFog\ppo_naturecnn_depth_RainandFog\ppo_naturecnn_depth_RainandFog_positions.csv' did not travel at least 9 meters. Skipping.
2024-12-06 20:30:50,257 [INFO] Episode 43 in 'D:\Masters\Sem5\uavRL\inference_outputs\Trajectories\RainandFog\ppo_naturecnn_depth_RainandFog\ppo_naturecnn_depth_RainandFog_positions.csv' did not travel at least 9 meters. Skipping.
2024-12-06 20:30:50,257 [INFO] Episode 44 in 'D:\Masters\Sem5\uavRL\inference_outputs\Trajectories\RainandFog\ppo_naturecnn_depth_RainandFog\ppo_naturecnn_depth_RainandFog_positions.csv' did not travel at least 9 meters. Skipping.
2024-12-06 20:30:50,261 [INFO] Episode 50 in 'D:\Masters\Sem5\uavRL\inference_outputs\Trajectories\RainandFog\ppo_naturecnn_depth_RainandFog\ppo_naturecnn_depth_RainandFog_positions.csv' did not travel at least 9 meters. Skipping.
2024-12-06 20:30:50,262 [INFO] Episode 51 in 'D:\Masters\Sem5\uavRL\inference_outputs\Trajectories\RainandFog\ppo_naturecnn_depth_RainandFog\ppo_naturecnn_depth_RainandFog_positions.csv' did not travel at least 9 meters. Skipping.
2024-12-06 20:30:50,262 [INFO] Episode 52 in 'D:\Masters\Sem5\uavRL\inference_outputs\Trajectories\RainandFog\ppo_naturecnn_depth_RainandFog\ppo_naturecnn_depth_RainandFog_positions.csv' did not travel at least 9 meters. Skipping.
2024-12-06 20:30:50,264 [INFO] Episode 54 in 'D:\Masters\Sem5\uavRL\inference_outputs\Trajectories\RainandFog\ppo_naturecnn_depth_RainandFog\ppo_naturecnn_depth_RainandFog_positions.csv' did not travel at least 9 meters. Skipping.
2024-12-06 20:30:50,265 [INFO] Episode 59 in 'D:\Masters\Sem5\uavRL\inference_outputs\Trajectories\RainandFog\ppo_naturecnn_depth_RainandFog\ppo_naturecnn_depth_RainandFog_positions.csv' did not travel at least 9 meters. Skipping.
2024-12-06 20:30:50,266 [INFO] Episode 61 in 'D:\Masters\Sem5\uavRL\inference_outputs\Trajectories\RainandFog\ppo_naturecnn_depth_RainandFog\ppo_naturecnn_depth_RainandFog_positions.csv' did not travel at least 9 meters. Skipping.
2024-12-06 20:30:50,268 [INFO] Episode 69 in 'D:\Masters\Sem5\uavRL\inference_outputs\Trajectories\RainandFog\ppo_naturecnn_depth_RainandFog\ppo_naturecnn_depth_RainandFog_positions.csv' did not travel at least 9 meters. Skipping.
2024-12-06 20:30:50,269 [INFO] Episode 70 in 'D:\Masters\Sem5\uavRL\inference_outputs\Trajectories\RainandFog\ppo_naturecnn_depth_RainandFog\ppo_naturecnn_depth_RainandFog_positions.csv' did not travel at least 9 meters. Skipping.
2024-12-06 20:30:50,270 [INFO] Episode 73 in 'D:\Masters\Sem5\uavRL\inference_outputs\Trajectories\RainandFog\ppo_naturecnn_depth_RainandFog\ppo_naturecnn_depth_RainandFog_positions.csv' did not travel at least 9 meters. Skipping.
2024-12-06 20:30:50,271 [INFO] Episode 75 in 'D:\Masters\Sem5\uavRL\inference_outputs\Trajectories\RainandFog\ppo_naturecnn_depth_RainandFog\ppo_naturecnn_depth_RainandFog_positions.csv' did not travel at least 9 meters. Skipping.
2024-12-06 20:30:50,271 [INFO] Episode 76 in 'D:\Masters\Sem5\uavRL\inference_outputs\Trajectories\RainandFog\ppo_naturecnn_depth_RainandFog\ppo_naturecnn_depth_RainandFog_positions.csv' did not travel at least 9 meters. Skipping.
2024-12-06 20:30:50,273 [INFO] Episode 79 in 'D:\Masters\Sem5\uavRL\inference_outputs\Trajectories\RainandFog\ppo_naturecnn_depth_RainandFog\ppo_naturecnn_depth_RainandFog_positions.csv' did not travel at least 9 meters. Skipping.
2024-12-06 20:30:50,274 [INFO] Episode 80 in 'D:\Masters\Sem5\uavRL\inference_outputs\Trajectories\RainandFog\ppo_naturecnn_depth_RainandFog\ppo_naturecnn_depth_RainandFog_positions.csv' did not travel at least 9 meters. Skipping.
2024-12-06 20:30:50,275 [INFO] Episode 82 in 'D:\Masters\Sem5\uavRL\inference_outputs\Trajectories\RainandFog\ppo_naturecnn_depth_RainandFog\ppo_naturecnn_depth_RainandFog_positions.csv' did not travel at least 9 meters. Skipping.
2024-12-06 20:30:50,276 [INFO] Episode 84 in 'D:\Masters\Sem5\uavRL\inference_outputs\Trajectories\RainandFog\ppo_naturecnn_depth_RainandFog\ppo_naturecnn_depth_RainandFog_positions.csv' did not travel at least 9 meters. Skipping.
2024-12-06 20:30:50,278 [INFO] Episode 90 in 'D:\Masters\Sem5\uavRL\inference_outputs\Trajectories\RainandFog\ppo_naturecnn_depth_RainandFog\ppo_naturecnn_depth_RainandFog_positions.csv' did not travel at least 9 meters. Skipping.
2024-12-06 20:30:50,282 [INFO] Episode 98 in 'D:\Masters\Sem5\uavRL\inference_outputs\Trajectories\RainandFog\ppo_naturecnn_depth_RainandFog\ppo_naturecnn_depth_RainandFog_positions.csv' did not travel at least 9 meters. Skipping.
2024-12-06 20:30:50,282 [INFO] Episode 99 in 'D:\Masters\Sem5\uavRL\inference_outputs\Trajectories\RainandFog\ppo_naturecnn_depth_RainandFog\ppo_naturecnn_depth_RainandFog_positions.csv' did not travel at least 9 meters. Skipping.
2024-12-06 20:30:50,299 [INFO] Successfully read 'D:\Masters\Sem5\uavRL\inference_outputs\Trajectories\RainandFog\ppo_naturecnn_depth_obstacle_weather_leavesfalling_RainandFog\ppo_naturecnn_depth_obstacle_weather_leavesfalling_RainandFog_positions.csv'.
2024-12-06 20:30:50,301 [INFO] Episode 2 in 'D:\Masters\Sem5\uavRL\inference_outputs\Trajectories\RainandFog\ppo_naturecnn_depth_obstacle_weather_leavesfalling_RainandFog\ppo_naturecnn_depth_obstacle_weather_leavesfalling_RainandFog_positions.csv' did not travel at least 9 meters. Skipping.
2024-12-06 20:30:50,304 [INFO] Episode 9 in 'D:\Masters\Sem5\uavRL\inference_outputs\Trajectories\RainandFog\ppo_naturecnn_depth_obstacle_weather_leavesfalling_RainandFog\ppo_naturecnn_depth_obstacle_weather_leavesfalling_RainandFog_positions.csv' did not travel at least 9 meters. Skipping.
2024-12-06 20:30:50,305 [INFO] Episode 12 in 'D:\Masters\Sem5\uavRL\inference_outputs\Trajectories\RainandFog\ppo_naturecnn_depth_obstacle_weather_leavesfalling_RainandFog\ppo_naturecnn_depth_obstacle_weather_leavesfalling_RainandFog_positions.csv' did not travel at least 9 meters. Skipping.
2024-12-06 20:30:50,306 [INFO] Episode 13 in 'D:\Masters\Sem5\uavRL\inference_outputs\Trajectories\RainandFog\ppo_naturecnn_depth_obstacle_weather_leavesfalling_RainandFog\ppo_naturecnn_depth_obstacle_weather_leavesfalling_RainandFog_positions.csv' did not travel at least 9 meters. Skipping.
2024-12-06 20:30:50,309 [INFO] Episode 18 in 'D:\Masters\Sem5\uavRL\inference_outputs\Trajectories\RainandFog\ppo_naturecnn_depth_obstacle_weather_leavesfalling_RainandFog\ppo_naturecnn_depth_obstacle_weather_leavesfalling_RainandFog_positions.csv' did not travel at least 9 meters. Skipping.
2024-12-06 20:30:50,312 [INFO] Episode 25 in 'D:\Masters\Sem5\uavRL\inference_outputs\Trajectories\RainandFog\ppo_naturecnn_depth_obstacle_weather_leavesfalling_RainandFog\ppo_naturecnn_depth_obstacle_weather_leavesfalling_RainandFog_positions.csv' did not travel at least 9 meters. Skipping.
2024-12-06 20:30:50,317 [INFO] Episode 36 in 'D:\Masters\Sem5\uavRL\inference_outputs\Trajectories\RainandFog\ppo_naturecnn_depth_obstacle_weather_leavesfalling_RainandFog\ppo_naturecnn_depth_obstacle_weather_leavesfalling_RainandFog_positions.csv' did not travel at least 9 meters. Skipping.
2024-12-06 20:30:50,324 [INFO] Episode 54 in 'D:\Masters\Sem5\uavRL\inference_outputs\Trajectories\RainandFog\ppo_naturecnn_depth_obstacle_weather_leavesfalling_RainandFog\ppo_naturecnn_depth_obstacle_weather_leavesfalling_RainandFog_positions.csv' did not travel at least 9 meters. Skipping.
2024-12-06 20:30:50,327 [INFO] Episode 61 in 'D:\Masters\Sem5\uavRL\inference_outputs\Trajectories\RainandFog\ppo_naturecnn_depth_obstacle_weather_leavesfalling_RainandFog\ppo_naturecnn_depth_obstacle_weather_leavesfalling_RainandFog_positions.csv' did not travel at least 9 meters. Skipping.
2024-12-06 20:30:50,328 [INFO] Episode 63 in 'D:\Masters\Sem5\uavRL\inference_outputs\Trajectories\RainandFog\ppo_naturecnn_depth_obstacle_weather_leavesfalling_RainandFog\ppo_naturecnn_depth_obstacle_weather_leavesfalling_RainandFog_positions.csv' did not travel at least 9 meters. Skipping.
2024-12-06 20:30:50,329 [INFO] Episode 66 in 'D:\Masters\Sem5\uavRL\inference_outputs\Trajectories\RainandFog\ppo_naturecnn_depth_obstacle_weather_leavesfalling_RainandFog\ppo_naturecnn_depth_obstacle_weather_leavesfalling_RainandFog_positions.csv' did not travel at least 9 meters. Skipping.
2024-12-06 20:30:50,335 [INFO] Episode 85 in 'D:\Masters\Sem5\uavRL\inference_outputs\Trajectories\RainandFog\ppo_naturecnn_depth_obstacle_weather_leavesfalling_RainandFog\ppo_naturecnn_depth_obstacle_weather_leavesfalling_RainandFog_positions.csv' did not travel at least 9 meters. Skipping.
2024-12-06 20:30:50,337 [INFO] Episode 88 in 'D:\Masters\Sem5\uavRL\inference_outputs\Trajectories\RainandFog\ppo_naturecnn_depth_obstacle_weather_leavesfalling_RainandFog\ppo_naturecnn_depth_obstacle_weather_leavesfalling_RainandFog_positions.csv' did not travel at least 9 meters. Skipping.
2024-12-06 20:30:50,341 [INFO] Episode 96 in 'D:\Masters\Sem5\uavRL\inference_outputs\Trajectories\RainandFog\ppo_naturecnn_depth_obstacle_weather_leavesfalling_RainandFog\ppo_naturecnn_depth_obstacle_weather_leavesfalling_RainandFog_positions.csv' did not travel at least 9 meters. Skipping.
2024-12-06 20:30:50,359 [INFO] Successfully read 'D:\Masters\Sem5\uavRL\inference_outputs\Trajectories\RainandFog\ppo_naturecnn_depth_obstacle_weather_rainandfog_RainandFog\ppo_naturecnn_depth_obstacle_weather_rainandfog_RainandFog_positions.csv'.
2024-12-06 20:30:50,361 [INFO] Episode 1 in 'D:\Masters\Sem5\uavRL\inference_outputs\Trajectories\RainandFog\ppo_naturecnn_depth_obstacle_weather_rainandfog_RainandFog\ppo_naturecnn_depth_obstacle_weather_rainandfog_RainandFog_positions.csv' did not travel at least 9 meters. Skipping.
2024-12-06 20:30:50,369 [INFO] Episode 30 in 'D:\Masters\Sem5\uavRL\inference_outputs\Trajectories\RainandFog\ppo_naturecnn_depth_obstacle_weather_rainandfog_RainandFog\ppo_naturecnn_depth_obstacle_weather_rainandfog_RainandFog_positions.csv' did not travel at least 9 meters. Skipping.
2024-12-06 20:30:50,371 [INFO] Episode 32 in 'D:\Masters\Sem5\uavRL\inference_outputs\Trajectories\RainandFog\ppo_naturecnn_depth_obstacle_weather_rainandfog_RainandFog\ppo_naturecnn_depth_obstacle_weather_rainandfog_RainandFog_positions.csv' did not travel at least 9 meters. Skipping.
2024-12-06 20:30:50,371 [INFO] Episode 33 in 'D:\Masters\Sem5\uavRL\inference_outputs\Trajectories\RainandFog\ppo_naturecnn_depth_obstacle_weather_rainandfog_RainandFog\ppo_naturecnn_depth_obstacle_weather_rainandfog_RainandFog_positions.csv' did not travel at least 9 meters. Skipping.
2024-12-06 20:30:50,376 [INFO] Episode 49 in 'D:\Masters\Sem5\uavRL\inference_outputs\Trajectories\RainandFog\ppo_naturecnn_depth_obstacle_weather_rainandfog_RainandFog\ppo_naturecnn_depth_obstacle_weather_rainandfog_RainandFog_positions.csv' did not travel at least 9 meters. Skipping.
2024-12-06 20:30:50,378 [INFO] Episode 58 in 'D:\Masters\Sem5\uavRL\inference_outputs\Trajectories\RainandFog\ppo_naturecnn_depth_obstacle_weather_rainandfog_RainandFog\ppo_naturecnn_depth_obstacle_weather_rainandfog_RainandFog_positions.csv' did not travel at least 9 meters. Skipping.
2024-12-06 20:30:50,380 [INFO] Episode 65 in 'D:\Masters\Sem5\uavRL\inference_outputs\Trajectories\RainandFog\ppo_naturecnn_depth_obstacle_weather_rainandfog_RainandFog\ppo_naturecnn_depth_obstacle_weather_rainandfog_RainandFog_positions.csv' did not travel at least 9 meters. Skipping.
2024-12-06 20:30:50,382 [INFO] Episode 68 in 'D:\Masters\Sem5\uavRL\inference_outputs\Trajectories\RainandFog\ppo_naturecnn_depth_obstacle_weather_rainandfog_RainandFog\ppo_naturecnn_depth_obstacle_weather_rainandfog_RainandFog_positions.csv' did not travel at least 9 meters. Skipping.
2024-12-06 20:30:50,385 [INFO] Episode 77 in 'D:\Masters\Sem5\uavRL\inference_outputs\Trajectories\RainandFog\ppo_naturecnn_depth_obstacle_weather_rainandfog_RainandFog\ppo_naturecnn_depth_obstacle_weather_rainandfog_RainandFog_positions.csv' did not travel at least 9 meters. Skipping.
2024-12-06 20:30:50,391 [INFO] Episode 92 in 'D:\Masters\Sem5\uavRL\inference_outputs\Trajectories\RainandFog\ppo_naturecnn_depth_obstacle_weather_rainandfog_RainandFog\ppo_naturecnn_depth_obstacle_weather_rainandfog_RainandFog_positions.csv' did not travel at least 9 meters. Skipping.
2024-12-06 20:30:50,392 [INFO] Episode 95 in 'D:\Masters\Sem5\uavRL\inference_outputs\Trajectories\RainandFog\ppo_naturecnn_depth_obstacle_weather_rainandfog_RainandFog\ppo_naturecnn_depth_obstacle_weather_rainandfog_RainandFog_positions.csv' did not travel at least 9 meters. Skipping.
2024-12-06 20:30:50,395 [INFO] Episode 99 in 'D:\Masters\Sem5\uavRL\inference_outputs\Trajectories\RainandFog\ppo_naturecnn_depth_obstacle_weather_rainandfog_RainandFog\ppo_naturecnn_depth_obstacle_weather_rainandfog_RainandFog_positions.csv' did not travel at least 9 meters. Skipping.
2024-12-06 20:30:50,462 [INFO] Successfully read 'D:\Masters\Sem5\uavRL\inference_outputs\Trajectories\RainandFog\ppo_naturecnn_depth_obstacle_weather_snowonly_RainandFog\ppo_naturecnn_depth_obstacle_weather_snowonly_RainandFog_positions.csv'.
2024-12-06 20:30:50,465 [INFO] Episode 1 in 'D:\Masters\Sem5\uavRL\inference_outputs\Trajectories\RainandFog\ppo_naturecnn_depth_obstacle_weather_snowonly_RainandFog\ppo_naturecnn_depth_obstacle_weather_snowonly_RainandFog_positions.csv' did not travel at least 9 meters. Skipping.
2024-12-06 20:30:50,465 [INFO] Episode 4 in 'D:\Masters\Sem5\uavRL\inference_outputs\Trajectories\RainandFog\ppo_naturecnn_depth_obstacle_weather_snowonly_RainandFog\ppo_naturecnn_depth_obstacle_weather_snowonly_RainandFog_positions.csv' did not travel at least 9 meters. Skipping.
2024-12-06 20:30:50,468 [INFO] Episode 15 in 'D:\Masters\Sem5\uavRL\inference_outputs\Trajectories\RainandFog\ppo_naturecnn_depth_obstacle_weather_snowonly_RainandFog\ppo_naturecnn_depth_obstacle_weather_snowonly_RainandFog_positions.csv' did not travel at least 9 meters. Skipping.
2024-12-06 20:30:50,469 [INFO] Episode 16 in 'D:\Masters\Sem5\uavRL\inference_outputs\Trajectories\RainandFog\ppo_naturecnn_depth_obstacle_weather_snowonly_RainandFog\ppo_naturecnn_depth_obstacle_weather_snowonly_RainandFog_positions.csv' did not travel at least 9 meters. Skipping.
2024-12-06 20:30:50,471 [INFO] Episode 17 in 'D:\Masters\Sem5\uavRL\inference_outputs\Trajectories\RainandFog\ppo_naturecnn_depth_obstacle_weather_snowonly_RainandFog\ppo_naturecnn_depth_obstacle_weather_snowonly_RainandFog_positions.csv' did not travel at least 9 meters. Skipping.
2024-12-06 20:30:50,472 [INFO] Episode 24 in 'D:\Masters\Sem5\uavRL\inference_outputs\Trajectories\RainandFog\ppo_naturecnn_depth_obstacle_weather_snowonly_RainandFog\ppo_naturecnn_depth_obstacle_weather_snowonly_RainandFog_positions.csv' did not travel at least 9 meters. Skipping.
2024-12-06 20:30:50,474 [INFO] Episode 29 in 'D:\Masters\Sem5\uavRL\inference_outputs\Trajectories\RainandFog\ppo_naturecnn_depth_obstacle_weather_snowonly_RainandFog\ppo_naturecnn_depth_obstacle_weather_snowonly_RainandFog_positions.csv' did not travel at least 9 meters. Skipping.
2024-12-06 20:30:50,478 [INFO] Episode 44 in 'D:\Masters\Sem5\uavRL\inference_outputs\Trajectories\RainandFog\ppo_naturecnn_depth_obstacle_weather_snowonly_RainandFog\ppo_naturecnn_depth_obstacle_weather_snowonly_RainandFog_positions.csv' did not travel at least 9 meters. Skipping.
2024-12-06 20:30:50,479 [INFO] Episode 45 in 'D:\Masters\Sem5\uavRL\inference_outputs\Trajectories\RainandFog\ppo_naturecnn_depth_obstacle_weather_snowonly_RainandFog\ppo_naturecnn_depth_obstacle_weather_snowonly_RainandFog_positions.csv' did not travel at least 9 meters. Skipping.
2024-12-06 20:30:50,479 [INFO] Episode 46 in 'D:\Masters\Sem5\uavRL\inference_outputs\Trajectories\RainandFog\ppo_naturecnn_depth_obstacle_weather_snowonly_RainandFog\ppo_naturecnn_depth_obstacle_weather_snowonly_RainandFog_positions.csv' did not travel at least 9 meters. Skipping.
2024-12-06 20:30:50,482 [INFO] Episode 50 in 'D:\Masters\Sem5\uavRL\inference_outputs\Trajectories\RainandFog\ppo_naturecnn_depth_obstacle_weather_snowonly_RainandFog\ppo_naturecnn_depth_obstacle_weather_snowonly_RainandFog_positions.csv' did not travel at least 9 meters. Skipping.
2024-12-06 20:30:50,482 [INFO] Episode 52 in 'D:\Masters\Sem5\uavRL\inference_outputs\Trajectories\RainandFog\ppo_naturecnn_depth_obstacle_weather_snowonly_RainandFog\ppo_naturecnn_depth_obstacle_weather_snowonly_RainandFog_positions.csv' did not travel at least 9 meters. Skipping.
2024-12-06 20:30:50,485 [INFO] Episode 64 in 'D:\Masters\Sem5\uavRL\inference_outputs\Trajectories\RainandFog\ppo_naturecnn_depth_obstacle_weather_snowonly_RainandFog\ppo_naturecnn_depth_obstacle_weather_snowonly_RainandFog_positions.csv' did not travel at least 9 meters. Skipping.
2024-12-06 20:30:50,486 [INFO] Episode 66 in 'D:\Masters\Sem5\uavRL\inference_outputs\Trajectories\RainandFog\ppo_naturecnn_depth_obstacle_weather_snowonly_RainandFog\ppo_naturecnn_depth_obstacle_weather_snowonly_RainandFog_positions.csv' did not travel at least 9 meters. Skipping.
2024-12-06 20:30:50,492 [INFO] Episode 80 in 'D:\Masters\Sem5\uavRL\inference_outputs\Trajectories\RainandFog\ppo_naturecnn_depth_obstacle_weather_snowonly_RainandFog\ppo_naturecnn_depth_obstacle_weather_snowonly_RainandFog_positions.csv' did not travel at least 9 meters. Skipping.
2024-12-06 20:30:50,492 [INFO] Episode 81 in 'D:\Masters\Sem5\uavRL\inference_outputs\Trajectories\RainandFog\ppo_naturecnn_depth_obstacle_weather_snowonly_RainandFog\ppo_naturecnn_depth_obstacle_weather_snowonly_RainandFog_positions.csv' did not travel at least 9 meters. Skipping.
2024-12-06 20:30:50,495 [INFO] Episode 86 in 'D:\Masters\Sem5\uavRL\inference_outputs\Trajectories\RainandFog\ppo_naturecnn_depth_obstacle_weather_snowonly_RainandFog\ppo_naturecnn_depth_obstacle_weather_snowonly_RainandFog_positions.csv' did not travel at least 9 meters. Skipping.
2024-12-06 20:30:50,497 [INFO] Episode 91 in 'D:\Masters\Sem5\uavRL\inference_outputs\Trajectories\RainandFog\ppo_naturecnn_depth_obstacle_weather_snowonly_RainandFog\ppo_naturecnn_depth_obstacle_weather_snowonly_RainandFog_positions.csv' did not travel at least 9 meters. Skipping.
2024-12-06 20:30:50,499 [INFO] Episode 98 in 'D:\Masters\Sem5\uavRL\inference_outputs\Trajectories\RainandFog\ppo_naturecnn_depth_obstacle_weather_snowonly_RainandFog\ppo_naturecnn_depth_obstacle_weather_snowonly_RainandFog_positions.csv' did not travel at least 9 meters. Skipping.
2024-12-06 20:30:50,500 [INFO] Episode 99 in 'D:\Masters\Sem5\uavRL\inference_outputs\Trajectories\RainandFog\ppo_naturecnn_depth_obstacle_weather_snowonly_RainandFog\ppo_naturecnn_depth_obstacle_weather_snowonly_RainandFog_positions.csv' did not travel at least 9 meters. Skipping.
2024-12-06 20:30:50,509 [INFO] Wall positions determined at: [3.7, 7.4, 11.100000000000001, 14.8, 18.5, 22.2]
2024-12-06 20:30:50,512 [INFO] Plotted mean trajectory from 'ppo_naturecnn_depth_RainandFog_positions.csv' with color 'blue'.
2024-12-06 20:30:50,513 [INFO] Plotted mean trajectory from 'ppo_naturecnn_depth_obstacle_weather_leavesfalling_RainandFog_positions.csv' with color 'green'.
2024-12-06 20:30:50,513 [INFO] Plotted mean trajectory from 'ppo_naturecnn_depth_obstacle_weather_rainandfog_RainandFog_positions.csv' with color 'orange'.
2024-12-06 20:30:50,515 [INFO] Plotted mean trajectory from 'ppo_naturecnn_depth_obstacle_weather_snowonly_RainandFog_positions.csv' with color 'purple'.
2024-12-06 20:30:50,570 [INFO] Added wall surface at X=3.7 with Trajectory Variations and Passages.
2024-12-06 20:30:50,629 [INFO] Added wall surface at X=7.4 with Trajectory Variations and Passages.
2024-12-06 20:30:50,691 [INFO] Added wall surface at X=11.100000000000001 with Trajectory Variations and Passages.
2024-12-06 20:30:50,754 [INFO] Added wall surface at X=14.8 with Trajectory Variations and Passages.
2024-12-06 20:30:50,812 [INFO] Added wall surface at X=18.5 with Trajectory Variations and Passages.
2024-12-06 20:30:50,814 [WARNING] No data near wall at X=22.2. Skipping hole creation.
2024-12-06 20:30:50,815 [INFO] Completed plotting walls and holes.
2024-12-06 20:30:51,015 [INFO] Similarity between 'ppo_naturecnn_depth_RainandFog_positions.csv' and 'ppo_naturecnn_depth_obstacle_weather_leavesfalling_RainandFog_positions.csv':
2024-12-06 20:30:51,015 [INFO]   - Cosine Similarity (Mean): 0.8572
2024-12-06 20:30:51,015 [INFO]   - Pearson Correlation (Mean): 0.6638
2024-12-06 20:30:51,016 [INFO]   - Normalized Cross-Correlation (Mean): 0.8349
2024-12-06 20:30:51,016 [INFO]   - Lag at Max NCC (Y): 0, (Z): -29
2024-12-06 20:30:51,027 [INFO] Similarity between 'ppo_naturecnn_depth_RainandFog_positions.csv' and 'ppo_naturecnn_depth_obstacle_weather_rainandfog_RainandFog_positions.csv':
2024-12-06 20:30:51,027 [INFO]   - Cosine Similarity (Mean): 0.9439
2024-12-06 20:30:51,027 [INFO]   - Pearson Correlation (Mean): 0.8341
2024-12-06 20:30:51,027 [INFO]   - Normalized Cross-Correlation (Mean): 0.8990
2024-12-06 20:30:51,028 [INFO]   - Lag at Max NCC (Y): 3, (Z): -15
2024-12-06 20:30:51,040 [INFO] Similarity between 'ppo_naturecnn_depth_RainandFog_positions.csv' and 'ppo_naturecnn_depth_obstacle_weather_snowonly_RainandFog_positions.csv':
2024-12-06 20:30:51,041 [INFO]   - Cosine Similarity (Mean): 0.9317
2024-12-06 20:30:51,041 [INFO]   - Pearson Correlation (Mean): 0.7792
2024-12-06 20:30:51,041 [INFO]   - Normalized Cross-Correlation (Mean): 0.8592
2024-12-06 20:30:51,041 [INFO]   - Lag at Max NCC (Y): 5, (Z): -15
2024-12-06 20:30:51,053 [INFO] Similarity between 'ppo_naturecnn_depth_obstacle_weather_leavesfalling_RainandFog_positions.csv' and 'ppo_naturecnn_depth_obstacle_weather_rainandfog_RainandFog_positions.csv':
2024-12-06 20:30:51,053 [INFO]   - Cosine Similarity (Mean): 0.9094
2024-12-06 20:30:51,054 [INFO]   - Pearson Correlation (Mean): 0.8361
2024-12-06 20:30:51,054 [INFO]   - Normalized Cross-Correlation (Mean): 0.8590
2024-12-06 20:30:51,054 [INFO]   - Lag at Max NCC (Y): 0, (Z): 10
2024-12-06 20:30:51,067 [INFO] Similarity between 'ppo_naturecnn_depth_obstacle_weather_leavesfalling_RainandFog_positions.csv' and 'ppo_naturecnn_depth_obstacle_weather_snowonly_RainandFog_positions.csv':
2024-12-06 20:30:51,068 [INFO]   - Cosine Similarity (Mean): 0.9105
2024-12-06 20:30:51,068 [INFO]   - Pearson Correlation (Mean): 0.8387
2024-12-06 20:30:51,068 [INFO]   - Normalized Cross-Correlation (Mean): 0.8581
2024-12-06 20:30:51,068 [INFO]   - Lag at Max NCC (Y): 0, (Z): 9
2024-12-06 20:30:51,079 [INFO] Similarity between 'ppo_naturecnn_depth_obstacle_weather_rainandfog_RainandFog_positions.csv' and 'ppo_naturecnn_depth_obstacle_weather_snowonly_RainandFog_positions.csv':
2024-12-06 20:30:51,080 [INFO]   - Cosine Similarity (Mean): 0.9862
2024-12-06 20:30:51,080 [INFO]   - Pearson Correlation (Mean): 0.9574
2024-12-06 20:30:51,080 [INFO]   - Normalized Cross-Correlation (Mean): 0.9574
2024-12-06 20:30:51,080 [INFO]   - Lag at Max NCC (Y): 0, (Z): 0
2024-12-06 20:30:51,544 [INFO] Cross-correlation plot saved as 'inference_outputs\Depth_PPO_RainandFog_Variants\Depth_PPO_RainandFog_Variants_cross_correlation_part1.png'.
2024-12-06 20:30:52,204 [INFO] Mean trajectories plotted and saved as 'inference_outputs\Depth_PPO_RainandFog_Variants\Depth_PPO_RainandFog_Variants_mean_trajectories.png'.
2024-12-06 20:30:52,211 [INFO] Similarity summary saved as 'inference_outputs\Depth_PPO_RainandFog_Variants\Depth_PPO_RainandFog_Variants_similarity_summary.csv'.
