2025-02-06 23:03:36,679 - INFO - Episode 1 completed.
2025-02-06 23:03:39,215 - INFO - Episode 2 completed.
2025-02-06 23:03:42,634 - INFO - Episode 3 completed.
2025-02-06 23:03:44,565 - INFO - Episode 4 completed.
2025-02-06 23:03:44,693 - INFO - Episode 5 completed.
2025-02-06 23:03:48,049 - INFO - Episode 6 completed.
2025-02-06 23:03:51,503 - INFO - Episode 7 completed.
2025-02-06 23:03:54,872 - INFO - Episode 8 completed.
2025-02-06 23:03:56,529 - INFO - Episode 9 completed.
2025-02-06 23:03:59,835 - INFO - Episode 10 completed.
2025-02-06 23:04:03,183 - INFO - Episode 11 completed.
2025-02-06 23:04:04,898 - INFO - Episode 12 completed.
2025-02-06 23:04:08,305 - INFO - Episode 13 completed.
2025-02-06 23:04:10,886 - INFO - Episode 14 completed.
2025-02-06 23:04:14,115 - INFO - Episode 15 completed.
2025-02-06 23:04:15,256 - INFO - Episode 16 completed.
2025-02-06 23:04:16,925 - INFO - Episode 17 completed.
2025-02-06 23:04:18,534 - INFO - Episode 18 completed.
2025-02-06 23:04:21,413 - INFO - Episode 19 completed.
2025-02-06 23:04:24,317 - INFO - Episode 20 completed.
2025-02-06 23:04:24,436 - INFO - Episode 21 completed.
2025-02-06 23:04:27,179 - INFO - Episode 22 completed.
2025-02-06 23:04:28,861 - INFO - Episode 23 completed.
2025-02-06 23:04:29,982 - INFO - Episode 24 completed.
2025-02-06 23:04:32,836 - INFO - Episode 25 completed.
2025-02-06 23:04:35,641 - INFO - Episode 26 completed.
2025-02-06 23:04:36,111 - INFO - Episode 27 completed.
2025-02-06 23:04:39,002 - INFO - Episode 28 completed.
2025-02-06 23:04:39,551 - INFO - Episode 29 completed.
2025-02-06 23:04:40,695 - INFO - Episode 30 completed.
2025-02-06 23:04:42,888 - INFO - Episode 31 completed.
2025-02-06 23:04:45,795 - INFO - Episode 32 completed.
2025-02-06 23:04:48,684 - INFO - Episode 33 completed.
2025-02-06 23:04:49,152 - INFO - Episode 34 completed.
2025-02-06 23:04:52,037 - INFO - Episode 35 completed.
2025-02-06 23:04:52,546 - INFO - Episode 36 completed.
2025-02-06 23:04:54,143 - INFO - Episode 37 completed.
2025-02-06 23:04:55,750 - INFO - Episode 38 completed.
2025-02-06 23:04:58,680 - INFO - Episode 39 completed.
2025-02-06 23:05:01,545 - INFO - Episode 40 completed.
2025-02-06 23:05:04,434 - INFO - Episode 41 completed.
2025-02-06 23:05:06,114 - INFO - Episode 42 completed.
2025-02-06 23:05:07,819 - INFO - Episode 43 completed.
2025-02-06 23:05:08,297 - INFO - Episode 44 completed.
2025-02-06 23:05:08,823 - INFO - Episode 45 completed.
2025-02-06 23:05:11,706 - INFO - Episode 46 completed.
2025-02-06 23:05:14,585 - INFO - Episode 47 completed.
2025-02-06 23:05:17,479 - INFO - Episode 48 completed.
2025-02-06 23:05:20,544 - INFO - Episode 49 completed.
2025-02-06 23:05:22,117 - INFO - Episode 50 completed.
2025-02-06 23:05:23,519 - INFO - Episode 51 completed.
2025-02-06 23:05:26,417 - INFO - Episode 52 completed.
2025-02-06 23:05:29,346 - INFO - Episode 53 completed.
2025-02-06 23:05:30,749 - INFO - Episode 54 completed.
2025-02-06 23:05:33,684 - INFO - Episode 55 completed.
2025-02-06 23:05:36,649 - INFO - Episode 56 completed.
2025-02-06 23:05:38,905 - INFO - Episode 57 completed.
2025-02-06 23:05:41,750 - INFO - Episode 58 completed.
2025-02-06 23:05:44,127 - INFO - Episode 59 completed.
2025-02-06 23:05:46,365 - INFO - Episode 60 completed.
2025-02-06 23:05:49,280 - INFO - Episode 61 completed.
2025-02-06 23:05:52,195 - INFO - Episode 62 completed.
2025-02-06 23:05:55,089 - INFO - Episode 63 completed.
2025-02-06 23:05:56,750 - INFO - Episode 64 completed.
2025-02-06 23:05:59,631 - INFO - Episode 65 completed.
2025-02-06 23:06:02,553 - INFO - Episode 66 completed.
2025-02-06 23:06:05,425 - INFO - Episode 67 completed.
2025-02-06 23:06:08,333 - INFO - Episode 68 completed.
2025-02-06 23:06:11,216 - INFO - Episode 69 completed.
2025-02-06 23:06:12,295 - INFO - Episode 70 completed.
2025-02-06 23:06:13,944 - INFO - Episode 71 completed.
2025-02-06 23:06:16,843 - INFO - Episode 72 completed.
2025-02-06 23:06:19,748 - INFO - Episode 73 completed.
2025-02-06 23:06:22,657 - INFO - Episode 74 completed.
2025-02-06 23:06:25,561 - INFO - Episode 75 completed.
2025-02-06 23:06:28,349 - INFO - Episode 76 completed.
2025-02-06 23:06:28,899 - INFO - Episode 77 completed.
2025-02-06 23:06:29,411 - INFO - Episode 78 completed.
2025-02-06 23:06:32,406 - INFO - Episode 79 completed.
2025-02-06 23:06:35,193 - INFO - Episode 80 completed.
2025-02-06 23:06:35,725 - INFO - Episode 81 completed.
2025-02-06 23:06:38,601 - INFO - Episode 82 completed.
2025-02-06 23:06:41,420 - INFO - Episode 83 completed.
2025-02-06 23:06:44,352 - INFO - Episode 84 completed.
2025-02-06 23:06:47,268 - INFO - Episode 85 completed.
2025-02-06 23:06:47,380 - INFO - Episode 86 completed.
2025-02-06 23:06:50,148 - INFO - Episode 87 completed.
2025-02-06 23:06:51,844 - INFO - Episode 88 completed.
2025-02-06 23:06:54,707 - INFO - Episode 89 completed.
2025-02-06 23:06:57,592 - INFO - Episode 90 completed.
2025-02-06 23:07:00,463 - INFO - Episode 91 completed.
2025-02-06 23:07:01,707 - INFO - Episode 92 completed.
2025-02-06 23:07:02,881 - INFO - Episode 93 completed.
2025-02-06 23:07:02,996 - INFO - Episode 94 completed.
2025-02-06 23:07:05,881 - INFO - Episode 95 completed.
2025-02-06 23:07:08,793 - INFO - Episode 96 completed.
2025-02-06 23:07:11,682 - INFO - Episode 97 completed.
2025-02-06 23:07:14,569 - INFO - Episode 98 completed.
2025-02-06 23:07:17,453 - INFO - Episode 99 completed.
2025-02-06 23:07:20,358 - INFO - Episode 100 completed.
2025-02-06 23:07:20,392 - INFO - Positions saved to ./inference_outputs/PPO_All_FM_RainandFog\PPO_All_FM_RainandFog_positions.csv
2025-02-06 23:07:20,560 - INFO - Episode 2 did not travel at least 18 meters, skipping.
2025-02-06 23:07:20,562 - INFO - Episode 4 did not travel at least 18 meters, skipping.
2025-02-06 23:07:20,563 - INFO - Episode 5 did not travel at least 18 meters, skipping.
2025-02-06 23:07:20,567 - INFO - Episode 9 did not travel at least 18 meters, skipping.
2025-02-06 23:07:20,571 - INFO - Episode 12 did not travel at least 18 meters, skipping.
2025-02-06 23:07:20,574 - INFO - Episode 14 did not travel at least 18 meters, skipping.
2025-02-06 23:07:20,575 - INFO - Episode 16 did not travel at least 18 meters, skipping.
2025-02-06 23:07:20,576 - INFO - Episode 17 did not travel at least 18 meters, skipping.
2025-02-06 23:07:20,577 - INFO - Episode 18 did not travel at least 18 meters, skipping.
2025-02-06 23:07:20,579 - INFO - Episode 21 did not travel at least 18 meters, skipping.
2025-02-06 23:07:20,583 - INFO - Episode 23 did not travel at least 18 meters, skipping.
2025-02-06 23:07:20,584 - INFO - Episode 24 did not travel at least 18 meters, skipping.
2025-02-06 23:07:20,587 - INFO - Episode 27 did not travel at least 18 meters, skipping.
2025-02-06 23:07:20,590 - INFO - Episode 29 did not travel at least 18 meters, skipping.
2025-02-06 23:07:20,591 - INFO - Episode 30 did not travel at least 18 meters, skipping.
2025-02-06 23:07:20,592 - INFO - Episode 31 did not travel at least 18 meters, skipping.
2025-02-06 23:07:20,595 - INFO - Episode 34 did not travel at least 18 meters, skipping.
2025-02-06 23:07:20,597 - INFO - Episode 36 did not travel at least 18 meters, skipping.
2025-02-06 23:07:20,599 - INFO - Episode 37 did not travel at least 18 meters, skipping.
2025-02-06 23:07:20,600 - INFO - Episode 38 did not travel at least 18 meters, skipping.
2025-02-06 23:07:20,603 - INFO - Episode 42 did not travel at least 18 meters, skipping.
2025-02-06 23:07:20,603 - INFO - Episode 43 did not travel at least 18 meters, skipping.
2025-02-06 23:07:20,605 - INFO - Episode 44 did not travel at least 18 meters, skipping.
2025-02-06 23:07:20,606 - INFO - Episode 45 did not travel at least 18 meters, skipping.
2025-02-06 23:07:20,613 - INFO - Episode 50 did not travel at least 18 meters, skipping.
2025-02-06 23:07:20,615 - INFO - Episode 51 did not travel at least 18 meters, skipping.
2025-02-06 23:07:20,618 - INFO - Episode 54 did not travel at least 18 meters, skipping.
2025-02-06 23:07:20,622 - INFO - Episode 57 did not travel at least 18 meters, skipping.
2025-02-06 23:07:20,625 - INFO - Episode 59 did not travel at least 18 meters, skipping.
2025-02-06 23:07:20,626 - INFO - Episode 60 did not travel at least 18 meters, skipping.
2025-02-06 23:07:20,630 - INFO - Episode 64 did not travel at least 18 meters, skipping.
2025-02-06 23:07:20,639 - INFO - Episode 70 did not travel at least 18 meters, skipping.
2025-02-06 23:07:20,640 - INFO - Episode 71 did not travel at least 18 meters, skipping.
2025-02-06 23:07:20,645 - INFO - Episode 77 did not travel at least 18 meters, skipping.
2025-02-06 23:07:20,645 - INFO - Episode 78 did not travel at least 18 meters, skipping.
2025-02-06 23:07:20,650 - INFO - Episode 81 did not travel at least 18 meters, skipping.
2025-02-06 23:07:20,655 - INFO - Episode 86 did not travel at least 18 meters, skipping.
2025-02-06 23:07:20,658 - INFO - Episode 88 did not travel at least 18 meters, skipping.
2025-02-06 23:07:20,663 - INFO - Episode 92 did not travel at least 18 meters, skipping.
2025-02-06 23:07:20,664 - INFO - Episode 93 did not travel at least 18 meters, skipping.
2025-02-06 23:07:20,665 - INFO - Episode 94 did not travel at least 18 meters, skipping.
2025-02-06 23:07:20,837 - INFO - Trajectories plotted and saved as './inference_outputs/PPO_All_FM_RainandFog\PPO_All_FM_RainandFog_trajectories.png'.
2025-02-06 23:07:20,837 - INFO - -----------------------------------
2025-02-06 23:07:20,837 - INFO - > Total episodes: 100
2025-02-06 23:07:20,837 - INFO - > Flight distance (mean): 15.35
2025-02-06 23:07:20,837 - INFO - > Holes reached (mean): 3.65 out of 5
2025-02-06 23:07:20,839 - INFO - -----------------------------------
