2024-12-06 20:37:52,778 [INFO] Logging initialized for scenario: 'Depth_A2C_SnowOnly_Variants'
2024-12-06 20:37:52,778 [INFO] Received command-line arguments: Scenario='Depth_A2C_SnowOnly_Variants', Filenames=['D:\\Masters\\Sem5\\uavRL\\inference_outputs\\Trajectories\\SnowOnly\\a2c_naturecnn_depth_SnowOnly\\a2c_naturecnn_depth_SnowOnly_positions.csv', 'D:\\Masters\\Sem5\\uavRL\\inference_outputs\\Trajectories\\SnowOnly\\a2c_naturecnn_depth_obstacle_weather_leavesfalling_SnowOnly\\a2c_naturecnn_depth_obstacle_weather_leavesfalling_SnowOnly_positions.csv', 'D:\\Masters\\Sem5\\uavRL\\inference_outputs\\Trajectories\\SnowOnly\\a2c_naturecnn_depth_obstacle_weather_rainandfog_SnowOnly\\a2c_naturecnn_depth_obstacle_weather_rainandfog_SnowOnly_positions.csv', 'D:\\Masters\\Sem5\\uavRL\\inference_outputs\\Trajectories\\SnowOnly\\a2c_naturecnn_depth_obstacle_weather_snowonly_SnowOnly\\a2c_naturecnn_depth_obstacle_weather_snowonly_SnowOnly_positions.csv']
2024-12-06 20:37:52,779 [INFO] Starting to plot multiple mean trajectories.
2024-12-06 20:37:52,928 [INFO] Successfully read 'D:\Masters\Sem5\uavRL\inference_outputs\Trajectories\SnowOnly\a2c_naturecnn_depth_SnowOnly\a2c_naturecnn_depth_SnowOnly_positions.csv'.
2024-12-06 20:37:52,929 [INFO] Episode 1 in 'D:\Masters\Sem5\uavRL\inference_outputs\Trajectories\SnowOnly\a2c_naturecnn_depth_SnowOnly\a2c_naturecnn_depth_SnowOnly_positions.csv' did not travel at least 9 meters. Skipping.
2024-12-06 20:37:52,932 [INFO] Episode 6 in 'D:\Masters\Sem5\uavRL\inference_outputs\Trajectories\SnowOnly\a2c_naturecnn_depth_SnowOnly\a2c_naturecnn_depth_SnowOnly_positions.csv' did not travel at least 9 meters. Skipping.
2024-12-06 20:37:52,933 [INFO] Episode 7 in 'D:\Masters\Sem5\uavRL\inference_outputs\Trajectories\SnowOnly\a2c_naturecnn_depth_SnowOnly\a2c_naturecnn_depth_SnowOnly_positions.csv' did not travel at least 9 meters. Skipping.
2024-12-06 20:37:52,934 [INFO] Episode 8 in 'D:\Masters\Sem5\uavRL\inference_outputs\Trajectories\SnowOnly\a2c_naturecnn_depth_SnowOnly\a2c_naturecnn_depth_SnowOnly_positions.csv' did not travel at least 9 meters. Skipping.
2024-12-06 20:37:52,936 [INFO] Episode 12 in 'D:\Masters\Sem5\uavRL\inference_outputs\Trajectories\SnowOnly\a2c_naturecnn_depth_SnowOnly\a2c_naturecnn_depth_SnowOnly_positions.csv' did not travel at least 9 meters. Skipping.
2024-12-06 20:37:52,937 [INFO] Episode 13 in 'D:\Masters\Sem5\uavRL\inference_outputs\Trajectories\SnowOnly\a2c_naturecnn_depth_SnowOnly\a2c_naturecnn_depth_SnowOnly_positions.csv' did not travel at least 9 meters. Skipping.
2024-12-06 20:37:52,939 [INFO] Episode 14 in 'D:\Masters\Sem5\uavRL\inference_outputs\Trajectories\SnowOnly\a2c_naturecnn_depth_SnowOnly\a2c_naturecnn_depth_SnowOnly_positions.csv' did not travel at least 9 meters. Skipping.
2024-12-06 20:37:52,941 [INFO] Episode 18 in 'D:\Masters\Sem5\uavRL\inference_outputs\Trajectories\SnowOnly\a2c_naturecnn_depth_SnowOnly\a2c_naturecnn_depth_SnowOnly_positions.csv' did not travel at least 9 meters. Skipping.
2024-12-06 20:37:52,942 [INFO] Episode 19 in 'D:\Masters\Sem5\uavRL\inference_outputs\Trajectories\SnowOnly\a2c_naturecnn_depth_SnowOnly\a2c_naturecnn_depth_SnowOnly_positions.csv' did not travel at least 9 meters. Skipping.
2024-12-06 20:37:52,945 [INFO] Episode 27 in 'D:\Masters\Sem5\uavRL\inference_outputs\Trajectories\SnowOnly\a2c_naturecnn_depth_SnowOnly\a2c_naturecnn_depth_SnowOnly_positions.csv' did not travel at least 9 meters. Skipping.
2024-12-06 20:37:52,945 [INFO] Episode 28 in 'D:\Masters\Sem5\uavRL\inference_outputs\Trajectories\SnowOnly\a2c_naturecnn_depth_SnowOnly\a2c_naturecnn_depth_SnowOnly_positions.csv' did not travel at least 9 meters. Skipping.
2024-12-06 20:37:52,946 [INFO] Episode 29 in 'D:\Masters\Sem5\uavRL\inference_outputs\Trajectories\SnowOnly\a2c_naturecnn_depth_SnowOnly\a2c_naturecnn_depth_SnowOnly_positions.csv' did not travel at least 9 meters. Skipping.
2024-12-06 20:37:52,947 [INFO] Episode 30 in 'D:\Masters\Sem5\uavRL\inference_outputs\Trajectories\SnowOnly\a2c_naturecnn_depth_SnowOnly\a2c_naturecnn_depth_SnowOnly_positions.csv' did not travel at least 9 meters. Skipping.
2024-12-06 20:37:52,948 [INFO] Episode 31 in 'D:\Masters\Sem5\uavRL\inference_outputs\Trajectories\SnowOnly\a2c_naturecnn_depth_SnowOnly\a2c_naturecnn_depth_SnowOnly_positions.csv' did not travel at least 9 meters. Skipping.
2024-12-06 20:37:52,949 [INFO] Episode 32 in 'D:\Masters\Sem5\uavRL\inference_outputs\Trajectories\SnowOnly\a2c_naturecnn_depth_SnowOnly\a2c_naturecnn_depth_SnowOnly_positions.csv' did not travel at least 9 meters. Skipping.
2024-12-06 20:37:52,949 [INFO] Episode 33 in 'D:\Masters\Sem5\uavRL\inference_outputs\Trajectories\SnowOnly\a2c_naturecnn_depth_SnowOnly\a2c_naturecnn_depth_SnowOnly_positions.csv' did not travel at least 9 meters. Skipping.
2024-12-06 20:37:52,951 [INFO] Episode 37 in 'D:\Masters\Sem5\uavRL\inference_outputs\Trajectories\SnowOnly\a2c_naturecnn_depth_SnowOnly\a2c_naturecnn_depth_SnowOnly_positions.csv' did not travel at least 9 meters. Skipping.
2024-12-06 20:37:52,953 [INFO] Episode 38 in 'D:\Masters\Sem5\uavRL\inference_outputs\Trajectories\SnowOnly\a2c_naturecnn_depth_SnowOnly\a2c_naturecnn_depth_SnowOnly_positions.csv' did not travel at least 9 meters. Skipping.
2024-12-06 20:37:52,953 [INFO] Episode 39 in 'D:\Masters\Sem5\uavRL\inference_outputs\Trajectories\SnowOnly\a2c_naturecnn_depth_SnowOnly\a2c_naturecnn_depth_SnowOnly_positions.csv' did not travel at least 9 meters. Skipping.
2024-12-06 20:37:52,955 [INFO] Episode 43 in 'D:\Masters\Sem5\uavRL\inference_outputs\Trajectories\SnowOnly\a2c_naturecnn_depth_SnowOnly\a2c_naturecnn_depth_SnowOnly_positions.csv' did not travel at least 9 meters. Skipping.
2024-12-06 20:37:52,955 [INFO] Episode 45 in 'D:\Masters\Sem5\uavRL\inference_outputs\Trajectories\SnowOnly\a2c_naturecnn_depth_SnowOnly\a2c_naturecnn_depth_SnowOnly_positions.csv' did not travel at least 9 meters. Skipping.
2024-12-06 20:37:52,956 [INFO] Episode 47 in 'D:\Masters\Sem5\uavRL\inference_outputs\Trajectories\SnowOnly\a2c_naturecnn_depth_SnowOnly\a2c_naturecnn_depth_SnowOnly_positions.csv' did not travel at least 9 meters. Skipping.
2024-12-06 20:37:52,958 [INFO] Episode 49 in 'D:\Masters\Sem5\uavRL\inference_outputs\Trajectories\SnowOnly\a2c_naturecnn_depth_SnowOnly\a2c_naturecnn_depth_SnowOnly_positions.csv' did not travel at least 9 meters. Skipping.
2024-12-06 20:37:52,960 [INFO] Episode 53 in 'D:\Masters\Sem5\uavRL\inference_outputs\Trajectories\SnowOnly\a2c_naturecnn_depth_SnowOnly\a2c_naturecnn_depth_SnowOnly_positions.csv' did not travel at least 9 meters. Skipping.
2024-12-06 20:37:52,961 [INFO] Episode 54 in 'D:\Masters\Sem5\uavRL\inference_outputs\Trajectories\SnowOnly\a2c_naturecnn_depth_SnowOnly\a2c_naturecnn_depth_SnowOnly_positions.csv' did not travel at least 9 meters. Skipping.
2024-12-06 20:37:52,961 [INFO] Episode 55 in 'D:\Masters\Sem5\uavRL\inference_outputs\Trajectories\SnowOnly\a2c_naturecnn_depth_SnowOnly\a2c_naturecnn_depth_SnowOnly_positions.csv' did not travel at least 9 meters. Skipping.
2024-12-06 20:37:52,963 [INFO] Episode 57 in 'D:\Masters\Sem5\uavRL\inference_outputs\Trajectories\SnowOnly\a2c_naturecnn_depth_SnowOnly\a2c_naturecnn_depth_SnowOnly_positions.csv' did not travel at least 9 meters. Skipping.
2024-12-06 20:37:52,963 [INFO] Episode 58 in 'D:\Masters\Sem5\uavRL\inference_outputs\Trajectories\SnowOnly\a2c_naturecnn_depth_SnowOnly\a2c_naturecnn_depth_SnowOnly_positions.csv' did not travel at least 9 meters. Skipping.
2024-12-06 20:37:52,964 [INFO] Episode 59 in 'D:\Masters\Sem5\uavRL\inference_outputs\Trajectories\SnowOnly\a2c_naturecnn_depth_SnowOnly\a2c_naturecnn_depth_SnowOnly_positions.csv' did not travel at least 9 meters. Skipping.
2024-12-06 20:37:52,965 [INFO] Episode 62 in 'D:\Masters\Sem5\uavRL\inference_outputs\Trajectories\SnowOnly\a2c_naturecnn_depth_SnowOnly\a2c_naturecnn_depth_SnowOnly_positions.csv' did not travel at least 9 meters. Skipping.
2024-12-06 20:37:52,967 [INFO] Episode 65 in 'D:\Masters\Sem5\uavRL\inference_outputs\Trajectories\SnowOnly\a2c_naturecnn_depth_SnowOnly\a2c_naturecnn_depth_SnowOnly_positions.csv' did not travel at least 9 meters. Skipping.
2024-12-06 20:37:52,968 [INFO] Episode 66 in 'D:\Masters\Sem5\uavRL\inference_outputs\Trajectories\SnowOnly\a2c_naturecnn_depth_SnowOnly\a2c_naturecnn_depth_SnowOnly_positions.csv' did not travel at least 9 meters. Skipping.
2024-12-06 20:37:52,968 [INFO] Episode 67 in 'D:\Masters\Sem5\uavRL\inference_outputs\Trajectories\SnowOnly\a2c_naturecnn_depth_SnowOnly\a2c_naturecnn_depth_SnowOnly_positions.csv' did not travel at least 9 meters. Skipping.
2024-12-06 20:37:52,969 [INFO] Episode 68 in 'D:\Masters\Sem5\uavRL\inference_outputs\Trajectories\SnowOnly\a2c_naturecnn_depth_SnowOnly\a2c_naturecnn_depth_SnowOnly_positions.csv' did not travel at least 9 meters. Skipping.
2024-12-06 20:37:52,971 [INFO] Episode 73 in 'D:\Masters\Sem5\uavRL\inference_outputs\Trajectories\SnowOnly\a2c_naturecnn_depth_SnowOnly\a2c_naturecnn_depth_SnowOnly_positions.csv' did not travel at least 9 meters. Skipping.
2024-12-06 20:37:52,972 [INFO] Episode 75 in 'D:\Masters\Sem5\uavRL\inference_outputs\Trajectories\SnowOnly\a2c_naturecnn_depth_SnowOnly\a2c_naturecnn_depth_SnowOnly_positions.csv' did not travel at least 9 meters. Skipping.
2024-12-06 20:37:52,972 [INFO] Episode 77 in 'D:\Masters\Sem5\uavRL\inference_outputs\Trajectories\SnowOnly\a2c_naturecnn_depth_SnowOnly\a2c_naturecnn_depth_SnowOnly_positions.csv' did not travel at least 9 meters. Skipping.
2024-12-06 20:37:52,973 [INFO] Episode 78 in 'D:\Masters\Sem5\uavRL\inference_outputs\Trajectories\SnowOnly\a2c_naturecnn_depth_SnowOnly\a2c_naturecnn_depth_SnowOnly_positions.csv' did not travel at least 9 meters. Skipping.
2024-12-06 20:37:52,975 [INFO] Episode 82 in 'D:\Masters\Sem5\uavRL\inference_outputs\Trajectories\SnowOnly\a2c_naturecnn_depth_SnowOnly\a2c_naturecnn_depth_SnowOnly_positions.csv' did not travel at least 9 meters. Skipping.
2024-12-06 20:37:52,977 [INFO] Episode 85 in 'D:\Masters\Sem5\uavRL\inference_outputs\Trajectories\SnowOnly\a2c_naturecnn_depth_SnowOnly\a2c_naturecnn_depth_SnowOnly_positions.csv' did not travel at least 9 meters. Skipping.
2024-12-06 20:37:52,977 [INFO] Episode 86 in 'D:\Masters\Sem5\uavRL\inference_outputs\Trajectories\SnowOnly\a2c_naturecnn_depth_SnowOnly\a2c_naturecnn_depth_SnowOnly_positions.csv' did not travel at least 9 meters. Skipping.
2024-12-06 20:37:52,978 [INFO] Episode 88 in 'D:\Masters\Sem5\uavRL\inference_outputs\Trajectories\SnowOnly\a2c_naturecnn_depth_SnowOnly\a2c_naturecnn_depth_SnowOnly_positions.csv' did not travel at least 9 meters. Skipping.
2024-12-06 20:37:52,979 [INFO] Episode 90 in 'D:\Masters\Sem5\uavRL\inference_outputs\Trajectories\SnowOnly\a2c_naturecnn_depth_SnowOnly\a2c_naturecnn_depth_SnowOnly_positions.csv' did not travel at least 9 meters. Skipping.
2024-12-06 20:37:52,979 [INFO] Episode 91 in 'D:\Masters\Sem5\uavRL\inference_outputs\Trajectories\SnowOnly\a2c_naturecnn_depth_SnowOnly\a2c_naturecnn_depth_SnowOnly_positions.csv' did not travel at least 9 meters. Skipping.
2024-12-06 20:37:52,980 [INFO] Episode 92 in 'D:\Masters\Sem5\uavRL\inference_outputs\Trajectories\SnowOnly\a2c_naturecnn_depth_SnowOnly\a2c_naturecnn_depth_SnowOnly_positions.csv' did not travel at least 9 meters. Skipping.
2024-12-06 20:37:52,981 [INFO] Episode 93 in 'D:\Masters\Sem5\uavRL\inference_outputs\Trajectories\SnowOnly\a2c_naturecnn_depth_SnowOnly\a2c_naturecnn_depth_SnowOnly_positions.csv' did not travel at least 9 meters. Skipping.
2024-12-06 20:37:52,981 [INFO] Episode 94 in 'D:\Masters\Sem5\uavRL\inference_outputs\Trajectories\SnowOnly\a2c_naturecnn_depth_SnowOnly\a2c_naturecnn_depth_SnowOnly_positions.csv' did not travel at least 9 meters. Skipping.
2024-12-06 20:37:52,982 [INFO] Episode 98 in 'D:\Masters\Sem5\uavRL\inference_outputs\Trajectories\SnowOnly\a2c_naturecnn_depth_SnowOnly\a2c_naturecnn_depth_SnowOnly_positions.csv' did not travel at least 9 meters. Skipping.
2024-12-06 20:37:52,983 [INFO] Episode 99 in 'D:\Masters\Sem5\uavRL\inference_outputs\Trajectories\SnowOnly\a2c_naturecnn_depth_SnowOnly\a2c_naturecnn_depth_SnowOnly_positions.csv' did not travel at least 9 meters. Skipping.
2024-12-06 20:37:52,983 [INFO] Episode 100 in 'D:\Masters\Sem5\uavRL\inference_outputs\Trajectories\SnowOnly\a2c_naturecnn_depth_SnowOnly\a2c_naturecnn_depth_SnowOnly_positions.csv' did not travel at least 9 meters. Skipping.
2024-12-06 20:37:52,996 [INFO] Successfully read 'D:\Masters\Sem5\uavRL\inference_outputs\Trajectories\SnowOnly\a2c_naturecnn_depth_obstacle_weather_leavesfalling_SnowOnly\a2c_naturecnn_depth_obstacle_weather_leavesfalling_SnowOnly_positions.csv'.
2024-12-06 20:37:52,999 [INFO] Episode 7 in 'D:\Masters\Sem5\uavRL\inference_outputs\Trajectories\SnowOnly\a2c_naturecnn_depth_obstacle_weather_leavesfalling_SnowOnly\a2c_naturecnn_depth_obstacle_weather_leavesfalling_SnowOnly_positions.csv' did not travel at least 9 meters. Skipping.
2024-12-06 20:37:53,000 [INFO] Episode 10 in 'D:\Masters\Sem5\uavRL\inference_outputs\Trajectories\SnowOnly\a2c_naturecnn_depth_obstacle_weather_leavesfalling_SnowOnly\a2c_naturecnn_depth_obstacle_weather_leavesfalling_SnowOnly_positions.csv' did not travel at least 9 meters. Skipping.
2024-12-06 20:37:53,001 [INFO] Episode 12 in 'D:\Masters\Sem5\uavRL\inference_outputs\Trajectories\SnowOnly\a2c_naturecnn_depth_obstacle_weather_leavesfalling_SnowOnly\a2c_naturecnn_depth_obstacle_weather_leavesfalling_SnowOnly_positions.csv' did not travel at least 9 meters. Skipping.
2024-12-06 20:37:53,002 [INFO] Episode 19 in 'D:\Masters\Sem5\uavRL\inference_outputs\Trajectories\SnowOnly\a2c_naturecnn_depth_obstacle_weather_leavesfalling_SnowOnly\a2c_naturecnn_depth_obstacle_weather_leavesfalling_SnowOnly_positions.csv' did not travel at least 9 meters. Skipping.
2024-12-06 20:37:53,003 [INFO] Episode 20 in 'D:\Masters\Sem5\uavRL\inference_outputs\Trajectories\SnowOnly\a2c_naturecnn_depth_obstacle_weather_leavesfalling_SnowOnly\a2c_naturecnn_depth_obstacle_weather_leavesfalling_SnowOnly_positions.csv' did not travel at least 9 meters. Skipping.
2024-12-06 20:37:53,003 [INFO] Episode 21 in 'D:\Masters\Sem5\uavRL\inference_outputs\Trajectories\SnowOnly\a2c_naturecnn_depth_obstacle_weather_leavesfalling_SnowOnly\a2c_naturecnn_depth_obstacle_weather_leavesfalling_SnowOnly_positions.csv' did not travel at least 9 meters. Skipping.
2024-12-06 20:37:53,006 [INFO] Episode 29 in 'D:\Masters\Sem5\uavRL\inference_outputs\Trajectories\SnowOnly\a2c_naturecnn_depth_obstacle_weather_leavesfalling_SnowOnly\a2c_naturecnn_depth_obstacle_weather_leavesfalling_SnowOnly_positions.csv' did not travel at least 9 meters. Skipping.
2024-12-06 20:37:53,007 [INFO] Episode 30 in 'D:\Masters\Sem5\uavRL\inference_outputs\Trajectories\SnowOnly\a2c_naturecnn_depth_obstacle_weather_leavesfalling_SnowOnly\a2c_naturecnn_depth_obstacle_weather_leavesfalling_SnowOnly_positions.csv' did not travel at least 9 meters. Skipping.
2024-12-06 20:37:53,008 [INFO] Episode 33 in 'D:\Masters\Sem5\uavRL\inference_outputs\Trajectories\SnowOnly\a2c_naturecnn_depth_obstacle_weather_leavesfalling_SnowOnly\a2c_naturecnn_depth_obstacle_weather_leavesfalling_SnowOnly_positions.csv' did not travel at least 9 meters. Skipping.
2024-12-06 20:37:53,010 [INFO] Episode 38 in 'D:\Masters\Sem5\uavRL\inference_outputs\Trajectories\SnowOnly\a2c_naturecnn_depth_obstacle_weather_leavesfalling_SnowOnly\a2c_naturecnn_depth_obstacle_weather_leavesfalling_SnowOnly_positions.csv' did not travel at least 9 meters. Skipping.
2024-12-06 20:37:53,013 [INFO] Episode 46 in 'D:\Masters\Sem5\uavRL\inference_outputs\Trajectories\SnowOnly\a2c_naturecnn_depth_obstacle_weather_leavesfalling_SnowOnly\a2c_naturecnn_depth_obstacle_weather_leavesfalling_SnowOnly_positions.csv' did not travel at least 9 meters. Skipping.
2024-12-06 20:37:53,015 [INFO] Episode 52 in 'D:\Masters\Sem5\uavRL\inference_outputs\Trajectories\SnowOnly\a2c_naturecnn_depth_obstacle_weather_leavesfalling_SnowOnly\a2c_naturecnn_depth_obstacle_weather_leavesfalling_SnowOnly_positions.csv' did not travel at least 9 meters. Skipping.
2024-12-06 20:37:53,017 [INFO] Episode 55 in 'D:\Masters\Sem5\uavRL\inference_outputs\Trajectories\SnowOnly\a2c_naturecnn_depth_obstacle_weather_leavesfalling_SnowOnly\a2c_naturecnn_depth_obstacle_weather_leavesfalling_SnowOnly_positions.csv' did not travel at least 9 meters. Skipping.
2024-12-06 20:37:53,019 [INFO] Episode 58 in 'D:\Masters\Sem5\uavRL\inference_outputs\Trajectories\SnowOnly\a2c_naturecnn_depth_obstacle_weather_leavesfalling_SnowOnly\a2c_naturecnn_depth_obstacle_weather_leavesfalling_SnowOnly_positions.csv' did not travel at least 9 meters. Skipping.
2024-12-06 20:37:53,020 [INFO] Episode 60 in 'D:\Masters\Sem5\uavRL\inference_outputs\Trajectories\SnowOnly\a2c_naturecnn_depth_obstacle_weather_leavesfalling_SnowOnly\a2c_naturecnn_depth_obstacle_weather_leavesfalling_SnowOnly_positions.csv' did not travel at least 9 meters. Skipping.
2024-12-06 20:37:53,022 [INFO] Episode 62 in 'D:\Masters\Sem5\uavRL\inference_outputs\Trajectories\SnowOnly\a2c_naturecnn_depth_obstacle_weather_leavesfalling_SnowOnly\a2c_naturecnn_depth_obstacle_weather_leavesfalling_SnowOnly_positions.csv' did not travel at least 9 meters. Skipping.
2024-12-06 20:37:53,023 [INFO] Episode 63 in 'D:\Masters\Sem5\uavRL\inference_outputs\Trajectories\SnowOnly\a2c_naturecnn_depth_obstacle_weather_leavesfalling_SnowOnly\a2c_naturecnn_depth_obstacle_weather_leavesfalling_SnowOnly_positions.csv' did not travel at least 9 meters. Skipping.
2024-12-06 20:37:53,026 [INFO] Episode 68 in 'D:\Masters\Sem5\uavRL\inference_outputs\Trajectories\SnowOnly\a2c_naturecnn_depth_obstacle_weather_leavesfalling_SnowOnly\a2c_naturecnn_depth_obstacle_weather_leavesfalling_SnowOnly_positions.csv' did not travel at least 9 meters. Skipping.
2024-12-06 20:37:53,030 [INFO] Episode 76 in 'D:\Masters\Sem5\uavRL\inference_outputs\Trajectories\SnowOnly\a2c_naturecnn_depth_obstacle_weather_leavesfalling_SnowOnly\a2c_naturecnn_depth_obstacle_weather_leavesfalling_SnowOnly_positions.csv' did not travel at least 9 meters. Skipping.
2024-12-06 20:37:53,031 [INFO] Episode 79 in 'D:\Masters\Sem5\uavRL\inference_outputs\Trajectories\SnowOnly\a2c_naturecnn_depth_obstacle_weather_leavesfalling_SnowOnly\a2c_naturecnn_depth_obstacle_weather_leavesfalling_SnowOnly_positions.csv' did not travel at least 9 meters. Skipping.
2024-12-06 20:37:53,031 [INFO] Episode 80 in 'D:\Masters\Sem5\uavRL\inference_outputs\Trajectories\SnowOnly\a2c_naturecnn_depth_obstacle_weather_leavesfalling_SnowOnly\a2c_naturecnn_depth_obstacle_weather_leavesfalling_SnowOnly_positions.csv' did not travel at least 9 meters. Skipping.
2024-12-06 20:37:53,032 [INFO] Episode 82 in 'D:\Masters\Sem5\uavRL\inference_outputs\Trajectories\SnowOnly\a2c_naturecnn_depth_obstacle_weather_leavesfalling_SnowOnly\a2c_naturecnn_depth_obstacle_weather_leavesfalling_SnowOnly_positions.csv' did not travel at least 9 meters. Skipping.
2024-12-06 20:37:53,033 [INFO] Episode 83 in 'D:\Masters\Sem5\uavRL\inference_outputs\Trajectories\SnowOnly\a2c_naturecnn_depth_obstacle_weather_leavesfalling_SnowOnly\a2c_naturecnn_depth_obstacle_weather_leavesfalling_SnowOnly_positions.csv' did not travel at least 9 meters. Skipping.
2024-12-06 20:37:53,033 [INFO] Episode 84 in 'D:\Masters\Sem5\uavRL\inference_outputs\Trajectories\SnowOnly\a2c_naturecnn_depth_obstacle_weather_leavesfalling_SnowOnly\a2c_naturecnn_depth_obstacle_weather_leavesfalling_SnowOnly_positions.csv' did not travel at least 9 meters. Skipping.
2024-12-06 20:37:53,034 [INFO] Episode 85 in 'D:\Masters\Sem5\uavRL\inference_outputs\Trajectories\SnowOnly\a2c_naturecnn_depth_obstacle_weather_leavesfalling_SnowOnly\a2c_naturecnn_depth_obstacle_weather_leavesfalling_SnowOnly_positions.csv' did not travel at least 9 meters. Skipping.
2024-12-06 20:37:53,037 [INFO] Episode 94 in 'D:\Masters\Sem5\uavRL\inference_outputs\Trajectories\SnowOnly\a2c_naturecnn_depth_obstacle_weather_leavesfalling_SnowOnly\a2c_naturecnn_depth_obstacle_weather_leavesfalling_SnowOnly_positions.csv' did not travel at least 9 meters. Skipping.
2024-12-06 20:37:53,038 [INFO] Episode 95 in 'D:\Masters\Sem5\uavRL\inference_outputs\Trajectories\SnowOnly\a2c_naturecnn_depth_obstacle_weather_leavesfalling_SnowOnly\a2c_naturecnn_depth_obstacle_weather_leavesfalling_SnowOnly_positions.csv' did not travel at least 9 meters. Skipping.
2024-12-06 20:37:53,038 [INFO] Episode 96 in 'D:\Masters\Sem5\uavRL\inference_outputs\Trajectories\SnowOnly\a2c_naturecnn_depth_obstacle_weather_leavesfalling_SnowOnly\a2c_naturecnn_depth_obstacle_weather_leavesfalling_SnowOnly_positions.csv' did not travel at least 9 meters. Skipping.
2024-12-06 20:37:53,051 [INFO] Successfully read 'D:\Masters\Sem5\uavRL\inference_outputs\Trajectories\SnowOnly\a2c_naturecnn_depth_obstacle_weather_rainandfog_SnowOnly\a2c_naturecnn_depth_obstacle_weather_rainandfog_SnowOnly_positions.csv'.
2024-12-06 20:37:53,053 [INFO] Episode 1 in 'D:\Masters\Sem5\uavRL\inference_outputs\Trajectories\SnowOnly\a2c_naturecnn_depth_obstacle_weather_rainandfog_SnowOnly\a2c_naturecnn_depth_obstacle_weather_rainandfog_SnowOnly_positions.csv' did not travel at least 9 meters. Skipping.
2024-12-06 20:37:53,055 [INFO] Episode 9 in 'D:\Masters\Sem5\uavRL\inference_outputs\Trajectories\SnowOnly\a2c_naturecnn_depth_obstacle_weather_rainandfog_SnowOnly\a2c_naturecnn_depth_obstacle_weather_rainandfog_SnowOnly_positions.csv' did not travel at least 9 meters. Skipping.
2024-12-06 20:37:53,056 [INFO] Episode 10 in 'D:\Masters\Sem5\uavRL\inference_outputs\Trajectories\SnowOnly\a2c_naturecnn_depth_obstacle_weather_rainandfog_SnowOnly\a2c_naturecnn_depth_obstacle_weather_rainandfog_SnowOnly_positions.csv' did not travel at least 9 meters. Skipping.
2024-12-06 20:37:53,057 [INFO] Episode 12 in 'D:\Masters\Sem5\uavRL\inference_outputs\Trajectories\SnowOnly\a2c_naturecnn_depth_obstacle_weather_rainandfog_SnowOnly\a2c_naturecnn_depth_obstacle_weather_rainandfog_SnowOnly_positions.csv' did not travel at least 9 meters. Skipping.
2024-12-06 20:37:53,058 [INFO] Episode 15 in 'D:\Masters\Sem5\uavRL\inference_outputs\Trajectories\SnowOnly\a2c_naturecnn_depth_obstacle_weather_rainandfog_SnowOnly\a2c_naturecnn_depth_obstacle_weather_rainandfog_SnowOnly_positions.csv' did not travel at least 9 meters. Skipping.
2024-12-06 20:37:53,058 [INFO] Episode 16 in 'D:\Masters\Sem5\uavRL\inference_outputs\Trajectories\SnowOnly\a2c_naturecnn_depth_obstacle_weather_rainandfog_SnowOnly\a2c_naturecnn_depth_obstacle_weather_rainandfog_SnowOnly_positions.csv' did not travel at least 9 meters. Skipping.
2024-12-06 20:37:53,061 [INFO] Episode 20 in 'D:\Masters\Sem5\uavRL\inference_outputs\Trajectories\SnowOnly\a2c_naturecnn_depth_obstacle_weather_rainandfog_SnowOnly\a2c_naturecnn_depth_obstacle_weather_rainandfog_SnowOnly_positions.csv' did not travel at least 9 meters. Skipping.
2024-12-06 20:37:53,062 [INFO] Episode 21 in 'D:\Masters\Sem5\uavRL\inference_outputs\Trajectories\SnowOnly\a2c_naturecnn_depth_obstacle_weather_rainandfog_SnowOnly\a2c_naturecnn_depth_obstacle_weather_rainandfog_SnowOnly_positions.csv' did not travel at least 9 meters. Skipping.
2024-12-06 20:37:53,063 [INFO] Episode 23 in 'D:\Masters\Sem5\uavRL\inference_outputs\Trajectories\SnowOnly\a2c_naturecnn_depth_obstacle_weather_rainandfog_SnowOnly\a2c_naturecnn_depth_obstacle_weather_rainandfog_SnowOnly_positions.csv' did not travel at least 9 meters. Skipping.
2024-12-06 20:37:53,063 [INFO] Episode 24 in 'D:\Masters\Sem5\uavRL\inference_outputs\Trajectories\SnowOnly\a2c_naturecnn_depth_obstacle_weather_rainandfog_SnowOnly\a2c_naturecnn_depth_obstacle_weather_rainandfog_SnowOnly_positions.csv' did not travel at least 9 meters. Skipping.
2024-12-06 20:37:53,064 [INFO] Episode 29 in 'D:\Masters\Sem5\uavRL\inference_outputs\Trajectories\SnowOnly\a2c_naturecnn_depth_obstacle_weather_rainandfog_SnowOnly\a2c_naturecnn_depth_obstacle_weather_rainandfog_SnowOnly_positions.csv' did not travel at least 9 meters. Skipping.
2024-12-06 20:37:53,065 [INFO] Episode 31 in 'D:\Masters\Sem5\uavRL\inference_outputs\Trajectories\SnowOnly\a2c_naturecnn_depth_obstacle_weather_rainandfog_SnowOnly\a2c_naturecnn_depth_obstacle_weather_rainandfog_SnowOnly_positions.csv' did not travel at least 9 meters. Skipping.
2024-12-06 20:37:53,067 [INFO] Episode 34 in 'D:\Masters\Sem5\uavRL\inference_outputs\Trajectories\SnowOnly\a2c_naturecnn_depth_obstacle_weather_rainandfog_SnowOnly\a2c_naturecnn_depth_obstacle_weather_rainandfog_SnowOnly_positions.csv' did not travel at least 9 meters. Skipping.
2024-12-06 20:37:53,071 [INFO] Episode 47 in 'D:\Masters\Sem5\uavRL\inference_outputs\Trajectories\SnowOnly\a2c_naturecnn_depth_obstacle_weather_rainandfog_SnowOnly\a2c_naturecnn_depth_obstacle_weather_rainandfog_SnowOnly_positions.csv' did not travel at least 9 meters. Skipping.
2024-12-06 20:37:53,072 [INFO] Episode 48 in 'D:\Masters\Sem5\uavRL\inference_outputs\Trajectories\SnowOnly\a2c_naturecnn_depth_obstacle_weather_rainandfog_SnowOnly\a2c_naturecnn_depth_obstacle_weather_rainandfog_SnowOnly_positions.csv' did not travel at least 9 meters. Skipping.
2024-12-06 20:37:53,073 [INFO] Episode 50 in 'D:\Masters\Sem5\uavRL\inference_outputs\Trajectories\SnowOnly\a2c_naturecnn_depth_obstacle_weather_rainandfog_SnowOnly\a2c_naturecnn_depth_obstacle_weather_rainandfog_SnowOnly_positions.csv' did not travel at least 9 meters. Skipping.
2024-12-06 20:37:53,074 [INFO] Episode 51 in 'D:\Masters\Sem5\uavRL\inference_outputs\Trajectories\SnowOnly\a2c_naturecnn_depth_obstacle_weather_rainandfog_SnowOnly\a2c_naturecnn_depth_obstacle_weather_rainandfog_SnowOnly_positions.csv' did not travel at least 9 meters. Skipping.
2024-12-06 20:37:53,075 [INFO] Episode 54 in 'D:\Masters\Sem5\uavRL\inference_outputs\Trajectories\SnowOnly\a2c_naturecnn_depth_obstacle_weather_rainandfog_SnowOnly\a2c_naturecnn_depth_obstacle_weather_rainandfog_SnowOnly_positions.csv' did not travel at least 9 meters. Skipping.
2024-12-06 20:37:53,077 [INFO] Episode 55 in 'D:\Masters\Sem5\uavRL\inference_outputs\Trajectories\SnowOnly\a2c_naturecnn_depth_obstacle_weather_rainandfog_SnowOnly\a2c_naturecnn_depth_obstacle_weather_rainandfog_SnowOnly_positions.csv' did not travel at least 9 meters. Skipping.
2024-12-06 20:37:53,078 [INFO] Episode 57 in 'D:\Masters\Sem5\uavRL\inference_outputs\Trajectories\SnowOnly\a2c_naturecnn_depth_obstacle_weather_rainandfog_SnowOnly\a2c_naturecnn_depth_obstacle_weather_rainandfog_SnowOnly_positions.csv' did not travel at least 9 meters. Skipping.
2024-12-06 20:37:53,079 [INFO] Episode 58 in 'D:\Masters\Sem5\uavRL\inference_outputs\Trajectories\SnowOnly\a2c_naturecnn_depth_obstacle_weather_rainandfog_SnowOnly\a2c_naturecnn_depth_obstacle_weather_rainandfog_SnowOnly_positions.csv' did not travel at least 9 meters. Skipping.
2024-12-06 20:37:53,081 [INFO] Episode 64 in 'D:\Masters\Sem5\uavRL\inference_outputs\Trajectories\SnowOnly\a2c_naturecnn_depth_obstacle_weather_rainandfog_SnowOnly\a2c_naturecnn_depth_obstacle_weather_rainandfog_SnowOnly_positions.csv' did not travel at least 9 meters. Skipping.
2024-12-06 20:37:53,082 [INFO] Episode 69 in 'D:\Masters\Sem5\uavRL\inference_outputs\Trajectories\SnowOnly\a2c_naturecnn_depth_obstacle_weather_rainandfog_SnowOnly\a2c_naturecnn_depth_obstacle_weather_rainandfog_SnowOnly_positions.csv' did not travel at least 9 meters. Skipping.
2024-12-06 20:37:53,084 [INFO] Episode 73 in 'D:\Masters\Sem5\uavRL\inference_outputs\Trajectories\SnowOnly\a2c_naturecnn_depth_obstacle_weather_rainandfog_SnowOnly\a2c_naturecnn_depth_obstacle_weather_rainandfog_SnowOnly_positions.csv' did not travel at least 9 meters. Skipping.
2024-12-06 20:37:53,085 [INFO] Episode 76 in 'D:\Masters\Sem5\uavRL\inference_outputs\Trajectories\SnowOnly\a2c_naturecnn_depth_obstacle_weather_rainandfog_SnowOnly\a2c_naturecnn_depth_obstacle_weather_rainandfog_SnowOnly_positions.csv' did not travel at least 9 meters. Skipping.
2024-12-06 20:37:53,086 [INFO] Episode 79 in 'D:\Masters\Sem5\uavRL\inference_outputs\Trajectories\SnowOnly\a2c_naturecnn_depth_obstacle_weather_rainandfog_SnowOnly\a2c_naturecnn_depth_obstacle_weather_rainandfog_SnowOnly_positions.csv' did not travel at least 9 meters. Skipping.
2024-12-06 20:37:53,088 [INFO] Episode 84 in 'D:\Masters\Sem5\uavRL\inference_outputs\Trajectories\SnowOnly\a2c_naturecnn_depth_obstacle_weather_rainandfog_SnowOnly\a2c_naturecnn_depth_obstacle_weather_rainandfog_SnowOnly_positions.csv' did not travel at least 9 meters. Skipping.
2024-12-06 20:37:53,089 [INFO] Episode 87 in 'D:\Masters\Sem5\uavRL\inference_outputs\Trajectories\SnowOnly\a2c_naturecnn_depth_obstacle_weather_rainandfog_SnowOnly\a2c_naturecnn_depth_obstacle_weather_rainandfog_SnowOnly_positions.csv' did not travel at least 9 meters. Skipping.
2024-12-06 20:37:53,090 [INFO] Episode 89 in 'D:\Masters\Sem5\uavRL\inference_outputs\Trajectories\SnowOnly\a2c_naturecnn_depth_obstacle_weather_rainandfog_SnowOnly\a2c_naturecnn_depth_obstacle_weather_rainandfog_SnowOnly_positions.csv' did not travel at least 9 meters. Skipping.
2024-12-06 20:37:53,091 [INFO] Episode 92 in 'D:\Masters\Sem5\uavRL\inference_outputs\Trajectories\SnowOnly\a2c_naturecnn_depth_obstacle_weather_rainandfog_SnowOnly\a2c_naturecnn_depth_obstacle_weather_rainandfog_SnowOnly_positions.csv' did not travel at least 9 meters. Skipping.
2024-12-06 20:37:53,091 [INFO] Episode 94 in 'D:\Masters\Sem5\uavRL\inference_outputs\Trajectories\SnowOnly\a2c_naturecnn_depth_obstacle_weather_rainandfog_SnowOnly\a2c_naturecnn_depth_obstacle_weather_rainandfog_SnowOnly_positions.csv' did not travel at least 9 meters. Skipping.
2024-12-06 20:37:53,093 [INFO] Episode 95 in 'D:\Masters\Sem5\uavRL\inference_outputs\Trajectories\SnowOnly\a2c_naturecnn_depth_obstacle_weather_rainandfog_SnowOnly\a2c_naturecnn_depth_obstacle_weather_rainandfog_SnowOnly_positions.csv' did not travel at least 9 meters. Skipping.
2024-12-06 20:37:53,094 [INFO] Episode 97 in 'D:\Masters\Sem5\uavRL\inference_outputs\Trajectories\SnowOnly\a2c_naturecnn_depth_obstacle_weather_rainandfog_SnowOnly\a2c_naturecnn_depth_obstacle_weather_rainandfog_SnowOnly_positions.csv' did not travel at least 9 meters. Skipping.
2024-12-06 20:37:53,094 [INFO] Episode 99 in 'D:\Masters\Sem5\uavRL\inference_outputs\Trajectories\SnowOnly\a2c_naturecnn_depth_obstacle_weather_rainandfog_SnowOnly\a2c_naturecnn_depth_obstacle_weather_rainandfog_SnowOnly_positions.csv' did not travel at least 9 meters. Skipping.
2024-12-06 20:37:53,154 [INFO] Successfully read 'D:\Masters\Sem5\uavRL\inference_outputs\Trajectories\SnowOnly\a2c_naturecnn_depth_obstacle_weather_snowonly_SnowOnly\a2c_naturecnn_depth_obstacle_weather_snowonly_SnowOnly_positions.csv'.
2024-12-06 20:37:53,155 [INFO] Episode 3 in 'D:\Masters\Sem5\uavRL\inference_outputs\Trajectories\SnowOnly\a2c_naturecnn_depth_obstacle_weather_snowonly_SnowOnly\a2c_naturecnn_depth_obstacle_weather_snowonly_SnowOnly_positions.csv' did not travel at least 9 meters. Skipping.
2024-12-06 20:37:53,156 [INFO] Episode 7 in 'D:\Masters\Sem5\uavRL\inference_outputs\Trajectories\SnowOnly\a2c_naturecnn_depth_obstacle_weather_snowonly_SnowOnly\a2c_naturecnn_depth_obstacle_weather_snowonly_SnowOnly_positions.csv' did not travel at least 9 meters. Skipping.
2024-12-06 20:37:53,159 [INFO] Episode 10 in 'D:\Masters\Sem5\uavRL\inference_outputs\Trajectories\SnowOnly\a2c_naturecnn_depth_obstacle_weather_snowonly_SnowOnly\a2c_naturecnn_depth_obstacle_weather_snowonly_SnowOnly_positions.csv' did not travel at least 9 meters. Skipping.
2024-12-06 20:37:53,159 [INFO] Episode 11 in 'D:\Masters\Sem5\uavRL\inference_outputs\Trajectories\SnowOnly\a2c_naturecnn_depth_obstacle_weather_snowonly_SnowOnly\a2c_naturecnn_depth_obstacle_weather_snowonly_SnowOnly_positions.csv' did not travel at least 9 meters. Skipping.
2024-12-06 20:37:53,161 [INFO] Episode 14 in 'D:\Masters\Sem5\uavRL\inference_outputs\Trajectories\SnowOnly\a2c_naturecnn_depth_obstacle_weather_snowonly_SnowOnly\a2c_naturecnn_depth_obstacle_weather_snowonly_SnowOnly_positions.csv' did not travel at least 9 meters. Skipping.
2024-12-06 20:37:53,163 [INFO] Episode 18 in 'D:\Masters\Sem5\uavRL\inference_outputs\Trajectories\SnowOnly\a2c_naturecnn_depth_obstacle_weather_snowonly_SnowOnly\a2c_naturecnn_depth_obstacle_weather_snowonly_SnowOnly_positions.csv' did not travel at least 9 meters. Skipping.
2024-12-06 20:37:53,164 [INFO] Episode 23 in 'D:\Masters\Sem5\uavRL\inference_outputs\Trajectories\SnowOnly\a2c_naturecnn_depth_obstacle_weather_snowonly_SnowOnly\a2c_naturecnn_depth_obstacle_weather_snowonly_SnowOnly_positions.csv' did not travel at least 9 meters. Skipping.
2024-12-06 20:37:53,166 [INFO] Episode 27 in 'D:\Masters\Sem5\uavRL\inference_outputs\Trajectories\SnowOnly\a2c_naturecnn_depth_obstacle_weather_snowonly_SnowOnly\a2c_naturecnn_depth_obstacle_weather_snowonly_SnowOnly_positions.csv' did not travel at least 9 meters. Skipping.
2024-12-06 20:37:53,166 [INFO] Episode 28 in 'D:\Masters\Sem5\uavRL\inference_outputs\Trajectories\SnowOnly\a2c_naturecnn_depth_obstacle_weather_snowonly_SnowOnly\a2c_naturecnn_depth_obstacle_weather_snowonly_SnowOnly_positions.csv' did not travel at least 9 meters. Skipping.
2024-12-06 20:37:53,168 [INFO] Episode 30 in 'D:\Masters\Sem5\uavRL\inference_outputs\Trajectories\SnowOnly\a2c_naturecnn_depth_obstacle_weather_snowonly_SnowOnly\a2c_naturecnn_depth_obstacle_weather_snowonly_SnowOnly_positions.csv' did not travel at least 9 meters. Skipping.
2024-12-06 20:37:53,168 [INFO] Episode 31 in 'D:\Masters\Sem5\uavRL\inference_outputs\Trajectories\SnowOnly\a2c_naturecnn_depth_obstacle_weather_snowonly_SnowOnly\a2c_naturecnn_depth_obstacle_weather_snowonly_SnowOnly_positions.csv' did not travel at least 9 meters. Skipping.
2024-12-06 20:37:53,169 [INFO] Episode 32 in 'D:\Masters\Sem5\uavRL\inference_outputs\Trajectories\SnowOnly\a2c_naturecnn_depth_obstacle_weather_snowonly_SnowOnly\a2c_naturecnn_depth_obstacle_weather_snowonly_SnowOnly_positions.csv' did not travel at least 9 meters. Skipping.
2024-12-06 20:37:53,172 [INFO] Episode 42 in 'D:\Masters\Sem5\uavRL\inference_outputs\Trajectories\SnowOnly\a2c_naturecnn_depth_obstacle_weather_snowonly_SnowOnly\a2c_naturecnn_depth_obstacle_weather_snowonly_SnowOnly_positions.csv' did not travel at least 9 meters. Skipping.
2024-12-06 20:37:53,175 [INFO] Episode 47 in 'D:\Masters\Sem5\uavRL\inference_outputs\Trajectories\SnowOnly\a2c_naturecnn_depth_obstacle_weather_snowonly_SnowOnly\a2c_naturecnn_depth_obstacle_weather_snowonly_SnowOnly_positions.csv' did not travel at least 9 meters. Skipping.
2024-12-06 20:37:53,175 [INFO] Episode 48 in 'D:\Masters\Sem5\uavRL\inference_outputs\Trajectories\SnowOnly\a2c_naturecnn_depth_obstacle_weather_snowonly_SnowOnly\a2c_naturecnn_depth_obstacle_weather_snowonly_SnowOnly_positions.csv' did not travel at least 9 meters. Skipping.
2024-12-06 20:37:53,181 [INFO] Episode 62 in 'D:\Masters\Sem5\uavRL\inference_outputs\Trajectories\SnowOnly\a2c_naturecnn_depth_obstacle_weather_snowonly_SnowOnly\a2c_naturecnn_depth_obstacle_weather_snowonly_SnowOnly_positions.csv' did not travel at least 9 meters. Skipping.
2024-12-06 20:37:53,184 [INFO] Episode 74 in 'D:\Masters\Sem5\uavRL\inference_outputs\Trajectories\SnowOnly\a2c_naturecnn_depth_obstacle_weather_snowonly_SnowOnly\a2c_naturecnn_depth_obstacle_weather_snowonly_SnowOnly_positions.csv' did not travel at least 9 meters. Skipping.
2024-12-06 20:37:53,193 [INFO] Episode 91 in 'D:\Masters\Sem5\uavRL\inference_outputs\Trajectories\SnowOnly\a2c_naturecnn_depth_obstacle_weather_snowonly_SnowOnly\a2c_naturecnn_depth_obstacle_weather_snowonly_SnowOnly_positions.csv' did not travel at least 9 meters. Skipping.
2024-12-06 20:37:53,194 [INFO] Episode 92 in 'D:\Masters\Sem5\uavRL\inference_outputs\Trajectories\SnowOnly\a2c_naturecnn_depth_obstacle_weather_snowonly_SnowOnly\a2c_naturecnn_depth_obstacle_weather_snowonly_SnowOnly_positions.csv' did not travel at least 9 meters. Skipping.
2024-12-06 20:37:53,196 [INFO] Episode 94 in 'D:\Masters\Sem5\uavRL\inference_outputs\Trajectories\SnowOnly\a2c_naturecnn_depth_obstacle_weather_snowonly_SnowOnly\a2c_naturecnn_depth_obstacle_weather_snowonly_SnowOnly_positions.csv' did not travel at least 9 meters. Skipping.
2024-12-06 20:37:53,196 [INFO] Episode 96 in 'D:\Masters\Sem5\uavRL\inference_outputs\Trajectories\SnowOnly\a2c_naturecnn_depth_obstacle_weather_snowonly_SnowOnly\a2c_naturecnn_depth_obstacle_weather_snowonly_SnowOnly_positions.csv' did not travel at least 9 meters. Skipping.
2024-12-06 20:37:53,199 [INFO] Episode 100 in 'D:\Masters\Sem5\uavRL\inference_outputs\Trajectories\SnowOnly\a2c_naturecnn_depth_obstacle_weather_snowonly_SnowOnly\a2c_naturecnn_depth_obstacle_weather_snowonly_SnowOnly_positions.csv' did not travel at least 9 meters. Skipping.
2024-12-06 20:37:53,212 [INFO] Wall positions determined at: [3.7, 7.4, 11.100000000000001, 14.8, 18.5, 22.2]
2024-12-06 20:37:53,213 [INFO] Plotted mean trajectory from 'a2c_naturecnn_depth_SnowOnly_positions.csv' with color 'blue'.
2024-12-06 20:37:53,215 [INFO] Plotted mean trajectory from 'a2c_naturecnn_depth_obstacle_weather_leavesfalling_SnowOnly_positions.csv' with color 'green'.
2024-12-06 20:37:53,216 [INFO] Plotted mean trajectory from 'a2c_naturecnn_depth_obstacle_weather_rainandfog_SnowOnly_positions.csv' with color 'orange'.
2024-12-06 20:37:53,216 [INFO] Plotted mean trajectory from 'a2c_naturecnn_depth_obstacle_weather_snowonly_SnowOnly_positions.csv' with color 'purple'.
2024-12-06 20:37:53,273 [INFO] Added wall surface at X=3.7 with Trajectory Variations and Passages.
2024-12-06 20:37:53,332 [INFO] Added wall surface at X=7.4 with Trajectory Variations and Passages.
2024-12-06 20:37:53,392 [INFO] Added wall surface at X=11.100000000000001 with Trajectory Variations and Passages.
2024-12-06 20:37:53,448 [INFO] Added wall surface at X=14.8 with Trajectory Variations and Passages.
2024-12-06 20:37:53,506 [INFO] Added wall surface at X=18.5 with Trajectory Variations and Passages.
2024-12-06 20:37:53,510 [WARNING] No data near wall at X=22.2. Skipping hole creation.
2024-12-06 20:37:53,510 [INFO] Completed plotting walls and holes.
2024-12-06 20:37:53,686 [INFO] Similarity between 'a2c_naturecnn_depth_SnowOnly_positions.csv' and 'a2c_naturecnn_depth_obstacle_weather_leavesfalling_SnowOnly_positions.csv':
2024-12-06 20:37:53,687 [INFO]   - Cosine Similarity (Mean): 0.3982
2024-12-06 20:37:53,687 [INFO]   - Pearson Correlation (Mean): 0.7140
2024-12-06 20:37:53,687 [INFO]   - Normalized Cross-Correlation (Mean): 0.7140
2024-12-06 20:37:53,687 [INFO]   - Lag at Max NCC (Y): 0, (Z): 0
2024-12-06 20:37:53,698 [INFO] Similarity between 'a2c_naturecnn_depth_SnowOnly_positions.csv' and 'a2c_naturecnn_depth_obstacle_weather_rainandfog_SnowOnly_positions.csv':
2024-12-06 20:37:53,698 [INFO]   - Cosine Similarity (Mean): 0.8631
2024-12-06 20:37:53,699 [INFO]   - Pearson Correlation (Mean): 0.7190
2024-12-06 20:37:53,699 [INFO]   - Normalized Cross-Correlation (Mean): 0.7435
2024-12-06 20:37:53,699 [INFO]   - Lag at Max NCC (Y): 0, (Z): -6
2024-12-06 20:37:53,712 [INFO] Similarity between 'a2c_naturecnn_depth_SnowOnly_positions.csv' and 'a2c_naturecnn_depth_obstacle_weather_snowonly_SnowOnly_positions.csv':
2024-12-06 20:37:53,712 [INFO]   - Cosine Similarity (Mean): 0.6792
2024-12-06 20:37:53,712 [INFO]   - Pearson Correlation (Mean): 0.7323
2024-12-06 20:37:53,712 [INFO]   - Normalized Cross-Correlation (Mean): 0.7786
2024-12-06 20:37:53,713 [INFO]   - Lag at Max NCC (Y): 0, (Z): -17
2024-12-06 20:37:53,724 [INFO] Similarity between 'a2c_naturecnn_depth_obstacle_weather_leavesfalling_SnowOnly_positions.csv' and 'a2c_naturecnn_depth_obstacle_weather_rainandfog_SnowOnly_positions.csv':
2024-12-06 20:37:53,724 [INFO]   - Cosine Similarity (Mean): 0.5997
2024-12-06 20:37:53,724 [INFO]   - Pearson Correlation (Mean): 0.8800
2024-12-06 20:37:53,725 [INFO]   - Normalized Cross-Correlation (Mean): 0.8866
2024-12-06 20:37:53,725 [INFO]   - Lag at Max NCC (Y): -2, (Z): -2
2024-12-06 20:37:53,736 [INFO] Similarity between 'a2c_naturecnn_depth_obstacle_weather_leavesfalling_SnowOnly_positions.csv' and 'a2c_naturecnn_depth_obstacle_weather_snowonly_SnowOnly_positions.csv':
2024-12-06 20:37:53,737 [INFO]   - Cosine Similarity (Mean): 0.7914
2024-12-06 20:37:53,737 [INFO]   - Pearson Correlation (Mean): 0.8497
2024-12-06 20:37:53,737 [INFO]   - Normalized Cross-Correlation (Mean): 0.8497
2024-12-06 20:37:53,737 [INFO]   - Lag at Max NCC (Y): 0, (Z): 0
2024-12-06 20:37:53,749 [INFO] Similarity between 'a2c_naturecnn_depth_obstacle_weather_rainandfog_SnowOnly_positions.csv' and 'a2c_naturecnn_depth_obstacle_weather_snowonly_SnowOnly_positions.csv':
2024-12-06 20:37:53,750 [INFO]   - Cosine Similarity (Mean): 0.8454
2024-12-06 20:37:53,750 [INFO]   - Pearson Correlation (Mean): 0.8817
2024-12-06 20:37:53,750 [INFO]   - Normalized Cross-Correlation (Mean): 0.8879
2024-12-06 20:37:53,750 [INFO]   - Lag at Max NCC (Y): -1, (Z): -3
2024-12-06 20:37:54,192 [INFO] Cross-correlation plot saved as 'inference_outputs\Depth_A2C_SnowOnly_Variants\Depth_A2C_SnowOnly_Variants_cross_correlation_part1.png'.
2024-12-06 20:37:54,856 [INFO] Mean trajectories plotted and saved as 'inference_outputs\Depth_A2C_SnowOnly_Variants\Depth_A2C_SnowOnly_Variants_mean_trajectories.png'.
2024-12-06 20:37:54,865 [INFO] Similarity summary saved as 'inference_outputs\Depth_A2C_SnowOnly_Variants\Depth_A2C_SnowOnly_Variants_similarity_summary.csv'.
