2024-12-06 20:24:39,410 [INFO] Logging initialized for scenario: 'RGB_A2C_LeavesFalling_Variants'
2024-12-06 20:24:39,411 [INFO] Received command-line arguments: Scenario='RGB_A2C_LeavesFalling_Variants', Filenames=['D:\\Masters\\Sem5\\uavRL\\inference_outputs\\Trajectories\\LeavesFalling\\a2c_naturecnn_single_rgb_leavesFalling\\a2c_naturecnn_single_rgb_leavesFalling_positions.csv', 'D:\\Masters\\Sem5\\uavRL\\inference_outputs\\Trajectories\\LeavesFalling\\a2c_naturecnn_single_rgb_obstacle_weather_leavesfalling_leavesFalling\\a2c_naturecnn_single_rgb_obstacle_weather_leavesfalling_leavesFalling_positions.csv', 'D:\\Masters\\Sem5\\uavRL\\inference_outputs\\Trajectories\\LeavesFalling\\a2c_naturecnn_single_rgb_obstacle_weather_rainandfog_leavesFalling\\a2c_naturecnn_single_rgb_obstacle_weather_rainandfog_leavesFalling_positions.csv', 'D:\\Masters\\Sem5\\uavRL\\inference_outputs\\Trajectories\\LeavesFalling\\a2c_naturecnn_single_rgb_obstacle_weather_snowonly_leavesFalling\\a2c_naturecnn_single_rgb_obstacle_weather_snowonly_leavesFalling_positions.csv']
2024-12-06 20:24:39,411 [INFO] Starting to plot multiple mean trajectories.
2024-12-06 20:24:39,567 [INFO] Successfully read 'D:\Masters\Sem5\uavRL\inference_outputs\Trajectories\LeavesFalling\a2c_naturecnn_single_rgb_leavesFalling\a2c_naturecnn_single_rgb_leavesFalling_positions.csv'.
2024-12-06 20:24:39,569 [INFO] Episode 1 in 'D:\Masters\Sem5\uavRL\inference_outputs\Trajectories\LeavesFalling\a2c_naturecnn_single_rgb_leavesFalling\a2c_naturecnn_single_rgb_leavesFalling_positions.csv' did not travel at least 9 meters. Skipping.
2024-12-06 20:24:39,570 [INFO] Episode 3 in 'D:\Masters\Sem5\uavRL\inference_outputs\Trajectories\LeavesFalling\a2c_naturecnn_single_rgb_leavesFalling\a2c_naturecnn_single_rgb_leavesFalling_positions.csv' did not travel at least 9 meters. Skipping.
2024-12-06 20:24:39,571 [INFO] Episode 7 in 'D:\Masters\Sem5\uavRL\inference_outputs\Trajectories\LeavesFalling\a2c_naturecnn_single_rgb_leavesFalling\a2c_naturecnn_single_rgb_leavesFalling_positions.csv' did not travel at least 9 meters. Skipping.
2024-12-06 20:24:39,572 [INFO] Episode 8 in 'D:\Masters\Sem5\uavRL\inference_outputs\Trajectories\LeavesFalling\a2c_naturecnn_single_rgb_leavesFalling\a2c_naturecnn_single_rgb_leavesFalling_positions.csv' did not travel at least 9 meters. Skipping.
2024-12-06 20:24:39,572 [INFO] Episode 10 in 'D:\Masters\Sem5\uavRL\inference_outputs\Trajectories\LeavesFalling\a2c_naturecnn_single_rgb_leavesFalling\a2c_naturecnn_single_rgb_leavesFalling_positions.csv' did not travel at least 9 meters. Skipping.
2024-12-06 20:24:39,573 [INFO] Episode 11 in 'D:\Masters\Sem5\uavRL\inference_outputs\Trajectories\LeavesFalling\a2c_naturecnn_single_rgb_leavesFalling\a2c_naturecnn_single_rgb_leavesFalling_positions.csv' did not travel at least 9 meters. Skipping.
2024-12-06 20:24:39,574 [INFO] Episode 13 in 'D:\Masters\Sem5\uavRL\inference_outputs\Trajectories\LeavesFalling\a2c_naturecnn_single_rgb_leavesFalling\a2c_naturecnn_single_rgb_leavesFalling_positions.csv' did not travel at least 9 meters. Skipping.
2024-12-06 20:24:39,575 [INFO] Episode 16 in 'D:\Masters\Sem5\uavRL\inference_outputs\Trajectories\LeavesFalling\a2c_naturecnn_single_rgb_leavesFalling\a2c_naturecnn_single_rgb_leavesFalling_positions.csv' did not travel at least 9 meters. Skipping.
2024-12-06 20:24:39,575 [INFO] Episode 17 in 'D:\Masters\Sem5\uavRL\inference_outputs\Trajectories\LeavesFalling\a2c_naturecnn_single_rgb_leavesFalling\a2c_naturecnn_single_rgb_leavesFalling_positions.csv' did not travel at least 9 meters. Skipping.
2024-12-06 20:24:39,575 [INFO] Episode 18 in 'D:\Masters\Sem5\uavRL\inference_outputs\Trajectories\LeavesFalling\a2c_naturecnn_single_rgb_leavesFalling\a2c_naturecnn_single_rgb_leavesFalling_positions.csv' did not travel at least 9 meters. Skipping.
2024-12-06 20:24:39,577 [INFO] Episode 20 in 'D:\Masters\Sem5\uavRL\inference_outputs\Trajectories\LeavesFalling\a2c_naturecnn_single_rgb_leavesFalling\a2c_naturecnn_single_rgb_leavesFalling_positions.csv' did not travel at least 9 meters. Skipping.
2024-12-06 20:24:39,577 [INFO] Episode 22 in 'D:\Masters\Sem5\uavRL\inference_outputs\Trajectories\LeavesFalling\a2c_naturecnn_single_rgb_leavesFalling\a2c_naturecnn_single_rgb_leavesFalling_positions.csv' did not travel at least 9 meters. Skipping.
2024-12-06 20:24:39,578 [INFO] Episode 24 in 'D:\Masters\Sem5\uavRL\inference_outputs\Trajectories\LeavesFalling\a2c_naturecnn_single_rgb_leavesFalling\a2c_naturecnn_single_rgb_leavesFalling_positions.csv' did not travel at least 9 meters. Skipping.
2024-12-06 20:24:39,581 [INFO] Episode 27 in 'D:\Masters\Sem5\uavRL\inference_outputs\Trajectories\LeavesFalling\a2c_naturecnn_single_rgb_leavesFalling\a2c_naturecnn_single_rgb_leavesFalling_positions.csv' did not travel at least 9 meters. Skipping.
2024-12-06 20:24:39,581 [INFO] Episode 30 in 'D:\Masters\Sem5\uavRL\inference_outputs\Trajectories\LeavesFalling\a2c_naturecnn_single_rgb_leavesFalling\a2c_naturecnn_single_rgb_leavesFalling_positions.csv' did not travel at least 9 meters. Skipping.
2024-12-06 20:24:39,582 [INFO] Episode 33 in 'D:\Masters\Sem5\uavRL\inference_outputs\Trajectories\LeavesFalling\a2c_naturecnn_single_rgb_leavesFalling\a2c_naturecnn_single_rgb_leavesFalling_positions.csv' did not travel at least 9 meters. Skipping.
2024-12-06 20:24:39,583 [INFO] Episode 34 in 'D:\Masters\Sem5\uavRL\inference_outputs\Trajectories\LeavesFalling\a2c_naturecnn_single_rgb_leavesFalling\a2c_naturecnn_single_rgb_leavesFalling_positions.csv' did not travel at least 9 meters. Skipping.
2024-12-06 20:24:39,584 [INFO] Episode 38 in 'D:\Masters\Sem5\uavRL\inference_outputs\Trajectories\LeavesFalling\a2c_naturecnn_single_rgb_leavesFalling\a2c_naturecnn_single_rgb_leavesFalling_positions.csv' did not travel at least 9 meters. Skipping.
2024-12-06 20:24:39,585 [INFO] Episode 40 in 'D:\Masters\Sem5\uavRL\inference_outputs\Trajectories\LeavesFalling\a2c_naturecnn_single_rgb_leavesFalling\a2c_naturecnn_single_rgb_leavesFalling_positions.csv' did not travel at least 9 meters. Skipping.
2024-12-06 20:24:39,585 [INFO] Episode 41 in 'D:\Masters\Sem5\uavRL\inference_outputs\Trajectories\LeavesFalling\a2c_naturecnn_single_rgb_leavesFalling\a2c_naturecnn_single_rgb_leavesFalling_positions.csv' did not travel at least 9 meters. Skipping.
2024-12-06 20:24:39,587 [INFO] Episode 43 in 'D:\Masters\Sem5\uavRL\inference_outputs\Trajectories\LeavesFalling\a2c_naturecnn_single_rgb_leavesFalling\a2c_naturecnn_single_rgb_leavesFalling_positions.csv' did not travel at least 9 meters. Skipping.
2024-12-06 20:24:39,588 [INFO] Episode 45 in 'D:\Masters\Sem5\uavRL\inference_outputs\Trajectories\LeavesFalling\a2c_naturecnn_single_rgb_leavesFalling\a2c_naturecnn_single_rgb_leavesFalling_positions.csv' did not travel at least 9 meters. Skipping.
2024-12-06 20:24:39,588 [INFO] Episode 46 in 'D:\Masters\Sem5\uavRL\inference_outputs\Trajectories\LeavesFalling\a2c_naturecnn_single_rgb_leavesFalling\a2c_naturecnn_single_rgb_leavesFalling_positions.csv' did not travel at least 9 meters. Skipping.
2024-12-06 20:24:39,589 [INFO] Episode 47 in 'D:\Masters\Sem5\uavRL\inference_outputs\Trajectories\LeavesFalling\a2c_naturecnn_single_rgb_leavesFalling\a2c_naturecnn_single_rgb_leavesFalling_positions.csv' did not travel at least 9 meters. Skipping.
2024-12-06 20:24:39,589 [INFO] Episode 48 in 'D:\Masters\Sem5\uavRL\inference_outputs\Trajectories\LeavesFalling\a2c_naturecnn_single_rgb_leavesFalling\a2c_naturecnn_single_rgb_leavesFalling_positions.csv' did not travel at least 9 meters. Skipping.
2024-12-06 20:24:39,591 [INFO] Episode 53 in 'D:\Masters\Sem5\uavRL\inference_outputs\Trajectories\LeavesFalling\a2c_naturecnn_single_rgb_leavesFalling\a2c_naturecnn_single_rgb_leavesFalling_positions.csv' did not travel at least 9 meters. Skipping.
2024-12-06 20:24:39,592 [INFO] Episode 54 in 'D:\Masters\Sem5\uavRL\inference_outputs\Trajectories\LeavesFalling\a2c_naturecnn_single_rgb_leavesFalling\a2c_naturecnn_single_rgb_leavesFalling_positions.csv' did not travel at least 9 meters. Skipping.
2024-12-06 20:24:39,594 [INFO] Episode 58 in 'D:\Masters\Sem5\uavRL\inference_outputs\Trajectories\LeavesFalling\a2c_naturecnn_single_rgb_leavesFalling\a2c_naturecnn_single_rgb_leavesFalling_positions.csv' did not travel at least 9 meters. Skipping.
2024-12-06 20:24:39,595 [INFO] Episode 60 in 'D:\Masters\Sem5\uavRL\inference_outputs\Trajectories\LeavesFalling\a2c_naturecnn_single_rgb_leavesFalling\a2c_naturecnn_single_rgb_leavesFalling_positions.csv' did not travel at least 9 meters. Skipping.
2024-12-06 20:24:39,597 [INFO] Episode 62 in 'D:\Masters\Sem5\uavRL\inference_outputs\Trajectories\LeavesFalling\a2c_naturecnn_single_rgb_leavesFalling\a2c_naturecnn_single_rgb_leavesFalling_positions.csv' did not travel at least 9 meters. Skipping.
2024-12-06 20:24:39,598 [INFO] Episode 66 in 'D:\Masters\Sem5\uavRL\inference_outputs\Trajectories\LeavesFalling\a2c_naturecnn_single_rgb_leavesFalling\a2c_naturecnn_single_rgb_leavesFalling_positions.csv' did not travel at least 9 meters. Skipping.
2024-12-06 20:24:39,598 [INFO] Episode 67 in 'D:\Masters\Sem5\uavRL\inference_outputs\Trajectories\LeavesFalling\a2c_naturecnn_single_rgb_leavesFalling\a2c_naturecnn_single_rgb_leavesFalling_positions.csv' did not travel at least 9 meters. Skipping.
2024-12-06 20:24:39,600 [INFO] Episode 68 in 'D:\Masters\Sem5\uavRL\inference_outputs\Trajectories\LeavesFalling\a2c_naturecnn_single_rgb_leavesFalling\a2c_naturecnn_single_rgb_leavesFalling_positions.csv' did not travel at least 9 meters. Skipping.
2024-12-06 20:24:39,600 [INFO] Episode 72 in 'D:\Masters\Sem5\uavRL\inference_outputs\Trajectories\LeavesFalling\a2c_naturecnn_single_rgb_leavesFalling\a2c_naturecnn_single_rgb_leavesFalling_positions.csv' did not travel at least 9 meters. Skipping.
2024-12-06 20:24:39,601 [INFO] Episode 74 in 'D:\Masters\Sem5\uavRL\inference_outputs\Trajectories\LeavesFalling\a2c_naturecnn_single_rgb_leavesFalling\a2c_naturecnn_single_rgb_leavesFalling_positions.csv' did not travel at least 9 meters. Skipping.
2024-12-06 20:24:39,602 [INFO] Episode 76 in 'D:\Masters\Sem5\uavRL\inference_outputs\Trajectories\LeavesFalling\a2c_naturecnn_single_rgb_leavesFalling\a2c_naturecnn_single_rgb_leavesFalling_positions.csv' did not travel at least 9 meters. Skipping.
2024-12-06 20:24:39,603 [INFO] Episode 78 in 'D:\Masters\Sem5\uavRL\inference_outputs\Trajectories\LeavesFalling\a2c_naturecnn_single_rgb_leavesFalling\a2c_naturecnn_single_rgb_leavesFalling_positions.csv' did not travel at least 9 meters. Skipping.
2024-12-06 20:24:39,604 [INFO] Episode 79 in 'D:\Masters\Sem5\uavRL\inference_outputs\Trajectories\LeavesFalling\a2c_naturecnn_single_rgb_leavesFalling\a2c_naturecnn_single_rgb_leavesFalling_positions.csv' did not travel at least 9 meters. Skipping.
2024-12-06 20:24:39,604 [INFO] Episode 81 in 'D:\Masters\Sem5\uavRL\inference_outputs\Trajectories\LeavesFalling\a2c_naturecnn_single_rgb_leavesFalling\a2c_naturecnn_single_rgb_leavesFalling_positions.csv' did not travel at least 9 meters. Skipping.
2024-12-06 20:24:39,605 [INFO] Episode 83 in 'D:\Masters\Sem5\uavRL\inference_outputs\Trajectories\LeavesFalling\a2c_naturecnn_single_rgb_leavesFalling\a2c_naturecnn_single_rgb_leavesFalling_positions.csv' did not travel at least 9 meters. Skipping.
2024-12-06 20:24:39,607 [INFO] Episode 84 in 'D:\Masters\Sem5\uavRL\inference_outputs\Trajectories\LeavesFalling\a2c_naturecnn_single_rgb_leavesFalling\a2c_naturecnn_single_rgb_leavesFalling_positions.csv' did not travel at least 9 meters. Skipping.
2024-12-06 20:24:39,607 [INFO] Episode 85 in 'D:\Masters\Sem5\uavRL\inference_outputs\Trajectories\LeavesFalling\a2c_naturecnn_single_rgb_leavesFalling\a2c_naturecnn_single_rgb_leavesFalling_positions.csv' did not travel at least 9 meters. Skipping.
2024-12-06 20:24:39,607 [INFO] Episode 86 in 'D:\Masters\Sem5\uavRL\inference_outputs\Trajectories\LeavesFalling\a2c_naturecnn_single_rgb_leavesFalling\a2c_naturecnn_single_rgb_leavesFalling_positions.csv' did not travel at least 9 meters. Skipping.
2024-12-06 20:24:39,608 [INFO] Episode 89 in 'D:\Masters\Sem5\uavRL\inference_outputs\Trajectories\LeavesFalling\a2c_naturecnn_single_rgb_leavesFalling\a2c_naturecnn_single_rgb_leavesFalling_positions.csv' did not travel at least 9 meters. Skipping.
2024-12-06 20:24:39,609 [INFO] Episode 90 in 'D:\Masters\Sem5\uavRL\inference_outputs\Trajectories\LeavesFalling\a2c_naturecnn_single_rgb_leavesFalling\a2c_naturecnn_single_rgb_leavesFalling_positions.csv' did not travel at least 9 meters. Skipping.
2024-12-06 20:24:39,610 [INFO] Episode 91 in 'D:\Masters\Sem5\uavRL\inference_outputs\Trajectories\LeavesFalling\a2c_naturecnn_single_rgb_leavesFalling\a2c_naturecnn_single_rgb_leavesFalling_positions.csv' did not travel at least 9 meters. Skipping.
2024-12-06 20:24:39,611 [INFO] Episode 93 in 'D:\Masters\Sem5\uavRL\inference_outputs\Trajectories\LeavesFalling\a2c_naturecnn_single_rgb_leavesFalling\a2c_naturecnn_single_rgb_leavesFalling_positions.csv' did not travel at least 9 meters. Skipping.
2024-12-06 20:24:39,613 [INFO] Episode 99 in 'D:\Masters\Sem5\uavRL\inference_outputs\Trajectories\LeavesFalling\a2c_naturecnn_single_rgb_leavesFalling\a2c_naturecnn_single_rgb_leavesFalling_positions.csv' did not travel at least 9 meters. Skipping.
2024-12-06 20:24:39,625 [INFO] Successfully read 'D:\Masters\Sem5\uavRL\inference_outputs\Trajectories\LeavesFalling\a2c_naturecnn_single_rgb_obstacle_weather_leavesfalling_leavesFalling\a2c_naturecnn_single_rgb_obstacle_weather_leavesfalling_leavesFalling_positions.csv'.
2024-12-06 20:24:39,627 [INFO] Episode 1 in 'D:\Masters\Sem5\uavRL\inference_outputs\Trajectories\LeavesFalling\a2c_naturecnn_single_rgb_obstacle_weather_leavesfalling_leavesFalling\a2c_naturecnn_single_rgb_obstacle_weather_leavesfalling_leavesFalling_positions.csv' did not travel at least 9 meters. Skipping.
2024-12-06 20:24:39,628 [INFO] Episode 3 in 'D:\Masters\Sem5\uavRL\inference_outputs\Trajectories\LeavesFalling\a2c_naturecnn_single_rgb_obstacle_weather_leavesfalling_leavesFalling\a2c_naturecnn_single_rgb_obstacle_weather_leavesfalling_leavesFalling_positions.csv' did not travel at least 9 meters. Skipping.
2024-12-06 20:24:39,630 [INFO] Episode 6 in 'D:\Masters\Sem5\uavRL\inference_outputs\Trajectories\LeavesFalling\a2c_naturecnn_single_rgb_obstacle_weather_leavesfalling_leavesFalling\a2c_naturecnn_single_rgb_obstacle_weather_leavesfalling_leavesFalling_positions.csv' did not travel at least 9 meters. Skipping.
2024-12-06 20:24:39,630 [INFO] Episode 7 in 'D:\Masters\Sem5\uavRL\inference_outputs\Trajectories\LeavesFalling\a2c_naturecnn_single_rgb_obstacle_weather_leavesfalling_leavesFalling\a2c_naturecnn_single_rgb_obstacle_weather_leavesfalling_leavesFalling_positions.csv' did not travel at least 9 meters. Skipping.
2024-12-06 20:24:39,631 [INFO] Episode 8 in 'D:\Masters\Sem5\uavRL\inference_outputs\Trajectories\LeavesFalling\a2c_naturecnn_single_rgb_obstacle_weather_leavesfalling_leavesFalling\a2c_naturecnn_single_rgb_obstacle_weather_leavesfalling_leavesFalling_positions.csv' did not travel at least 9 meters. Skipping.
2024-12-06 20:24:39,633 [INFO] Episode 12 in 'D:\Masters\Sem5\uavRL\inference_outputs\Trajectories\LeavesFalling\a2c_naturecnn_single_rgb_obstacle_weather_leavesfalling_leavesFalling\a2c_naturecnn_single_rgb_obstacle_weather_leavesfalling_leavesFalling_positions.csv' did not travel at least 9 meters. Skipping.
2024-12-06 20:24:39,634 [INFO] Episode 15 in 'D:\Masters\Sem5\uavRL\inference_outputs\Trajectories\LeavesFalling\a2c_naturecnn_single_rgb_obstacle_weather_leavesfalling_leavesFalling\a2c_naturecnn_single_rgb_obstacle_weather_leavesfalling_leavesFalling_positions.csv' did not travel at least 9 meters. Skipping.
2024-12-06 20:24:39,635 [INFO] Episode 17 in 'D:\Masters\Sem5\uavRL\inference_outputs\Trajectories\LeavesFalling\a2c_naturecnn_single_rgb_obstacle_weather_leavesfalling_leavesFalling\a2c_naturecnn_single_rgb_obstacle_weather_leavesfalling_leavesFalling_positions.csv' did not travel at least 9 meters. Skipping.
2024-12-06 20:24:39,637 [INFO] Episode 24 in 'D:\Masters\Sem5\uavRL\inference_outputs\Trajectories\LeavesFalling\a2c_naturecnn_single_rgb_obstacle_weather_leavesfalling_leavesFalling\a2c_naturecnn_single_rgb_obstacle_weather_leavesfalling_leavesFalling_positions.csv' did not travel at least 9 meters. Skipping.
2024-12-06 20:24:39,637 [INFO] Episode 25 in 'D:\Masters\Sem5\uavRL\inference_outputs\Trajectories\LeavesFalling\a2c_naturecnn_single_rgb_obstacle_weather_leavesfalling_leavesFalling\a2c_naturecnn_single_rgb_obstacle_weather_leavesfalling_leavesFalling_positions.csv' did not travel at least 9 meters. Skipping.
2024-12-06 20:24:39,639 [INFO] Episode 27 in 'D:\Masters\Sem5\uavRL\inference_outputs\Trajectories\LeavesFalling\a2c_naturecnn_single_rgb_obstacle_weather_leavesfalling_leavesFalling\a2c_naturecnn_single_rgb_obstacle_weather_leavesfalling_leavesFalling_positions.csv' did not travel at least 9 meters. Skipping.
2024-12-06 20:24:39,640 [INFO] Episode 28 in 'D:\Masters\Sem5\uavRL\inference_outputs\Trajectories\LeavesFalling\a2c_naturecnn_single_rgb_obstacle_weather_leavesfalling_leavesFalling\a2c_naturecnn_single_rgb_obstacle_weather_leavesfalling_leavesFalling_positions.csv' did not travel at least 9 meters. Skipping.
2024-12-06 20:24:39,642 [INFO] Episode 34 in 'D:\Masters\Sem5\uavRL\inference_outputs\Trajectories\LeavesFalling\a2c_naturecnn_single_rgb_obstacle_weather_leavesfalling_leavesFalling\a2c_naturecnn_single_rgb_obstacle_weather_leavesfalling_leavesFalling_positions.csv' did not travel at least 9 meters. Skipping.
2024-12-06 20:24:39,642 [INFO] Episode 35 in 'D:\Masters\Sem5\uavRL\inference_outputs\Trajectories\LeavesFalling\a2c_naturecnn_single_rgb_obstacle_weather_leavesfalling_leavesFalling\a2c_naturecnn_single_rgb_obstacle_weather_leavesfalling_leavesFalling_positions.csv' did not travel at least 9 meters. Skipping.
2024-12-06 20:24:39,643 [INFO] Episode 37 in 'D:\Masters\Sem5\uavRL\inference_outputs\Trajectories\LeavesFalling\a2c_naturecnn_single_rgb_obstacle_weather_leavesfalling_leavesFalling\a2c_naturecnn_single_rgb_obstacle_weather_leavesfalling_leavesFalling_positions.csv' did not travel at least 9 meters. Skipping.
2024-12-06 20:24:39,646 [INFO] Episode 46 in 'D:\Masters\Sem5\uavRL\inference_outputs\Trajectories\LeavesFalling\a2c_naturecnn_single_rgb_obstacle_weather_leavesfalling_leavesFalling\a2c_naturecnn_single_rgb_obstacle_weather_leavesfalling_leavesFalling_positions.csv' did not travel at least 9 meters. Skipping.
2024-12-06 20:24:39,647 [INFO] Episode 47 in 'D:\Masters\Sem5\uavRL\inference_outputs\Trajectories\LeavesFalling\a2c_naturecnn_single_rgb_obstacle_weather_leavesfalling_leavesFalling\a2c_naturecnn_single_rgb_obstacle_weather_leavesfalling_leavesFalling_positions.csv' did not travel at least 9 meters. Skipping.
2024-12-06 20:24:39,649 [INFO] Episode 53 in 'D:\Masters\Sem5\uavRL\inference_outputs\Trajectories\LeavesFalling\a2c_naturecnn_single_rgb_obstacle_weather_leavesfalling_leavesFalling\a2c_naturecnn_single_rgb_obstacle_weather_leavesfalling_leavesFalling_positions.csv' did not travel at least 9 meters. Skipping.
2024-12-06 20:24:39,651 [INFO] Episode 61 in 'D:\Masters\Sem5\uavRL\inference_outputs\Trajectories\LeavesFalling\a2c_naturecnn_single_rgb_obstacle_weather_leavesfalling_leavesFalling\a2c_naturecnn_single_rgb_obstacle_weather_leavesfalling_leavesFalling_positions.csv' did not travel at least 9 meters. Skipping.
2024-12-06 20:24:39,652 [INFO] Episode 63 in 'D:\Masters\Sem5\uavRL\inference_outputs\Trajectories\LeavesFalling\a2c_naturecnn_single_rgb_obstacle_weather_leavesfalling_leavesFalling\a2c_naturecnn_single_rgb_obstacle_weather_leavesfalling_leavesFalling_positions.csv' did not travel at least 9 meters. Skipping.
2024-12-06 20:24:39,653 [INFO] Episode 65 in 'D:\Masters\Sem5\uavRL\inference_outputs\Trajectories\LeavesFalling\a2c_naturecnn_single_rgb_obstacle_weather_leavesfalling_leavesFalling\a2c_naturecnn_single_rgb_obstacle_weather_leavesfalling_leavesFalling_positions.csv' did not travel at least 9 meters. Skipping.
2024-12-06 20:24:39,654 [INFO] Episode 68 in 'D:\Masters\Sem5\uavRL\inference_outputs\Trajectories\LeavesFalling\a2c_naturecnn_single_rgb_obstacle_weather_leavesfalling_leavesFalling\a2c_naturecnn_single_rgb_obstacle_weather_leavesfalling_leavesFalling_positions.csv' did not travel at least 9 meters. Skipping.
2024-12-06 20:24:39,655 [INFO] Episode 69 in 'D:\Masters\Sem5\uavRL\inference_outputs\Trajectories\LeavesFalling\a2c_naturecnn_single_rgb_obstacle_weather_leavesfalling_leavesFalling\a2c_naturecnn_single_rgb_obstacle_weather_leavesfalling_leavesFalling_positions.csv' did not travel at least 9 meters. Skipping.
2024-12-06 20:24:39,657 [INFO] Episode 72 in 'D:\Masters\Sem5\uavRL\inference_outputs\Trajectories\LeavesFalling\a2c_naturecnn_single_rgb_obstacle_weather_leavesfalling_leavesFalling\a2c_naturecnn_single_rgb_obstacle_weather_leavesfalling_leavesFalling_positions.csv' did not travel at least 9 meters. Skipping.
2024-12-06 20:24:39,661 [INFO] Episode 81 in 'D:\Masters\Sem5\uavRL\inference_outputs\Trajectories\LeavesFalling\a2c_naturecnn_single_rgb_obstacle_weather_leavesfalling_leavesFalling\a2c_naturecnn_single_rgb_obstacle_weather_leavesfalling_leavesFalling_positions.csv' did not travel at least 9 meters. Skipping.
2024-12-06 20:24:39,662 [INFO] Episode 82 in 'D:\Masters\Sem5\uavRL\inference_outputs\Trajectories\LeavesFalling\a2c_naturecnn_single_rgb_obstacle_weather_leavesfalling_leavesFalling\a2c_naturecnn_single_rgb_obstacle_weather_leavesfalling_leavesFalling_positions.csv' did not travel at least 9 meters. Skipping.
2024-12-06 20:24:39,663 [INFO] Episode 85 in 'D:\Masters\Sem5\uavRL\inference_outputs\Trajectories\LeavesFalling\a2c_naturecnn_single_rgb_obstacle_weather_leavesfalling_leavesFalling\a2c_naturecnn_single_rgb_obstacle_weather_leavesfalling_leavesFalling_positions.csv' did not travel at least 9 meters. Skipping.
2024-12-06 20:24:39,665 [INFO] Episode 87 in 'D:\Masters\Sem5\uavRL\inference_outputs\Trajectories\LeavesFalling\a2c_naturecnn_single_rgb_obstacle_weather_leavesfalling_leavesFalling\a2c_naturecnn_single_rgb_obstacle_weather_leavesfalling_leavesFalling_positions.csv' did not travel at least 9 meters. Skipping.
2024-12-06 20:24:39,666 [INFO] Episode 90 in 'D:\Masters\Sem5\uavRL\inference_outputs\Trajectories\LeavesFalling\a2c_naturecnn_single_rgb_obstacle_weather_leavesfalling_leavesFalling\a2c_naturecnn_single_rgb_obstacle_weather_leavesfalling_leavesFalling_positions.csv' did not travel at least 9 meters. Skipping.
2024-12-06 20:24:39,672 [INFO] Episode 95 in 'D:\Masters\Sem5\uavRL\inference_outputs\Trajectories\LeavesFalling\a2c_naturecnn_single_rgb_obstacle_weather_leavesfalling_leavesFalling\a2c_naturecnn_single_rgb_obstacle_weather_leavesfalling_leavesFalling_positions.csv' did not travel at least 9 meters. Skipping.
2024-12-06 20:24:39,674 [INFO] Episode 97 in 'D:\Masters\Sem5\uavRL\inference_outputs\Trajectories\LeavesFalling\a2c_naturecnn_single_rgb_obstacle_weather_leavesfalling_leavesFalling\a2c_naturecnn_single_rgb_obstacle_weather_leavesfalling_leavesFalling_positions.csv' did not travel at least 9 meters. Skipping.
2024-12-06 20:24:39,675 [INFO] Episode 99 in 'D:\Masters\Sem5\uavRL\inference_outputs\Trajectories\LeavesFalling\a2c_naturecnn_single_rgb_obstacle_weather_leavesfalling_leavesFalling\a2c_naturecnn_single_rgb_obstacle_weather_leavesfalling_leavesFalling_positions.csv' did not travel at least 9 meters. Skipping.
2024-12-06 20:24:39,690 [INFO] Successfully read 'D:\Masters\Sem5\uavRL\inference_outputs\Trajectories\LeavesFalling\a2c_naturecnn_single_rgb_obstacle_weather_rainandfog_leavesFalling\a2c_naturecnn_single_rgb_obstacle_weather_rainandfog_leavesFalling_positions.csv'.
2024-12-06 20:24:39,692 [INFO] Episode 1 in 'D:\Masters\Sem5\uavRL\inference_outputs\Trajectories\LeavesFalling\a2c_naturecnn_single_rgb_obstacle_weather_rainandfog_leavesFalling\a2c_naturecnn_single_rgb_obstacle_weather_rainandfog_leavesFalling_positions.csv' did not travel at least 9 meters. Skipping.
2024-12-06 20:24:39,693 [INFO] Episode 3 in 'D:\Masters\Sem5\uavRL\inference_outputs\Trajectories\LeavesFalling\a2c_naturecnn_single_rgb_obstacle_weather_rainandfog_leavesFalling\a2c_naturecnn_single_rgb_obstacle_weather_rainandfog_leavesFalling_positions.csv' did not travel at least 9 meters. Skipping.
2024-12-06 20:24:39,694 [INFO] Episode 5 in 'D:\Masters\Sem5\uavRL\inference_outputs\Trajectories\LeavesFalling\a2c_naturecnn_single_rgb_obstacle_weather_rainandfog_leavesFalling\a2c_naturecnn_single_rgb_obstacle_weather_rainandfog_leavesFalling_positions.csv' did not travel at least 9 meters. Skipping.
2024-12-06 20:24:39,695 [INFO] Episode 6 in 'D:\Masters\Sem5\uavRL\inference_outputs\Trajectories\LeavesFalling\a2c_naturecnn_single_rgb_obstacle_weather_rainandfog_leavesFalling\a2c_naturecnn_single_rgb_obstacle_weather_rainandfog_leavesFalling_positions.csv' did not travel at least 9 meters. Skipping.
2024-12-06 20:24:39,695 [INFO] Episode 7 in 'D:\Masters\Sem5\uavRL\inference_outputs\Trajectories\LeavesFalling\a2c_naturecnn_single_rgb_obstacle_weather_rainandfog_leavesFalling\a2c_naturecnn_single_rgb_obstacle_weather_rainandfog_leavesFalling_positions.csv' did not travel at least 9 meters. Skipping.
2024-12-06 20:24:39,696 [INFO] Episode 8 in 'D:\Masters\Sem5\uavRL\inference_outputs\Trajectories\LeavesFalling\a2c_naturecnn_single_rgb_obstacle_weather_rainandfog_leavesFalling\a2c_naturecnn_single_rgb_obstacle_weather_rainandfog_leavesFalling_positions.csv' did not travel at least 9 meters. Skipping.
2024-12-06 20:24:39,697 [INFO] Episode 11 in 'D:\Masters\Sem5\uavRL\inference_outputs\Trajectories\LeavesFalling\a2c_naturecnn_single_rgb_obstacle_weather_rainandfog_leavesFalling\a2c_naturecnn_single_rgb_obstacle_weather_rainandfog_leavesFalling_positions.csv' did not travel at least 9 meters. Skipping.
2024-12-06 20:24:39,697 [INFO] Episode 12 in 'D:\Masters\Sem5\uavRL\inference_outputs\Trajectories\LeavesFalling\a2c_naturecnn_single_rgb_obstacle_weather_rainandfog_leavesFalling\a2c_naturecnn_single_rgb_obstacle_weather_rainandfog_leavesFalling_positions.csv' did not travel at least 9 meters. Skipping.
2024-12-06 20:24:39,697 [INFO] Episode 13 in 'D:\Masters\Sem5\uavRL\inference_outputs\Trajectories\LeavesFalling\a2c_naturecnn_single_rgb_obstacle_weather_rainandfog_leavesFalling\a2c_naturecnn_single_rgb_obstacle_weather_rainandfog_leavesFalling_positions.csv' did not travel at least 9 meters. Skipping.
2024-12-06 20:24:39,698 [INFO] Episode 15 in 'D:\Masters\Sem5\uavRL\inference_outputs\Trajectories\LeavesFalling\a2c_naturecnn_single_rgb_obstacle_weather_rainandfog_leavesFalling\a2c_naturecnn_single_rgb_obstacle_weather_rainandfog_leavesFalling_positions.csv' did not travel at least 9 meters. Skipping.
2024-12-06 20:24:39,699 [INFO] Episode 16 in 'D:\Masters\Sem5\uavRL\inference_outputs\Trajectories\LeavesFalling\a2c_naturecnn_single_rgb_obstacle_weather_rainandfog_leavesFalling\a2c_naturecnn_single_rgb_obstacle_weather_rainandfog_leavesFalling_positions.csv' did not travel at least 9 meters. Skipping.
2024-12-06 20:24:39,699 [INFO] Episode 17 in 'D:\Masters\Sem5\uavRL\inference_outputs\Trajectories\LeavesFalling\a2c_naturecnn_single_rgb_obstacle_weather_rainandfog_leavesFalling\a2c_naturecnn_single_rgb_obstacle_weather_rainandfog_leavesFalling_positions.csv' did not travel at least 9 meters. Skipping.
2024-12-06 20:24:39,702 [INFO] Episode 21 in 'D:\Masters\Sem5\uavRL\inference_outputs\Trajectories\LeavesFalling\a2c_naturecnn_single_rgb_obstacle_weather_rainandfog_leavesFalling\a2c_naturecnn_single_rgb_obstacle_weather_rainandfog_leavesFalling_positions.csv' did not travel at least 9 meters. Skipping.
2024-12-06 20:24:39,703 [INFO] Episode 22 in 'D:\Masters\Sem5\uavRL\inference_outputs\Trajectories\LeavesFalling\a2c_naturecnn_single_rgb_obstacle_weather_rainandfog_leavesFalling\a2c_naturecnn_single_rgb_obstacle_weather_rainandfog_leavesFalling_positions.csv' did not travel at least 9 meters. Skipping.
2024-12-06 20:24:39,704 [INFO] Episode 24 in 'D:\Masters\Sem5\uavRL\inference_outputs\Trajectories\LeavesFalling\a2c_naturecnn_single_rgb_obstacle_weather_rainandfog_leavesFalling\a2c_naturecnn_single_rgb_obstacle_weather_rainandfog_leavesFalling_positions.csv' did not travel at least 9 meters. Skipping.
2024-12-06 20:24:39,705 [INFO] Episode 25 in 'D:\Masters\Sem5\uavRL\inference_outputs\Trajectories\LeavesFalling\a2c_naturecnn_single_rgb_obstacle_weather_rainandfog_leavesFalling\a2c_naturecnn_single_rgb_obstacle_weather_rainandfog_leavesFalling_positions.csv' did not travel at least 9 meters. Skipping.
2024-12-06 20:24:39,707 [INFO] Episode 27 in 'D:\Masters\Sem5\uavRL\inference_outputs\Trajectories\LeavesFalling\a2c_naturecnn_single_rgb_obstacle_weather_rainandfog_leavesFalling\a2c_naturecnn_single_rgb_obstacle_weather_rainandfog_leavesFalling_positions.csv' did not travel at least 9 meters. Skipping.
2024-12-06 20:24:39,708 [INFO] Episode 29 in 'D:\Masters\Sem5\uavRL\inference_outputs\Trajectories\LeavesFalling\a2c_naturecnn_single_rgb_obstacle_weather_rainandfog_leavesFalling\a2c_naturecnn_single_rgb_obstacle_weather_rainandfog_leavesFalling_positions.csv' did not travel at least 9 meters. Skipping.
2024-12-06 20:24:39,709 [INFO] Episode 31 in 'D:\Masters\Sem5\uavRL\inference_outputs\Trajectories\LeavesFalling\a2c_naturecnn_single_rgb_obstacle_weather_rainandfog_leavesFalling\a2c_naturecnn_single_rgb_obstacle_weather_rainandfog_leavesFalling_positions.csv' did not travel at least 9 meters. Skipping.
2024-12-06 20:24:39,709 [INFO] Episode 32 in 'D:\Masters\Sem5\uavRL\inference_outputs\Trajectories\LeavesFalling\a2c_naturecnn_single_rgb_obstacle_weather_rainandfog_leavesFalling\a2c_naturecnn_single_rgb_obstacle_weather_rainandfog_leavesFalling_positions.csv' did not travel at least 9 meters. Skipping.
2024-12-06 20:24:39,710 [INFO] Episode 33 in 'D:\Masters\Sem5\uavRL\inference_outputs\Trajectories\LeavesFalling\a2c_naturecnn_single_rgb_obstacle_weather_rainandfog_leavesFalling\a2c_naturecnn_single_rgb_obstacle_weather_rainandfog_leavesFalling_positions.csv' did not travel at least 9 meters. Skipping.
2024-12-06 20:24:39,711 [INFO] Episode 35 in 'D:\Masters\Sem5\uavRL\inference_outputs\Trajectories\LeavesFalling\a2c_naturecnn_single_rgb_obstacle_weather_rainandfog_leavesFalling\a2c_naturecnn_single_rgb_obstacle_weather_rainandfog_leavesFalling_positions.csv' did not travel at least 9 meters. Skipping.
2024-12-06 20:24:39,712 [INFO] Episode 36 in 'D:\Masters\Sem5\uavRL\inference_outputs\Trajectories\LeavesFalling\a2c_naturecnn_single_rgb_obstacle_weather_rainandfog_leavesFalling\a2c_naturecnn_single_rgb_obstacle_weather_rainandfog_leavesFalling_positions.csv' did not travel at least 9 meters. Skipping.
2024-12-06 20:24:39,713 [INFO] Episode 39 in 'D:\Masters\Sem5\uavRL\inference_outputs\Trajectories\LeavesFalling\a2c_naturecnn_single_rgb_obstacle_weather_rainandfog_leavesFalling\a2c_naturecnn_single_rgb_obstacle_weather_rainandfog_leavesFalling_positions.csv' did not travel at least 9 meters. Skipping.
2024-12-06 20:24:39,713 [INFO] Episode 40 in 'D:\Masters\Sem5\uavRL\inference_outputs\Trajectories\LeavesFalling\a2c_naturecnn_single_rgb_obstacle_weather_rainandfog_leavesFalling\a2c_naturecnn_single_rgb_obstacle_weather_rainandfog_leavesFalling_positions.csv' did not travel at least 9 meters. Skipping.
2024-12-06 20:24:39,713 [INFO] Episode 41 in 'D:\Masters\Sem5\uavRL\inference_outputs\Trajectories\LeavesFalling\a2c_naturecnn_single_rgb_obstacle_weather_rainandfog_leavesFalling\a2c_naturecnn_single_rgb_obstacle_weather_rainandfog_leavesFalling_positions.csv' did not travel at least 9 meters. Skipping.
2024-12-06 20:24:39,715 [INFO] Episode 44 in 'D:\Masters\Sem5\uavRL\inference_outputs\Trajectories\LeavesFalling\a2c_naturecnn_single_rgb_obstacle_weather_rainandfog_leavesFalling\a2c_naturecnn_single_rgb_obstacle_weather_rainandfog_leavesFalling_positions.csv' did not travel at least 9 meters. Skipping.
2024-12-06 20:24:39,715 [INFO] Episode 45 in 'D:\Masters\Sem5\uavRL\inference_outputs\Trajectories\LeavesFalling\a2c_naturecnn_single_rgb_obstacle_weather_rainandfog_leavesFalling\a2c_naturecnn_single_rgb_obstacle_weather_rainandfog_leavesFalling_positions.csv' did not travel at least 9 meters. Skipping.
2024-12-06 20:24:39,715 [INFO] Episode 46 in 'D:\Masters\Sem5\uavRL\inference_outputs\Trajectories\LeavesFalling\a2c_naturecnn_single_rgb_obstacle_weather_rainandfog_leavesFalling\a2c_naturecnn_single_rgb_obstacle_weather_rainandfog_leavesFalling_positions.csv' did not travel at least 9 meters. Skipping.
2024-12-06 20:24:39,717 [INFO] Episode 47 in 'D:\Masters\Sem5\uavRL\inference_outputs\Trajectories\LeavesFalling\a2c_naturecnn_single_rgb_obstacle_weather_rainandfog_leavesFalling\a2c_naturecnn_single_rgb_obstacle_weather_rainandfog_leavesFalling_positions.csv' did not travel at least 9 meters. Skipping.
2024-12-06 20:24:39,717 [INFO] Episode 48 in 'D:\Masters\Sem5\uavRL\inference_outputs\Trajectories\LeavesFalling\a2c_naturecnn_single_rgb_obstacle_weather_rainandfog_leavesFalling\a2c_naturecnn_single_rgb_obstacle_weather_rainandfog_leavesFalling_positions.csv' did not travel at least 9 meters. Skipping.
2024-12-06 20:24:39,718 [INFO] Episode 50 in 'D:\Masters\Sem5\uavRL\inference_outputs\Trajectories\LeavesFalling\a2c_naturecnn_single_rgb_obstacle_weather_rainandfog_leavesFalling\a2c_naturecnn_single_rgb_obstacle_weather_rainandfog_leavesFalling_positions.csv' did not travel at least 9 meters. Skipping.
2024-12-06 20:24:39,719 [INFO] Episode 52 in 'D:\Masters\Sem5\uavRL\inference_outputs\Trajectories\LeavesFalling\a2c_naturecnn_single_rgb_obstacle_weather_rainandfog_leavesFalling\a2c_naturecnn_single_rgb_obstacle_weather_rainandfog_leavesFalling_positions.csv' did not travel at least 9 meters. Skipping.
2024-12-06 20:24:39,720 [INFO] Episode 54 in 'D:\Masters\Sem5\uavRL\inference_outputs\Trajectories\LeavesFalling\a2c_naturecnn_single_rgb_obstacle_weather_rainandfog_leavesFalling\a2c_naturecnn_single_rgb_obstacle_weather_rainandfog_leavesFalling_positions.csv' did not travel at least 9 meters. Skipping.
2024-12-06 20:24:39,721 [INFO] Episode 55 in 'D:\Masters\Sem5\uavRL\inference_outputs\Trajectories\LeavesFalling\a2c_naturecnn_single_rgb_obstacle_weather_rainandfog_leavesFalling\a2c_naturecnn_single_rgb_obstacle_weather_rainandfog_leavesFalling_positions.csv' did not travel at least 9 meters. Skipping.
2024-12-06 20:24:39,722 [INFO] Episode 59 in 'D:\Masters\Sem5\uavRL\inference_outputs\Trajectories\LeavesFalling\a2c_naturecnn_single_rgb_obstacle_weather_rainandfog_leavesFalling\a2c_naturecnn_single_rgb_obstacle_weather_rainandfog_leavesFalling_positions.csv' did not travel at least 9 meters. Skipping.
2024-12-06 20:24:39,723 [INFO] Episode 60 in 'D:\Masters\Sem5\uavRL\inference_outputs\Trajectories\LeavesFalling\a2c_naturecnn_single_rgb_obstacle_weather_rainandfog_leavesFalling\a2c_naturecnn_single_rgb_obstacle_weather_rainandfog_leavesFalling_positions.csv' did not travel at least 9 meters. Skipping.
2024-12-06 20:24:39,724 [INFO] Episode 63 in 'D:\Masters\Sem5\uavRL\inference_outputs\Trajectories\LeavesFalling\a2c_naturecnn_single_rgb_obstacle_weather_rainandfog_leavesFalling\a2c_naturecnn_single_rgb_obstacle_weather_rainandfog_leavesFalling_positions.csv' did not travel at least 9 meters. Skipping.
2024-12-06 20:24:39,724 [INFO] Episode 64 in 'D:\Masters\Sem5\uavRL\inference_outputs\Trajectories\LeavesFalling\a2c_naturecnn_single_rgb_obstacle_weather_rainandfog_leavesFalling\a2c_naturecnn_single_rgb_obstacle_weather_rainandfog_leavesFalling_positions.csv' did not travel at least 9 meters. Skipping.
2024-12-06 20:24:39,724 [INFO] Episode 65 in 'D:\Masters\Sem5\uavRL\inference_outputs\Trajectories\LeavesFalling\a2c_naturecnn_single_rgb_obstacle_weather_rainandfog_leavesFalling\a2c_naturecnn_single_rgb_obstacle_weather_rainandfog_leavesFalling_positions.csv' did not travel at least 9 meters. Skipping.
2024-12-06 20:24:39,726 [INFO] Episode 66 in 'D:\Masters\Sem5\uavRL\inference_outputs\Trajectories\LeavesFalling\a2c_naturecnn_single_rgb_obstacle_weather_rainandfog_leavesFalling\a2c_naturecnn_single_rgb_obstacle_weather_rainandfog_leavesFalling_positions.csv' did not travel at least 9 meters. Skipping.
2024-12-06 20:24:39,726 [INFO] Episode 68 in 'D:\Masters\Sem5\uavRL\inference_outputs\Trajectories\LeavesFalling\a2c_naturecnn_single_rgb_obstacle_weather_rainandfog_leavesFalling\a2c_naturecnn_single_rgb_obstacle_weather_rainandfog_leavesFalling_positions.csv' did not travel at least 9 meters. Skipping.
2024-12-06 20:24:39,727 [INFO] Episode 69 in 'D:\Masters\Sem5\uavRL\inference_outputs\Trajectories\LeavesFalling\a2c_naturecnn_single_rgb_obstacle_weather_rainandfog_leavesFalling\a2c_naturecnn_single_rgb_obstacle_weather_rainandfog_leavesFalling_positions.csv' did not travel at least 9 meters. Skipping.
2024-12-06 20:24:39,728 [INFO] Episode 70 in 'D:\Masters\Sem5\uavRL\inference_outputs\Trajectories\LeavesFalling\a2c_naturecnn_single_rgb_obstacle_weather_rainandfog_leavesFalling\a2c_naturecnn_single_rgb_obstacle_weather_rainandfog_leavesFalling_positions.csv' did not travel at least 9 meters. Skipping.
2024-12-06 20:24:39,728 [INFO] Episode 72 in 'D:\Masters\Sem5\uavRL\inference_outputs\Trajectories\LeavesFalling\a2c_naturecnn_single_rgb_obstacle_weather_rainandfog_leavesFalling\a2c_naturecnn_single_rgb_obstacle_weather_rainandfog_leavesFalling_positions.csv' did not travel at least 9 meters. Skipping.
2024-12-06 20:24:39,729 [INFO] Episode 75 in 'D:\Masters\Sem5\uavRL\inference_outputs\Trajectories\LeavesFalling\a2c_naturecnn_single_rgb_obstacle_weather_rainandfog_leavesFalling\a2c_naturecnn_single_rgb_obstacle_weather_rainandfog_leavesFalling_positions.csv' did not travel at least 9 meters. Skipping.
2024-12-06 20:24:39,731 [INFO] Episode 76 in 'D:\Masters\Sem5\uavRL\inference_outputs\Trajectories\LeavesFalling\a2c_naturecnn_single_rgb_obstacle_weather_rainandfog_leavesFalling\a2c_naturecnn_single_rgb_obstacle_weather_rainandfog_leavesFalling_positions.csv' did not travel at least 9 meters. Skipping.
2024-12-06 20:24:39,731 [INFO] Episode 77 in 'D:\Masters\Sem5\uavRL\inference_outputs\Trajectories\LeavesFalling\a2c_naturecnn_single_rgb_obstacle_weather_rainandfog_leavesFalling\a2c_naturecnn_single_rgb_obstacle_weather_rainandfog_leavesFalling_positions.csv' did not travel at least 9 meters. Skipping.
2024-12-06 20:24:39,732 [INFO] Episode 78 in 'D:\Masters\Sem5\uavRL\inference_outputs\Trajectories\LeavesFalling\a2c_naturecnn_single_rgb_obstacle_weather_rainandfog_leavesFalling\a2c_naturecnn_single_rgb_obstacle_weather_rainandfog_leavesFalling_positions.csv' did not travel at least 9 meters. Skipping.
2024-12-06 20:24:39,732 [INFO] Episode 79 in 'D:\Masters\Sem5\uavRL\inference_outputs\Trajectories\LeavesFalling\a2c_naturecnn_single_rgb_obstacle_weather_rainandfog_leavesFalling\a2c_naturecnn_single_rgb_obstacle_weather_rainandfog_leavesFalling_positions.csv' did not travel at least 9 meters. Skipping.
2024-12-06 20:24:39,732 [INFO] Episode 80 in 'D:\Masters\Sem5\uavRL\inference_outputs\Trajectories\LeavesFalling\a2c_naturecnn_single_rgb_obstacle_weather_rainandfog_leavesFalling\a2c_naturecnn_single_rgb_obstacle_weather_rainandfog_leavesFalling_positions.csv' did not travel at least 9 meters. Skipping.
2024-12-06 20:24:39,733 [INFO] Episode 81 in 'D:\Masters\Sem5\uavRL\inference_outputs\Trajectories\LeavesFalling\a2c_naturecnn_single_rgb_obstacle_weather_rainandfog_leavesFalling\a2c_naturecnn_single_rgb_obstacle_weather_rainandfog_leavesFalling_positions.csv' did not travel at least 9 meters. Skipping.
2024-12-06 20:24:39,734 [INFO] Episode 82 in 'D:\Masters\Sem5\uavRL\inference_outputs\Trajectories\LeavesFalling\a2c_naturecnn_single_rgb_obstacle_weather_rainandfog_leavesFalling\a2c_naturecnn_single_rgb_obstacle_weather_rainandfog_leavesFalling_positions.csv' did not travel at least 9 meters. Skipping.
2024-12-06 20:24:39,734 [INFO] Episode 84 in 'D:\Masters\Sem5\uavRL\inference_outputs\Trajectories\LeavesFalling\a2c_naturecnn_single_rgb_obstacle_weather_rainandfog_leavesFalling\a2c_naturecnn_single_rgb_obstacle_weather_rainandfog_leavesFalling_positions.csv' did not travel at least 9 meters. Skipping.
2024-12-06 20:24:39,736 [INFO] Episode 85 in 'D:\Masters\Sem5\uavRL\inference_outputs\Trajectories\LeavesFalling\a2c_naturecnn_single_rgb_obstacle_weather_rainandfog_leavesFalling\a2c_naturecnn_single_rgb_obstacle_weather_rainandfog_leavesFalling_positions.csv' did not travel at least 9 meters. Skipping.
2024-12-06 20:24:39,736 [INFO] Episode 86 in 'D:\Masters\Sem5\uavRL\inference_outputs\Trajectories\LeavesFalling\a2c_naturecnn_single_rgb_obstacle_weather_rainandfog_leavesFalling\a2c_naturecnn_single_rgb_obstacle_weather_rainandfog_leavesFalling_positions.csv' did not travel at least 9 meters. Skipping.
2024-12-06 20:24:39,737 [INFO] Episode 87 in 'D:\Masters\Sem5\uavRL\inference_outputs\Trajectories\LeavesFalling\a2c_naturecnn_single_rgb_obstacle_weather_rainandfog_leavesFalling\a2c_naturecnn_single_rgb_obstacle_weather_rainandfog_leavesFalling_positions.csv' did not travel at least 9 meters. Skipping.
2024-12-06 20:24:39,737 [INFO] Episode 88 in 'D:\Masters\Sem5\uavRL\inference_outputs\Trajectories\LeavesFalling\a2c_naturecnn_single_rgb_obstacle_weather_rainandfog_leavesFalling\a2c_naturecnn_single_rgb_obstacle_weather_rainandfog_leavesFalling_positions.csv' did not travel at least 9 meters. Skipping.
2024-12-06 20:24:39,738 [INFO] Episode 90 in 'D:\Masters\Sem5\uavRL\inference_outputs\Trajectories\LeavesFalling\a2c_naturecnn_single_rgb_obstacle_weather_rainandfog_leavesFalling\a2c_naturecnn_single_rgb_obstacle_weather_rainandfog_leavesFalling_positions.csv' did not travel at least 9 meters. Skipping.
2024-12-06 20:24:39,738 [INFO] Episode 92 in 'D:\Masters\Sem5\uavRL\inference_outputs\Trajectories\LeavesFalling\a2c_naturecnn_single_rgb_obstacle_weather_rainandfog_leavesFalling\a2c_naturecnn_single_rgb_obstacle_weather_rainandfog_leavesFalling_positions.csv' did not travel at least 9 meters. Skipping.
2024-12-06 20:24:39,739 [INFO] Episode 93 in 'D:\Masters\Sem5\uavRL\inference_outputs\Trajectories\LeavesFalling\a2c_naturecnn_single_rgb_obstacle_weather_rainandfog_leavesFalling\a2c_naturecnn_single_rgb_obstacle_weather_rainandfog_leavesFalling_positions.csv' did not travel at least 9 meters. Skipping.
2024-12-06 20:24:39,741 [INFO] Episode 94 in 'D:\Masters\Sem5\uavRL\inference_outputs\Trajectories\LeavesFalling\a2c_naturecnn_single_rgb_obstacle_weather_rainandfog_leavesFalling\a2c_naturecnn_single_rgb_obstacle_weather_rainandfog_leavesFalling_positions.csv' did not travel at least 9 meters. Skipping.
2024-12-06 20:24:39,741 [INFO] Episode 96 in 'D:\Masters\Sem5\uavRL\inference_outputs\Trajectories\LeavesFalling\a2c_naturecnn_single_rgb_obstacle_weather_rainandfog_leavesFalling\a2c_naturecnn_single_rgb_obstacle_weather_rainandfog_leavesFalling_positions.csv' did not travel at least 9 meters. Skipping.
2024-12-06 20:24:39,742 [INFO] Episode 97 in 'D:\Masters\Sem5\uavRL\inference_outputs\Trajectories\LeavesFalling\a2c_naturecnn_single_rgb_obstacle_weather_rainandfog_leavesFalling\a2c_naturecnn_single_rgb_obstacle_weather_rainandfog_leavesFalling_positions.csv' did not travel at least 9 meters. Skipping.
2024-12-06 20:24:39,743 [INFO] Episode 98 in 'D:\Masters\Sem5\uavRL\inference_outputs\Trajectories\LeavesFalling\a2c_naturecnn_single_rgb_obstacle_weather_rainandfog_leavesFalling\a2c_naturecnn_single_rgb_obstacle_weather_rainandfog_leavesFalling_positions.csv' did not travel at least 9 meters. Skipping.
2024-12-06 20:24:39,743 [INFO] Episode 99 in 'D:\Masters\Sem5\uavRL\inference_outputs\Trajectories\LeavesFalling\a2c_naturecnn_single_rgb_obstacle_weather_rainandfog_leavesFalling\a2c_naturecnn_single_rgb_obstacle_weather_rainandfog_leavesFalling_positions.csv' did not travel at least 9 meters. Skipping.
2024-12-06 20:24:39,744 [INFO] Episode 100 in 'D:\Masters\Sem5\uavRL\inference_outputs\Trajectories\LeavesFalling\a2c_naturecnn_single_rgb_obstacle_weather_rainandfog_leavesFalling\a2c_naturecnn_single_rgb_obstacle_weather_rainandfog_leavesFalling_positions.csv' did not travel at least 9 meters. Skipping.
2024-12-06 20:24:39,752 [INFO] Successfully read 'D:\Masters\Sem5\uavRL\inference_outputs\Trajectories\LeavesFalling\a2c_naturecnn_single_rgb_obstacle_weather_snowonly_leavesFalling\a2c_naturecnn_single_rgb_obstacle_weather_snowonly_leavesFalling_positions.csv'.
2024-12-06 20:24:39,753 [INFO] Episode 1 in 'D:\Masters\Sem5\uavRL\inference_outputs\Trajectories\LeavesFalling\a2c_naturecnn_single_rgb_obstacle_weather_snowonly_leavesFalling\a2c_naturecnn_single_rgb_obstacle_weather_snowonly_leavesFalling_positions.csv' did not travel at least 9 meters. Skipping.
2024-12-06 20:24:39,754 [INFO] Episode 3 in 'D:\Masters\Sem5\uavRL\inference_outputs\Trajectories\LeavesFalling\a2c_naturecnn_single_rgb_obstacle_weather_snowonly_leavesFalling\a2c_naturecnn_single_rgb_obstacle_weather_snowonly_leavesFalling_positions.csv' did not travel at least 9 meters. Skipping.
2024-12-06 20:24:39,755 [INFO] Episode 6 in 'D:\Masters\Sem5\uavRL\inference_outputs\Trajectories\LeavesFalling\a2c_naturecnn_single_rgb_obstacle_weather_snowonly_leavesFalling\a2c_naturecnn_single_rgb_obstacle_weather_snowonly_leavesFalling_positions.csv' did not travel at least 9 meters. Skipping.
2024-12-06 20:24:39,756 [INFO] Episode 7 in 'D:\Masters\Sem5\uavRL\inference_outputs\Trajectories\LeavesFalling\a2c_naturecnn_single_rgb_obstacle_weather_snowonly_leavesFalling\a2c_naturecnn_single_rgb_obstacle_weather_snowonly_leavesFalling_positions.csv' did not travel at least 9 meters. Skipping.
2024-12-06 20:24:39,757 [INFO] Episode 8 in 'D:\Masters\Sem5\uavRL\inference_outputs\Trajectories\LeavesFalling\a2c_naturecnn_single_rgb_obstacle_weather_snowonly_leavesFalling\a2c_naturecnn_single_rgb_obstacle_weather_snowonly_leavesFalling_positions.csv' did not travel at least 9 meters. Skipping.
2024-12-06 20:24:39,758 [INFO] Episode 11 in 'D:\Masters\Sem5\uavRL\inference_outputs\Trajectories\LeavesFalling\a2c_naturecnn_single_rgb_obstacle_weather_snowonly_leavesFalling\a2c_naturecnn_single_rgb_obstacle_weather_snowonly_leavesFalling_positions.csv' did not travel at least 9 meters. Skipping.
2024-12-06 20:24:39,758 [INFO] Episode 12 in 'D:\Masters\Sem5\uavRL\inference_outputs\Trajectories\LeavesFalling\a2c_naturecnn_single_rgb_obstacle_weather_snowonly_leavesFalling\a2c_naturecnn_single_rgb_obstacle_weather_snowonly_leavesFalling_positions.csv' did not travel at least 9 meters. Skipping.
2024-12-06 20:24:39,759 [INFO] Episode 13 in 'D:\Masters\Sem5\uavRL\inference_outputs\Trajectories\LeavesFalling\a2c_naturecnn_single_rgb_obstacle_weather_snowonly_leavesFalling\a2c_naturecnn_single_rgb_obstacle_weather_snowonly_leavesFalling_positions.csv' did not travel at least 9 meters. Skipping.
2024-12-06 20:24:39,760 [INFO] Episode 15 in 'D:\Masters\Sem5\uavRL\inference_outputs\Trajectories\LeavesFalling\a2c_naturecnn_single_rgb_obstacle_weather_snowonly_leavesFalling\a2c_naturecnn_single_rgb_obstacle_weather_snowonly_leavesFalling_positions.csv' did not travel at least 9 meters. Skipping.
2024-12-06 20:24:39,760 [INFO] Episode 16 in 'D:\Masters\Sem5\uavRL\inference_outputs\Trajectories\LeavesFalling\a2c_naturecnn_single_rgb_obstacle_weather_snowonly_leavesFalling\a2c_naturecnn_single_rgb_obstacle_weather_snowonly_leavesFalling_positions.csv' did not travel at least 9 meters. Skipping.
2024-12-06 20:24:39,761 [INFO] Episode 17 in 'D:\Masters\Sem5\uavRL\inference_outputs\Trajectories\LeavesFalling\a2c_naturecnn_single_rgb_obstacle_weather_snowonly_leavesFalling\a2c_naturecnn_single_rgb_obstacle_weather_snowonly_leavesFalling_positions.csv' did not travel at least 9 meters. Skipping.
2024-12-06 20:24:39,762 [INFO] Episode 18 in 'D:\Masters\Sem5\uavRL\inference_outputs\Trajectories\LeavesFalling\a2c_naturecnn_single_rgb_obstacle_weather_snowonly_leavesFalling\a2c_naturecnn_single_rgb_obstacle_weather_snowonly_leavesFalling_positions.csv' did not travel at least 9 meters. Skipping.
2024-12-06 20:24:39,799 [INFO] Episode 20 in 'D:\Masters\Sem5\uavRL\inference_outputs\Trajectories\LeavesFalling\a2c_naturecnn_single_rgb_obstacle_weather_snowonly_leavesFalling\a2c_naturecnn_single_rgb_obstacle_weather_snowonly_leavesFalling_positions.csv' did not travel at least 9 meters. Skipping.
2024-12-06 20:24:39,801 [INFO] Episode 24 in 'D:\Masters\Sem5\uavRL\inference_outputs\Trajectories\LeavesFalling\a2c_naturecnn_single_rgb_obstacle_weather_snowonly_leavesFalling\a2c_naturecnn_single_rgb_obstacle_weather_snowonly_leavesFalling_positions.csv' did not travel at least 9 meters. Skipping.
2024-12-06 20:24:39,801 [INFO] Episode 25 in 'D:\Masters\Sem5\uavRL\inference_outputs\Trajectories\LeavesFalling\a2c_naturecnn_single_rgb_obstacle_weather_snowonly_leavesFalling\a2c_naturecnn_single_rgb_obstacle_weather_snowonly_leavesFalling_positions.csv' did not travel at least 9 meters. Skipping.
2024-12-06 20:24:39,801 [INFO] Episode 26 in 'D:\Masters\Sem5\uavRL\inference_outputs\Trajectories\LeavesFalling\a2c_naturecnn_single_rgb_obstacle_weather_snowonly_leavesFalling\a2c_naturecnn_single_rgb_obstacle_weather_snowonly_leavesFalling_positions.csv' did not travel at least 9 meters. Skipping.
2024-12-06 20:24:39,804 [INFO] Episode 30 in 'D:\Masters\Sem5\uavRL\inference_outputs\Trajectories\LeavesFalling\a2c_naturecnn_single_rgb_obstacle_weather_snowonly_leavesFalling\a2c_naturecnn_single_rgb_obstacle_weather_snowonly_leavesFalling_positions.csv' did not travel at least 9 meters. Skipping.
2024-12-06 20:24:39,804 [INFO] Episode 31 in 'D:\Masters\Sem5\uavRL\inference_outputs\Trajectories\LeavesFalling\a2c_naturecnn_single_rgb_obstacle_weather_snowonly_leavesFalling\a2c_naturecnn_single_rgb_obstacle_weather_snowonly_leavesFalling_positions.csv' did not travel at least 9 meters. Skipping.
2024-12-06 20:24:39,806 [INFO] Episode 36 in 'D:\Masters\Sem5\uavRL\inference_outputs\Trajectories\LeavesFalling\a2c_naturecnn_single_rgb_obstacle_weather_snowonly_leavesFalling\a2c_naturecnn_single_rgb_obstacle_weather_snowonly_leavesFalling_positions.csv' did not travel at least 9 meters. Skipping.
2024-12-06 20:24:39,806 [INFO] Episode 37 in 'D:\Masters\Sem5\uavRL\inference_outputs\Trajectories\LeavesFalling\a2c_naturecnn_single_rgb_obstacle_weather_snowonly_leavesFalling\a2c_naturecnn_single_rgb_obstacle_weather_snowonly_leavesFalling_positions.csv' did not travel at least 9 meters. Skipping.
2024-12-06 20:24:39,807 [INFO] Episode 38 in 'D:\Masters\Sem5\uavRL\inference_outputs\Trajectories\LeavesFalling\a2c_naturecnn_single_rgb_obstacle_weather_snowonly_leavesFalling\a2c_naturecnn_single_rgb_obstacle_weather_snowonly_leavesFalling_positions.csv' did not travel at least 9 meters. Skipping.
2024-12-06 20:24:39,807 [INFO] Episode 40 in 'D:\Masters\Sem5\uavRL\inference_outputs\Trajectories\LeavesFalling\a2c_naturecnn_single_rgb_obstacle_weather_snowonly_leavesFalling\a2c_naturecnn_single_rgb_obstacle_weather_snowonly_leavesFalling_positions.csv' did not travel at least 9 meters. Skipping.
2024-12-06 20:24:39,807 [INFO] Episode 41 in 'D:\Masters\Sem5\uavRL\inference_outputs\Trajectories\LeavesFalling\a2c_naturecnn_single_rgb_obstacle_weather_snowonly_leavesFalling\a2c_naturecnn_single_rgb_obstacle_weather_snowonly_leavesFalling_positions.csv' did not travel at least 9 meters. Skipping.
2024-12-06 20:24:39,808 [INFO] Episode 42 in 'D:\Masters\Sem5\uavRL\inference_outputs\Trajectories\LeavesFalling\a2c_naturecnn_single_rgb_obstacle_weather_snowonly_leavesFalling\a2c_naturecnn_single_rgb_obstacle_weather_snowonly_leavesFalling_positions.csv' did not travel at least 9 meters. Skipping.
2024-12-06 20:24:39,811 [INFO] Episode 50 in 'D:\Masters\Sem5\uavRL\inference_outputs\Trajectories\LeavesFalling\a2c_naturecnn_single_rgb_obstacle_weather_snowonly_leavesFalling\a2c_naturecnn_single_rgb_obstacle_weather_snowonly_leavesFalling_positions.csv' did not travel at least 9 meters. Skipping.
2024-12-06 20:24:39,812 [INFO] Episode 51 in 'D:\Masters\Sem5\uavRL\inference_outputs\Trajectories\LeavesFalling\a2c_naturecnn_single_rgb_obstacle_weather_snowonly_leavesFalling\a2c_naturecnn_single_rgb_obstacle_weather_snowonly_leavesFalling_positions.csv' did not travel at least 9 meters. Skipping.
2024-12-06 20:24:39,812 [INFO] Episode 52 in 'D:\Masters\Sem5\uavRL\inference_outputs\Trajectories\LeavesFalling\a2c_naturecnn_single_rgb_obstacle_weather_snowonly_leavesFalling\a2c_naturecnn_single_rgb_obstacle_weather_snowonly_leavesFalling_positions.csv' did not travel at least 9 meters. Skipping.
2024-12-06 20:24:39,814 [INFO] Episode 53 in 'D:\Masters\Sem5\uavRL\inference_outputs\Trajectories\LeavesFalling\a2c_naturecnn_single_rgb_obstacle_weather_snowonly_leavesFalling\a2c_naturecnn_single_rgb_obstacle_weather_snowonly_leavesFalling_positions.csv' did not travel at least 9 meters. Skipping.
2024-12-06 20:24:39,814 [INFO] Episode 54 in 'D:\Masters\Sem5\uavRL\inference_outputs\Trajectories\LeavesFalling\a2c_naturecnn_single_rgb_obstacle_weather_snowonly_leavesFalling\a2c_naturecnn_single_rgb_obstacle_weather_snowonly_leavesFalling_positions.csv' did not travel at least 9 meters. Skipping.
2024-12-06 20:24:39,815 [INFO] Episode 55 in 'D:\Masters\Sem5\uavRL\inference_outputs\Trajectories\LeavesFalling\a2c_naturecnn_single_rgb_obstacle_weather_snowonly_leavesFalling\a2c_naturecnn_single_rgb_obstacle_weather_snowonly_leavesFalling_positions.csv' did not travel at least 9 meters. Skipping.
2024-12-06 20:24:39,816 [INFO] Episode 57 in 'D:\Masters\Sem5\uavRL\inference_outputs\Trajectories\LeavesFalling\a2c_naturecnn_single_rgb_obstacle_weather_snowonly_leavesFalling\a2c_naturecnn_single_rgb_obstacle_weather_snowonly_leavesFalling_positions.csv' did not travel at least 9 meters. Skipping.
2024-12-06 20:24:39,816 [INFO] Episode 59 in 'D:\Masters\Sem5\uavRL\inference_outputs\Trajectories\LeavesFalling\a2c_naturecnn_single_rgb_obstacle_weather_snowonly_leavesFalling\a2c_naturecnn_single_rgb_obstacle_weather_snowonly_leavesFalling_positions.csv' did not travel at least 9 meters. Skipping.
2024-12-06 20:24:39,817 [INFO] Episode 60 in 'D:\Masters\Sem5\uavRL\inference_outputs\Trajectories\LeavesFalling\a2c_naturecnn_single_rgb_obstacle_weather_snowonly_leavesFalling\a2c_naturecnn_single_rgb_obstacle_weather_snowonly_leavesFalling_positions.csv' did not travel at least 9 meters. Skipping.
2024-12-06 20:24:39,818 [INFO] Episode 62 in 'D:\Masters\Sem5\uavRL\inference_outputs\Trajectories\LeavesFalling\a2c_naturecnn_single_rgb_obstacle_weather_snowonly_leavesFalling\a2c_naturecnn_single_rgb_obstacle_weather_snowonly_leavesFalling_positions.csv' did not travel at least 9 meters. Skipping.
2024-12-06 20:24:39,818 [INFO] Episode 63 in 'D:\Masters\Sem5\uavRL\inference_outputs\Trajectories\LeavesFalling\a2c_naturecnn_single_rgb_obstacle_weather_snowonly_leavesFalling\a2c_naturecnn_single_rgb_obstacle_weather_snowonly_leavesFalling_positions.csv' did not travel at least 9 meters. Skipping.
2024-12-06 20:24:39,819 [INFO] Episode 65 in 'D:\Masters\Sem5\uavRL\inference_outputs\Trajectories\LeavesFalling\a2c_naturecnn_single_rgb_obstacle_weather_snowonly_leavesFalling\a2c_naturecnn_single_rgb_obstacle_weather_snowonly_leavesFalling_positions.csv' did not travel at least 9 meters. Skipping.
2024-12-06 20:24:39,820 [INFO] Episode 68 in 'D:\Masters\Sem5\uavRL\inference_outputs\Trajectories\LeavesFalling\a2c_naturecnn_single_rgb_obstacle_weather_snowonly_leavesFalling\a2c_naturecnn_single_rgb_obstacle_weather_snowonly_leavesFalling_positions.csv' did not travel at least 9 meters. Skipping.
2024-12-06 20:24:39,821 [INFO] Episode 70 in 'D:\Masters\Sem5\uavRL\inference_outputs\Trajectories\LeavesFalling\a2c_naturecnn_single_rgb_obstacle_weather_snowonly_leavesFalling\a2c_naturecnn_single_rgb_obstacle_weather_snowonly_leavesFalling_positions.csv' did not travel at least 9 meters. Skipping.
2024-12-06 20:24:39,821 [INFO] Episode 72 in 'D:\Masters\Sem5\uavRL\inference_outputs\Trajectories\LeavesFalling\a2c_naturecnn_single_rgb_obstacle_weather_snowonly_leavesFalling\a2c_naturecnn_single_rgb_obstacle_weather_snowonly_leavesFalling_positions.csv' did not travel at least 9 meters. Skipping.
2024-12-06 20:24:39,823 [INFO] Episode 75 in 'D:\Masters\Sem5\uavRL\inference_outputs\Trajectories\LeavesFalling\a2c_naturecnn_single_rgb_obstacle_weather_snowonly_leavesFalling\a2c_naturecnn_single_rgb_obstacle_weather_snowonly_leavesFalling_positions.csv' did not travel at least 9 meters. Skipping.
2024-12-06 20:24:39,824 [INFO] Episode 77 in 'D:\Masters\Sem5\uavRL\inference_outputs\Trajectories\LeavesFalling\a2c_naturecnn_single_rgb_obstacle_weather_snowonly_leavesFalling\a2c_naturecnn_single_rgb_obstacle_weather_snowonly_leavesFalling_positions.csv' did not travel at least 9 meters. Skipping.
2024-12-06 20:24:39,825 [INFO] Episode 78 in 'D:\Masters\Sem5\uavRL\inference_outputs\Trajectories\LeavesFalling\a2c_naturecnn_single_rgb_obstacle_weather_snowonly_leavesFalling\a2c_naturecnn_single_rgb_obstacle_weather_snowonly_leavesFalling_positions.csv' did not travel at least 9 meters. Skipping.
2024-12-06 20:24:39,826 [INFO] Episode 83 in 'D:\Masters\Sem5\uavRL\inference_outputs\Trajectories\LeavesFalling\a2c_naturecnn_single_rgb_obstacle_weather_snowonly_leavesFalling\a2c_naturecnn_single_rgb_obstacle_weather_snowonly_leavesFalling_positions.csv' did not travel at least 9 meters. Skipping.
2024-12-06 20:24:39,827 [INFO] Episode 85 in 'D:\Masters\Sem5\uavRL\inference_outputs\Trajectories\LeavesFalling\a2c_naturecnn_single_rgb_obstacle_weather_snowonly_leavesFalling\a2c_naturecnn_single_rgb_obstacle_weather_snowonly_leavesFalling_positions.csv' did not travel at least 9 meters. Skipping.
2024-12-06 20:24:39,828 [INFO] Episode 88 in 'D:\Masters\Sem5\uavRL\inference_outputs\Trajectories\LeavesFalling\a2c_naturecnn_single_rgb_obstacle_weather_snowonly_leavesFalling\a2c_naturecnn_single_rgb_obstacle_weather_snowonly_leavesFalling_positions.csv' did not travel at least 9 meters. Skipping.
2024-12-06 20:24:39,829 [INFO] Episode 89 in 'D:\Masters\Sem5\uavRL\inference_outputs\Trajectories\LeavesFalling\a2c_naturecnn_single_rgb_obstacle_weather_snowonly_leavesFalling\a2c_naturecnn_single_rgb_obstacle_weather_snowonly_leavesFalling_positions.csv' did not travel at least 9 meters. Skipping.
2024-12-06 20:24:39,829 [INFO] Episode 91 in 'D:\Masters\Sem5\uavRL\inference_outputs\Trajectories\LeavesFalling\a2c_naturecnn_single_rgb_obstacle_weather_snowonly_leavesFalling\a2c_naturecnn_single_rgb_obstacle_weather_snowonly_leavesFalling_positions.csv' did not travel at least 9 meters. Skipping.
2024-12-06 20:24:39,831 [INFO] Episode 94 in 'D:\Masters\Sem5\uavRL\inference_outputs\Trajectories\LeavesFalling\a2c_naturecnn_single_rgb_obstacle_weather_snowonly_leavesFalling\a2c_naturecnn_single_rgb_obstacle_weather_snowonly_leavesFalling_positions.csv' did not travel at least 9 meters. Skipping.
2024-12-06 20:24:39,831 [INFO] Episode 96 in 'D:\Masters\Sem5\uavRL\inference_outputs\Trajectories\LeavesFalling\a2c_naturecnn_single_rgb_obstacle_weather_snowonly_leavesFalling\a2c_naturecnn_single_rgb_obstacle_weather_snowonly_leavesFalling_positions.csv' did not travel at least 9 meters. Skipping.
2024-12-06 20:24:39,833 [INFO] Episode 97 in 'D:\Masters\Sem5\uavRL\inference_outputs\Trajectories\LeavesFalling\a2c_naturecnn_single_rgb_obstacle_weather_snowonly_leavesFalling\a2c_naturecnn_single_rgb_obstacle_weather_snowonly_leavesFalling_positions.csv' did not travel at least 9 meters. Skipping.
2024-12-06 20:24:39,834 [INFO] Episode 100 in 'D:\Masters\Sem5\uavRL\inference_outputs\Trajectories\LeavesFalling\a2c_naturecnn_single_rgb_obstacle_weather_snowonly_leavesFalling\a2c_naturecnn_single_rgb_obstacle_weather_snowonly_leavesFalling_positions.csv' did not travel at least 9 meters. Skipping.
2024-12-06 20:24:39,839 [INFO] Wall positions determined at: [3.7, 7.4, 11.100000000000001, 14.8, 18.5, 22.2]
2024-12-06 20:24:39,841 [INFO] Plotted mean trajectory from 'a2c_naturecnn_single_rgb_leavesFalling_positions.csv' with color 'blue'.
2024-12-06 20:24:39,842 [INFO] Plotted mean trajectory from 'a2c_naturecnn_single_rgb_obstacle_weather_leavesfalling_leavesFalling_positions.csv' with color 'green'.
2024-12-06 20:24:39,844 [INFO] Plotted mean trajectory from 'a2c_naturecnn_single_rgb_obstacle_weather_rainandfog_leavesFalling_positions.csv' with color 'orange'.
2024-12-06 20:24:39,846 [INFO] Plotted mean trajectory from 'a2c_naturecnn_single_rgb_obstacle_weather_snowonly_leavesFalling_positions.csv' with color 'purple'.
2024-12-06 20:24:39,899 [INFO] Added wall surface at X=3.7 with Trajectory Variations and Passages.
2024-12-06 20:24:39,953 [INFO] Added wall surface at X=7.4 with Trajectory Variations and Passages.
2024-12-06 20:24:40,003 [INFO] Added wall surface at X=11.100000000000001 with Trajectory Variations and Passages.
2024-12-06 20:24:40,064 [INFO] Added wall surface at X=14.8 with Trajectory Variations and Passages.
2024-12-06 20:24:40,121 [INFO] Added wall surface at X=18.5 with Trajectory Variations and Passages.
2024-12-06 20:24:40,124 [WARNING] No data near wall at X=22.2. Skipping hole creation.
2024-12-06 20:24:40,125 [INFO] Completed plotting walls and holes.
2024-12-06 20:24:40,291 [INFO] Similarity between 'a2c_naturecnn_single_rgb_leavesFalling_positions.csv' and 'a2c_naturecnn_single_rgb_obstacle_weather_leavesfalling_leavesFalling_positions.csv':
2024-12-06 20:24:40,291 [INFO]   - Cosine Similarity (Mean): 0.9513
2024-12-06 20:24:40,291 [INFO]   - Pearson Correlation (Mean): 0.8068
2024-12-06 20:24:40,292 [INFO]   - Normalized Cross-Correlation (Mean): 0.8163
2024-12-06 20:24:40,292 [INFO]   - Lag at Max NCC (Y): 7, (Z): 0
2024-12-06 20:24:40,299 [INFO] Similarity between 'a2c_naturecnn_single_rgb_leavesFalling_positions.csv' and 'a2c_naturecnn_single_rgb_obstacle_weather_rainandfog_leavesFalling_positions.csv':
2024-12-06 20:24:40,299 [INFO]   - Cosine Similarity (Mean): 0.9640
2024-12-06 20:24:40,299 [INFO]   - Pearson Correlation (Mean): 0.7982
2024-12-06 20:24:40,300 [INFO]   - Normalized Cross-Correlation (Mean): 0.8079
2024-12-06 20:24:40,300 [INFO]   - Lag at Max NCC (Y): 0, (Z): -12
2024-12-06 20:24:40,314 [INFO] Similarity between 'a2c_naturecnn_single_rgb_leavesFalling_positions.csv' and 'a2c_naturecnn_single_rgb_obstacle_weather_snowonly_leavesFalling_positions.csv':
2024-12-06 20:24:40,314 [INFO]   - Cosine Similarity (Mean): 0.9395
2024-12-06 20:24:40,314 [INFO]   - Pearson Correlation (Mean): 0.7151
2024-12-06 20:24:40,314 [INFO]   - Normalized Cross-Correlation (Mean): 0.7501
2024-12-06 20:24:40,314 [INFO]   - Lag at Max NCC (Y): 14, (Z): -1
2024-12-06 20:24:40,325 [INFO] Similarity between 'a2c_naturecnn_single_rgb_obstacle_weather_leavesfalling_leavesFalling_positions.csv' and 'a2c_naturecnn_single_rgb_obstacle_weather_rainandfog_leavesFalling_positions.csv':
2024-12-06 20:24:40,325 [INFO]   - Cosine Similarity (Mean): 0.9542
2024-12-06 20:24:40,325 [INFO]   - Pearson Correlation (Mean): 0.7428
2024-12-06 20:24:40,325 [INFO]   - Normalized Cross-Correlation (Mean): 0.7441
2024-12-06 20:24:40,325 [INFO]   - Lag at Max NCC (Y): 0, (Z): -4
2024-12-06 20:24:40,339 [INFO] Similarity between 'a2c_naturecnn_single_rgb_obstacle_weather_leavesfalling_leavesFalling_positions.csv' and 'a2c_naturecnn_single_rgb_obstacle_weather_snowonly_leavesFalling_positions.csv':
2024-12-06 20:24:40,339 [INFO]   - Cosine Similarity (Mean): 0.9418
2024-12-06 20:24:40,339 [INFO]   - Pearson Correlation (Mean): 0.7269
2024-12-06 20:24:40,340 [INFO]   - Normalized Cross-Correlation (Mean): 0.7312
2024-12-06 20:24:40,340 [INFO]   - Lag at Max NCC (Y): 2, (Z): 2
2024-12-06 20:24:40,353 [INFO] Similarity between 'a2c_naturecnn_single_rgb_obstacle_weather_rainandfog_leavesFalling_positions.csv' and 'a2c_naturecnn_single_rgb_obstacle_weather_snowonly_leavesFalling_positions.csv':
2024-12-06 20:24:40,353 [INFO]   - Cosine Similarity (Mean): 0.9462
2024-12-06 20:24:40,354 [INFO]   - Pearson Correlation (Mean): 0.7624
2024-12-06 20:24:40,354 [INFO]   - Normalized Cross-Correlation (Mean): 0.7624
2024-12-06 20:24:40,354 [INFO]   - Lag at Max NCC (Y): 0, (Z): 0
2024-12-06 20:24:40,773 [INFO] Cross-correlation plot saved as 'inference_outputs\RGB_A2C_LeavesFalling_Variants\RGB_A2C_LeavesFalling_Variants_cross_correlation_part1.png'.
2024-12-06 20:24:41,383 [INFO] Mean trajectories plotted and saved as 'inference_outputs\RGB_A2C_LeavesFalling_Variants\RGB_A2C_LeavesFalling_Variants_mean_trajectories.png'.
2024-12-06 20:24:41,390 [INFO] Similarity summary saved as 'inference_outputs\RGB_A2C_LeavesFalling_Variants\RGB_A2C_LeavesFalling_Variants_similarity_summary.csv'.
