2025-02-09 22:03:38,813 [INFO] Logging initialized for scenario: 'RainandFog-Weather'
2025-02-09 22:03:38,814 [INFO] Scenario='RainandFog-Weather', Filenames=['inference_outputs\\Trajectories\\RainandFog\\a2c_naturecnn_depth_RainandFog\\a2c_naturecnn_depth_RainandFog_positions.csv', 'inference_outputs\\Trajectories\\RainandFog\\a2c_naturecnn_depth_obstacle_weather_leavesfalling_RainandFog\\a2c_naturecnn_depth_obstacle_weather_leavesfalling_RainandFog_positions.csv', 'inference_outputs\\Trajectories\\RainandFog\\a2c_naturecnn_depth_obstacle_weather_rainandfog_RainandFog\\a2c_naturecnn_depth_obstacle_weather_rainandfog_RainandFog_positions.csv', 'inference_outputs\\Trajectories\\RainandFog\\a2c_naturecnn_depth_obstacle_weather_snowonly_RainandFog\\a2c_naturecnn_depth_obstacle_weather_snowonly_RainandFog_positions.csv', 'inference_outputs\\Trajectories\\RainandFog\\ppo_naturecnn_depth_RainandFog\\ppo_naturecnn_depth_RainandFog_positions.csv', 'inference_outputs\\Trajectories\\RainandFog\\ppo_naturecnn_depth_obstacle_weather_leavesfalling_RainandFog\\ppo_naturecnn_depth_obstacle_weather_leavesfalling_RainandFog_positions.csv', 'inference_outputs\\Trajectories\\RainandFog\\ppo_naturecnn_depth_obstacle_weather_rainandfog_RainandFog\\ppo_naturecnn_depth_obstacle_weather_rainandfog_RainandFog_positions.csv', 'inference_outputs\\Trajectories\\RainandFog\\ppo_naturecnn_depth_obstacle_weather_snowonly_RainandFog\\ppo_naturecnn_depth_obstacle_weather_snowonly_RainandFog_positions.csv']
2025-02-09 22:03:38,814 [INFO] Plotting multiple mean trajectories with circular 'Passages' only.
2025-02-09 22:03:38,921 [INFO] Successfully read 'inference_outputs\Trajectories\RainandFog\a2c_naturecnn_depth_RainandFog\a2c_naturecnn_depth_RainandFog_positions.csv'.
2025-02-09 22:03:38,950 [INFO] Successfully read 'inference_outputs\Trajectories\RainandFog\a2c_naturecnn_depth_obstacle_weather_leavesfalling_RainandFog\a2c_naturecnn_depth_obstacle_weather_leavesfalling_RainandFog_positions.csv'.
2025-02-09 22:03:38,980 [INFO] Successfully read 'inference_outputs\Trajectories\RainandFog\a2c_naturecnn_depth_obstacle_weather_rainandfog_RainandFog\a2c_naturecnn_depth_obstacle_weather_rainandfog_RainandFog_positions.csv'.
2025-02-09 22:03:39,012 [INFO] Successfully read 'inference_outputs\Trajectories\RainandFog\a2c_naturecnn_depth_obstacle_weather_snowonly_RainandFog\a2c_naturecnn_depth_obstacle_weather_snowonly_RainandFog_positions.csv'.
2025-02-09 22:03:39,042 [INFO] Successfully read 'inference_outputs\Trajectories\RainandFog\ppo_naturecnn_depth_RainandFog\ppo_naturecnn_depth_RainandFog_positions.csv'.
2025-02-09 22:03:39,070 [INFO] Successfully read 'inference_outputs\Trajectories\RainandFog\ppo_naturecnn_depth_obstacle_weather_leavesfalling_RainandFog\ppo_naturecnn_depth_obstacle_weather_leavesfalling_RainandFog_positions.csv'.
2025-02-09 22:03:39,103 [INFO] Successfully read 'inference_outputs\Trajectories\RainandFog\ppo_naturecnn_depth_obstacle_weather_rainandfog_RainandFog\ppo_naturecnn_depth_obstacle_weather_rainandfog_RainandFog_positions.csv'.
2025-02-09 22:03:39,136 [INFO] Successfully read 'inference_outputs\Trajectories\RainandFog\ppo_naturecnn_depth_obstacle_weather_snowonly_RainandFog\ppo_naturecnn_depth_obstacle_weather_snowonly_RainandFog_positions.csv'.
2025-02-09 22:03:39,165 [INFO] Walls determined at: [3.7, 7.4, 11.100000000000001, 14.8, 18.5, 22.2]
2025-02-09 22:03:39,166 [INFO] Plotted mean trajectory from 'a2c_naturecnn_depth_RainandFog_positions.csv' with label 'A2C-D' in color 'blue'.
2025-02-09 22:03:39,167 [INFO] Plotted mean trajectory from 'a2c_naturecnn_depth_obstacle_weather_leavesfalling_RainandFog_positions.csv' with label 'A2C-DL' in color 'green'.
2025-02-09 22:03:39,168 [INFO] Plotted mean trajectory from 'a2c_naturecnn_depth_obstacle_weather_rainandfog_RainandFog_positions.csv' with label 'A2C-DRF' in color 'orange'.
2025-02-09 22:03:39,169 [INFO] Plotted mean trajectory from 'a2c_naturecnn_depth_obstacle_weather_snowonly_RainandFog_positions.csv' with label 'A2C-DS' in color 'purple'.
2025-02-09 22:03:39,169 [INFO] Plotted mean trajectory from 'ppo_naturecnn_depth_RainandFog_positions.csv' with label 'PPO-D' in color 'cyan'.
2025-02-09 22:03:39,172 [INFO] Plotted mean trajectory from 'ppo_naturecnn_depth_obstacle_weather_leavesfalling_RainandFog_positions.csv' with label 'PPO-DL' in color 'magenta'.
2025-02-09 22:03:39,173 [INFO] Plotted mean trajectory from 'ppo_naturecnn_depth_obstacle_weather_rainandfog_RainandFog_positions.csv' with label 'PPO-DRF' in color 'yellow'.
2025-02-09 22:03:39,174 [INFO] Plotted mean trajectory from 'ppo_naturecnn_depth_obstacle_weather_snowonly_RainandFog_positions.csv' with label 'PPO-DS' in color 'brown'.
2025-02-09 22:03:39,335 [WARNING] No data near wall at X=22.2. Skipping hole creation.
2025-02-09 22:03:39,790 [INFO] Mean trajectories saved as 'inference_outputs\RainandFog-Weather\RainandFog-Weather_mean_trajectories.png' with circular 'Passages' only, no similarity.
2025-02-09 22:08:11,318 [INFO] Logging initialized for scenario: 'RainandFog-Weather'
2025-02-09 22:08:11,318 [INFO] Scenario='RainandFog-Weather', Filenames=['inference_outputs\\Trajectories\\RainandFog\\a2c_naturecnn_single_rgb_RainandFog\\a2c_naturecnn_single_rgb_RainandFog_positions.csv', 'inference_outputs\\Trajectories\\RainandFog\\a2c_naturecnn_single_rgb_obstacle_weather_leavesfalling_RainandFog\\a2c_naturecnn_single_rgb_obstacle_weather_leavesfalling_RainandFog_positions.csv', 'inference_outputs\\Trajectories\\RainandFog\\a2c_naturecnn_single_rgb_obstacle_weather_rainandfog_RainandFog\\a2c_naturecnn_single_rgb_obstacle_weather_rainandfog_RainandFog_positions.csv', 'inference_outputs\\Trajectories\\RainandFog\\a2c_naturecnn_single_rgb_obstacle_weather_snowonly_RainandFog\\a2c_naturecnn_single_rgb_obstacle_weather_snowonly_RainandFog_positions.csv', 'inference_outputs\\Trajectories\\RainandFog\\ppo_naturecnn_single_rgb_RainandFog\\ppo_naturecnn_single_rgb_RainandFog_positions.csv', 'inference_outputs\\Trajectories\\RainandFog\\ppo_naturecnn_single_rgb_obstacle_weather_leavesfalling_RainandFog\\ppo_naturecnn_single_rgb_obstacle_weather_leavesfalling_RainandFog_positions.csv', 'inference_outputs\\Trajectories\\RainandFog\\ppo_naturecnn_single_rgb_obstacle_weather_rainandfog_RainandFog\\ppo_naturecnn_single_rgb_obstacle_weather_rainandfog_RainandFog_positions.csv', 'inference_outputs\\Trajectories\\RainandFog\\ppo_naturecnn_single_rgb_obstacle_weather_snowonly_RainandFog\\ppo_naturecnn_single_rgb_obstacle_weather_snowonly_RainandFog_positions.csv']
2025-02-09 22:08:11,319 [INFO] Plotting multiple mean trajectories with circular 'Passages' only.
2025-02-09 22:08:11,436 [INFO] Successfully read 'inference_outputs\Trajectories\RainandFog\a2c_naturecnn_single_rgb_RainandFog\a2c_naturecnn_single_rgb_RainandFog_positions.csv'.
2025-02-09 22:08:11,455 [WARNING] No valid episodes >=9m in 'inference_outputs\Trajectories\RainandFog\a2c_naturecnn_single_rgb_RainandFog\a2c_naturecnn_single_rgb_RainandFog_positions.csv', skipping.
2025-02-09 22:08:11,469 [INFO] Successfully read 'inference_outputs\Trajectories\RainandFog\a2c_naturecnn_single_rgb_obstacle_weather_leavesfalling_RainandFog\a2c_naturecnn_single_rgb_obstacle_weather_leavesfalling_RainandFog_positions.csv'.
2025-02-09 22:08:11,487 [WARNING] No valid episodes >=9m in 'inference_outputs\Trajectories\RainandFog\a2c_naturecnn_single_rgb_obstacle_weather_leavesfalling_RainandFog\a2c_naturecnn_single_rgb_obstacle_weather_leavesfalling_RainandFog_positions.csv', skipping.
2025-02-09 22:08:11,498 [INFO] Successfully read 'inference_outputs\Trajectories\RainandFog\a2c_naturecnn_single_rgb_obstacle_weather_rainandfog_RainandFog\a2c_naturecnn_single_rgb_obstacle_weather_rainandfog_RainandFog_positions.csv'.
2025-02-09 22:08:11,516 [WARNING] No valid episodes >=9m in 'inference_outputs\Trajectories\RainandFog\a2c_naturecnn_single_rgb_obstacle_weather_rainandfog_RainandFog\a2c_naturecnn_single_rgb_obstacle_weather_rainandfog_RainandFog_positions.csv', skipping.
2025-02-09 22:08:11,528 [INFO] Successfully read 'inference_outputs\Trajectories\RainandFog\a2c_naturecnn_single_rgb_obstacle_weather_snowonly_RainandFog\a2c_naturecnn_single_rgb_obstacle_weather_snowonly_RainandFog_positions.csv'.
2025-02-09 22:08:11,546 [WARNING] No valid episodes >=9m in 'inference_outputs\Trajectories\RainandFog\a2c_naturecnn_single_rgb_obstacle_weather_snowonly_RainandFog\a2c_naturecnn_single_rgb_obstacle_weather_snowonly_RainandFog_positions.csv', skipping.
2025-02-09 22:08:11,556 [INFO] Successfully read 'inference_outputs\Trajectories\RainandFog\ppo_naturecnn_single_rgb_RainandFog\ppo_naturecnn_single_rgb_RainandFog_positions.csv'.
2025-02-09 22:08:11,575 [WARNING] No valid episodes >=9m in 'inference_outputs\Trajectories\RainandFog\ppo_naturecnn_single_rgb_RainandFog\ppo_naturecnn_single_rgb_RainandFog_positions.csv', skipping.
2025-02-09 22:08:11,591 [INFO] Successfully read 'inference_outputs\Trajectories\RainandFog\ppo_naturecnn_single_rgb_obstacle_weather_leavesfalling_RainandFog\ppo_naturecnn_single_rgb_obstacle_weather_leavesfalling_RainandFog_positions.csv'.
2025-02-09 22:08:11,622 [INFO] Successfully read 'inference_outputs\Trajectories\RainandFog\ppo_naturecnn_single_rgb_obstacle_weather_rainandfog_RainandFog\ppo_naturecnn_single_rgb_obstacle_weather_rainandfog_RainandFog_positions.csv'.
2025-02-09 22:08:11,651 [INFO] Successfully read 'inference_outputs\Trajectories\RainandFog\ppo_naturecnn_single_rgb_obstacle_weather_snowonly_RainandFog\ppo_naturecnn_single_rgb_obstacle_weather_snowonly_RainandFog_positions.csv'.
2025-02-09 22:08:11,668 [WARNING] No valid episodes >=9m in 'inference_outputs\Trajectories\RainandFog\ppo_naturecnn_single_rgb_obstacle_weather_snowonly_RainandFog\ppo_naturecnn_single_rgb_obstacle_weather_snowonly_RainandFog_positions.csv', skipping.
2025-02-09 22:08:11,669 [INFO] Walls determined at: [3.7, 7.4, 11.100000000000001]
2025-02-09 22:08:11,670 [INFO] Plotted mean trajectory from 'ppo_naturecnn_single_rgb_obstacle_weather_leavesfalling_RainandFog_positions.csv' with label 'PPO-SRGBL' in color 'magenta'.
2025-02-09 22:08:11,672 [INFO] Plotted mean trajectory from 'ppo_naturecnn_single_rgb_obstacle_weather_rainandfog_RainandFog_positions.csv' with label 'PPO-SRGBRF' in color 'yellow'.
2025-02-09 22:08:11,742 [WARNING] No data near wall at X=11.100000000000001. Skipping hole creation.
2025-02-09 22:08:12,031 [INFO] Mean trajectories saved as 'inference_outputs\RainandFog-Weather\RainandFog-Weather_mean_trajectories.png' with circular 'Passages' only, no similarity.
2025-02-09 22:10:20,560 [INFO] Logging initialized for scenario: 'RainandFog-Weather'
2025-02-09 22:10:20,561 [INFO] Scenario='RainandFog-Weather', Filenames=['inference_outputs\\Trajectories\\RainandFog\\ppo_naturecnn_multi_rgb_RainandFog\\ppo_naturecnn_multi_rgb_RainandFog_positions.csv', 'inference_outputs\\Trajectories\\RainandFog\\a2c_naturecnn_multi_rgb_RainandFog\\a2c_naturecnn_multi_rgb_RainandFog_positions.csv']
2025-02-09 22:10:20,561 [INFO] Plotting multiple mean trajectories with circular 'Passages' only.
2025-02-09 22:10:20,681 [INFO] Successfully read 'inference_outputs\Trajectories\RainandFog\ppo_naturecnn_multi_rgb_RainandFog\ppo_naturecnn_multi_rgb_RainandFog_positions.csv'.
2025-02-09 22:10:20,701 [WARNING] No valid episodes >=9m in 'inference_outputs\Trajectories\RainandFog\ppo_naturecnn_multi_rgb_RainandFog\ppo_naturecnn_multi_rgb_RainandFog_positions.csv', skipping.
2025-02-09 22:10:20,715 [INFO] Successfully read 'inference_outputs\Trajectories\RainandFog\a2c_naturecnn_multi_rgb_RainandFog\a2c_naturecnn_multi_rgb_RainandFog_positions.csv'.
2025-02-09 22:10:20,735 [WARNING] No valid episodes >=9m in 'inference_outputs\Trajectories\RainandFog\a2c_naturecnn_multi_rgb_RainandFog\a2c_naturecnn_multi_rgb_RainandFog_positions.csv', skipping.
2025-02-09 22:10:20,735 [ERROR] No valid mean trajectories to plot. Exiting.
2025-02-09 22:15:36,721 [INFO] Logging initialized for scenario: 'RainandFog-Weather'
2025-02-09 22:15:36,721 [INFO] Scenario='RainandFog-Weather', Filenames=['inference_outputs\\Trajectories\\RainandFog\\ppo_naturecnn_multi_rgb_RainandFog\\ppo_naturecnn_multi_rgb_RainandFog_positions.csv', 'inference_outputs\\Trajectories\\RainandFog\\a2c_naturecnn_multi_rgb_RainandFog\\a2c_naturecnn_multi_rgb_RainandFog_positions.csv']
2025-02-09 22:15:36,721 [INFO] Plotting multiple mean trajectories with circular 'Passages' only.
2025-02-09 22:15:36,829 [INFO] Successfully read 'inference_outputs\Trajectories\RainandFog\ppo_naturecnn_multi_rgb_RainandFog\ppo_naturecnn_multi_rgb_RainandFog_positions.csv'.
2025-02-09 22:15:36,850 [WARNING] No valid episodes >=9m in 'inference_outputs\Trajectories\RainandFog\ppo_naturecnn_multi_rgb_RainandFog\ppo_naturecnn_multi_rgb_RainandFog_positions.csv', skipping.
2025-02-09 22:15:36,853 [INFO] Successfully read 'inference_outputs\Trajectories\RainandFog\a2c_naturecnn_multi_rgb_RainandFog\a2c_naturecnn_multi_rgb_RainandFog_positions.csv'.
2025-02-09 22:15:36,874 [WARNING] No valid episodes >=9m in 'inference_outputs\Trajectories\RainandFog\a2c_naturecnn_multi_rgb_RainandFog\a2c_naturecnn_multi_rgb_RainandFog_positions.csv', skipping.
2025-02-09 22:15:36,874 [ERROR] No valid mean trajectories to plot. Exiting.
2025-02-09 22:30:06,734 [INFO] Logging initialized for scenario: 'RainandFog-Weather'
2025-02-09 22:30:06,734 [INFO] Scenario='RainandFog-Weather', Filenames=['inference_outputs\\Trajectories\\RainandFog\\ppo_naturecnn_multi_rgb_RainandFog\\ppo_naturecnn_multi_rgb_RainandFog_positions.csv', 'inference_outputs\\Trajectories\\RainandFog\\a2c_naturecnn_multi_rgb_RainandFog\\a2c_naturecnn_multi_rgb_RainandFog_positions.csv']
2025-02-09 22:30:06,734 [INFO] Plotting multiple mean trajectories with circular 'Passages' only.
2025-02-09 22:30:06,849 [INFO] Successfully read 'inference_outputs\Trajectories\RainandFog\ppo_naturecnn_multi_rgb_RainandFog\ppo_naturecnn_multi_rgb_RainandFog_positions.csv'.
2025-02-09 22:30:06,878 [INFO] Successfully read 'inference_outputs\Trajectories\RainandFog\a2c_naturecnn_multi_rgb_RainandFog\a2c_naturecnn_multi_rgb_RainandFog_positions.csv'.
2025-02-09 22:30:06,902 [INFO] Walls determined at: [3.7, 7.4]
2025-02-09 22:30:06,904 [INFO] Plotted mean trajectory from 'ppo_naturecnn_multi_rgb_RainandFog_positions.csv' with label 'PPO-MRGB' in color 'blue'.
2025-02-09 22:30:06,904 [INFO] Plotted mean trajectory from 'a2c_naturecnn_multi_rgb_RainandFog_positions.csv' with label 'A2C-MRGB' in color 'green'.
2025-02-09 22:30:06,943 [WARNING] No data near wall at X=7.4. Skipping hole creation.
2025-02-09 22:30:07,165 [INFO] Mean trajectories saved as 'inference_outputs\RainandFog-Weather\RainandFog-Weather_mean_trajectories.png' with circular 'Passages' only, no similarity.
