2024-12-06 20:29:55,532 [INFO] Logging initialized for scenario: 'RGB_A2CvsPPO_RainandFog'
2024-12-06 20:29:55,533 [INFO] Received command-line arguments: Scenario='RGB_A2CvsPPO_RainandFog', Filenames=['D:\\Masters\\Sem5\\uavRL\\inference_outputs\\Trajectories\\RainandFog\\a2c_naturecnn_single_rgb_RainandFog\\a2c_naturecnn_single_rgb_RainandFog_positions.csv', 'D:\\Masters\\Sem5\\uavRL\\inference_outputs\\Trajectories\\RainandFog\\ppo_naturecnn_single_rgb_RainandFog\\ppo_naturecnn_single_rgb_RainandFog_positions.csv']
2024-12-06 20:29:55,533 [INFO] Starting to plot multiple mean trajectories.
2024-12-06 20:29:55,675 [INFO] Successfully read 'D:\Masters\Sem5\uavRL\inference_outputs\Trajectories\RainandFog\a2c_naturecnn_single_rgb_RainandFog\a2c_naturecnn_single_rgb_RainandFog_positions.csv'.
2024-12-06 20:29:55,676 [INFO] Episode 1 in 'D:\Masters\Sem5\uavRL\inference_outputs\Trajectories\RainandFog\a2c_naturecnn_single_rgb_RainandFog\a2c_naturecnn_single_rgb_RainandFog_positions.csv' did not travel at least 9 meters. Skipping.
2024-12-06 20:29:55,677 [INFO] Episode 2 in 'D:\Masters\Sem5\uavRL\inference_outputs\Trajectories\RainandFog\a2c_naturecnn_single_rgb_RainandFog\a2c_naturecnn_single_rgb_RainandFog_positions.csv' did not travel at least 9 meters. Skipping.
2024-12-06 20:29:55,678 [INFO] Episode 3 in 'D:\Masters\Sem5\uavRL\inference_outputs\Trajectories\RainandFog\a2c_naturecnn_single_rgb_RainandFog\a2c_naturecnn_single_rgb_RainandFog_positions.csv' did not travel at least 9 meters. Skipping.
2024-12-06 20:29:55,678 [INFO] Episode 4 in 'D:\Masters\Sem5\uavRL\inference_outputs\Trajectories\RainandFog\a2c_naturecnn_single_rgb_RainandFog\a2c_naturecnn_single_rgb_RainandFog_positions.csv' did not travel at least 9 meters. Skipping.
2024-12-06 20:29:55,678 [INFO] Episode 5 in 'D:\Masters\Sem5\uavRL\inference_outputs\Trajectories\RainandFog\a2c_naturecnn_single_rgb_RainandFog\a2c_naturecnn_single_rgb_RainandFog_positions.csv' did not travel at least 9 meters. Skipping.
2024-12-06 20:29:55,680 [INFO] Episode 6 in 'D:\Masters\Sem5\uavRL\inference_outputs\Trajectories\RainandFog\a2c_naturecnn_single_rgb_RainandFog\a2c_naturecnn_single_rgb_RainandFog_positions.csv' did not travel at least 9 meters. Skipping.
2024-12-06 20:29:55,680 [INFO] Episode 7 in 'D:\Masters\Sem5\uavRL\inference_outputs\Trajectories\RainandFog\a2c_naturecnn_single_rgb_RainandFog\a2c_naturecnn_single_rgb_RainandFog_positions.csv' did not travel at least 9 meters. Skipping.
2024-12-06 20:29:55,681 [INFO] Episode 8 in 'D:\Masters\Sem5\uavRL\inference_outputs\Trajectories\RainandFog\a2c_naturecnn_single_rgb_RainandFog\a2c_naturecnn_single_rgb_RainandFog_positions.csv' did not travel at least 9 meters. Skipping.
2024-12-06 20:29:55,682 [INFO] Episode 9 in 'D:\Masters\Sem5\uavRL\inference_outputs\Trajectories\RainandFog\a2c_naturecnn_single_rgb_RainandFog\a2c_naturecnn_single_rgb_RainandFog_positions.csv' did not travel at least 9 meters. Skipping.
2024-12-06 20:29:55,682 [INFO] Episode 10 in 'D:\Masters\Sem5\uavRL\inference_outputs\Trajectories\RainandFog\a2c_naturecnn_single_rgb_RainandFog\a2c_naturecnn_single_rgb_RainandFog_positions.csv' did not travel at least 9 meters. Skipping.
2024-12-06 20:29:55,684 [INFO] Episode 11 in 'D:\Masters\Sem5\uavRL\inference_outputs\Trajectories\RainandFog\a2c_naturecnn_single_rgb_RainandFog\a2c_naturecnn_single_rgb_RainandFog_positions.csv' did not travel at least 9 meters. Skipping.
2024-12-06 20:29:55,684 [INFO] Episode 12 in 'D:\Masters\Sem5\uavRL\inference_outputs\Trajectories\RainandFog\a2c_naturecnn_single_rgb_RainandFog\a2c_naturecnn_single_rgb_RainandFog_positions.csv' did not travel at least 9 meters. Skipping.
2024-12-06 20:29:55,685 [INFO] Episode 13 in 'D:\Masters\Sem5\uavRL\inference_outputs\Trajectories\RainandFog\a2c_naturecnn_single_rgb_RainandFog\a2c_naturecnn_single_rgb_RainandFog_positions.csv' did not travel at least 9 meters. Skipping.
2024-12-06 20:29:55,685 [INFO] Episode 14 in 'D:\Masters\Sem5\uavRL\inference_outputs\Trajectories\RainandFog\a2c_naturecnn_single_rgb_RainandFog\a2c_naturecnn_single_rgb_RainandFog_positions.csv' did not travel at least 9 meters. Skipping.
2024-12-06 20:29:55,686 [INFO] Episode 15 in 'D:\Masters\Sem5\uavRL\inference_outputs\Trajectories\RainandFog\a2c_naturecnn_single_rgb_RainandFog\a2c_naturecnn_single_rgb_RainandFog_positions.csv' did not travel at least 9 meters. Skipping.
2024-12-06 20:29:55,687 [INFO] Episode 16 in 'D:\Masters\Sem5\uavRL\inference_outputs\Trajectories\RainandFog\a2c_naturecnn_single_rgb_RainandFog\a2c_naturecnn_single_rgb_RainandFog_positions.csv' did not travel at least 9 meters. Skipping.
2024-12-06 20:29:55,687 [INFO] Episode 17 in 'D:\Masters\Sem5\uavRL\inference_outputs\Trajectories\RainandFog\a2c_naturecnn_single_rgb_RainandFog\a2c_naturecnn_single_rgb_RainandFog_positions.csv' did not travel at least 9 meters. Skipping.
2024-12-06 20:29:55,688 [INFO] Episode 18 in 'D:\Masters\Sem5\uavRL\inference_outputs\Trajectories\RainandFog\a2c_naturecnn_single_rgb_RainandFog\a2c_naturecnn_single_rgb_RainandFog_positions.csv' did not travel at least 9 meters. Skipping.
2024-12-06 20:29:55,688 [INFO] Episode 19 in 'D:\Masters\Sem5\uavRL\inference_outputs\Trajectories\RainandFog\a2c_naturecnn_single_rgb_RainandFog\a2c_naturecnn_single_rgb_RainandFog_positions.csv' did not travel at least 9 meters. Skipping.
2024-12-06 20:29:55,689 [INFO] Episode 20 in 'D:\Masters\Sem5\uavRL\inference_outputs\Trajectories\RainandFog\a2c_naturecnn_single_rgb_RainandFog\a2c_naturecnn_single_rgb_RainandFog_positions.csv' did not travel at least 9 meters. Skipping.
2024-12-06 20:29:55,689 [INFO] Episode 21 in 'D:\Masters\Sem5\uavRL\inference_outputs\Trajectories\RainandFog\a2c_naturecnn_single_rgb_RainandFog\a2c_naturecnn_single_rgb_RainandFog_positions.csv' did not travel at least 9 meters. Skipping.
2024-12-06 20:29:55,689 [INFO] Episode 22 in 'D:\Masters\Sem5\uavRL\inference_outputs\Trajectories\RainandFog\a2c_naturecnn_single_rgb_RainandFog\a2c_naturecnn_single_rgb_RainandFog_positions.csv' did not travel at least 9 meters. Skipping.
2024-12-06 20:29:55,691 [INFO] Episode 23 in 'D:\Masters\Sem5\uavRL\inference_outputs\Trajectories\RainandFog\a2c_naturecnn_single_rgb_RainandFog\a2c_naturecnn_single_rgb_RainandFog_positions.csv' did not travel at least 9 meters. Skipping.
2024-12-06 20:29:55,691 [INFO] Episode 24 in 'D:\Masters\Sem5\uavRL\inference_outputs\Trajectories\RainandFog\a2c_naturecnn_single_rgb_RainandFog\a2c_naturecnn_single_rgb_RainandFog_positions.csv' did not travel at least 9 meters. Skipping.
2024-12-06 20:29:55,692 [INFO] Episode 25 in 'D:\Masters\Sem5\uavRL\inference_outputs\Trajectories\RainandFog\a2c_naturecnn_single_rgb_RainandFog\a2c_naturecnn_single_rgb_RainandFog_positions.csv' did not travel at least 9 meters. Skipping.
2024-12-06 20:29:55,692 [INFO] Episode 28 in 'D:\Masters\Sem5\uavRL\inference_outputs\Trajectories\RainandFog\a2c_naturecnn_single_rgb_RainandFog\a2c_naturecnn_single_rgb_RainandFog_positions.csv' did not travel at least 9 meters. Skipping.
2024-12-06 20:29:55,693 [INFO] Episode 29 in 'D:\Masters\Sem5\uavRL\inference_outputs\Trajectories\RainandFog\a2c_naturecnn_single_rgb_RainandFog\a2c_naturecnn_single_rgb_RainandFog_positions.csv' did not travel at least 9 meters. Skipping.
2024-12-06 20:29:55,693 [INFO] Episode 31 in 'D:\Masters\Sem5\uavRL\inference_outputs\Trajectories\RainandFog\a2c_naturecnn_single_rgb_RainandFog\a2c_naturecnn_single_rgb_RainandFog_positions.csv' did not travel at least 9 meters. Skipping.
2024-12-06 20:29:55,694 [INFO] Episode 32 in 'D:\Masters\Sem5\uavRL\inference_outputs\Trajectories\RainandFog\a2c_naturecnn_single_rgb_RainandFog\a2c_naturecnn_single_rgb_RainandFog_positions.csv' did not travel at least 9 meters. Skipping.
2024-12-06 20:29:55,696 [INFO] Episode 33 in 'D:\Masters\Sem5\uavRL\inference_outputs\Trajectories\RainandFog\a2c_naturecnn_single_rgb_RainandFog\a2c_naturecnn_single_rgb_RainandFog_positions.csv' did not travel at least 9 meters. Skipping.
2024-12-06 20:29:55,697 [INFO] Episode 34 in 'D:\Masters\Sem5\uavRL\inference_outputs\Trajectories\RainandFog\a2c_naturecnn_single_rgb_RainandFog\a2c_naturecnn_single_rgb_RainandFog_positions.csv' did not travel at least 9 meters. Skipping.
2024-12-06 20:29:55,697 [INFO] Episode 35 in 'D:\Masters\Sem5\uavRL\inference_outputs\Trajectories\RainandFog\a2c_naturecnn_single_rgb_RainandFog\a2c_naturecnn_single_rgb_RainandFog_positions.csv' did not travel at least 9 meters. Skipping.
2024-12-06 20:29:55,698 [INFO] Episode 36 in 'D:\Masters\Sem5\uavRL\inference_outputs\Trajectories\RainandFog\a2c_naturecnn_single_rgb_RainandFog\a2c_naturecnn_single_rgb_RainandFog_positions.csv' did not travel at least 9 meters. Skipping.
2024-12-06 20:29:55,699 [INFO] Episode 37 in 'D:\Masters\Sem5\uavRL\inference_outputs\Trajectories\RainandFog\a2c_naturecnn_single_rgb_RainandFog\a2c_naturecnn_single_rgb_RainandFog_positions.csv' did not travel at least 9 meters. Skipping.
2024-12-06 20:29:55,699 [INFO] Episode 38 in 'D:\Masters\Sem5\uavRL\inference_outputs\Trajectories\RainandFog\a2c_naturecnn_single_rgb_RainandFog\a2c_naturecnn_single_rgb_RainandFog_positions.csv' did not travel at least 9 meters. Skipping.
2024-12-06 20:29:55,700 [INFO] Episode 39 in 'D:\Masters\Sem5\uavRL\inference_outputs\Trajectories\RainandFog\a2c_naturecnn_single_rgb_RainandFog\a2c_naturecnn_single_rgb_RainandFog_positions.csv' did not travel at least 9 meters. Skipping.
2024-12-06 20:29:55,700 [INFO] Episode 40 in 'D:\Masters\Sem5\uavRL\inference_outputs\Trajectories\RainandFog\a2c_naturecnn_single_rgb_RainandFog\a2c_naturecnn_single_rgb_RainandFog_positions.csv' did not travel at least 9 meters. Skipping.
2024-12-06 20:29:55,700 [INFO] Episode 41 in 'D:\Masters\Sem5\uavRL\inference_outputs\Trajectories\RainandFog\a2c_naturecnn_single_rgb_RainandFog\a2c_naturecnn_single_rgb_RainandFog_positions.csv' did not travel at least 9 meters. Skipping.
2024-12-06 20:29:55,702 [INFO] Episode 42 in 'D:\Masters\Sem5\uavRL\inference_outputs\Trajectories\RainandFog\a2c_naturecnn_single_rgb_RainandFog\a2c_naturecnn_single_rgb_RainandFog_positions.csv' did not travel at least 9 meters. Skipping.
2024-12-06 20:29:55,702 [INFO] Episode 43 in 'D:\Masters\Sem5\uavRL\inference_outputs\Trajectories\RainandFog\a2c_naturecnn_single_rgb_RainandFog\a2c_naturecnn_single_rgb_RainandFog_positions.csv' did not travel at least 9 meters. Skipping.
2024-12-06 20:29:55,703 [INFO] Episode 44 in 'D:\Masters\Sem5\uavRL\inference_outputs\Trajectories\RainandFog\a2c_naturecnn_single_rgb_RainandFog\a2c_naturecnn_single_rgb_RainandFog_positions.csv' did not travel at least 9 meters. Skipping.
2024-12-06 20:29:55,703 [INFO] Episode 45 in 'D:\Masters\Sem5\uavRL\inference_outputs\Trajectories\RainandFog\a2c_naturecnn_single_rgb_RainandFog\a2c_naturecnn_single_rgb_RainandFog_positions.csv' did not travel at least 9 meters. Skipping.
2024-12-06 20:29:55,704 [INFO] Episode 46 in 'D:\Masters\Sem5\uavRL\inference_outputs\Trajectories\RainandFog\a2c_naturecnn_single_rgb_RainandFog\a2c_naturecnn_single_rgb_RainandFog_positions.csv' did not travel at least 9 meters. Skipping.
2024-12-06 20:29:55,704 [INFO] Episode 47 in 'D:\Masters\Sem5\uavRL\inference_outputs\Trajectories\RainandFog\a2c_naturecnn_single_rgb_RainandFog\a2c_naturecnn_single_rgb_RainandFog_positions.csv' did not travel at least 9 meters. Skipping.
2024-12-06 20:29:55,705 [INFO] Episode 48 in 'D:\Masters\Sem5\uavRL\inference_outputs\Trajectories\RainandFog\a2c_naturecnn_single_rgb_RainandFog\a2c_naturecnn_single_rgb_RainandFog_positions.csv' did not travel at least 9 meters. Skipping.
2024-12-06 20:29:55,705 [INFO] Episode 49 in 'D:\Masters\Sem5\uavRL\inference_outputs\Trajectories\RainandFog\a2c_naturecnn_single_rgb_RainandFog\a2c_naturecnn_single_rgb_RainandFog_positions.csv' did not travel at least 9 meters. Skipping.
2024-12-06 20:29:55,706 [INFO] Episode 50 in 'D:\Masters\Sem5\uavRL\inference_outputs\Trajectories\RainandFog\a2c_naturecnn_single_rgb_RainandFog\a2c_naturecnn_single_rgb_RainandFog_positions.csv' did not travel at least 9 meters. Skipping.
2024-12-06 20:29:55,707 [INFO] Episode 51 in 'D:\Masters\Sem5\uavRL\inference_outputs\Trajectories\RainandFog\a2c_naturecnn_single_rgb_RainandFog\a2c_naturecnn_single_rgb_RainandFog_positions.csv' did not travel at least 9 meters. Skipping.
2024-12-06 20:29:55,708 [INFO] Episode 52 in 'D:\Masters\Sem5\uavRL\inference_outputs\Trajectories\RainandFog\a2c_naturecnn_single_rgb_RainandFog\a2c_naturecnn_single_rgb_RainandFog_positions.csv' did not travel at least 9 meters. Skipping.
2024-12-06 20:29:55,708 [INFO] Episode 53 in 'D:\Masters\Sem5\uavRL\inference_outputs\Trajectories\RainandFog\a2c_naturecnn_single_rgb_RainandFog\a2c_naturecnn_single_rgb_RainandFog_positions.csv' did not travel at least 9 meters. Skipping.
2024-12-06 20:29:55,708 [INFO] Episode 54 in 'D:\Masters\Sem5\uavRL\inference_outputs\Trajectories\RainandFog\a2c_naturecnn_single_rgb_RainandFog\a2c_naturecnn_single_rgb_RainandFog_positions.csv' did not travel at least 9 meters. Skipping.
2024-12-06 20:29:55,709 [INFO] Episode 56 in 'D:\Masters\Sem5\uavRL\inference_outputs\Trajectories\RainandFog\a2c_naturecnn_single_rgb_RainandFog\a2c_naturecnn_single_rgb_RainandFog_positions.csv' did not travel at least 9 meters. Skipping.
2024-12-06 20:29:55,710 [INFO] Episode 57 in 'D:\Masters\Sem5\uavRL\inference_outputs\Trajectories\RainandFog\a2c_naturecnn_single_rgb_RainandFog\a2c_naturecnn_single_rgb_RainandFog_positions.csv' did not travel at least 9 meters. Skipping.
2024-12-06 20:29:55,710 [INFO] Episode 58 in 'D:\Masters\Sem5\uavRL\inference_outputs\Trajectories\RainandFog\a2c_naturecnn_single_rgb_RainandFog\a2c_naturecnn_single_rgb_RainandFog_positions.csv' did not travel at least 9 meters. Skipping.
2024-12-06 20:29:55,710 [INFO] Episode 59 in 'D:\Masters\Sem5\uavRL\inference_outputs\Trajectories\RainandFog\a2c_naturecnn_single_rgb_RainandFog\a2c_naturecnn_single_rgb_RainandFog_positions.csv' did not travel at least 9 meters. Skipping.
2024-12-06 20:29:55,712 [INFO] Episode 60 in 'D:\Masters\Sem5\uavRL\inference_outputs\Trajectories\RainandFog\a2c_naturecnn_single_rgb_RainandFog\a2c_naturecnn_single_rgb_RainandFog_positions.csv' did not travel at least 9 meters. Skipping.
2024-12-06 20:29:55,713 [INFO] Episode 61 in 'D:\Masters\Sem5\uavRL\inference_outputs\Trajectories\RainandFog\a2c_naturecnn_single_rgb_RainandFog\a2c_naturecnn_single_rgb_RainandFog_positions.csv' did not travel at least 9 meters. Skipping.
2024-12-06 20:29:55,713 [INFO] Episode 62 in 'D:\Masters\Sem5\uavRL\inference_outputs\Trajectories\RainandFog\a2c_naturecnn_single_rgb_RainandFog\a2c_naturecnn_single_rgb_RainandFog_positions.csv' did not travel at least 9 meters. Skipping.
2024-12-06 20:29:55,714 [INFO] Episode 63 in 'D:\Masters\Sem5\uavRL\inference_outputs\Trajectories\RainandFog\a2c_naturecnn_single_rgb_RainandFog\a2c_naturecnn_single_rgb_RainandFog_positions.csv' did not travel at least 9 meters. Skipping.
2024-12-06 20:29:55,715 [INFO] Episode 64 in 'D:\Masters\Sem5\uavRL\inference_outputs\Trajectories\RainandFog\a2c_naturecnn_single_rgb_RainandFog\a2c_naturecnn_single_rgb_RainandFog_positions.csv' did not travel at least 9 meters. Skipping.
2024-12-06 20:29:55,715 [INFO] Episode 65 in 'D:\Masters\Sem5\uavRL\inference_outputs\Trajectories\RainandFog\a2c_naturecnn_single_rgb_RainandFog\a2c_naturecnn_single_rgb_RainandFog_positions.csv' did not travel at least 9 meters. Skipping.
2024-12-06 20:29:55,715 [INFO] Episode 66 in 'D:\Masters\Sem5\uavRL\inference_outputs\Trajectories\RainandFog\a2c_naturecnn_single_rgb_RainandFog\a2c_naturecnn_single_rgb_RainandFog_positions.csv' did not travel at least 9 meters. Skipping.
2024-12-06 20:29:55,717 [INFO] Episode 67 in 'D:\Masters\Sem5\uavRL\inference_outputs\Trajectories\RainandFog\a2c_naturecnn_single_rgb_RainandFog\a2c_naturecnn_single_rgb_RainandFog_positions.csv' did not travel at least 9 meters. Skipping.
2024-12-06 20:29:55,717 [INFO] Episode 68 in 'D:\Masters\Sem5\uavRL\inference_outputs\Trajectories\RainandFog\a2c_naturecnn_single_rgb_RainandFog\a2c_naturecnn_single_rgb_RainandFog_positions.csv' did not travel at least 9 meters. Skipping.
2024-12-06 20:29:55,718 [INFO] Episode 69 in 'D:\Masters\Sem5\uavRL\inference_outputs\Trajectories\RainandFog\a2c_naturecnn_single_rgb_RainandFog\a2c_naturecnn_single_rgb_RainandFog_positions.csv' did not travel at least 9 meters. Skipping.
2024-12-06 20:29:55,719 [INFO] Episode 70 in 'D:\Masters\Sem5\uavRL\inference_outputs\Trajectories\RainandFog\a2c_naturecnn_single_rgb_RainandFog\a2c_naturecnn_single_rgb_RainandFog_positions.csv' did not travel at least 9 meters. Skipping.
2024-12-06 20:29:55,719 [INFO] Episode 71 in 'D:\Masters\Sem5\uavRL\inference_outputs\Trajectories\RainandFog\a2c_naturecnn_single_rgb_RainandFog\a2c_naturecnn_single_rgb_RainandFog_positions.csv' did not travel at least 9 meters. Skipping.
2024-12-06 20:29:55,719 [INFO] Episode 72 in 'D:\Masters\Sem5\uavRL\inference_outputs\Trajectories\RainandFog\a2c_naturecnn_single_rgb_RainandFog\a2c_naturecnn_single_rgb_RainandFog_positions.csv' did not travel at least 9 meters. Skipping.
2024-12-06 20:29:55,721 [INFO] Episode 73 in 'D:\Masters\Sem5\uavRL\inference_outputs\Trajectories\RainandFog\a2c_naturecnn_single_rgb_RainandFog\a2c_naturecnn_single_rgb_RainandFog_positions.csv' did not travel at least 9 meters. Skipping.
2024-12-06 20:29:55,721 [INFO] Episode 74 in 'D:\Masters\Sem5\uavRL\inference_outputs\Trajectories\RainandFog\a2c_naturecnn_single_rgb_RainandFog\a2c_naturecnn_single_rgb_RainandFog_positions.csv' did not travel at least 9 meters. Skipping.
2024-12-06 20:29:55,721 [INFO] Episode 75 in 'D:\Masters\Sem5\uavRL\inference_outputs\Trajectories\RainandFog\a2c_naturecnn_single_rgb_RainandFog\a2c_naturecnn_single_rgb_RainandFog_positions.csv' did not travel at least 9 meters. Skipping.
2024-12-06 20:29:55,722 [INFO] Episode 76 in 'D:\Masters\Sem5\uavRL\inference_outputs\Trajectories\RainandFog\a2c_naturecnn_single_rgb_RainandFog\a2c_naturecnn_single_rgb_RainandFog_positions.csv' did not travel at least 9 meters. Skipping.
2024-12-06 20:29:55,722 [INFO] Episode 77 in 'D:\Masters\Sem5\uavRL\inference_outputs\Trajectories\RainandFog\a2c_naturecnn_single_rgb_RainandFog\a2c_naturecnn_single_rgb_RainandFog_positions.csv' did not travel at least 9 meters. Skipping.
2024-12-06 20:29:55,723 [INFO] Episode 78 in 'D:\Masters\Sem5\uavRL\inference_outputs\Trajectories\RainandFog\a2c_naturecnn_single_rgb_RainandFog\a2c_naturecnn_single_rgb_RainandFog_positions.csv' did not travel at least 9 meters. Skipping.
2024-12-06 20:29:55,723 [INFO] Episode 80 in 'D:\Masters\Sem5\uavRL\inference_outputs\Trajectories\RainandFog\a2c_naturecnn_single_rgb_RainandFog\a2c_naturecnn_single_rgb_RainandFog_positions.csv' did not travel at least 9 meters. Skipping.
2024-12-06 20:29:55,725 [INFO] Episode 82 in 'D:\Masters\Sem5\uavRL\inference_outputs\Trajectories\RainandFog\a2c_naturecnn_single_rgb_RainandFog\a2c_naturecnn_single_rgb_RainandFog_positions.csv' did not travel at least 9 meters. Skipping.
2024-12-06 20:29:55,725 [INFO] Episode 83 in 'D:\Masters\Sem5\uavRL\inference_outputs\Trajectories\RainandFog\a2c_naturecnn_single_rgb_RainandFog\a2c_naturecnn_single_rgb_RainandFog_positions.csv' did not travel at least 9 meters. Skipping.
2024-12-06 20:29:55,726 [INFO] Episode 84 in 'D:\Masters\Sem5\uavRL\inference_outputs\Trajectories\RainandFog\a2c_naturecnn_single_rgb_RainandFog\a2c_naturecnn_single_rgb_RainandFog_positions.csv' did not travel at least 9 meters. Skipping.
2024-12-06 20:29:55,726 [INFO] Episode 85 in 'D:\Masters\Sem5\uavRL\inference_outputs\Trajectories\RainandFog\a2c_naturecnn_single_rgb_RainandFog\a2c_naturecnn_single_rgb_RainandFog_positions.csv' did not travel at least 9 meters. Skipping.
2024-12-06 20:29:55,727 [INFO] Episode 86 in 'D:\Masters\Sem5\uavRL\inference_outputs\Trajectories\RainandFog\a2c_naturecnn_single_rgb_RainandFog\a2c_naturecnn_single_rgb_RainandFog_positions.csv' did not travel at least 9 meters. Skipping.
2024-12-06 20:29:55,727 [INFO] Episode 87 in 'D:\Masters\Sem5\uavRL\inference_outputs\Trajectories\RainandFog\a2c_naturecnn_single_rgb_RainandFog\a2c_naturecnn_single_rgb_RainandFog_positions.csv' did not travel at least 9 meters. Skipping.
2024-12-06 20:29:55,729 [INFO] Episode 88 in 'D:\Masters\Sem5\uavRL\inference_outputs\Trajectories\RainandFog\a2c_naturecnn_single_rgb_RainandFog\a2c_naturecnn_single_rgb_RainandFog_positions.csv' did not travel at least 9 meters. Skipping.
2024-12-06 20:29:55,729 [INFO] Episode 89 in 'D:\Masters\Sem5\uavRL\inference_outputs\Trajectories\RainandFog\a2c_naturecnn_single_rgb_RainandFog\a2c_naturecnn_single_rgb_RainandFog_positions.csv' did not travel at least 9 meters. Skipping.
2024-12-06 20:29:55,730 [INFO] Episode 90 in 'D:\Masters\Sem5\uavRL\inference_outputs\Trajectories\RainandFog\a2c_naturecnn_single_rgb_RainandFog\a2c_naturecnn_single_rgb_RainandFog_positions.csv' did not travel at least 9 meters. Skipping.
2024-12-06 20:29:55,731 [INFO] Episode 91 in 'D:\Masters\Sem5\uavRL\inference_outputs\Trajectories\RainandFog\a2c_naturecnn_single_rgb_RainandFog\a2c_naturecnn_single_rgb_RainandFog_positions.csv' did not travel at least 9 meters. Skipping.
2024-12-06 20:29:55,731 [INFO] Episode 92 in 'D:\Masters\Sem5\uavRL\inference_outputs\Trajectories\RainandFog\a2c_naturecnn_single_rgb_RainandFog\a2c_naturecnn_single_rgb_RainandFog_positions.csv' did not travel at least 9 meters. Skipping.
2024-12-06 20:29:55,732 [INFO] Episode 93 in 'D:\Masters\Sem5\uavRL\inference_outputs\Trajectories\RainandFog\a2c_naturecnn_single_rgb_RainandFog\a2c_naturecnn_single_rgb_RainandFog_positions.csv' did not travel at least 9 meters. Skipping.
2024-12-06 20:29:55,733 [INFO] Episode 94 in 'D:\Masters\Sem5\uavRL\inference_outputs\Trajectories\RainandFog\a2c_naturecnn_single_rgb_RainandFog\a2c_naturecnn_single_rgb_RainandFog_positions.csv' did not travel at least 9 meters. Skipping.
2024-12-06 20:29:55,733 [INFO] Episode 95 in 'D:\Masters\Sem5\uavRL\inference_outputs\Trajectories\RainandFog\a2c_naturecnn_single_rgb_RainandFog\a2c_naturecnn_single_rgb_RainandFog_positions.csv' did not travel at least 9 meters. Skipping.
2024-12-06 20:29:55,734 [INFO] Episode 96 in 'D:\Masters\Sem5\uavRL\inference_outputs\Trajectories\RainandFog\a2c_naturecnn_single_rgb_RainandFog\a2c_naturecnn_single_rgb_RainandFog_positions.csv' did not travel at least 9 meters. Skipping.
2024-12-06 20:29:55,734 [INFO] Episode 97 in 'D:\Masters\Sem5\uavRL\inference_outputs\Trajectories\RainandFog\a2c_naturecnn_single_rgb_RainandFog\a2c_naturecnn_single_rgb_RainandFog_positions.csv' did not travel at least 9 meters. Skipping.
2024-12-06 20:29:55,735 [INFO] Episode 98 in 'D:\Masters\Sem5\uavRL\inference_outputs\Trajectories\RainandFog\a2c_naturecnn_single_rgb_RainandFog\a2c_naturecnn_single_rgb_RainandFog_positions.csv' did not travel at least 9 meters. Skipping.
2024-12-06 20:29:55,736 [INFO] Episode 99 in 'D:\Masters\Sem5\uavRL\inference_outputs\Trajectories\RainandFog\a2c_naturecnn_single_rgb_RainandFog\a2c_naturecnn_single_rgb_RainandFog_positions.csv' did not travel at least 9 meters. Skipping.
2024-12-06 20:29:55,738 [INFO] Episode 100 in 'D:\Masters\Sem5\uavRL\inference_outputs\Trajectories\RainandFog\a2c_naturecnn_single_rgb_RainandFog\a2c_naturecnn_single_rgb_RainandFog_positions.csv' did not travel at least 9 meters. Skipping.
2024-12-06 20:29:55,741 [INFO] Successfully read 'D:\Masters\Sem5\uavRL\inference_outputs\Trajectories\RainandFog\ppo_naturecnn_single_rgb_RainandFog\ppo_naturecnn_single_rgb_RainandFog_positions.csv'.
2024-12-06 20:29:55,742 [INFO] Episode 1 in 'D:\Masters\Sem5\uavRL\inference_outputs\Trajectories\RainandFog\ppo_naturecnn_single_rgb_RainandFog\ppo_naturecnn_single_rgb_RainandFog_positions.csv' did not travel at least 9 meters. Skipping.
2024-12-06 20:29:55,742 [INFO] Episode 2 in 'D:\Masters\Sem5\uavRL\inference_outputs\Trajectories\RainandFog\ppo_naturecnn_single_rgb_RainandFog\ppo_naturecnn_single_rgb_RainandFog_positions.csv' did not travel at least 9 meters. Skipping.
2024-12-06 20:29:55,743 [INFO] Episode 3 in 'D:\Masters\Sem5\uavRL\inference_outputs\Trajectories\RainandFog\ppo_naturecnn_single_rgb_RainandFog\ppo_naturecnn_single_rgb_RainandFog_positions.csv' did not travel at least 9 meters. Skipping.
2024-12-06 20:29:55,744 [INFO] Episode 4 in 'D:\Masters\Sem5\uavRL\inference_outputs\Trajectories\RainandFog\ppo_naturecnn_single_rgb_RainandFog\ppo_naturecnn_single_rgb_RainandFog_positions.csv' did not travel at least 9 meters. Skipping.
2024-12-06 20:29:55,745 [INFO] Episode 5 in 'D:\Masters\Sem5\uavRL\inference_outputs\Trajectories\RainandFog\ppo_naturecnn_single_rgb_RainandFog\ppo_naturecnn_single_rgb_RainandFog_positions.csv' did not travel at least 9 meters. Skipping.
2024-12-06 20:29:55,745 [INFO] Episode 6 in 'D:\Masters\Sem5\uavRL\inference_outputs\Trajectories\RainandFog\ppo_naturecnn_single_rgb_RainandFog\ppo_naturecnn_single_rgb_RainandFog_positions.csv' did not travel at least 9 meters. Skipping.
2024-12-06 20:29:55,746 [INFO] Episode 7 in 'D:\Masters\Sem5\uavRL\inference_outputs\Trajectories\RainandFog\ppo_naturecnn_single_rgb_RainandFog\ppo_naturecnn_single_rgb_RainandFog_positions.csv' did not travel at least 9 meters. Skipping.
2024-12-06 20:29:55,746 [INFO] Episode 8 in 'D:\Masters\Sem5\uavRL\inference_outputs\Trajectories\RainandFog\ppo_naturecnn_single_rgb_RainandFog\ppo_naturecnn_single_rgb_RainandFog_positions.csv' did not travel at least 9 meters. Skipping.
2024-12-06 20:29:55,747 [INFO] Episode 9 in 'D:\Masters\Sem5\uavRL\inference_outputs\Trajectories\RainandFog\ppo_naturecnn_single_rgb_RainandFog\ppo_naturecnn_single_rgb_RainandFog_positions.csv' did not travel at least 9 meters. Skipping.
2024-12-06 20:29:55,747 [INFO] Episode 10 in 'D:\Masters\Sem5\uavRL\inference_outputs\Trajectories\RainandFog\ppo_naturecnn_single_rgb_RainandFog\ppo_naturecnn_single_rgb_RainandFog_positions.csv' did not travel at least 9 meters. Skipping.
2024-12-06 20:29:55,748 [INFO] Episode 11 in 'D:\Masters\Sem5\uavRL\inference_outputs\Trajectories\RainandFog\ppo_naturecnn_single_rgb_RainandFog\ppo_naturecnn_single_rgb_RainandFog_positions.csv' did not travel at least 9 meters. Skipping.
2024-12-06 20:29:55,748 [INFO] Episode 12 in 'D:\Masters\Sem5\uavRL\inference_outputs\Trajectories\RainandFog\ppo_naturecnn_single_rgb_RainandFog\ppo_naturecnn_single_rgb_RainandFog_positions.csv' did not travel at least 9 meters. Skipping.
2024-12-06 20:29:55,748 [INFO] Episode 13 in 'D:\Masters\Sem5\uavRL\inference_outputs\Trajectories\RainandFog\ppo_naturecnn_single_rgb_RainandFog\ppo_naturecnn_single_rgb_RainandFog_positions.csv' did not travel at least 9 meters. Skipping.
2024-12-06 20:29:55,750 [INFO] Episode 14 in 'D:\Masters\Sem5\uavRL\inference_outputs\Trajectories\RainandFog\ppo_naturecnn_single_rgb_RainandFog\ppo_naturecnn_single_rgb_RainandFog_positions.csv' did not travel at least 9 meters. Skipping.
2024-12-06 20:29:55,750 [INFO] Episode 15 in 'D:\Masters\Sem5\uavRL\inference_outputs\Trajectories\RainandFog\ppo_naturecnn_single_rgb_RainandFog\ppo_naturecnn_single_rgb_RainandFog_positions.csv' did not travel at least 9 meters. Skipping.
2024-12-06 20:29:55,751 [INFO] Episode 16 in 'D:\Masters\Sem5\uavRL\inference_outputs\Trajectories\RainandFog\ppo_naturecnn_single_rgb_RainandFog\ppo_naturecnn_single_rgb_RainandFog_positions.csv' did not travel at least 9 meters. Skipping.
2024-12-06 20:29:55,751 [INFO] Episode 17 in 'D:\Masters\Sem5\uavRL\inference_outputs\Trajectories\RainandFog\ppo_naturecnn_single_rgb_RainandFog\ppo_naturecnn_single_rgb_RainandFog_positions.csv' did not travel at least 9 meters. Skipping.
2024-12-06 20:29:55,752 [INFO] Episode 18 in 'D:\Masters\Sem5\uavRL\inference_outputs\Trajectories\RainandFog\ppo_naturecnn_single_rgb_RainandFog\ppo_naturecnn_single_rgb_RainandFog_positions.csv' did not travel at least 9 meters. Skipping.
2024-12-06 20:29:55,752 [INFO] Episode 19 in 'D:\Masters\Sem5\uavRL\inference_outputs\Trajectories\RainandFog\ppo_naturecnn_single_rgb_RainandFog\ppo_naturecnn_single_rgb_RainandFog_positions.csv' did not travel at least 9 meters. Skipping.
2024-12-06 20:29:55,753 [INFO] Episode 20 in 'D:\Masters\Sem5\uavRL\inference_outputs\Trajectories\RainandFog\ppo_naturecnn_single_rgb_RainandFog\ppo_naturecnn_single_rgb_RainandFog_positions.csv' did not travel at least 9 meters. Skipping.
2024-12-06 20:29:55,753 [INFO] Episode 21 in 'D:\Masters\Sem5\uavRL\inference_outputs\Trajectories\RainandFog\ppo_naturecnn_single_rgb_RainandFog\ppo_naturecnn_single_rgb_RainandFog_positions.csv' did not travel at least 9 meters. Skipping.
2024-12-06 20:29:55,753 [INFO] Episode 22 in 'D:\Masters\Sem5\uavRL\inference_outputs\Trajectories\RainandFog\ppo_naturecnn_single_rgb_RainandFog\ppo_naturecnn_single_rgb_RainandFog_positions.csv' did not travel at least 9 meters. Skipping.
2024-12-06 20:29:55,756 [INFO] Episode 23 in 'D:\Masters\Sem5\uavRL\inference_outputs\Trajectories\RainandFog\ppo_naturecnn_single_rgb_RainandFog\ppo_naturecnn_single_rgb_RainandFog_positions.csv' did not travel at least 9 meters. Skipping.
2024-12-06 20:29:55,757 [INFO] Episode 24 in 'D:\Masters\Sem5\uavRL\inference_outputs\Trajectories\RainandFog\ppo_naturecnn_single_rgb_RainandFog\ppo_naturecnn_single_rgb_RainandFog_positions.csv' did not travel at least 9 meters. Skipping.
2024-12-06 20:29:55,757 [INFO] Episode 25 in 'D:\Masters\Sem5\uavRL\inference_outputs\Trajectories\RainandFog\ppo_naturecnn_single_rgb_RainandFog\ppo_naturecnn_single_rgb_RainandFog_positions.csv' did not travel at least 9 meters. Skipping.
2024-12-06 20:29:55,758 [INFO] Episode 26 in 'D:\Masters\Sem5\uavRL\inference_outputs\Trajectories\RainandFog\ppo_naturecnn_single_rgb_RainandFog\ppo_naturecnn_single_rgb_RainandFog_positions.csv' did not travel at least 9 meters. Skipping.
2024-12-06 20:29:55,758 [INFO] Episode 27 in 'D:\Masters\Sem5\uavRL\inference_outputs\Trajectories\RainandFog\ppo_naturecnn_single_rgb_RainandFog\ppo_naturecnn_single_rgb_RainandFog_positions.csv' did not travel at least 9 meters. Skipping.
2024-12-06 20:29:55,759 [INFO] Episode 28 in 'D:\Masters\Sem5\uavRL\inference_outputs\Trajectories\RainandFog\ppo_naturecnn_single_rgb_RainandFog\ppo_naturecnn_single_rgb_RainandFog_positions.csv' did not travel at least 9 meters. Skipping.
2024-12-06 20:29:55,760 [INFO] Episode 29 in 'D:\Masters\Sem5\uavRL\inference_outputs\Trajectories\RainandFog\ppo_naturecnn_single_rgb_RainandFog\ppo_naturecnn_single_rgb_RainandFog_positions.csv' did not travel at least 9 meters. Skipping.
2024-12-06 20:29:55,761 [INFO] Episode 30 in 'D:\Masters\Sem5\uavRL\inference_outputs\Trajectories\RainandFog\ppo_naturecnn_single_rgb_RainandFog\ppo_naturecnn_single_rgb_RainandFog_positions.csv' did not travel at least 9 meters. Skipping.
2024-12-06 20:29:55,762 [INFO] Episode 31 in 'D:\Masters\Sem5\uavRL\inference_outputs\Trajectories\RainandFog\ppo_naturecnn_single_rgb_RainandFog\ppo_naturecnn_single_rgb_RainandFog_positions.csv' did not travel at least 9 meters. Skipping.
2024-12-06 20:29:55,762 [INFO] Episode 32 in 'D:\Masters\Sem5\uavRL\inference_outputs\Trajectories\RainandFog\ppo_naturecnn_single_rgb_RainandFog\ppo_naturecnn_single_rgb_RainandFog_positions.csv' did not travel at least 9 meters. Skipping.
2024-12-06 20:29:55,764 [INFO] Episode 33 in 'D:\Masters\Sem5\uavRL\inference_outputs\Trajectories\RainandFog\ppo_naturecnn_single_rgb_RainandFog\ppo_naturecnn_single_rgb_RainandFog_positions.csv' did not travel at least 9 meters. Skipping.
2024-12-06 20:29:55,765 [INFO] Episode 34 in 'D:\Masters\Sem5\uavRL\inference_outputs\Trajectories\RainandFog\ppo_naturecnn_single_rgb_RainandFog\ppo_naturecnn_single_rgb_RainandFog_positions.csv' did not travel at least 9 meters. Skipping.
2024-12-06 20:29:55,765 [INFO] Episode 35 in 'D:\Masters\Sem5\uavRL\inference_outputs\Trajectories\RainandFog\ppo_naturecnn_single_rgb_RainandFog\ppo_naturecnn_single_rgb_RainandFog_positions.csv' did not travel at least 9 meters. Skipping.
2024-12-06 20:29:55,765 [INFO] Episode 36 in 'D:\Masters\Sem5\uavRL\inference_outputs\Trajectories\RainandFog\ppo_naturecnn_single_rgb_RainandFog\ppo_naturecnn_single_rgb_RainandFog_positions.csv' did not travel at least 9 meters. Skipping.
2024-12-06 20:29:55,766 [INFO] Episode 37 in 'D:\Masters\Sem5\uavRL\inference_outputs\Trajectories\RainandFog\ppo_naturecnn_single_rgb_RainandFog\ppo_naturecnn_single_rgb_RainandFog_positions.csv' did not travel at least 9 meters. Skipping.
2024-12-06 20:29:55,766 [INFO] Episode 38 in 'D:\Masters\Sem5\uavRL\inference_outputs\Trajectories\RainandFog\ppo_naturecnn_single_rgb_RainandFog\ppo_naturecnn_single_rgb_RainandFog_positions.csv' did not travel at least 9 meters. Skipping.
2024-12-06 20:29:55,768 [INFO] Episode 39 in 'D:\Masters\Sem5\uavRL\inference_outputs\Trajectories\RainandFog\ppo_naturecnn_single_rgb_RainandFog\ppo_naturecnn_single_rgb_RainandFog_positions.csv' did not travel at least 9 meters. Skipping.
2024-12-06 20:29:55,768 [INFO] Episode 40 in 'D:\Masters\Sem5\uavRL\inference_outputs\Trajectories\RainandFog\ppo_naturecnn_single_rgb_RainandFog\ppo_naturecnn_single_rgb_RainandFog_positions.csv' did not travel at least 9 meters. Skipping.
2024-12-06 20:29:55,768 [INFO] Episode 41 in 'D:\Masters\Sem5\uavRL\inference_outputs\Trajectories\RainandFog\ppo_naturecnn_single_rgb_RainandFog\ppo_naturecnn_single_rgb_RainandFog_positions.csv' did not travel at least 9 meters. Skipping.
2024-12-06 20:29:55,769 [INFO] Episode 42 in 'D:\Masters\Sem5\uavRL\inference_outputs\Trajectories\RainandFog\ppo_naturecnn_single_rgb_RainandFog\ppo_naturecnn_single_rgb_RainandFog_positions.csv' did not travel at least 9 meters. Skipping.
2024-12-06 20:29:55,769 [INFO] Episode 44 in 'D:\Masters\Sem5\uavRL\inference_outputs\Trajectories\RainandFog\ppo_naturecnn_single_rgb_RainandFog\ppo_naturecnn_single_rgb_RainandFog_positions.csv' did not travel at least 9 meters. Skipping.
2024-12-06 20:29:55,770 [INFO] Episode 45 in 'D:\Masters\Sem5\uavRL\inference_outputs\Trajectories\RainandFog\ppo_naturecnn_single_rgb_RainandFog\ppo_naturecnn_single_rgb_RainandFog_positions.csv' did not travel at least 9 meters. Skipping.
2024-12-06 20:29:55,770 [INFO] Episode 46 in 'D:\Masters\Sem5\uavRL\inference_outputs\Trajectories\RainandFog\ppo_naturecnn_single_rgb_RainandFog\ppo_naturecnn_single_rgb_RainandFog_positions.csv' did not travel at least 9 meters. Skipping.
2024-12-06 20:29:55,772 [INFO] Episode 47 in 'D:\Masters\Sem5\uavRL\inference_outputs\Trajectories\RainandFog\ppo_naturecnn_single_rgb_RainandFog\ppo_naturecnn_single_rgb_RainandFog_positions.csv' did not travel at least 9 meters. Skipping.
2024-12-06 20:29:55,772 [INFO] Episode 48 in 'D:\Masters\Sem5\uavRL\inference_outputs\Trajectories\RainandFog\ppo_naturecnn_single_rgb_RainandFog\ppo_naturecnn_single_rgb_RainandFog_positions.csv' did not travel at least 9 meters. Skipping.
2024-12-06 20:29:55,773 [INFO] Episode 49 in 'D:\Masters\Sem5\uavRL\inference_outputs\Trajectories\RainandFog\ppo_naturecnn_single_rgb_RainandFog\ppo_naturecnn_single_rgb_RainandFog_positions.csv' did not travel at least 9 meters. Skipping.
2024-12-06 20:29:55,773 [INFO] Episode 50 in 'D:\Masters\Sem5\uavRL\inference_outputs\Trajectories\RainandFog\ppo_naturecnn_single_rgb_RainandFog\ppo_naturecnn_single_rgb_RainandFog_positions.csv' did not travel at least 9 meters. Skipping.
2024-12-06 20:29:55,773 [INFO] Episode 51 in 'D:\Masters\Sem5\uavRL\inference_outputs\Trajectories\RainandFog\ppo_naturecnn_single_rgb_RainandFog\ppo_naturecnn_single_rgb_RainandFog_positions.csv' did not travel at least 9 meters. Skipping.
2024-12-06 20:29:55,774 [INFO] Episode 52 in 'D:\Masters\Sem5\uavRL\inference_outputs\Trajectories\RainandFog\ppo_naturecnn_single_rgb_RainandFog\ppo_naturecnn_single_rgb_RainandFog_positions.csv' did not travel at least 9 meters. Skipping.
2024-12-06 20:29:55,774 [INFO] Episode 53 in 'D:\Masters\Sem5\uavRL\inference_outputs\Trajectories\RainandFog\ppo_naturecnn_single_rgb_RainandFog\ppo_naturecnn_single_rgb_RainandFog_positions.csv' did not travel at least 9 meters. Skipping.
2024-12-06 20:29:55,775 [INFO] Episode 54 in 'D:\Masters\Sem5\uavRL\inference_outputs\Trajectories\RainandFog\ppo_naturecnn_single_rgb_RainandFog\ppo_naturecnn_single_rgb_RainandFog_positions.csv' did not travel at least 9 meters. Skipping.
2024-12-06 20:29:55,775 [INFO] Episode 55 in 'D:\Masters\Sem5\uavRL\inference_outputs\Trajectories\RainandFog\ppo_naturecnn_single_rgb_RainandFog\ppo_naturecnn_single_rgb_RainandFog_positions.csv' did not travel at least 9 meters. Skipping.
2024-12-06 20:29:55,776 [INFO] Episode 56 in 'D:\Masters\Sem5\uavRL\inference_outputs\Trajectories\RainandFog\ppo_naturecnn_single_rgb_RainandFog\ppo_naturecnn_single_rgb_RainandFog_positions.csv' did not travel at least 9 meters. Skipping.
2024-12-06 20:29:55,776 [INFO] Episode 57 in 'D:\Masters\Sem5\uavRL\inference_outputs\Trajectories\RainandFog\ppo_naturecnn_single_rgb_RainandFog\ppo_naturecnn_single_rgb_RainandFog_positions.csv' did not travel at least 9 meters. Skipping.
2024-12-06 20:29:55,776 [INFO] Episode 58 in 'D:\Masters\Sem5\uavRL\inference_outputs\Trajectories\RainandFog\ppo_naturecnn_single_rgb_RainandFog\ppo_naturecnn_single_rgb_RainandFog_positions.csv' did not travel at least 9 meters. Skipping.
2024-12-06 20:29:55,778 [INFO] Episode 59 in 'D:\Masters\Sem5\uavRL\inference_outputs\Trajectories\RainandFog\ppo_naturecnn_single_rgb_RainandFog\ppo_naturecnn_single_rgb_RainandFog_positions.csv' did not travel at least 9 meters. Skipping.
2024-12-06 20:29:55,778 [INFO] Episode 60 in 'D:\Masters\Sem5\uavRL\inference_outputs\Trajectories\RainandFog\ppo_naturecnn_single_rgb_RainandFog\ppo_naturecnn_single_rgb_RainandFog_positions.csv' did not travel at least 9 meters. Skipping.
2024-12-06 20:29:55,779 [INFO] Episode 61 in 'D:\Masters\Sem5\uavRL\inference_outputs\Trajectories\RainandFog\ppo_naturecnn_single_rgb_RainandFog\ppo_naturecnn_single_rgb_RainandFog_positions.csv' did not travel at least 9 meters. Skipping.
2024-12-06 20:29:55,780 [INFO] Episode 62 in 'D:\Masters\Sem5\uavRL\inference_outputs\Trajectories\RainandFog\ppo_naturecnn_single_rgb_RainandFog\ppo_naturecnn_single_rgb_RainandFog_positions.csv' did not travel at least 9 meters. Skipping.
2024-12-06 20:29:55,781 [INFO] Episode 63 in 'D:\Masters\Sem5\uavRL\inference_outputs\Trajectories\RainandFog\ppo_naturecnn_single_rgb_RainandFog\ppo_naturecnn_single_rgb_RainandFog_positions.csv' did not travel at least 9 meters. Skipping.
2024-12-06 20:29:55,782 [INFO] Episode 64 in 'D:\Masters\Sem5\uavRL\inference_outputs\Trajectories\RainandFog\ppo_naturecnn_single_rgb_RainandFog\ppo_naturecnn_single_rgb_RainandFog_positions.csv' did not travel at least 9 meters. Skipping.
2024-12-06 20:29:55,782 [INFO] Episode 65 in 'D:\Masters\Sem5\uavRL\inference_outputs\Trajectories\RainandFog\ppo_naturecnn_single_rgb_RainandFog\ppo_naturecnn_single_rgb_RainandFog_positions.csv' did not travel at least 9 meters. Skipping.
2024-12-06 20:29:55,783 [INFO] Episode 66 in 'D:\Masters\Sem5\uavRL\inference_outputs\Trajectories\RainandFog\ppo_naturecnn_single_rgb_RainandFog\ppo_naturecnn_single_rgb_RainandFog_positions.csv' did not travel at least 9 meters. Skipping.
2024-12-06 20:29:55,783 [INFO] Episode 67 in 'D:\Masters\Sem5\uavRL\inference_outputs\Trajectories\RainandFog\ppo_naturecnn_single_rgb_RainandFog\ppo_naturecnn_single_rgb_RainandFog_positions.csv' did not travel at least 9 meters. Skipping.
2024-12-06 20:29:55,784 [INFO] Episode 68 in 'D:\Masters\Sem5\uavRL\inference_outputs\Trajectories\RainandFog\ppo_naturecnn_single_rgb_RainandFog\ppo_naturecnn_single_rgb_RainandFog_positions.csv' did not travel at least 9 meters. Skipping.
2024-12-06 20:29:55,785 [INFO] Episode 69 in 'D:\Masters\Sem5\uavRL\inference_outputs\Trajectories\RainandFog\ppo_naturecnn_single_rgb_RainandFog\ppo_naturecnn_single_rgb_RainandFog_positions.csv' did not travel at least 9 meters. Skipping.
2024-12-06 20:29:55,785 [INFO] Episode 70 in 'D:\Masters\Sem5\uavRL\inference_outputs\Trajectories\RainandFog\ppo_naturecnn_single_rgb_RainandFog\ppo_naturecnn_single_rgb_RainandFog_positions.csv' did not travel at least 9 meters. Skipping.
2024-12-06 20:29:55,786 [INFO] Episode 71 in 'D:\Masters\Sem5\uavRL\inference_outputs\Trajectories\RainandFog\ppo_naturecnn_single_rgb_RainandFog\ppo_naturecnn_single_rgb_RainandFog_positions.csv' did not travel at least 9 meters. Skipping.
2024-12-06 20:29:55,786 [INFO] Episode 72 in 'D:\Masters\Sem5\uavRL\inference_outputs\Trajectories\RainandFog\ppo_naturecnn_single_rgb_RainandFog\ppo_naturecnn_single_rgb_RainandFog_positions.csv' did not travel at least 9 meters. Skipping.
2024-12-06 20:29:55,786 [INFO] Episode 73 in 'D:\Masters\Sem5\uavRL\inference_outputs\Trajectories\RainandFog\ppo_naturecnn_single_rgb_RainandFog\ppo_naturecnn_single_rgb_RainandFog_positions.csv' did not travel at least 9 meters. Skipping.
2024-12-06 20:29:55,787 [INFO] Episode 74 in 'D:\Masters\Sem5\uavRL\inference_outputs\Trajectories\RainandFog\ppo_naturecnn_single_rgb_RainandFog\ppo_naturecnn_single_rgb_RainandFog_positions.csv' did not travel at least 9 meters. Skipping.
2024-12-06 20:29:55,787 [INFO] Episode 75 in 'D:\Masters\Sem5\uavRL\inference_outputs\Trajectories\RainandFog\ppo_naturecnn_single_rgb_RainandFog\ppo_naturecnn_single_rgb_RainandFog_positions.csv' did not travel at least 9 meters. Skipping.
2024-12-06 20:29:55,788 [INFO] Episode 76 in 'D:\Masters\Sem5\uavRL\inference_outputs\Trajectories\RainandFog\ppo_naturecnn_single_rgb_RainandFog\ppo_naturecnn_single_rgb_RainandFog_positions.csv' did not travel at least 9 meters. Skipping.
2024-12-06 20:29:55,788 [INFO] Episode 77 in 'D:\Masters\Sem5\uavRL\inference_outputs\Trajectories\RainandFog\ppo_naturecnn_single_rgb_RainandFog\ppo_naturecnn_single_rgb_RainandFog_positions.csv' did not travel at least 9 meters. Skipping.
2024-12-06 20:29:55,789 [INFO] Episode 78 in 'D:\Masters\Sem5\uavRL\inference_outputs\Trajectories\RainandFog\ppo_naturecnn_single_rgb_RainandFog\ppo_naturecnn_single_rgb_RainandFog_positions.csv' did not travel at least 9 meters. Skipping.
2024-12-06 20:29:55,789 [INFO] Episode 79 in 'D:\Masters\Sem5\uavRL\inference_outputs\Trajectories\RainandFog\ppo_naturecnn_single_rgb_RainandFog\ppo_naturecnn_single_rgb_RainandFog_positions.csv' did not travel at least 9 meters. Skipping.
2024-12-06 20:29:55,791 [INFO] Episode 80 in 'D:\Masters\Sem5\uavRL\inference_outputs\Trajectories\RainandFog\ppo_naturecnn_single_rgb_RainandFog\ppo_naturecnn_single_rgb_RainandFog_positions.csv' did not travel at least 9 meters. Skipping.
2024-12-06 20:29:55,791 [INFO] Episode 81 in 'D:\Masters\Sem5\uavRL\inference_outputs\Trajectories\RainandFog\ppo_naturecnn_single_rgb_RainandFog\ppo_naturecnn_single_rgb_RainandFog_positions.csv' did not travel at least 9 meters. Skipping.
2024-12-06 20:29:55,792 [INFO] Episode 82 in 'D:\Masters\Sem5\uavRL\inference_outputs\Trajectories\RainandFog\ppo_naturecnn_single_rgb_RainandFog\ppo_naturecnn_single_rgb_RainandFog_positions.csv' did not travel at least 9 meters. Skipping.
2024-12-06 20:29:55,792 [INFO] Episode 83 in 'D:\Masters\Sem5\uavRL\inference_outputs\Trajectories\RainandFog\ppo_naturecnn_single_rgb_RainandFog\ppo_naturecnn_single_rgb_RainandFog_positions.csv' did not travel at least 9 meters. Skipping.
2024-12-06 20:29:55,792 [INFO] Episode 84 in 'D:\Masters\Sem5\uavRL\inference_outputs\Trajectories\RainandFog\ppo_naturecnn_single_rgb_RainandFog\ppo_naturecnn_single_rgb_RainandFog_positions.csv' did not travel at least 9 meters. Skipping.
2024-12-06 20:29:55,793 [INFO] Episode 85 in 'D:\Masters\Sem5\uavRL\inference_outputs\Trajectories\RainandFog\ppo_naturecnn_single_rgb_RainandFog\ppo_naturecnn_single_rgb_RainandFog_positions.csv' did not travel at least 9 meters. Skipping.
2024-12-06 20:29:55,793 [INFO] Episode 86 in 'D:\Masters\Sem5\uavRL\inference_outputs\Trajectories\RainandFog\ppo_naturecnn_single_rgb_RainandFog\ppo_naturecnn_single_rgb_RainandFog_positions.csv' did not travel at least 9 meters. Skipping.
2024-12-06 20:29:55,795 [INFO] Episode 87 in 'D:\Masters\Sem5\uavRL\inference_outputs\Trajectories\RainandFog\ppo_naturecnn_single_rgb_RainandFog\ppo_naturecnn_single_rgb_RainandFog_positions.csv' did not travel at least 9 meters. Skipping.
2024-12-06 20:29:55,795 [INFO] Episode 88 in 'D:\Masters\Sem5\uavRL\inference_outputs\Trajectories\RainandFog\ppo_naturecnn_single_rgb_RainandFog\ppo_naturecnn_single_rgb_RainandFog_positions.csv' did not travel at least 9 meters. Skipping.
2024-12-06 20:29:55,796 [INFO] Episode 89 in 'D:\Masters\Sem5\uavRL\inference_outputs\Trajectories\RainandFog\ppo_naturecnn_single_rgb_RainandFog\ppo_naturecnn_single_rgb_RainandFog_positions.csv' did not travel at least 9 meters. Skipping.
2024-12-06 20:29:55,797 [INFO] Episode 90 in 'D:\Masters\Sem5\uavRL\inference_outputs\Trajectories\RainandFog\ppo_naturecnn_single_rgb_RainandFog\ppo_naturecnn_single_rgb_RainandFog_positions.csv' did not travel at least 9 meters. Skipping.
2024-12-06 20:29:55,797 [INFO] Episode 91 in 'D:\Masters\Sem5\uavRL\inference_outputs\Trajectories\RainandFog\ppo_naturecnn_single_rgb_RainandFog\ppo_naturecnn_single_rgb_RainandFog_positions.csv' did not travel at least 9 meters. Skipping.
2024-12-06 20:29:55,798 [INFO] Episode 92 in 'D:\Masters\Sem5\uavRL\inference_outputs\Trajectories\RainandFog\ppo_naturecnn_single_rgb_RainandFog\ppo_naturecnn_single_rgb_RainandFog_positions.csv' did not travel at least 9 meters. Skipping.
2024-12-06 20:29:55,799 [INFO] Episode 93 in 'D:\Masters\Sem5\uavRL\inference_outputs\Trajectories\RainandFog\ppo_naturecnn_single_rgb_RainandFog\ppo_naturecnn_single_rgb_RainandFog_positions.csv' did not travel at least 9 meters. Skipping.
2024-12-06 20:29:55,799 [INFO] Episode 94 in 'D:\Masters\Sem5\uavRL\inference_outputs\Trajectories\RainandFog\ppo_naturecnn_single_rgb_RainandFog\ppo_naturecnn_single_rgb_RainandFog_positions.csv' did not travel at least 9 meters. Skipping.
2024-12-06 20:29:55,800 [INFO] Episode 95 in 'D:\Masters\Sem5\uavRL\inference_outputs\Trajectories\RainandFog\ppo_naturecnn_single_rgb_RainandFog\ppo_naturecnn_single_rgb_RainandFog_positions.csv' did not travel at least 9 meters. Skipping.
2024-12-06 20:29:55,800 [INFO] Episode 96 in 'D:\Masters\Sem5\uavRL\inference_outputs\Trajectories\RainandFog\ppo_naturecnn_single_rgb_RainandFog\ppo_naturecnn_single_rgb_RainandFog_positions.csv' did not travel at least 9 meters. Skipping.
2024-12-06 20:29:55,801 [INFO] Episode 97 in 'D:\Masters\Sem5\uavRL\inference_outputs\Trajectories\RainandFog\ppo_naturecnn_single_rgb_RainandFog\ppo_naturecnn_single_rgb_RainandFog_positions.csv' did not travel at least 9 meters. Skipping.
2024-12-06 20:29:55,801 [INFO] Episode 98 in 'D:\Masters\Sem5\uavRL\inference_outputs\Trajectories\RainandFog\ppo_naturecnn_single_rgb_RainandFog\ppo_naturecnn_single_rgb_RainandFog_positions.csv' did not travel at least 9 meters. Skipping.
2024-12-06 20:29:55,801 [INFO] Episode 99 in 'D:\Masters\Sem5\uavRL\inference_outputs\Trajectories\RainandFog\ppo_naturecnn_single_rgb_RainandFog\ppo_naturecnn_single_rgb_RainandFog_positions.csv' did not travel at least 9 meters. Skipping.
2024-12-06 20:29:55,802 [INFO] Episode 100 in 'D:\Masters\Sem5\uavRL\inference_outputs\Trajectories\RainandFog\ppo_naturecnn_single_rgb_RainandFog\ppo_naturecnn_single_rgb_RainandFog_positions.csv' did not travel at least 9 meters. Skipping.
2024-12-06 20:29:55,803 [INFO] Wall positions determined at: [3.7, 7.4]
2024-12-06 20:29:55,806 [INFO] Plotted mean trajectory from 'a2c_naturecnn_single_rgb_RainandFog_positions.csv' with color 'blue'.
2024-12-06 20:29:55,806 [INFO] Plotted mean trajectory from 'ppo_naturecnn_single_rgb_RainandFog_positions.csv' with color 'green'.
2024-12-06 20:29:55,898 [INFO] Added wall surface at X=3.7 with Trajectory Variations and Passages.
2024-12-06 20:29:55,901 [WARNING] No data near wall at X=7.4. Skipping hole creation.
2024-12-06 20:29:55,901 [INFO] Completed plotting walls and holes.
2024-12-06 20:29:56,068 [INFO] Similarity between 'a2c_naturecnn_single_rgb_RainandFog_positions.csv' and 'ppo_naturecnn_single_rgb_RainandFog_positions.csv':
2024-12-06 20:29:56,068 [INFO]   - Cosine Similarity (Mean): 0.9375
2024-12-06 20:29:56,068 [INFO]   - Pearson Correlation (Mean): 0.8352
2024-12-06 20:29:56,069 [INFO]   - Normalized Cross-Correlation (Mean): 0.8352
2024-12-06 20:29:56,069 [INFO]   - Lag at Max NCC (Y): 0, (Z): 0
2024-12-06 20:29:56,253 [INFO] Cross-correlation plot saved as 'inference_outputs\RGB_A2CvsPPO_RainandFog\RGB_A2CvsPPO_RainandFog_cross_correlation_part1.png'.
2024-12-06 20:29:56,471 [INFO] Mean trajectories plotted and saved as 'inference_outputs\RGB_A2CvsPPO_RainandFog\RGB_A2CvsPPO_RainandFog_mean_trajectories.png'.
2024-12-06 20:29:56,477 [INFO] Similarity summary saved as 'inference_outputs\RGB_A2CvsPPO_RainandFog\RGB_A2CvsPPO_RainandFog_similarity_summary.csv'.
