2024-12-06 20:37:41,010 [INFO] Logging initialized for scenario: 'MultiGrey_A2CvsPPO_SnowOnly'
2024-12-06 20:37:41,010 [INFO] Received command-line arguments: Scenario='MultiGrey_A2CvsPPO_SnowOnly', Filenames=['D:\\Masters\\Sem5\\uavRL\\inference_outputs\\Trajectories\\SnowOnly\\a2c_naturecnn_multi_rgb_SnowOnly\\a2c_naturecnn_multi_rgb_SnowOnly_positions.csv', 'D:\\Masters\\Sem5\\uavRL\\inference_outputs\\Trajectories\\SnowOnly\\ppo_naturecnn_multi_rgb_SnowOnly\\ppo_naturecnn_multi_rgb_SnowOnly_positions.csv']
2024-12-06 20:37:41,010 [INFO] Starting to plot multiple mean trajectories.
2024-12-06 20:37:41,166 [INFO] Successfully read 'D:\Masters\Sem5\uavRL\inference_outputs\Trajectories\SnowOnly\a2c_naturecnn_multi_rgb_SnowOnly\a2c_naturecnn_multi_rgb_SnowOnly_positions.csv'.
2024-12-06 20:37:41,170 [INFO] Episode 7 in 'D:\Masters\Sem5\uavRL\inference_outputs\Trajectories\SnowOnly\a2c_naturecnn_multi_rgb_SnowOnly\a2c_naturecnn_multi_rgb_SnowOnly_positions.csv' did not travel at least 9 meters. Skipping.
2024-12-06 20:37:41,171 [INFO] Episode 9 in 'D:\Masters\Sem5\uavRL\inference_outputs\Trajectories\SnowOnly\a2c_naturecnn_multi_rgb_SnowOnly\a2c_naturecnn_multi_rgb_SnowOnly_positions.csv' did not travel at least 9 meters. Skipping.
2024-12-06 20:37:41,172 [INFO] Episode 10 in 'D:\Masters\Sem5\uavRL\inference_outputs\Trajectories\SnowOnly\a2c_naturecnn_multi_rgb_SnowOnly\a2c_naturecnn_multi_rgb_SnowOnly_positions.csv' did not travel at least 9 meters. Skipping.
2024-12-06 20:37:41,173 [INFO] Episode 13 in 'D:\Masters\Sem5\uavRL\inference_outputs\Trajectories\SnowOnly\a2c_naturecnn_multi_rgb_SnowOnly\a2c_naturecnn_multi_rgb_SnowOnly_positions.csv' did not travel at least 9 meters. Skipping.
2024-12-06 20:37:41,173 [INFO] Episode 14 in 'D:\Masters\Sem5\uavRL\inference_outputs\Trajectories\SnowOnly\a2c_naturecnn_multi_rgb_SnowOnly\a2c_naturecnn_multi_rgb_SnowOnly_positions.csv' did not travel at least 9 meters. Skipping.
2024-12-06 20:37:41,174 [INFO] Episode 16 in 'D:\Masters\Sem5\uavRL\inference_outputs\Trajectories\SnowOnly\a2c_naturecnn_multi_rgb_SnowOnly\a2c_naturecnn_multi_rgb_SnowOnly_positions.csv' did not travel at least 9 meters. Skipping.
2024-12-06 20:37:41,175 [INFO] Episode 18 in 'D:\Masters\Sem5\uavRL\inference_outputs\Trajectories\SnowOnly\a2c_naturecnn_multi_rgb_SnowOnly\a2c_naturecnn_multi_rgb_SnowOnly_positions.csv' did not travel at least 9 meters. Skipping.
2024-12-06 20:37:41,176 [INFO] Episode 20 in 'D:\Masters\Sem5\uavRL\inference_outputs\Trajectories\SnowOnly\a2c_naturecnn_multi_rgb_SnowOnly\a2c_naturecnn_multi_rgb_SnowOnly_positions.csv' did not travel at least 9 meters. Skipping.
2024-12-06 20:37:41,179 [INFO] Episode 27 in 'D:\Masters\Sem5\uavRL\inference_outputs\Trajectories\SnowOnly\a2c_naturecnn_multi_rgb_SnowOnly\a2c_naturecnn_multi_rgb_SnowOnly_positions.csv' did not travel at least 9 meters. Skipping.
2024-12-06 20:37:41,180 [INFO] Episode 29 in 'D:\Masters\Sem5\uavRL\inference_outputs\Trajectories\SnowOnly\a2c_naturecnn_multi_rgb_SnowOnly\a2c_naturecnn_multi_rgb_SnowOnly_positions.csv' did not travel at least 9 meters. Skipping.
2024-12-06 20:37:41,182 [INFO] Episode 31 in 'D:\Masters\Sem5\uavRL\inference_outputs\Trajectories\SnowOnly\a2c_naturecnn_multi_rgb_SnowOnly\a2c_naturecnn_multi_rgb_SnowOnly_positions.csv' did not travel at least 9 meters. Skipping.
2024-12-06 20:37:41,182 [INFO] Episode 33 in 'D:\Masters\Sem5\uavRL\inference_outputs\Trajectories\SnowOnly\a2c_naturecnn_multi_rgb_SnowOnly\a2c_naturecnn_multi_rgb_SnowOnly_positions.csv' did not travel at least 9 meters. Skipping.
2024-12-06 20:37:41,184 [INFO] Episode 34 in 'D:\Masters\Sem5\uavRL\inference_outputs\Trajectories\SnowOnly\a2c_naturecnn_multi_rgb_SnowOnly\a2c_naturecnn_multi_rgb_SnowOnly_positions.csv' did not travel at least 9 meters. Skipping.
2024-12-06 20:37:41,185 [INFO] Episode 39 in 'D:\Masters\Sem5\uavRL\inference_outputs\Trajectories\SnowOnly\a2c_naturecnn_multi_rgb_SnowOnly\a2c_naturecnn_multi_rgb_SnowOnly_positions.csv' did not travel at least 9 meters. Skipping.
2024-12-06 20:37:41,186 [INFO] Episode 42 in 'D:\Masters\Sem5\uavRL\inference_outputs\Trajectories\SnowOnly\a2c_naturecnn_multi_rgb_SnowOnly\a2c_naturecnn_multi_rgb_SnowOnly_positions.csv' did not travel at least 9 meters. Skipping.
2024-12-06 20:37:41,188 [INFO] Episode 46 in 'D:\Masters\Sem5\uavRL\inference_outputs\Trajectories\SnowOnly\a2c_naturecnn_multi_rgb_SnowOnly\a2c_naturecnn_multi_rgb_SnowOnly_positions.csv' did not travel at least 9 meters. Skipping.
2024-12-06 20:37:41,190 [INFO] Episode 50 in 'D:\Masters\Sem5\uavRL\inference_outputs\Trajectories\SnowOnly\a2c_naturecnn_multi_rgb_SnowOnly\a2c_naturecnn_multi_rgb_SnowOnly_positions.csv' did not travel at least 9 meters. Skipping.
2024-12-06 20:37:41,190 [INFO] Episode 51 in 'D:\Masters\Sem5\uavRL\inference_outputs\Trajectories\SnowOnly\a2c_naturecnn_multi_rgb_SnowOnly\a2c_naturecnn_multi_rgb_SnowOnly_positions.csv' did not travel at least 9 meters. Skipping.
2024-12-06 20:37:41,191 [INFO] Episode 53 in 'D:\Masters\Sem5\uavRL\inference_outputs\Trajectories\SnowOnly\a2c_naturecnn_multi_rgb_SnowOnly\a2c_naturecnn_multi_rgb_SnowOnly_positions.csv' did not travel at least 9 meters. Skipping.
2024-12-06 20:37:41,194 [INFO] Episode 57 in 'D:\Masters\Sem5\uavRL\inference_outputs\Trajectories\SnowOnly\a2c_naturecnn_multi_rgb_SnowOnly\a2c_naturecnn_multi_rgb_SnowOnly_positions.csv' did not travel at least 9 meters. Skipping.
2024-12-06 20:37:41,195 [INFO] Episode 58 in 'D:\Masters\Sem5\uavRL\inference_outputs\Trajectories\SnowOnly\a2c_naturecnn_multi_rgb_SnowOnly\a2c_naturecnn_multi_rgb_SnowOnly_positions.csv' did not travel at least 9 meters. Skipping.
2024-12-06 20:37:41,197 [INFO] Episode 61 in 'D:\Masters\Sem5\uavRL\inference_outputs\Trajectories\SnowOnly\a2c_naturecnn_multi_rgb_SnowOnly\a2c_naturecnn_multi_rgb_SnowOnly_positions.csv' did not travel at least 9 meters. Skipping.
2024-12-06 20:37:41,197 [INFO] Episode 62 in 'D:\Masters\Sem5\uavRL\inference_outputs\Trajectories\SnowOnly\a2c_naturecnn_multi_rgb_SnowOnly\a2c_naturecnn_multi_rgb_SnowOnly_positions.csv' did not travel at least 9 meters. Skipping.
2024-12-06 20:37:41,199 [INFO] Episode 66 in 'D:\Masters\Sem5\uavRL\inference_outputs\Trajectories\SnowOnly\a2c_naturecnn_multi_rgb_SnowOnly\a2c_naturecnn_multi_rgb_SnowOnly_positions.csv' did not travel at least 9 meters. Skipping.
2024-12-06 20:37:41,199 [INFO] Episode 68 in 'D:\Masters\Sem5\uavRL\inference_outputs\Trajectories\SnowOnly\a2c_naturecnn_multi_rgb_SnowOnly\a2c_naturecnn_multi_rgb_SnowOnly_positions.csv' did not travel at least 9 meters. Skipping.
2024-12-06 20:37:41,201 [INFO] Episode 71 in 'D:\Masters\Sem5\uavRL\inference_outputs\Trajectories\SnowOnly\a2c_naturecnn_multi_rgb_SnowOnly\a2c_naturecnn_multi_rgb_SnowOnly_positions.csv' did not travel at least 9 meters. Skipping.
2024-12-06 20:37:41,201 [INFO] Episode 72 in 'D:\Masters\Sem5\uavRL\inference_outputs\Trajectories\SnowOnly\a2c_naturecnn_multi_rgb_SnowOnly\a2c_naturecnn_multi_rgb_SnowOnly_positions.csv' did not travel at least 9 meters. Skipping.
2024-12-06 20:37:41,201 [INFO] Episode 73 in 'D:\Masters\Sem5\uavRL\inference_outputs\Trajectories\SnowOnly\a2c_naturecnn_multi_rgb_SnowOnly\a2c_naturecnn_multi_rgb_SnowOnly_positions.csv' did not travel at least 9 meters. Skipping.
2024-12-06 20:37:41,203 [INFO] Episode 74 in 'D:\Masters\Sem5\uavRL\inference_outputs\Trajectories\SnowOnly\a2c_naturecnn_multi_rgb_SnowOnly\a2c_naturecnn_multi_rgb_SnowOnly_positions.csv' did not travel at least 9 meters. Skipping.
2024-12-06 20:37:41,203 [INFO] Episode 75 in 'D:\Masters\Sem5\uavRL\inference_outputs\Trajectories\SnowOnly\a2c_naturecnn_multi_rgb_SnowOnly\a2c_naturecnn_multi_rgb_SnowOnly_positions.csv' did not travel at least 9 meters. Skipping.
2024-12-06 20:37:41,204 [INFO] Episode 76 in 'D:\Masters\Sem5\uavRL\inference_outputs\Trajectories\SnowOnly\a2c_naturecnn_multi_rgb_SnowOnly\a2c_naturecnn_multi_rgb_SnowOnly_positions.csv' did not travel at least 9 meters. Skipping.
2024-12-06 20:37:41,204 [INFO] Episode 77 in 'D:\Masters\Sem5\uavRL\inference_outputs\Trajectories\SnowOnly\a2c_naturecnn_multi_rgb_SnowOnly\a2c_naturecnn_multi_rgb_SnowOnly_positions.csv' did not travel at least 9 meters. Skipping.
2024-12-06 20:37:41,206 [INFO] Episode 78 in 'D:\Masters\Sem5\uavRL\inference_outputs\Trajectories\SnowOnly\a2c_naturecnn_multi_rgb_SnowOnly\a2c_naturecnn_multi_rgb_SnowOnly_positions.csv' did not travel at least 9 meters. Skipping.
2024-12-06 20:37:41,206 [INFO] Episode 80 in 'D:\Masters\Sem5\uavRL\inference_outputs\Trajectories\SnowOnly\a2c_naturecnn_multi_rgb_SnowOnly\a2c_naturecnn_multi_rgb_SnowOnly_positions.csv' did not travel at least 9 meters. Skipping.
2024-12-06 20:37:41,207 [INFO] Episode 83 in 'D:\Masters\Sem5\uavRL\inference_outputs\Trajectories\SnowOnly\a2c_naturecnn_multi_rgb_SnowOnly\a2c_naturecnn_multi_rgb_SnowOnly_positions.csv' did not travel at least 9 meters. Skipping.
2024-12-06 20:37:41,209 [INFO] Episode 87 in 'D:\Masters\Sem5\uavRL\inference_outputs\Trajectories\SnowOnly\a2c_naturecnn_multi_rgb_SnowOnly\a2c_naturecnn_multi_rgb_SnowOnly_positions.csv' did not travel at least 9 meters. Skipping.
2024-12-06 20:37:41,210 [INFO] Episode 89 in 'D:\Masters\Sem5\uavRL\inference_outputs\Trajectories\SnowOnly\a2c_naturecnn_multi_rgb_SnowOnly\a2c_naturecnn_multi_rgb_SnowOnly_positions.csv' did not travel at least 9 meters. Skipping.
2024-12-06 20:37:41,211 [INFO] Episode 90 in 'D:\Masters\Sem5\uavRL\inference_outputs\Trajectories\SnowOnly\a2c_naturecnn_multi_rgb_SnowOnly\a2c_naturecnn_multi_rgb_SnowOnly_positions.csv' did not travel at least 9 meters. Skipping.
2024-12-06 20:37:41,212 [INFO] Episode 92 in 'D:\Masters\Sem5\uavRL\inference_outputs\Trajectories\SnowOnly\a2c_naturecnn_multi_rgb_SnowOnly\a2c_naturecnn_multi_rgb_SnowOnly_positions.csv' did not travel at least 9 meters. Skipping.
2024-12-06 20:37:41,213 [INFO] Episode 93 in 'D:\Masters\Sem5\uavRL\inference_outputs\Trajectories\SnowOnly\a2c_naturecnn_multi_rgb_SnowOnly\a2c_naturecnn_multi_rgb_SnowOnly_positions.csv' did not travel at least 9 meters. Skipping.
2024-12-06 20:37:41,215 [INFO] Episode 99 in 'D:\Masters\Sem5\uavRL\inference_outputs\Trajectories\SnowOnly\a2c_naturecnn_multi_rgb_SnowOnly\a2c_naturecnn_multi_rgb_SnowOnly_positions.csv' did not travel at least 9 meters. Skipping.
2024-12-06 20:37:41,230 [INFO] Successfully read 'D:\Masters\Sem5\uavRL\inference_outputs\Trajectories\SnowOnly\ppo_naturecnn_multi_rgb_SnowOnly\ppo_naturecnn_multi_rgb_SnowOnly_positions.csv'.
2024-12-06 20:37:41,232 [INFO] Episode 1 in 'D:\Masters\Sem5\uavRL\inference_outputs\Trajectories\SnowOnly\ppo_naturecnn_multi_rgb_SnowOnly\ppo_naturecnn_multi_rgb_SnowOnly_positions.csv' did not travel at least 9 meters. Skipping.
2024-12-06 20:37:41,233 [INFO] Episode 3 in 'D:\Masters\Sem5\uavRL\inference_outputs\Trajectories\SnowOnly\ppo_naturecnn_multi_rgb_SnowOnly\ppo_naturecnn_multi_rgb_SnowOnly_positions.csv' did not travel at least 9 meters. Skipping.
2024-12-06 20:37:41,233 [INFO] Episode 4 in 'D:\Masters\Sem5\uavRL\inference_outputs\Trajectories\SnowOnly\ppo_naturecnn_multi_rgb_SnowOnly\ppo_naturecnn_multi_rgb_SnowOnly_positions.csv' did not travel at least 9 meters. Skipping.
2024-12-06 20:37:41,235 [INFO] Episode 8 in 'D:\Masters\Sem5\uavRL\inference_outputs\Trajectories\SnowOnly\ppo_naturecnn_multi_rgb_SnowOnly\ppo_naturecnn_multi_rgb_SnowOnly_positions.csv' did not travel at least 9 meters. Skipping.
2024-12-06 20:37:41,236 [INFO] Episode 11 in 'D:\Masters\Sem5\uavRL\inference_outputs\Trajectories\SnowOnly\ppo_naturecnn_multi_rgb_SnowOnly\ppo_naturecnn_multi_rgb_SnowOnly_positions.csv' did not travel at least 9 meters. Skipping.
2024-12-06 20:37:41,238 [INFO] Episode 14 in 'D:\Masters\Sem5\uavRL\inference_outputs\Trajectories\SnowOnly\ppo_naturecnn_multi_rgb_SnowOnly\ppo_naturecnn_multi_rgb_SnowOnly_positions.csv' did not travel at least 9 meters. Skipping.
2024-12-06 20:37:41,239 [INFO] Episode 19 in 'D:\Masters\Sem5\uavRL\inference_outputs\Trajectories\SnowOnly\ppo_naturecnn_multi_rgb_SnowOnly\ppo_naturecnn_multi_rgb_SnowOnly_positions.csv' did not travel at least 9 meters. Skipping.
2024-12-06 20:37:41,243 [INFO] Episode 26 in 'D:\Masters\Sem5\uavRL\inference_outputs\Trajectories\SnowOnly\ppo_naturecnn_multi_rgb_SnowOnly\ppo_naturecnn_multi_rgb_SnowOnly_positions.csv' did not travel at least 9 meters. Skipping.
2024-12-06 20:37:41,247 [INFO] Episode 37 in 'D:\Masters\Sem5\uavRL\inference_outputs\Trajectories\SnowOnly\ppo_naturecnn_multi_rgb_SnowOnly\ppo_naturecnn_multi_rgb_SnowOnly_positions.csv' did not travel at least 9 meters. Skipping.
2024-12-06 20:37:41,248 [INFO] Episode 40 in 'D:\Masters\Sem5\uavRL\inference_outputs\Trajectories\SnowOnly\ppo_naturecnn_multi_rgb_SnowOnly\ppo_naturecnn_multi_rgb_SnowOnly_positions.csv' did not travel at least 9 meters. Skipping.
2024-12-06 20:37:41,250 [INFO] Episode 44 in 'D:\Masters\Sem5\uavRL\inference_outputs\Trajectories\SnowOnly\ppo_naturecnn_multi_rgb_SnowOnly\ppo_naturecnn_multi_rgb_SnowOnly_positions.csv' did not travel at least 9 meters. Skipping.
2024-12-06 20:37:41,253 [INFO] Episode 50 in 'D:\Masters\Sem5\uavRL\inference_outputs\Trajectories\SnowOnly\ppo_naturecnn_multi_rgb_SnowOnly\ppo_naturecnn_multi_rgb_SnowOnly_positions.csv' did not travel at least 9 meters. Skipping.
2024-12-06 20:37:41,257 [INFO] Episode 62 in 'D:\Masters\Sem5\uavRL\inference_outputs\Trajectories\SnowOnly\ppo_naturecnn_multi_rgb_SnowOnly\ppo_naturecnn_multi_rgb_SnowOnly_positions.csv' did not travel at least 9 meters. Skipping.
2024-12-06 20:37:41,258 [INFO] Episode 66 in 'D:\Masters\Sem5\uavRL\inference_outputs\Trajectories\SnowOnly\ppo_naturecnn_multi_rgb_SnowOnly\ppo_naturecnn_multi_rgb_SnowOnly_positions.csv' did not travel at least 9 meters. Skipping.
2024-12-06 20:37:41,260 [INFO] Episode 69 in 'D:\Masters\Sem5\uavRL\inference_outputs\Trajectories\SnowOnly\ppo_naturecnn_multi_rgb_SnowOnly\ppo_naturecnn_multi_rgb_SnowOnly_positions.csv' did not travel at least 9 meters. Skipping.
2024-12-06 20:37:41,260 [INFO] Episode 70 in 'D:\Masters\Sem5\uavRL\inference_outputs\Trajectories\SnowOnly\ppo_naturecnn_multi_rgb_SnowOnly\ppo_naturecnn_multi_rgb_SnowOnly_positions.csv' did not travel at least 9 meters. Skipping.
2024-12-06 20:37:41,262 [INFO] Episode 74 in 'D:\Masters\Sem5\uavRL\inference_outputs\Trajectories\SnowOnly\ppo_naturecnn_multi_rgb_SnowOnly\ppo_naturecnn_multi_rgb_SnowOnly_positions.csv' did not travel at least 9 meters. Skipping.
2024-12-06 20:37:41,262 [INFO] Episode 75 in 'D:\Masters\Sem5\uavRL\inference_outputs\Trajectories\SnowOnly\ppo_naturecnn_multi_rgb_SnowOnly\ppo_naturecnn_multi_rgb_SnowOnly_positions.csv' did not travel at least 9 meters. Skipping.
2024-12-06 20:37:41,263 [INFO] Episode 78 in 'D:\Masters\Sem5\uavRL\inference_outputs\Trajectories\SnowOnly\ppo_naturecnn_multi_rgb_SnowOnly\ppo_naturecnn_multi_rgb_SnowOnly_positions.csv' did not travel at least 9 meters. Skipping.
2024-12-06 20:37:41,265 [INFO] Episode 80 in 'D:\Masters\Sem5\uavRL\inference_outputs\Trajectories\SnowOnly\ppo_naturecnn_multi_rgb_SnowOnly\ppo_naturecnn_multi_rgb_SnowOnly_positions.csv' did not travel at least 9 meters. Skipping.
2024-12-06 20:37:41,267 [INFO] Episode 88 in 'D:\Masters\Sem5\uavRL\inference_outputs\Trajectories\SnowOnly\ppo_naturecnn_multi_rgb_SnowOnly\ppo_naturecnn_multi_rgb_SnowOnly_positions.csv' did not travel at least 9 meters. Skipping.
2024-12-06 20:37:41,268 [INFO] Episode 91 in 'D:\Masters\Sem5\uavRL\inference_outputs\Trajectories\SnowOnly\ppo_naturecnn_multi_rgb_SnowOnly\ppo_naturecnn_multi_rgb_SnowOnly_positions.csv' did not travel at least 9 meters. Skipping.
2024-12-06 20:37:41,269 [INFO] Episode 92 in 'D:\Masters\Sem5\uavRL\inference_outputs\Trajectories\SnowOnly\ppo_naturecnn_multi_rgb_SnowOnly\ppo_naturecnn_multi_rgb_SnowOnly_positions.csv' did not travel at least 9 meters. Skipping.
2024-12-06 20:37:41,270 [INFO] Episode 93 in 'D:\Masters\Sem5\uavRL\inference_outputs\Trajectories\SnowOnly\ppo_naturecnn_multi_rgb_SnowOnly\ppo_naturecnn_multi_rgb_SnowOnly_positions.csv' did not travel at least 9 meters. Skipping.
2024-12-06 20:37:41,282 [INFO] Wall positions determined at: [3.7, 7.4, 11.100000000000001, 14.8, 18.5, 22.2]
2024-12-06 20:37:41,284 [INFO] Plotted mean trajectory from 'a2c_naturecnn_multi_rgb_SnowOnly_positions.csv' with color 'blue'.
2024-12-06 20:37:41,285 [INFO] Plotted mean trajectory from 'ppo_naturecnn_multi_rgb_SnowOnly_positions.csv' with color 'green'.
2024-12-06 20:37:41,407 [INFO] Added wall surface at X=3.7 with Trajectory Variations and Passages.
2024-12-06 20:37:41,459 [INFO] Added wall surface at X=7.4 with Trajectory Variations and Passages.
2024-12-06 20:37:41,514 [INFO] Added wall surface at X=11.100000000000001 with Trajectory Variations and Passages.
2024-12-06 20:37:41,571 [INFO] Added wall surface at X=14.8 with Trajectory Variations and Passages.
2024-12-06 20:37:41,623 [INFO] Added wall surface at X=18.5 with Trajectory Variations and Passages.
2024-12-06 20:37:41,626 [WARNING] No data near wall at X=22.2. Skipping hole creation.
2024-12-06 20:37:41,626 [INFO] Completed plotting walls and holes.
2024-12-06 20:37:41,825 [INFO] Similarity between 'a2c_naturecnn_multi_rgb_SnowOnly_positions.csv' and 'ppo_naturecnn_multi_rgb_SnowOnly_positions.csv':
2024-12-06 20:37:41,826 [INFO]   - Cosine Similarity (Mean): 0.6520
2024-12-06 20:37:41,826 [INFO]   - Pearson Correlation (Mean): 0.8344
2024-12-06 20:37:41,826 [INFO]   - Normalized Cross-Correlation (Mean): 0.8344
2024-12-06 20:37:41,826 [INFO]   - Lag at Max NCC (Y): 0, (Z): 0
2024-12-06 20:37:42,030 [INFO] Cross-correlation plot saved as 'inference_outputs\MultiGrey_A2CvsPPO_SnowOnly\MultiGrey_A2CvsPPO_SnowOnly_cross_correlation_part1.png'.
2024-12-06 20:37:42,600 [INFO] Mean trajectories plotted and saved as 'inference_outputs\MultiGrey_A2CvsPPO_SnowOnly\MultiGrey_A2CvsPPO_SnowOnly_mean_trajectories.png'.
2024-12-06 20:37:42,611 [INFO] Similarity summary saved as 'inference_outputs\MultiGrey_A2CvsPPO_SnowOnly\MultiGrey_A2CvsPPO_SnowOnly_similarity_summary.csv'.
