2024-12-06 20:39:36,049 [INFO] Logging initialized for scenario: 'RGB_A2C_SnowOnly_Variants'
2024-12-06 20:39:36,049 [INFO] Received command-line arguments: Scenario='RGB_A2C_SnowOnly_Variants', Filenames=['D:\\Masters\\Sem5\\uavRL\\inference_outputs\\Trajectories\\SnowOnly\\a2c_naturecnn_single_rgb_SnowOnly\\a2c_naturecnn_single_rgb_SnowOnly_positions.csv', 'D:\\Masters\\Sem5\\uavRL\\inference_outputs\\Trajectories\\SnowOnly\\a2c_naturecnn_single_rgb_obstacle_weather_leavesfalling_SnowOnly\\a2c_naturecnn_single_rgb_obstacle_weather_leavesfalling_SnowOnly_positions.csv', 'D:\\Masters\\Sem5\\uavRL\\inference_outputs\\Trajectories\\SnowOnly\\a2c_naturecnn_single_rgb_obstacle_weather_rainandfog_SnowOnly\\a2c_naturecnn_single_rgb_obstacle_weather_rainandfog_SnowOnly_positions.csv', 'D:\\Masters\\Sem5\\uavRL\\inference_outputs\\Trajectories\\SnowOnly\\a2c_naturecnn_single_rgb_obstacle_weather_snowonly_SnowOnly\\a2c_naturecnn_single_rgb_obstacle_weather_snowonly_SnowOnly_positions.csv']
2024-12-06 20:39:36,049 [INFO] Starting to plot multiple mean trajectories.
2024-12-06 20:39:36,186 [INFO] Successfully read 'D:\Masters\Sem5\uavRL\inference_outputs\Trajectories\SnowOnly\a2c_naturecnn_single_rgb_SnowOnly\a2c_naturecnn_single_rgb_SnowOnly_positions.csv'.
2024-12-06 20:39:36,188 [INFO] Episode 2 in 'D:\Masters\Sem5\uavRL\inference_outputs\Trajectories\SnowOnly\a2c_naturecnn_single_rgb_SnowOnly\a2c_naturecnn_single_rgb_SnowOnly_positions.csv' did not travel at least 9 meters. Skipping.
2024-12-06 20:39:36,188 [INFO] Episode 3 in 'D:\Masters\Sem5\uavRL\inference_outputs\Trajectories\SnowOnly\a2c_naturecnn_single_rgb_SnowOnly\a2c_naturecnn_single_rgb_SnowOnly_positions.csv' did not travel at least 9 meters. Skipping.
2024-12-06 20:39:36,189 [INFO] Episode 6 in 'D:\Masters\Sem5\uavRL\inference_outputs\Trajectories\SnowOnly\a2c_naturecnn_single_rgb_SnowOnly\a2c_naturecnn_single_rgb_SnowOnly_positions.csv' did not travel at least 9 meters. Skipping.
2024-12-06 20:39:36,189 [INFO] Episode 7 in 'D:\Masters\Sem5\uavRL\inference_outputs\Trajectories\SnowOnly\a2c_naturecnn_single_rgb_SnowOnly\a2c_naturecnn_single_rgb_SnowOnly_positions.csv' did not travel at least 9 meters. Skipping.
2024-12-06 20:39:36,189 [INFO] Episode 8 in 'D:\Masters\Sem5\uavRL\inference_outputs\Trajectories\SnowOnly\a2c_naturecnn_single_rgb_SnowOnly\a2c_naturecnn_single_rgb_SnowOnly_positions.csv' did not travel at least 9 meters. Skipping.
2024-12-06 20:39:36,191 [INFO] Episode 9 in 'D:\Masters\Sem5\uavRL\inference_outputs\Trajectories\SnowOnly\a2c_naturecnn_single_rgb_SnowOnly\a2c_naturecnn_single_rgb_SnowOnly_positions.csv' did not travel at least 9 meters. Skipping.
2024-12-06 20:39:36,192 [INFO] Episode 11 in 'D:\Masters\Sem5\uavRL\inference_outputs\Trajectories\SnowOnly\a2c_naturecnn_single_rgb_SnowOnly\a2c_naturecnn_single_rgb_SnowOnly_positions.csv' did not travel at least 9 meters. Skipping.
2024-12-06 20:39:36,195 [INFO] Episode 16 in 'D:\Masters\Sem5\uavRL\inference_outputs\Trajectories\SnowOnly\a2c_naturecnn_single_rgb_SnowOnly\a2c_naturecnn_single_rgb_SnowOnly_positions.csv' did not travel at least 9 meters. Skipping.
2024-12-06 20:39:36,198 [INFO] Episode 21 in 'D:\Masters\Sem5\uavRL\inference_outputs\Trajectories\SnowOnly\a2c_naturecnn_single_rgb_SnowOnly\a2c_naturecnn_single_rgb_SnowOnly_positions.csv' did not travel at least 9 meters. Skipping.
2024-12-06 20:39:36,199 [INFO] Episode 24 in 'D:\Masters\Sem5\uavRL\inference_outputs\Trajectories\SnowOnly\a2c_naturecnn_single_rgb_SnowOnly\a2c_naturecnn_single_rgb_SnowOnly_positions.csv' did not travel at least 9 meters. Skipping.
2024-12-06 20:39:36,201 [INFO] Episode 28 in 'D:\Masters\Sem5\uavRL\inference_outputs\Trajectories\SnowOnly\a2c_naturecnn_single_rgb_SnowOnly\a2c_naturecnn_single_rgb_SnowOnly_positions.csv' did not travel at least 9 meters. Skipping.
2024-12-06 20:39:36,201 [INFO] Episode 29 in 'D:\Masters\Sem5\uavRL\inference_outputs\Trajectories\SnowOnly\a2c_naturecnn_single_rgb_SnowOnly\a2c_naturecnn_single_rgb_SnowOnly_positions.csv' did not travel at least 9 meters. Skipping.
2024-12-06 20:39:36,202 [INFO] Episode 30 in 'D:\Masters\Sem5\uavRL\inference_outputs\Trajectories\SnowOnly\a2c_naturecnn_single_rgb_SnowOnly\a2c_naturecnn_single_rgb_SnowOnly_positions.csv' did not travel at least 9 meters. Skipping.
2024-12-06 20:39:36,203 [INFO] Episode 33 in 'D:\Masters\Sem5\uavRL\inference_outputs\Trajectories\SnowOnly\a2c_naturecnn_single_rgb_SnowOnly\a2c_naturecnn_single_rgb_SnowOnly_positions.csv' did not travel at least 9 meters. Skipping.
2024-12-06 20:39:36,203 [INFO] Episode 34 in 'D:\Masters\Sem5\uavRL\inference_outputs\Trajectories\SnowOnly\a2c_naturecnn_single_rgb_SnowOnly\a2c_naturecnn_single_rgb_SnowOnly_positions.csv' did not travel at least 9 meters. Skipping.
2024-12-06 20:39:36,203 [INFO] Episode 36 in 'D:\Masters\Sem5\uavRL\inference_outputs\Trajectories\SnowOnly\a2c_naturecnn_single_rgb_SnowOnly\a2c_naturecnn_single_rgb_SnowOnly_positions.csv' did not travel at least 9 meters. Skipping.
2024-12-06 20:39:36,204 [INFO] Episode 37 in 'D:\Masters\Sem5\uavRL\inference_outputs\Trajectories\SnowOnly\a2c_naturecnn_single_rgb_SnowOnly\a2c_naturecnn_single_rgb_SnowOnly_positions.csv' did not travel at least 9 meters. Skipping.
2024-12-06 20:39:36,205 [INFO] Episode 38 in 'D:\Masters\Sem5\uavRL\inference_outputs\Trajectories\SnowOnly\a2c_naturecnn_single_rgb_SnowOnly\a2c_naturecnn_single_rgb_SnowOnly_positions.csv' did not travel at least 9 meters. Skipping.
2024-12-06 20:39:36,206 [INFO] Episode 40 in 'D:\Masters\Sem5\uavRL\inference_outputs\Trajectories\SnowOnly\a2c_naturecnn_single_rgb_SnowOnly\a2c_naturecnn_single_rgb_SnowOnly_positions.csv' did not travel at least 9 meters. Skipping.
2024-12-06 20:39:36,206 [INFO] Episode 41 in 'D:\Masters\Sem5\uavRL\inference_outputs\Trajectories\SnowOnly\a2c_naturecnn_single_rgb_SnowOnly\a2c_naturecnn_single_rgb_SnowOnly_positions.csv' did not travel at least 9 meters. Skipping.
2024-12-06 20:39:36,207 [INFO] Episode 43 in 'D:\Masters\Sem5\uavRL\inference_outputs\Trajectories\SnowOnly\a2c_naturecnn_single_rgb_SnowOnly\a2c_naturecnn_single_rgb_SnowOnly_positions.csv' did not travel at least 9 meters. Skipping.
2024-12-06 20:39:36,209 [INFO] Episode 45 in 'D:\Masters\Sem5\uavRL\inference_outputs\Trajectories\SnowOnly\a2c_naturecnn_single_rgb_SnowOnly\a2c_naturecnn_single_rgb_SnowOnly_positions.csv' did not travel at least 9 meters. Skipping.
2024-12-06 20:39:36,210 [INFO] Episode 48 in 'D:\Masters\Sem5\uavRL\inference_outputs\Trajectories\SnowOnly\a2c_naturecnn_single_rgb_SnowOnly\a2c_naturecnn_single_rgb_SnowOnly_positions.csv' did not travel at least 9 meters. Skipping.
2024-12-06 20:39:36,211 [INFO] Episode 50 in 'D:\Masters\Sem5\uavRL\inference_outputs\Trajectories\SnowOnly\a2c_naturecnn_single_rgb_SnowOnly\a2c_naturecnn_single_rgb_SnowOnly_positions.csv' did not travel at least 9 meters. Skipping.
2024-12-06 20:39:36,212 [INFO] Episode 52 in 'D:\Masters\Sem5\uavRL\inference_outputs\Trajectories\SnowOnly\a2c_naturecnn_single_rgb_SnowOnly\a2c_naturecnn_single_rgb_SnowOnly_positions.csv' did not travel at least 9 meters. Skipping.
2024-12-06 20:39:36,213 [INFO] Episode 54 in 'D:\Masters\Sem5\uavRL\inference_outputs\Trajectories\SnowOnly\a2c_naturecnn_single_rgb_SnowOnly\a2c_naturecnn_single_rgb_SnowOnly_positions.csv' did not travel at least 9 meters. Skipping.
2024-12-06 20:39:36,214 [INFO] Episode 56 in 'D:\Masters\Sem5\uavRL\inference_outputs\Trajectories\SnowOnly\a2c_naturecnn_single_rgb_SnowOnly\a2c_naturecnn_single_rgb_SnowOnly_positions.csv' did not travel at least 9 meters. Skipping.
2024-12-06 20:39:36,217 [INFO] Episode 67 in 'D:\Masters\Sem5\uavRL\inference_outputs\Trajectories\SnowOnly\a2c_naturecnn_single_rgb_SnowOnly\a2c_naturecnn_single_rgb_SnowOnly_positions.csv' did not travel at least 9 meters. Skipping.
2024-12-06 20:39:36,220 [INFO] Episode 72 in 'D:\Masters\Sem5\uavRL\inference_outputs\Trajectories\SnowOnly\a2c_naturecnn_single_rgb_SnowOnly\a2c_naturecnn_single_rgb_SnowOnly_positions.csv' did not travel at least 9 meters. Skipping.
2024-12-06 20:39:36,221 [INFO] Episode 73 in 'D:\Masters\Sem5\uavRL\inference_outputs\Trajectories\SnowOnly\a2c_naturecnn_single_rgb_SnowOnly\a2c_naturecnn_single_rgb_SnowOnly_positions.csv' did not travel at least 9 meters. Skipping.
2024-12-06 20:39:36,221 [INFO] Episode 74 in 'D:\Masters\Sem5\uavRL\inference_outputs\Trajectories\SnowOnly\a2c_naturecnn_single_rgb_SnowOnly\a2c_naturecnn_single_rgb_SnowOnly_positions.csv' did not travel at least 9 meters. Skipping.
2024-12-06 20:39:36,223 [INFO] Episode 78 in 'D:\Masters\Sem5\uavRL\inference_outputs\Trajectories\SnowOnly\a2c_naturecnn_single_rgb_SnowOnly\a2c_naturecnn_single_rgb_SnowOnly_positions.csv' did not travel at least 9 meters. Skipping.
2024-12-06 20:39:36,226 [INFO] Episode 85 in 'D:\Masters\Sem5\uavRL\inference_outputs\Trajectories\SnowOnly\a2c_naturecnn_single_rgb_SnowOnly\a2c_naturecnn_single_rgb_SnowOnly_positions.csv' did not travel at least 9 meters. Skipping.
2024-12-06 20:39:36,226 [INFO] Episode 86 in 'D:\Masters\Sem5\uavRL\inference_outputs\Trajectories\SnowOnly\a2c_naturecnn_single_rgb_SnowOnly\a2c_naturecnn_single_rgb_SnowOnly_positions.csv' did not travel at least 9 meters. Skipping.
2024-12-06 20:39:36,228 [INFO] Episode 89 in 'D:\Masters\Sem5\uavRL\inference_outputs\Trajectories\SnowOnly\a2c_naturecnn_single_rgb_SnowOnly\a2c_naturecnn_single_rgb_SnowOnly_positions.csv' did not travel at least 9 meters. Skipping.
2024-12-06 20:39:36,229 [INFO] Episode 93 in 'D:\Masters\Sem5\uavRL\inference_outputs\Trajectories\SnowOnly\a2c_naturecnn_single_rgb_SnowOnly\a2c_naturecnn_single_rgb_SnowOnly_positions.csv' did not travel at least 9 meters. Skipping.
2024-12-06 20:39:36,230 [INFO] Episode 96 in 'D:\Masters\Sem5\uavRL\inference_outputs\Trajectories\SnowOnly\a2c_naturecnn_single_rgb_SnowOnly\a2c_naturecnn_single_rgb_SnowOnly_positions.csv' did not travel at least 9 meters. Skipping.
2024-12-06 20:39:36,231 [INFO] Episode 98 in 'D:\Masters\Sem5\uavRL\inference_outputs\Trajectories\SnowOnly\a2c_naturecnn_single_rgb_SnowOnly\a2c_naturecnn_single_rgb_SnowOnly_positions.csv' did not travel at least 9 meters. Skipping.
2024-12-06 20:39:36,245 [INFO] Successfully read 'D:\Masters\Sem5\uavRL\inference_outputs\Trajectories\SnowOnly\a2c_naturecnn_single_rgb_obstacle_weather_leavesfalling_SnowOnly\a2c_naturecnn_single_rgb_obstacle_weather_leavesfalling_SnowOnly_positions.csv'.
2024-12-06 20:39:36,246 [INFO] Episode 1 in 'D:\Masters\Sem5\uavRL\inference_outputs\Trajectories\SnowOnly\a2c_naturecnn_single_rgb_obstacle_weather_leavesfalling_SnowOnly\a2c_naturecnn_single_rgb_obstacle_weather_leavesfalling_SnowOnly_positions.csv' did not travel at least 9 meters. Skipping.
2024-12-06 20:39:36,247 [INFO] Episode 3 in 'D:\Masters\Sem5\uavRL\inference_outputs\Trajectories\SnowOnly\a2c_naturecnn_single_rgb_obstacle_weather_leavesfalling_SnowOnly\a2c_naturecnn_single_rgb_obstacle_weather_leavesfalling_SnowOnly_positions.csv' did not travel at least 9 meters. Skipping.
2024-12-06 20:39:36,247 [INFO] Episode 4 in 'D:\Masters\Sem5\uavRL\inference_outputs\Trajectories\SnowOnly\a2c_naturecnn_single_rgb_obstacle_weather_leavesfalling_SnowOnly\a2c_naturecnn_single_rgb_obstacle_weather_leavesfalling_SnowOnly_positions.csv' did not travel at least 9 meters. Skipping.
2024-12-06 20:39:36,248 [INFO] Episode 5 in 'D:\Masters\Sem5\uavRL\inference_outputs\Trajectories\SnowOnly\a2c_naturecnn_single_rgb_obstacle_weather_leavesfalling_SnowOnly\a2c_naturecnn_single_rgb_obstacle_weather_leavesfalling_SnowOnly_positions.csv' did not travel at least 9 meters. Skipping.
2024-12-06 20:39:36,248 [INFO] Episode 6 in 'D:\Masters\Sem5\uavRL\inference_outputs\Trajectories\SnowOnly\a2c_naturecnn_single_rgb_obstacle_weather_leavesfalling_SnowOnly\a2c_naturecnn_single_rgb_obstacle_weather_leavesfalling_SnowOnly_positions.csv' did not travel at least 9 meters. Skipping.
2024-12-06 20:39:36,249 [INFO] Episode 8 in 'D:\Masters\Sem5\uavRL\inference_outputs\Trajectories\SnowOnly\a2c_naturecnn_single_rgb_obstacle_weather_leavesfalling_SnowOnly\a2c_naturecnn_single_rgb_obstacle_weather_leavesfalling_SnowOnly_positions.csv' did not travel at least 9 meters. Skipping.
2024-12-06 20:39:36,249 [INFO] Episode 9 in 'D:\Masters\Sem5\uavRL\inference_outputs\Trajectories\SnowOnly\a2c_naturecnn_single_rgb_obstacle_weather_leavesfalling_SnowOnly\a2c_naturecnn_single_rgb_obstacle_weather_leavesfalling_SnowOnly_positions.csv' did not travel at least 9 meters. Skipping.
2024-12-06 20:39:36,252 [INFO] Episode 14 in 'D:\Masters\Sem5\uavRL\inference_outputs\Trajectories\SnowOnly\a2c_naturecnn_single_rgb_obstacle_weather_leavesfalling_SnowOnly\a2c_naturecnn_single_rgb_obstacle_weather_leavesfalling_SnowOnly_positions.csv' did not travel at least 9 meters. Skipping.
2024-12-06 20:39:36,252 [INFO] Episode 16 in 'D:\Masters\Sem5\uavRL\inference_outputs\Trajectories\SnowOnly\a2c_naturecnn_single_rgb_obstacle_weather_leavesfalling_SnowOnly\a2c_naturecnn_single_rgb_obstacle_weather_leavesfalling_SnowOnly_positions.csv' did not travel at least 9 meters. Skipping.
2024-12-06 20:39:36,253 [INFO] Episode 17 in 'D:\Masters\Sem5\uavRL\inference_outputs\Trajectories\SnowOnly\a2c_naturecnn_single_rgb_obstacle_weather_leavesfalling_SnowOnly\a2c_naturecnn_single_rgb_obstacle_weather_leavesfalling_SnowOnly_positions.csv' did not travel at least 9 meters. Skipping.
2024-12-06 20:39:36,255 [INFO] Episode 20 in 'D:\Masters\Sem5\uavRL\inference_outputs\Trajectories\SnowOnly\a2c_naturecnn_single_rgb_obstacle_weather_leavesfalling_SnowOnly\a2c_naturecnn_single_rgb_obstacle_weather_leavesfalling_SnowOnly_positions.csv' did not travel at least 9 meters. Skipping.
2024-12-06 20:39:36,255 [INFO] Episode 22 in 'D:\Masters\Sem5\uavRL\inference_outputs\Trajectories\SnowOnly\a2c_naturecnn_single_rgb_obstacle_weather_leavesfalling_SnowOnly\a2c_naturecnn_single_rgb_obstacle_weather_leavesfalling_SnowOnly_positions.csv' did not travel at least 9 meters. Skipping.
2024-12-06 20:39:36,256 [INFO] Episode 24 in 'D:\Masters\Sem5\uavRL\inference_outputs\Trajectories\SnowOnly\a2c_naturecnn_single_rgb_obstacle_weather_leavesfalling_SnowOnly\a2c_naturecnn_single_rgb_obstacle_weather_leavesfalling_SnowOnly_positions.csv' did not travel at least 9 meters. Skipping.
2024-12-06 20:39:36,257 [INFO] Episode 25 in 'D:\Masters\Sem5\uavRL\inference_outputs\Trajectories\SnowOnly\a2c_naturecnn_single_rgb_obstacle_weather_leavesfalling_SnowOnly\a2c_naturecnn_single_rgb_obstacle_weather_leavesfalling_SnowOnly_positions.csv' did not travel at least 9 meters. Skipping.
2024-12-06 20:39:36,257 [INFO] Episode 26 in 'D:\Masters\Sem5\uavRL\inference_outputs\Trajectories\SnowOnly\a2c_naturecnn_single_rgb_obstacle_weather_leavesfalling_SnowOnly\a2c_naturecnn_single_rgb_obstacle_weather_leavesfalling_SnowOnly_positions.csv' did not travel at least 9 meters. Skipping.
2024-12-06 20:39:36,259 [INFO] Episode 29 in 'D:\Masters\Sem5\uavRL\inference_outputs\Trajectories\SnowOnly\a2c_naturecnn_single_rgb_obstacle_weather_leavesfalling_SnowOnly\a2c_naturecnn_single_rgb_obstacle_weather_leavesfalling_SnowOnly_positions.csv' did not travel at least 9 meters. Skipping.
2024-12-06 20:39:36,260 [INFO] Episode 31 in 'D:\Masters\Sem5\uavRL\inference_outputs\Trajectories\SnowOnly\a2c_naturecnn_single_rgb_obstacle_weather_leavesfalling_SnowOnly\a2c_naturecnn_single_rgb_obstacle_weather_leavesfalling_SnowOnly_positions.csv' did not travel at least 9 meters. Skipping.
2024-12-06 20:39:36,261 [INFO] Episode 33 in 'D:\Masters\Sem5\uavRL\inference_outputs\Trajectories\SnowOnly\a2c_naturecnn_single_rgb_obstacle_weather_leavesfalling_SnowOnly\a2c_naturecnn_single_rgb_obstacle_weather_leavesfalling_SnowOnly_positions.csv' did not travel at least 9 meters. Skipping.
2024-12-06 20:39:36,262 [INFO] Episode 36 in 'D:\Masters\Sem5\uavRL\inference_outputs\Trajectories\SnowOnly\a2c_naturecnn_single_rgb_obstacle_weather_leavesfalling_SnowOnly\a2c_naturecnn_single_rgb_obstacle_weather_leavesfalling_SnowOnly_positions.csv' did not travel at least 9 meters. Skipping.
2024-12-06 20:39:36,263 [INFO] Episode 39 in 'D:\Masters\Sem5\uavRL\inference_outputs\Trajectories\SnowOnly\a2c_naturecnn_single_rgb_obstacle_weather_leavesfalling_SnowOnly\a2c_naturecnn_single_rgb_obstacle_weather_leavesfalling_SnowOnly_positions.csv' did not travel at least 9 meters. Skipping.
2024-12-06 20:39:36,264 [INFO] Episode 40 in 'D:\Masters\Sem5\uavRL\inference_outputs\Trajectories\SnowOnly\a2c_naturecnn_single_rgb_obstacle_weather_leavesfalling_SnowOnly\a2c_naturecnn_single_rgb_obstacle_weather_leavesfalling_SnowOnly_positions.csv' did not travel at least 9 meters. Skipping.
2024-12-06 20:39:36,265 [INFO] Episode 42 in 'D:\Masters\Sem5\uavRL\inference_outputs\Trajectories\SnowOnly\a2c_naturecnn_single_rgb_obstacle_weather_leavesfalling_SnowOnly\a2c_naturecnn_single_rgb_obstacle_weather_leavesfalling_SnowOnly_positions.csv' did not travel at least 9 meters. Skipping.
2024-12-06 20:39:36,266 [INFO] Episode 47 in 'D:\Masters\Sem5\uavRL\inference_outputs\Trajectories\SnowOnly\a2c_naturecnn_single_rgb_obstacle_weather_leavesfalling_SnowOnly\a2c_naturecnn_single_rgb_obstacle_weather_leavesfalling_SnowOnly_positions.csv' did not travel at least 9 meters. Skipping.
2024-12-06 20:39:36,267 [INFO] Episode 48 in 'D:\Masters\Sem5\uavRL\inference_outputs\Trajectories\SnowOnly\a2c_naturecnn_single_rgb_obstacle_weather_leavesfalling_SnowOnly\a2c_naturecnn_single_rgb_obstacle_weather_leavesfalling_SnowOnly_positions.csv' did not travel at least 9 meters. Skipping.
2024-12-06 20:39:36,268 [INFO] Episode 52 in 'D:\Masters\Sem5\uavRL\inference_outputs\Trajectories\SnowOnly\a2c_naturecnn_single_rgb_obstacle_weather_leavesfalling_SnowOnly\a2c_naturecnn_single_rgb_obstacle_weather_leavesfalling_SnowOnly_positions.csv' did not travel at least 9 meters. Skipping.
2024-12-06 20:39:36,269 [INFO] Episode 55 in 'D:\Masters\Sem5\uavRL\inference_outputs\Trajectories\SnowOnly\a2c_naturecnn_single_rgb_obstacle_weather_leavesfalling_SnowOnly\a2c_naturecnn_single_rgb_obstacle_weather_leavesfalling_SnowOnly_positions.csv' did not travel at least 9 meters. Skipping.
2024-12-06 20:39:36,269 [INFO] Episode 56 in 'D:\Masters\Sem5\uavRL\inference_outputs\Trajectories\SnowOnly\a2c_naturecnn_single_rgb_obstacle_weather_leavesfalling_SnowOnly\a2c_naturecnn_single_rgb_obstacle_weather_leavesfalling_SnowOnly_positions.csv' did not travel at least 9 meters. Skipping.
2024-12-06 20:39:36,270 [INFO] Episode 57 in 'D:\Masters\Sem5\uavRL\inference_outputs\Trajectories\SnowOnly\a2c_naturecnn_single_rgb_obstacle_weather_leavesfalling_SnowOnly\a2c_naturecnn_single_rgb_obstacle_weather_leavesfalling_SnowOnly_positions.csv' did not travel at least 9 meters. Skipping.
2024-12-06 20:39:36,270 [INFO] Episode 58 in 'D:\Masters\Sem5\uavRL\inference_outputs\Trajectories\SnowOnly\a2c_naturecnn_single_rgb_obstacle_weather_leavesfalling_SnowOnly\a2c_naturecnn_single_rgb_obstacle_weather_leavesfalling_SnowOnly_positions.csv' did not travel at least 9 meters. Skipping.
2024-12-06 20:39:36,275 [INFO] Episode 66 in 'D:\Masters\Sem5\uavRL\inference_outputs\Trajectories\SnowOnly\a2c_naturecnn_single_rgb_obstacle_weather_leavesfalling_SnowOnly\a2c_naturecnn_single_rgb_obstacle_weather_leavesfalling_SnowOnly_positions.csv' did not travel at least 9 meters. Skipping.
2024-12-06 20:39:36,276 [INFO] Episode 67 in 'D:\Masters\Sem5\uavRL\inference_outputs\Trajectories\SnowOnly\a2c_naturecnn_single_rgb_obstacle_weather_leavesfalling_SnowOnly\a2c_naturecnn_single_rgb_obstacle_weather_leavesfalling_SnowOnly_positions.csv' did not travel at least 9 meters. Skipping.
2024-12-06 20:39:36,277 [INFO] Episode 68 in 'D:\Masters\Sem5\uavRL\inference_outputs\Trajectories\SnowOnly\a2c_naturecnn_single_rgb_obstacle_weather_leavesfalling_SnowOnly\a2c_naturecnn_single_rgb_obstacle_weather_leavesfalling_SnowOnly_positions.csv' did not travel at least 9 meters. Skipping.
2024-12-06 20:39:36,277 [INFO] Episode 70 in 'D:\Masters\Sem5\uavRL\inference_outputs\Trajectories\SnowOnly\a2c_naturecnn_single_rgb_obstacle_weather_leavesfalling_SnowOnly\a2c_naturecnn_single_rgb_obstacle_weather_leavesfalling_SnowOnly_positions.csv' did not travel at least 9 meters. Skipping.
2024-12-06 20:39:36,280 [INFO] Episode 76 in 'D:\Masters\Sem5\uavRL\inference_outputs\Trajectories\SnowOnly\a2c_naturecnn_single_rgb_obstacle_weather_leavesfalling_SnowOnly\a2c_naturecnn_single_rgb_obstacle_weather_leavesfalling_SnowOnly_positions.csv' did not travel at least 9 meters. Skipping.
2024-12-06 20:39:36,281 [INFO] Episode 79 in 'D:\Masters\Sem5\uavRL\inference_outputs\Trajectories\SnowOnly\a2c_naturecnn_single_rgb_obstacle_weather_leavesfalling_SnowOnly\a2c_naturecnn_single_rgb_obstacle_weather_leavesfalling_SnowOnly_positions.csv' did not travel at least 9 meters. Skipping.
2024-12-06 20:39:36,282 [INFO] Episode 81 in 'D:\Masters\Sem5\uavRL\inference_outputs\Trajectories\SnowOnly\a2c_naturecnn_single_rgb_obstacle_weather_leavesfalling_SnowOnly\a2c_naturecnn_single_rgb_obstacle_weather_leavesfalling_SnowOnly_positions.csv' did not travel at least 9 meters. Skipping.
2024-12-06 20:39:36,283 [INFO] Episode 88 in 'D:\Masters\Sem5\uavRL\inference_outputs\Trajectories\SnowOnly\a2c_naturecnn_single_rgb_obstacle_weather_leavesfalling_SnowOnly\a2c_naturecnn_single_rgb_obstacle_weather_leavesfalling_SnowOnly_positions.csv' did not travel at least 9 meters. Skipping.
2024-12-06 20:39:36,284 [INFO] Episode 89 in 'D:\Masters\Sem5\uavRL\inference_outputs\Trajectories\SnowOnly\a2c_naturecnn_single_rgb_obstacle_weather_leavesfalling_SnowOnly\a2c_naturecnn_single_rgb_obstacle_weather_leavesfalling_SnowOnly_positions.csv' did not travel at least 9 meters. Skipping.
2024-12-06 20:39:36,287 [INFO] Episode 91 in 'D:\Masters\Sem5\uavRL\inference_outputs\Trajectories\SnowOnly\a2c_naturecnn_single_rgb_obstacle_weather_leavesfalling_SnowOnly\a2c_naturecnn_single_rgb_obstacle_weather_leavesfalling_SnowOnly_positions.csv' did not travel at least 9 meters. Skipping.
2024-12-06 20:39:36,300 [INFO] Successfully read 'D:\Masters\Sem5\uavRL\inference_outputs\Trajectories\SnowOnly\a2c_naturecnn_single_rgb_obstacle_weather_rainandfog_SnowOnly\a2c_naturecnn_single_rgb_obstacle_weather_rainandfog_SnowOnly_positions.csv'.
2024-12-06 20:39:36,302 [INFO] Episode 5 in 'D:\Masters\Sem5\uavRL\inference_outputs\Trajectories\SnowOnly\a2c_naturecnn_single_rgb_obstacle_weather_rainandfog_SnowOnly\a2c_naturecnn_single_rgb_obstacle_weather_rainandfog_SnowOnly_positions.csv' did not travel at least 9 meters. Skipping.
2024-12-06 20:39:36,302 [INFO] Episode 6 in 'D:\Masters\Sem5\uavRL\inference_outputs\Trajectories\SnowOnly\a2c_naturecnn_single_rgb_obstacle_weather_rainandfog_SnowOnly\a2c_naturecnn_single_rgb_obstacle_weather_rainandfog_SnowOnly_positions.csv' did not travel at least 9 meters. Skipping.
2024-12-06 20:39:36,304 [INFO] Episode 8 in 'D:\Masters\Sem5\uavRL\inference_outputs\Trajectories\SnowOnly\a2c_naturecnn_single_rgb_obstacle_weather_rainandfog_SnowOnly\a2c_naturecnn_single_rgb_obstacle_weather_rainandfog_SnowOnly_positions.csv' did not travel at least 9 meters. Skipping.
2024-12-06 20:39:36,304 [INFO] Episode 9 in 'D:\Masters\Sem5\uavRL\inference_outputs\Trajectories\SnowOnly\a2c_naturecnn_single_rgb_obstacle_weather_rainandfog_SnowOnly\a2c_naturecnn_single_rgb_obstacle_weather_rainandfog_SnowOnly_positions.csv' did not travel at least 9 meters. Skipping.
2024-12-06 20:39:36,305 [INFO] Episode 10 in 'D:\Masters\Sem5\uavRL\inference_outputs\Trajectories\SnowOnly\a2c_naturecnn_single_rgb_obstacle_weather_rainandfog_SnowOnly\a2c_naturecnn_single_rgb_obstacle_weather_rainandfog_SnowOnly_positions.csv' did not travel at least 9 meters. Skipping.
2024-12-06 20:39:36,305 [INFO] Episode 11 in 'D:\Masters\Sem5\uavRL\inference_outputs\Trajectories\SnowOnly\a2c_naturecnn_single_rgb_obstacle_weather_rainandfog_SnowOnly\a2c_naturecnn_single_rgb_obstacle_weather_rainandfog_SnowOnly_positions.csv' did not travel at least 9 meters. Skipping.
2024-12-06 20:39:36,306 [INFO] Episode 12 in 'D:\Masters\Sem5\uavRL\inference_outputs\Trajectories\SnowOnly\a2c_naturecnn_single_rgb_obstacle_weather_rainandfog_SnowOnly\a2c_naturecnn_single_rgb_obstacle_weather_rainandfog_SnowOnly_positions.csv' did not travel at least 9 meters. Skipping.
2024-12-06 20:39:36,306 [INFO] Episode 13 in 'D:\Masters\Sem5\uavRL\inference_outputs\Trajectories\SnowOnly\a2c_naturecnn_single_rgb_obstacle_weather_rainandfog_SnowOnly\a2c_naturecnn_single_rgb_obstacle_weather_rainandfog_SnowOnly_positions.csv' did not travel at least 9 meters. Skipping.
2024-12-06 20:39:36,307 [INFO] Episode 15 in 'D:\Masters\Sem5\uavRL\inference_outputs\Trajectories\SnowOnly\a2c_naturecnn_single_rgb_obstacle_weather_rainandfog_SnowOnly\a2c_naturecnn_single_rgb_obstacle_weather_rainandfog_SnowOnly_positions.csv' did not travel at least 9 meters. Skipping.
2024-12-06 20:39:36,308 [INFO] Episode 16 in 'D:\Masters\Sem5\uavRL\inference_outputs\Trajectories\SnowOnly\a2c_naturecnn_single_rgb_obstacle_weather_rainandfog_SnowOnly\a2c_naturecnn_single_rgb_obstacle_weather_rainandfog_SnowOnly_positions.csv' did not travel at least 9 meters. Skipping.
2024-12-06 20:39:36,308 [INFO] Episode 17 in 'D:\Masters\Sem5\uavRL\inference_outputs\Trajectories\SnowOnly\a2c_naturecnn_single_rgb_obstacle_weather_rainandfog_SnowOnly\a2c_naturecnn_single_rgb_obstacle_weather_rainandfog_SnowOnly_positions.csv' did not travel at least 9 meters. Skipping.
2024-12-06 20:39:36,309 [INFO] Episode 18 in 'D:\Masters\Sem5\uavRL\inference_outputs\Trajectories\SnowOnly\a2c_naturecnn_single_rgb_obstacle_weather_rainandfog_SnowOnly\a2c_naturecnn_single_rgb_obstacle_weather_rainandfog_SnowOnly_positions.csv' did not travel at least 9 meters. Skipping.
2024-12-06 20:39:36,309 [INFO] Episode 19 in 'D:\Masters\Sem5\uavRL\inference_outputs\Trajectories\SnowOnly\a2c_naturecnn_single_rgb_obstacle_weather_rainandfog_SnowOnly\a2c_naturecnn_single_rgb_obstacle_weather_rainandfog_SnowOnly_positions.csv' did not travel at least 9 meters. Skipping.
2024-12-06 20:39:36,309 [INFO] Episode 20 in 'D:\Masters\Sem5\uavRL\inference_outputs\Trajectories\SnowOnly\a2c_naturecnn_single_rgb_obstacle_weather_rainandfog_SnowOnly\a2c_naturecnn_single_rgb_obstacle_weather_rainandfog_SnowOnly_positions.csv' did not travel at least 9 meters. Skipping.
2024-12-06 20:39:36,310 [INFO] Episode 21 in 'D:\Masters\Sem5\uavRL\inference_outputs\Trajectories\SnowOnly\a2c_naturecnn_single_rgb_obstacle_weather_rainandfog_SnowOnly\a2c_naturecnn_single_rgb_obstacle_weather_rainandfog_SnowOnly_positions.csv' did not travel at least 9 meters. Skipping.
2024-12-06 20:39:36,310 [INFO] Episode 22 in 'D:\Masters\Sem5\uavRL\inference_outputs\Trajectories\SnowOnly\a2c_naturecnn_single_rgb_obstacle_weather_rainandfog_SnowOnly\a2c_naturecnn_single_rgb_obstacle_weather_rainandfog_SnowOnly_positions.csv' did not travel at least 9 meters. Skipping.
2024-12-06 20:39:36,312 [INFO] Episode 23 in 'D:\Masters\Sem5\uavRL\inference_outputs\Trajectories\SnowOnly\a2c_naturecnn_single_rgb_obstacle_weather_rainandfog_SnowOnly\a2c_naturecnn_single_rgb_obstacle_weather_rainandfog_SnowOnly_positions.csv' did not travel at least 9 meters. Skipping.
2024-12-06 20:39:36,313 [INFO] Episode 25 in 'D:\Masters\Sem5\uavRL\inference_outputs\Trajectories\SnowOnly\a2c_naturecnn_single_rgb_obstacle_weather_rainandfog_SnowOnly\a2c_naturecnn_single_rgb_obstacle_weather_rainandfog_SnowOnly_positions.csv' did not travel at least 9 meters. Skipping.
2024-12-06 20:39:36,314 [INFO] Episode 29 in 'D:\Masters\Sem5\uavRL\inference_outputs\Trajectories\SnowOnly\a2c_naturecnn_single_rgb_obstacle_weather_rainandfog_SnowOnly\a2c_naturecnn_single_rgb_obstacle_weather_rainandfog_SnowOnly_positions.csv' did not travel at least 9 meters. Skipping.
2024-12-06 20:39:36,315 [INFO] Episode 30 in 'D:\Masters\Sem5\uavRL\inference_outputs\Trajectories\SnowOnly\a2c_naturecnn_single_rgb_obstacle_weather_rainandfog_SnowOnly\a2c_naturecnn_single_rgb_obstacle_weather_rainandfog_SnowOnly_positions.csv' did not travel at least 9 meters. Skipping.
2024-12-06 20:39:36,315 [INFO] Episode 31 in 'D:\Masters\Sem5\uavRL\inference_outputs\Trajectories\SnowOnly\a2c_naturecnn_single_rgb_obstacle_weather_rainandfog_SnowOnly\a2c_naturecnn_single_rgb_obstacle_weather_rainandfog_SnowOnly_positions.csv' did not travel at least 9 meters. Skipping.
2024-12-06 20:39:36,315 [INFO] Episode 32 in 'D:\Masters\Sem5\uavRL\inference_outputs\Trajectories\SnowOnly\a2c_naturecnn_single_rgb_obstacle_weather_rainandfog_SnowOnly\a2c_naturecnn_single_rgb_obstacle_weather_rainandfog_SnowOnly_positions.csv' did not travel at least 9 meters. Skipping.
2024-12-06 20:39:36,317 [INFO] Episode 33 in 'D:\Masters\Sem5\uavRL\inference_outputs\Trajectories\SnowOnly\a2c_naturecnn_single_rgb_obstacle_weather_rainandfog_SnowOnly\a2c_naturecnn_single_rgb_obstacle_weather_rainandfog_SnowOnly_positions.csv' did not travel at least 9 meters. Skipping.
2024-12-06 20:39:36,318 [INFO] Episode 37 in 'D:\Masters\Sem5\uavRL\inference_outputs\Trajectories\SnowOnly\a2c_naturecnn_single_rgb_obstacle_weather_rainandfog_SnowOnly\a2c_naturecnn_single_rgb_obstacle_weather_rainandfog_SnowOnly_positions.csv' did not travel at least 9 meters. Skipping.
2024-12-06 20:39:36,318 [INFO] Episode 38 in 'D:\Masters\Sem5\uavRL\inference_outputs\Trajectories\SnowOnly\a2c_naturecnn_single_rgb_obstacle_weather_rainandfog_SnowOnly\a2c_naturecnn_single_rgb_obstacle_weather_rainandfog_SnowOnly_positions.csv' did not travel at least 9 meters. Skipping.
2024-12-06 20:39:36,320 [INFO] Episode 40 in 'D:\Masters\Sem5\uavRL\inference_outputs\Trajectories\SnowOnly\a2c_naturecnn_single_rgb_obstacle_weather_rainandfog_SnowOnly\a2c_naturecnn_single_rgb_obstacle_weather_rainandfog_SnowOnly_positions.csv' did not travel at least 9 meters. Skipping.
2024-12-06 20:39:36,320 [INFO] Episode 41 in 'D:\Masters\Sem5\uavRL\inference_outputs\Trajectories\SnowOnly\a2c_naturecnn_single_rgb_obstacle_weather_rainandfog_SnowOnly\a2c_naturecnn_single_rgb_obstacle_weather_rainandfog_SnowOnly_positions.csv' did not travel at least 9 meters. Skipping.
2024-12-06 20:39:36,321 [INFO] Episode 42 in 'D:\Masters\Sem5\uavRL\inference_outputs\Trajectories\SnowOnly\a2c_naturecnn_single_rgb_obstacle_weather_rainandfog_SnowOnly\a2c_naturecnn_single_rgb_obstacle_weather_rainandfog_SnowOnly_positions.csv' did not travel at least 9 meters. Skipping.
2024-12-06 20:39:36,321 [INFO] Episode 44 in 'D:\Masters\Sem5\uavRL\inference_outputs\Trajectories\SnowOnly\a2c_naturecnn_single_rgb_obstacle_weather_rainandfog_SnowOnly\a2c_naturecnn_single_rgb_obstacle_weather_rainandfog_SnowOnly_positions.csv' did not travel at least 9 meters. Skipping.
2024-12-06 20:39:36,322 [INFO] Episode 47 in 'D:\Masters\Sem5\uavRL\inference_outputs\Trajectories\SnowOnly\a2c_naturecnn_single_rgb_obstacle_weather_rainandfog_SnowOnly\a2c_naturecnn_single_rgb_obstacle_weather_rainandfog_SnowOnly_positions.csv' did not travel at least 9 meters. Skipping.
2024-12-06 20:39:36,325 [INFO] Episode 53 in 'D:\Masters\Sem5\uavRL\inference_outputs\Trajectories\SnowOnly\a2c_naturecnn_single_rgb_obstacle_weather_rainandfog_SnowOnly\a2c_naturecnn_single_rgb_obstacle_weather_rainandfog_SnowOnly_positions.csv' did not travel at least 9 meters. Skipping.
2024-12-06 20:39:36,326 [INFO] Episode 57 in 'D:\Masters\Sem5\uavRL\inference_outputs\Trajectories\SnowOnly\a2c_naturecnn_single_rgb_obstacle_weather_rainandfog_SnowOnly\a2c_naturecnn_single_rgb_obstacle_weather_rainandfog_SnowOnly_positions.csv' did not travel at least 9 meters. Skipping.
2024-12-06 20:39:36,327 [INFO] Episode 58 in 'D:\Masters\Sem5\uavRL\inference_outputs\Trajectories\SnowOnly\a2c_naturecnn_single_rgb_obstacle_weather_rainandfog_SnowOnly\a2c_naturecnn_single_rgb_obstacle_weather_rainandfog_SnowOnly_positions.csv' did not travel at least 9 meters. Skipping.
2024-12-06 20:39:36,327 [INFO] Episode 59 in 'D:\Masters\Sem5\uavRL\inference_outputs\Trajectories\SnowOnly\a2c_naturecnn_single_rgb_obstacle_weather_rainandfog_SnowOnly\a2c_naturecnn_single_rgb_obstacle_weather_rainandfog_SnowOnly_positions.csv' did not travel at least 9 meters. Skipping.
2024-12-06 20:39:36,329 [INFO] Episode 60 in 'D:\Masters\Sem5\uavRL\inference_outputs\Trajectories\SnowOnly\a2c_naturecnn_single_rgb_obstacle_weather_rainandfog_SnowOnly\a2c_naturecnn_single_rgb_obstacle_weather_rainandfog_SnowOnly_positions.csv' did not travel at least 9 meters. Skipping.
2024-12-06 20:39:36,329 [INFO] Episode 61 in 'D:\Masters\Sem5\uavRL\inference_outputs\Trajectories\SnowOnly\a2c_naturecnn_single_rgb_obstacle_weather_rainandfog_SnowOnly\a2c_naturecnn_single_rgb_obstacle_weather_rainandfog_SnowOnly_positions.csv' did not travel at least 9 meters. Skipping.
2024-12-06 20:39:36,332 [INFO] Episode 65 in 'D:\Masters\Sem5\uavRL\inference_outputs\Trajectories\SnowOnly\a2c_naturecnn_single_rgb_obstacle_weather_rainandfog_SnowOnly\a2c_naturecnn_single_rgb_obstacle_weather_rainandfog_SnowOnly_positions.csv' did not travel at least 9 meters. Skipping.
2024-12-06 20:39:36,333 [INFO] Episode 67 in 'D:\Masters\Sem5\uavRL\inference_outputs\Trajectories\SnowOnly\a2c_naturecnn_single_rgb_obstacle_weather_rainandfog_SnowOnly\a2c_naturecnn_single_rgb_obstacle_weather_rainandfog_SnowOnly_positions.csv' did not travel at least 9 meters. Skipping.
2024-12-06 20:39:36,334 [INFO] Episode 69 in 'D:\Masters\Sem5\uavRL\inference_outputs\Trajectories\SnowOnly\a2c_naturecnn_single_rgb_obstacle_weather_rainandfog_SnowOnly\a2c_naturecnn_single_rgb_obstacle_weather_rainandfog_SnowOnly_positions.csv' did not travel at least 9 meters. Skipping.
2024-12-06 20:39:36,334 [INFO] Episode 70 in 'D:\Masters\Sem5\uavRL\inference_outputs\Trajectories\SnowOnly\a2c_naturecnn_single_rgb_obstacle_weather_rainandfog_SnowOnly\a2c_naturecnn_single_rgb_obstacle_weather_rainandfog_SnowOnly_positions.csv' did not travel at least 9 meters. Skipping.
2024-12-06 20:39:36,335 [INFO] Episode 71 in 'D:\Masters\Sem5\uavRL\inference_outputs\Trajectories\SnowOnly\a2c_naturecnn_single_rgb_obstacle_weather_rainandfog_SnowOnly\a2c_naturecnn_single_rgb_obstacle_weather_rainandfog_SnowOnly_positions.csv' did not travel at least 9 meters. Skipping.
2024-12-06 20:39:36,335 [INFO] Episode 73 in 'D:\Masters\Sem5\uavRL\inference_outputs\Trajectories\SnowOnly\a2c_naturecnn_single_rgb_obstacle_weather_rainandfog_SnowOnly\a2c_naturecnn_single_rgb_obstacle_weather_rainandfog_SnowOnly_positions.csv' did not travel at least 9 meters. Skipping.
2024-12-06 20:39:36,336 [INFO] Episode 74 in 'D:\Masters\Sem5\uavRL\inference_outputs\Trajectories\SnowOnly\a2c_naturecnn_single_rgb_obstacle_weather_rainandfog_SnowOnly\a2c_naturecnn_single_rgb_obstacle_weather_rainandfog_SnowOnly_positions.csv' did not travel at least 9 meters. Skipping.
2024-12-06 20:39:36,337 [INFO] Episode 75 in 'D:\Masters\Sem5\uavRL\inference_outputs\Trajectories\SnowOnly\a2c_naturecnn_single_rgb_obstacle_weather_rainandfog_SnowOnly\a2c_naturecnn_single_rgb_obstacle_weather_rainandfog_SnowOnly_positions.csv' did not travel at least 9 meters. Skipping.
2024-12-06 20:39:36,337 [INFO] Episode 76 in 'D:\Masters\Sem5\uavRL\inference_outputs\Trajectories\SnowOnly\a2c_naturecnn_single_rgb_obstacle_weather_rainandfog_SnowOnly\a2c_naturecnn_single_rgb_obstacle_weather_rainandfog_SnowOnly_positions.csv' did not travel at least 9 meters. Skipping.
2024-12-06 20:39:36,338 [INFO] Episode 77 in 'D:\Masters\Sem5\uavRL\inference_outputs\Trajectories\SnowOnly\a2c_naturecnn_single_rgb_obstacle_weather_rainandfog_SnowOnly\a2c_naturecnn_single_rgb_obstacle_weather_rainandfog_SnowOnly_positions.csv' did not travel at least 9 meters. Skipping.
2024-12-06 20:39:36,338 [INFO] Episode 79 in 'D:\Masters\Sem5\uavRL\inference_outputs\Trajectories\SnowOnly\a2c_naturecnn_single_rgb_obstacle_weather_rainandfog_SnowOnly\a2c_naturecnn_single_rgb_obstacle_weather_rainandfog_SnowOnly_positions.csv' did not travel at least 9 meters. Skipping.
2024-12-06 20:39:36,339 [INFO] Episode 80 in 'D:\Masters\Sem5\uavRL\inference_outputs\Trajectories\SnowOnly\a2c_naturecnn_single_rgb_obstacle_weather_rainandfog_SnowOnly\a2c_naturecnn_single_rgb_obstacle_weather_rainandfog_SnowOnly_positions.csv' did not travel at least 9 meters. Skipping.
2024-12-06 20:39:36,340 [INFO] Episode 82 in 'D:\Masters\Sem5\uavRL\inference_outputs\Trajectories\SnowOnly\a2c_naturecnn_single_rgb_obstacle_weather_rainandfog_SnowOnly\a2c_naturecnn_single_rgb_obstacle_weather_rainandfog_SnowOnly_positions.csv' did not travel at least 9 meters. Skipping.
2024-12-06 20:39:36,340 [INFO] Episode 83 in 'D:\Masters\Sem5\uavRL\inference_outputs\Trajectories\SnowOnly\a2c_naturecnn_single_rgb_obstacle_weather_rainandfog_SnowOnly\a2c_naturecnn_single_rgb_obstacle_weather_rainandfog_SnowOnly_positions.csv' did not travel at least 9 meters. Skipping.
2024-12-06 20:39:36,341 [INFO] Episode 84 in 'D:\Masters\Sem5\uavRL\inference_outputs\Trajectories\SnowOnly\a2c_naturecnn_single_rgb_obstacle_weather_rainandfog_SnowOnly\a2c_naturecnn_single_rgb_obstacle_weather_rainandfog_SnowOnly_positions.csv' did not travel at least 9 meters. Skipping.
2024-12-06 20:39:36,342 [INFO] Episode 85 in 'D:\Masters\Sem5\uavRL\inference_outputs\Trajectories\SnowOnly\a2c_naturecnn_single_rgb_obstacle_weather_rainandfog_SnowOnly\a2c_naturecnn_single_rgb_obstacle_weather_rainandfog_SnowOnly_positions.csv' did not travel at least 9 meters. Skipping.
2024-12-06 20:39:36,342 [INFO] Episode 86 in 'D:\Masters\Sem5\uavRL\inference_outputs\Trajectories\SnowOnly\a2c_naturecnn_single_rgb_obstacle_weather_rainandfog_SnowOnly\a2c_naturecnn_single_rgb_obstacle_weather_rainandfog_SnowOnly_positions.csv' did not travel at least 9 meters. Skipping.
2024-12-06 20:39:36,343 [INFO] Episode 91 in 'D:\Masters\Sem5\uavRL\inference_outputs\Trajectories\SnowOnly\a2c_naturecnn_single_rgb_obstacle_weather_rainandfog_SnowOnly\a2c_naturecnn_single_rgb_obstacle_weather_rainandfog_SnowOnly_positions.csv' did not travel at least 9 meters. Skipping.
2024-12-06 20:39:36,345 [INFO] Episode 92 in 'D:\Masters\Sem5\uavRL\inference_outputs\Trajectories\SnowOnly\a2c_naturecnn_single_rgb_obstacle_weather_rainandfog_SnowOnly\a2c_naturecnn_single_rgb_obstacle_weather_rainandfog_SnowOnly_positions.csv' did not travel at least 9 meters. Skipping.
2024-12-06 20:39:36,346 [INFO] Episode 94 in 'D:\Masters\Sem5\uavRL\inference_outputs\Trajectories\SnowOnly\a2c_naturecnn_single_rgb_obstacle_weather_rainandfog_SnowOnly\a2c_naturecnn_single_rgb_obstacle_weather_rainandfog_SnowOnly_positions.csv' did not travel at least 9 meters. Skipping.
2024-12-06 20:39:36,347 [INFO] Episode 95 in 'D:\Masters\Sem5\uavRL\inference_outputs\Trajectories\SnowOnly\a2c_naturecnn_single_rgb_obstacle_weather_rainandfog_SnowOnly\a2c_naturecnn_single_rgb_obstacle_weather_rainandfog_SnowOnly_positions.csv' did not travel at least 9 meters. Skipping.
2024-12-06 20:39:36,347 [INFO] Episode 96 in 'D:\Masters\Sem5\uavRL\inference_outputs\Trajectories\SnowOnly\a2c_naturecnn_single_rgb_obstacle_weather_rainandfog_SnowOnly\a2c_naturecnn_single_rgb_obstacle_weather_rainandfog_SnowOnly_positions.csv' did not travel at least 9 meters. Skipping.
2024-12-06 20:39:36,347 [INFO] Episode 97 in 'D:\Masters\Sem5\uavRL\inference_outputs\Trajectories\SnowOnly\a2c_naturecnn_single_rgb_obstacle_weather_rainandfog_SnowOnly\a2c_naturecnn_single_rgb_obstacle_weather_rainandfog_SnowOnly_positions.csv' did not travel at least 9 meters. Skipping.
2024-12-06 20:39:36,348 [INFO] Episode 100 in 'D:\Masters\Sem5\uavRL\inference_outputs\Trajectories\SnowOnly\a2c_naturecnn_single_rgb_obstacle_weather_rainandfog_SnowOnly\a2c_naturecnn_single_rgb_obstacle_weather_rainandfog_SnowOnly_positions.csv' did not travel at least 9 meters. Skipping.
2024-12-06 20:39:36,357 [INFO] Successfully read 'D:\Masters\Sem5\uavRL\inference_outputs\Trajectories\SnowOnly\a2c_naturecnn_single_rgb_obstacle_weather_snowonly_SnowOnly\a2c_naturecnn_single_rgb_obstacle_weather_snowonly_SnowOnly_positions.csv'.
2024-12-06 20:39:36,359 [INFO] Episode 1 in 'D:\Masters\Sem5\uavRL\inference_outputs\Trajectories\SnowOnly\a2c_naturecnn_single_rgb_obstacle_weather_snowonly_SnowOnly\a2c_naturecnn_single_rgb_obstacle_weather_snowonly_SnowOnly_positions.csv' did not travel at least 9 meters. Skipping.
2024-12-06 20:39:36,360 [INFO] Episode 2 in 'D:\Masters\Sem5\uavRL\inference_outputs\Trajectories\SnowOnly\a2c_naturecnn_single_rgb_obstacle_weather_snowonly_SnowOnly\a2c_naturecnn_single_rgb_obstacle_weather_snowonly_SnowOnly_positions.csv' did not travel at least 9 meters. Skipping.
2024-12-06 20:39:36,361 [INFO] Episode 5 in 'D:\Masters\Sem5\uavRL\inference_outputs\Trajectories\SnowOnly\a2c_naturecnn_single_rgb_obstacle_weather_snowonly_SnowOnly\a2c_naturecnn_single_rgb_obstacle_weather_snowonly_SnowOnly_positions.csv' did not travel at least 9 meters. Skipping.
2024-12-06 20:39:36,362 [INFO] Episode 6 in 'D:\Masters\Sem5\uavRL\inference_outputs\Trajectories\SnowOnly\a2c_naturecnn_single_rgb_obstacle_weather_snowonly_SnowOnly\a2c_naturecnn_single_rgb_obstacle_weather_snowonly_SnowOnly_positions.csv' did not travel at least 9 meters. Skipping.
2024-12-06 20:39:36,363 [INFO] Episode 7 in 'D:\Masters\Sem5\uavRL\inference_outputs\Trajectories\SnowOnly\a2c_naturecnn_single_rgb_obstacle_weather_snowonly_SnowOnly\a2c_naturecnn_single_rgb_obstacle_weather_snowonly_SnowOnly_positions.csv' did not travel at least 9 meters. Skipping.
2024-12-06 20:39:36,364 [INFO] Episode 8 in 'D:\Masters\Sem5\uavRL\inference_outputs\Trajectories\SnowOnly\a2c_naturecnn_single_rgb_obstacle_weather_snowonly_SnowOnly\a2c_naturecnn_single_rgb_obstacle_weather_snowonly_SnowOnly_positions.csv' did not travel at least 9 meters. Skipping.
2024-12-06 20:39:36,364 [INFO] Episode 9 in 'D:\Masters\Sem5\uavRL\inference_outputs\Trajectories\SnowOnly\a2c_naturecnn_single_rgb_obstacle_weather_snowonly_SnowOnly\a2c_naturecnn_single_rgb_obstacle_weather_snowonly_SnowOnly_positions.csv' did not travel at least 9 meters. Skipping.
2024-12-06 20:39:36,365 [INFO] Episode 12 in 'D:\Masters\Sem5\uavRL\inference_outputs\Trajectories\SnowOnly\a2c_naturecnn_single_rgb_obstacle_weather_snowonly_SnowOnly\a2c_naturecnn_single_rgb_obstacle_weather_snowonly_SnowOnly_positions.csv' did not travel at least 9 meters. Skipping.
2024-12-06 20:39:36,366 [INFO] Episode 13 in 'D:\Masters\Sem5\uavRL\inference_outputs\Trajectories\SnowOnly\a2c_naturecnn_single_rgb_obstacle_weather_snowonly_SnowOnly\a2c_naturecnn_single_rgb_obstacle_weather_snowonly_SnowOnly_positions.csv' did not travel at least 9 meters. Skipping.
2024-12-06 20:39:36,367 [INFO] Episode 15 in 'D:\Masters\Sem5\uavRL\inference_outputs\Trajectories\SnowOnly\a2c_naturecnn_single_rgb_obstacle_weather_snowonly_SnowOnly\a2c_naturecnn_single_rgb_obstacle_weather_snowonly_SnowOnly_positions.csv' did not travel at least 9 meters. Skipping.
2024-12-06 20:39:36,367 [INFO] Episode 16 in 'D:\Masters\Sem5\uavRL\inference_outputs\Trajectories\SnowOnly\a2c_naturecnn_single_rgb_obstacle_weather_snowonly_SnowOnly\a2c_naturecnn_single_rgb_obstacle_weather_snowonly_SnowOnly_positions.csv' did not travel at least 9 meters. Skipping.
2024-12-06 20:39:36,411 [INFO] Episode 20 in 'D:\Masters\Sem5\uavRL\inference_outputs\Trajectories\SnowOnly\a2c_naturecnn_single_rgb_obstacle_weather_snowonly_SnowOnly\a2c_naturecnn_single_rgb_obstacle_weather_snowonly_SnowOnly_positions.csv' did not travel at least 9 meters. Skipping.
2024-12-06 20:39:36,412 [INFO] Episode 22 in 'D:\Masters\Sem5\uavRL\inference_outputs\Trajectories\SnowOnly\a2c_naturecnn_single_rgb_obstacle_weather_snowonly_SnowOnly\a2c_naturecnn_single_rgb_obstacle_weather_snowonly_SnowOnly_positions.csv' did not travel at least 9 meters. Skipping.
2024-12-06 20:39:36,414 [INFO] Episode 28 in 'D:\Masters\Sem5\uavRL\inference_outputs\Trajectories\SnowOnly\a2c_naturecnn_single_rgb_obstacle_weather_snowonly_SnowOnly\a2c_naturecnn_single_rgb_obstacle_weather_snowonly_SnowOnly_positions.csv' did not travel at least 9 meters. Skipping.
2024-12-06 20:39:36,414 [INFO] Episode 29 in 'D:\Masters\Sem5\uavRL\inference_outputs\Trajectories\SnowOnly\a2c_naturecnn_single_rgb_obstacle_weather_snowonly_SnowOnly\a2c_naturecnn_single_rgb_obstacle_weather_snowonly_SnowOnly_positions.csv' did not travel at least 9 meters. Skipping.
2024-12-06 20:39:36,417 [INFO] Episode 32 in 'D:\Masters\Sem5\uavRL\inference_outputs\Trajectories\SnowOnly\a2c_naturecnn_single_rgb_obstacle_weather_snowonly_SnowOnly\a2c_naturecnn_single_rgb_obstacle_weather_snowonly_SnowOnly_positions.csv' did not travel at least 9 meters. Skipping.
2024-12-06 20:39:36,418 [INFO] Episode 35 in 'D:\Masters\Sem5\uavRL\inference_outputs\Trajectories\SnowOnly\a2c_naturecnn_single_rgb_obstacle_weather_snowonly_SnowOnly\a2c_naturecnn_single_rgb_obstacle_weather_snowonly_SnowOnly_positions.csv' did not travel at least 9 meters. Skipping.
2024-12-06 20:39:36,419 [INFO] Episode 38 in 'D:\Masters\Sem5\uavRL\inference_outputs\Trajectories\SnowOnly\a2c_naturecnn_single_rgb_obstacle_weather_snowonly_SnowOnly\a2c_naturecnn_single_rgb_obstacle_weather_snowonly_SnowOnly_positions.csv' did not travel at least 9 meters. Skipping.
2024-12-06 20:39:36,420 [INFO] Episode 39 in 'D:\Masters\Sem5\uavRL\inference_outputs\Trajectories\SnowOnly\a2c_naturecnn_single_rgb_obstacle_weather_snowonly_SnowOnly\a2c_naturecnn_single_rgb_obstacle_weather_snowonly_SnowOnly_positions.csv' did not travel at least 9 meters. Skipping.
2024-12-06 20:39:36,421 [INFO] Episode 42 in 'D:\Masters\Sem5\uavRL\inference_outputs\Trajectories\SnowOnly\a2c_naturecnn_single_rgb_obstacle_weather_snowonly_SnowOnly\a2c_naturecnn_single_rgb_obstacle_weather_snowonly_SnowOnly_positions.csv' did not travel at least 9 meters. Skipping.
2024-12-06 20:39:36,422 [INFO] Episode 45 in 'D:\Masters\Sem5\uavRL\inference_outputs\Trajectories\SnowOnly\a2c_naturecnn_single_rgb_obstacle_weather_snowonly_SnowOnly\a2c_naturecnn_single_rgb_obstacle_weather_snowonly_SnowOnly_positions.csv' did not travel at least 9 meters. Skipping.
2024-12-06 20:39:36,422 [INFO] Episode 47 in 'D:\Masters\Sem5\uavRL\inference_outputs\Trajectories\SnowOnly\a2c_naturecnn_single_rgb_obstacle_weather_snowonly_SnowOnly\a2c_naturecnn_single_rgb_obstacle_weather_snowonly_SnowOnly_positions.csv' did not travel at least 9 meters. Skipping.
2024-12-06 20:39:36,426 [INFO] Episode 52 in 'D:\Masters\Sem5\uavRL\inference_outputs\Trajectories\SnowOnly\a2c_naturecnn_single_rgb_obstacle_weather_snowonly_SnowOnly\a2c_naturecnn_single_rgb_obstacle_weather_snowonly_SnowOnly_positions.csv' did not travel at least 9 meters. Skipping.
2024-12-06 20:39:36,427 [INFO] Episode 53 in 'D:\Masters\Sem5\uavRL\inference_outputs\Trajectories\SnowOnly\a2c_naturecnn_single_rgb_obstacle_weather_snowonly_SnowOnly\a2c_naturecnn_single_rgb_obstacle_weather_snowonly_SnowOnly_positions.csv' did not travel at least 9 meters. Skipping.
2024-12-06 20:39:36,427 [INFO] Episode 54 in 'D:\Masters\Sem5\uavRL\inference_outputs\Trajectories\SnowOnly\a2c_naturecnn_single_rgb_obstacle_weather_snowonly_SnowOnly\a2c_naturecnn_single_rgb_obstacle_weather_snowonly_SnowOnly_positions.csv' did not travel at least 9 meters. Skipping.
2024-12-06 20:39:36,429 [INFO] Episode 55 in 'D:\Masters\Sem5\uavRL\inference_outputs\Trajectories\SnowOnly\a2c_naturecnn_single_rgb_obstacle_weather_snowonly_SnowOnly\a2c_naturecnn_single_rgb_obstacle_weather_snowonly_SnowOnly_positions.csv' did not travel at least 9 meters. Skipping.
2024-12-06 20:39:36,430 [INFO] Episode 58 in 'D:\Masters\Sem5\uavRL\inference_outputs\Trajectories\SnowOnly\a2c_naturecnn_single_rgb_obstacle_weather_snowonly_SnowOnly\a2c_naturecnn_single_rgb_obstacle_weather_snowonly_SnowOnly_positions.csv' did not travel at least 9 meters. Skipping.
2024-12-06 20:39:36,431 [INFO] Episode 60 in 'D:\Masters\Sem5\uavRL\inference_outputs\Trajectories\SnowOnly\a2c_naturecnn_single_rgb_obstacle_weather_snowonly_SnowOnly\a2c_naturecnn_single_rgb_obstacle_weather_snowonly_SnowOnly_positions.csv' did not travel at least 9 meters. Skipping.
2024-12-06 20:39:36,432 [INFO] Episode 62 in 'D:\Masters\Sem5\uavRL\inference_outputs\Trajectories\SnowOnly\a2c_naturecnn_single_rgb_obstacle_weather_snowonly_SnowOnly\a2c_naturecnn_single_rgb_obstacle_weather_snowonly_SnowOnly_positions.csv' did not travel at least 9 meters. Skipping.
2024-12-06 20:39:36,434 [INFO] Episode 65 in 'D:\Masters\Sem5\uavRL\inference_outputs\Trajectories\SnowOnly\a2c_naturecnn_single_rgb_obstacle_weather_snowonly_SnowOnly\a2c_naturecnn_single_rgb_obstacle_weather_snowonly_SnowOnly_positions.csv' did not travel at least 9 meters. Skipping.
2024-12-06 20:39:36,434 [INFO] Episode 66 in 'D:\Masters\Sem5\uavRL\inference_outputs\Trajectories\SnowOnly\a2c_naturecnn_single_rgb_obstacle_weather_snowonly_SnowOnly\a2c_naturecnn_single_rgb_obstacle_weather_snowonly_SnowOnly_positions.csv' did not travel at least 9 meters. Skipping.
2024-12-06 20:39:36,435 [INFO] Episode 68 in 'D:\Masters\Sem5\uavRL\inference_outputs\Trajectories\SnowOnly\a2c_naturecnn_single_rgb_obstacle_weather_snowonly_SnowOnly\a2c_naturecnn_single_rgb_obstacle_weather_snowonly_SnowOnly_positions.csv' did not travel at least 9 meters. Skipping.
2024-12-06 20:39:36,437 [INFO] Episode 72 in 'D:\Masters\Sem5\uavRL\inference_outputs\Trajectories\SnowOnly\a2c_naturecnn_single_rgb_obstacle_weather_snowonly_SnowOnly\a2c_naturecnn_single_rgb_obstacle_weather_snowonly_SnowOnly_positions.csv' did not travel at least 9 meters. Skipping.
2024-12-06 20:39:36,438 [INFO] Episode 73 in 'D:\Masters\Sem5\uavRL\inference_outputs\Trajectories\SnowOnly\a2c_naturecnn_single_rgb_obstacle_weather_snowonly_SnowOnly\a2c_naturecnn_single_rgb_obstacle_weather_snowonly_SnowOnly_positions.csv' did not travel at least 9 meters. Skipping.
2024-12-06 20:39:36,439 [INFO] Episode 74 in 'D:\Masters\Sem5\uavRL\inference_outputs\Trajectories\SnowOnly\a2c_naturecnn_single_rgb_obstacle_weather_snowonly_SnowOnly\a2c_naturecnn_single_rgb_obstacle_weather_snowonly_SnowOnly_positions.csv' did not travel at least 9 meters. Skipping.
2024-12-06 20:39:36,440 [INFO] Episode 76 in 'D:\Masters\Sem5\uavRL\inference_outputs\Trajectories\SnowOnly\a2c_naturecnn_single_rgb_obstacle_weather_snowonly_SnowOnly\a2c_naturecnn_single_rgb_obstacle_weather_snowonly_SnowOnly_positions.csv' did not travel at least 9 meters. Skipping.
2024-12-06 20:39:36,441 [INFO] Episode 79 in 'D:\Masters\Sem5\uavRL\inference_outputs\Trajectories\SnowOnly\a2c_naturecnn_single_rgb_obstacle_weather_snowonly_SnowOnly\a2c_naturecnn_single_rgb_obstacle_weather_snowonly_SnowOnly_positions.csv' did not travel at least 9 meters. Skipping.
2024-12-06 20:39:36,445 [INFO] Episode 83 in 'D:\Masters\Sem5\uavRL\inference_outputs\Trajectories\SnowOnly\a2c_naturecnn_single_rgb_obstacle_weather_snowonly_SnowOnly\a2c_naturecnn_single_rgb_obstacle_weather_snowonly_SnowOnly_positions.csv' did not travel at least 9 meters. Skipping.
2024-12-06 20:39:36,446 [INFO] Episode 84 in 'D:\Masters\Sem5\uavRL\inference_outputs\Trajectories\SnowOnly\a2c_naturecnn_single_rgb_obstacle_weather_snowonly_SnowOnly\a2c_naturecnn_single_rgb_obstacle_weather_snowonly_SnowOnly_positions.csv' did not travel at least 9 meters. Skipping.
2024-12-06 20:39:36,455 [INFO] Wall positions determined at: [3.7, 7.4, 11.100000000000001, 14.8, 18.5, 22.2]
2024-12-06 20:39:36,458 [INFO] Plotted mean trajectory from 'a2c_naturecnn_single_rgb_SnowOnly_positions.csv' with color 'blue'.
2024-12-06 20:39:36,460 [INFO] Plotted mean trajectory from 'a2c_naturecnn_single_rgb_obstacle_weather_leavesfalling_SnowOnly_positions.csv' with color 'green'.
2024-12-06 20:39:36,461 [INFO] Plotted mean trajectory from 'a2c_naturecnn_single_rgb_obstacle_weather_rainandfog_SnowOnly_positions.csv' with color 'orange'.
2024-12-06 20:39:36,462 [INFO] Plotted mean trajectory from 'a2c_naturecnn_single_rgb_obstacle_weather_snowonly_SnowOnly_positions.csv' with color 'purple'.
2024-12-06 20:39:36,512 [INFO] Added wall surface at X=3.7 with Trajectory Variations and Passages.
2024-12-06 20:39:36,563 [INFO] Added wall surface at X=7.4 with Trajectory Variations and Passages.
2024-12-06 20:39:36,628 [INFO] Added wall surface at X=11.100000000000001 with Trajectory Variations and Passages.
2024-12-06 20:39:36,690 [INFO] Added wall surface at X=14.8 with Trajectory Variations and Passages.
2024-12-06 20:39:36,751 [INFO] Added wall surface at X=18.5 with Trajectory Variations and Passages.
2024-12-06 20:39:36,755 [WARNING] No data near wall at X=22.2. Skipping hole creation.
2024-12-06 20:39:36,755 [INFO] Completed plotting walls and holes.
2024-12-06 20:39:36,945 [INFO] Similarity between 'a2c_naturecnn_single_rgb_SnowOnly_positions.csv' and 'a2c_naturecnn_single_rgb_obstacle_weather_leavesfalling_SnowOnly_positions.csv':
2024-12-06 20:39:36,945 [INFO]   - Cosine Similarity (Mean): 0.9642
2024-12-06 20:39:36,945 [INFO]   - Pearson Correlation (Mean): 0.8752
2024-12-06 20:39:36,945 [INFO]   - Normalized Cross-Correlation (Mean): 0.8766
2024-12-06 20:39:36,945 [INFO]   - Lag at Max NCC (Y): 2, (Z): 0
2024-12-06 20:39:36,960 [INFO] Similarity between 'a2c_naturecnn_single_rgb_SnowOnly_positions.csv' and 'a2c_naturecnn_single_rgb_obstacle_weather_rainandfog_SnowOnly_positions.csv':
2024-12-06 20:39:36,960 [INFO]   - Cosine Similarity (Mean): 0.9286
2024-12-06 20:39:36,961 [INFO]   - Pearson Correlation (Mean): 0.6638
2024-12-06 20:39:36,961 [INFO]   - Normalized Cross-Correlation (Mean): 0.6884
2024-12-06 20:39:36,961 [INFO]   - Lag at Max NCC (Y): 0, (Z): -16
2024-12-06 20:39:36,971 [INFO] Similarity between 'a2c_naturecnn_single_rgb_SnowOnly_positions.csv' and 'a2c_naturecnn_single_rgb_obstacle_weather_snowonly_SnowOnly_positions.csv':
2024-12-06 20:39:36,971 [INFO]   - Cosine Similarity (Mean): 0.9284
2024-12-06 20:39:36,971 [INFO]   - Pearson Correlation (Mean): 0.6173
2024-12-06 20:39:36,971 [INFO]   - Normalized Cross-Correlation (Mean): 0.6642
2024-12-06 20:39:36,972 [INFO]   - Lag at Max NCC (Y): 20, (Z): 0
2024-12-06 20:39:36,983 [INFO] Similarity between 'a2c_naturecnn_single_rgb_obstacle_weather_leavesfalling_SnowOnly_positions.csv' and 'a2c_naturecnn_single_rgb_obstacle_weather_rainandfog_SnowOnly_positions.csv':
2024-12-06 20:39:36,983 [INFO]   - Cosine Similarity (Mean): 0.9139
2024-12-06 20:39:36,985 [INFO]   - Pearson Correlation (Mean): 0.6252
2024-12-06 20:39:36,985 [INFO]   - Normalized Cross-Correlation (Mean): 0.6262
2024-12-06 20:39:36,985 [INFO]   - Lag at Max NCC (Y): 0, (Z): -3
2024-12-06 20:39:37,011 [INFO] Similarity between 'a2c_naturecnn_single_rgb_obstacle_weather_leavesfalling_SnowOnly_positions.csv' and 'a2c_naturecnn_single_rgb_obstacle_weather_snowonly_SnowOnly_positions.csv':
2024-12-06 20:39:37,011 [INFO]   - Cosine Similarity (Mean): 0.9042
2024-12-06 20:39:37,011 [INFO]   - Pearson Correlation (Mean): 0.5914
2024-12-06 20:39:37,012 [INFO]   - Normalized Cross-Correlation (Mean): 0.6051
2024-12-06 20:39:37,012 [INFO]   - Lag at Max NCC (Y): 50, (Z): 1
2024-12-06 20:39:37,024 [INFO] Similarity between 'a2c_naturecnn_single_rgb_obstacle_weather_rainandfog_SnowOnly_positions.csv' and 'a2c_naturecnn_single_rgb_obstacle_weather_snowonly_SnowOnly_positions.csv':
2024-12-06 20:39:37,026 [INFO]   - Cosine Similarity (Mean): 0.9240
2024-12-06 20:39:37,026 [INFO]   - Pearson Correlation (Mean): 0.5933
2024-12-06 20:39:37,026 [INFO]   - Normalized Cross-Correlation (Mean): 0.6744
2024-12-06 20:39:37,026 [INFO]   - Lag at Max NCC (Y): 19, (Z): 10
2024-12-06 20:39:37,451 [INFO] Cross-correlation plot saved as 'inference_outputs\RGB_A2C_SnowOnly_Variants\RGB_A2C_SnowOnly_Variants_cross_correlation_part1.png'.
2024-12-06 20:39:38,084 [INFO] Mean trajectories plotted and saved as 'inference_outputs\RGB_A2C_SnowOnly_Variants\RGB_A2C_SnowOnly_Variants_mean_trajectories.png'.
2024-12-06 20:39:38,089 [INFO] Similarity summary saved as 'inference_outputs\RGB_A2C_SnowOnly_Variants\RGB_A2C_SnowOnly_Variants_similarity_summary.csv'.
