2024-12-06 20:29:41,625 [INFO] Logging initialized for scenario: 'MultiGrey_A2CvsPPO_RainandFog'
2024-12-06 20:29:41,627 [INFO] Received command-line arguments: Scenario='MultiGrey_A2CvsPPO_RainandFog', Filenames=['D:\\Masters\\Sem5\\uavRL\\inference_outputs\\Trajectories\\RainandFog\\a2c_naturecnn_multi_rgb_RainandFog\\a2c_naturecnn_multi_rgb_RainandFog_positions.csv', 'D:\\Masters\\Sem5\\uavRL\\inference_outputs\\Trajectories\\RainandFog\\ppo_naturecnn_multi_rgb_RainandFog\\ppo_naturecnn_multi_rgb_RainandFog_positions.csv']
2024-12-06 20:29:41,627 [INFO] Starting to plot multiple mean trajectories.
2024-12-06 20:29:41,775 [INFO] Successfully read 'D:\Masters\Sem5\uavRL\inference_outputs\Trajectories\RainandFog\a2c_naturecnn_multi_rgb_RainandFog\a2c_naturecnn_multi_rgb_RainandFog_positions.csv'.
2024-12-06 20:29:41,777 [INFO] Episode 1 in 'D:\Masters\Sem5\uavRL\inference_outputs\Trajectories\RainandFog\a2c_naturecnn_multi_rgb_RainandFog\a2c_naturecnn_multi_rgb_RainandFog_positions.csv' did not travel at least 9 meters. Skipping.
2024-12-06 20:29:41,778 [INFO] Episode 2 in 'D:\Masters\Sem5\uavRL\inference_outputs\Trajectories\RainandFog\a2c_naturecnn_multi_rgb_RainandFog\a2c_naturecnn_multi_rgb_RainandFog_positions.csv' did not travel at least 9 meters. Skipping.
2024-12-06 20:29:41,778 [INFO] Episode 3 in 'D:\Masters\Sem5\uavRL\inference_outputs\Trajectories\RainandFog\a2c_naturecnn_multi_rgb_RainandFog\a2c_naturecnn_multi_rgb_RainandFog_positions.csv' did not travel at least 9 meters. Skipping.
2024-12-06 20:29:41,779 [INFO] Episode 4 in 'D:\Masters\Sem5\uavRL\inference_outputs\Trajectories\RainandFog\a2c_naturecnn_multi_rgb_RainandFog\a2c_naturecnn_multi_rgb_RainandFog_positions.csv' did not travel at least 9 meters. Skipping.
2024-12-06 20:29:41,780 [INFO] Episode 5 in 'D:\Masters\Sem5\uavRL\inference_outputs\Trajectories\RainandFog\a2c_naturecnn_multi_rgb_RainandFog\a2c_naturecnn_multi_rgb_RainandFog_positions.csv' did not travel at least 9 meters. Skipping.
2024-12-06 20:29:41,780 [INFO] Episode 6 in 'D:\Masters\Sem5\uavRL\inference_outputs\Trajectories\RainandFog\a2c_naturecnn_multi_rgb_RainandFog\a2c_naturecnn_multi_rgb_RainandFog_positions.csv' did not travel at least 9 meters. Skipping.
2024-12-06 20:29:41,781 [INFO] Episode 7 in 'D:\Masters\Sem5\uavRL\inference_outputs\Trajectories\RainandFog\a2c_naturecnn_multi_rgb_RainandFog\a2c_naturecnn_multi_rgb_RainandFog_positions.csv' did not travel at least 9 meters. Skipping.
2024-12-06 20:29:41,781 [INFO] Episode 8 in 'D:\Masters\Sem5\uavRL\inference_outputs\Trajectories\RainandFog\a2c_naturecnn_multi_rgb_RainandFog\a2c_naturecnn_multi_rgb_RainandFog_positions.csv' did not travel at least 9 meters. Skipping.
2024-12-06 20:29:41,782 [INFO] Episode 9 in 'D:\Masters\Sem5\uavRL\inference_outputs\Trajectories\RainandFog\a2c_naturecnn_multi_rgb_RainandFog\a2c_naturecnn_multi_rgb_RainandFog_positions.csv' did not travel at least 9 meters. Skipping.
2024-12-06 20:29:41,782 [INFO] Episode 10 in 'D:\Masters\Sem5\uavRL\inference_outputs\Trajectories\RainandFog\a2c_naturecnn_multi_rgb_RainandFog\a2c_naturecnn_multi_rgb_RainandFog_positions.csv' did not travel at least 9 meters. Skipping.
2024-12-06 20:29:41,783 [INFO] Episode 11 in 'D:\Masters\Sem5\uavRL\inference_outputs\Trajectories\RainandFog\a2c_naturecnn_multi_rgb_RainandFog\a2c_naturecnn_multi_rgb_RainandFog_positions.csv' did not travel at least 9 meters. Skipping.
2024-12-06 20:29:41,783 [INFO] Episode 12 in 'D:\Masters\Sem5\uavRL\inference_outputs\Trajectories\RainandFog\a2c_naturecnn_multi_rgb_RainandFog\a2c_naturecnn_multi_rgb_RainandFog_positions.csv' did not travel at least 9 meters. Skipping.
2024-12-06 20:29:41,783 [INFO] Episode 13 in 'D:\Masters\Sem5\uavRL\inference_outputs\Trajectories\RainandFog\a2c_naturecnn_multi_rgb_RainandFog\a2c_naturecnn_multi_rgb_RainandFog_positions.csv' did not travel at least 9 meters. Skipping.
2024-12-06 20:29:41,785 [INFO] Episode 14 in 'D:\Masters\Sem5\uavRL\inference_outputs\Trajectories\RainandFog\a2c_naturecnn_multi_rgb_RainandFog\a2c_naturecnn_multi_rgb_RainandFog_positions.csv' did not travel at least 9 meters. Skipping.
2024-12-06 20:29:41,786 [INFO] Episode 15 in 'D:\Masters\Sem5\uavRL\inference_outputs\Trajectories\RainandFog\a2c_naturecnn_multi_rgb_RainandFog\a2c_naturecnn_multi_rgb_RainandFog_positions.csv' did not travel at least 9 meters. Skipping.
2024-12-06 20:29:41,786 [INFO] Episode 16 in 'D:\Masters\Sem5\uavRL\inference_outputs\Trajectories\RainandFog\a2c_naturecnn_multi_rgb_RainandFog\a2c_naturecnn_multi_rgb_RainandFog_positions.csv' did not travel at least 9 meters. Skipping.
2024-12-06 20:29:41,787 [INFO] Episode 17 in 'D:\Masters\Sem5\uavRL\inference_outputs\Trajectories\RainandFog\a2c_naturecnn_multi_rgb_RainandFog\a2c_naturecnn_multi_rgb_RainandFog_positions.csv' did not travel at least 9 meters. Skipping.
2024-12-06 20:29:41,787 [INFO] Episode 18 in 'D:\Masters\Sem5\uavRL\inference_outputs\Trajectories\RainandFog\a2c_naturecnn_multi_rgb_RainandFog\a2c_naturecnn_multi_rgb_RainandFog_positions.csv' did not travel at least 9 meters. Skipping.
2024-12-06 20:29:41,788 [INFO] Episode 19 in 'D:\Masters\Sem5\uavRL\inference_outputs\Trajectories\RainandFog\a2c_naturecnn_multi_rgb_RainandFog\a2c_naturecnn_multi_rgb_RainandFog_positions.csv' did not travel at least 9 meters. Skipping.
2024-12-06 20:29:41,789 [INFO] Episode 20 in 'D:\Masters\Sem5\uavRL\inference_outputs\Trajectories\RainandFog\a2c_naturecnn_multi_rgb_RainandFog\a2c_naturecnn_multi_rgb_RainandFog_positions.csv' did not travel at least 9 meters. Skipping.
2024-12-06 20:29:41,789 [INFO] Episode 21 in 'D:\Masters\Sem5\uavRL\inference_outputs\Trajectories\RainandFog\a2c_naturecnn_multi_rgb_RainandFog\a2c_naturecnn_multi_rgb_RainandFog_positions.csv' did not travel at least 9 meters. Skipping.
2024-12-06 20:29:41,789 [INFO] Episode 22 in 'D:\Masters\Sem5\uavRL\inference_outputs\Trajectories\RainandFog\a2c_naturecnn_multi_rgb_RainandFog\a2c_naturecnn_multi_rgb_RainandFog_positions.csv' did not travel at least 9 meters. Skipping.
2024-12-06 20:29:41,791 [INFO] Episode 23 in 'D:\Masters\Sem5\uavRL\inference_outputs\Trajectories\RainandFog\a2c_naturecnn_multi_rgb_RainandFog\a2c_naturecnn_multi_rgb_RainandFog_positions.csv' did not travel at least 9 meters. Skipping.
2024-12-06 20:29:41,791 [INFO] Episode 24 in 'D:\Masters\Sem5\uavRL\inference_outputs\Trajectories\RainandFog\a2c_naturecnn_multi_rgb_RainandFog\a2c_naturecnn_multi_rgb_RainandFog_positions.csv' did not travel at least 9 meters. Skipping.
2024-12-06 20:29:41,793 [INFO] Episode 25 in 'D:\Masters\Sem5\uavRL\inference_outputs\Trajectories\RainandFog\a2c_naturecnn_multi_rgb_RainandFog\a2c_naturecnn_multi_rgb_RainandFog_positions.csv' did not travel at least 9 meters. Skipping.
2024-12-06 20:29:41,793 [INFO] Episode 26 in 'D:\Masters\Sem5\uavRL\inference_outputs\Trajectories\RainandFog\a2c_naturecnn_multi_rgb_RainandFog\a2c_naturecnn_multi_rgb_RainandFog_positions.csv' did not travel at least 9 meters. Skipping.
2024-12-06 20:29:41,794 [INFO] Episode 27 in 'D:\Masters\Sem5\uavRL\inference_outputs\Trajectories\RainandFog\a2c_naturecnn_multi_rgb_RainandFog\a2c_naturecnn_multi_rgb_RainandFog_positions.csv' did not travel at least 9 meters. Skipping.
2024-12-06 20:29:41,795 [INFO] Episode 28 in 'D:\Masters\Sem5\uavRL\inference_outputs\Trajectories\RainandFog\a2c_naturecnn_multi_rgb_RainandFog\a2c_naturecnn_multi_rgb_RainandFog_positions.csv' did not travel at least 9 meters. Skipping.
2024-12-06 20:29:41,795 [INFO] Episode 29 in 'D:\Masters\Sem5\uavRL\inference_outputs\Trajectories\RainandFog\a2c_naturecnn_multi_rgb_RainandFog\a2c_naturecnn_multi_rgb_RainandFog_positions.csv' did not travel at least 9 meters. Skipping.
2024-12-06 20:29:41,796 [INFO] Episode 30 in 'D:\Masters\Sem5\uavRL\inference_outputs\Trajectories\RainandFog\a2c_naturecnn_multi_rgb_RainandFog\a2c_naturecnn_multi_rgb_RainandFog_positions.csv' did not travel at least 9 meters. Skipping.
2024-12-06 20:29:41,797 [INFO] Episode 31 in 'D:\Masters\Sem5\uavRL\inference_outputs\Trajectories\RainandFog\a2c_naturecnn_multi_rgb_RainandFog\a2c_naturecnn_multi_rgb_RainandFog_positions.csv' did not travel at least 9 meters. Skipping.
2024-12-06 20:29:41,797 [INFO] Episode 32 in 'D:\Masters\Sem5\uavRL\inference_outputs\Trajectories\RainandFog\a2c_naturecnn_multi_rgb_RainandFog\a2c_naturecnn_multi_rgb_RainandFog_positions.csv' did not travel at least 9 meters. Skipping.
2024-12-06 20:29:41,798 [INFO] Episode 33 in 'D:\Masters\Sem5\uavRL\inference_outputs\Trajectories\RainandFog\a2c_naturecnn_multi_rgb_RainandFog\a2c_naturecnn_multi_rgb_RainandFog_positions.csv' did not travel at least 9 meters. Skipping.
2024-12-06 20:29:41,798 [INFO] Episode 34 in 'D:\Masters\Sem5\uavRL\inference_outputs\Trajectories\RainandFog\a2c_naturecnn_multi_rgb_RainandFog\a2c_naturecnn_multi_rgb_RainandFog_positions.csv' did not travel at least 9 meters. Skipping.
2024-12-06 20:29:41,799 [INFO] Episode 35 in 'D:\Masters\Sem5\uavRL\inference_outputs\Trajectories\RainandFog\a2c_naturecnn_multi_rgb_RainandFog\a2c_naturecnn_multi_rgb_RainandFog_positions.csv' did not travel at least 9 meters. Skipping.
2024-12-06 20:29:41,800 [INFO] Episode 36 in 'D:\Masters\Sem5\uavRL\inference_outputs\Trajectories\RainandFog\a2c_naturecnn_multi_rgb_RainandFog\a2c_naturecnn_multi_rgb_RainandFog_positions.csv' did not travel at least 9 meters. Skipping.
2024-12-06 20:29:41,801 [INFO] Episode 37 in 'D:\Masters\Sem5\uavRL\inference_outputs\Trajectories\RainandFog\a2c_naturecnn_multi_rgb_RainandFog\a2c_naturecnn_multi_rgb_RainandFog_positions.csv' did not travel at least 9 meters. Skipping.
2024-12-06 20:29:41,801 [INFO] Episode 38 in 'D:\Masters\Sem5\uavRL\inference_outputs\Trajectories\RainandFog\a2c_naturecnn_multi_rgb_RainandFog\a2c_naturecnn_multi_rgb_RainandFog_positions.csv' did not travel at least 9 meters. Skipping.
2024-12-06 20:29:41,802 [INFO] Episode 39 in 'D:\Masters\Sem5\uavRL\inference_outputs\Trajectories\RainandFog\a2c_naturecnn_multi_rgb_RainandFog\a2c_naturecnn_multi_rgb_RainandFog_positions.csv' did not travel at least 9 meters. Skipping.
2024-12-06 20:29:41,802 [INFO] Episode 40 in 'D:\Masters\Sem5\uavRL\inference_outputs\Trajectories\RainandFog\a2c_naturecnn_multi_rgb_RainandFog\a2c_naturecnn_multi_rgb_RainandFog_positions.csv' did not travel at least 9 meters. Skipping.
2024-12-06 20:29:41,803 [INFO] Episode 41 in 'D:\Masters\Sem5\uavRL\inference_outputs\Trajectories\RainandFog\a2c_naturecnn_multi_rgb_RainandFog\a2c_naturecnn_multi_rgb_RainandFog_positions.csv' did not travel at least 9 meters. Skipping.
2024-12-06 20:29:41,804 [INFO] Episode 42 in 'D:\Masters\Sem5\uavRL\inference_outputs\Trajectories\RainandFog\a2c_naturecnn_multi_rgb_RainandFog\a2c_naturecnn_multi_rgb_RainandFog_positions.csv' did not travel at least 9 meters. Skipping.
2024-12-06 20:29:41,804 [INFO] Episode 43 in 'D:\Masters\Sem5\uavRL\inference_outputs\Trajectories\RainandFog\a2c_naturecnn_multi_rgb_RainandFog\a2c_naturecnn_multi_rgb_RainandFog_positions.csv' did not travel at least 9 meters. Skipping.
2024-12-06 20:29:41,805 [INFO] Episode 44 in 'D:\Masters\Sem5\uavRL\inference_outputs\Trajectories\RainandFog\a2c_naturecnn_multi_rgb_RainandFog\a2c_naturecnn_multi_rgb_RainandFog_positions.csv' did not travel at least 9 meters. Skipping.
2024-12-06 20:29:41,805 [INFO] Episode 45 in 'D:\Masters\Sem5\uavRL\inference_outputs\Trajectories\RainandFog\a2c_naturecnn_multi_rgb_RainandFog\a2c_naturecnn_multi_rgb_RainandFog_positions.csv' did not travel at least 9 meters. Skipping.
2024-12-06 20:29:41,806 [INFO] Episode 46 in 'D:\Masters\Sem5\uavRL\inference_outputs\Trajectories\RainandFog\a2c_naturecnn_multi_rgb_RainandFog\a2c_naturecnn_multi_rgb_RainandFog_positions.csv' did not travel at least 9 meters. Skipping.
2024-12-06 20:29:41,807 [INFO] Episode 47 in 'D:\Masters\Sem5\uavRL\inference_outputs\Trajectories\RainandFog\a2c_naturecnn_multi_rgb_RainandFog\a2c_naturecnn_multi_rgb_RainandFog_positions.csv' did not travel at least 9 meters. Skipping.
2024-12-06 20:29:41,808 [INFO] Episode 48 in 'D:\Masters\Sem5\uavRL\inference_outputs\Trajectories\RainandFog\a2c_naturecnn_multi_rgb_RainandFog\a2c_naturecnn_multi_rgb_RainandFog_positions.csv' did not travel at least 9 meters. Skipping.
2024-12-06 20:29:41,808 [INFO] Episode 49 in 'D:\Masters\Sem5\uavRL\inference_outputs\Trajectories\RainandFog\a2c_naturecnn_multi_rgb_RainandFog\a2c_naturecnn_multi_rgb_RainandFog_positions.csv' did not travel at least 9 meters. Skipping.
2024-12-06 20:29:41,808 [INFO] Episode 50 in 'D:\Masters\Sem5\uavRL\inference_outputs\Trajectories\RainandFog\a2c_naturecnn_multi_rgb_RainandFog\a2c_naturecnn_multi_rgb_RainandFog_positions.csv' did not travel at least 9 meters. Skipping.
2024-12-06 20:29:41,809 [INFO] Episode 51 in 'D:\Masters\Sem5\uavRL\inference_outputs\Trajectories\RainandFog\a2c_naturecnn_multi_rgb_RainandFog\a2c_naturecnn_multi_rgb_RainandFog_positions.csv' did not travel at least 9 meters. Skipping.
2024-12-06 20:29:41,809 [INFO] Episode 52 in 'D:\Masters\Sem5\uavRL\inference_outputs\Trajectories\RainandFog\a2c_naturecnn_multi_rgb_RainandFog\a2c_naturecnn_multi_rgb_RainandFog_positions.csv' did not travel at least 9 meters. Skipping.
2024-12-06 20:29:41,810 [INFO] Episode 53 in 'D:\Masters\Sem5\uavRL\inference_outputs\Trajectories\RainandFog\a2c_naturecnn_multi_rgb_RainandFog\a2c_naturecnn_multi_rgb_RainandFog_positions.csv' did not travel at least 9 meters. Skipping.
2024-12-06 20:29:41,810 [INFO] Episode 54 in 'D:\Masters\Sem5\uavRL\inference_outputs\Trajectories\RainandFog\a2c_naturecnn_multi_rgb_RainandFog\a2c_naturecnn_multi_rgb_RainandFog_positions.csv' did not travel at least 9 meters. Skipping.
2024-12-06 20:29:41,812 [INFO] Episode 55 in 'D:\Masters\Sem5\uavRL\inference_outputs\Trajectories\RainandFog\a2c_naturecnn_multi_rgb_RainandFog\a2c_naturecnn_multi_rgb_RainandFog_positions.csv' did not travel at least 9 meters. Skipping.
2024-12-06 20:29:41,812 [INFO] Episode 56 in 'D:\Masters\Sem5\uavRL\inference_outputs\Trajectories\RainandFog\a2c_naturecnn_multi_rgb_RainandFog\a2c_naturecnn_multi_rgb_RainandFog_positions.csv' did not travel at least 9 meters. Skipping.
2024-12-06 20:29:41,813 [INFO] Episode 57 in 'D:\Masters\Sem5\uavRL\inference_outputs\Trajectories\RainandFog\a2c_naturecnn_multi_rgb_RainandFog\a2c_naturecnn_multi_rgb_RainandFog_positions.csv' did not travel at least 9 meters. Skipping.
2024-12-06 20:29:41,813 [INFO] Episode 58 in 'D:\Masters\Sem5\uavRL\inference_outputs\Trajectories\RainandFog\a2c_naturecnn_multi_rgb_RainandFog\a2c_naturecnn_multi_rgb_RainandFog_positions.csv' did not travel at least 9 meters. Skipping.
2024-12-06 20:29:41,814 [INFO] Episode 59 in 'D:\Masters\Sem5\uavRL\inference_outputs\Trajectories\RainandFog\a2c_naturecnn_multi_rgb_RainandFog\a2c_naturecnn_multi_rgb_RainandFog_positions.csv' did not travel at least 9 meters. Skipping.
2024-12-06 20:29:41,814 [INFO] Episode 60 in 'D:\Masters\Sem5\uavRL\inference_outputs\Trajectories\RainandFog\a2c_naturecnn_multi_rgb_RainandFog\a2c_naturecnn_multi_rgb_RainandFog_positions.csv' did not travel at least 9 meters. Skipping.
2024-12-06 20:29:41,815 [INFO] Episode 61 in 'D:\Masters\Sem5\uavRL\inference_outputs\Trajectories\RainandFog\a2c_naturecnn_multi_rgb_RainandFog\a2c_naturecnn_multi_rgb_RainandFog_positions.csv' did not travel at least 9 meters. Skipping.
2024-12-06 20:29:41,815 [INFO] Episode 62 in 'D:\Masters\Sem5\uavRL\inference_outputs\Trajectories\RainandFog\a2c_naturecnn_multi_rgb_RainandFog\a2c_naturecnn_multi_rgb_RainandFog_positions.csv' did not travel at least 9 meters. Skipping.
2024-12-06 20:29:41,816 [INFO] Episode 63 in 'D:\Masters\Sem5\uavRL\inference_outputs\Trajectories\RainandFog\a2c_naturecnn_multi_rgb_RainandFog\a2c_naturecnn_multi_rgb_RainandFog_positions.csv' did not travel at least 9 meters. Skipping.
2024-12-06 20:29:41,816 [INFO] Episode 64 in 'D:\Masters\Sem5\uavRL\inference_outputs\Trajectories\RainandFog\a2c_naturecnn_multi_rgb_RainandFog\a2c_naturecnn_multi_rgb_RainandFog_positions.csv' did not travel at least 9 meters. Skipping.
2024-12-06 20:29:41,818 [INFO] Episode 65 in 'D:\Masters\Sem5\uavRL\inference_outputs\Trajectories\RainandFog\a2c_naturecnn_multi_rgb_RainandFog\a2c_naturecnn_multi_rgb_RainandFog_positions.csv' did not travel at least 9 meters. Skipping.
2024-12-06 20:29:41,819 [INFO] Episode 67 in 'D:\Masters\Sem5\uavRL\inference_outputs\Trajectories\RainandFog\a2c_naturecnn_multi_rgb_RainandFog\a2c_naturecnn_multi_rgb_RainandFog_positions.csv' did not travel at least 9 meters. Skipping.
2024-12-06 20:29:41,819 [INFO] Episode 68 in 'D:\Masters\Sem5\uavRL\inference_outputs\Trajectories\RainandFog\a2c_naturecnn_multi_rgb_RainandFog\a2c_naturecnn_multi_rgb_RainandFog_positions.csv' did not travel at least 9 meters. Skipping.
2024-12-06 20:29:41,820 [INFO] Episode 69 in 'D:\Masters\Sem5\uavRL\inference_outputs\Trajectories\RainandFog\a2c_naturecnn_multi_rgb_RainandFog\a2c_naturecnn_multi_rgb_RainandFog_positions.csv' did not travel at least 9 meters. Skipping.
2024-12-06 20:29:41,821 [INFO] Episode 70 in 'D:\Masters\Sem5\uavRL\inference_outputs\Trajectories\RainandFog\a2c_naturecnn_multi_rgb_RainandFog\a2c_naturecnn_multi_rgb_RainandFog_positions.csv' did not travel at least 9 meters. Skipping.
2024-12-06 20:29:41,821 [INFO] Episode 71 in 'D:\Masters\Sem5\uavRL\inference_outputs\Trajectories\RainandFog\a2c_naturecnn_multi_rgb_RainandFog\a2c_naturecnn_multi_rgb_RainandFog_positions.csv' did not travel at least 9 meters. Skipping.
2024-12-06 20:29:41,822 [INFO] Episode 72 in 'D:\Masters\Sem5\uavRL\inference_outputs\Trajectories\RainandFog\a2c_naturecnn_multi_rgb_RainandFog\a2c_naturecnn_multi_rgb_RainandFog_positions.csv' did not travel at least 9 meters. Skipping.
2024-12-06 20:29:41,823 [INFO] Episode 73 in 'D:\Masters\Sem5\uavRL\inference_outputs\Trajectories\RainandFog\a2c_naturecnn_multi_rgb_RainandFog\a2c_naturecnn_multi_rgb_RainandFog_positions.csv' did not travel at least 9 meters. Skipping.
2024-12-06 20:29:41,823 [INFO] Episode 74 in 'D:\Masters\Sem5\uavRL\inference_outputs\Trajectories\RainandFog\a2c_naturecnn_multi_rgb_RainandFog\a2c_naturecnn_multi_rgb_RainandFog_positions.csv' did not travel at least 9 meters. Skipping.
2024-12-06 20:29:41,825 [INFO] Episode 75 in 'D:\Masters\Sem5\uavRL\inference_outputs\Trajectories\RainandFog\a2c_naturecnn_multi_rgb_RainandFog\a2c_naturecnn_multi_rgb_RainandFog_positions.csv' did not travel at least 9 meters. Skipping.
2024-12-06 20:29:41,825 [INFO] Episode 76 in 'D:\Masters\Sem5\uavRL\inference_outputs\Trajectories\RainandFog\a2c_naturecnn_multi_rgb_RainandFog\a2c_naturecnn_multi_rgb_RainandFog_positions.csv' did not travel at least 9 meters. Skipping.
2024-12-06 20:29:41,826 [INFO] Episode 77 in 'D:\Masters\Sem5\uavRL\inference_outputs\Trajectories\RainandFog\a2c_naturecnn_multi_rgb_RainandFog\a2c_naturecnn_multi_rgb_RainandFog_positions.csv' did not travel at least 9 meters. Skipping.
2024-12-06 20:29:41,827 [INFO] Episode 78 in 'D:\Masters\Sem5\uavRL\inference_outputs\Trajectories\RainandFog\a2c_naturecnn_multi_rgb_RainandFog\a2c_naturecnn_multi_rgb_RainandFog_positions.csv' did not travel at least 9 meters. Skipping.
2024-12-06 20:29:41,827 [INFO] Episode 79 in 'D:\Masters\Sem5\uavRL\inference_outputs\Trajectories\RainandFog\a2c_naturecnn_multi_rgb_RainandFog\a2c_naturecnn_multi_rgb_RainandFog_positions.csv' did not travel at least 9 meters. Skipping.
2024-12-06 20:29:41,828 [INFO] Episode 80 in 'D:\Masters\Sem5\uavRL\inference_outputs\Trajectories\RainandFog\a2c_naturecnn_multi_rgb_RainandFog\a2c_naturecnn_multi_rgb_RainandFog_positions.csv' did not travel at least 9 meters. Skipping.
2024-12-06 20:29:41,828 [INFO] Episode 81 in 'D:\Masters\Sem5\uavRL\inference_outputs\Trajectories\RainandFog\a2c_naturecnn_multi_rgb_RainandFog\a2c_naturecnn_multi_rgb_RainandFog_positions.csv' did not travel at least 9 meters. Skipping.
2024-12-06 20:29:41,829 [INFO] Episode 82 in 'D:\Masters\Sem5\uavRL\inference_outputs\Trajectories\RainandFog\a2c_naturecnn_multi_rgb_RainandFog\a2c_naturecnn_multi_rgb_RainandFog_positions.csv' did not travel at least 9 meters. Skipping.
2024-12-06 20:29:41,830 [INFO] Episode 83 in 'D:\Masters\Sem5\uavRL\inference_outputs\Trajectories\RainandFog\a2c_naturecnn_multi_rgb_RainandFog\a2c_naturecnn_multi_rgb_RainandFog_positions.csv' did not travel at least 9 meters. Skipping.
2024-12-06 20:29:41,830 [INFO] Episode 84 in 'D:\Masters\Sem5\uavRL\inference_outputs\Trajectories\RainandFog\a2c_naturecnn_multi_rgb_RainandFog\a2c_naturecnn_multi_rgb_RainandFog_positions.csv' did not travel at least 9 meters. Skipping.
2024-12-06 20:29:41,831 [INFO] Episode 85 in 'D:\Masters\Sem5\uavRL\inference_outputs\Trajectories\RainandFog\a2c_naturecnn_multi_rgb_RainandFog\a2c_naturecnn_multi_rgb_RainandFog_positions.csv' did not travel at least 9 meters. Skipping.
2024-12-06 20:29:41,832 [INFO] Episode 86 in 'D:\Masters\Sem5\uavRL\inference_outputs\Trajectories\RainandFog\a2c_naturecnn_multi_rgb_RainandFog\a2c_naturecnn_multi_rgb_RainandFog_positions.csv' did not travel at least 9 meters. Skipping.
2024-12-06 20:29:41,833 [INFO] Episode 87 in 'D:\Masters\Sem5\uavRL\inference_outputs\Trajectories\RainandFog\a2c_naturecnn_multi_rgb_RainandFog\a2c_naturecnn_multi_rgb_RainandFog_positions.csv' did not travel at least 9 meters. Skipping.
2024-12-06 20:29:41,833 [INFO] Episode 88 in 'D:\Masters\Sem5\uavRL\inference_outputs\Trajectories\RainandFog\a2c_naturecnn_multi_rgb_RainandFog\a2c_naturecnn_multi_rgb_RainandFog_positions.csv' did not travel at least 9 meters. Skipping.
2024-12-06 20:29:41,835 [INFO] Episode 89 in 'D:\Masters\Sem5\uavRL\inference_outputs\Trajectories\RainandFog\a2c_naturecnn_multi_rgb_RainandFog\a2c_naturecnn_multi_rgb_RainandFog_positions.csv' did not travel at least 9 meters. Skipping.
2024-12-06 20:29:41,836 [INFO] Episode 91 in 'D:\Masters\Sem5\uavRL\inference_outputs\Trajectories\RainandFog\a2c_naturecnn_multi_rgb_RainandFog\a2c_naturecnn_multi_rgb_RainandFog_positions.csv' did not travel at least 9 meters. Skipping.
2024-12-06 20:29:41,836 [INFO] Episode 92 in 'D:\Masters\Sem5\uavRL\inference_outputs\Trajectories\RainandFog\a2c_naturecnn_multi_rgb_RainandFog\a2c_naturecnn_multi_rgb_RainandFog_positions.csv' did not travel at least 9 meters. Skipping.
2024-12-06 20:29:41,837 [INFO] Episode 93 in 'D:\Masters\Sem5\uavRL\inference_outputs\Trajectories\RainandFog\a2c_naturecnn_multi_rgb_RainandFog\a2c_naturecnn_multi_rgb_RainandFog_positions.csv' did not travel at least 9 meters. Skipping.
2024-12-06 20:29:41,838 [INFO] Episode 94 in 'D:\Masters\Sem5\uavRL\inference_outputs\Trajectories\RainandFog\a2c_naturecnn_multi_rgb_RainandFog\a2c_naturecnn_multi_rgb_RainandFog_positions.csv' did not travel at least 9 meters. Skipping.
2024-12-06 20:29:41,839 [INFO] Episode 95 in 'D:\Masters\Sem5\uavRL\inference_outputs\Trajectories\RainandFog\a2c_naturecnn_multi_rgb_RainandFog\a2c_naturecnn_multi_rgb_RainandFog_positions.csv' did not travel at least 9 meters. Skipping.
2024-12-06 20:29:41,840 [INFO] Episode 96 in 'D:\Masters\Sem5\uavRL\inference_outputs\Trajectories\RainandFog\a2c_naturecnn_multi_rgb_RainandFog\a2c_naturecnn_multi_rgb_RainandFog_positions.csv' did not travel at least 9 meters. Skipping.
2024-12-06 20:29:41,841 [INFO] Episode 98 in 'D:\Masters\Sem5\uavRL\inference_outputs\Trajectories\RainandFog\a2c_naturecnn_multi_rgb_RainandFog\a2c_naturecnn_multi_rgb_RainandFog_positions.csv' did not travel at least 9 meters. Skipping.
2024-12-06 20:29:41,842 [INFO] Episode 99 in 'D:\Masters\Sem5\uavRL\inference_outputs\Trajectories\RainandFog\a2c_naturecnn_multi_rgb_RainandFog\a2c_naturecnn_multi_rgb_RainandFog_positions.csv' did not travel at least 9 meters. Skipping.
2024-12-06 20:29:41,842 [INFO] Episode 100 in 'D:\Masters\Sem5\uavRL\inference_outputs\Trajectories\RainandFog\a2c_naturecnn_multi_rgb_RainandFog\a2c_naturecnn_multi_rgb_RainandFog_positions.csv' did not travel at least 9 meters. Skipping.
2024-12-06 20:29:41,847 [INFO] Successfully read 'D:\Masters\Sem5\uavRL\inference_outputs\Trajectories\RainandFog\ppo_naturecnn_multi_rgb_RainandFog\ppo_naturecnn_multi_rgb_RainandFog_positions.csv'.
2024-12-06 20:29:41,848 [INFO] Episode 1 in 'D:\Masters\Sem5\uavRL\inference_outputs\Trajectories\RainandFog\ppo_naturecnn_multi_rgb_RainandFog\ppo_naturecnn_multi_rgb_RainandFog_positions.csv' did not travel at least 9 meters. Skipping.
2024-12-06 20:29:41,849 [INFO] Episode 2 in 'D:\Masters\Sem5\uavRL\inference_outputs\Trajectories\RainandFog\ppo_naturecnn_multi_rgb_RainandFog\ppo_naturecnn_multi_rgb_RainandFog_positions.csv' did not travel at least 9 meters. Skipping.
2024-12-06 20:29:41,850 [INFO] Episode 5 in 'D:\Masters\Sem5\uavRL\inference_outputs\Trajectories\RainandFog\ppo_naturecnn_multi_rgb_RainandFog\ppo_naturecnn_multi_rgb_RainandFog_positions.csv' did not travel at least 9 meters. Skipping.
2024-12-06 20:29:41,852 [INFO] Episode 8 in 'D:\Masters\Sem5\uavRL\inference_outputs\Trajectories\RainandFog\ppo_naturecnn_multi_rgb_RainandFog\ppo_naturecnn_multi_rgb_RainandFog_positions.csv' did not travel at least 9 meters. Skipping.
2024-12-06 20:29:41,853 [INFO] Episode 10 in 'D:\Masters\Sem5\uavRL\inference_outputs\Trajectories\RainandFog\ppo_naturecnn_multi_rgb_RainandFog\ppo_naturecnn_multi_rgb_RainandFog_positions.csv' did not travel at least 9 meters. Skipping.
2024-12-06 20:29:41,853 [INFO] Episode 11 in 'D:\Masters\Sem5\uavRL\inference_outputs\Trajectories\RainandFog\ppo_naturecnn_multi_rgb_RainandFog\ppo_naturecnn_multi_rgb_RainandFog_positions.csv' did not travel at least 9 meters. Skipping.
2024-12-06 20:29:41,855 [INFO] Episode 13 in 'D:\Masters\Sem5\uavRL\inference_outputs\Trajectories\RainandFog\ppo_naturecnn_multi_rgb_RainandFog\ppo_naturecnn_multi_rgb_RainandFog_positions.csv' did not travel at least 9 meters. Skipping.
2024-12-06 20:29:41,856 [INFO] Episode 14 in 'D:\Masters\Sem5\uavRL\inference_outputs\Trajectories\RainandFog\ppo_naturecnn_multi_rgb_RainandFog\ppo_naturecnn_multi_rgb_RainandFog_positions.csv' did not travel at least 9 meters. Skipping.
2024-12-06 20:29:41,856 [INFO] Episode 15 in 'D:\Masters\Sem5\uavRL\inference_outputs\Trajectories\RainandFog\ppo_naturecnn_multi_rgb_RainandFog\ppo_naturecnn_multi_rgb_RainandFog_positions.csv' did not travel at least 9 meters. Skipping.
2024-12-06 20:29:41,857 [INFO] Episode 16 in 'D:\Masters\Sem5\uavRL\inference_outputs\Trajectories\RainandFog\ppo_naturecnn_multi_rgb_RainandFog\ppo_naturecnn_multi_rgb_RainandFog_positions.csv' did not travel at least 9 meters. Skipping.
2024-12-06 20:29:41,858 [INFO] Episode 20 in 'D:\Masters\Sem5\uavRL\inference_outputs\Trajectories\RainandFog\ppo_naturecnn_multi_rgb_RainandFog\ppo_naturecnn_multi_rgb_RainandFog_positions.csv' did not travel at least 9 meters. Skipping.
2024-12-06 20:29:41,859 [INFO] Episode 21 in 'D:\Masters\Sem5\uavRL\inference_outputs\Trajectories\RainandFog\ppo_naturecnn_multi_rgb_RainandFog\ppo_naturecnn_multi_rgb_RainandFog_positions.csv' did not travel at least 9 meters. Skipping.
2024-12-06 20:29:41,859 [INFO] Episode 23 in 'D:\Masters\Sem5\uavRL\inference_outputs\Trajectories\RainandFog\ppo_naturecnn_multi_rgb_RainandFog\ppo_naturecnn_multi_rgb_RainandFog_positions.csv' did not travel at least 9 meters. Skipping.
2024-12-06 20:29:41,862 [INFO] Episode 27 in 'D:\Masters\Sem5\uavRL\inference_outputs\Trajectories\RainandFog\ppo_naturecnn_multi_rgb_RainandFog\ppo_naturecnn_multi_rgb_RainandFog_positions.csv' did not travel at least 9 meters. Skipping.
2024-12-06 20:29:41,862 [INFO] Episode 28 in 'D:\Masters\Sem5\uavRL\inference_outputs\Trajectories\RainandFog\ppo_naturecnn_multi_rgb_RainandFog\ppo_naturecnn_multi_rgb_RainandFog_positions.csv' did not travel at least 9 meters. Skipping.
2024-12-06 20:29:41,863 [INFO] Episode 29 in 'D:\Masters\Sem5\uavRL\inference_outputs\Trajectories\RainandFog\ppo_naturecnn_multi_rgb_RainandFog\ppo_naturecnn_multi_rgb_RainandFog_positions.csv' did not travel at least 9 meters. Skipping.
2024-12-06 20:29:41,863 [INFO] Episode 30 in 'D:\Masters\Sem5\uavRL\inference_outputs\Trajectories\RainandFog\ppo_naturecnn_multi_rgb_RainandFog\ppo_naturecnn_multi_rgb_RainandFog_positions.csv' did not travel at least 9 meters. Skipping.
2024-12-06 20:29:41,865 [INFO] Episode 31 in 'D:\Masters\Sem5\uavRL\inference_outputs\Trajectories\RainandFog\ppo_naturecnn_multi_rgb_RainandFog\ppo_naturecnn_multi_rgb_RainandFog_positions.csv' did not travel at least 9 meters. Skipping.
2024-12-06 20:29:41,865 [INFO] Episode 32 in 'D:\Masters\Sem5\uavRL\inference_outputs\Trajectories\RainandFog\ppo_naturecnn_multi_rgb_RainandFog\ppo_naturecnn_multi_rgb_RainandFog_positions.csv' did not travel at least 9 meters. Skipping.
2024-12-06 20:29:41,866 [INFO] Episode 34 in 'D:\Masters\Sem5\uavRL\inference_outputs\Trajectories\RainandFog\ppo_naturecnn_multi_rgb_RainandFog\ppo_naturecnn_multi_rgb_RainandFog_positions.csv' did not travel at least 9 meters. Skipping.
2024-12-06 20:29:41,867 [INFO] Episode 35 in 'D:\Masters\Sem5\uavRL\inference_outputs\Trajectories\RainandFog\ppo_naturecnn_multi_rgb_RainandFog\ppo_naturecnn_multi_rgb_RainandFog_positions.csv' did not travel at least 9 meters. Skipping.
2024-12-06 20:29:41,867 [INFO] Episode 36 in 'D:\Masters\Sem5\uavRL\inference_outputs\Trajectories\RainandFog\ppo_naturecnn_multi_rgb_RainandFog\ppo_naturecnn_multi_rgb_RainandFog_positions.csv' did not travel at least 9 meters. Skipping.
2024-12-06 20:29:41,868 [INFO] Episode 38 in 'D:\Masters\Sem5\uavRL\inference_outputs\Trajectories\RainandFog\ppo_naturecnn_multi_rgb_RainandFog\ppo_naturecnn_multi_rgb_RainandFog_positions.csv' did not travel at least 9 meters. Skipping.
2024-12-06 20:29:41,868 [INFO] Episode 39 in 'D:\Masters\Sem5\uavRL\inference_outputs\Trajectories\RainandFog\ppo_naturecnn_multi_rgb_RainandFog\ppo_naturecnn_multi_rgb_RainandFog_positions.csv' did not travel at least 9 meters. Skipping.
2024-12-06 20:29:41,870 [INFO] Episode 41 in 'D:\Masters\Sem5\uavRL\inference_outputs\Trajectories\RainandFog\ppo_naturecnn_multi_rgb_RainandFog\ppo_naturecnn_multi_rgb_RainandFog_positions.csv' did not travel at least 9 meters. Skipping.
2024-12-06 20:29:41,871 [INFO] Episode 42 in 'D:\Masters\Sem5\uavRL\inference_outputs\Trajectories\RainandFog\ppo_naturecnn_multi_rgb_RainandFog\ppo_naturecnn_multi_rgb_RainandFog_positions.csv' did not travel at least 9 meters. Skipping.
2024-12-06 20:29:41,872 [INFO] Episode 46 in 'D:\Masters\Sem5\uavRL\inference_outputs\Trajectories\RainandFog\ppo_naturecnn_multi_rgb_RainandFog\ppo_naturecnn_multi_rgb_RainandFog_positions.csv' did not travel at least 9 meters. Skipping.
2024-12-06 20:29:41,873 [INFO] Episode 47 in 'D:\Masters\Sem5\uavRL\inference_outputs\Trajectories\RainandFog\ppo_naturecnn_multi_rgb_RainandFog\ppo_naturecnn_multi_rgb_RainandFog_positions.csv' did not travel at least 9 meters. Skipping.
2024-12-06 20:29:41,873 [INFO] Episode 48 in 'D:\Masters\Sem5\uavRL\inference_outputs\Trajectories\RainandFog\ppo_naturecnn_multi_rgb_RainandFog\ppo_naturecnn_multi_rgb_RainandFog_positions.csv' did not travel at least 9 meters. Skipping.
2024-12-06 20:29:41,874 [INFO] Episode 51 in 'D:\Masters\Sem5\uavRL\inference_outputs\Trajectories\RainandFog\ppo_naturecnn_multi_rgb_RainandFog\ppo_naturecnn_multi_rgb_RainandFog_positions.csv' did not travel at least 9 meters. Skipping.
2024-12-06 20:29:41,875 [INFO] Episode 57 in 'D:\Masters\Sem5\uavRL\inference_outputs\Trajectories\RainandFog\ppo_naturecnn_multi_rgb_RainandFog\ppo_naturecnn_multi_rgb_RainandFog_positions.csv' did not travel at least 9 meters. Skipping.
2024-12-06 20:29:41,878 [INFO] Episode 61 in 'D:\Masters\Sem5\uavRL\inference_outputs\Trajectories\RainandFog\ppo_naturecnn_multi_rgb_RainandFog\ppo_naturecnn_multi_rgb_RainandFog_positions.csv' did not travel at least 9 meters. Skipping.
2024-12-06 20:29:41,878 [INFO] Episode 63 in 'D:\Masters\Sem5\uavRL\inference_outputs\Trajectories\RainandFog\ppo_naturecnn_multi_rgb_RainandFog\ppo_naturecnn_multi_rgb_RainandFog_positions.csv' did not travel at least 9 meters. Skipping.
2024-12-06 20:29:41,879 [INFO] Episode 68 in 'D:\Masters\Sem5\uavRL\inference_outputs\Trajectories\RainandFog\ppo_naturecnn_multi_rgb_RainandFog\ppo_naturecnn_multi_rgb_RainandFog_positions.csv' did not travel at least 9 meters. Skipping.
2024-12-06 20:29:41,880 [INFO] Episode 69 in 'D:\Masters\Sem5\uavRL\inference_outputs\Trajectories\RainandFog\ppo_naturecnn_multi_rgb_RainandFog\ppo_naturecnn_multi_rgb_RainandFog_positions.csv' did not travel at least 9 meters. Skipping.
2024-12-06 20:29:41,882 [INFO] Episode 73 in 'D:\Masters\Sem5\uavRL\inference_outputs\Trajectories\RainandFog\ppo_naturecnn_multi_rgb_RainandFog\ppo_naturecnn_multi_rgb_RainandFog_positions.csv' did not travel at least 9 meters. Skipping.
2024-12-06 20:29:41,884 [INFO] Episode 79 in 'D:\Masters\Sem5\uavRL\inference_outputs\Trajectories\RainandFog\ppo_naturecnn_multi_rgb_RainandFog\ppo_naturecnn_multi_rgb_RainandFog_positions.csv' did not travel at least 9 meters. Skipping.
2024-12-06 20:29:41,885 [INFO] Episode 82 in 'D:\Masters\Sem5\uavRL\inference_outputs\Trajectories\RainandFog\ppo_naturecnn_multi_rgb_RainandFog\ppo_naturecnn_multi_rgb_RainandFog_positions.csv' did not travel at least 9 meters. Skipping.
2024-12-06 20:29:41,886 [INFO] Episode 85 in 'D:\Masters\Sem5\uavRL\inference_outputs\Trajectories\RainandFog\ppo_naturecnn_multi_rgb_RainandFog\ppo_naturecnn_multi_rgb_RainandFog_positions.csv' did not travel at least 9 meters. Skipping.
2024-12-06 20:29:41,887 [INFO] Episode 86 in 'D:\Masters\Sem5\uavRL\inference_outputs\Trajectories\RainandFog\ppo_naturecnn_multi_rgb_RainandFog\ppo_naturecnn_multi_rgb_RainandFog_positions.csv' did not travel at least 9 meters. Skipping.
2024-12-06 20:29:41,890 [INFO] Episode 91 in 'D:\Masters\Sem5\uavRL\inference_outputs\Trajectories\RainandFog\ppo_naturecnn_multi_rgb_RainandFog\ppo_naturecnn_multi_rgb_RainandFog_positions.csv' did not travel at least 9 meters. Skipping.
2024-12-06 20:29:41,891 [INFO] Episode 92 in 'D:\Masters\Sem5\uavRL\inference_outputs\Trajectories\RainandFog\ppo_naturecnn_multi_rgb_RainandFog\ppo_naturecnn_multi_rgb_RainandFog_positions.csv' did not travel at least 9 meters. Skipping.
2024-12-06 20:29:41,891 [INFO] Episode 93 in 'D:\Masters\Sem5\uavRL\inference_outputs\Trajectories\RainandFog\ppo_naturecnn_multi_rgb_RainandFog\ppo_naturecnn_multi_rgb_RainandFog_positions.csv' did not travel at least 9 meters. Skipping.
2024-12-06 20:29:41,892 [INFO] Episode 94 in 'D:\Masters\Sem5\uavRL\inference_outputs\Trajectories\RainandFog\ppo_naturecnn_multi_rgb_RainandFog\ppo_naturecnn_multi_rgb_RainandFog_positions.csv' did not travel at least 9 meters. Skipping.
2024-12-06 20:29:41,893 [INFO] Episode 99 in 'D:\Masters\Sem5\uavRL\inference_outputs\Trajectories\RainandFog\ppo_naturecnn_multi_rgb_RainandFog\ppo_naturecnn_multi_rgb_RainandFog_positions.csv' did not travel at least 9 meters. Skipping.
2024-12-06 20:29:41,899 [INFO] Wall positions determined at: [3.7, 7.4]
2024-12-06 20:29:41,901 [INFO] Plotted mean trajectory from 'a2c_naturecnn_multi_rgb_RainandFog_positions.csv' with color 'blue'.
2024-12-06 20:29:41,903 [INFO] Plotted mean trajectory from 'ppo_naturecnn_multi_rgb_RainandFog_positions.csv' with color 'green'.
2024-12-06 20:29:42,000 [INFO] Added wall surface at X=3.7 with Trajectory Variations and Passages.
2024-12-06 20:29:42,002 [WARNING] No data near wall at X=7.4. Skipping hole creation.
2024-12-06 20:29:42,002 [INFO] Completed plotting walls and holes.
2024-12-06 20:29:42,176 [INFO] Similarity between 'a2c_naturecnn_multi_rgb_RainandFog_positions.csv' and 'ppo_naturecnn_multi_rgb_RainandFog_positions.csv':
2024-12-06 20:29:42,176 [INFO]   - Cosine Similarity (Mean): 0.8867
2024-12-06 20:29:42,176 [INFO]   - Pearson Correlation (Mean): 0.4804
2024-12-06 20:29:42,176 [INFO]   - Normalized Cross-Correlation (Mean): 0.5890
2024-12-06 20:29:42,176 [INFO]   - Lag at Max NCC (Y): 0, (Z): 188
2024-12-06 20:29:42,381 [INFO] Cross-correlation plot saved as 'inference_outputs\MultiGrey_A2CvsPPO_RainandFog\MultiGrey_A2CvsPPO_RainandFog_cross_correlation_part1.png'.
2024-12-06 20:29:42,630 [INFO] Mean trajectories plotted and saved as 'inference_outputs\MultiGrey_A2CvsPPO_RainandFog\MultiGrey_A2CvsPPO_RainandFog_mean_trajectories.png'.
2024-12-06 20:29:42,640 [INFO] Similarity summary saved as 'inference_outputs\MultiGrey_A2CvsPPO_RainandFog\MultiGrey_A2CvsPPO_RainandFog_similarity_summary.csv'.
