2025-02-09 22:48:23,212 [INFO] Logging initialized for scenario: 'SnowOnly-Weather'
2025-02-09 22:48:23,212 [INFO] Scenario='SnowOnly-Weather', Filenames=['inference_outputs\\Trajectories\\SnowOnly\\ppo_naturecnn_multi_rgb_SnowOnly\\ppo_naturecnn_multi_rgb_SnowOnly_positions.csv', 'inference_outputs\\Trajectories\\SnowOnly\\a2c_naturecnn_multi_rgb_SnowOnly\\a2c_naturecnn_multi_rgb_SnowOnly_positions.csv']
2025-02-09 22:48:23,212 [INFO] Plotting multiple mean trajectories with circular 'Passages' only.
2025-02-09 22:48:23,344 [INFO] Successfully read 'inference_outputs\Trajectories\SnowOnly\ppo_naturecnn_multi_rgb_SnowOnly\ppo_naturecnn_multi_rgb_SnowOnly_positions.csv'.
2025-02-09 22:48:23,378 [INFO] Successfully read 'inference_outputs\Trajectories\SnowOnly\a2c_naturecnn_multi_rgb_SnowOnly\a2c_naturecnn_multi_rgb_SnowOnly_positions.csv'.
2025-02-09 22:48:23,401 [INFO] Walls determined at: [3.7, 7.4, 11.100000000000001, 14.8, 18.5, 22.2]
2025-02-09 22:48:23,402 [INFO] Plotted mean trajectory from 'ppo_naturecnn_multi_rgb_SnowOnly_positions.csv' with label 'PPO-MRGB' in color 'blue'.
2025-02-09 22:48:23,404 [INFO] Plotted mean trajectory from 'a2c_naturecnn_multi_rgb_SnowOnly_positions.csv' with label 'A2C-MRGB' in color 'green'.
2025-02-09 22:48:23,573 [WARNING] No data near wall at X=22.2. Skipping hole creation.
2025-02-09 22:48:24,023 [INFO] Mean trajectories saved as 'inference_outputs\SnowOnly-Weather\SnowOnly-Weather_mean_trajectories.png' with circular 'Passages' only, no similarity.
2025-02-09 22:49:17,054 [INFO] Logging initialized for scenario: 'SnowOnly-Weather'
2025-02-09 22:49:17,055 [INFO] Scenario='SnowOnly-Weather', Filenames=['inference_outputs\\Trajectories\\SnowOnly\\a2c_naturecnn_depth_SnowOnly\\a2c_naturecnn_depth_SnowOnly_positions.csv', 'inference_outputs\\Trajectories\\SnowOnly\\a2c_naturecnn_depth_obstacle_weather_leavesfalling_SnowOnly\\a2c_naturecnn_depth_obstacle_weather_leavesfalling_SnowOnly_positions.csv', 'inference_outputs\\Trajectories\\SnowOnly\\a2c_naturecnn_depth_obstacle_weather_rainandfog_SnowOnly\\a2c_naturecnn_depth_obstacle_weather_rainandfog_SnowOnly_positions.csv', 'inference_outputs\\Trajectories\\SnowOnly\\a2c_naturecnn_depth_obstacle_weather_snowonly_SnowOnly\\a2c_naturecnn_depth_obstacle_weather_snowonly_SnowOnly_positions.csv', 'inference_outputs\\Trajectories\\SnowOnly\\ppo_naturecnn_depth_SnowOnly\\ppo_naturecnn_depth_SnowOnly_positions.csv', 'inference_outputs\\Trajectories\\SnowOnly\\ppo_naturecnn_depth_obstacle_weather_leavesfalling_SnowOnly\\ppo_naturecnn_depth_obstacle_weather_leavesfalling_SnowOnly_positions.csv', 'inference_outputs\\Trajectories\\SnowOnly\\ppo_naturecnn_depth_obstacle_weather_rainandfog_SnowOnly\\ppo_naturecnn_depth_obstacle_weather_rainandfog_SnowOnly_positions.csv', 'inference_outputs\\Trajectories\\SnowOnly\\ppo_naturecnn_depth_obstacle_weather_snowonly_SnowOnly\\ppo_naturecnn_depth_obstacle_weather_snowonly_SnowOnly_positions.csv']
2025-02-09 22:49:17,055 [INFO] Plotting multiple mean trajectories with circular 'Passages' only.
2025-02-09 22:49:17,181 [INFO] Successfully read 'inference_outputs\Trajectories\SnowOnly\a2c_naturecnn_depth_SnowOnly\a2c_naturecnn_depth_SnowOnly_positions.csv'.
2025-02-09 22:49:17,217 [INFO] Successfully read 'inference_outputs\Trajectories\SnowOnly\a2c_naturecnn_depth_obstacle_weather_leavesfalling_SnowOnly\a2c_naturecnn_depth_obstacle_weather_leavesfalling_SnowOnly_positions.csv'.
2025-02-09 22:49:17,256 [INFO] Successfully read 'inference_outputs\Trajectories\SnowOnly\a2c_naturecnn_depth_obstacle_weather_rainandfog_SnowOnly\a2c_naturecnn_depth_obstacle_weather_rainandfog_SnowOnly_positions.csv'.
2025-02-09 22:49:17,297 [INFO] Successfully read 'inference_outputs\Trajectories\SnowOnly\a2c_naturecnn_depth_obstacle_weather_snowonly_SnowOnly\a2c_naturecnn_depth_obstacle_weather_snowonly_SnowOnly_positions.csv'.
2025-02-09 22:49:17,331 [INFO] Successfully read 'inference_outputs\Trajectories\SnowOnly\ppo_naturecnn_depth_SnowOnly\ppo_naturecnn_depth_SnowOnly_positions.csv'.
2025-02-09 22:49:17,368 [INFO] Successfully read 'inference_outputs\Trajectories\SnowOnly\ppo_naturecnn_depth_obstacle_weather_leavesfalling_SnowOnly\ppo_naturecnn_depth_obstacle_weather_leavesfalling_SnowOnly_positions.csv'.
2025-02-09 22:49:17,409 [INFO] Successfully read 'inference_outputs\Trajectories\SnowOnly\ppo_naturecnn_depth_obstacle_weather_rainandfog_SnowOnly\ppo_naturecnn_depth_obstacle_weather_rainandfog_SnowOnly_positions.csv'.
2025-02-09 22:49:17,448 [INFO] Successfully read 'inference_outputs\Trajectories\SnowOnly\ppo_naturecnn_depth_obstacle_weather_snowonly_SnowOnly\ppo_naturecnn_depth_obstacle_weather_snowonly_SnowOnly_positions.csv'.
2025-02-09 22:49:17,473 [INFO] Walls determined at: [3.7, 7.4, 11.100000000000001, 14.8, 18.5, 22.2]
2025-02-09 22:49:17,475 [INFO] Plotted mean trajectory from 'a2c_naturecnn_depth_SnowOnly_positions.csv' with label 'A2C-D' in color 'blue'.
2025-02-09 22:49:17,476 [INFO] Plotted mean trajectory from 'a2c_naturecnn_depth_obstacle_weather_leavesfalling_SnowOnly_positions.csv' with label 'A2C-DL' in color 'green'.
2025-02-09 22:49:17,477 [INFO] Plotted mean trajectory from 'a2c_naturecnn_depth_obstacle_weather_rainandfog_SnowOnly_positions.csv' with label 'A2C-DRF' in color 'orange'.
2025-02-09 22:49:17,477 [INFO] Plotted mean trajectory from 'a2c_naturecnn_depth_obstacle_weather_snowonly_SnowOnly_positions.csv' with label 'A2C-DS' in color 'purple'.
2025-02-09 22:49:17,478 [INFO] Plotted mean trajectory from 'ppo_naturecnn_depth_SnowOnly_positions.csv' with label 'PPO-D' in color 'cyan'.
2025-02-09 22:49:17,479 [INFO] Plotted mean trajectory from 'ppo_naturecnn_depth_obstacle_weather_leavesfalling_SnowOnly_positions.csv' with label 'PPO-DL' in color 'magenta'.
2025-02-09 22:49:17,480 [INFO] Plotted mean trajectory from 'ppo_naturecnn_depth_obstacle_weather_rainandfog_SnowOnly_positions.csv' with label 'PPO-DRF' in color 'yellow'.
2025-02-09 22:49:17,482 [INFO] Plotted mean trajectory from 'ppo_naturecnn_depth_obstacle_weather_snowonly_SnowOnly_positions.csv' with label 'PPO-DS' in color 'brown'.
2025-02-09 22:49:17,649 [WARNING] No data near wall at X=22.2. Skipping hole creation.
2025-02-09 22:49:18,083 [INFO] Mean trajectories saved as 'inference_outputs\SnowOnly-Weather\SnowOnly-Weather_mean_trajectories.png' with circular 'Passages' only, no similarity.
2025-02-09 22:50:09,390 [INFO] Logging initialized for scenario: 'SnowOnly-Weather'
2025-02-09 22:50:09,391 [INFO] Scenario='SnowOnly-Weather', Filenames=['inference_outputs\\Trajectories\\SnowOnly\\a2c_naturecnn_single_rgb_SnowOnly\\a2c_naturecnn_single_rgb_SnowOnly_positions.csv', 'inference_outputs\\Trajectories\\SnowOnly\\a2c_naturecnn_single_rgb_obstacle_weather_leavesfalling_SnowOnly\\a2c_naturecnn_single_rgb_obstacle_weather_leavesfalling_SnowOnly_positions.csv', 'inference_outputs\\Trajectories\\SnowOnly\\a2c_naturecnn_single_rgb_obstacle_weather_rainandfog_SnowOnly\\a2c_naturecnn_single_rgb_obstacle_weather_rainandfog_SnowOnly_positions.csv', 'inference_outputs\\Trajectories\\SnowOnly\\a2c_naturecnn_single_rgb_obstacle_weather_snowonly_SnowOnly\\a2c_naturecnn_single_rgb_obstacle_weather_snowonly_SnowOnly_positions.csv', 'inference_outputs\\Trajectories\\SnowOnly\\ppo_naturecnn_single_rgb_SnowOnly\\ppo_naturecnn_single_rgb_SnowOnly_positions.csv', 'inference_outputs\\Trajectories\\SnowOnly\\ppo_naturecnn_single_rgb_obstacle_weather_leavesfalling_SnowOnly\\ppo_naturecnn_single_rgb_obstacle_weather_leavesfalling_SnowOnly_positions.csv', 'inference_outputs\\Trajectories\\SnowOnly\\ppo_naturecnn_single_rgb_obstacle_weather_rainandfog_SnowOnly\\ppo_naturecnn_single_rgb_obstacle_weather_rainandfog_SnowOnly_positions.csv', 'inference_outputs\\Trajectories\\SnowOnly\\ppo_naturecnn_single_rgb_obstacle_weather_snowonly_SnowOnly\\ppo_naturecnn_single_rgb_obstacle_weather_snowonly_SnowOnly_positions.csv']
2025-02-09 22:50:09,391 [INFO] Plotting multiple mean trajectories with circular 'Passages' only.
2025-02-09 22:50:09,504 [INFO] Successfully read 'inference_outputs\Trajectories\SnowOnly\a2c_naturecnn_single_rgb_SnowOnly\a2c_naturecnn_single_rgb_SnowOnly_positions.csv'.
2025-02-09 22:50:09,530 [INFO] Successfully read 'inference_outputs\Trajectories\SnowOnly\a2c_naturecnn_single_rgb_obstacle_weather_leavesfalling_SnowOnly\a2c_naturecnn_single_rgb_obstacle_weather_leavesfalling_SnowOnly_positions.csv'.
2025-02-09 22:50:09,558 [INFO] Successfully read 'inference_outputs\Trajectories\SnowOnly\a2c_naturecnn_single_rgb_obstacle_weather_rainandfog_SnowOnly\a2c_naturecnn_single_rgb_obstacle_weather_rainandfog_SnowOnly_positions.csv'.
2025-02-09 22:50:09,580 [INFO] Successfully read 'inference_outputs\Trajectories\SnowOnly\a2c_naturecnn_single_rgb_obstacle_weather_snowonly_SnowOnly\a2c_naturecnn_single_rgb_obstacle_weather_snowonly_SnowOnly_positions.csv'.
2025-02-09 22:50:09,604 [INFO] Successfully read 'inference_outputs\Trajectories\SnowOnly\ppo_naturecnn_single_rgb_SnowOnly\ppo_naturecnn_single_rgb_SnowOnly_positions.csv'.
2025-02-09 22:50:09,628 [INFO] Successfully read 'inference_outputs\Trajectories\SnowOnly\ppo_naturecnn_single_rgb_obstacle_weather_leavesfalling_SnowOnly\ppo_naturecnn_single_rgb_obstacle_weather_leavesfalling_SnowOnly_positions.csv'.
2025-02-09 22:50:09,653 [INFO] Successfully read 'inference_outputs\Trajectories\SnowOnly\ppo_naturecnn_single_rgb_obstacle_weather_rainandfog_SnowOnly\ppo_naturecnn_single_rgb_obstacle_weather_rainandfog_SnowOnly_positions.csv'.
2025-02-09 22:50:09,675 [INFO] Successfully read 'inference_outputs\Trajectories\SnowOnly\ppo_naturecnn_single_rgb_obstacle_weather_snowonly_SnowOnly\ppo_naturecnn_single_rgb_obstacle_weather_snowonly_SnowOnly_positions.csv'.
2025-02-09 22:50:09,696 [INFO] Walls determined at: [3.7, 7.4, 11.100000000000001, 14.8, 18.5, 22.2]
2025-02-09 22:50:09,698 [INFO] Plotted mean trajectory from 'a2c_naturecnn_single_rgb_SnowOnly_positions.csv' with label 'A2C-SRGB' in color 'blue'.
2025-02-09 22:50:09,699 [INFO] Plotted mean trajectory from 'a2c_naturecnn_single_rgb_obstacle_weather_leavesfalling_SnowOnly_positions.csv' with label 'A2C-SRGBL' in color 'green'.
2025-02-09 22:50:09,701 [INFO] Plotted mean trajectory from 'a2c_naturecnn_single_rgb_obstacle_weather_rainandfog_SnowOnly_positions.csv' with label 'A2C-SRGBRF' in color 'orange'.
2025-02-09 22:50:09,702 [INFO] Plotted mean trajectory from 'a2c_naturecnn_single_rgb_obstacle_weather_snowonly_SnowOnly_positions.csv' with label 'A2C-SRGBS' in color 'purple'.
2025-02-09 22:50:09,702 [INFO] Plotted mean trajectory from 'ppo_naturecnn_single_rgb_SnowOnly_positions.csv' with label 'PPO-SRGB' in color 'cyan'.
2025-02-09 22:50:09,703 [INFO] Plotted mean trajectory from 'ppo_naturecnn_single_rgb_obstacle_weather_leavesfalling_SnowOnly_positions.csv' with label 'PPO-SRGBL' in color 'magenta'.
2025-02-09 22:50:09,704 [INFO] Plotted mean trajectory from 'ppo_naturecnn_single_rgb_obstacle_weather_rainandfog_SnowOnly_positions.csv' with label 'PPO-SRGBRF' in color 'yellow'.
2025-02-09 22:50:09,704 [INFO] Plotted mean trajectory from 'ppo_naturecnn_single_rgb_obstacle_weather_snowonly_SnowOnly_positions.csv' with label 'PPO-SRGBS' in color 'brown'.
2025-02-09 22:50:09,864 [WARNING] No data near wall at X=22.2. Skipping hole creation.
2025-02-09 22:50:10,294 [INFO] Mean trajectories saved as 'inference_outputs\SnowOnly-Weather\SnowOnly-Weather_mean_trajectories.png' with circular 'Passages' only, no similarity.
