2024-12-06 20:07:56,929 [INFO] Logging initialized for scenario: 'MultiGrey_A2CvsPPO_LeavesFalling'
2024-12-06 20:07:56,929 [INFO] Received command-line arguments: Scenario='MultiGrey_A2CvsPPO_LeavesFalling', Filenames=['D:\\Masters\\Sem5\\uavRL\\inference_outputs\\Trajectories\\LeavesFalling\\a2c_naturecnn_multi_rgb_leavesFalling\\a2c_naturecnn_multi_rgb_leavesFalling_positions.csv', 'D:\\Masters\\Sem5\\uavRL\\inference_outputs\\Trajectories\\LeavesFalling\\ppo_naturecnn_multi_rgb_leavesFalling\\ppo_naturecnn_multi_rgb_leavesFalling_positions.csv']
2024-12-06 20:07:56,930 [INFO] Starting to plot multiple mean trajectories.
2024-12-06 20:07:57,074 [INFO] Successfully read 'D:\Masters\Sem5\uavRL\inference_outputs\Trajectories\LeavesFalling\a2c_naturecnn_multi_rgb_leavesFalling\a2c_naturecnn_multi_rgb_leavesFalling_positions.csv'.
2024-12-06 20:07:57,077 [INFO] Episode 2 in 'D:\Masters\Sem5\uavRL\inference_outputs\Trajectories\LeavesFalling\a2c_naturecnn_multi_rgb_leavesFalling\a2c_naturecnn_multi_rgb_leavesFalling_positions.csv' did not travel at least 9 meters. Skipping.
2024-12-06 20:07:57,078 [INFO] Episode 9 in 'D:\Masters\Sem5\uavRL\inference_outputs\Trajectories\LeavesFalling\a2c_naturecnn_multi_rgb_leavesFalling\a2c_naturecnn_multi_rgb_leavesFalling_positions.csv' did not travel at least 9 meters. Skipping.
2024-12-06 20:07:57,079 [INFO] Episode 10 in 'D:\Masters\Sem5\uavRL\inference_outputs\Trajectories\LeavesFalling\a2c_naturecnn_multi_rgb_leavesFalling\a2c_naturecnn_multi_rgb_leavesFalling_positions.csv' did not travel at least 9 meters. Skipping.
2024-12-06 20:07:57,079 [INFO] Episode 11 in 'D:\Masters\Sem5\uavRL\inference_outputs\Trajectories\LeavesFalling\a2c_naturecnn_multi_rgb_leavesFalling\a2c_naturecnn_multi_rgb_leavesFalling_positions.csv' did not travel at least 9 meters. Skipping.
2024-12-06 20:07:57,080 [INFO] Episode 15 in 'D:\Masters\Sem5\uavRL\inference_outputs\Trajectories\LeavesFalling\a2c_naturecnn_multi_rgb_leavesFalling\a2c_naturecnn_multi_rgb_leavesFalling_positions.csv' did not travel at least 9 meters. Skipping.
2024-12-06 20:07:57,084 [INFO] Episode 25 in 'D:\Masters\Sem5\uavRL\inference_outputs\Trajectories\LeavesFalling\a2c_naturecnn_multi_rgb_leavesFalling\a2c_naturecnn_multi_rgb_leavesFalling_positions.csv' did not travel at least 9 meters. Skipping.
2024-12-06 20:07:57,085 [INFO] Episode 28 in 'D:\Masters\Sem5\uavRL\inference_outputs\Trajectories\LeavesFalling\a2c_naturecnn_multi_rgb_leavesFalling\a2c_naturecnn_multi_rgb_leavesFalling_positions.csv' did not travel at least 9 meters. Skipping.
2024-12-06 20:07:57,087 [INFO] Episode 33 in 'D:\Masters\Sem5\uavRL\inference_outputs\Trajectories\LeavesFalling\a2c_naturecnn_multi_rgb_leavesFalling\a2c_naturecnn_multi_rgb_leavesFalling_positions.csv' did not travel at least 9 meters. Skipping.
2024-12-06 20:07:57,088 [INFO] Episode 35 in 'D:\Masters\Sem5\uavRL\inference_outputs\Trajectories\LeavesFalling\a2c_naturecnn_multi_rgb_leavesFalling\a2c_naturecnn_multi_rgb_leavesFalling_positions.csv' did not travel at least 9 meters. Skipping.
2024-12-06 20:07:57,088 [INFO] Episode 36 in 'D:\Masters\Sem5\uavRL\inference_outputs\Trajectories\LeavesFalling\a2c_naturecnn_multi_rgb_leavesFalling\a2c_naturecnn_multi_rgb_leavesFalling_positions.csv' did not travel at least 9 meters. Skipping.
2024-12-06 20:07:57,089 [INFO] Episode 37 in 'D:\Masters\Sem5\uavRL\inference_outputs\Trajectories\LeavesFalling\a2c_naturecnn_multi_rgb_leavesFalling\a2c_naturecnn_multi_rgb_leavesFalling_positions.csv' did not travel at least 9 meters. Skipping.
2024-12-06 20:07:57,089 [INFO] Episode 38 in 'D:\Masters\Sem5\uavRL\inference_outputs\Trajectories\LeavesFalling\a2c_naturecnn_multi_rgb_leavesFalling\a2c_naturecnn_multi_rgb_leavesFalling_positions.csv' did not travel at least 9 meters. Skipping.
2024-12-06 20:07:57,090 [INFO] Episode 40 in 'D:\Masters\Sem5\uavRL\inference_outputs\Trajectories\LeavesFalling\a2c_naturecnn_multi_rgb_leavesFalling\a2c_naturecnn_multi_rgb_leavesFalling_positions.csv' did not travel at least 9 meters. Skipping.
2024-12-06 20:07:57,092 [INFO] Episode 42 in 'D:\Masters\Sem5\uavRL\inference_outputs\Trajectories\LeavesFalling\a2c_naturecnn_multi_rgb_leavesFalling\a2c_naturecnn_multi_rgb_leavesFalling_positions.csv' did not travel at least 9 meters. Skipping.
2024-12-06 20:07:57,094 [INFO] Episode 45 in 'D:\Masters\Sem5\uavRL\inference_outputs\Trajectories\LeavesFalling\a2c_naturecnn_multi_rgb_leavesFalling\a2c_naturecnn_multi_rgb_leavesFalling_positions.csv' did not travel at least 9 meters. Skipping.
2024-12-06 20:07:57,094 [INFO] Episode 46 in 'D:\Masters\Sem5\uavRL\inference_outputs\Trajectories\LeavesFalling\a2c_naturecnn_multi_rgb_leavesFalling\a2c_naturecnn_multi_rgb_leavesFalling_positions.csv' did not travel at least 9 meters. Skipping.
2024-12-06 20:07:57,096 [INFO] Episode 49 in 'D:\Masters\Sem5\uavRL\inference_outputs\Trajectories\LeavesFalling\a2c_naturecnn_multi_rgb_leavesFalling\a2c_naturecnn_multi_rgb_leavesFalling_positions.csv' did not travel at least 9 meters. Skipping.
2024-12-06 20:07:57,096 [INFO] Episode 50 in 'D:\Masters\Sem5\uavRL\inference_outputs\Trajectories\LeavesFalling\a2c_naturecnn_multi_rgb_leavesFalling\a2c_naturecnn_multi_rgb_leavesFalling_positions.csv' did not travel at least 9 meters. Skipping.
2024-12-06 20:07:57,097 [INFO] Episode 51 in 'D:\Masters\Sem5\uavRL\inference_outputs\Trajectories\LeavesFalling\a2c_naturecnn_multi_rgb_leavesFalling\a2c_naturecnn_multi_rgb_leavesFalling_positions.csv' did not travel at least 9 meters. Skipping.
2024-12-06 20:07:57,098 [INFO] Episode 54 in 'D:\Masters\Sem5\uavRL\inference_outputs\Trajectories\LeavesFalling\a2c_naturecnn_multi_rgb_leavesFalling\a2c_naturecnn_multi_rgb_leavesFalling_positions.csv' did not travel at least 9 meters. Skipping.
2024-12-06 20:07:57,099 [INFO] Episode 59 in 'D:\Masters\Sem5\uavRL\inference_outputs\Trajectories\LeavesFalling\a2c_naturecnn_multi_rgb_leavesFalling\a2c_naturecnn_multi_rgb_leavesFalling_positions.csv' did not travel at least 9 meters. Skipping.
2024-12-06 20:07:57,100 [INFO] Episode 60 in 'D:\Masters\Sem5\uavRL\inference_outputs\Trajectories\LeavesFalling\a2c_naturecnn_multi_rgb_leavesFalling\a2c_naturecnn_multi_rgb_leavesFalling_positions.csv' did not travel at least 9 meters. Skipping.
2024-12-06 20:07:57,101 [INFO] Episode 62 in 'D:\Masters\Sem5\uavRL\inference_outputs\Trajectories\LeavesFalling\a2c_naturecnn_multi_rgb_leavesFalling\a2c_naturecnn_multi_rgb_leavesFalling_positions.csv' did not travel at least 9 meters. Skipping.
2024-12-06 20:07:57,104 [INFO] Episode 74 in 'D:\Masters\Sem5\uavRL\inference_outputs\Trajectories\LeavesFalling\a2c_naturecnn_multi_rgb_leavesFalling\a2c_naturecnn_multi_rgb_leavesFalling_positions.csv' did not travel at least 9 meters. Skipping.
2024-12-06 20:07:57,107 [INFO] Episode 78 in 'D:\Masters\Sem5\uavRL\inference_outputs\Trajectories\LeavesFalling\a2c_naturecnn_multi_rgb_leavesFalling\a2c_naturecnn_multi_rgb_leavesFalling_positions.csv' did not travel at least 9 meters. Skipping.
2024-12-06 20:07:57,110 [INFO] Episode 83 in 'D:\Masters\Sem5\uavRL\inference_outputs\Trajectories\LeavesFalling\a2c_naturecnn_multi_rgb_leavesFalling\a2c_naturecnn_multi_rgb_leavesFalling_positions.csv' did not travel at least 9 meters. Skipping.
2024-12-06 20:07:57,112 [INFO] Episode 87 in 'D:\Masters\Sem5\uavRL\inference_outputs\Trajectories\LeavesFalling\a2c_naturecnn_multi_rgb_leavesFalling\a2c_naturecnn_multi_rgb_leavesFalling_positions.csv' did not travel at least 9 meters. Skipping.
2024-12-06 20:07:57,115 [INFO] Episode 94 in 'D:\Masters\Sem5\uavRL\inference_outputs\Trajectories\LeavesFalling\a2c_naturecnn_multi_rgb_leavesFalling\a2c_naturecnn_multi_rgb_leavesFalling_positions.csv' did not travel at least 9 meters. Skipping.
2024-12-06 20:07:57,132 [INFO] Successfully read 'D:\Masters\Sem5\uavRL\inference_outputs\Trajectories\LeavesFalling\ppo_naturecnn_multi_rgb_leavesFalling\ppo_naturecnn_multi_rgb_leavesFalling_positions.csv'.
2024-12-06 20:07:57,135 [INFO] Episode 14 in 'D:\Masters\Sem5\uavRL\inference_outputs\Trajectories\LeavesFalling\ppo_naturecnn_multi_rgb_leavesFalling\ppo_naturecnn_multi_rgb_leavesFalling_positions.csv' did not travel at least 9 meters. Skipping.
2024-12-06 20:07:57,139 [INFO] Episode 21 in 'D:\Masters\Sem5\uavRL\inference_outputs\Trajectories\LeavesFalling\ppo_naturecnn_multi_rgb_leavesFalling\ppo_naturecnn_multi_rgb_leavesFalling_positions.csv' did not travel at least 9 meters. Skipping.
2024-12-06 20:07:57,139 [INFO] Episode 22 in 'D:\Masters\Sem5\uavRL\inference_outputs\Trajectories\LeavesFalling\ppo_naturecnn_multi_rgb_leavesFalling\ppo_naturecnn_multi_rgb_leavesFalling_positions.csv' did not travel at least 9 meters. Skipping.
2024-12-06 20:07:57,140 [INFO] Episode 23 in 'D:\Masters\Sem5\uavRL\inference_outputs\Trajectories\LeavesFalling\ppo_naturecnn_multi_rgb_leavesFalling\ppo_naturecnn_multi_rgb_leavesFalling_positions.csv' did not travel at least 9 meters. Skipping.
2024-12-06 20:07:57,141 [INFO] Episode 25 in 'D:\Masters\Sem5\uavRL\inference_outputs\Trajectories\LeavesFalling\ppo_naturecnn_multi_rgb_leavesFalling\ppo_naturecnn_multi_rgb_leavesFalling_positions.csv' did not travel at least 9 meters. Skipping.
2024-12-06 20:07:57,146 [INFO] Episode 33 in 'D:\Masters\Sem5\uavRL\inference_outputs\Trajectories\LeavesFalling\ppo_naturecnn_multi_rgb_leavesFalling\ppo_naturecnn_multi_rgb_leavesFalling_positions.csv' did not travel at least 9 meters. Skipping.
2024-12-06 20:07:57,148 [INFO] Episode 38 in 'D:\Masters\Sem5\uavRL\inference_outputs\Trajectories\LeavesFalling\ppo_naturecnn_multi_rgb_leavesFalling\ppo_naturecnn_multi_rgb_leavesFalling_positions.csv' did not travel at least 9 meters. Skipping.
2024-12-06 20:07:57,150 [INFO] Episode 41 in 'D:\Masters\Sem5\uavRL\inference_outputs\Trajectories\LeavesFalling\ppo_naturecnn_multi_rgb_leavesFalling\ppo_naturecnn_multi_rgb_leavesFalling_positions.csv' did not travel at least 9 meters. Skipping.
2024-12-06 20:07:57,152 [INFO] Episode 46 in 'D:\Masters\Sem5\uavRL\inference_outputs\Trajectories\LeavesFalling\ppo_naturecnn_multi_rgb_leavesFalling\ppo_naturecnn_multi_rgb_leavesFalling_positions.csv' did not travel at least 9 meters. Skipping.
2024-12-06 20:07:57,156 [INFO] Episode 52 in 'D:\Masters\Sem5\uavRL\inference_outputs\Trajectories\LeavesFalling\ppo_naturecnn_multi_rgb_leavesFalling\ppo_naturecnn_multi_rgb_leavesFalling_positions.csv' did not travel at least 9 meters. Skipping.
2024-12-06 20:07:57,160 [INFO] Episode 59 in 'D:\Masters\Sem5\uavRL\inference_outputs\Trajectories\LeavesFalling\ppo_naturecnn_multi_rgb_leavesFalling\ppo_naturecnn_multi_rgb_leavesFalling_positions.csv' did not travel at least 9 meters. Skipping.
2024-12-06 20:07:57,161 [INFO] Episode 60 in 'D:\Masters\Sem5\uavRL\inference_outputs\Trajectories\LeavesFalling\ppo_naturecnn_multi_rgb_leavesFalling\ppo_naturecnn_multi_rgb_leavesFalling_positions.csv' did not travel at least 9 meters. Skipping.
2024-12-06 20:07:57,163 [INFO] Episode 63 in 'D:\Masters\Sem5\uavRL\inference_outputs\Trajectories\LeavesFalling\ppo_naturecnn_multi_rgb_leavesFalling\ppo_naturecnn_multi_rgb_leavesFalling_positions.csv' did not travel at least 9 meters. Skipping.
2024-12-06 20:07:57,169 [INFO] Episode 80 in 'D:\Masters\Sem5\uavRL\inference_outputs\Trajectories\LeavesFalling\ppo_naturecnn_multi_rgb_leavesFalling\ppo_naturecnn_multi_rgb_leavesFalling_positions.csv' did not travel at least 9 meters. Skipping.
2024-12-06 20:07:57,170 [INFO] Episode 83 in 'D:\Masters\Sem5\uavRL\inference_outputs\Trajectories\LeavesFalling\ppo_naturecnn_multi_rgb_leavesFalling\ppo_naturecnn_multi_rgb_leavesFalling_positions.csv' did not travel at least 9 meters. Skipping.
2024-12-06 20:07:57,171 [INFO] Episode 86 in 'D:\Masters\Sem5\uavRL\inference_outputs\Trajectories\LeavesFalling\ppo_naturecnn_multi_rgb_leavesFalling\ppo_naturecnn_multi_rgb_leavesFalling_positions.csv' did not travel at least 9 meters. Skipping.
2024-12-06 20:07:57,172 [INFO] Episode 87 in 'D:\Masters\Sem5\uavRL\inference_outputs\Trajectories\LeavesFalling\ppo_naturecnn_multi_rgb_leavesFalling\ppo_naturecnn_multi_rgb_leavesFalling_positions.csv' did not travel at least 9 meters. Skipping.
2024-12-06 20:07:57,173 [INFO] Episode 88 in 'D:\Masters\Sem5\uavRL\inference_outputs\Trajectories\LeavesFalling\ppo_naturecnn_multi_rgb_leavesFalling\ppo_naturecnn_multi_rgb_leavesFalling_positions.csv' did not travel at least 9 meters. Skipping.
2024-12-06 20:07:57,175 [INFO] Episode 91 in 'D:\Masters\Sem5\uavRL\inference_outputs\Trajectories\LeavesFalling\ppo_naturecnn_multi_rgb_leavesFalling\ppo_naturecnn_multi_rgb_leavesFalling_positions.csv' did not travel at least 9 meters. Skipping.
2024-12-06 20:07:57,178 [INFO] Episode 97 in 'D:\Masters\Sem5\uavRL\inference_outputs\Trajectories\LeavesFalling\ppo_naturecnn_multi_rgb_leavesFalling\ppo_naturecnn_multi_rgb_leavesFalling_positions.csv' did not travel at least 9 meters. Skipping.
2024-12-06 20:07:57,179 [INFO] Episode 98 in 'D:\Masters\Sem5\uavRL\inference_outputs\Trajectories\LeavesFalling\ppo_naturecnn_multi_rgb_leavesFalling\ppo_naturecnn_multi_rgb_leavesFalling_positions.csv' did not travel at least 9 meters. Skipping.
2024-12-06 20:07:57,179 [INFO] Episode 99 in 'D:\Masters\Sem5\uavRL\inference_outputs\Trajectories\LeavesFalling\ppo_naturecnn_multi_rgb_leavesFalling\ppo_naturecnn_multi_rgb_leavesFalling_positions.csv' did not travel at least 9 meters. Skipping.
2024-12-06 20:07:57,188 [INFO] Wall positions determined at: [3.7, 7.4, 11.100000000000001, 14.8, 18.5, 22.2]
2024-12-06 20:07:57,189 [INFO] Plotted mean trajectory from 'a2c_naturecnn_multi_rgb_leavesFalling_positions.csv' with color 'blue'.
2024-12-06 20:07:57,190 [INFO] Plotted mean trajectory from 'ppo_naturecnn_multi_rgb_leavesFalling_positions.csv' with color 'green'.
2024-12-06 20:07:57,278 [INFO] Added wall surface at X=3.7 with Trajectory Variations and Passages.
2024-12-06 20:07:57,331 [INFO] Added wall surface at X=7.4 with Trajectory Variations and Passages.
2024-12-06 20:07:57,387 [INFO] Added wall surface at X=11.100000000000001 with Trajectory Variations and Passages.
2024-12-06 20:07:57,441 [INFO] Added wall surface at X=14.8 with Trajectory Variations and Passages.
2024-12-06 20:07:57,496 [INFO] Added wall surface at X=18.5 with Trajectory Variations and Passages.
2024-12-06 20:07:57,498 [WARNING] No data near wall at X=22.2. Skipping hole creation.
2024-12-06 20:07:57,498 [INFO] Completed plotting walls and holes.
2024-12-06 20:07:57,672 [INFO] Similarity between 'a2c_naturecnn_multi_rgb_leavesFalling_positions.csv' and 'ppo_naturecnn_multi_rgb_leavesFalling_positions.csv':
2024-12-06 20:07:57,672 [INFO]   - Cosine Similarity (Mean): 0.6870
2024-12-06 20:07:57,673 [INFO]   - Pearson Correlation (Mean): 0.8473
2024-12-06 20:07:57,673 [INFO]   - Normalized Cross-Correlation (Mean): 0.8512
2024-12-06 20:07:57,673 [INFO]   - Lag at Max NCC (Y): 4, (Z): 0
2024-12-06 20:07:57,852 [INFO] Cross-correlation plot saved as 'inference_outputs\MultiGrey_A2CvsPPO_LeavesFalling\MultiGrey_A2CvsPPO_LeavesFalling_cross_correlation_part1.png'.
2024-12-06 20:07:58,362 [INFO] Mean trajectories plotted and saved as 'inference_outputs\MultiGrey_A2CvsPPO_LeavesFalling\MultiGrey_A2CvsPPO_LeavesFalling_mean_trajectories.png'.
2024-12-06 20:07:58,371 [INFO] Similarity summary saved as 'inference_outputs\MultiGrey_A2CvsPPO_LeavesFalling\MultiGrey_A2CvsPPO_LeavesFalling_similarity_summary.csv'.
