2025-02-07 18:01:43,396 - INFO - Episode 1 completed.
2025-02-07 18:01:44,335 - INFO - Episode 2 completed.
2025-02-07 18:01:45,151 - INFO - Episode 3 completed.
2025-02-07 18:01:47,947 - INFO - Episode 4 completed.
2025-02-07 18:01:50,681 - INFO - Episode 5 completed.
2025-02-07 18:01:51,530 - INFO - Episode 6 completed.
2025-02-07 18:01:52,608 - INFO - Episode 7 completed.
2025-02-07 18:01:53,068 - INFO - Episode 8 completed.
2025-02-07 18:01:54,343 - INFO - Episode 9 completed.
2025-02-07 18:01:54,744 - INFO - Episode 10 completed.
2025-02-07 18:01:55,140 - INFO - Episode 11 completed.
2025-02-07 18:01:55,521 - INFO - Episode 12 completed.
2025-02-07 18:01:55,918 - INFO - Episode 13 completed.
2025-02-07 18:01:57,464 - INFO - Episode 14 completed.
2025-02-07 18:01:58,292 - INFO - Episode 15 completed.
2025-02-07 18:01:59,126 - INFO - Episode 16 completed.
2025-02-07 18:01:59,981 - INFO - Episode 17 completed.
2025-02-07 18:02:00,790 - INFO - Episode 18 completed.
2025-02-07 18:02:02,653 - INFO - Episode 19 completed.
2025-02-07 18:02:03,064 - INFO - Episode 20 completed.
2025-02-07 18:02:04,798 - INFO - Episode 21 completed.
2025-02-07 18:02:05,654 - INFO - Episode 22 completed.
2025-02-07 18:02:07,466 - INFO - Episode 23 completed.
2025-02-07 18:02:08,401 - INFO - Episode 24 completed.
2025-02-07 18:02:09,188 - INFO - Episode 25 completed.
2025-02-07 18:02:11,059 - INFO - Episode 26 completed.
2025-02-07 18:02:13,723 - INFO - Episode 27 completed.
2025-02-07 18:02:15,631 - INFO - Episode 28 completed.
2025-02-07 18:02:16,458 - INFO - Episode 29 completed.
2025-02-07 18:02:17,231 - INFO - Episode 30 completed.
2025-02-07 18:02:18,093 - INFO - Episode 31 completed.
2025-02-07 18:02:19,006 - INFO - Episode 32 completed.
2025-02-07 18:02:19,598 - INFO - Episode 33 completed.
2025-02-07 18:02:20,366 - INFO - Episode 34 completed.
2025-02-07 18:02:21,225 - INFO - Episode 35 completed.
2025-02-07 18:02:21,620 - INFO - Episode 36 completed.
2025-02-07 18:02:22,000 - INFO - Episode 37 completed.
2025-02-07 18:02:22,379 - INFO - Episode 38 completed.
2025-02-07 18:02:22,762 - INFO - Episode 39 completed.
2025-02-07 18:02:23,149 - INFO - Episode 40 completed.
2025-02-07 18:02:23,576 - INFO - Episode 41 completed.
2025-02-07 18:02:24,464 - INFO - Episode 42 completed.
2025-02-07 18:02:24,850 - INFO - Episode 43 completed.
2025-02-07 18:02:25,234 - INFO - Episode 44 completed.
2025-02-07 18:02:25,635 - INFO - Episode 45 completed.
2025-02-07 18:02:26,029 - INFO - Episode 46 completed.
2025-02-07 18:02:26,418 - INFO - Episode 47 completed.
2025-02-07 18:02:27,278 - INFO - Episode 48 completed.
2025-02-07 18:02:27,674 - INFO - Episode 49 completed.
2025-02-07 18:02:28,055 - INFO - Episode 50 completed.
2025-02-07 18:02:28,904 - INFO - Episode 51 completed.
2025-02-07 18:02:29,809 - INFO - Episode 52 completed.
2025-02-07 18:02:30,658 - INFO - Episode 53 completed.
2025-02-07 18:02:31,506 - INFO - Episode 54 completed.
2025-02-07 18:02:32,343 - INFO - Episode 55 completed.
2025-02-07 18:02:32,729 - INFO - Episode 56 completed.
2025-02-07 18:02:33,108 - INFO - Episode 57 completed.
2025-02-07 18:02:33,986 - INFO - Episode 58 completed.
2025-02-07 18:02:34,367 - INFO - Episode 59 completed.
2025-02-07 18:02:34,754 - INFO - Episode 60 completed.
2025-02-07 18:02:35,594 - INFO - Episode 61 completed.
2025-02-07 18:02:35,981 - INFO - Episode 62 completed.
2025-02-07 18:02:36,361 - INFO - Episode 63 completed.
2025-02-07 18:02:37,653 - INFO - Episode 64 completed.
2025-02-07 18:02:38,164 - INFO - Episode 65 completed.
2025-02-07 18:02:38,921 - INFO - Episode 66 completed.
2025-02-07 18:02:40,724 - INFO - Episode 67 completed.
2025-02-07 18:02:41,551 - INFO - Episode 68 completed.
2025-02-07 18:02:42,422 - INFO - Episode 69 completed.
2025-02-07 18:02:43,208 - INFO - Episode 70 completed.
2025-02-07 18:02:44,133 - INFO - Episode 71 completed.
2025-02-07 18:02:44,893 - INFO - Episode 72 completed.
2025-02-07 18:02:46,631 - INFO - Episode 73 completed.
2025-02-07 18:02:50,298 - INFO - Episode 74 completed.
2025-02-07 18:02:52,036 - INFO - Episode 75 completed.
2025-02-07 18:02:52,865 - INFO - Episode 76 completed.
2025-02-07 18:02:55,592 - INFO - Episode 77 completed.
2025-02-07 18:02:56,344 - INFO - Episode 78 completed.
2025-02-07 18:02:59,120 - INFO - Episode 79 completed.
2025-02-07 18:03:00,921 - INFO - Episode 80 completed.
2025-02-07 18:03:04,453 - INFO - Episode 81 completed.
2025-02-07 18:03:05,235 - INFO - Episode 82 completed.
2025-02-07 18:03:06,048 - INFO - Episode 83 completed.
2025-02-07 18:03:06,910 - INFO - Episode 84 completed.
2025-02-07 18:03:07,706 - INFO - Episode 85 completed.
2025-02-07 18:03:08,088 - INFO - Episode 86 completed.
2025-02-07 18:03:08,465 - INFO - Episode 87 completed.
2025-02-07 18:03:09,336 - INFO - Episode 88 completed.
2025-02-07 18:03:09,715 - INFO - Episode 89 completed.
2025-02-07 18:03:10,097 - INFO - Episode 90 completed.
2025-02-07 18:03:10,481 - INFO - Episode 91 completed.
2025-02-07 18:03:10,906 - INFO - Episode 92 completed.
2025-02-07 18:03:11,301 - INFO - Episode 93 completed.
2025-02-07 18:03:11,678 - INFO - Episode 94 completed.
2025-02-07 18:03:12,076 - INFO - Episode 95 completed.
2025-02-07 18:03:12,453 - INFO - Episode 96 completed.
2025-02-07 18:03:12,819 - INFO - Episode 97 completed.
2025-02-07 18:03:13,202 - INFO - Episode 98 completed.
2025-02-07 18:03:14,047 - INFO - Episode 99 completed.
2025-02-07 18:03:14,900 - INFO - Episode 100 completed.
2025-02-07 18:03:14,913 - INFO - Positions saved to ./inference_outputs/PPO_All_FM_SRGB_RF\PPO_All_FM_SRGB_RF_positions.csv
2025-02-07 18:03:15,064 - INFO - Episode 1 did not travel at least 18 meters, skipping.
2025-02-07 18:03:15,065 - INFO - Episode 2 did not travel at least 18 meters, skipping.
2025-02-07 18:03:15,065 - INFO - Episode 3 did not travel at least 18 meters, skipping.
2025-02-07 18:03:15,066 - INFO - Episode 4 did not travel at least 18 meters, skipping.
2025-02-07 18:03:15,067 - INFO - Episode 5 did not travel at least 18 meters, skipping.
2025-02-07 18:03:15,067 - INFO - Episode 6 did not travel at least 18 meters, skipping.
2025-02-07 18:03:15,068 - INFO - Episode 7 did not travel at least 18 meters, skipping.
2025-02-07 18:03:15,068 - INFO - Episode 8 did not travel at least 18 meters, skipping.
2025-02-07 18:03:15,069 - INFO - Episode 9 did not travel at least 18 meters, skipping.
2025-02-07 18:03:15,070 - INFO - Episode 10 did not travel at least 18 meters, skipping.
2025-02-07 18:03:15,071 - INFO - Episode 11 did not travel at least 18 meters, skipping.
2025-02-07 18:03:15,071 - INFO - Episode 12 did not travel at least 18 meters, skipping.
2025-02-07 18:03:15,072 - INFO - Episode 13 did not travel at least 18 meters, skipping.
2025-02-07 18:03:15,073 - INFO - Episode 14 did not travel at least 18 meters, skipping.
2025-02-07 18:03:15,073 - INFO - Episode 15 did not travel at least 18 meters, skipping.
2025-02-07 18:03:15,074 - INFO - Episode 16 did not travel at least 18 meters, skipping.
2025-02-07 18:03:15,075 - INFO - Episode 17 did not travel at least 18 meters, skipping.
2025-02-07 18:03:15,075 - INFO - Episode 18 did not travel at least 18 meters, skipping.
2025-02-07 18:03:15,076 - INFO - Episode 19 did not travel at least 18 meters, skipping.
2025-02-07 18:03:15,076 - INFO - Episode 20 did not travel at least 18 meters, skipping.
2025-02-07 18:03:15,077 - INFO - Episode 21 did not travel at least 18 meters, skipping.
2025-02-07 18:03:15,078 - INFO - Episode 22 did not travel at least 18 meters, skipping.
2025-02-07 18:03:15,078 - INFO - Episode 23 did not travel at least 18 meters, skipping.
2025-02-07 18:03:15,080 - INFO - Episode 24 did not travel at least 18 meters, skipping.
2025-02-07 18:03:15,081 - INFO - Episode 25 did not travel at least 18 meters, skipping.
2025-02-07 18:03:15,081 - INFO - Episode 26 did not travel at least 18 meters, skipping.
2025-02-07 18:03:15,082 - INFO - Episode 27 did not travel at least 18 meters, skipping.
2025-02-07 18:03:15,082 - INFO - Episode 28 did not travel at least 18 meters, skipping.
2025-02-07 18:03:15,083 - INFO - Episode 29 did not travel at least 18 meters, skipping.
2025-02-07 18:03:15,084 - INFO - Episode 30 did not travel at least 18 meters, skipping.
2025-02-07 18:03:15,085 - INFO - Episode 31 did not travel at least 18 meters, skipping.
2025-02-07 18:03:15,087 - INFO - Episode 32 did not travel at least 18 meters, skipping.
2025-02-07 18:03:15,087 - INFO - Episode 33 did not travel at least 18 meters, skipping.
2025-02-07 18:03:15,088 - INFO - Episode 34 did not travel at least 18 meters, skipping.
2025-02-07 18:03:15,088 - INFO - Episode 35 did not travel at least 18 meters, skipping.
2025-02-07 18:03:15,088 - INFO - Episode 36 did not travel at least 18 meters, skipping.
2025-02-07 18:03:15,090 - INFO - Episode 37 did not travel at least 18 meters, skipping.
2025-02-07 18:03:15,091 - INFO - Episode 38 did not travel at least 18 meters, skipping.
2025-02-07 18:03:15,091 - INFO - Episode 39 did not travel at least 18 meters, skipping.
2025-02-07 18:03:15,091 - INFO - Episode 40 did not travel at least 18 meters, skipping.
2025-02-07 18:03:15,092 - INFO - Episode 41 did not travel at least 18 meters, skipping.
2025-02-07 18:03:15,092 - INFO - Episode 42 did not travel at least 18 meters, skipping.
2025-02-07 18:03:15,093 - INFO - Episode 43 did not travel at least 18 meters, skipping.
2025-02-07 18:03:15,093 - INFO - Episode 44 did not travel at least 18 meters, skipping.
2025-02-07 18:03:15,093 - INFO - Episode 45 did not travel at least 18 meters, skipping.
2025-02-07 18:03:15,096 - INFO - Episode 46 did not travel at least 18 meters, skipping.
2025-02-07 18:03:15,096 - INFO - Episode 47 did not travel at least 18 meters, skipping.
2025-02-07 18:03:15,098 - INFO - Episode 48 did not travel at least 18 meters, skipping.
2025-02-07 18:03:15,098 - INFO - Episode 49 did not travel at least 18 meters, skipping.
2025-02-07 18:03:15,099 - INFO - Episode 50 did not travel at least 18 meters, skipping.
2025-02-07 18:03:15,100 - INFO - Episode 51 did not travel at least 18 meters, skipping.
2025-02-07 18:03:15,100 - INFO - Episode 52 did not travel at least 18 meters, skipping.
2025-02-07 18:03:15,101 - INFO - Episode 53 did not travel at least 18 meters, skipping.
2025-02-07 18:03:15,102 - INFO - Episode 54 did not travel at least 18 meters, skipping.
2025-02-07 18:03:15,103 - INFO - Episode 55 did not travel at least 18 meters, skipping.
2025-02-07 18:03:15,103 - INFO - Episode 56 did not travel at least 18 meters, skipping.
2025-02-07 18:03:15,105 - INFO - Episode 57 did not travel at least 18 meters, skipping.
2025-02-07 18:03:15,105 - INFO - Episode 58 did not travel at least 18 meters, skipping.
2025-02-07 18:03:15,106 - INFO - Episode 59 did not travel at least 18 meters, skipping.
2025-02-07 18:03:15,108 - INFO - Episode 60 did not travel at least 18 meters, skipping.
2025-02-07 18:03:15,109 - INFO - Episode 61 did not travel at least 18 meters, skipping.
2025-02-07 18:03:15,110 - INFO - Episode 62 did not travel at least 18 meters, skipping.
2025-02-07 18:03:15,111 - INFO - Episode 63 did not travel at least 18 meters, skipping.
2025-02-07 18:03:15,111 - INFO - Episode 64 did not travel at least 18 meters, skipping.
2025-02-07 18:03:15,112 - INFO - Episode 65 did not travel at least 18 meters, skipping.
2025-02-07 18:03:15,113 - INFO - Episode 66 did not travel at least 18 meters, skipping.
2025-02-07 18:03:15,115 - INFO - Episode 67 did not travel at least 18 meters, skipping.
2025-02-07 18:03:15,116 - INFO - Episode 68 did not travel at least 18 meters, skipping.
2025-02-07 18:03:15,116 - INFO - Episode 69 did not travel at least 18 meters, skipping.
2025-02-07 18:03:15,116 - INFO - Episode 70 did not travel at least 18 meters, skipping.
2025-02-07 18:03:15,118 - INFO - Episode 71 did not travel at least 18 meters, skipping.
2025-02-07 18:03:15,119 - INFO - Episode 72 did not travel at least 18 meters, skipping.
2025-02-07 18:03:15,120 - INFO - Episode 73 did not travel at least 18 meters, skipping.
2025-02-07 18:03:15,120 - INFO - Episode 74 did not travel at least 18 meters, skipping.
2025-02-07 18:03:15,122 - INFO - Episode 75 did not travel at least 18 meters, skipping.
2025-02-07 18:03:15,122 - INFO - Episode 76 did not travel at least 18 meters, skipping.
2025-02-07 18:03:15,123 - INFO - Episode 77 did not travel at least 18 meters, skipping.
2025-02-07 18:03:15,124 - INFO - Episode 78 did not travel at least 18 meters, skipping.
2025-02-07 18:03:15,125 - INFO - Episode 79 did not travel at least 18 meters, skipping.
2025-02-07 18:03:15,126 - INFO - Episode 80 did not travel at least 18 meters, skipping.
2025-02-07 18:03:15,127 - INFO - Episode 81 did not travel at least 18 meters, skipping.
2025-02-07 18:03:15,128 - INFO - Episode 82 did not travel at least 18 meters, skipping.
2025-02-07 18:03:15,128 - INFO - Episode 83 did not travel at least 18 meters, skipping.
2025-02-07 18:03:15,129 - INFO - Episode 84 did not travel at least 18 meters, skipping.
2025-02-07 18:03:15,129 - INFO - Episode 85 did not travel at least 18 meters, skipping.
2025-02-07 18:03:15,130 - INFO - Episode 86 did not travel at least 18 meters, skipping.
2025-02-07 18:03:15,130 - INFO - Episode 87 did not travel at least 18 meters, skipping.
2025-02-07 18:03:15,132 - INFO - Episode 88 did not travel at least 18 meters, skipping.
2025-02-07 18:03:15,133 - INFO - Episode 89 did not travel at least 18 meters, skipping.
2025-02-07 18:03:15,133 - INFO - Episode 90 did not travel at least 18 meters, skipping.
2025-02-07 18:03:15,134 - INFO - Episode 91 did not travel at least 18 meters, skipping.
2025-02-07 18:03:15,135 - INFO - Episode 92 did not travel at least 18 meters, skipping.
2025-02-07 18:03:15,135 - INFO - Episode 93 did not travel at least 18 meters, skipping.
2025-02-07 18:03:15,135 - INFO - Episode 94 did not travel at least 18 meters, skipping.
2025-02-07 18:03:15,137 - INFO - Episode 95 did not travel at least 18 meters, skipping.
2025-02-07 18:03:15,138 - INFO - Episode 96 did not travel at least 18 meters, skipping.
2025-02-07 18:03:15,138 - INFO - Episode 97 did not travel at least 18 meters, skipping.
2025-02-07 18:03:15,141 - INFO - Episode 98 did not travel at least 18 meters, skipping.
2025-02-07 18:03:15,141 - INFO - Episode 99 did not travel at least 18 meters, skipping.
2025-02-07 18:03:15,142 - INFO - Episode 100 did not travel at least 18 meters, skipping.
2025-02-07 18:03:15,142 - WARNING - No episodes traveled at least 18 meters. No plot will be generated.
2025-02-07 18:03:15,143 - INFO - -----------------------------------
2025-02-07 18:03:15,143 - INFO - > Total episodes: 100
2025-02-07 18:03:15,143 - INFO - > Flight distance (mean): 4.68
2025-02-07 18:03:15,143 - INFO - > Holes reached (mean): 0.49 out of 5
2025-02-07 18:03:15,143 - INFO - -----------------------------------
