2025-02-07 17:58:18,160 - INFO - Episode 1 completed.
2025-02-07 17:58:20,260 - INFO - Episode 2 completed.
2025-02-07 17:58:21,459 - INFO - Episode 3 completed.
2025-02-07 17:58:23,045 - INFO - Episode 4 completed.
2025-02-07 17:58:25,160 - INFO - Episode 5 completed.
2025-02-07 17:58:25,535 - INFO - Episode 6 completed.
2025-02-07 17:58:27,128 - INFO - Episode 7 completed.
2025-02-07 17:58:27,496 - INFO - Episode 8 completed.
2025-02-07 17:58:28,678 - INFO - Episode 9 completed.
2025-02-07 17:58:29,876 - INFO - Episode 10 completed.
2025-02-07 17:58:31,461 - INFO - Episode 11 completed.
2025-02-07 17:58:33,553 - INFO - Episode 12 completed.
2025-02-07 17:58:34,756 - INFO - Episode 13 completed.
2025-02-07 17:58:36,344 - INFO - Episode 14 completed.
2025-02-07 17:58:37,564 - INFO - Episode 15 completed.
2025-02-07 17:58:38,348 - INFO - Episode 16 completed.
2025-02-07 17:58:39,927 - INFO - Episode 17 completed.
2025-02-07 17:58:42,015 - INFO - Episode 18 completed.
2025-02-07 17:58:43,215 - INFO - Episode 19 completed.
2025-02-07 17:58:44,797 - INFO - Episode 20 completed.
2025-02-07 17:58:46,390 - INFO - Episode 21 completed.
2025-02-07 17:58:47,978 - INFO - Episode 22 completed.
2025-02-07 17:58:49,181 - INFO - Episode 23 completed.
2025-02-07 17:58:51,293 - INFO - Episode 24 completed.
2025-02-07 17:58:52,486 - INFO - Episode 25 completed.
2025-02-07 17:58:53,693 - INFO - Episode 26 completed.
2025-02-07 17:58:55,459 - INFO - Episode 27 completed.
2025-02-07 17:58:57,066 - INFO - Episode 28 completed.
2025-02-07 17:58:58,267 - INFO - Episode 29 completed.
2025-02-07 17:58:59,072 - INFO - Episode 30 completed.
2025-02-07 17:58:59,438 - INFO - Episode 31 completed.
2025-02-07 17:59:01,524 - INFO - Episode 32 completed.
2025-02-07 17:59:03,101 - INFO - Episode 33 completed.
2025-02-07 17:59:04,291 - INFO - Episode 34 completed.
2025-02-07 17:59:05,874 - INFO - Episode 35 completed.
2025-02-07 17:59:07,995 - INFO - Episode 36 completed.
2025-02-07 17:59:10,101 - INFO - Episode 37 completed.
2025-02-07 17:59:10,460 - INFO - Episode 38 completed.
2025-02-07 17:59:11,663 - INFO - Episode 39 completed.
2025-02-07 17:59:12,857 - INFO - Episode 40 completed.
2025-02-07 17:59:13,261 - INFO - Episode 41 completed.
2025-02-07 17:59:14,451 - INFO - Episode 42 completed.
2025-02-07 17:59:15,219 - INFO - Episode 43 completed.
2025-02-07 17:59:15,980 - INFO - Episode 44 completed.
2025-02-07 17:59:17,576 - INFO - Episode 45 completed.
2025-02-07 17:59:17,666 - INFO - Episode 46 completed.
2025-02-07 17:59:18,471 - INFO - Episode 47 completed.
2025-02-07 17:59:19,612 - INFO - Episode 48 completed.
2025-02-07 17:59:19,703 - INFO - Episode 49 completed.
2025-02-07 17:59:20,900 - INFO - Episode 50 completed.
2025-02-07 17:59:21,417 - INFO - Episode 51 completed.
2025-02-07 17:59:23,547 - INFO - Episode 52 completed.
2025-02-07 17:59:25,167 - INFO - Episode 53 completed.
2025-02-07 17:59:26,367 - INFO - Episode 54 completed.
2025-02-07 17:59:27,971 - INFO - Episode 55 completed.
2025-02-07 17:59:30,078 - INFO - Episode 56 completed.
2025-02-07 17:59:31,715 - INFO - Episode 57 completed.
2025-02-07 17:59:32,117 - INFO - Episode 58 completed.
2025-02-07 17:59:33,310 - INFO - Episode 59 completed.
2025-02-07 17:59:33,712 - INFO - Episode 60 completed.
2025-02-07 17:59:36,129 - INFO - Episode 61 completed.
2025-02-07 17:59:38,249 - INFO - Episode 62 completed.
2025-02-07 17:59:39,842 - INFO - Episode 63 completed.
2025-02-07 17:59:42,280 - INFO - Episode 64 completed.
2025-02-07 17:59:43,044 - INFO - Episode 65 completed.
2025-02-07 17:59:43,407 - INFO - Episode 66 completed.
2025-02-07 17:59:43,774 - INFO - Episode 67 completed.
2025-02-07 17:59:44,915 - INFO - Episode 68 completed.
2025-02-07 17:59:46,515 - INFO - Episode 69 completed.
2025-02-07 17:59:48,124 - INFO - Episode 70 completed.
2025-02-07 17:59:48,491 - INFO - Episode 71 completed.
2025-02-07 17:59:50,131 - INFO - Episode 72 completed.
2025-02-07 17:59:50,497 - INFO - Episode 73 completed.
2025-02-07 17:59:51,298 - INFO - Episode 74 completed.
2025-02-07 17:59:52,899 - INFO - Episode 75 completed.
2025-02-07 17:59:54,516 - INFO - Episode 76 completed.
2025-02-07 17:59:56,611 - INFO - Episode 77 completed.
2025-02-07 17:59:58,728 - INFO - Episode 78 completed.
2025-02-07 18:00:00,328 - INFO - Episode 79 completed.
2025-02-07 18:00:01,528 - INFO - Episode 80 completed.
2025-02-07 18:00:03,625 - INFO - Episode 81 completed.
2025-02-07 18:00:05,198 - INFO - Episode 82 completed.
2025-02-07 18:00:05,283 - INFO - Episode 83 completed.
2025-02-07 18:00:06,918 - INFO - Episode 84 completed.
2025-02-07 18:00:08,101 - INFO - Episode 85 completed.
2025-02-07 18:00:08,462 - INFO - Episode 86 completed.
2025-02-07 18:00:10,038 - INFO - Episode 87 completed.
2025-02-07 18:00:11,618 - INFO - Episode 88 completed.
2025-02-07 18:00:13,704 - INFO - Episode 89 completed.
2025-02-07 18:00:15,289 - INFO - Episode 90 completed.
2025-02-07 18:00:16,875 - INFO - Episode 91 completed.
2025-02-07 18:00:18,454 - INFO - Episode 92 completed.
2025-02-07 18:00:19,247 - INFO - Episode 93 completed.
2025-02-07 18:00:19,613 - INFO - Episode 94 completed.
2025-02-07 18:00:20,412 - INFO - Episode 95 completed.
2025-02-07 18:00:20,772 - INFO - Episode 96 completed.
2025-02-07 18:00:21,139 - INFO - Episode 97 completed.
2025-02-07 18:00:23,239 - INFO - Episode 98 completed.
2025-02-07 18:00:24,834 - INFO - Episode 99 completed.
2025-02-07 18:00:26,407 - INFO - Episode 100 completed.
2025-02-07 18:00:26,437 - INFO - Positions saved to ./inference_outputs/PPO_All_FM_SRGB_LF\PPO_All_FM_SRGB_LF_positions.csv
2025-02-07 18:00:26,631 - INFO - Episode 1 did not travel at least 18 meters, skipping.
2025-02-07 18:00:26,651 - INFO - Episode 3 did not travel at least 18 meters, skipping.
2025-02-07 18:00:26,653 - INFO - Episode 4 did not travel at least 18 meters, skipping.
2025-02-07 18:00:26,656 - INFO - Episode 6 did not travel at least 18 meters, skipping.
2025-02-07 18:00:26,657 - INFO - Episode 7 did not travel at least 18 meters, skipping.
2025-02-07 18:00:26,658 - INFO - Episode 8 did not travel at least 18 meters, skipping.
2025-02-07 18:00:26,660 - INFO - Episode 9 did not travel at least 18 meters, skipping.
2025-02-07 18:00:26,661 - INFO - Episode 10 did not travel at least 18 meters, skipping.
2025-02-07 18:00:26,662 - INFO - Episode 11 did not travel at least 18 meters, skipping.
2025-02-07 18:00:26,665 - INFO - Episode 13 did not travel at least 18 meters, skipping.
2025-02-07 18:00:26,666 - INFO - Episode 14 did not travel at least 18 meters, skipping.
2025-02-07 18:00:26,668 - INFO - Episode 15 did not travel at least 18 meters, skipping.
2025-02-07 18:00:26,668 - INFO - Episode 16 did not travel at least 18 meters, skipping.
2025-02-07 18:00:26,669 - INFO - Episode 17 did not travel at least 18 meters, skipping.
2025-02-07 18:00:26,673 - INFO - Episode 19 did not travel at least 18 meters, skipping.
2025-02-07 18:00:26,673 - INFO - Episode 20 did not travel at least 18 meters, skipping.
2025-02-07 18:00:26,675 - INFO - Episode 21 did not travel at least 18 meters, skipping.
2025-02-07 18:00:26,676 - INFO - Episode 22 did not travel at least 18 meters, skipping.
2025-02-07 18:00:26,678 - INFO - Episode 23 did not travel at least 18 meters, skipping.
2025-02-07 18:00:26,680 - INFO - Episode 25 did not travel at least 18 meters, skipping.
2025-02-07 18:00:26,681 - INFO - Episode 26 did not travel at least 18 meters, skipping.
2025-02-07 18:00:26,682 - INFO - Episode 27 did not travel at least 18 meters, skipping.
2025-02-07 18:00:26,683 - INFO - Episode 28 did not travel at least 18 meters, skipping.
2025-02-07 18:00:26,684 - INFO - Episode 29 did not travel at least 18 meters, skipping.
2025-02-07 18:00:26,686 - INFO - Episode 30 did not travel at least 18 meters, skipping.
2025-02-07 18:00:26,687 - INFO - Episode 31 did not travel at least 18 meters, skipping.
2025-02-07 18:00:26,690 - INFO - Episode 33 did not travel at least 18 meters, skipping.
2025-02-07 18:00:26,691 - INFO - Episode 34 did not travel at least 18 meters, skipping.
2025-02-07 18:00:26,691 - INFO - Episode 35 did not travel at least 18 meters, skipping.
2025-02-07 18:00:26,695 - INFO - Episode 38 did not travel at least 18 meters, skipping.
2025-02-07 18:00:26,697 - INFO - Episode 39 did not travel at least 18 meters, skipping.
2025-02-07 18:00:26,698 - INFO - Episode 40 did not travel at least 18 meters, skipping.
2025-02-07 18:00:26,700 - INFO - Episode 41 did not travel at least 18 meters, skipping.
2025-02-07 18:00:26,701 - INFO - Episode 42 did not travel at least 18 meters, skipping.
2025-02-07 18:00:26,701 - INFO - Episode 43 did not travel at least 18 meters, skipping.
2025-02-07 18:00:26,702 - INFO - Episode 44 did not travel at least 18 meters, skipping.
2025-02-07 18:00:26,703 - INFO - Episode 45 did not travel at least 18 meters, skipping.
2025-02-07 18:00:26,704 - INFO - Episode 46 did not travel at least 18 meters, skipping.
2025-02-07 18:00:26,704 - INFO - Episode 47 did not travel at least 18 meters, skipping.
2025-02-07 18:00:26,705 - INFO - Episode 48 did not travel at least 18 meters, skipping.
2025-02-07 18:00:26,706 - INFO - Episode 49 did not travel at least 18 meters, skipping.
2025-02-07 18:00:26,708 - INFO - Episode 50 did not travel at least 18 meters, skipping.
2025-02-07 18:00:26,709 - INFO - Episode 51 did not travel at least 18 meters, skipping.
2025-02-07 18:00:26,712 - INFO - Episode 53 did not travel at least 18 meters, skipping.
2025-02-07 18:00:26,713 - INFO - Episode 54 did not travel at least 18 meters, skipping.
2025-02-07 18:00:26,713 - INFO - Episode 55 did not travel at least 18 meters, skipping.
2025-02-07 18:00:26,715 - INFO - Episode 57 did not travel at least 18 meters, skipping.
2025-02-07 18:00:26,716 - INFO - Episode 58 did not travel at least 18 meters, skipping.
2025-02-07 18:00:26,718 - INFO - Episode 59 did not travel at least 18 meters, skipping.
2025-02-07 18:00:26,719 - INFO - Episode 60 did not travel at least 18 meters, skipping.
2025-02-07 18:00:26,722 - INFO - Episode 63 did not travel at least 18 meters, skipping.
2025-02-07 18:00:26,725 - INFO - Episode 65 did not travel at least 18 meters, skipping.
2025-02-07 18:00:26,726 - INFO - Episode 66 did not travel at least 18 meters, skipping.
2025-02-07 18:00:26,727 - INFO - Episode 67 did not travel at least 18 meters, skipping.
2025-02-07 18:00:26,727 - INFO - Episode 68 did not travel at least 18 meters, skipping.
2025-02-07 18:00:26,729 - INFO - Episode 69 did not travel at least 18 meters, skipping.
2025-02-07 18:00:26,730 - INFO - Episode 70 did not travel at least 18 meters, skipping.
2025-02-07 18:00:26,730 - INFO - Episode 71 did not travel at least 18 meters, skipping.
2025-02-07 18:00:26,731 - INFO - Episode 72 did not travel at least 18 meters, skipping.
2025-02-07 18:00:26,731 - INFO - Episode 73 did not travel at least 18 meters, skipping.
2025-02-07 18:00:26,732 - INFO - Episode 74 did not travel at least 18 meters, skipping.
2025-02-07 18:00:26,733 - INFO - Episode 75 did not travel at least 18 meters, skipping.
2025-02-07 18:00:26,733 - INFO - Episode 76 did not travel at least 18 meters, skipping.
2025-02-07 18:00:26,737 - INFO - Episode 79 did not travel at least 18 meters, skipping.
2025-02-07 18:00:26,738 - INFO - Episode 80 did not travel at least 18 meters, skipping.
2025-02-07 18:00:26,740 - INFO - Episode 82 did not travel at least 18 meters, skipping.
2025-02-07 18:00:26,741 - INFO - Episode 83 did not travel at least 18 meters, skipping.
2025-02-07 18:00:26,742 - INFO - Episode 84 did not travel at least 18 meters, skipping.
2025-02-07 18:00:26,743 - INFO - Episode 85 did not travel at least 18 meters, skipping.
2025-02-07 18:00:26,743 - INFO - Episode 86 did not travel at least 18 meters, skipping.
2025-02-07 18:00:26,745 - INFO - Episode 87 did not travel at least 18 meters, skipping.
2025-02-07 18:00:26,745 - INFO - Episode 88 did not travel at least 18 meters, skipping.
2025-02-07 18:00:26,747 - INFO - Episode 90 did not travel at least 18 meters, skipping.
2025-02-07 18:00:26,751 - INFO - Episode 91 did not travel at least 18 meters, skipping.
2025-02-07 18:00:26,751 - INFO - Episode 92 did not travel at least 18 meters, skipping.
2025-02-07 18:00:26,751 - INFO - Episode 93 did not travel at least 18 meters, skipping.
2025-02-07 18:00:26,753 - INFO - Episode 94 did not travel at least 18 meters, skipping.
2025-02-07 18:00:26,755 - INFO - Episode 95 did not travel at least 18 meters, skipping.
2025-02-07 18:00:26,755 - INFO - Episode 96 did not travel at least 18 meters, skipping.
2025-02-07 18:00:26,756 - INFO - Episode 97 did not travel at least 18 meters, skipping.
2025-02-07 18:00:26,758 - INFO - Episode 99 did not travel at least 18 meters, skipping.
2025-02-07 18:00:26,760 - INFO - Episode 100 did not travel at least 18 meters, skipping.
2025-02-07 18:00:26,897 - INFO - Trajectories plotted and saved as './inference_outputs/PPO_All_FM_SRGB_LF\PPO_All_FM_SRGB_LF_trajectories.png'.
2025-02-07 18:00:26,898 - INFO - -----------------------------------
2025-02-07 18:00:26,898 - INFO - > Total episodes: 100
2025-02-07 18:00:26,898 - INFO - > Flight distance (mean): 11.79
2025-02-07 18:00:26,898 - INFO - > Holes reached (mean): 2.41 out of 5
2025-02-07 18:00:26,898 - INFO - -----------------------------------
