2024-12-06 19:53:34,573 [INFO] Logging initialized for scenario: 'RGB_PPO_NormalWeather_Variants'
2024-12-06 19:53:34,573 [INFO] Received command-line arguments: Scenario='RGB_PPO_NormalWeather_Variants', Filenames=['D:\\Masters\\Sem5\\uavRL\\inference_outputs\\Trajectories\\gen\\ppo_naturecnn_single_rgb\\ppo_naturecnn_single_rgb_positions.csv', 'D:\\Masters\\Sem5\\uavRL\\inference_outputs\\Trajectories\\gen\\ppo_naturecnn_single_rgb_obstacle_weather_leavesfalling\\ppo_naturecnn_single_rgb_obstacle_weather_leavesfalling_positions.csv', 'D:\\Masters\\Sem5\\uavRL\\inference_outputs\\Trajectories\\gen\\ppo_naturecnn_single_rgb_obstacle_weather_rainandfog\\ppo_naturecnn_single_rgb_obstacle_weather_rainandfog_positions.csv', 'D:\\Masters\\Sem5\\uavRL\\inference_outputs\\Trajectories\\gen\\ppo_naturecnn_single_rgb_obstacle_weather_snowonly\\ppo_naturecnn_single_rgb_obstacle_weather_snowonly_positions.csv']
2024-12-06 19:53:34,575 [INFO] Starting to plot multiple mean trajectories.
2024-12-06 19:53:34,737 [INFO] Successfully read 'D:\Masters\Sem5\uavRL\inference_outputs\Trajectories\gen\ppo_naturecnn_single_rgb\ppo_naturecnn_single_rgb_positions.csv'.
2024-12-06 19:53:34,738 [INFO] Episode 1 in 'D:\Masters\Sem5\uavRL\inference_outputs\Trajectories\gen\ppo_naturecnn_single_rgb\ppo_naturecnn_single_rgb_positions.csv' did not travel at least 9 meters. Skipping.
2024-12-06 19:53:34,739 [INFO] Episode 3 in 'D:\Masters\Sem5\uavRL\inference_outputs\Trajectories\gen\ppo_naturecnn_single_rgb\ppo_naturecnn_single_rgb_positions.csv' did not travel at least 9 meters. Skipping.
2024-12-06 19:53:34,741 [INFO] Episode 7 in 'D:\Masters\Sem5\uavRL\inference_outputs\Trajectories\gen\ppo_naturecnn_single_rgb\ppo_naturecnn_single_rgb_positions.csv' did not travel at least 9 meters. Skipping.
2024-12-06 19:53:34,741 [INFO] Episode 8 in 'D:\Masters\Sem5\uavRL\inference_outputs\Trajectories\gen\ppo_naturecnn_single_rgb\ppo_naturecnn_single_rgb_positions.csv' did not travel at least 9 meters. Skipping.
2024-12-06 19:53:34,742 [INFO] Episode 9 in 'D:\Masters\Sem5\uavRL\inference_outputs\Trajectories\gen\ppo_naturecnn_single_rgb\ppo_naturecnn_single_rgb_positions.csv' did not travel at least 9 meters. Skipping.
2024-12-06 19:53:34,744 [INFO] Episode 16 in 'D:\Masters\Sem5\uavRL\inference_outputs\Trajectories\gen\ppo_naturecnn_single_rgb\ppo_naturecnn_single_rgb_positions.csv' did not travel at least 9 meters. Skipping.
2024-12-06 19:53:34,745 [INFO] Episode 17 in 'D:\Masters\Sem5\uavRL\inference_outputs\Trajectories\gen\ppo_naturecnn_single_rgb\ppo_naturecnn_single_rgb_positions.csv' did not travel at least 9 meters. Skipping.
2024-12-06 19:53:34,746 [INFO] Episode 20 in 'D:\Masters\Sem5\uavRL\inference_outputs\Trajectories\gen\ppo_naturecnn_single_rgb\ppo_naturecnn_single_rgb_positions.csv' did not travel at least 9 meters. Skipping.
2024-12-06 19:53:34,746 [INFO] Episode 21 in 'D:\Masters\Sem5\uavRL\inference_outputs\Trajectories\gen\ppo_naturecnn_single_rgb\ppo_naturecnn_single_rgb_positions.csv' did not travel at least 9 meters. Skipping.
2024-12-06 19:53:34,746 [INFO] Episode 22 in 'D:\Masters\Sem5\uavRL\inference_outputs\Trajectories\gen\ppo_naturecnn_single_rgb\ppo_naturecnn_single_rgb_positions.csv' did not travel at least 9 meters. Skipping.
2024-12-06 19:53:34,747 [INFO] Episode 24 in 'D:\Masters\Sem5\uavRL\inference_outputs\Trajectories\gen\ppo_naturecnn_single_rgb\ppo_naturecnn_single_rgb_positions.csv' did not travel at least 9 meters. Skipping.
2024-12-06 19:53:34,748 [INFO] Episode 25 in 'D:\Masters\Sem5\uavRL\inference_outputs\Trajectories\gen\ppo_naturecnn_single_rgb\ppo_naturecnn_single_rgb_positions.csv' did not travel at least 9 meters. Skipping.
2024-12-06 19:53:34,750 [INFO] Episode 31 in 'D:\Masters\Sem5\uavRL\inference_outputs\Trajectories\gen\ppo_naturecnn_single_rgb\ppo_naturecnn_single_rgb_positions.csv' did not travel at least 9 meters. Skipping.
2024-12-06 19:53:34,751 [INFO] Episode 33 in 'D:\Masters\Sem5\uavRL\inference_outputs\Trajectories\gen\ppo_naturecnn_single_rgb\ppo_naturecnn_single_rgb_positions.csv' did not travel at least 9 meters. Skipping.
2024-12-06 19:53:34,753 [INFO] Episode 36 in 'D:\Masters\Sem5\uavRL\inference_outputs\Trajectories\gen\ppo_naturecnn_single_rgb\ppo_naturecnn_single_rgb_positions.csv' did not travel at least 9 meters. Skipping.
2024-12-06 19:53:34,753 [INFO] Episode 38 in 'D:\Masters\Sem5\uavRL\inference_outputs\Trajectories\gen\ppo_naturecnn_single_rgb\ppo_naturecnn_single_rgb_positions.csv' did not travel at least 9 meters. Skipping.
2024-12-06 19:53:34,754 [INFO] Episode 40 in 'D:\Masters\Sem5\uavRL\inference_outputs\Trajectories\gen\ppo_naturecnn_single_rgb\ppo_naturecnn_single_rgb_positions.csv' did not travel at least 9 meters. Skipping.
2024-12-06 19:53:34,755 [INFO] Episode 41 in 'D:\Masters\Sem5\uavRL\inference_outputs\Trajectories\gen\ppo_naturecnn_single_rgb\ppo_naturecnn_single_rgb_positions.csv' did not travel at least 9 meters. Skipping.
2024-12-06 19:53:34,757 [INFO] Episode 49 in 'D:\Masters\Sem5\uavRL\inference_outputs\Trajectories\gen\ppo_naturecnn_single_rgb\ppo_naturecnn_single_rgb_positions.csv' did not travel at least 9 meters. Skipping.
2024-12-06 19:53:34,757 [INFO] Episode 50 in 'D:\Masters\Sem5\uavRL\inference_outputs\Trajectories\gen\ppo_naturecnn_single_rgb\ppo_naturecnn_single_rgb_positions.csv' did not travel at least 9 meters. Skipping.
2024-12-06 19:53:34,759 [INFO] Episode 53 in 'D:\Masters\Sem5\uavRL\inference_outputs\Trajectories\gen\ppo_naturecnn_single_rgb\ppo_naturecnn_single_rgb_positions.csv' did not travel at least 9 meters. Skipping.
2024-12-06 19:53:34,759 [INFO] Episode 54 in 'D:\Masters\Sem5\uavRL\inference_outputs\Trajectories\gen\ppo_naturecnn_single_rgb\ppo_naturecnn_single_rgb_positions.csv' did not travel at least 9 meters. Skipping.
2024-12-06 19:53:34,762 [INFO] Episode 63 in 'D:\Masters\Sem5\uavRL\inference_outputs\Trajectories\gen\ppo_naturecnn_single_rgb\ppo_naturecnn_single_rgb_positions.csv' did not travel at least 9 meters. Skipping.
2024-12-06 19:53:34,764 [INFO] Episode 65 in 'D:\Masters\Sem5\uavRL\inference_outputs\Trajectories\gen\ppo_naturecnn_single_rgb\ppo_naturecnn_single_rgb_positions.csv' did not travel at least 9 meters. Skipping.
2024-12-06 19:53:34,764 [INFO] Episode 66 in 'D:\Masters\Sem5\uavRL\inference_outputs\Trajectories\gen\ppo_naturecnn_single_rgb\ppo_naturecnn_single_rgb_positions.csv' did not travel at least 9 meters. Skipping.
2024-12-06 19:53:34,768 [INFO] Episode 77 in 'D:\Masters\Sem5\uavRL\inference_outputs\Trajectories\gen\ppo_naturecnn_single_rgb\ppo_naturecnn_single_rgb_positions.csv' did not travel at least 9 meters. Skipping.
2024-12-06 19:53:34,769 [INFO] Episode 78 in 'D:\Masters\Sem5\uavRL\inference_outputs\Trajectories\gen\ppo_naturecnn_single_rgb\ppo_naturecnn_single_rgb_positions.csv' did not travel at least 9 meters. Skipping.
2024-12-06 19:53:34,770 [INFO] Episode 80 in 'D:\Masters\Sem5\uavRL\inference_outputs\Trajectories\gen\ppo_naturecnn_single_rgb\ppo_naturecnn_single_rgb_positions.csv' did not travel at least 9 meters. Skipping.
2024-12-06 19:53:34,772 [INFO] Episode 84 in 'D:\Masters\Sem5\uavRL\inference_outputs\Trajectories\gen\ppo_naturecnn_single_rgb\ppo_naturecnn_single_rgb_positions.csv' did not travel at least 9 meters. Skipping.
2024-12-06 19:53:34,773 [INFO] Episode 86 in 'D:\Masters\Sem5\uavRL\inference_outputs\Trajectories\gen\ppo_naturecnn_single_rgb\ppo_naturecnn_single_rgb_positions.csv' did not travel at least 9 meters. Skipping.
2024-12-06 19:53:34,774 [INFO] Episode 88 in 'D:\Masters\Sem5\uavRL\inference_outputs\Trajectories\gen\ppo_naturecnn_single_rgb\ppo_naturecnn_single_rgb_positions.csv' did not travel at least 9 meters. Skipping.
2024-12-06 19:53:34,774 [INFO] Episode 89 in 'D:\Masters\Sem5\uavRL\inference_outputs\Trajectories\gen\ppo_naturecnn_single_rgb\ppo_naturecnn_single_rgb_positions.csv' did not travel at least 9 meters. Skipping.
2024-12-06 19:53:34,776 [INFO] Episode 94 in 'D:\Masters\Sem5\uavRL\inference_outputs\Trajectories\gen\ppo_naturecnn_single_rgb\ppo_naturecnn_single_rgb_positions.csv' did not travel at least 9 meters. Skipping.
2024-12-06 19:53:34,777 [INFO] Episode 96 in 'D:\Masters\Sem5\uavRL\inference_outputs\Trajectories\gen\ppo_naturecnn_single_rgb\ppo_naturecnn_single_rgb_positions.csv' did not travel at least 9 meters. Skipping.
2024-12-06 19:53:34,795 [INFO] Successfully read 'D:\Masters\Sem5\uavRL\inference_outputs\Trajectories\gen\ppo_naturecnn_single_rgb_obstacle_weather_leavesfalling\ppo_naturecnn_single_rgb_obstacle_weather_leavesfalling_positions.csv'.
2024-12-06 19:53:34,797 [INFO] Episode 1 in 'D:\Masters\Sem5\uavRL\inference_outputs\Trajectories\gen\ppo_naturecnn_single_rgb_obstacle_weather_leavesfalling\ppo_naturecnn_single_rgb_obstacle_weather_leavesfalling_positions.csv' did not travel at least 9 meters. Skipping.
2024-12-06 19:53:34,799 [INFO] Episode 11 in 'D:\Masters\Sem5\uavRL\inference_outputs\Trajectories\gen\ppo_naturecnn_single_rgb_obstacle_weather_leavesfalling\ppo_naturecnn_single_rgb_obstacle_weather_leavesfalling_positions.csv' did not travel at least 9 meters. Skipping.
2024-12-06 19:53:34,801 [INFO] Episode 16 in 'D:\Masters\Sem5\uavRL\inference_outputs\Trajectories\gen\ppo_naturecnn_single_rgb_obstacle_weather_leavesfalling\ppo_naturecnn_single_rgb_obstacle_weather_leavesfalling_positions.csv' did not travel at least 9 meters. Skipping.
2024-12-06 19:53:34,801 [INFO] Episode 17 in 'D:\Masters\Sem5\uavRL\inference_outputs\Trajectories\gen\ppo_naturecnn_single_rgb_obstacle_weather_leavesfalling\ppo_naturecnn_single_rgb_obstacle_weather_leavesfalling_positions.csv' did not travel at least 9 meters. Skipping.
2024-12-06 19:53:34,802 [INFO] Episode 18 in 'D:\Masters\Sem5\uavRL\inference_outputs\Trajectories\gen\ppo_naturecnn_single_rgb_obstacle_weather_leavesfalling\ppo_naturecnn_single_rgb_obstacle_weather_leavesfalling_positions.csv' did not travel at least 9 meters. Skipping.
2024-12-06 19:53:34,807 [INFO] Episode 29 in 'D:\Masters\Sem5\uavRL\inference_outputs\Trajectories\gen\ppo_naturecnn_single_rgb_obstacle_weather_leavesfalling\ppo_naturecnn_single_rgb_obstacle_weather_leavesfalling_positions.csv' did not travel at least 9 meters. Skipping.
2024-12-06 19:53:34,809 [INFO] Episode 31 in 'D:\Masters\Sem5\uavRL\inference_outputs\Trajectories\gen\ppo_naturecnn_single_rgb_obstacle_weather_leavesfalling\ppo_naturecnn_single_rgb_obstacle_weather_leavesfalling_positions.csv' did not travel at least 9 meters. Skipping.
2024-12-06 19:53:34,811 [INFO] Episode 38 in 'D:\Masters\Sem5\uavRL\inference_outputs\Trajectories\gen\ppo_naturecnn_single_rgb_obstacle_weather_leavesfalling\ppo_naturecnn_single_rgb_obstacle_weather_leavesfalling_positions.csv' did not travel at least 9 meters. Skipping.
2024-12-06 19:53:34,811 [INFO] Episode 40 in 'D:\Masters\Sem5\uavRL\inference_outputs\Trajectories\gen\ppo_naturecnn_single_rgb_obstacle_weather_leavesfalling\ppo_naturecnn_single_rgb_obstacle_weather_leavesfalling_positions.csv' did not travel at least 9 meters. Skipping.
2024-12-06 19:53:34,812 [INFO] Episode 42 in 'D:\Masters\Sem5\uavRL\inference_outputs\Trajectories\gen\ppo_naturecnn_single_rgb_obstacle_weather_leavesfalling\ppo_naturecnn_single_rgb_obstacle_weather_leavesfalling_positions.csv' did not travel at least 9 meters. Skipping.
2024-12-06 19:53:34,814 [INFO] Episode 45 in 'D:\Masters\Sem5\uavRL\inference_outputs\Trajectories\gen\ppo_naturecnn_single_rgb_obstacle_weather_leavesfalling\ppo_naturecnn_single_rgb_obstacle_weather_leavesfalling_positions.csv' did not travel at least 9 meters. Skipping.
2024-12-06 19:53:34,816 [INFO] Episode 49 in 'D:\Masters\Sem5\uavRL\inference_outputs\Trajectories\gen\ppo_naturecnn_single_rgb_obstacle_weather_leavesfalling\ppo_naturecnn_single_rgb_obstacle_weather_leavesfalling_positions.csv' did not travel at least 9 meters. Skipping.
2024-12-06 19:53:34,820 [INFO] Episode 59 in 'D:\Masters\Sem5\uavRL\inference_outputs\Trajectories\gen\ppo_naturecnn_single_rgb_obstacle_weather_leavesfalling\ppo_naturecnn_single_rgb_obstacle_weather_leavesfalling_positions.csv' did not travel at least 9 meters. Skipping.
2024-12-06 19:53:34,820 [INFO] Episode 60 in 'D:\Masters\Sem5\uavRL\inference_outputs\Trajectories\gen\ppo_naturecnn_single_rgb_obstacle_weather_leavesfalling\ppo_naturecnn_single_rgb_obstacle_weather_leavesfalling_positions.csv' did not travel at least 9 meters. Skipping.
2024-12-06 19:53:34,824 [INFO] Episode 69 in 'D:\Masters\Sem5\uavRL\inference_outputs\Trajectories\gen\ppo_naturecnn_single_rgb_obstacle_weather_leavesfalling\ppo_naturecnn_single_rgb_obstacle_weather_leavesfalling_positions.csv' did not travel at least 9 meters. Skipping.
2024-12-06 19:53:34,825 [INFO] Episode 73 in 'D:\Masters\Sem5\uavRL\inference_outputs\Trajectories\gen\ppo_naturecnn_single_rgb_obstacle_weather_leavesfalling\ppo_naturecnn_single_rgb_obstacle_weather_leavesfalling_positions.csv' did not travel at least 9 meters. Skipping.
2024-12-06 19:53:34,827 [INFO] Episode 79 in 'D:\Masters\Sem5\uavRL\inference_outputs\Trajectories\gen\ppo_naturecnn_single_rgb_obstacle_weather_leavesfalling\ppo_naturecnn_single_rgb_obstacle_weather_leavesfalling_positions.csv' did not travel at least 9 meters. Skipping.
2024-12-06 19:53:34,827 [INFO] Episode 81 in 'D:\Masters\Sem5\uavRL\inference_outputs\Trajectories\gen\ppo_naturecnn_single_rgb_obstacle_weather_leavesfalling\ppo_naturecnn_single_rgb_obstacle_weather_leavesfalling_positions.csv' did not travel at least 9 meters. Skipping.
2024-12-06 19:53:34,829 [INFO] Episode 88 in 'D:\Masters\Sem5\uavRL\inference_outputs\Trajectories\gen\ppo_naturecnn_single_rgb_obstacle_weather_leavesfalling\ppo_naturecnn_single_rgb_obstacle_weather_leavesfalling_positions.csv' did not travel at least 9 meters. Skipping.
2024-12-06 19:53:34,830 [INFO] Episode 89 in 'D:\Masters\Sem5\uavRL\inference_outputs\Trajectories\gen\ppo_naturecnn_single_rgb_obstacle_weather_leavesfalling\ppo_naturecnn_single_rgb_obstacle_weather_leavesfalling_positions.csv' did not travel at least 9 meters. Skipping.
2024-12-06 19:53:34,830 [INFO] Episode 90 in 'D:\Masters\Sem5\uavRL\inference_outputs\Trajectories\gen\ppo_naturecnn_single_rgb_obstacle_weather_leavesfalling\ppo_naturecnn_single_rgb_obstacle_weather_leavesfalling_positions.csv' did not travel at least 9 meters. Skipping.
2024-12-06 19:53:34,832 [INFO] Episode 96 in 'D:\Masters\Sem5\uavRL\inference_outputs\Trajectories\gen\ppo_naturecnn_single_rgb_obstacle_weather_leavesfalling\ppo_naturecnn_single_rgb_obstacle_weather_leavesfalling_positions.csv' did not travel at least 9 meters. Skipping.
2024-12-06 19:53:34,832 [INFO] Episode 99 in 'D:\Masters\Sem5\uavRL\inference_outputs\Trajectories\gen\ppo_naturecnn_single_rgb_obstacle_weather_leavesfalling\ppo_naturecnn_single_rgb_obstacle_weather_leavesfalling_positions.csv' did not travel at least 9 meters. Skipping.
2024-12-06 19:53:34,845 [INFO] Successfully read 'D:\Masters\Sem5\uavRL\inference_outputs\Trajectories\gen\ppo_naturecnn_single_rgb_obstacle_weather_rainandfog\ppo_naturecnn_single_rgb_obstacle_weather_rainandfog_positions.csv'.
2024-12-06 19:53:34,846 [INFO] Episode 1 in 'D:\Masters\Sem5\uavRL\inference_outputs\Trajectories\gen\ppo_naturecnn_single_rgb_obstacle_weather_rainandfog\ppo_naturecnn_single_rgb_obstacle_weather_rainandfog_positions.csv' did not travel at least 9 meters. Skipping.
2024-12-06 19:53:34,848 [INFO] Episode 2 in 'D:\Masters\Sem5\uavRL\inference_outputs\Trajectories\gen\ppo_naturecnn_single_rgb_obstacle_weather_rainandfog\ppo_naturecnn_single_rgb_obstacle_weather_rainandfog_positions.csv' did not travel at least 9 meters. Skipping.
2024-12-06 19:53:34,848 [INFO] Episode 3 in 'D:\Masters\Sem5\uavRL\inference_outputs\Trajectories\gen\ppo_naturecnn_single_rgb_obstacle_weather_rainandfog\ppo_naturecnn_single_rgb_obstacle_weather_rainandfog_positions.csv' did not travel at least 9 meters. Skipping.
2024-12-06 19:53:34,849 [INFO] Episode 5 in 'D:\Masters\Sem5\uavRL\inference_outputs\Trajectories\gen\ppo_naturecnn_single_rgb_obstacle_weather_rainandfog\ppo_naturecnn_single_rgb_obstacle_weather_rainandfog_positions.csv' did not travel at least 9 meters. Skipping.
2024-12-06 19:53:34,849 [INFO] Episode 6 in 'D:\Masters\Sem5\uavRL\inference_outputs\Trajectories\gen\ppo_naturecnn_single_rgb_obstacle_weather_rainandfog\ppo_naturecnn_single_rgb_obstacle_weather_rainandfog_positions.csv' did not travel at least 9 meters. Skipping.
2024-12-06 19:53:34,850 [INFO] Episode 8 in 'D:\Masters\Sem5\uavRL\inference_outputs\Trajectories\gen\ppo_naturecnn_single_rgb_obstacle_weather_rainandfog\ppo_naturecnn_single_rgb_obstacle_weather_rainandfog_positions.csv' did not travel at least 9 meters. Skipping.
2024-12-06 19:53:34,850 [INFO] Episode 10 in 'D:\Masters\Sem5\uavRL\inference_outputs\Trajectories\gen\ppo_naturecnn_single_rgb_obstacle_weather_rainandfog\ppo_naturecnn_single_rgb_obstacle_weather_rainandfog_positions.csv' did not travel at least 9 meters. Skipping.
2024-12-06 19:53:34,851 [INFO] Episode 11 in 'D:\Masters\Sem5\uavRL\inference_outputs\Trajectories\gen\ppo_naturecnn_single_rgb_obstacle_weather_rainandfog\ppo_naturecnn_single_rgb_obstacle_weather_rainandfog_positions.csv' did not travel at least 9 meters. Skipping.
2024-12-06 19:53:34,852 [INFO] Episode 12 in 'D:\Masters\Sem5\uavRL\inference_outputs\Trajectories\gen\ppo_naturecnn_single_rgb_obstacle_weather_rainandfog\ppo_naturecnn_single_rgb_obstacle_weather_rainandfog_positions.csv' did not travel at least 9 meters. Skipping.
2024-12-06 19:53:34,852 [INFO] Episode 13 in 'D:\Masters\Sem5\uavRL\inference_outputs\Trajectories\gen\ppo_naturecnn_single_rgb_obstacle_weather_rainandfog\ppo_naturecnn_single_rgb_obstacle_weather_rainandfog_positions.csv' did not travel at least 9 meters. Skipping.
2024-12-06 19:53:34,853 [INFO] Episode 14 in 'D:\Masters\Sem5\uavRL\inference_outputs\Trajectories\gen\ppo_naturecnn_single_rgb_obstacle_weather_rainandfog\ppo_naturecnn_single_rgb_obstacle_weather_rainandfog_positions.csv' did not travel at least 9 meters. Skipping.
2024-12-06 19:53:34,853 [INFO] Episode 15 in 'D:\Masters\Sem5\uavRL\inference_outputs\Trajectories\gen\ppo_naturecnn_single_rgb_obstacle_weather_rainandfog\ppo_naturecnn_single_rgb_obstacle_weather_rainandfog_positions.csv' did not travel at least 9 meters. Skipping.
2024-12-06 19:53:34,854 [INFO] Episode 16 in 'D:\Masters\Sem5\uavRL\inference_outputs\Trajectories\gen\ppo_naturecnn_single_rgb_obstacle_weather_rainandfog\ppo_naturecnn_single_rgb_obstacle_weather_rainandfog_positions.csv' did not travel at least 9 meters. Skipping.
2024-12-06 19:53:34,854 [INFO] Episode 17 in 'D:\Masters\Sem5\uavRL\inference_outputs\Trajectories\gen\ppo_naturecnn_single_rgb_obstacle_weather_rainandfog\ppo_naturecnn_single_rgb_obstacle_weather_rainandfog_positions.csv' did not travel at least 9 meters. Skipping.
2024-12-06 19:53:34,856 [INFO] Episode 19 in 'D:\Masters\Sem5\uavRL\inference_outputs\Trajectories\gen\ppo_naturecnn_single_rgb_obstacle_weather_rainandfog\ppo_naturecnn_single_rgb_obstacle_weather_rainandfog_positions.csv' did not travel at least 9 meters. Skipping.
2024-12-06 19:53:34,856 [INFO] Episode 20 in 'D:\Masters\Sem5\uavRL\inference_outputs\Trajectories\gen\ppo_naturecnn_single_rgb_obstacle_weather_rainandfog\ppo_naturecnn_single_rgb_obstacle_weather_rainandfog_positions.csv' did not travel at least 9 meters. Skipping.
2024-12-06 19:53:34,857 [INFO] Episode 22 in 'D:\Masters\Sem5\uavRL\inference_outputs\Trajectories\gen\ppo_naturecnn_single_rgb_obstacle_weather_rainandfog\ppo_naturecnn_single_rgb_obstacle_weather_rainandfog_positions.csv' did not travel at least 9 meters. Skipping.
2024-12-06 19:53:34,858 [INFO] Episode 24 in 'D:\Masters\Sem5\uavRL\inference_outputs\Trajectories\gen\ppo_naturecnn_single_rgb_obstacle_weather_rainandfog\ppo_naturecnn_single_rgb_obstacle_weather_rainandfog_positions.csv' did not travel at least 9 meters. Skipping.
2024-12-06 19:53:34,859 [INFO] Episode 25 in 'D:\Masters\Sem5\uavRL\inference_outputs\Trajectories\gen\ppo_naturecnn_single_rgb_obstacle_weather_rainandfog\ppo_naturecnn_single_rgb_obstacle_weather_rainandfog_positions.csv' did not travel at least 9 meters. Skipping.
2024-12-06 19:53:34,859 [INFO] Episode 26 in 'D:\Masters\Sem5\uavRL\inference_outputs\Trajectories\gen\ppo_naturecnn_single_rgb_obstacle_weather_rainandfog\ppo_naturecnn_single_rgb_obstacle_weather_rainandfog_positions.csv' did not travel at least 9 meters. Skipping.
2024-12-06 19:53:34,861 [INFO] Episode 29 in 'D:\Masters\Sem5\uavRL\inference_outputs\Trajectories\gen\ppo_naturecnn_single_rgb_obstacle_weather_rainandfog\ppo_naturecnn_single_rgb_obstacle_weather_rainandfog_positions.csv' did not travel at least 9 meters. Skipping.
2024-12-06 19:53:34,862 [INFO] Episode 31 in 'D:\Masters\Sem5\uavRL\inference_outputs\Trajectories\gen\ppo_naturecnn_single_rgb_obstacle_weather_rainandfog\ppo_naturecnn_single_rgb_obstacle_weather_rainandfog_positions.csv' did not travel at least 9 meters. Skipping.
2024-12-06 19:53:34,862 [INFO] Episode 32 in 'D:\Masters\Sem5\uavRL\inference_outputs\Trajectories\gen\ppo_naturecnn_single_rgb_obstacle_weather_rainandfog\ppo_naturecnn_single_rgb_obstacle_weather_rainandfog_positions.csv' did not travel at least 9 meters. Skipping.
2024-12-06 19:53:34,863 [INFO] Episode 36 in 'D:\Masters\Sem5\uavRL\inference_outputs\Trajectories\gen\ppo_naturecnn_single_rgb_obstacle_weather_rainandfog\ppo_naturecnn_single_rgb_obstacle_weather_rainandfog_positions.csv' did not travel at least 9 meters. Skipping.
2024-12-06 19:53:34,865 [INFO] Episode 37 in 'D:\Masters\Sem5\uavRL\inference_outputs\Trajectories\gen\ppo_naturecnn_single_rgb_obstacle_weather_rainandfog\ppo_naturecnn_single_rgb_obstacle_weather_rainandfog_positions.csv' did not travel at least 9 meters. Skipping.
2024-12-06 19:53:34,865 [INFO] Episode 38 in 'D:\Masters\Sem5\uavRL\inference_outputs\Trajectories\gen\ppo_naturecnn_single_rgb_obstacle_weather_rainandfog\ppo_naturecnn_single_rgb_obstacle_weather_rainandfog_positions.csv' did not travel at least 9 meters. Skipping.
2024-12-06 19:53:34,866 [INFO] Episode 40 in 'D:\Masters\Sem5\uavRL\inference_outputs\Trajectories\gen\ppo_naturecnn_single_rgb_obstacle_weather_rainandfog\ppo_naturecnn_single_rgb_obstacle_weather_rainandfog_positions.csv' did not travel at least 9 meters. Skipping.
2024-12-06 19:53:34,867 [INFO] Episode 46 in 'D:\Masters\Sem5\uavRL\inference_outputs\Trajectories\gen\ppo_naturecnn_single_rgb_obstacle_weather_rainandfog\ppo_naturecnn_single_rgb_obstacle_weather_rainandfog_positions.csv' did not travel at least 9 meters. Skipping.
2024-12-06 19:53:34,867 [INFO] Episode 47 in 'D:\Masters\Sem5\uavRL\inference_outputs\Trajectories\gen\ppo_naturecnn_single_rgb_obstacle_weather_rainandfog\ppo_naturecnn_single_rgb_obstacle_weather_rainandfog_positions.csv' did not travel at least 9 meters. Skipping.
2024-12-06 19:53:34,868 [INFO] Episode 50 in 'D:\Masters\Sem5\uavRL\inference_outputs\Trajectories\gen\ppo_naturecnn_single_rgb_obstacle_weather_rainandfog\ppo_naturecnn_single_rgb_obstacle_weather_rainandfog_positions.csv' did not travel at least 9 meters. Skipping.
2024-12-06 19:53:34,869 [INFO] Episode 51 in 'D:\Masters\Sem5\uavRL\inference_outputs\Trajectories\gen\ppo_naturecnn_single_rgb_obstacle_weather_rainandfog\ppo_naturecnn_single_rgb_obstacle_weather_rainandfog_positions.csv' did not travel at least 9 meters. Skipping.
2024-12-06 19:53:34,871 [INFO] Episode 53 in 'D:\Masters\Sem5\uavRL\inference_outputs\Trajectories\gen\ppo_naturecnn_single_rgb_obstacle_weather_rainandfog\ppo_naturecnn_single_rgb_obstacle_weather_rainandfog_positions.csv' did not travel at least 9 meters. Skipping.
2024-12-06 19:53:34,871 [INFO] Episode 54 in 'D:\Masters\Sem5\uavRL\inference_outputs\Trajectories\gen\ppo_naturecnn_single_rgb_obstacle_weather_rainandfog\ppo_naturecnn_single_rgb_obstacle_weather_rainandfog_positions.csv' did not travel at least 9 meters. Skipping.
2024-12-06 19:53:34,872 [INFO] Episode 57 in 'D:\Masters\Sem5\uavRL\inference_outputs\Trajectories\gen\ppo_naturecnn_single_rgb_obstacle_weather_rainandfog\ppo_naturecnn_single_rgb_obstacle_weather_rainandfog_positions.csv' did not travel at least 9 meters. Skipping.
2024-12-06 19:53:34,873 [INFO] Episode 58 in 'D:\Masters\Sem5\uavRL\inference_outputs\Trajectories\gen\ppo_naturecnn_single_rgb_obstacle_weather_rainandfog\ppo_naturecnn_single_rgb_obstacle_weather_rainandfog_positions.csv' did not travel at least 9 meters. Skipping.
2024-12-06 19:53:34,873 [INFO] Episode 59 in 'D:\Masters\Sem5\uavRL\inference_outputs\Trajectories\gen\ppo_naturecnn_single_rgb_obstacle_weather_rainandfog\ppo_naturecnn_single_rgb_obstacle_weather_rainandfog_positions.csv' did not travel at least 9 meters. Skipping.
2024-12-06 19:53:34,874 [INFO] Episode 60 in 'D:\Masters\Sem5\uavRL\inference_outputs\Trajectories\gen\ppo_naturecnn_single_rgb_obstacle_weather_rainandfog\ppo_naturecnn_single_rgb_obstacle_weather_rainandfog_positions.csv' did not travel at least 9 meters. Skipping.
2024-12-06 19:53:34,876 [INFO] Episode 62 in 'D:\Masters\Sem5\uavRL\inference_outputs\Trajectories\gen\ppo_naturecnn_single_rgb_obstacle_weather_rainandfog\ppo_naturecnn_single_rgb_obstacle_weather_rainandfog_positions.csv' did not travel at least 9 meters. Skipping.
2024-12-06 19:53:34,876 [INFO] Episode 63 in 'D:\Masters\Sem5\uavRL\inference_outputs\Trajectories\gen\ppo_naturecnn_single_rgb_obstacle_weather_rainandfog\ppo_naturecnn_single_rgb_obstacle_weather_rainandfog_positions.csv' did not travel at least 9 meters. Skipping.
2024-12-06 19:53:34,878 [INFO] Episode 66 in 'D:\Masters\Sem5\uavRL\inference_outputs\Trajectories\gen\ppo_naturecnn_single_rgb_obstacle_weather_rainandfog\ppo_naturecnn_single_rgb_obstacle_weather_rainandfog_positions.csv' did not travel at least 9 meters. Skipping.
2024-12-06 19:53:34,878 [INFO] Episode 67 in 'D:\Masters\Sem5\uavRL\inference_outputs\Trajectories\gen\ppo_naturecnn_single_rgb_obstacle_weather_rainandfog\ppo_naturecnn_single_rgb_obstacle_weather_rainandfog_positions.csv' did not travel at least 9 meters. Skipping.
2024-12-06 19:53:34,878 [INFO] Episode 68 in 'D:\Masters\Sem5\uavRL\inference_outputs\Trajectories\gen\ppo_naturecnn_single_rgb_obstacle_weather_rainandfog\ppo_naturecnn_single_rgb_obstacle_weather_rainandfog_positions.csv' did not travel at least 9 meters. Skipping.
2024-12-06 19:53:34,880 [INFO] Episode 69 in 'D:\Masters\Sem5\uavRL\inference_outputs\Trajectories\gen\ppo_naturecnn_single_rgb_obstacle_weather_rainandfog\ppo_naturecnn_single_rgb_obstacle_weather_rainandfog_positions.csv' did not travel at least 9 meters. Skipping.
2024-12-06 19:53:34,880 [INFO] Episode 70 in 'D:\Masters\Sem5\uavRL\inference_outputs\Trajectories\gen\ppo_naturecnn_single_rgb_obstacle_weather_rainandfog\ppo_naturecnn_single_rgb_obstacle_weather_rainandfog_positions.csv' did not travel at least 9 meters. Skipping.
2024-12-06 19:53:34,881 [INFO] Episode 71 in 'D:\Masters\Sem5\uavRL\inference_outputs\Trajectories\gen\ppo_naturecnn_single_rgb_obstacle_weather_rainandfog\ppo_naturecnn_single_rgb_obstacle_weather_rainandfog_positions.csv' did not travel at least 9 meters. Skipping.
2024-12-06 19:53:34,881 [INFO] Episode 72 in 'D:\Masters\Sem5\uavRL\inference_outputs\Trajectories\gen\ppo_naturecnn_single_rgb_obstacle_weather_rainandfog\ppo_naturecnn_single_rgb_obstacle_weather_rainandfog_positions.csv' did not travel at least 9 meters. Skipping.
2024-12-06 19:53:34,882 [INFO] Episode 74 in 'D:\Masters\Sem5\uavRL\inference_outputs\Trajectories\gen\ppo_naturecnn_single_rgb_obstacle_weather_rainandfog\ppo_naturecnn_single_rgb_obstacle_weather_rainandfog_positions.csv' did not travel at least 9 meters. Skipping.
2024-12-06 19:53:34,882 [INFO] Episode 75 in 'D:\Masters\Sem5\uavRL\inference_outputs\Trajectories\gen\ppo_naturecnn_single_rgb_obstacle_weather_rainandfog\ppo_naturecnn_single_rgb_obstacle_weather_rainandfog_positions.csv' did not travel at least 9 meters. Skipping.
2024-12-06 19:53:34,883 [INFO] Episode 76 in 'D:\Masters\Sem5\uavRL\inference_outputs\Trajectories\gen\ppo_naturecnn_single_rgb_obstacle_weather_rainandfog\ppo_naturecnn_single_rgb_obstacle_weather_rainandfog_positions.csv' did not travel at least 9 meters. Skipping.
2024-12-06 19:53:34,883 [INFO] Episode 77 in 'D:\Masters\Sem5\uavRL\inference_outputs\Trajectories\gen\ppo_naturecnn_single_rgb_obstacle_weather_rainandfog\ppo_naturecnn_single_rgb_obstacle_weather_rainandfog_positions.csv' did not travel at least 9 meters. Skipping.
2024-12-06 19:53:34,885 [INFO] Episode 78 in 'D:\Masters\Sem5\uavRL\inference_outputs\Trajectories\gen\ppo_naturecnn_single_rgb_obstacle_weather_rainandfog\ppo_naturecnn_single_rgb_obstacle_weather_rainandfog_positions.csv' did not travel at least 9 meters. Skipping.
2024-12-06 19:53:34,885 [INFO] Episode 79 in 'D:\Masters\Sem5\uavRL\inference_outputs\Trajectories\gen\ppo_naturecnn_single_rgb_obstacle_weather_rainandfog\ppo_naturecnn_single_rgb_obstacle_weather_rainandfog_positions.csv' did not travel at least 9 meters. Skipping.
2024-12-06 19:53:34,886 [INFO] Episode 80 in 'D:\Masters\Sem5\uavRL\inference_outputs\Trajectories\gen\ppo_naturecnn_single_rgb_obstacle_weather_rainandfog\ppo_naturecnn_single_rgb_obstacle_weather_rainandfog_positions.csv' did not travel at least 9 meters. Skipping.
2024-12-06 19:53:34,887 [INFO] Episode 82 in 'D:\Masters\Sem5\uavRL\inference_outputs\Trajectories\gen\ppo_naturecnn_single_rgb_obstacle_weather_rainandfog\ppo_naturecnn_single_rgb_obstacle_weather_rainandfog_positions.csv' did not travel at least 9 meters. Skipping.
2024-12-06 19:53:34,887 [INFO] Episode 83 in 'D:\Masters\Sem5\uavRL\inference_outputs\Trajectories\gen\ppo_naturecnn_single_rgb_obstacle_weather_rainandfog\ppo_naturecnn_single_rgb_obstacle_weather_rainandfog_positions.csv' did not travel at least 9 meters. Skipping.
2024-12-06 19:53:34,889 [INFO] Episode 85 in 'D:\Masters\Sem5\uavRL\inference_outputs\Trajectories\gen\ppo_naturecnn_single_rgb_obstacle_weather_rainandfog\ppo_naturecnn_single_rgb_obstacle_weather_rainandfog_positions.csv' did not travel at least 9 meters. Skipping.
2024-12-06 19:53:34,889 [INFO] Episode 86 in 'D:\Masters\Sem5\uavRL\inference_outputs\Trajectories\gen\ppo_naturecnn_single_rgb_obstacle_weather_rainandfog\ppo_naturecnn_single_rgb_obstacle_weather_rainandfog_positions.csv' did not travel at least 9 meters. Skipping.
2024-12-06 19:53:34,890 [INFO] Episode 88 in 'D:\Masters\Sem5\uavRL\inference_outputs\Trajectories\gen\ppo_naturecnn_single_rgb_obstacle_weather_rainandfog\ppo_naturecnn_single_rgb_obstacle_weather_rainandfog_positions.csv' did not travel at least 9 meters. Skipping.
2024-12-06 19:53:34,891 [INFO] Episode 89 in 'D:\Masters\Sem5\uavRL\inference_outputs\Trajectories\gen\ppo_naturecnn_single_rgb_obstacle_weather_rainandfog\ppo_naturecnn_single_rgb_obstacle_weather_rainandfog_positions.csv' did not travel at least 9 meters. Skipping.
2024-12-06 19:53:34,892 [INFO] Episode 91 in 'D:\Masters\Sem5\uavRL\inference_outputs\Trajectories\gen\ppo_naturecnn_single_rgb_obstacle_weather_rainandfog\ppo_naturecnn_single_rgb_obstacle_weather_rainandfog_positions.csv' did not travel at least 9 meters. Skipping.
2024-12-06 19:53:34,892 [INFO] Episode 93 in 'D:\Masters\Sem5\uavRL\inference_outputs\Trajectories\gen\ppo_naturecnn_single_rgb_obstacle_weather_rainandfog\ppo_naturecnn_single_rgb_obstacle_weather_rainandfog_positions.csv' did not travel at least 9 meters. Skipping.
2024-12-06 19:53:34,893 [INFO] Episode 94 in 'D:\Masters\Sem5\uavRL\inference_outputs\Trajectories\gen\ppo_naturecnn_single_rgb_obstacle_weather_rainandfog\ppo_naturecnn_single_rgb_obstacle_weather_rainandfog_positions.csv' did not travel at least 9 meters. Skipping.
2024-12-06 19:53:34,893 [INFO] Episode 96 in 'D:\Masters\Sem5\uavRL\inference_outputs\Trajectories\gen\ppo_naturecnn_single_rgb_obstacle_weather_rainandfog\ppo_naturecnn_single_rgb_obstacle_weather_rainandfog_positions.csv' did not travel at least 9 meters. Skipping.
2024-12-06 19:53:34,893 [INFO] Episode 97 in 'D:\Masters\Sem5\uavRL\inference_outputs\Trajectories\gen\ppo_naturecnn_single_rgb_obstacle_weather_rainandfog\ppo_naturecnn_single_rgb_obstacle_weather_rainandfog_positions.csv' did not travel at least 9 meters. Skipping.
2024-12-06 19:53:34,895 [INFO] Episode 100 in 'D:\Masters\Sem5\uavRL\inference_outputs\Trajectories\gen\ppo_naturecnn_single_rgb_obstacle_weather_rainandfog\ppo_naturecnn_single_rgb_obstacle_weather_rainandfog_positions.csv' did not travel at least 9 meters. Skipping.
2024-12-06 19:53:34,903 [INFO] Successfully read 'D:\Masters\Sem5\uavRL\inference_outputs\Trajectories\gen\ppo_naturecnn_single_rgb_obstacle_weather_snowonly\ppo_naturecnn_single_rgb_obstacle_weather_snowonly_positions.csv'.
2024-12-06 19:53:34,906 [INFO] Episode 1 in 'D:\Masters\Sem5\uavRL\inference_outputs\Trajectories\gen\ppo_naturecnn_single_rgb_obstacle_weather_snowonly\ppo_naturecnn_single_rgb_obstacle_weather_snowonly_positions.csv' did not travel at least 9 meters. Skipping.
2024-12-06 19:53:34,907 [INFO] Episode 3 in 'D:\Masters\Sem5\uavRL\inference_outputs\Trajectories\gen\ppo_naturecnn_single_rgb_obstacle_weather_snowonly\ppo_naturecnn_single_rgb_obstacle_weather_snowonly_positions.csv' did not travel at least 9 meters. Skipping.
2024-12-06 19:53:34,908 [INFO] Episode 6 in 'D:\Masters\Sem5\uavRL\inference_outputs\Trajectories\gen\ppo_naturecnn_single_rgb_obstacle_weather_snowonly\ppo_naturecnn_single_rgb_obstacle_weather_snowonly_positions.csv' did not travel at least 9 meters. Skipping.
2024-12-06 19:53:34,909 [INFO] Episode 7 in 'D:\Masters\Sem5\uavRL\inference_outputs\Trajectories\gen\ppo_naturecnn_single_rgb_obstacle_weather_snowonly\ppo_naturecnn_single_rgb_obstacle_weather_snowonly_positions.csv' did not travel at least 9 meters. Skipping.
2024-12-06 19:53:34,909 [INFO] Episode 8 in 'D:\Masters\Sem5\uavRL\inference_outputs\Trajectories\gen\ppo_naturecnn_single_rgb_obstacle_weather_snowonly\ppo_naturecnn_single_rgb_obstacle_weather_snowonly_positions.csv' did not travel at least 9 meters. Skipping.
2024-12-06 19:53:34,910 [INFO] Episode 9 in 'D:\Masters\Sem5\uavRL\inference_outputs\Trajectories\gen\ppo_naturecnn_single_rgb_obstacle_weather_snowonly\ppo_naturecnn_single_rgb_obstacle_weather_snowonly_positions.csv' did not travel at least 9 meters. Skipping.
2024-12-06 19:53:34,911 [INFO] Episode 13 in 'D:\Masters\Sem5\uavRL\inference_outputs\Trajectories\gen\ppo_naturecnn_single_rgb_obstacle_weather_snowonly\ppo_naturecnn_single_rgb_obstacle_weather_snowonly_positions.csv' did not travel at least 9 meters. Skipping.
2024-12-06 19:53:34,912 [INFO] Episode 17 in 'D:\Masters\Sem5\uavRL\inference_outputs\Trajectories\gen\ppo_naturecnn_single_rgb_obstacle_weather_snowonly\ppo_naturecnn_single_rgb_obstacle_weather_snowonly_positions.csv' did not travel at least 9 meters. Skipping.
2024-12-06 19:53:34,970 [INFO] Episode 21 in 'D:\Masters\Sem5\uavRL\inference_outputs\Trajectories\gen\ppo_naturecnn_single_rgb_obstacle_weather_snowonly\ppo_naturecnn_single_rgb_obstacle_weather_snowonly_positions.csv' did not travel at least 9 meters. Skipping.
2024-12-06 19:53:34,971 [INFO] Episode 22 in 'D:\Masters\Sem5\uavRL\inference_outputs\Trajectories\gen\ppo_naturecnn_single_rgb_obstacle_weather_snowonly\ppo_naturecnn_single_rgb_obstacle_weather_snowonly_positions.csv' did not travel at least 9 meters. Skipping.
2024-12-06 19:53:34,974 [INFO] Episode 29 in 'D:\Masters\Sem5\uavRL\inference_outputs\Trajectories\gen\ppo_naturecnn_single_rgb_obstacle_weather_snowonly\ppo_naturecnn_single_rgb_obstacle_weather_snowonly_positions.csv' did not travel at least 9 meters. Skipping.
2024-12-06 19:53:34,974 [INFO] Episode 30 in 'D:\Masters\Sem5\uavRL\inference_outputs\Trajectories\gen\ppo_naturecnn_single_rgb_obstacle_weather_snowonly\ppo_naturecnn_single_rgb_obstacle_weather_snowonly_positions.csv' did not travel at least 9 meters. Skipping.
2024-12-06 19:53:34,975 [INFO] Episode 31 in 'D:\Masters\Sem5\uavRL\inference_outputs\Trajectories\gen\ppo_naturecnn_single_rgb_obstacle_weather_snowonly\ppo_naturecnn_single_rgb_obstacle_weather_snowonly_positions.csv' did not travel at least 9 meters. Skipping.
2024-12-06 19:53:34,976 [INFO] Episode 32 in 'D:\Masters\Sem5\uavRL\inference_outputs\Trajectories\gen\ppo_naturecnn_single_rgb_obstacle_weather_snowonly\ppo_naturecnn_single_rgb_obstacle_weather_snowonly_positions.csv' did not travel at least 9 meters. Skipping.
2024-12-06 19:53:34,978 [INFO] Episode 38 in 'D:\Masters\Sem5\uavRL\inference_outputs\Trajectories\gen\ppo_naturecnn_single_rgb_obstacle_weather_snowonly\ppo_naturecnn_single_rgb_obstacle_weather_snowonly_positions.csv' did not travel at least 9 meters. Skipping.
2024-12-06 19:53:34,979 [INFO] Episode 40 in 'D:\Masters\Sem5\uavRL\inference_outputs\Trajectories\gen\ppo_naturecnn_single_rgb_obstacle_weather_snowonly\ppo_naturecnn_single_rgb_obstacle_weather_snowonly_positions.csv' did not travel at least 9 meters. Skipping.
2024-12-06 19:53:34,980 [INFO] Episode 41 in 'D:\Masters\Sem5\uavRL\inference_outputs\Trajectories\gen\ppo_naturecnn_single_rgb_obstacle_weather_snowonly\ppo_naturecnn_single_rgb_obstacle_weather_snowonly_positions.csv' did not travel at least 9 meters. Skipping.
2024-12-06 19:53:34,980 [INFO] Episode 43 in 'D:\Masters\Sem5\uavRL\inference_outputs\Trajectories\gen\ppo_naturecnn_single_rgb_obstacle_weather_snowonly\ppo_naturecnn_single_rgb_obstacle_weather_snowonly_positions.csv' did not travel at least 9 meters. Skipping.
2024-12-06 19:53:34,982 [INFO] Episode 46 in 'D:\Masters\Sem5\uavRL\inference_outputs\Trajectories\gen\ppo_naturecnn_single_rgb_obstacle_weather_snowonly\ppo_naturecnn_single_rgb_obstacle_weather_snowonly_positions.csv' did not travel at least 9 meters. Skipping.
2024-12-06 19:53:34,983 [INFO] Episode 49 in 'D:\Masters\Sem5\uavRL\inference_outputs\Trajectories\gen\ppo_naturecnn_single_rgb_obstacle_weather_snowonly\ppo_naturecnn_single_rgb_obstacle_weather_snowonly_positions.csv' did not travel at least 9 meters. Skipping.
2024-12-06 19:53:34,983 [INFO] Episode 50 in 'D:\Masters\Sem5\uavRL\inference_outputs\Trajectories\gen\ppo_naturecnn_single_rgb_obstacle_weather_snowonly\ppo_naturecnn_single_rgb_obstacle_weather_snowonly_positions.csv' did not travel at least 9 meters. Skipping.
2024-12-06 19:53:34,985 [INFO] Episode 53 in 'D:\Masters\Sem5\uavRL\inference_outputs\Trajectories\gen\ppo_naturecnn_single_rgb_obstacle_weather_snowonly\ppo_naturecnn_single_rgb_obstacle_weather_snowonly_positions.csv' did not travel at least 9 meters. Skipping.
2024-12-06 19:53:34,987 [INFO] Episode 56 in 'D:\Masters\Sem5\uavRL\inference_outputs\Trajectories\gen\ppo_naturecnn_single_rgb_obstacle_weather_snowonly\ppo_naturecnn_single_rgb_obstacle_weather_snowonly_positions.csv' did not travel at least 9 meters. Skipping.
2024-12-06 19:53:34,988 [INFO] Episode 57 in 'D:\Masters\Sem5\uavRL\inference_outputs\Trajectories\gen\ppo_naturecnn_single_rgb_obstacle_weather_snowonly\ppo_naturecnn_single_rgb_obstacle_weather_snowonly_positions.csv' did not travel at least 9 meters. Skipping.
2024-12-06 19:53:34,989 [INFO] Episode 60 in 'D:\Masters\Sem5\uavRL\inference_outputs\Trajectories\gen\ppo_naturecnn_single_rgb_obstacle_weather_snowonly\ppo_naturecnn_single_rgb_obstacle_weather_snowonly_positions.csv' did not travel at least 9 meters. Skipping.
2024-12-06 19:53:34,991 [INFO] Episode 64 in 'D:\Masters\Sem5\uavRL\inference_outputs\Trajectories\gen\ppo_naturecnn_single_rgb_obstacle_weather_snowonly\ppo_naturecnn_single_rgb_obstacle_weather_snowonly_positions.csv' did not travel at least 9 meters. Skipping.
2024-12-06 19:53:34,991 [INFO] Episode 66 in 'D:\Masters\Sem5\uavRL\inference_outputs\Trajectories\gen\ppo_naturecnn_single_rgb_obstacle_weather_snowonly\ppo_naturecnn_single_rgb_obstacle_weather_snowonly_positions.csv' did not travel at least 9 meters. Skipping.
2024-12-06 19:53:34,992 [INFO] Episode 70 in 'D:\Masters\Sem5\uavRL\inference_outputs\Trajectories\gen\ppo_naturecnn_single_rgb_obstacle_weather_snowonly\ppo_naturecnn_single_rgb_obstacle_weather_snowonly_positions.csv' did not travel at least 9 meters. Skipping.
2024-12-06 19:53:34,993 [INFO] Episode 72 in 'D:\Masters\Sem5\uavRL\inference_outputs\Trajectories\gen\ppo_naturecnn_single_rgb_obstacle_weather_snowonly\ppo_naturecnn_single_rgb_obstacle_weather_snowonly_positions.csv' did not travel at least 9 meters. Skipping.
2024-12-06 19:53:34,994 [INFO] Episode 73 in 'D:\Masters\Sem5\uavRL\inference_outputs\Trajectories\gen\ppo_naturecnn_single_rgb_obstacle_weather_snowonly\ppo_naturecnn_single_rgb_obstacle_weather_snowonly_positions.csv' did not travel at least 9 meters. Skipping.
2024-12-06 19:53:34,996 [INFO] Episode 78 in 'D:\Masters\Sem5\uavRL\inference_outputs\Trajectories\gen\ppo_naturecnn_single_rgb_obstacle_weather_snowonly\ppo_naturecnn_single_rgb_obstacle_weather_snowonly_positions.csv' did not travel at least 9 meters. Skipping.
2024-12-06 19:53:34,997 [INFO] Episode 82 in 'D:\Masters\Sem5\uavRL\inference_outputs\Trajectories\gen\ppo_naturecnn_single_rgb_obstacle_weather_snowonly\ppo_naturecnn_single_rgb_obstacle_weather_snowonly_positions.csv' did not travel at least 9 meters. Skipping.
2024-12-06 19:53:34,998 [INFO] Episode 85 in 'D:\Masters\Sem5\uavRL\inference_outputs\Trajectories\gen\ppo_naturecnn_single_rgb_obstacle_weather_snowonly\ppo_naturecnn_single_rgb_obstacle_weather_snowonly_positions.csv' did not travel at least 9 meters. Skipping.
2024-12-06 19:53:35,000 [INFO] Episode 90 in 'D:\Masters\Sem5\uavRL\inference_outputs\Trajectories\gen\ppo_naturecnn_single_rgb_obstacle_weather_snowonly\ppo_naturecnn_single_rgb_obstacle_weather_snowonly_positions.csv' did not travel at least 9 meters. Skipping.
2024-12-06 19:53:35,000 [INFO] Episode 92 in 'D:\Masters\Sem5\uavRL\inference_outputs\Trajectories\gen\ppo_naturecnn_single_rgb_obstacle_weather_snowonly\ppo_naturecnn_single_rgb_obstacle_weather_snowonly_positions.csv' did not travel at least 9 meters. Skipping.
2024-12-06 19:53:35,001 [INFO] Episode 93 in 'D:\Masters\Sem5\uavRL\inference_outputs\Trajectories\gen\ppo_naturecnn_single_rgb_obstacle_weather_snowonly\ppo_naturecnn_single_rgb_obstacle_weather_snowonly_positions.csv' did not travel at least 9 meters. Skipping.
2024-12-06 19:53:35,013 [INFO] Wall positions determined at: [3.7, 7.4, 11.100000000000001, 14.8, 18.5, 22.2]
2024-12-06 19:53:35,015 [INFO] Plotted mean trajectory from 'ppo_naturecnn_single_rgb_positions.csv' with color 'blue'.
2024-12-06 19:53:35,016 [INFO] Plotted mean trajectory from 'ppo_naturecnn_single_rgb_obstacle_weather_leavesfalling_positions.csv' with color 'green'.
2024-12-06 19:53:35,018 [INFO] Plotted mean trajectory from 'ppo_naturecnn_single_rgb_obstacle_weather_rainandfog_positions.csv' with color 'orange'.
2024-12-06 19:53:35,019 [INFO] Plotted mean trajectory from 'ppo_naturecnn_single_rgb_obstacle_weather_snowonly_positions.csv' with color 'purple'.
2024-12-06 19:53:35,075 [INFO] Added wall surface at X=3.7 with Trajectory Variations and Passages.
2024-12-06 19:53:35,130 [INFO] Added wall surface at X=7.4 with Trajectory Variations and Passages.
2024-12-06 19:53:35,180 [INFO] Added wall surface at X=11.100000000000001 with Trajectory Variations and Passages.
2024-12-06 19:53:35,247 [INFO] Added wall surface at X=14.8 with Trajectory Variations and Passages.
2024-12-06 19:53:35,304 [INFO] Added wall surface at X=18.5 with Trajectory Variations and Passages.
2024-12-06 19:53:35,307 [WARNING] No data near wall at X=22.2. Skipping hole creation.
2024-12-06 19:53:35,308 [INFO] Completed plotting walls and holes.
2024-12-06 19:53:35,470 [INFO] Similarity between 'ppo_naturecnn_single_rgb_positions.csv' and 'ppo_naturecnn_single_rgb_obstacle_weather_leavesfalling_positions.csv':
2024-12-06 19:53:35,471 [INFO]   - Cosine Similarity (Mean): 0.9725
2024-12-06 19:53:35,471 [INFO]   - Pearson Correlation (Mean): 0.9271
2024-12-06 19:53:35,471 [INFO]   - Normalized Cross-Correlation (Mean): 0.9271
2024-12-06 19:53:35,471 [INFO]   - Lag at Max NCC (Y): 0, (Z): 0
2024-12-06 19:53:35,478 [INFO] Similarity between 'ppo_naturecnn_single_rgb_positions.csv' and 'ppo_naturecnn_single_rgb_obstacle_weather_rainandfog_positions.csv':
2024-12-06 19:53:35,478 [INFO]   - Cosine Similarity (Mean): 0.8214
2024-12-06 19:53:35,478 [INFO]   - Pearson Correlation (Mean): 0.5273
2024-12-06 19:53:35,480 [INFO]   - Normalized Cross-Correlation (Mean): 0.5845
2024-12-06 19:53:35,480 [INFO]   - Lag at Max NCC (Y): -96, (Z): 0
2024-12-06 19:53:35,490 [INFO] Similarity between 'ppo_naturecnn_single_rgb_positions.csv' and 'ppo_naturecnn_single_rgb_obstacle_weather_snowonly_positions.csv':
2024-12-06 19:53:35,490 [INFO]   - Cosine Similarity (Mean): 0.9084
2024-12-06 19:53:35,490 [INFO]   - Pearson Correlation (Mean): 0.6416
2024-12-06 19:53:35,491 [INFO]   - Normalized Cross-Correlation (Mean): 0.7407
2024-12-06 19:53:35,491 [INFO]   - Lag at Max NCC (Y): -26, (Z): -4
2024-12-06 19:53:35,501 [INFO] Similarity between 'ppo_naturecnn_single_rgb_obstacle_weather_leavesfalling_positions.csv' and 'ppo_naturecnn_single_rgb_obstacle_weather_rainandfog_positions.csv':
2024-12-06 19:53:35,501 [INFO]   - Cosine Similarity (Mean): 0.8379
2024-12-06 19:53:35,501 [INFO]   - Pearson Correlation (Mean): 0.5634
2024-12-06 19:53:35,502 [INFO]   - Normalized Cross-Correlation (Mean): 0.5881
2024-12-06 19:53:35,502 [INFO]   - Lag at Max NCC (Y): -107, (Z): 0
2024-12-06 19:53:35,515 [INFO] Similarity between 'ppo_naturecnn_single_rgb_obstacle_weather_leavesfalling_positions.csv' and 'ppo_naturecnn_single_rgb_obstacle_weather_snowonly_positions.csv':
2024-12-06 19:53:35,515 [INFO]   - Cosine Similarity (Mean): 0.9229
2024-12-06 19:53:35,515 [INFO]   - Pearson Correlation (Mean): 0.6800
2024-12-06 19:53:35,515 [INFO]   - Normalized Cross-Correlation (Mean): 0.7787
2024-12-06 19:53:35,515 [INFO]   - Lag at Max NCC (Y): -28, (Z): -8
2024-12-06 19:53:35,525 [INFO] Similarity between 'ppo_naturecnn_single_rgb_obstacle_weather_rainandfog_positions.csv' and 'ppo_naturecnn_single_rgb_obstacle_weather_snowonly_positions.csv':
2024-12-06 19:53:35,525 [INFO]   - Cosine Similarity (Mean): 0.7825
2024-12-06 19:53:35,527 [INFO]   - Pearson Correlation (Mean): 0.3424
2024-12-06 19:53:35,527 [INFO]   - Normalized Cross-Correlation (Mean): 0.6353
2024-12-06 19:53:35,527 [INFO]   - Lag at Max NCC (Y): -50, (Z): 0
2024-12-06 19:53:35,979 [INFO] Cross-correlation plot saved as 'inference_outputs\RGB_PPO_NormalWeather_Variants\RGB_PPO_NormalWeather_Variants_cross_correlation_part1.png'.
2024-12-06 19:53:36,625 [INFO] Mean trajectories plotted and saved as 'inference_outputs\RGB_PPO_NormalWeather_Variants\RGB_PPO_NormalWeather_Variants_mean_trajectories.png'.
2024-12-06 19:53:36,631 [INFO] Similarity summary saved as 'inference_outputs\RGB_PPO_NormalWeather_Variants\RGB_PPO_NormalWeather_Variants_similarity_summary.csv'.
