2024-12-06 20:38:03,091 [INFO] Logging initialized for scenario: 'Depth_PPO_SnowOnly_Variants'
2024-12-06 20:38:03,091 [INFO] Received command-line arguments: Scenario='Depth_PPO_SnowOnly_Variants', Filenames=['D:\\Masters\\Sem5\\uavRL\\inference_outputs\\Trajectories\\SnowOnly\\ppo_naturecnn_depth_SnowOnly\\ppo_naturecnn_depth_SnowOnly_positions.csv', 'D:\\Masters\\Sem5\\uavRL\\inference_outputs\\Trajectories\\SnowOnly\\ppo_naturecnn_depth_obstacle_weather_leavesfalling_SnowOnly\\ppo_naturecnn_depth_obstacle_weather_leavesfalling_SnowOnly_positions.csv', 'D:\\Masters\\Sem5\\uavRL\\inference_outputs\\Trajectories\\SnowOnly\\ppo_naturecnn_depth_obstacle_weather_rainandfog_SnowOnly\\ppo_naturecnn_depth_obstacle_weather_rainandfog_SnowOnly_positions.csv', 'D:\\Masters\\Sem5\\uavRL\\inference_outputs\\Trajectories\\SnowOnly\\ppo_naturecnn_depth_obstacle_weather_snowonly_SnowOnly\\ppo_naturecnn_depth_obstacle_weather_snowonly_SnowOnly_positions.csv']
2024-12-06 20:38:03,092 [INFO] Starting to plot multiple mean trajectories.
2024-12-06 20:38:03,222 [INFO] Successfully read 'D:\Masters\Sem5\uavRL\inference_outputs\Trajectories\SnowOnly\ppo_naturecnn_depth_SnowOnly\ppo_naturecnn_depth_SnowOnly_positions.csv'.
2024-12-06 20:38:03,223 [INFO] Episode 1 in 'D:\Masters\Sem5\uavRL\inference_outputs\Trajectories\SnowOnly\ppo_naturecnn_depth_SnowOnly\ppo_naturecnn_depth_SnowOnly_positions.csv' did not travel at least 9 meters. Skipping.
2024-12-06 20:38:03,223 [INFO] Episode 2 in 'D:\Masters\Sem5\uavRL\inference_outputs\Trajectories\SnowOnly\ppo_naturecnn_depth_SnowOnly\ppo_naturecnn_depth_SnowOnly_positions.csv' did not travel at least 9 meters. Skipping.
2024-12-06 20:38:03,225 [INFO] Episode 4 in 'D:\Masters\Sem5\uavRL\inference_outputs\Trajectories\SnowOnly\ppo_naturecnn_depth_SnowOnly\ppo_naturecnn_depth_SnowOnly_positions.csv' did not travel at least 9 meters. Skipping.
2024-12-06 20:38:03,225 [INFO] Episode 7 in 'D:\Masters\Sem5\uavRL\inference_outputs\Trajectories\SnowOnly\ppo_naturecnn_depth_SnowOnly\ppo_naturecnn_depth_SnowOnly_positions.csv' did not travel at least 9 meters. Skipping.
2024-12-06 20:38:03,226 [INFO] Episode 8 in 'D:\Masters\Sem5\uavRL\inference_outputs\Trajectories\SnowOnly\ppo_naturecnn_depth_SnowOnly\ppo_naturecnn_depth_SnowOnly_positions.csv' did not travel at least 9 meters. Skipping.
2024-12-06 20:38:03,226 [INFO] Episode 9 in 'D:\Masters\Sem5\uavRL\inference_outputs\Trajectories\SnowOnly\ppo_naturecnn_depth_SnowOnly\ppo_naturecnn_depth_SnowOnly_positions.csv' did not travel at least 9 meters. Skipping.
2024-12-06 20:38:03,228 [INFO] Episode 11 in 'D:\Masters\Sem5\uavRL\inference_outputs\Trajectories\SnowOnly\ppo_naturecnn_depth_SnowOnly\ppo_naturecnn_depth_SnowOnly_positions.csv' did not travel at least 9 meters. Skipping.
2024-12-06 20:38:03,229 [INFO] Episode 14 in 'D:\Masters\Sem5\uavRL\inference_outputs\Trajectories\SnowOnly\ppo_naturecnn_depth_SnowOnly\ppo_naturecnn_depth_SnowOnly_positions.csv' did not travel at least 9 meters. Skipping.
2024-12-06 20:38:03,229 [INFO] Episode 15 in 'D:\Masters\Sem5\uavRL\inference_outputs\Trajectories\SnowOnly\ppo_naturecnn_depth_SnowOnly\ppo_naturecnn_depth_SnowOnly_positions.csv' did not travel at least 9 meters. Skipping.
2024-12-06 20:38:03,230 [INFO] Episode 16 in 'D:\Masters\Sem5\uavRL\inference_outputs\Trajectories\SnowOnly\ppo_naturecnn_depth_SnowOnly\ppo_naturecnn_depth_SnowOnly_positions.csv' did not travel at least 9 meters. Skipping.
2024-12-06 20:38:03,231 [INFO] Episode 19 in 'D:\Masters\Sem5\uavRL\inference_outputs\Trajectories\SnowOnly\ppo_naturecnn_depth_SnowOnly\ppo_naturecnn_depth_SnowOnly_positions.csv' did not travel at least 9 meters. Skipping.
2024-12-06 20:38:03,233 [INFO] Episode 21 in 'D:\Masters\Sem5\uavRL\inference_outputs\Trajectories\SnowOnly\ppo_naturecnn_depth_SnowOnly\ppo_naturecnn_depth_SnowOnly_positions.csv' did not travel at least 9 meters. Skipping.
2024-12-06 20:38:03,235 [INFO] Episode 23 in 'D:\Masters\Sem5\uavRL\inference_outputs\Trajectories\SnowOnly\ppo_naturecnn_depth_SnowOnly\ppo_naturecnn_depth_SnowOnly_positions.csv' did not travel at least 9 meters. Skipping.
2024-12-06 20:38:03,236 [INFO] Episode 26 in 'D:\Masters\Sem5\uavRL\inference_outputs\Trajectories\SnowOnly\ppo_naturecnn_depth_SnowOnly\ppo_naturecnn_depth_SnowOnly_positions.csv' did not travel at least 9 meters. Skipping.
2024-12-06 20:38:03,236 [INFO] Episode 28 in 'D:\Masters\Sem5\uavRL\inference_outputs\Trajectories\SnowOnly\ppo_naturecnn_depth_SnowOnly\ppo_naturecnn_depth_SnowOnly_positions.csv' did not travel at least 9 meters. Skipping.
2024-12-06 20:38:03,238 [INFO] Episode 34 in 'D:\Masters\Sem5\uavRL\inference_outputs\Trajectories\SnowOnly\ppo_naturecnn_depth_SnowOnly\ppo_naturecnn_depth_SnowOnly_positions.csv' did not travel at least 9 meters. Skipping.
2024-12-06 20:38:03,239 [INFO] Episode 36 in 'D:\Masters\Sem5\uavRL\inference_outputs\Trajectories\SnowOnly\ppo_naturecnn_depth_SnowOnly\ppo_naturecnn_depth_SnowOnly_positions.csv' did not travel at least 9 meters. Skipping.
2024-12-06 20:38:03,240 [INFO] Episode 37 in 'D:\Masters\Sem5\uavRL\inference_outputs\Trajectories\SnowOnly\ppo_naturecnn_depth_SnowOnly\ppo_naturecnn_depth_SnowOnly_positions.csv' did not travel at least 9 meters. Skipping.
2024-12-06 20:38:03,241 [INFO] Episode 38 in 'D:\Masters\Sem5\uavRL\inference_outputs\Trajectories\SnowOnly\ppo_naturecnn_depth_SnowOnly\ppo_naturecnn_depth_SnowOnly_positions.csv' did not travel at least 9 meters. Skipping.
2024-12-06 20:38:03,242 [INFO] Episode 40 in 'D:\Masters\Sem5\uavRL\inference_outputs\Trajectories\SnowOnly\ppo_naturecnn_depth_SnowOnly\ppo_naturecnn_depth_SnowOnly_positions.csv' did not travel at least 9 meters. Skipping.
2024-12-06 20:38:03,243 [INFO] Episode 41 in 'D:\Masters\Sem5\uavRL\inference_outputs\Trajectories\SnowOnly\ppo_naturecnn_depth_SnowOnly\ppo_naturecnn_depth_SnowOnly_positions.csv' did not travel at least 9 meters. Skipping.
2024-12-06 20:38:03,243 [INFO] Episode 42 in 'D:\Masters\Sem5\uavRL\inference_outputs\Trajectories\SnowOnly\ppo_naturecnn_depth_SnowOnly\ppo_naturecnn_depth_SnowOnly_positions.csv' did not travel at least 9 meters. Skipping.
2024-12-06 20:38:03,245 [INFO] Episode 43 in 'D:\Masters\Sem5\uavRL\inference_outputs\Trajectories\SnowOnly\ppo_naturecnn_depth_SnowOnly\ppo_naturecnn_depth_SnowOnly_positions.csv' did not travel at least 9 meters. Skipping.
2024-12-06 20:38:03,245 [INFO] Episode 44 in 'D:\Masters\Sem5\uavRL\inference_outputs\Trajectories\SnowOnly\ppo_naturecnn_depth_SnowOnly\ppo_naturecnn_depth_SnowOnly_positions.csv' did not travel at least 9 meters. Skipping.
2024-12-06 20:38:03,245 [INFO] Episode 45 in 'D:\Masters\Sem5\uavRL\inference_outputs\Trajectories\SnowOnly\ppo_naturecnn_depth_SnowOnly\ppo_naturecnn_depth_SnowOnly_positions.csv' did not travel at least 9 meters. Skipping.
2024-12-06 20:38:03,246 [INFO] Episode 46 in 'D:\Masters\Sem5\uavRL\inference_outputs\Trajectories\SnowOnly\ppo_naturecnn_depth_SnowOnly\ppo_naturecnn_depth_SnowOnly_positions.csv' did not travel at least 9 meters. Skipping.
2024-12-06 20:38:03,248 [INFO] Episode 49 in 'D:\Masters\Sem5\uavRL\inference_outputs\Trajectories\SnowOnly\ppo_naturecnn_depth_SnowOnly\ppo_naturecnn_depth_SnowOnly_positions.csv' did not travel at least 9 meters. Skipping.
2024-12-06 20:38:03,248 [INFO] Episode 50 in 'D:\Masters\Sem5\uavRL\inference_outputs\Trajectories\SnowOnly\ppo_naturecnn_depth_SnowOnly\ppo_naturecnn_depth_SnowOnly_positions.csv' did not travel at least 9 meters. Skipping.
2024-12-06 20:38:03,250 [INFO] Episode 55 in 'D:\Masters\Sem5\uavRL\inference_outputs\Trajectories\SnowOnly\ppo_naturecnn_depth_SnowOnly\ppo_naturecnn_depth_SnowOnly_positions.csv' did not travel at least 9 meters. Skipping.
2024-12-06 20:38:03,250 [INFO] Episode 56 in 'D:\Masters\Sem5\uavRL\inference_outputs\Trajectories\SnowOnly\ppo_naturecnn_depth_SnowOnly\ppo_naturecnn_depth_SnowOnly_positions.csv' did not travel at least 9 meters. Skipping.
2024-12-06 20:38:03,251 [INFO] Episode 58 in 'D:\Masters\Sem5\uavRL\inference_outputs\Trajectories\SnowOnly\ppo_naturecnn_depth_SnowOnly\ppo_naturecnn_depth_SnowOnly_positions.csv' did not travel at least 9 meters. Skipping.
2024-12-06 20:38:03,252 [INFO] Episode 60 in 'D:\Masters\Sem5\uavRL\inference_outputs\Trajectories\SnowOnly\ppo_naturecnn_depth_SnowOnly\ppo_naturecnn_depth_SnowOnly_positions.csv' did not travel at least 9 meters. Skipping.
2024-12-06 20:38:03,252 [INFO] Episode 61 in 'D:\Masters\Sem5\uavRL\inference_outputs\Trajectories\SnowOnly\ppo_naturecnn_depth_SnowOnly\ppo_naturecnn_depth_SnowOnly_positions.csv' did not travel at least 9 meters. Skipping.
2024-12-06 20:38:03,253 [INFO] Episode 62 in 'D:\Masters\Sem5\uavRL\inference_outputs\Trajectories\SnowOnly\ppo_naturecnn_depth_SnowOnly\ppo_naturecnn_depth_SnowOnly_positions.csv' did not travel at least 9 meters. Skipping.
2024-12-06 20:38:03,254 [INFO] Episode 66 in 'D:\Masters\Sem5\uavRL\inference_outputs\Trajectories\SnowOnly\ppo_naturecnn_depth_SnowOnly\ppo_naturecnn_depth_SnowOnly_positions.csv' did not travel at least 9 meters. Skipping.
2024-12-06 20:38:03,254 [INFO] Episode 67 in 'D:\Masters\Sem5\uavRL\inference_outputs\Trajectories\SnowOnly\ppo_naturecnn_depth_SnowOnly\ppo_naturecnn_depth_SnowOnly_positions.csv' did not travel at least 9 meters. Skipping.
2024-12-06 20:38:03,256 [INFO] Episode 70 in 'D:\Masters\Sem5\uavRL\inference_outputs\Trajectories\SnowOnly\ppo_naturecnn_depth_SnowOnly\ppo_naturecnn_depth_SnowOnly_positions.csv' did not travel at least 9 meters. Skipping.
2024-12-06 20:38:03,256 [INFO] Episode 71 in 'D:\Masters\Sem5\uavRL\inference_outputs\Trajectories\SnowOnly\ppo_naturecnn_depth_SnowOnly\ppo_naturecnn_depth_SnowOnly_positions.csv' did not travel at least 9 meters. Skipping.
2024-12-06 20:38:03,258 [INFO] Episode 75 in 'D:\Masters\Sem5\uavRL\inference_outputs\Trajectories\SnowOnly\ppo_naturecnn_depth_SnowOnly\ppo_naturecnn_depth_SnowOnly_positions.csv' did not travel at least 9 meters. Skipping.
2024-12-06 20:38:03,262 [INFO] Episode 84 in 'D:\Masters\Sem5\uavRL\inference_outputs\Trajectories\SnowOnly\ppo_naturecnn_depth_SnowOnly\ppo_naturecnn_depth_SnowOnly_positions.csv' did not travel at least 9 meters. Skipping.
2024-12-06 20:38:03,262 [INFO] Episode 87 in 'D:\Masters\Sem5\uavRL\inference_outputs\Trajectories\SnowOnly\ppo_naturecnn_depth_SnowOnly\ppo_naturecnn_depth_SnowOnly_positions.csv' did not travel at least 9 meters. Skipping.
2024-12-06 20:38:03,263 [INFO] Episode 89 in 'D:\Masters\Sem5\uavRL\inference_outputs\Trajectories\SnowOnly\ppo_naturecnn_depth_SnowOnly\ppo_naturecnn_depth_SnowOnly_positions.csv' did not travel at least 9 meters. Skipping.
2024-12-06 20:38:03,264 [INFO] Episode 91 in 'D:\Masters\Sem5\uavRL\inference_outputs\Trajectories\SnowOnly\ppo_naturecnn_depth_SnowOnly\ppo_naturecnn_depth_SnowOnly_positions.csv' did not travel at least 9 meters. Skipping.
2024-12-06 20:38:03,265 [INFO] Episode 92 in 'D:\Masters\Sem5\uavRL\inference_outputs\Trajectories\SnowOnly\ppo_naturecnn_depth_SnowOnly\ppo_naturecnn_depth_SnowOnly_positions.csv' did not travel at least 9 meters. Skipping.
2024-12-06 20:38:03,266 [INFO] Episode 96 in 'D:\Masters\Sem5\uavRL\inference_outputs\Trajectories\SnowOnly\ppo_naturecnn_depth_SnowOnly\ppo_naturecnn_depth_SnowOnly_positions.csv' did not travel at least 9 meters. Skipping.
2024-12-06 20:38:03,267 [INFO] Episode 98 in 'D:\Masters\Sem5\uavRL\inference_outputs\Trajectories\SnowOnly\ppo_naturecnn_depth_SnowOnly\ppo_naturecnn_depth_SnowOnly_positions.csv' did not travel at least 9 meters. Skipping.
2024-12-06 20:38:03,267 [INFO] Episode 99 in 'D:\Masters\Sem5\uavRL\inference_outputs\Trajectories\SnowOnly\ppo_naturecnn_depth_SnowOnly\ppo_naturecnn_depth_SnowOnly_positions.csv' did not travel at least 9 meters. Skipping.
2024-12-06 20:38:03,269 [INFO] Episode 100 in 'D:\Masters\Sem5\uavRL\inference_outputs\Trajectories\SnowOnly\ppo_naturecnn_depth_SnowOnly\ppo_naturecnn_depth_SnowOnly_positions.csv' did not travel at least 9 meters. Skipping.
2024-12-06 20:38:03,285 [INFO] Successfully read 'D:\Masters\Sem5\uavRL\inference_outputs\Trajectories\SnowOnly\ppo_naturecnn_depth_obstacle_weather_leavesfalling_SnowOnly\ppo_naturecnn_depth_obstacle_weather_leavesfalling_SnowOnly_positions.csv'.
2024-12-06 20:38:03,289 [INFO] Episode 11 in 'D:\Masters\Sem5\uavRL\inference_outputs\Trajectories\SnowOnly\ppo_naturecnn_depth_obstacle_weather_leavesfalling_SnowOnly\ppo_naturecnn_depth_obstacle_weather_leavesfalling_SnowOnly_positions.csv' did not travel at least 9 meters. Skipping.
2024-12-06 20:38:03,290 [INFO] Episode 12 in 'D:\Masters\Sem5\uavRL\inference_outputs\Trajectories\SnowOnly\ppo_naturecnn_depth_obstacle_weather_leavesfalling_SnowOnly\ppo_naturecnn_depth_obstacle_weather_leavesfalling_SnowOnly_positions.csv' did not travel at least 9 meters. Skipping.
2024-12-06 20:38:03,291 [INFO] Episode 13 in 'D:\Masters\Sem5\uavRL\inference_outputs\Trajectories\SnowOnly\ppo_naturecnn_depth_obstacle_weather_leavesfalling_SnowOnly\ppo_naturecnn_depth_obstacle_weather_leavesfalling_SnowOnly_positions.csv' did not travel at least 9 meters. Skipping.
2024-12-06 20:38:03,293 [INFO] Episode 18 in 'D:\Masters\Sem5\uavRL\inference_outputs\Trajectories\SnowOnly\ppo_naturecnn_depth_obstacle_weather_leavesfalling_SnowOnly\ppo_naturecnn_depth_obstacle_weather_leavesfalling_SnowOnly_positions.csv' did not travel at least 9 meters. Skipping.
2024-12-06 20:38:03,298 [INFO] Episode 41 in 'D:\Masters\Sem5\uavRL\inference_outputs\Trajectories\SnowOnly\ppo_naturecnn_depth_obstacle_weather_leavesfalling_SnowOnly\ppo_naturecnn_depth_obstacle_weather_leavesfalling_SnowOnly_positions.csv' did not travel at least 9 meters. Skipping.
2024-12-06 20:38:03,301 [INFO] Episode 45 in 'D:\Masters\Sem5\uavRL\inference_outputs\Trajectories\SnowOnly\ppo_naturecnn_depth_obstacle_weather_leavesfalling_SnowOnly\ppo_naturecnn_depth_obstacle_weather_leavesfalling_SnowOnly_positions.csv' did not travel at least 9 meters. Skipping.
2024-12-06 20:38:03,302 [INFO] Episode 47 in 'D:\Masters\Sem5\uavRL\inference_outputs\Trajectories\SnowOnly\ppo_naturecnn_depth_obstacle_weather_leavesfalling_SnowOnly\ppo_naturecnn_depth_obstacle_weather_leavesfalling_SnowOnly_positions.csv' did not travel at least 9 meters. Skipping.
2024-12-06 20:38:03,304 [INFO] Episode 49 in 'D:\Masters\Sem5\uavRL\inference_outputs\Trajectories\SnowOnly\ppo_naturecnn_depth_obstacle_weather_leavesfalling_SnowOnly\ppo_naturecnn_depth_obstacle_weather_leavesfalling_SnowOnly_positions.csv' did not travel at least 9 meters. Skipping.
2024-12-06 20:38:03,308 [INFO] Episode 54 in 'D:\Masters\Sem5\uavRL\inference_outputs\Trajectories\SnowOnly\ppo_naturecnn_depth_obstacle_weather_leavesfalling_SnowOnly\ppo_naturecnn_depth_obstacle_weather_leavesfalling_SnowOnly_positions.csv' did not travel at least 9 meters. Skipping.
2024-12-06 20:38:03,311 [INFO] Episode 59 in 'D:\Masters\Sem5\uavRL\inference_outputs\Trajectories\SnowOnly\ppo_naturecnn_depth_obstacle_weather_leavesfalling_SnowOnly\ppo_naturecnn_depth_obstacle_weather_leavesfalling_SnowOnly_positions.csv' did not travel at least 9 meters. Skipping.
2024-12-06 20:38:03,313 [INFO] Episode 63 in 'D:\Masters\Sem5\uavRL\inference_outputs\Trajectories\SnowOnly\ppo_naturecnn_depth_obstacle_weather_leavesfalling_SnowOnly\ppo_naturecnn_depth_obstacle_weather_leavesfalling_SnowOnly_positions.csv' did not travel at least 9 meters. Skipping.
2024-12-06 20:38:03,319 [INFO] Episode 84 in 'D:\Masters\Sem5\uavRL\inference_outputs\Trajectories\SnowOnly\ppo_naturecnn_depth_obstacle_weather_leavesfalling_SnowOnly\ppo_naturecnn_depth_obstacle_weather_leavesfalling_SnowOnly_positions.csv' did not travel at least 9 meters. Skipping.
2024-12-06 20:38:03,320 [INFO] Episode 87 in 'D:\Masters\Sem5\uavRL\inference_outputs\Trajectories\SnowOnly\ppo_naturecnn_depth_obstacle_weather_leavesfalling_SnowOnly\ppo_naturecnn_depth_obstacle_weather_leavesfalling_SnowOnly_positions.csv' did not travel at least 9 meters. Skipping.
2024-12-06 20:38:03,324 [INFO] Episode 96 in 'D:\Masters\Sem5\uavRL\inference_outputs\Trajectories\SnowOnly\ppo_naturecnn_depth_obstacle_weather_leavesfalling_SnowOnly\ppo_naturecnn_depth_obstacle_weather_leavesfalling_SnowOnly_positions.csv' did not travel at least 9 meters. Skipping.
2024-12-06 20:38:03,342 [INFO] Successfully read 'D:\Masters\Sem5\uavRL\inference_outputs\Trajectories\SnowOnly\ppo_naturecnn_depth_obstacle_weather_rainandfog_SnowOnly\ppo_naturecnn_depth_obstacle_weather_rainandfog_SnowOnly_positions.csv'.
2024-12-06 20:38:03,345 [INFO] Episode 6 in 'D:\Masters\Sem5\uavRL\inference_outputs\Trajectories\SnowOnly\ppo_naturecnn_depth_obstacle_weather_rainandfog_SnowOnly\ppo_naturecnn_depth_obstacle_weather_rainandfog_SnowOnly_positions.csv' did not travel at least 9 meters. Skipping.
2024-12-06 20:38:03,347 [INFO] Episode 15 in 'D:\Masters\Sem5\uavRL\inference_outputs\Trajectories\SnowOnly\ppo_naturecnn_depth_obstacle_weather_rainandfog_SnowOnly\ppo_naturecnn_depth_obstacle_weather_rainandfog_SnowOnly_positions.csv' did not travel at least 9 meters. Skipping.
2024-12-06 20:38:03,349 [INFO] Episode 19 in 'D:\Masters\Sem5\uavRL\inference_outputs\Trajectories\SnowOnly\ppo_naturecnn_depth_obstacle_weather_rainandfog_SnowOnly\ppo_naturecnn_depth_obstacle_weather_rainandfog_SnowOnly_positions.csv' did not travel at least 9 meters. Skipping.
2024-12-06 20:38:03,352 [INFO] Episode 25 in 'D:\Masters\Sem5\uavRL\inference_outputs\Trajectories\SnowOnly\ppo_naturecnn_depth_obstacle_weather_rainandfog_SnowOnly\ppo_naturecnn_depth_obstacle_weather_rainandfog_SnowOnly_positions.csv' did not travel at least 9 meters. Skipping.
2024-12-06 20:38:03,353 [INFO] Episode 28 in 'D:\Masters\Sem5\uavRL\inference_outputs\Trajectories\SnowOnly\ppo_naturecnn_depth_obstacle_weather_rainandfog_SnowOnly\ppo_naturecnn_depth_obstacle_weather_rainandfog_SnowOnly_positions.csv' did not travel at least 9 meters. Skipping.
2024-12-06 20:38:03,355 [INFO] Episode 35 in 'D:\Masters\Sem5\uavRL\inference_outputs\Trajectories\SnowOnly\ppo_naturecnn_depth_obstacle_weather_rainandfog_SnowOnly\ppo_naturecnn_depth_obstacle_weather_rainandfog_SnowOnly_positions.csv' did not travel at least 9 meters. Skipping.
2024-12-06 20:38:03,358 [INFO] Episode 43 in 'D:\Masters\Sem5\uavRL\inference_outputs\Trajectories\SnowOnly\ppo_naturecnn_depth_obstacle_weather_rainandfog_SnowOnly\ppo_naturecnn_depth_obstacle_weather_rainandfog_SnowOnly_positions.csv' did not travel at least 9 meters. Skipping.
2024-12-06 20:38:03,361 [INFO] Episode 51 in 'D:\Masters\Sem5\uavRL\inference_outputs\Trajectories\SnowOnly\ppo_naturecnn_depth_obstacle_weather_rainandfog_SnowOnly\ppo_naturecnn_depth_obstacle_weather_rainandfog_SnowOnly_positions.csv' did not travel at least 9 meters. Skipping.
2024-12-06 20:38:03,362 [INFO] Episode 52 in 'D:\Masters\Sem5\uavRL\inference_outputs\Trajectories\SnowOnly\ppo_naturecnn_depth_obstacle_weather_rainandfog_SnowOnly\ppo_naturecnn_depth_obstacle_weather_rainandfog_SnowOnly_positions.csv' did not travel at least 9 meters. Skipping.
2024-12-06 20:38:03,364 [INFO] Episode 54 in 'D:\Masters\Sem5\uavRL\inference_outputs\Trajectories\SnowOnly\ppo_naturecnn_depth_obstacle_weather_rainandfog_SnowOnly\ppo_naturecnn_depth_obstacle_weather_rainandfog_SnowOnly_positions.csv' did not travel at least 9 meters. Skipping.
2024-12-06 20:38:03,369 [INFO] Episode 71 in 'D:\Masters\Sem5\uavRL\inference_outputs\Trajectories\SnowOnly\ppo_naturecnn_depth_obstacle_weather_rainandfog_SnowOnly\ppo_naturecnn_depth_obstacle_weather_rainandfog_SnowOnly_positions.csv' did not travel at least 9 meters. Skipping.
2024-12-06 20:38:03,429 [INFO] Successfully read 'D:\Masters\Sem5\uavRL\inference_outputs\Trajectories\SnowOnly\ppo_naturecnn_depth_obstacle_weather_snowonly_SnowOnly\ppo_naturecnn_depth_obstacle_weather_snowonly_SnowOnly_positions.csv'.
2024-12-06 20:38:03,432 [INFO] Episode 5 in 'D:\Masters\Sem5\uavRL\inference_outputs\Trajectories\SnowOnly\ppo_naturecnn_depth_obstacle_weather_snowonly_SnowOnly\ppo_naturecnn_depth_obstacle_weather_snowonly_SnowOnly_positions.csv' did not travel at least 9 meters. Skipping.
2024-12-06 20:38:03,433 [INFO] Episode 6 in 'D:\Masters\Sem5\uavRL\inference_outputs\Trajectories\SnowOnly\ppo_naturecnn_depth_obstacle_weather_snowonly_SnowOnly\ppo_naturecnn_depth_obstacle_weather_snowonly_SnowOnly_positions.csv' did not travel at least 9 meters. Skipping.
2024-12-06 20:38:03,435 [INFO] Episode 14 in 'D:\Masters\Sem5\uavRL\inference_outputs\Trajectories\SnowOnly\ppo_naturecnn_depth_obstacle_weather_snowonly_SnowOnly\ppo_naturecnn_depth_obstacle_weather_snowonly_SnowOnly_positions.csv' did not travel at least 9 meters. Skipping.
2024-12-06 20:38:03,436 [INFO] Episode 16 in 'D:\Masters\Sem5\uavRL\inference_outputs\Trajectories\SnowOnly\ppo_naturecnn_depth_obstacle_weather_snowonly_SnowOnly\ppo_naturecnn_depth_obstacle_weather_snowonly_SnowOnly_positions.csv' did not travel at least 9 meters. Skipping.
2024-12-06 20:38:03,436 [INFO] Episode 18 in 'D:\Masters\Sem5\uavRL\inference_outputs\Trajectories\SnowOnly\ppo_naturecnn_depth_obstacle_weather_snowonly_SnowOnly\ppo_naturecnn_depth_obstacle_weather_snowonly_SnowOnly_positions.csv' did not travel at least 9 meters. Skipping.
2024-12-06 20:38:03,438 [INFO] Episode 20 in 'D:\Masters\Sem5\uavRL\inference_outputs\Trajectories\SnowOnly\ppo_naturecnn_depth_obstacle_weather_snowonly_SnowOnly\ppo_naturecnn_depth_obstacle_weather_snowonly_SnowOnly_positions.csv' did not travel at least 9 meters. Skipping.
2024-12-06 20:38:03,440 [INFO] Episode 26 in 'D:\Masters\Sem5\uavRL\inference_outputs\Trajectories\SnowOnly\ppo_naturecnn_depth_obstacle_weather_snowonly_SnowOnly\ppo_naturecnn_depth_obstacle_weather_snowonly_SnowOnly_positions.csv' did not travel at least 9 meters. Skipping.
2024-12-06 20:38:03,441 [INFO] Episode 27 in 'D:\Masters\Sem5\uavRL\inference_outputs\Trajectories\SnowOnly\ppo_naturecnn_depth_obstacle_weather_snowonly_SnowOnly\ppo_naturecnn_depth_obstacle_weather_snowonly_SnowOnly_positions.csv' did not travel at least 9 meters. Skipping.
2024-12-06 20:38:03,443 [INFO] Episode 32 in 'D:\Masters\Sem5\uavRL\inference_outputs\Trajectories\SnowOnly\ppo_naturecnn_depth_obstacle_weather_snowonly_SnowOnly\ppo_naturecnn_depth_obstacle_weather_snowonly_SnowOnly_positions.csv' did not travel at least 9 meters. Skipping.
2024-12-06 20:38:03,448 [INFO] Episode 48 in 'D:\Masters\Sem5\uavRL\inference_outputs\Trajectories\SnowOnly\ppo_naturecnn_depth_obstacle_weather_snowonly_SnowOnly\ppo_naturecnn_depth_obstacle_weather_snowonly_SnowOnly_positions.csv' did not travel at least 9 meters. Skipping.
2024-12-06 20:38:03,450 [INFO] Episode 50 in 'D:\Masters\Sem5\uavRL\inference_outputs\Trajectories\SnowOnly\ppo_naturecnn_depth_obstacle_weather_snowonly_SnowOnly\ppo_naturecnn_depth_obstacle_weather_snowonly_SnowOnly_positions.csv' did not travel at least 9 meters. Skipping.
2024-12-06 20:38:03,451 [INFO] Episode 51 in 'D:\Masters\Sem5\uavRL\inference_outputs\Trajectories\SnowOnly\ppo_naturecnn_depth_obstacle_weather_snowonly_SnowOnly\ppo_naturecnn_depth_obstacle_weather_snowonly_SnowOnly_positions.csv' did not travel at least 9 meters. Skipping.
2024-12-06 20:38:03,457 [INFO] Episode 67 in 'D:\Masters\Sem5\uavRL\inference_outputs\Trajectories\SnowOnly\ppo_naturecnn_depth_obstacle_weather_snowonly_SnowOnly\ppo_naturecnn_depth_obstacle_weather_snowonly_SnowOnly_positions.csv' did not travel at least 9 meters. Skipping.
2024-12-06 20:38:03,459 [INFO] Episode 70 in 'D:\Masters\Sem5\uavRL\inference_outputs\Trajectories\SnowOnly\ppo_naturecnn_depth_obstacle_weather_snowonly_SnowOnly\ppo_naturecnn_depth_obstacle_weather_snowonly_SnowOnly_positions.csv' did not travel at least 9 meters. Skipping.
2024-12-06 20:38:03,462 [INFO] Episode 74 in 'D:\Masters\Sem5\uavRL\inference_outputs\Trajectories\SnowOnly\ppo_naturecnn_depth_obstacle_weather_snowonly_SnowOnly\ppo_naturecnn_depth_obstacle_weather_snowonly_SnowOnly_positions.csv' did not travel at least 9 meters. Skipping.
2024-12-06 20:38:03,463 [INFO] Episode 76 in 'D:\Masters\Sem5\uavRL\inference_outputs\Trajectories\SnowOnly\ppo_naturecnn_depth_obstacle_weather_snowonly_SnowOnly\ppo_naturecnn_depth_obstacle_weather_snowonly_SnowOnly_positions.csv' did not travel at least 9 meters. Skipping.
2024-12-06 20:38:03,464 [INFO] Episode 77 in 'D:\Masters\Sem5\uavRL\inference_outputs\Trajectories\SnowOnly\ppo_naturecnn_depth_obstacle_weather_snowonly_SnowOnly\ppo_naturecnn_depth_obstacle_weather_snowonly_SnowOnly_positions.csv' did not travel at least 9 meters. Skipping.
2024-12-06 20:38:03,465 [INFO] Episode 80 in 'D:\Masters\Sem5\uavRL\inference_outputs\Trajectories\SnowOnly\ppo_naturecnn_depth_obstacle_weather_snowonly_SnowOnly\ppo_naturecnn_depth_obstacle_weather_snowonly_SnowOnly_positions.csv' did not travel at least 9 meters. Skipping.
2024-12-06 20:38:03,466 [INFO] Episode 81 in 'D:\Masters\Sem5\uavRL\inference_outputs\Trajectories\SnowOnly\ppo_naturecnn_depth_obstacle_weather_snowonly_SnowOnly\ppo_naturecnn_depth_obstacle_weather_snowonly_SnowOnly_positions.csv' did not travel at least 9 meters. Skipping.
2024-12-06 20:38:03,468 [INFO] Episode 84 in 'D:\Masters\Sem5\uavRL\inference_outputs\Trajectories\SnowOnly\ppo_naturecnn_depth_obstacle_weather_snowonly_SnowOnly\ppo_naturecnn_depth_obstacle_weather_snowonly_SnowOnly_positions.csv' did not travel at least 9 meters. Skipping.
2024-12-06 20:38:03,470 [INFO] Episode 91 in 'D:\Masters\Sem5\uavRL\inference_outputs\Trajectories\SnowOnly\ppo_naturecnn_depth_obstacle_weather_snowonly_SnowOnly\ppo_naturecnn_depth_obstacle_weather_snowonly_SnowOnly_positions.csv' did not travel at least 9 meters. Skipping.
2024-12-06 20:38:03,471 [INFO] Episode 92 in 'D:\Masters\Sem5\uavRL\inference_outputs\Trajectories\SnowOnly\ppo_naturecnn_depth_obstacle_weather_snowonly_SnowOnly\ppo_naturecnn_depth_obstacle_weather_snowonly_SnowOnly_positions.csv' did not travel at least 9 meters. Skipping.
2024-12-06 20:38:03,474 [INFO] Episode 99 in 'D:\Masters\Sem5\uavRL\inference_outputs\Trajectories\SnowOnly\ppo_naturecnn_depth_obstacle_weather_snowonly_SnowOnly\ppo_naturecnn_depth_obstacle_weather_snowonly_SnowOnly_positions.csv' did not travel at least 9 meters. Skipping.
2024-12-06 20:38:03,483 [INFO] Wall positions determined at: [3.7, 7.4, 11.100000000000001, 14.8, 18.5, 22.2]
2024-12-06 20:38:03,484 [INFO] Plotted mean trajectory from 'ppo_naturecnn_depth_SnowOnly_positions.csv' with color 'blue'.
2024-12-06 20:38:03,485 [INFO] Plotted mean trajectory from 'ppo_naturecnn_depth_obstacle_weather_leavesfalling_SnowOnly_positions.csv' with color 'green'.
2024-12-06 20:38:03,486 [INFO] Plotted mean trajectory from 'ppo_naturecnn_depth_obstacle_weather_rainandfog_SnowOnly_positions.csv' with color 'orange'.
2024-12-06 20:38:03,488 [INFO] Plotted mean trajectory from 'ppo_naturecnn_depth_obstacle_weather_snowonly_SnowOnly_positions.csv' with color 'purple'.
2024-12-06 20:38:03,539 [INFO] Added wall surface at X=3.7 with Trajectory Variations and Passages.
2024-12-06 20:38:03,597 [INFO] Added wall surface at X=7.4 with Trajectory Variations and Passages.
2024-12-06 20:38:03,655 [INFO] Added wall surface at X=11.100000000000001 with Trajectory Variations and Passages.
2024-12-06 20:38:03,717 [INFO] Added wall surface at X=14.8 with Trajectory Variations and Passages.
2024-12-06 20:38:03,778 [INFO] Added wall surface at X=18.5 with Trajectory Variations and Passages.
2024-12-06 20:38:03,780 [WARNING] No data near wall at X=22.2. Skipping hole creation.
2024-12-06 20:38:03,781 [INFO] Completed plotting walls and holes.
2024-12-06 20:38:03,958 [INFO] Similarity between 'ppo_naturecnn_depth_SnowOnly_positions.csv' and 'ppo_naturecnn_depth_obstacle_weather_leavesfalling_SnowOnly_positions.csv':
2024-12-06 20:38:03,958 [INFO]   - Cosine Similarity (Mean): 0.8564
2024-12-06 20:38:03,958 [INFO]   - Pearson Correlation (Mean): 0.6651
2024-12-06 20:38:03,959 [INFO]   - Normalized Cross-Correlation (Mean): 0.8274
2024-12-06 20:38:03,959 [INFO]   - Lag at Max NCC (Y): 0, (Z): -28
2024-12-06 20:38:03,967 [INFO] Similarity between 'ppo_naturecnn_depth_SnowOnly_positions.csv' and 'ppo_naturecnn_depth_obstacle_weather_rainandfog_SnowOnly_positions.csv':
2024-12-06 20:38:03,967 [INFO]   - Cosine Similarity (Mean): 0.9412
2024-12-06 20:38:03,967 [INFO]   - Pearson Correlation (Mean): 0.8079
2024-12-06 20:38:03,969 [INFO]   - Normalized Cross-Correlation (Mean): 0.8732
2024-12-06 20:38:03,969 [INFO]   - Lag at Max NCC (Y): 2, (Z): -15
2024-12-06 20:38:03,980 [INFO] Similarity between 'ppo_naturecnn_depth_SnowOnly_positions.csv' and 'ppo_naturecnn_depth_obstacle_weather_snowonly_SnowOnly_positions.csv':
2024-12-06 20:38:03,982 [INFO]   - Cosine Similarity (Mean): 0.9418
2024-12-06 20:38:03,982 [INFO]   - Pearson Correlation (Mean): 0.7973
2024-12-06 20:38:03,982 [INFO]   - Normalized Cross-Correlation (Mean): 0.8742
2024-12-06 20:38:03,982 [INFO]   - Lag at Max NCC (Y): 3, (Z): -15
2024-12-06 20:38:03,993 [INFO] Similarity between 'ppo_naturecnn_depth_obstacle_weather_leavesfalling_SnowOnly_positions.csv' and 'ppo_naturecnn_depth_obstacle_weather_rainandfog_SnowOnly_positions.csv':
2024-12-06 20:38:03,993 [INFO]   - Cosine Similarity (Mean): 0.9077
2024-12-06 20:38:03,993 [INFO]   - Pearson Correlation (Mean): 0.8410
2024-12-06 20:38:03,993 [INFO]   - Normalized Cross-Correlation (Mean): 0.8610
2024-12-06 20:38:03,993 [INFO]   - Lag at Max NCC (Y): 1, (Z): 9
2024-12-06 20:38:04,007 [INFO] Similarity between 'ppo_naturecnn_depth_obstacle_weather_leavesfalling_SnowOnly_positions.csv' and 'ppo_naturecnn_depth_obstacle_weather_snowonly_SnowOnly_positions.csv':
2024-12-06 20:38:04,007 [INFO]   - Cosine Similarity (Mean): 0.9089
2024-12-06 20:38:04,007 [INFO]   - Pearson Correlation (Mean): 0.8459
2024-12-06 20:38:04,008 [INFO]   - Normalized Cross-Correlation (Mean): 0.8759
2024-12-06 20:38:04,008 [INFO]   - Lag at Max NCC (Y): 0, (Z): 10
2024-12-06 20:38:04,019 [INFO] Similarity between 'ppo_naturecnn_depth_obstacle_weather_rainandfog_SnowOnly_positions.csv' and 'ppo_naturecnn_depth_obstacle_weather_snowonly_SnowOnly_positions.csv':
2024-12-06 20:38:04,019 [INFO]   - Cosine Similarity (Mean): 0.9898
2024-12-06 20:38:04,019 [INFO]   - Pearson Correlation (Mean): 0.9664
2024-12-06 20:38:04,019 [INFO]   - Normalized Cross-Correlation (Mean): 0.9664
2024-12-06 20:38:04,020 [INFO]   - Lag at Max NCC (Y): 0, (Z): 0
2024-12-06 20:38:04,492 [INFO] Cross-correlation plot saved as 'inference_outputs\Depth_PPO_SnowOnly_Variants\Depth_PPO_SnowOnly_Variants_cross_correlation_part1.png'.
2024-12-06 20:38:05,112 [INFO] Mean trajectories plotted and saved as 'inference_outputs\Depth_PPO_SnowOnly_Variants\Depth_PPO_SnowOnly_Variants_mean_trajectories.png'.
2024-12-06 20:38:05,119 [INFO] Similarity summary saved as 'inference_outputs\Depth_PPO_SnowOnly_Variants\Depth_PPO_SnowOnly_Variants_similarity_summary.csv'.
