2024-12-06 20:25:13,374 [INFO] Logging initialized for scenario: 'RGB_PPO_LeavesFalling_Variants'
2024-12-06 20:25:13,374 [INFO] Received command-line arguments: Scenario='RGB_PPO_LeavesFalling_Variants', Filenames=['D:\\Masters\\Sem5\\uavRL\\inference_outputs\\Trajectories\\LeavesFalling\\ppo_naturecnn_single_rgb_leavesFalling\\ppo_naturecnn_single_rgb_leavesFalling_positions.csv', 'D:\\Masters\\Sem5\\uavRL\\inference_outputs\\Trajectories\\LeavesFalling\\ppo_naturecnn_single_rgb_obstacle_weather_leavesfalling_leavesFalling\\ppo_naturecnn_single_rgb_obstacle_weather_leavesfalling_leavesFalling_positions.csv', 'D:\\Masters\\Sem5\\uavRL\\inference_outputs\\Trajectories\\LeavesFalling\\ppo_naturecnn_single_rgb_obstacle_weather_rainandfog_leavesFalling\\ppo_naturecnn_single_rgb_obstacle_weather_rainandfog_leavesFalling_positions.csv', 'D:\\Masters\\Sem5\\uavRL\\inference_outputs\\Trajectories\\LeavesFalling\\ppo_naturecnn_single_rgb_obstacle_weather_snowonly_leavesFalling\\ppo_naturecnn_single_rgb_obstacle_weather_snowonly_leavesFalling_positions.csv']
2024-12-06 20:25:13,374 [INFO] Starting to plot multiple mean trajectories.
2024-12-06 20:25:13,505 [INFO] Successfully read 'D:\Masters\Sem5\uavRL\inference_outputs\Trajectories\LeavesFalling\ppo_naturecnn_single_rgb_leavesFalling\ppo_naturecnn_single_rgb_leavesFalling_positions.csv'.
2024-12-06 20:25:13,505 [INFO] Episode 1 in 'D:\Masters\Sem5\uavRL\inference_outputs\Trajectories\LeavesFalling\ppo_naturecnn_single_rgb_leavesFalling\ppo_naturecnn_single_rgb_leavesFalling_positions.csv' did not travel at least 9 meters. Skipping.
2024-12-06 20:25:13,508 [INFO] Episode 6 in 'D:\Masters\Sem5\uavRL\inference_outputs\Trajectories\LeavesFalling\ppo_naturecnn_single_rgb_leavesFalling\ppo_naturecnn_single_rgb_leavesFalling_positions.csv' did not travel at least 9 meters. Skipping.
2024-12-06 20:25:13,509 [INFO] Episode 7 in 'D:\Masters\Sem5\uavRL\inference_outputs\Trajectories\LeavesFalling\ppo_naturecnn_single_rgb_leavesFalling\ppo_naturecnn_single_rgb_leavesFalling_positions.csv' did not travel at least 9 meters. Skipping.
2024-12-06 20:25:13,510 [INFO] Episode 8 in 'D:\Masters\Sem5\uavRL\inference_outputs\Trajectories\LeavesFalling\ppo_naturecnn_single_rgb_leavesFalling\ppo_naturecnn_single_rgb_leavesFalling_positions.csv' did not travel at least 9 meters. Skipping.
2024-12-06 20:25:13,511 [INFO] Episode 10 in 'D:\Masters\Sem5\uavRL\inference_outputs\Trajectories\LeavesFalling\ppo_naturecnn_single_rgb_leavesFalling\ppo_naturecnn_single_rgb_leavesFalling_positions.csv' did not travel at least 9 meters. Skipping.
2024-12-06 20:25:13,511 [INFO] Episode 11 in 'D:\Masters\Sem5\uavRL\inference_outputs\Trajectories\LeavesFalling\ppo_naturecnn_single_rgb_leavesFalling\ppo_naturecnn_single_rgb_leavesFalling_positions.csv' did not travel at least 9 meters. Skipping.
2024-12-06 20:25:13,512 [INFO] Episode 12 in 'D:\Masters\Sem5\uavRL\inference_outputs\Trajectories\LeavesFalling\ppo_naturecnn_single_rgb_leavesFalling\ppo_naturecnn_single_rgb_leavesFalling_positions.csv' did not travel at least 9 meters. Skipping.
2024-12-06 20:25:13,513 [INFO] Episode 15 in 'D:\Masters\Sem5\uavRL\inference_outputs\Trajectories\LeavesFalling\ppo_naturecnn_single_rgb_leavesFalling\ppo_naturecnn_single_rgb_leavesFalling_positions.csv' did not travel at least 9 meters. Skipping.
2024-12-06 20:25:13,513 [INFO] Episode 16 in 'D:\Masters\Sem5\uavRL\inference_outputs\Trajectories\LeavesFalling\ppo_naturecnn_single_rgb_leavesFalling\ppo_naturecnn_single_rgb_leavesFalling_positions.csv' did not travel at least 9 meters. Skipping.
2024-12-06 20:25:13,514 [INFO] Episode 17 in 'D:\Masters\Sem5\uavRL\inference_outputs\Trajectories\LeavesFalling\ppo_naturecnn_single_rgb_leavesFalling\ppo_naturecnn_single_rgb_leavesFalling_positions.csv' did not travel at least 9 meters. Skipping.
2024-12-06 20:25:13,515 [INFO] Episode 19 in 'D:\Masters\Sem5\uavRL\inference_outputs\Trajectories\LeavesFalling\ppo_naturecnn_single_rgb_leavesFalling\ppo_naturecnn_single_rgb_leavesFalling_positions.csv' did not travel at least 9 meters. Skipping.
2024-12-06 20:25:13,515 [INFO] Episode 20 in 'D:\Masters\Sem5\uavRL\inference_outputs\Trajectories\LeavesFalling\ppo_naturecnn_single_rgb_leavesFalling\ppo_naturecnn_single_rgb_leavesFalling_positions.csv' did not travel at least 9 meters. Skipping.
2024-12-06 20:25:13,518 [INFO] Episode 24 in 'D:\Masters\Sem5\uavRL\inference_outputs\Trajectories\LeavesFalling\ppo_naturecnn_single_rgb_leavesFalling\ppo_naturecnn_single_rgb_leavesFalling_positions.csv' did not travel at least 9 meters. Skipping.
2024-12-06 20:25:13,522 [INFO] Episode 29 in 'D:\Masters\Sem5\uavRL\inference_outputs\Trajectories\LeavesFalling\ppo_naturecnn_single_rgb_leavesFalling\ppo_naturecnn_single_rgb_leavesFalling_positions.csv' did not travel at least 9 meters. Skipping.
2024-12-06 20:25:13,523 [INFO] Episode 31 in 'D:\Masters\Sem5\uavRL\inference_outputs\Trajectories\LeavesFalling\ppo_naturecnn_single_rgb_leavesFalling\ppo_naturecnn_single_rgb_leavesFalling_positions.csv' did not travel at least 9 meters. Skipping.
2024-12-06 20:25:13,525 [INFO] Episode 33 in 'D:\Masters\Sem5\uavRL\inference_outputs\Trajectories\LeavesFalling\ppo_naturecnn_single_rgb_leavesFalling\ppo_naturecnn_single_rgb_leavesFalling_positions.csv' did not travel at least 9 meters. Skipping.
2024-12-06 20:25:13,526 [INFO] Episode 34 in 'D:\Masters\Sem5\uavRL\inference_outputs\Trajectories\LeavesFalling\ppo_naturecnn_single_rgb_leavesFalling\ppo_naturecnn_single_rgb_leavesFalling_positions.csv' did not travel at least 9 meters. Skipping.
2024-12-06 20:25:13,527 [INFO] Episode 36 in 'D:\Masters\Sem5\uavRL\inference_outputs\Trajectories\LeavesFalling\ppo_naturecnn_single_rgb_leavesFalling\ppo_naturecnn_single_rgb_leavesFalling_positions.csv' did not travel at least 9 meters. Skipping.
2024-12-06 20:25:13,527 [INFO] Episode 38 in 'D:\Masters\Sem5\uavRL\inference_outputs\Trajectories\LeavesFalling\ppo_naturecnn_single_rgb_leavesFalling\ppo_naturecnn_single_rgb_leavesFalling_positions.csv' did not travel at least 9 meters. Skipping.
2024-12-06 20:25:13,528 [INFO] Episode 40 in 'D:\Masters\Sem5\uavRL\inference_outputs\Trajectories\LeavesFalling\ppo_naturecnn_single_rgb_leavesFalling\ppo_naturecnn_single_rgb_leavesFalling_positions.csv' did not travel at least 9 meters. Skipping.
2024-12-06 20:25:13,530 [INFO] Episode 46 in 'D:\Masters\Sem5\uavRL\inference_outputs\Trajectories\LeavesFalling\ppo_naturecnn_single_rgb_leavesFalling\ppo_naturecnn_single_rgb_leavesFalling_positions.csv' did not travel at least 9 meters. Skipping.
2024-12-06 20:25:13,530 [INFO] Episode 47 in 'D:\Masters\Sem5\uavRL\inference_outputs\Trajectories\LeavesFalling\ppo_naturecnn_single_rgb_leavesFalling\ppo_naturecnn_single_rgb_leavesFalling_positions.csv' did not travel at least 9 meters. Skipping.
2024-12-06 20:25:13,532 [INFO] Episode 51 in 'D:\Masters\Sem5\uavRL\inference_outputs\Trajectories\LeavesFalling\ppo_naturecnn_single_rgb_leavesFalling\ppo_naturecnn_single_rgb_leavesFalling_positions.csv' did not travel at least 9 meters. Skipping.
2024-12-06 20:25:13,533 [INFO] Episode 57 in 'D:\Masters\Sem5\uavRL\inference_outputs\Trajectories\LeavesFalling\ppo_naturecnn_single_rgb_leavesFalling\ppo_naturecnn_single_rgb_leavesFalling_positions.csv' did not travel at least 9 meters. Skipping.
2024-12-06 20:25:13,535 [INFO] Episode 60 in 'D:\Masters\Sem5\uavRL\inference_outputs\Trajectories\LeavesFalling\ppo_naturecnn_single_rgb_leavesFalling\ppo_naturecnn_single_rgb_leavesFalling_positions.csv' did not travel at least 9 meters. Skipping.
2024-12-06 20:25:13,536 [INFO] Episode 62 in 'D:\Masters\Sem5\uavRL\inference_outputs\Trajectories\LeavesFalling\ppo_naturecnn_single_rgb_leavesFalling\ppo_naturecnn_single_rgb_leavesFalling_positions.csv' did not travel at least 9 meters. Skipping.
2024-12-06 20:25:13,536 [INFO] Episode 63 in 'D:\Masters\Sem5\uavRL\inference_outputs\Trajectories\LeavesFalling\ppo_naturecnn_single_rgb_leavesFalling\ppo_naturecnn_single_rgb_leavesFalling_positions.csv' did not travel at least 9 meters. Skipping.
2024-12-06 20:25:13,539 [INFO] Episode 66 in 'D:\Masters\Sem5\uavRL\inference_outputs\Trajectories\LeavesFalling\ppo_naturecnn_single_rgb_leavesFalling\ppo_naturecnn_single_rgb_leavesFalling_positions.csv' did not travel at least 9 meters. Skipping.
2024-12-06 20:25:13,539 [INFO] Episode 68 in 'D:\Masters\Sem5\uavRL\inference_outputs\Trajectories\LeavesFalling\ppo_naturecnn_single_rgb_leavesFalling\ppo_naturecnn_single_rgb_leavesFalling_positions.csv' did not travel at least 9 meters. Skipping.
2024-12-06 20:25:13,540 [INFO] Episode 69 in 'D:\Masters\Sem5\uavRL\inference_outputs\Trajectories\LeavesFalling\ppo_naturecnn_single_rgb_leavesFalling\ppo_naturecnn_single_rgb_leavesFalling_positions.csv' did not travel at least 9 meters. Skipping.
2024-12-06 20:25:13,541 [INFO] Episode 70 in 'D:\Masters\Sem5\uavRL\inference_outputs\Trajectories\LeavesFalling\ppo_naturecnn_single_rgb_leavesFalling\ppo_naturecnn_single_rgb_leavesFalling_positions.csv' did not travel at least 9 meters. Skipping.
2024-12-06 20:25:13,543 [INFO] Episode 76 in 'D:\Masters\Sem5\uavRL\inference_outputs\Trajectories\LeavesFalling\ppo_naturecnn_single_rgb_leavesFalling\ppo_naturecnn_single_rgb_leavesFalling_positions.csv' did not travel at least 9 meters. Skipping.
2024-12-06 20:25:13,544 [INFO] Episode 78 in 'D:\Masters\Sem5\uavRL\inference_outputs\Trajectories\LeavesFalling\ppo_naturecnn_single_rgb_leavesFalling\ppo_naturecnn_single_rgb_leavesFalling_positions.csv' did not travel at least 9 meters. Skipping.
2024-12-06 20:25:13,544 [INFO] Episode 80 in 'D:\Masters\Sem5\uavRL\inference_outputs\Trajectories\LeavesFalling\ppo_naturecnn_single_rgb_leavesFalling\ppo_naturecnn_single_rgb_leavesFalling_positions.csv' did not travel at least 9 meters. Skipping.
2024-12-06 20:25:13,545 [INFO] Episode 82 in 'D:\Masters\Sem5\uavRL\inference_outputs\Trajectories\LeavesFalling\ppo_naturecnn_single_rgb_leavesFalling\ppo_naturecnn_single_rgb_leavesFalling_positions.csv' did not travel at least 9 meters. Skipping.
2024-12-06 20:25:13,546 [INFO] Episode 83 in 'D:\Masters\Sem5\uavRL\inference_outputs\Trajectories\LeavesFalling\ppo_naturecnn_single_rgb_leavesFalling\ppo_naturecnn_single_rgb_leavesFalling_positions.csv' did not travel at least 9 meters. Skipping.
2024-12-06 20:25:13,546 [INFO] Episode 84 in 'D:\Masters\Sem5\uavRL\inference_outputs\Trajectories\LeavesFalling\ppo_naturecnn_single_rgb_leavesFalling\ppo_naturecnn_single_rgb_leavesFalling_positions.csv' did not travel at least 9 meters. Skipping.
2024-12-06 20:25:13,549 [INFO] Episode 97 in 'D:\Masters\Sem5\uavRL\inference_outputs\Trajectories\LeavesFalling\ppo_naturecnn_single_rgb_leavesFalling\ppo_naturecnn_single_rgb_leavesFalling_positions.csv' did not travel at least 9 meters. Skipping.
2024-12-06 20:25:13,562 [INFO] Successfully read 'D:\Masters\Sem5\uavRL\inference_outputs\Trajectories\LeavesFalling\ppo_naturecnn_single_rgb_obstacle_weather_leavesfalling_leavesFalling\ppo_naturecnn_single_rgb_obstacle_weather_leavesfalling_leavesFalling_positions.csv'.
2024-12-06 20:25:13,565 [INFO] Episode 1 in 'D:\Masters\Sem5\uavRL\inference_outputs\Trajectories\LeavesFalling\ppo_naturecnn_single_rgb_obstacle_weather_leavesfalling_leavesFalling\ppo_naturecnn_single_rgb_obstacle_weather_leavesfalling_leavesFalling_positions.csv' did not travel at least 9 meters. Skipping.
2024-12-06 20:25:13,566 [INFO] Episode 6 in 'D:\Masters\Sem5\uavRL\inference_outputs\Trajectories\LeavesFalling\ppo_naturecnn_single_rgb_obstacle_weather_leavesfalling_leavesFalling\ppo_naturecnn_single_rgb_obstacle_weather_leavesfalling_leavesFalling_positions.csv' did not travel at least 9 meters. Skipping.
2024-12-06 20:25:13,567 [INFO] Episode 10 in 'D:\Masters\Sem5\uavRL\inference_outputs\Trajectories\LeavesFalling\ppo_naturecnn_single_rgb_obstacle_weather_leavesfalling_leavesFalling\ppo_naturecnn_single_rgb_obstacle_weather_leavesfalling_leavesFalling_positions.csv' did not travel at least 9 meters. Skipping.
2024-12-06 20:25:13,568 [INFO] Episode 11 in 'D:\Masters\Sem5\uavRL\inference_outputs\Trajectories\LeavesFalling\ppo_naturecnn_single_rgb_obstacle_weather_leavesfalling_leavesFalling\ppo_naturecnn_single_rgb_obstacle_weather_leavesfalling_leavesFalling_positions.csv' did not travel at least 9 meters. Skipping.
2024-12-06 20:25:13,569 [INFO] Episode 15 in 'D:\Masters\Sem5\uavRL\inference_outputs\Trajectories\LeavesFalling\ppo_naturecnn_single_rgb_obstacle_weather_leavesfalling_leavesFalling\ppo_naturecnn_single_rgb_obstacle_weather_leavesfalling_leavesFalling_positions.csv' did not travel at least 9 meters. Skipping.
2024-12-06 20:25:13,571 [INFO] Episode 17 in 'D:\Masters\Sem5\uavRL\inference_outputs\Trajectories\LeavesFalling\ppo_naturecnn_single_rgb_obstacle_weather_leavesfalling_leavesFalling\ppo_naturecnn_single_rgb_obstacle_weather_leavesfalling_leavesFalling_positions.csv' did not travel at least 9 meters. Skipping.
2024-12-06 20:25:13,574 [INFO] Episode 29 in 'D:\Masters\Sem5\uavRL\inference_outputs\Trajectories\LeavesFalling\ppo_naturecnn_single_rgb_obstacle_weather_leavesfalling_leavesFalling\ppo_naturecnn_single_rgb_obstacle_weather_leavesfalling_leavesFalling_positions.csv' did not travel at least 9 meters. Skipping.
2024-12-06 20:25:13,577 [INFO] Episode 37 in 'D:\Masters\Sem5\uavRL\inference_outputs\Trajectories\LeavesFalling\ppo_naturecnn_single_rgb_obstacle_weather_leavesfalling_leavesFalling\ppo_naturecnn_single_rgb_obstacle_weather_leavesfalling_leavesFalling_positions.csv' did not travel at least 9 meters. Skipping.
2024-12-06 20:25:13,584 [INFO] Episode 62 in 'D:\Masters\Sem5\uavRL\inference_outputs\Trajectories\LeavesFalling\ppo_naturecnn_single_rgb_obstacle_weather_leavesfalling_leavesFalling\ppo_naturecnn_single_rgb_obstacle_weather_leavesfalling_leavesFalling_positions.csv' did not travel at least 9 meters. Skipping.
2024-12-06 20:25:13,585 [INFO] Episode 65 in 'D:\Masters\Sem5\uavRL\inference_outputs\Trajectories\LeavesFalling\ppo_naturecnn_single_rgb_obstacle_weather_leavesfalling_leavesFalling\ppo_naturecnn_single_rgb_obstacle_weather_leavesfalling_leavesFalling_positions.csv' did not travel at least 9 meters. Skipping.
2024-12-06 20:25:13,587 [INFO] Episode 70 in 'D:\Masters\Sem5\uavRL\inference_outputs\Trajectories\LeavesFalling\ppo_naturecnn_single_rgb_obstacle_weather_leavesfalling_leavesFalling\ppo_naturecnn_single_rgb_obstacle_weather_leavesfalling_leavesFalling_positions.csv' did not travel at least 9 meters. Skipping.
2024-12-06 20:25:13,587 [INFO] Episode 72 in 'D:\Masters\Sem5\uavRL\inference_outputs\Trajectories\LeavesFalling\ppo_naturecnn_single_rgb_obstacle_weather_leavesfalling_leavesFalling\ppo_naturecnn_single_rgb_obstacle_weather_leavesfalling_leavesFalling_positions.csv' did not travel at least 9 meters. Skipping.
2024-12-06 20:25:13,589 [INFO] Episode 74 in 'D:\Masters\Sem5\uavRL\inference_outputs\Trajectories\LeavesFalling\ppo_naturecnn_single_rgb_obstacle_weather_leavesfalling_leavesFalling\ppo_naturecnn_single_rgb_obstacle_weather_leavesfalling_leavesFalling_positions.csv' did not travel at least 9 meters. Skipping.
2024-12-06 20:25:13,590 [INFO] Episode 78 in 'D:\Masters\Sem5\uavRL\inference_outputs\Trajectories\LeavesFalling\ppo_naturecnn_single_rgb_obstacle_weather_leavesfalling_leavesFalling\ppo_naturecnn_single_rgb_obstacle_weather_leavesfalling_leavesFalling_positions.csv' did not travel at least 9 meters. Skipping.
2024-12-06 20:25:13,590 [INFO] Episode 80 in 'D:\Masters\Sem5\uavRL\inference_outputs\Trajectories\LeavesFalling\ppo_naturecnn_single_rgb_obstacle_weather_leavesfalling_leavesFalling\ppo_naturecnn_single_rgb_obstacle_weather_leavesfalling_leavesFalling_positions.csv' did not travel at least 9 meters. Skipping.
2024-12-06 20:25:13,591 [INFO] Episode 81 in 'D:\Masters\Sem5\uavRL\inference_outputs\Trajectories\LeavesFalling\ppo_naturecnn_single_rgb_obstacle_weather_leavesfalling_leavesFalling\ppo_naturecnn_single_rgb_obstacle_weather_leavesfalling_leavesFalling_positions.csv' did not travel at least 9 meters. Skipping.
2024-12-06 20:25:13,593 [INFO] Episode 83 in 'D:\Masters\Sem5\uavRL\inference_outputs\Trajectories\LeavesFalling\ppo_naturecnn_single_rgb_obstacle_weather_leavesfalling_leavesFalling\ppo_naturecnn_single_rgb_obstacle_weather_leavesfalling_leavesFalling_positions.csv' did not travel at least 9 meters. Skipping.
2024-12-06 20:25:13,593 [INFO] Episode 84 in 'D:\Masters\Sem5\uavRL\inference_outputs\Trajectories\LeavesFalling\ppo_naturecnn_single_rgb_obstacle_weather_leavesfalling_leavesFalling\ppo_naturecnn_single_rgb_obstacle_weather_leavesfalling_leavesFalling_positions.csv' did not travel at least 9 meters. Skipping.
2024-12-06 20:25:13,594 [INFO] Episode 87 in 'D:\Masters\Sem5\uavRL\inference_outputs\Trajectories\LeavesFalling\ppo_naturecnn_single_rgb_obstacle_weather_leavesfalling_leavesFalling\ppo_naturecnn_single_rgb_obstacle_weather_leavesfalling_leavesFalling_positions.csv' did not travel at least 9 meters. Skipping.
2024-12-06 20:25:13,608 [INFO] Successfully read 'D:\Masters\Sem5\uavRL\inference_outputs\Trajectories\LeavesFalling\ppo_naturecnn_single_rgb_obstacle_weather_rainandfog_leavesFalling\ppo_naturecnn_single_rgb_obstacle_weather_rainandfog_leavesFalling_positions.csv'.
2024-12-06 20:25:13,609 [INFO] Episode 1 in 'D:\Masters\Sem5\uavRL\inference_outputs\Trajectories\LeavesFalling\ppo_naturecnn_single_rgb_obstacle_weather_rainandfog_leavesFalling\ppo_naturecnn_single_rgb_obstacle_weather_rainandfog_leavesFalling_positions.csv' did not travel at least 9 meters. Skipping.
2024-12-06 20:25:13,610 [INFO] Episode 3 in 'D:\Masters\Sem5\uavRL\inference_outputs\Trajectories\LeavesFalling\ppo_naturecnn_single_rgb_obstacle_weather_rainandfog_leavesFalling\ppo_naturecnn_single_rgb_obstacle_weather_rainandfog_leavesFalling_positions.csv' did not travel at least 9 meters. Skipping.
2024-12-06 20:25:13,610 [INFO] Episode 6 in 'D:\Masters\Sem5\uavRL\inference_outputs\Trajectories\LeavesFalling\ppo_naturecnn_single_rgb_obstacle_weather_rainandfog_leavesFalling\ppo_naturecnn_single_rgb_obstacle_weather_rainandfog_leavesFalling_positions.csv' did not travel at least 9 meters. Skipping.
2024-12-06 20:25:13,612 [INFO] Episode 8 in 'D:\Masters\Sem5\uavRL\inference_outputs\Trajectories\LeavesFalling\ppo_naturecnn_single_rgb_obstacle_weather_rainandfog_leavesFalling\ppo_naturecnn_single_rgb_obstacle_weather_rainandfog_leavesFalling_positions.csv' did not travel at least 9 meters. Skipping.
2024-12-06 20:25:13,613 [INFO] Episode 10 in 'D:\Masters\Sem5\uavRL\inference_outputs\Trajectories\LeavesFalling\ppo_naturecnn_single_rgb_obstacle_weather_rainandfog_leavesFalling\ppo_naturecnn_single_rgb_obstacle_weather_rainandfog_leavesFalling_positions.csv' did not travel at least 9 meters. Skipping.
2024-12-06 20:25:13,613 [INFO] Episode 11 in 'D:\Masters\Sem5\uavRL\inference_outputs\Trajectories\LeavesFalling\ppo_naturecnn_single_rgb_obstacle_weather_rainandfog_leavesFalling\ppo_naturecnn_single_rgb_obstacle_weather_rainandfog_leavesFalling_positions.csv' did not travel at least 9 meters. Skipping.
2024-12-06 20:25:13,614 [INFO] Episode 13 in 'D:\Masters\Sem5\uavRL\inference_outputs\Trajectories\LeavesFalling\ppo_naturecnn_single_rgb_obstacle_weather_rainandfog_leavesFalling\ppo_naturecnn_single_rgb_obstacle_weather_rainandfog_leavesFalling_positions.csv' did not travel at least 9 meters. Skipping.
2024-12-06 20:25:13,614 [INFO] Episode 14 in 'D:\Masters\Sem5\uavRL\inference_outputs\Trajectories\LeavesFalling\ppo_naturecnn_single_rgb_obstacle_weather_rainandfog_leavesFalling\ppo_naturecnn_single_rgb_obstacle_weather_rainandfog_leavesFalling_positions.csv' did not travel at least 9 meters. Skipping.
2024-12-06 20:25:13,615 [INFO] Episode 15 in 'D:\Masters\Sem5\uavRL\inference_outputs\Trajectories\LeavesFalling\ppo_naturecnn_single_rgb_obstacle_weather_rainandfog_leavesFalling\ppo_naturecnn_single_rgb_obstacle_weather_rainandfog_leavesFalling_positions.csv' did not travel at least 9 meters. Skipping.
2024-12-06 20:25:13,615 [INFO] Episode 16 in 'D:\Masters\Sem5\uavRL\inference_outputs\Trajectories\LeavesFalling\ppo_naturecnn_single_rgb_obstacle_weather_rainandfog_leavesFalling\ppo_naturecnn_single_rgb_obstacle_weather_rainandfog_leavesFalling_positions.csv' did not travel at least 9 meters. Skipping.
2024-12-06 20:25:13,617 [INFO] Episode 17 in 'D:\Masters\Sem5\uavRL\inference_outputs\Trajectories\LeavesFalling\ppo_naturecnn_single_rgb_obstacle_weather_rainandfog_leavesFalling\ppo_naturecnn_single_rgb_obstacle_weather_rainandfog_leavesFalling_positions.csv' did not travel at least 9 meters. Skipping.
2024-12-06 20:25:13,617 [INFO] Episode 18 in 'D:\Masters\Sem5\uavRL\inference_outputs\Trajectories\LeavesFalling\ppo_naturecnn_single_rgb_obstacle_weather_rainandfog_leavesFalling\ppo_naturecnn_single_rgb_obstacle_weather_rainandfog_leavesFalling_positions.csv' did not travel at least 9 meters. Skipping.
2024-12-06 20:25:13,618 [INFO] Episode 19 in 'D:\Masters\Sem5\uavRL\inference_outputs\Trajectories\LeavesFalling\ppo_naturecnn_single_rgb_obstacle_weather_rainandfog_leavesFalling\ppo_naturecnn_single_rgb_obstacle_weather_rainandfog_leavesFalling_positions.csv' did not travel at least 9 meters. Skipping.
2024-12-06 20:25:13,618 [INFO] Episode 20 in 'D:\Masters\Sem5\uavRL\inference_outputs\Trajectories\LeavesFalling\ppo_naturecnn_single_rgb_obstacle_weather_rainandfog_leavesFalling\ppo_naturecnn_single_rgb_obstacle_weather_rainandfog_leavesFalling_positions.csv' did not travel at least 9 meters. Skipping.
2024-12-06 20:25:13,619 [INFO] Episode 22 in 'D:\Masters\Sem5\uavRL\inference_outputs\Trajectories\LeavesFalling\ppo_naturecnn_single_rgb_obstacle_weather_rainandfog_leavesFalling\ppo_naturecnn_single_rgb_obstacle_weather_rainandfog_leavesFalling_positions.csv' did not travel at least 9 meters. Skipping.
2024-12-06 20:25:13,619 [INFO] Episode 24 in 'D:\Masters\Sem5\uavRL\inference_outputs\Trajectories\LeavesFalling\ppo_naturecnn_single_rgb_obstacle_weather_rainandfog_leavesFalling\ppo_naturecnn_single_rgb_obstacle_weather_rainandfog_leavesFalling_positions.csv' did not travel at least 9 meters. Skipping.
2024-12-06 20:25:13,620 [INFO] Episode 25 in 'D:\Masters\Sem5\uavRL\inference_outputs\Trajectories\LeavesFalling\ppo_naturecnn_single_rgb_obstacle_weather_rainandfog_leavesFalling\ppo_naturecnn_single_rgb_obstacle_weather_rainandfog_leavesFalling_positions.csv' did not travel at least 9 meters. Skipping.
2024-12-06 20:25:13,620 [INFO] Episode 27 in 'D:\Masters\Sem5\uavRL\inference_outputs\Trajectories\LeavesFalling\ppo_naturecnn_single_rgb_obstacle_weather_rainandfog_leavesFalling\ppo_naturecnn_single_rgb_obstacle_weather_rainandfog_leavesFalling_positions.csv' did not travel at least 9 meters. Skipping.
2024-12-06 20:25:13,622 [INFO] Episode 29 in 'D:\Masters\Sem5\uavRL\inference_outputs\Trajectories\LeavesFalling\ppo_naturecnn_single_rgb_obstacle_weather_rainandfog_leavesFalling\ppo_naturecnn_single_rgb_obstacle_weather_rainandfog_leavesFalling_positions.csv' did not travel at least 9 meters. Skipping.
2024-12-06 20:25:13,623 [INFO] Episode 31 in 'D:\Masters\Sem5\uavRL\inference_outputs\Trajectories\LeavesFalling\ppo_naturecnn_single_rgb_obstacle_weather_rainandfog_leavesFalling\ppo_naturecnn_single_rgb_obstacle_weather_rainandfog_leavesFalling_positions.csv' did not travel at least 9 meters. Skipping.
2024-12-06 20:25:13,624 [INFO] Episode 33 in 'D:\Masters\Sem5\uavRL\inference_outputs\Trajectories\LeavesFalling\ppo_naturecnn_single_rgb_obstacle_weather_rainandfog_leavesFalling\ppo_naturecnn_single_rgb_obstacle_weather_rainandfog_leavesFalling_positions.csv' did not travel at least 9 meters. Skipping.
2024-12-06 20:25:13,624 [INFO] Episode 34 in 'D:\Masters\Sem5\uavRL\inference_outputs\Trajectories\LeavesFalling\ppo_naturecnn_single_rgb_obstacle_weather_rainandfog_leavesFalling\ppo_naturecnn_single_rgb_obstacle_weather_rainandfog_leavesFalling_positions.csv' did not travel at least 9 meters. Skipping.
2024-12-06 20:25:13,625 [INFO] Episode 35 in 'D:\Masters\Sem5\uavRL\inference_outputs\Trajectories\LeavesFalling\ppo_naturecnn_single_rgb_obstacle_weather_rainandfog_leavesFalling\ppo_naturecnn_single_rgb_obstacle_weather_rainandfog_leavesFalling_positions.csv' did not travel at least 9 meters. Skipping.
2024-12-06 20:25:13,625 [INFO] Episode 36 in 'D:\Masters\Sem5\uavRL\inference_outputs\Trajectories\LeavesFalling\ppo_naturecnn_single_rgb_obstacle_weather_rainandfog_leavesFalling\ppo_naturecnn_single_rgb_obstacle_weather_rainandfog_leavesFalling_positions.csv' did not travel at least 9 meters. Skipping.
2024-12-06 20:25:13,626 [INFO] Episode 38 in 'D:\Masters\Sem5\uavRL\inference_outputs\Trajectories\LeavesFalling\ppo_naturecnn_single_rgb_obstacle_weather_rainandfog_leavesFalling\ppo_naturecnn_single_rgb_obstacle_weather_rainandfog_leavesFalling_positions.csv' did not travel at least 9 meters. Skipping.
2024-12-06 20:25:13,626 [INFO] Episode 40 in 'D:\Masters\Sem5\uavRL\inference_outputs\Trajectories\LeavesFalling\ppo_naturecnn_single_rgb_obstacle_weather_rainandfog_leavesFalling\ppo_naturecnn_single_rgb_obstacle_weather_rainandfog_leavesFalling_positions.csv' did not travel at least 9 meters. Skipping.
2024-12-06 20:25:13,628 [INFO] Episode 41 in 'D:\Masters\Sem5\uavRL\inference_outputs\Trajectories\LeavesFalling\ppo_naturecnn_single_rgb_obstacle_weather_rainandfog_leavesFalling\ppo_naturecnn_single_rgb_obstacle_weather_rainandfog_leavesFalling_positions.csv' did not travel at least 9 meters. Skipping.
2024-12-06 20:25:13,628 [INFO] Episode 42 in 'D:\Masters\Sem5\uavRL\inference_outputs\Trajectories\LeavesFalling\ppo_naturecnn_single_rgb_obstacle_weather_rainandfog_leavesFalling\ppo_naturecnn_single_rgb_obstacle_weather_rainandfog_leavesFalling_positions.csv' did not travel at least 9 meters. Skipping.
2024-12-06 20:25:13,629 [INFO] Episode 43 in 'D:\Masters\Sem5\uavRL\inference_outputs\Trajectories\LeavesFalling\ppo_naturecnn_single_rgb_obstacle_weather_rainandfog_leavesFalling\ppo_naturecnn_single_rgb_obstacle_weather_rainandfog_leavesFalling_positions.csv' did not travel at least 9 meters. Skipping.
2024-12-06 20:25:13,629 [INFO] Episode 44 in 'D:\Masters\Sem5\uavRL\inference_outputs\Trajectories\LeavesFalling\ppo_naturecnn_single_rgb_obstacle_weather_rainandfog_leavesFalling\ppo_naturecnn_single_rgb_obstacle_weather_rainandfog_leavesFalling_positions.csv' did not travel at least 9 meters. Skipping.
2024-12-06 20:25:13,630 [INFO] Episode 45 in 'D:\Masters\Sem5\uavRL\inference_outputs\Trajectories\LeavesFalling\ppo_naturecnn_single_rgb_obstacle_weather_rainandfog_leavesFalling\ppo_naturecnn_single_rgb_obstacle_weather_rainandfog_leavesFalling_positions.csv' did not travel at least 9 meters. Skipping.
2024-12-06 20:25:13,631 [INFO] Episode 46 in 'D:\Masters\Sem5\uavRL\inference_outputs\Trajectories\LeavesFalling\ppo_naturecnn_single_rgb_obstacle_weather_rainandfog_leavesFalling\ppo_naturecnn_single_rgb_obstacle_weather_rainandfog_leavesFalling_positions.csv' did not travel at least 9 meters. Skipping.
2024-12-06 20:25:13,631 [INFO] Episode 47 in 'D:\Masters\Sem5\uavRL\inference_outputs\Trajectories\LeavesFalling\ppo_naturecnn_single_rgb_obstacle_weather_rainandfog_leavesFalling\ppo_naturecnn_single_rgb_obstacle_weather_rainandfog_leavesFalling_positions.csv' did not travel at least 9 meters. Skipping.
2024-12-06 20:25:13,632 [INFO] Episode 48 in 'D:\Masters\Sem5\uavRL\inference_outputs\Trajectories\LeavesFalling\ppo_naturecnn_single_rgb_obstacle_weather_rainandfog_leavesFalling\ppo_naturecnn_single_rgb_obstacle_weather_rainandfog_leavesFalling_positions.csv' did not travel at least 9 meters. Skipping.
2024-12-06 20:25:13,632 [INFO] Episode 49 in 'D:\Masters\Sem5\uavRL\inference_outputs\Trajectories\LeavesFalling\ppo_naturecnn_single_rgb_obstacle_weather_rainandfog_leavesFalling\ppo_naturecnn_single_rgb_obstacle_weather_rainandfog_leavesFalling_positions.csv' did not travel at least 9 meters. Skipping.
2024-12-06 20:25:13,633 [INFO] Episode 50 in 'D:\Masters\Sem5\uavRL\inference_outputs\Trajectories\LeavesFalling\ppo_naturecnn_single_rgb_obstacle_weather_rainandfog_leavesFalling\ppo_naturecnn_single_rgb_obstacle_weather_rainandfog_leavesFalling_positions.csv' did not travel at least 9 meters. Skipping.
2024-12-06 20:25:13,634 [INFO] Episode 52 in 'D:\Masters\Sem5\uavRL\inference_outputs\Trajectories\LeavesFalling\ppo_naturecnn_single_rgb_obstacle_weather_rainandfog_leavesFalling\ppo_naturecnn_single_rgb_obstacle_weather_rainandfog_leavesFalling_positions.csv' did not travel at least 9 meters. Skipping.
2024-12-06 20:25:13,634 [INFO] Episode 53 in 'D:\Masters\Sem5\uavRL\inference_outputs\Trajectories\LeavesFalling\ppo_naturecnn_single_rgb_obstacle_weather_rainandfog_leavesFalling\ppo_naturecnn_single_rgb_obstacle_weather_rainandfog_leavesFalling_positions.csv' did not travel at least 9 meters. Skipping.
2024-12-06 20:25:13,635 [INFO] Episode 54 in 'D:\Masters\Sem5\uavRL\inference_outputs\Trajectories\LeavesFalling\ppo_naturecnn_single_rgb_obstacle_weather_rainandfog_leavesFalling\ppo_naturecnn_single_rgb_obstacle_weather_rainandfog_leavesFalling_positions.csv' did not travel at least 9 meters. Skipping.
2024-12-06 20:25:13,635 [INFO] Episode 55 in 'D:\Masters\Sem5\uavRL\inference_outputs\Trajectories\LeavesFalling\ppo_naturecnn_single_rgb_obstacle_weather_rainandfog_leavesFalling\ppo_naturecnn_single_rgb_obstacle_weather_rainandfog_leavesFalling_positions.csv' did not travel at least 9 meters. Skipping.
2024-12-06 20:25:13,635 [INFO] Episode 57 in 'D:\Masters\Sem5\uavRL\inference_outputs\Trajectories\LeavesFalling\ppo_naturecnn_single_rgb_obstacle_weather_rainandfog_leavesFalling\ppo_naturecnn_single_rgb_obstacle_weather_rainandfog_leavesFalling_positions.csv' did not travel at least 9 meters. Skipping.
2024-12-06 20:25:13,637 [INFO] Episode 59 in 'D:\Masters\Sem5\uavRL\inference_outputs\Trajectories\LeavesFalling\ppo_naturecnn_single_rgb_obstacle_weather_rainandfog_leavesFalling\ppo_naturecnn_single_rgb_obstacle_weather_rainandfog_leavesFalling_positions.csv' did not travel at least 9 meters. Skipping.
2024-12-06 20:25:13,637 [INFO] Episode 60 in 'D:\Masters\Sem5\uavRL\inference_outputs\Trajectories\LeavesFalling\ppo_naturecnn_single_rgb_obstacle_weather_rainandfog_leavesFalling\ppo_naturecnn_single_rgb_obstacle_weather_rainandfog_leavesFalling_positions.csv' did not travel at least 9 meters. Skipping.
2024-12-06 20:25:13,639 [INFO] Episode 61 in 'D:\Masters\Sem5\uavRL\inference_outputs\Trajectories\LeavesFalling\ppo_naturecnn_single_rgb_obstacle_weather_rainandfog_leavesFalling\ppo_naturecnn_single_rgb_obstacle_weather_rainandfog_leavesFalling_positions.csv' did not travel at least 9 meters. Skipping.
2024-12-06 20:25:13,639 [INFO] Episode 62 in 'D:\Masters\Sem5\uavRL\inference_outputs\Trajectories\LeavesFalling\ppo_naturecnn_single_rgb_obstacle_weather_rainandfog_leavesFalling\ppo_naturecnn_single_rgb_obstacle_weather_rainandfog_leavesFalling_positions.csv' did not travel at least 9 meters. Skipping.
2024-12-06 20:25:13,640 [INFO] Episode 63 in 'D:\Masters\Sem5\uavRL\inference_outputs\Trajectories\LeavesFalling\ppo_naturecnn_single_rgb_obstacle_weather_rainandfog_leavesFalling\ppo_naturecnn_single_rgb_obstacle_weather_rainandfog_leavesFalling_positions.csv' did not travel at least 9 meters. Skipping.
2024-12-06 20:25:13,641 [INFO] Episode 65 in 'D:\Masters\Sem5\uavRL\inference_outputs\Trajectories\LeavesFalling\ppo_naturecnn_single_rgb_obstacle_weather_rainandfog_leavesFalling\ppo_naturecnn_single_rgb_obstacle_weather_rainandfog_leavesFalling_positions.csv' did not travel at least 9 meters. Skipping.
2024-12-06 20:25:13,641 [INFO] Episode 66 in 'D:\Masters\Sem5\uavRL\inference_outputs\Trajectories\LeavesFalling\ppo_naturecnn_single_rgb_obstacle_weather_rainandfog_leavesFalling\ppo_naturecnn_single_rgb_obstacle_weather_rainandfog_leavesFalling_positions.csv' did not travel at least 9 meters. Skipping.
2024-12-06 20:25:13,642 [INFO] Episode 67 in 'D:\Masters\Sem5\uavRL\inference_outputs\Trajectories\LeavesFalling\ppo_naturecnn_single_rgb_obstacle_weather_rainandfog_leavesFalling\ppo_naturecnn_single_rgb_obstacle_weather_rainandfog_leavesFalling_positions.csv' did not travel at least 9 meters. Skipping.
2024-12-06 20:25:13,642 [INFO] Episode 68 in 'D:\Masters\Sem5\uavRL\inference_outputs\Trajectories\LeavesFalling\ppo_naturecnn_single_rgb_obstacle_weather_rainandfog_leavesFalling\ppo_naturecnn_single_rgb_obstacle_weather_rainandfog_leavesFalling_positions.csv' did not travel at least 9 meters. Skipping.
2024-12-06 20:25:13,643 [INFO] Episode 69 in 'D:\Masters\Sem5\uavRL\inference_outputs\Trajectories\LeavesFalling\ppo_naturecnn_single_rgb_obstacle_weather_rainandfog_leavesFalling\ppo_naturecnn_single_rgb_obstacle_weather_rainandfog_leavesFalling_positions.csv' did not travel at least 9 meters. Skipping.
2024-12-06 20:25:13,643 [INFO] Episode 70 in 'D:\Masters\Sem5\uavRL\inference_outputs\Trajectories\LeavesFalling\ppo_naturecnn_single_rgb_obstacle_weather_rainandfog_leavesFalling\ppo_naturecnn_single_rgb_obstacle_weather_rainandfog_leavesFalling_positions.csv' did not travel at least 9 meters. Skipping.
2024-12-06 20:25:13,644 [INFO] Episode 72 in 'D:\Masters\Sem5\uavRL\inference_outputs\Trajectories\LeavesFalling\ppo_naturecnn_single_rgb_obstacle_weather_rainandfog_leavesFalling\ppo_naturecnn_single_rgb_obstacle_weather_rainandfog_leavesFalling_positions.csv' did not travel at least 9 meters. Skipping.
2024-12-06 20:25:13,645 [INFO] Episode 76 in 'D:\Masters\Sem5\uavRL\inference_outputs\Trajectories\LeavesFalling\ppo_naturecnn_single_rgb_obstacle_weather_rainandfog_leavesFalling\ppo_naturecnn_single_rgb_obstacle_weather_rainandfog_leavesFalling_positions.csv' did not travel at least 9 meters. Skipping.
2024-12-06 20:25:13,646 [INFO] Episode 78 in 'D:\Masters\Sem5\uavRL\inference_outputs\Trajectories\LeavesFalling\ppo_naturecnn_single_rgb_obstacle_weather_rainandfog_leavesFalling\ppo_naturecnn_single_rgb_obstacle_weather_rainandfog_leavesFalling_positions.csv' did not travel at least 9 meters. Skipping.
2024-12-06 20:25:13,646 [INFO] Episode 80 in 'D:\Masters\Sem5\uavRL\inference_outputs\Trajectories\LeavesFalling\ppo_naturecnn_single_rgb_obstacle_weather_rainandfog_leavesFalling\ppo_naturecnn_single_rgb_obstacle_weather_rainandfog_leavesFalling_positions.csv' did not travel at least 9 meters. Skipping.
2024-12-06 20:25:13,648 [INFO] Episode 82 in 'D:\Masters\Sem5\uavRL\inference_outputs\Trajectories\LeavesFalling\ppo_naturecnn_single_rgb_obstacle_weather_rainandfog_leavesFalling\ppo_naturecnn_single_rgb_obstacle_weather_rainandfog_leavesFalling_positions.csv' did not travel at least 9 meters. Skipping.
2024-12-06 20:25:13,649 [INFO] Episode 85 in 'D:\Masters\Sem5\uavRL\inference_outputs\Trajectories\LeavesFalling\ppo_naturecnn_single_rgb_obstacle_weather_rainandfog_leavesFalling\ppo_naturecnn_single_rgb_obstacle_weather_rainandfog_leavesFalling_positions.csv' did not travel at least 9 meters. Skipping.
2024-12-06 20:25:13,650 [INFO] Episode 87 in 'D:\Masters\Sem5\uavRL\inference_outputs\Trajectories\LeavesFalling\ppo_naturecnn_single_rgb_obstacle_weather_rainandfog_leavesFalling\ppo_naturecnn_single_rgb_obstacle_weather_rainandfog_leavesFalling_positions.csv' did not travel at least 9 meters. Skipping.
2024-12-06 20:25:13,650 [INFO] Episode 88 in 'D:\Masters\Sem5\uavRL\inference_outputs\Trajectories\LeavesFalling\ppo_naturecnn_single_rgb_obstacle_weather_rainandfog_leavesFalling\ppo_naturecnn_single_rgb_obstacle_weather_rainandfog_leavesFalling_positions.csv' did not travel at least 9 meters. Skipping.
2024-12-06 20:25:13,650 [INFO] Episode 89 in 'D:\Masters\Sem5\uavRL\inference_outputs\Trajectories\LeavesFalling\ppo_naturecnn_single_rgb_obstacle_weather_rainandfog_leavesFalling\ppo_naturecnn_single_rgb_obstacle_weather_rainandfog_leavesFalling_positions.csv' did not travel at least 9 meters. Skipping.
2024-12-06 20:25:13,651 [INFO] Episode 90 in 'D:\Masters\Sem5\uavRL\inference_outputs\Trajectories\LeavesFalling\ppo_naturecnn_single_rgb_obstacle_weather_rainandfog_leavesFalling\ppo_naturecnn_single_rgb_obstacle_weather_rainandfog_leavesFalling_positions.csv' did not travel at least 9 meters. Skipping.
2024-12-06 20:25:13,652 [INFO] Episode 94 in 'D:\Masters\Sem5\uavRL\inference_outputs\Trajectories\LeavesFalling\ppo_naturecnn_single_rgb_obstacle_weather_rainandfog_leavesFalling\ppo_naturecnn_single_rgb_obstacle_weather_rainandfog_leavesFalling_positions.csv' did not travel at least 9 meters. Skipping.
2024-12-06 20:25:13,653 [INFO] Episode 95 in 'D:\Masters\Sem5\uavRL\inference_outputs\Trajectories\LeavesFalling\ppo_naturecnn_single_rgb_obstacle_weather_rainandfog_leavesFalling\ppo_naturecnn_single_rgb_obstacle_weather_rainandfog_leavesFalling_positions.csv' did not travel at least 9 meters. Skipping.
2024-12-06 20:25:13,654 [INFO] Episode 96 in 'D:\Masters\Sem5\uavRL\inference_outputs\Trajectories\LeavesFalling\ppo_naturecnn_single_rgb_obstacle_weather_rainandfog_leavesFalling\ppo_naturecnn_single_rgb_obstacle_weather_rainandfog_leavesFalling_positions.csv' did not travel at least 9 meters. Skipping.
2024-12-06 20:25:13,655 [INFO] Episode 100 in 'D:\Masters\Sem5\uavRL\inference_outputs\Trajectories\LeavesFalling\ppo_naturecnn_single_rgb_obstacle_weather_rainandfog_leavesFalling\ppo_naturecnn_single_rgb_obstacle_weather_rainandfog_leavesFalling_positions.csv' did not travel at least 9 meters. Skipping.
2024-12-06 20:25:13,664 [INFO] Successfully read 'D:\Masters\Sem5\uavRL\inference_outputs\Trajectories\LeavesFalling\ppo_naturecnn_single_rgb_obstacle_weather_snowonly_leavesFalling\ppo_naturecnn_single_rgb_obstacle_weather_snowonly_leavesFalling_positions.csv'.
2024-12-06 20:25:13,665 [INFO] Episode 2 in 'D:\Masters\Sem5\uavRL\inference_outputs\Trajectories\LeavesFalling\ppo_naturecnn_single_rgb_obstacle_weather_snowonly_leavesFalling\ppo_naturecnn_single_rgb_obstacle_weather_snowonly_leavesFalling_positions.csv' did not travel at least 9 meters. Skipping.
2024-12-06 20:25:13,665 [INFO] Episode 4 in 'D:\Masters\Sem5\uavRL\inference_outputs\Trajectories\LeavesFalling\ppo_naturecnn_single_rgb_obstacle_weather_snowonly_leavesFalling\ppo_naturecnn_single_rgb_obstacle_weather_snowonly_leavesFalling_positions.csv' did not travel at least 9 meters. Skipping.
2024-12-06 20:25:13,667 [INFO] Episode 8 in 'D:\Masters\Sem5\uavRL\inference_outputs\Trajectories\LeavesFalling\ppo_naturecnn_single_rgb_obstacle_weather_snowonly_leavesFalling\ppo_naturecnn_single_rgb_obstacle_weather_snowonly_leavesFalling_positions.csv' did not travel at least 9 meters. Skipping.
2024-12-06 20:25:13,668 [INFO] Episode 9 in 'D:\Masters\Sem5\uavRL\inference_outputs\Trajectories\LeavesFalling\ppo_naturecnn_single_rgb_obstacle_weather_snowonly_leavesFalling\ppo_naturecnn_single_rgb_obstacle_weather_snowonly_leavesFalling_positions.csv' did not travel at least 9 meters. Skipping.
2024-12-06 20:25:13,668 [INFO] Episode 10 in 'D:\Masters\Sem5\uavRL\inference_outputs\Trajectories\LeavesFalling\ppo_naturecnn_single_rgb_obstacle_weather_snowonly_leavesFalling\ppo_naturecnn_single_rgb_obstacle_weather_snowonly_leavesFalling_positions.csv' did not travel at least 9 meters. Skipping.
2024-12-06 20:25:13,669 [INFO] Episode 13 in 'D:\Masters\Sem5\uavRL\inference_outputs\Trajectories\LeavesFalling\ppo_naturecnn_single_rgb_obstacle_weather_snowonly_leavesFalling\ppo_naturecnn_single_rgb_obstacle_weather_snowonly_leavesFalling_positions.csv' did not travel at least 9 meters. Skipping.
2024-12-06 20:25:13,670 [INFO] Episode 16 in 'D:\Masters\Sem5\uavRL\inference_outputs\Trajectories\LeavesFalling\ppo_naturecnn_single_rgb_obstacle_weather_snowonly_leavesFalling\ppo_naturecnn_single_rgb_obstacle_weather_snowonly_leavesFalling_positions.csv' did not travel at least 9 meters. Skipping.
2024-12-06 20:25:13,671 [INFO] Episode 17 in 'D:\Masters\Sem5\uavRL\inference_outputs\Trajectories\LeavesFalling\ppo_naturecnn_single_rgb_obstacle_weather_snowonly_leavesFalling\ppo_naturecnn_single_rgb_obstacle_weather_snowonly_leavesFalling_positions.csv' did not travel at least 9 meters. Skipping.
2024-12-06 20:25:13,715 [INFO] Episode 24 in 'D:\Masters\Sem5\uavRL\inference_outputs\Trajectories\LeavesFalling\ppo_naturecnn_single_rgb_obstacle_weather_snowonly_leavesFalling\ppo_naturecnn_single_rgb_obstacle_weather_snowonly_leavesFalling_positions.csv' did not travel at least 9 meters. Skipping.
2024-12-06 20:25:13,716 [INFO] Episode 25 in 'D:\Masters\Sem5\uavRL\inference_outputs\Trajectories\LeavesFalling\ppo_naturecnn_single_rgb_obstacle_weather_snowonly_leavesFalling\ppo_naturecnn_single_rgb_obstacle_weather_snowonly_leavesFalling_positions.csv' did not travel at least 9 meters. Skipping.
2024-12-06 20:25:13,718 [INFO] Episode 26 in 'D:\Masters\Sem5\uavRL\inference_outputs\Trajectories\LeavesFalling\ppo_naturecnn_single_rgb_obstacle_weather_snowonly_leavesFalling\ppo_naturecnn_single_rgb_obstacle_weather_snowonly_leavesFalling_positions.csv' did not travel at least 9 meters. Skipping.
2024-12-06 20:25:13,720 [INFO] Episode 31 in 'D:\Masters\Sem5\uavRL\inference_outputs\Trajectories\LeavesFalling\ppo_naturecnn_single_rgb_obstacle_weather_snowonly_leavesFalling\ppo_naturecnn_single_rgb_obstacle_weather_snowonly_leavesFalling_positions.csv' did not travel at least 9 meters. Skipping.
2024-12-06 20:25:13,722 [INFO] Episode 36 in 'D:\Masters\Sem5\uavRL\inference_outputs\Trajectories\LeavesFalling\ppo_naturecnn_single_rgb_obstacle_weather_snowonly_leavesFalling\ppo_naturecnn_single_rgb_obstacle_weather_snowonly_leavesFalling_positions.csv' did not travel at least 9 meters. Skipping.
2024-12-06 20:25:13,723 [INFO] Episode 38 in 'D:\Masters\Sem5\uavRL\inference_outputs\Trajectories\LeavesFalling\ppo_naturecnn_single_rgb_obstacle_weather_snowonly_leavesFalling\ppo_naturecnn_single_rgb_obstacle_weather_snowonly_leavesFalling_positions.csv' did not travel at least 9 meters. Skipping.
2024-12-06 20:25:13,723 [INFO] Episode 39 in 'D:\Masters\Sem5\uavRL\inference_outputs\Trajectories\LeavesFalling\ppo_naturecnn_single_rgb_obstacle_weather_snowonly_leavesFalling\ppo_naturecnn_single_rgb_obstacle_weather_snowonly_leavesFalling_positions.csv' did not travel at least 9 meters. Skipping.
2024-12-06 20:25:13,724 [INFO] Episode 40 in 'D:\Masters\Sem5\uavRL\inference_outputs\Trajectories\LeavesFalling\ppo_naturecnn_single_rgb_obstacle_weather_snowonly_leavesFalling\ppo_naturecnn_single_rgb_obstacle_weather_snowonly_leavesFalling_positions.csv' did not travel at least 9 meters. Skipping.
2024-12-06 20:25:13,724 [INFO] Episode 42 in 'D:\Masters\Sem5\uavRL\inference_outputs\Trajectories\LeavesFalling\ppo_naturecnn_single_rgb_obstacle_weather_snowonly_leavesFalling\ppo_naturecnn_single_rgb_obstacle_weather_snowonly_leavesFalling_positions.csv' did not travel at least 9 meters. Skipping.
2024-12-06 20:25:13,725 [INFO] Episode 45 in 'D:\Masters\Sem5\uavRL\inference_outputs\Trajectories\LeavesFalling\ppo_naturecnn_single_rgb_obstacle_weather_snowonly_leavesFalling\ppo_naturecnn_single_rgb_obstacle_weather_snowonly_leavesFalling_positions.csv' did not travel at least 9 meters. Skipping.
2024-12-06 20:25:13,725 [INFO] Episode 46 in 'D:\Masters\Sem5\uavRL\inference_outputs\Trajectories\LeavesFalling\ppo_naturecnn_single_rgb_obstacle_weather_snowonly_leavesFalling\ppo_naturecnn_single_rgb_obstacle_weather_snowonly_leavesFalling_positions.csv' did not travel at least 9 meters. Skipping.
2024-12-06 20:25:13,725 [INFO] Episode 47 in 'D:\Masters\Sem5\uavRL\inference_outputs\Trajectories\LeavesFalling\ppo_naturecnn_single_rgb_obstacle_weather_snowonly_leavesFalling\ppo_naturecnn_single_rgb_obstacle_weather_snowonly_leavesFalling_positions.csv' did not travel at least 9 meters. Skipping.
2024-12-06 20:25:13,727 [INFO] Episode 50 in 'D:\Masters\Sem5\uavRL\inference_outputs\Trajectories\LeavesFalling\ppo_naturecnn_single_rgb_obstacle_weather_snowonly_leavesFalling\ppo_naturecnn_single_rgb_obstacle_weather_snowonly_leavesFalling_positions.csv' did not travel at least 9 meters. Skipping.
2024-12-06 20:25:13,729 [INFO] Episode 54 in 'D:\Masters\Sem5\uavRL\inference_outputs\Trajectories\LeavesFalling\ppo_naturecnn_single_rgb_obstacle_weather_snowonly_leavesFalling\ppo_naturecnn_single_rgb_obstacle_weather_snowonly_leavesFalling_positions.csv' did not travel at least 9 meters. Skipping.
2024-12-06 20:25:13,729 [INFO] Episode 56 in 'D:\Masters\Sem5\uavRL\inference_outputs\Trajectories\LeavesFalling\ppo_naturecnn_single_rgb_obstacle_weather_snowonly_leavesFalling\ppo_naturecnn_single_rgb_obstacle_weather_snowonly_leavesFalling_positions.csv' did not travel at least 9 meters. Skipping.
2024-12-06 20:25:13,730 [INFO] Episode 57 in 'D:\Masters\Sem5\uavRL\inference_outputs\Trajectories\LeavesFalling\ppo_naturecnn_single_rgb_obstacle_weather_snowonly_leavesFalling\ppo_naturecnn_single_rgb_obstacle_weather_snowonly_leavesFalling_positions.csv' did not travel at least 9 meters. Skipping.
2024-12-06 20:25:13,731 [INFO] Episode 59 in 'D:\Masters\Sem5\uavRL\inference_outputs\Trajectories\LeavesFalling\ppo_naturecnn_single_rgb_obstacle_weather_snowonly_leavesFalling\ppo_naturecnn_single_rgb_obstacle_weather_snowonly_leavesFalling_positions.csv' did not travel at least 9 meters. Skipping.
2024-12-06 20:25:13,731 [INFO] Episode 60 in 'D:\Masters\Sem5\uavRL\inference_outputs\Trajectories\LeavesFalling\ppo_naturecnn_single_rgb_obstacle_weather_snowonly_leavesFalling\ppo_naturecnn_single_rgb_obstacle_weather_snowonly_leavesFalling_positions.csv' did not travel at least 9 meters. Skipping.
2024-12-06 20:25:13,732 [INFO] Episode 61 in 'D:\Masters\Sem5\uavRL\inference_outputs\Trajectories\LeavesFalling\ppo_naturecnn_single_rgb_obstacle_weather_snowonly_leavesFalling\ppo_naturecnn_single_rgb_obstacle_weather_snowonly_leavesFalling_positions.csv' did not travel at least 9 meters. Skipping.
2024-12-06 20:25:13,732 [INFO] Episode 62 in 'D:\Masters\Sem5\uavRL\inference_outputs\Trajectories\LeavesFalling\ppo_naturecnn_single_rgb_obstacle_weather_snowonly_leavesFalling\ppo_naturecnn_single_rgb_obstacle_weather_snowonly_leavesFalling_positions.csv' did not travel at least 9 meters. Skipping.
2024-12-06 20:25:13,733 [INFO] Episode 63 in 'D:\Masters\Sem5\uavRL\inference_outputs\Trajectories\LeavesFalling\ppo_naturecnn_single_rgb_obstacle_weather_snowonly_leavesFalling\ppo_naturecnn_single_rgb_obstacle_weather_snowonly_leavesFalling_positions.csv' did not travel at least 9 meters. Skipping.
2024-12-06 20:25:13,733 [INFO] Episode 65 in 'D:\Masters\Sem5\uavRL\inference_outputs\Trajectories\LeavesFalling\ppo_naturecnn_single_rgb_obstacle_weather_snowonly_leavesFalling\ppo_naturecnn_single_rgb_obstacle_weather_snowonly_leavesFalling_positions.csv' did not travel at least 9 meters. Skipping.
2024-12-06 20:25:13,734 [INFO] Episode 66 in 'D:\Masters\Sem5\uavRL\inference_outputs\Trajectories\LeavesFalling\ppo_naturecnn_single_rgb_obstacle_weather_snowonly_leavesFalling\ppo_naturecnn_single_rgb_obstacle_weather_snowonly_leavesFalling_positions.csv' did not travel at least 9 meters. Skipping.
2024-12-06 20:25:13,735 [INFO] Episode 68 in 'D:\Masters\Sem5\uavRL\inference_outputs\Trajectories\LeavesFalling\ppo_naturecnn_single_rgb_obstacle_weather_snowonly_leavesFalling\ppo_naturecnn_single_rgb_obstacle_weather_snowonly_leavesFalling_positions.csv' did not travel at least 9 meters. Skipping.
2024-12-06 20:25:13,736 [INFO] Episode 70 in 'D:\Masters\Sem5\uavRL\inference_outputs\Trajectories\LeavesFalling\ppo_naturecnn_single_rgb_obstacle_weather_snowonly_leavesFalling\ppo_naturecnn_single_rgb_obstacle_weather_snowonly_leavesFalling_positions.csv' did not travel at least 9 meters. Skipping.
2024-12-06 20:25:13,739 [INFO] Episode 76 in 'D:\Masters\Sem5\uavRL\inference_outputs\Trajectories\LeavesFalling\ppo_naturecnn_single_rgb_obstacle_weather_snowonly_leavesFalling\ppo_naturecnn_single_rgb_obstacle_weather_snowonly_leavesFalling_positions.csv' did not travel at least 9 meters. Skipping.
2024-12-06 20:25:13,739 [INFO] Episode 78 in 'D:\Masters\Sem5\uavRL\inference_outputs\Trajectories\LeavesFalling\ppo_naturecnn_single_rgb_obstacle_weather_snowonly_leavesFalling\ppo_naturecnn_single_rgb_obstacle_weather_snowonly_leavesFalling_positions.csv' did not travel at least 9 meters. Skipping.
2024-12-06 20:25:13,741 [INFO] Episode 81 in 'D:\Masters\Sem5\uavRL\inference_outputs\Trajectories\LeavesFalling\ppo_naturecnn_single_rgb_obstacle_weather_snowonly_leavesFalling\ppo_naturecnn_single_rgb_obstacle_weather_snowonly_leavesFalling_positions.csv' did not travel at least 9 meters. Skipping.
2024-12-06 20:25:13,743 [INFO] Episode 86 in 'D:\Masters\Sem5\uavRL\inference_outputs\Trajectories\LeavesFalling\ppo_naturecnn_single_rgb_obstacle_weather_snowonly_leavesFalling\ppo_naturecnn_single_rgb_obstacle_weather_snowonly_leavesFalling_positions.csv' did not travel at least 9 meters. Skipping.
2024-12-06 20:25:13,743 [INFO] Episode 89 in 'D:\Masters\Sem5\uavRL\inference_outputs\Trajectories\LeavesFalling\ppo_naturecnn_single_rgb_obstacle_weather_snowonly_leavesFalling\ppo_naturecnn_single_rgb_obstacle_weather_snowonly_leavesFalling_positions.csv' did not travel at least 9 meters. Skipping.
2024-12-06 20:25:13,744 [INFO] Episode 90 in 'D:\Masters\Sem5\uavRL\inference_outputs\Trajectories\LeavesFalling\ppo_naturecnn_single_rgb_obstacle_weather_snowonly_leavesFalling\ppo_naturecnn_single_rgb_obstacle_weather_snowonly_leavesFalling_positions.csv' did not travel at least 9 meters. Skipping.
2024-12-06 20:25:13,744 [INFO] Episode 91 in 'D:\Masters\Sem5\uavRL\inference_outputs\Trajectories\LeavesFalling\ppo_naturecnn_single_rgb_obstacle_weather_snowonly_leavesFalling\ppo_naturecnn_single_rgb_obstacle_weather_snowonly_leavesFalling_positions.csv' did not travel at least 9 meters. Skipping.
2024-12-06 20:25:13,745 [INFO] Episode 92 in 'D:\Masters\Sem5\uavRL\inference_outputs\Trajectories\LeavesFalling\ppo_naturecnn_single_rgb_obstacle_weather_snowonly_leavesFalling\ppo_naturecnn_single_rgb_obstacle_weather_snowonly_leavesFalling_positions.csv' did not travel at least 9 meters. Skipping.
2024-12-06 20:25:13,745 [INFO] Episode 93 in 'D:\Masters\Sem5\uavRL\inference_outputs\Trajectories\LeavesFalling\ppo_naturecnn_single_rgb_obstacle_weather_snowonly_leavesFalling\ppo_naturecnn_single_rgb_obstacle_weather_snowonly_leavesFalling_positions.csv' did not travel at least 9 meters. Skipping.
2024-12-06 20:25:13,746 [INFO] Episode 94 in 'D:\Masters\Sem5\uavRL\inference_outputs\Trajectories\LeavesFalling\ppo_naturecnn_single_rgb_obstacle_weather_snowonly_leavesFalling\ppo_naturecnn_single_rgb_obstacle_weather_snowonly_leavesFalling_positions.csv' did not travel at least 9 meters. Skipping.
2024-12-06 20:25:13,746 [INFO] Episode 95 in 'D:\Masters\Sem5\uavRL\inference_outputs\Trajectories\LeavesFalling\ppo_naturecnn_single_rgb_obstacle_weather_snowonly_leavesFalling\ppo_naturecnn_single_rgb_obstacle_weather_snowonly_leavesFalling_positions.csv' did not travel at least 9 meters. Skipping.
2024-12-06 20:25:13,748 [INFO] Episode 97 in 'D:\Masters\Sem5\uavRL\inference_outputs\Trajectories\LeavesFalling\ppo_naturecnn_single_rgb_obstacle_weather_snowonly_leavesFalling\ppo_naturecnn_single_rgb_obstacle_weather_snowonly_leavesFalling_positions.csv' did not travel at least 9 meters. Skipping.
2024-12-06 20:25:13,755 [INFO] Wall positions determined at: [3.7, 7.4, 11.100000000000001, 14.8, 18.5, 22.2]
2024-12-06 20:25:13,757 [INFO] Plotted mean trajectory from 'ppo_naturecnn_single_rgb_leavesFalling_positions.csv' with color 'blue'.
2024-12-06 20:25:13,759 [INFO] Plotted mean trajectory from 'ppo_naturecnn_single_rgb_obstacle_weather_leavesfalling_leavesFalling_positions.csv' with color 'green'.
2024-12-06 20:25:13,760 [INFO] Plotted mean trajectory from 'ppo_naturecnn_single_rgb_obstacle_weather_rainandfog_leavesFalling_positions.csv' with color 'orange'.
2024-12-06 20:25:13,762 [INFO] Plotted mean trajectory from 'ppo_naturecnn_single_rgb_obstacle_weather_snowonly_leavesFalling_positions.csv' with color 'purple'.
2024-12-06 20:25:13,817 [INFO] Added wall surface at X=3.7 with Trajectory Variations and Passages.
2024-12-06 20:25:13,882 [INFO] Added wall surface at X=7.4 with Trajectory Variations and Passages.
2024-12-06 20:25:13,953 [INFO] Added wall surface at X=11.100000000000001 with Trajectory Variations and Passages.
2024-12-06 20:25:14,013 [INFO] Added wall surface at X=14.8 with Trajectory Variations and Passages.
2024-12-06 20:25:14,065 [INFO] Added wall surface at X=18.5 with Trajectory Variations and Passages.
2024-12-06 20:25:14,068 [WARNING] No data near wall at X=22.2. Skipping hole creation.
2024-12-06 20:25:14,068 [INFO] Completed plotting walls and holes.
2024-12-06 20:25:14,244 [INFO] Similarity between 'ppo_naturecnn_single_rgb_leavesFalling_positions.csv' and 'ppo_naturecnn_single_rgb_obstacle_weather_leavesfalling_leavesFalling_positions.csv':
2024-12-06 20:25:14,244 [INFO]   - Cosine Similarity (Mean): 0.9795
2024-12-06 20:25:14,244 [INFO]   - Pearson Correlation (Mean): 0.8906
2024-12-06 20:25:14,245 [INFO]   - Normalized Cross-Correlation (Mean): 0.8918
2024-12-06 20:25:14,245 [INFO]   - Lag at Max NCC (Y): 1, (Z): 0
2024-12-06 20:25:14,253 [INFO] Similarity between 'ppo_naturecnn_single_rgb_leavesFalling_positions.csv' and 'ppo_naturecnn_single_rgb_obstacle_weather_rainandfog_leavesFalling_positions.csv':
2024-12-06 20:25:14,253 [INFO]   - Cosine Similarity (Mean): 0.7435
2024-12-06 20:25:14,253 [INFO]   - Pearson Correlation (Mean): 0.7149
2024-12-06 20:25:14,253 [INFO]   - Normalized Cross-Correlation (Mean): 0.7250
2024-12-06 20:25:14,255 [INFO]   - Lag at Max NCC (Y): 14, (Z): 0
2024-12-06 20:25:14,267 [INFO] Similarity between 'ppo_naturecnn_single_rgb_leavesFalling_positions.csv' and 'ppo_naturecnn_single_rgb_obstacle_weather_snowonly_leavesFalling_positions.csv':
2024-12-06 20:25:14,267 [INFO]   - Cosine Similarity (Mean): 0.9109
2024-12-06 20:25:14,267 [INFO]   - Pearson Correlation (Mean): 0.5478
2024-12-06 20:25:14,267 [INFO]   - Normalized Cross-Correlation (Mean): 0.6869
2024-12-06 20:25:14,267 [INFO]   - Lag at Max NCC (Y): -34, (Z): 0
2024-12-06 20:25:14,279 [INFO] Similarity between 'ppo_naturecnn_single_rgb_obstacle_weather_leavesfalling_leavesFalling_positions.csv' and 'ppo_naturecnn_single_rgb_obstacle_weather_rainandfog_leavesFalling_positions.csv':
2024-12-06 20:25:14,280 [INFO]   - Cosine Similarity (Mean): 0.7395
2024-12-06 20:25:14,280 [INFO]   - Pearson Correlation (Mean): 0.7026
2024-12-06 20:25:14,280 [INFO]   - Normalized Cross-Correlation (Mean): 0.7036
2024-12-06 20:25:14,280 [INFO]   - Lag at Max NCC (Y): 2, (Z): 0
2024-12-06 20:25:14,294 [INFO] Similarity between 'ppo_naturecnn_single_rgb_obstacle_weather_leavesfalling_leavesFalling_positions.csv' and 'ppo_naturecnn_single_rgb_obstacle_weather_snowonly_leavesFalling_positions.csv':
2024-12-06 20:25:14,294 [INFO]   - Cosine Similarity (Mean): 0.9294
2024-12-06 20:25:14,294 [INFO]   - Pearson Correlation (Mean): 0.6238
2024-12-06 20:25:14,294 [INFO]   - Normalized Cross-Correlation (Mean): 0.7798
2024-12-06 20:25:14,294 [INFO]   - Lag at Max NCC (Y): -37, (Z): -1
2024-12-06 20:25:14,307 [INFO] Similarity between 'ppo_naturecnn_single_rgb_obstacle_weather_rainandfog_leavesFalling_positions.csv' and 'ppo_naturecnn_single_rgb_obstacle_weather_snowonly_leavesFalling_positions.csv':
2024-12-06 20:25:14,307 [INFO]   - Cosine Similarity (Mean): 0.6331
2024-12-06 20:25:14,307 [INFO]   - Pearson Correlation (Mean): 0.3952
2024-12-06 20:25:14,307 [INFO]   - Normalized Cross-Correlation (Mean): 0.5973
2024-12-06 20:25:14,308 [INFO]   - Lag at Max NCC (Y): -55, (Z): -12
2024-12-06 20:25:14,742 [INFO] Cross-correlation plot saved as 'inference_outputs\RGB_PPO_LeavesFalling_Variants\RGB_PPO_LeavesFalling_Variants_cross_correlation_part1.png'.
2024-12-06 20:25:15,394 [INFO] Mean trajectories plotted and saved as 'inference_outputs\RGB_PPO_LeavesFalling_Variants\RGB_PPO_LeavesFalling_Variants_mean_trajectories.png'.
2024-12-06 20:25:15,402 [INFO] Similarity summary saved as 'inference_outputs\RGB_PPO_LeavesFalling_Variants\RGB_PPO_LeavesFalling_Variants_similarity_summary.csv'.
