2025-02-06 23:10:01,820 - INFO - Episode 1 completed.
2025-02-06 23:10:03,985 - INFO - Episode 2 completed.
2025-02-06 23:10:04,101 - INFO - Episode 3 completed.
2025-02-06 23:10:06,775 - INFO - Episode 4 completed.
2025-02-06 23:10:09,470 - INFO - Episode 5 completed.
2025-02-06 23:10:12,318 - INFO - Episode 6 completed.
2025-02-06 23:10:14,728 - INFO - Episode 7 completed.
2025-02-06 23:10:14,855 - INFO - Episode 8 completed.
2025-02-06 23:10:17,293 - INFO - Episode 9 completed.
2025-02-06 23:10:20,482 - INFO - Episode 10 completed.
2025-02-06 23:10:22,252 - INFO - Episode 11 completed.
2025-02-06 23:10:24,944 - INFO - Episode 12 completed.
2025-02-06 23:10:25,057 - INFO - Episode 13 completed.
2025-02-06 23:10:26,282 - INFO - Episode 14 completed.
2025-02-06 23:10:28,938 - INFO - Episode 15 completed.
2025-02-06 23:10:31,689 - INFO - Episode 16 completed.
2025-02-06 23:10:34,494 - INFO - Episode 17 completed.
2025-02-06 23:10:37,219 - INFO - Episode 18 completed.
2025-02-06 23:10:37,335 - INFO - Episode 19 completed.
2025-02-06 23:10:39,981 - INFO - Episode 20 completed.
2025-02-06 23:10:40,473 - INFO - Episode 21 completed.
2025-02-06 23:10:43,106 - INFO - Episode 22 completed.
2025-02-06 23:10:45,809 - INFO - Episode 23 completed.
2025-02-06 23:10:48,483 - INFO - Episode 24 completed.
2025-02-06 23:10:51,185 - INFO - Episode 25 completed.
2025-02-06 23:10:53,842 - INFO - Episode 26 completed.
2025-02-06 23:10:56,525 - INFO - Episode 27 completed.
2025-02-06 23:10:59,203 - INFO - Episode 28 completed.
2025-02-06 23:11:01,887 - INFO - Episode 29 completed.
2025-02-06 23:11:04,577 - INFO - Episode 30 completed.
2025-02-06 23:11:07,221 - INFO - Episode 31 completed.
2025-02-06 23:11:09,876 - INFO - Episode 32 completed.
2025-02-06 23:11:12,551 - INFO - Episode 33 completed.
2025-02-06 23:11:15,222 - INFO - Episode 34 completed.
2025-02-06 23:11:16,726 - INFO - Episode 35 completed.
2025-02-06 23:11:19,443 - INFO - Episode 36 completed.
2025-02-06 23:11:20,637 - INFO - Episode 37 completed.
2025-02-06 23:11:23,310 - INFO - Episode 38 completed.
2025-02-06 23:11:25,995 - INFO - Episode 39 completed.
2025-02-06 23:11:26,115 - INFO - Episode 40 completed.
2025-02-06 23:11:26,231 - INFO - Episode 41 completed.
2025-02-06 23:11:27,795 - INFO - Episode 42 completed.
2025-02-06 23:11:30,479 - INFO - Episode 43 completed.
2025-02-06 23:11:33,167 - INFO - Episode 44 completed.
2025-02-06 23:11:33,280 - INFO - Episode 45 completed.
2025-02-06 23:11:35,996 - INFO - Episode 46 completed.
2025-02-06 23:11:36,953 - INFO - Episode 47 completed.
2025-02-06 23:11:39,647 - INFO - Episode 48 completed.
2025-02-06 23:11:42,345 - INFO - Episode 49 completed.
2025-02-06 23:11:45,039 - INFO - Episode 50 completed.
2025-02-06 23:11:47,696 - INFO - Episode 51 completed.
2025-02-06 23:11:50,407 - INFO - Episode 52 completed.
2025-02-06 23:11:52,966 - INFO - Episode 53 completed.
2025-02-06 23:11:55,010 - INFO - Episode 54 completed.
2025-02-06 23:11:57,689 - INFO - Episode 55 completed.
2025-02-06 23:12:00,563 - INFO - Episode 56 completed.
2025-02-06 23:12:03,258 - INFO - Episode 57 completed.
2025-02-06 23:12:04,236 - INFO - Episode 58 completed.
2025-02-06 23:12:06,925 - INFO - Episode 59 completed.
2025-02-06 23:12:07,889 - INFO - Episode 60 completed.
2025-02-06 23:12:10,586 - INFO - Episode 61 completed.
2025-02-06 23:12:11,025 - INFO - Episode 62 completed.
2025-02-06 23:12:13,678 - INFO - Episode 63 completed.
2025-02-06 23:12:16,411 - INFO - Episode 64 completed.
2025-02-06 23:12:19,154 - INFO - Episode 65 completed.
2025-02-06 23:12:19,648 - INFO - Episode 66 completed.
2025-02-06 23:12:22,379 - INFO - Episode 67 completed.
2025-02-06 23:12:23,427 - INFO - Episode 68 completed.
2025-02-06 23:12:26,101 - INFO - Episode 69 completed.
2025-02-06 23:12:28,701 - INFO - Episode 70 completed.
2025-02-06 23:12:31,381 - INFO - Episode 71 completed.
2025-02-06 23:12:34,089 - INFO - Episode 72 completed.
2025-02-06 23:12:36,837 - INFO - Episode 73 completed.
2025-02-06 23:12:39,560 - INFO - Episode 74 completed.
2025-02-06 23:12:39,680 - INFO - Episode 75 completed.
2025-02-06 23:12:42,402 - INFO - Episode 76 completed.
2025-02-06 23:12:42,923 - INFO - Episode 77 completed.
2025-02-06 23:12:45,341 - INFO - Episode 78 completed.
2025-02-06 23:12:46,543 - INFO - Episode 79 completed.
2025-02-06 23:12:48,382 - INFO - Episode 80 completed.
2025-02-06 23:12:51,595 - INFO - Episode 81 completed.
2025-02-06 23:12:54,767 - INFO - Episode 82 completed.
2025-02-06 23:12:58,027 - INFO - Episode 83 completed.
2025-02-06 23:13:01,308 - INFO - Episode 84 completed.
2025-02-06 23:13:04,783 - INFO - Episode 85 completed.
2025-02-06 23:13:08,077 - INFO - Episode 86 completed.
2025-02-06 23:13:08,646 - INFO - Episode 87 completed.
2025-02-06 23:13:11,921 - INFO - Episode 88 completed.
2025-02-06 23:13:15,195 - INFO - Episode 89 completed.
2025-02-06 23:13:15,721 - INFO - Episode 90 completed.
2025-02-06 23:13:19,015 - INFO - Episode 91 completed.
2025-02-06 23:13:22,276 - INFO - Episode 92 completed.
2025-02-06 23:13:25,661 - INFO - Episode 93 completed.
2025-02-06 23:13:28,177 - INFO - Episode 94 completed.
2025-02-06 23:13:28,755 - INFO - Episode 95 completed.
2025-02-06 23:13:32,058 - INFO - Episode 96 completed.
2025-02-06 23:13:32,576 - INFO - Episode 97 completed.
2025-02-06 23:13:35,897 - INFO - Episode 98 completed.
2025-02-06 23:13:39,134 - INFO - Episode 99 completed.
2025-02-06 23:13:42,416 - INFO - Episode 100 completed.
2025-02-06 23:13:42,464 - INFO - Positions saved to ./inference_outputs/PPO_All_FM_SnowOnly\PPO_All_FM_SnowOnly_positions.csv
2025-02-06 23:13:42,667 - INFO - Episode 2 did not travel at least 18 meters, skipping.
2025-02-06 23:13:42,669 - INFO - Episode 3 did not travel at least 18 meters, skipping.
2025-02-06 23:13:42,674 - INFO - Episode 7 did not travel at least 18 meters, skipping.
2025-02-06 23:13:42,674 - INFO - Episode 8 did not travel at least 18 meters, skipping.
2025-02-06 23:13:42,675 - INFO - Episode 9 did not travel at least 18 meters, skipping.
2025-02-06 23:13:42,678 - INFO - Episode 11 did not travel at least 18 meters, skipping.
2025-02-06 23:13:42,679 - INFO - Episode 13 did not travel at least 18 meters, skipping.
2025-02-06 23:13:42,681 - INFO - Episode 14 did not travel at least 18 meters, skipping.
2025-02-06 23:13:42,687 - INFO - Episode 19 did not travel at least 18 meters, skipping.
2025-02-06 23:13:42,692 - INFO - Episode 21 did not travel at least 18 meters, skipping.
2025-02-06 23:13:42,710 - INFO - Episode 35 did not travel at least 18 meters, skipping.
2025-02-06 23:13:42,714 - INFO - Episode 37 did not travel at least 18 meters, skipping.
2025-02-06 23:13:42,718 - INFO - Episode 40 did not travel at least 18 meters, skipping.
2025-02-06 23:13:42,719 - INFO - Episode 41 did not travel at least 18 meters, skipping.
2025-02-06 23:13:42,720 - INFO - Episode 42 did not travel at least 18 meters, skipping.
2025-02-06 23:13:42,724 - INFO - Episode 45 did not travel at least 18 meters, skipping.
2025-02-06 23:13:42,726 - INFO - Episode 47 did not travel at least 18 meters, skipping.
2025-02-06 23:13:42,736 - INFO - Episode 54 did not travel at least 18 meters, skipping.
2025-02-06 23:13:42,742 - INFO - Episode 58 did not travel at least 18 meters, skipping.
2025-02-06 23:13:42,744 - INFO - Episode 60 did not travel at least 18 meters, skipping.
2025-02-06 23:13:42,745 - INFO - Episode 62 did not travel at least 18 meters, skipping.
2025-02-06 23:13:42,749 - INFO - Episode 66 did not travel at least 18 meters, skipping.
2025-02-06 23:13:42,751 - INFO - Episode 68 did not travel at least 18 meters, skipping.
2025-02-06 23:13:42,757 - INFO - Episode 75 did not travel at least 18 meters, skipping.
2025-02-06 23:13:42,759 - INFO - Episode 77 did not travel at least 18 meters, skipping.
2025-02-06 23:13:42,759 - INFO - Episode 78 did not travel at least 18 meters, skipping.
2025-02-06 23:13:42,759 - INFO - Episode 79 did not travel at least 18 meters, skipping.
2025-02-06 23:13:42,761 - INFO - Episode 80 did not travel at least 18 meters, skipping.
2025-02-06 23:13:42,771 - INFO - Episode 87 did not travel at least 18 meters, skipping.
2025-02-06 23:13:42,774 - INFO - Episode 90 did not travel at least 18 meters, skipping.
2025-02-06 23:13:42,779 - INFO - Episode 94 did not travel at least 18 meters, skipping.
2025-02-06 23:13:42,780 - INFO - Episode 95 did not travel at least 18 meters, skipping.
2025-02-06 23:13:42,781 - INFO - Episode 97 did not travel at least 18 meters, skipping.
2025-02-06 23:13:42,981 - INFO - Trajectories plotted and saved as './inference_outputs/PPO_All_FM_SnowOnly\PPO_All_FM_SnowOnly_trajectories.png'.
2025-02-06 23:13:42,982 - INFO - -----------------------------------
2025-02-06 23:13:42,983 - INFO - > Total episodes: 100
2025-02-06 23:13:42,983 - INFO - > Flight distance (mean): 15.92
2025-02-06 23:13:42,983 - INFO - > Holes reached (mean): 3.87 out of 5
2025-02-06 23:13:42,983 - INFO - -----------------------------------
