2024-12-06 19:51:18,594 [INFO] Logging initialized for scenario: 'RGB_A2C_NormalWeather_Variants'
2024-12-06 19:51:18,595 [INFO] Received command-line arguments: Scenario='RGB_A2C_NormalWeather_Variants', Filenames=['D:\\Masters\\Sem5\\uavRL\\inference_outputs\\Trajectories\\gen\\a2c_naturecnn_single_rgb\\a2c_naturecnn_single_rgb_positions.csv', 'D:\\Masters\\Sem5\\uavRL\\inference_outputs\\Trajectories\\gen\\a2c_naturecnn_single_rgb_obstacle_weather_leavesfalling\\a2c_naturecnn_single_rgb_obstacle_weather_leavesfalling_positions.csv', 'D:\\Masters\\Sem5\\uavRL\\inference_outputs\\Trajectories\\gen\\a2c_naturecnn_single_rgb_obstacle_weather_rainandfog\\a2c_naturecnn_single_rgb_obstacle_weather_rainandfog_positions.csv', 'D:\\Masters\\Sem5\\uavRL\\inference_outputs\\Trajectories\\gen\\a2c_naturecnn_single_rgb_obstacle_weather_snowonly\\a2c_naturecnn_single_rgb_obstacle_weather_snowonly_positions.csv']
2024-12-06 19:51:18,596 [INFO] Starting to plot multiple mean trajectories.
2024-12-06 19:51:18,743 [INFO] Successfully read 'D:\Masters\Sem5\uavRL\inference_outputs\Trajectories\gen\a2c_naturecnn_single_rgb\a2c_naturecnn_single_rgb_positions.csv'.
2024-12-06 19:51:18,744 [INFO] Episode 1 in 'D:\Masters\Sem5\uavRL\inference_outputs\Trajectories\gen\a2c_naturecnn_single_rgb\a2c_naturecnn_single_rgb_positions.csv' did not travel at least 9 meters. Skipping.
2024-12-06 19:51:18,745 [INFO] Episode 2 in 'D:\Masters\Sem5\uavRL\inference_outputs\Trajectories\gen\a2c_naturecnn_single_rgb\a2c_naturecnn_single_rgb_positions.csv' did not travel at least 9 meters. Skipping.
2024-12-06 19:51:18,747 [INFO] Episode 6 in 'D:\Masters\Sem5\uavRL\inference_outputs\Trajectories\gen\a2c_naturecnn_single_rgb\a2c_naturecnn_single_rgb_positions.csv' did not travel at least 9 meters. Skipping.
2024-12-06 19:51:18,748 [INFO] Episode 7 in 'D:\Masters\Sem5\uavRL\inference_outputs\Trajectories\gen\a2c_naturecnn_single_rgb\a2c_naturecnn_single_rgb_positions.csv' did not travel at least 9 meters. Skipping.
2024-12-06 19:51:18,748 [INFO] Episode 8 in 'D:\Masters\Sem5\uavRL\inference_outputs\Trajectories\gen\a2c_naturecnn_single_rgb\a2c_naturecnn_single_rgb_positions.csv' did not travel at least 9 meters. Skipping.
2024-12-06 19:51:18,749 [INFO] Episode 11 in 'D:\Masters\Sem5\uavRL\inference_outputs\Trajectories\gen\a2c_naturecnn_single_rgb\a2c_naturecnn_single_rgb_positions.csv' did not travel at least 9 meters. Skipping.
2024-12-06 19:51:18,750 [INFO] Episode 15 in 'D:\Masters\Sem5\uavRL\inference_outputs\Trajectories\gen\a2c_naturecnn_single_rgb\a2c_naturecnn_single_rgb_positions.csv' did not travel at least 9 meters. Skipping.
2024-12-06 19:51:18,751 [INFO] Episode 16 in 'D:\Masters\Sem5\uavRL\inference_outputs\Trajectories\gen\a2c_naturecnn_single_rgb\a2c_naturecnn_single_rgb_positions.csv' did not travel at least 9 meters. Skipping.
2024-12-06 19:51:18,751 [INFO] Episode 17 in 'D:\Masters\Sem5\uavRL\inference_outputs\Trajectories\gen\a2c_naturecnn_single_rgb\a2c_naturecnn_single_rgb_positions.csv' did not travel at least 9 meters. Skipping.
2024-12-06 19:51:18,753 [INFO] Episode 24 in 'D:\Masters\Sem5\uavRL\inference_outputs\Trajectories\gen\a2c_naturecnn_single_rgb\a2c_naturecnn_single_rgb_positions.csv' did not travel at least 9 meters. Skipping.
2024-12-06 19:51:18,755 [INFO] Episode 27 in 'D:\Masters\Sem5\uavRL\inference_outputs\Trajectories\gen\a2c_naturecnn_single_rgb\a2c_naturecnn_single_rgb_positions.csv' did not travel at least 9 meters. Skipping.
2024-12-06 19:51:18,756 [INFO] Episode 31 in 'D:\Masters\Sem5\uavRL\inference_outputs\Trajectories\gen\a2c_naturecnn_single_rgb\a2c_naturecnn_single_rgb_positions.csv' did not travel at least 9 meters. Skipping.
2024-12-06 19:51:18,757 [INFO] Episode 32 in 'D:\Masters\Sem5\uavRL\inference_outputs\Trajectories\gen\a2c_naturecnn_single_rgb\a2c_naturecnn_single_rgb_positions.csv' did not travel at least 9 meters. Skipping.
2024-12-06 19:51:18,757 [INFO] Episode 34 in 'D:\Masters\Sem5\uavRL\inference_outputs\Trajectories\gen\a2c_naturecnn_single_rgb\a2c_naturecnn_single_rgb_positions.csv' did not travel at least 9 meters. Skipping.
2024-12-06 19:51:18,760 [INFO] Episode 38 in 'D:\Masters\Sem5\uavRL\inference_outputs\Trajectories\gen\a2c_naturecnn_single_rgb\a2c_naturecnn_single_rgb_positions.csv' did not travel at least 9 meters. Skipping.
2024-12-06 19:51:18,761 [INFO] Episode 40 in 'D:\Masters\Sem5\uavRL\inference_outputs\Trajectories\gen\a2c_naturecnn_single_rgb\a2c_naturecnn_single_rgb_positions.csv' did not travel at least 9 meters. Skipping.
2024-12-06 19:51:18,761 [INFO] Episode 41 in 'D:\Masters\Sem5\uavRL\inference_outputs\Trajectories\gen\a2c_naturecnn_single_rgb\a2c_naturecnn_single_rgb_positions.csv' did not travel at least 9 meters. Skipping.
2024-12-06 19:51:18,762 [INFO] Episode 44 in 'D:\Masters\Sem5\uavRL\inference_outputs\Trajectories\gen\a2c_naturecnn_single_rgb\a2c_naturecnn_single_rgb_positions.csv' did not travel at least 9 meters. Skipping.
2024-12-06 19:51:18,763 [INFO] Episode 46 in 'D:\Masters\Sem5\uavRL\inference_outputs\Trajectories\gen\a2c_naturecnn_single_rgb\a2c_naturecnn_single_rgb_positions.csv' did not travel at least 9 meters. Skipping.
2024-12-06 19:51:18,765 [INFO] Episode 53 in 'D:\Masters\Sem5\uavRL\inference_outputs\Trajectories\gen\a2c_naturecnn_single_rgb\a2c_naturecnn_single_rgb_positions.csv' did not travel at least 9 meters. Skipping.
2024-12-06 19:51:18,766 [INFO] Episode 54 in 'D:\Masters\Sem5\uavRL\inference_outputs\Trajectories\gen\a2c_naturecnn_single_rgb\a2c_naturecnn_single_rgb_positions.csv' did not travel at least 9 meters. Skipping.
2024-12-06 19:51:18,767 [INFO] Episode 57 in 'D:\Masters\Sem5\uavRL\inference_outputs\Trajectories\gen\a2c_naturecnn_single_rgb\a2c_naturecnn_single_rgb_positions.csv' did not travel at least 9 meters. Skipping.
2024-12-06 19:51:18,768 [INFO] Episode 59 in 'D:\Masters\Sem5\uavRL\inference_outputs\Trajectories\gen\a2c_naturecnn_single_rgb\a2c_naturecnn_single_rgb_positions.csv' did not travel at least 9 meters. Skipping.
2024-12-06 19:51:18,769 [INFO] Episode 62 in 'D:\Masters\Sem5\uavRL\inference_outputs\Trajectories\gen\a2c_naturecnn_single_rgb\a2c_naturecnn_single_rgb_positions.csv' did not travel at least 9 meters. Skipping.
2024-12-06 19:51:18,770 [INFO] Episode 63 in 'D:\Masters\Sem5\uavRL\inference_outputs\Trajectories\gen\a2c_naturecnn_single_rgb\a2c_naturecnn_single_rgb_positions.csv' did not travel at least 9 meters. Skipping.
2024-12-06 19:51:18,772 [INFO] Episode 65 in 'D:\Masters\Sem5\uavRL\inference_outputs\Trajectories\gen\a2c_naturecnn_single_rgb\a2c_naturecnn_single_rgb_positions.csv' did not travel at least 9 meters. Skipping.
2024-12-06 19:51:18,772 [INFO] Episode 66 in 'D:\Masters\Sem5\uavRL\inference_outputs\Trajectories\gen\a2c_naturecnn_single_rgb\a2c_naturecnn_single_rgb_positions.csv' did not travel at least 9 meters. Skipping.
2024-12-06 19:51:18,773 [INFO] Episode 70 in 'D:\Masters\Sem5\uavRL\inference_outputs\Trajectories\gen\a2c_naturecnn_single_rgb\a2c_naturecnn_single_rgb_positions.csv' did not travel at least 9 meters. Skipping.
2024-12-06 19:51:18,774 [INFO] Episode 73 in 'D:\Masters\Sem5\uavRL\inference_outputs\Trajectories\gen\a2c_naturecnn_single_rgb\a2c_naturecnn_single_rgb_positions.csv' did not travel at least 9 meters. Skipping.
2024-12-06 19:51:18,775 [INFO] Episode 74 in 'D:\Masters\Sem5\uavRL\inference_outputs\Trajectories\gen\a2c_naturecnn_single_rgb\a2c_naturecnn_single_rgb_positions.csv' did not travel at least 9 meters. Skipping.
2024-12-06 19:51:18,775 [INFO] Episode 78 in 'D:\Masters\Sem5\uavRL\inference_outputs\Trajectories\gen\a2c_naturecnn_single_rgb\a2c_naturecnn_single_rgb_positions.csv' did not travel at least 9 meters. Skipping.
2024-12-06 19:51:18,777 [INFO] Episode 84 in 'D:\Masters\Sem5\uavRL\inference_outputs\Trajectories\gen\a2c_naturecnn_single_rgb\a2c_naturecnn_single_rgb_positions.csv' did not travel at least 9 meters. Skipping.
2024-12-06 19:51:18,778 [INFO] Episode 86 in 'D:\Masters\Sem5\uavRL\inference_outputs\Trajectories\gen\a2c_naturecnn_single_rgb\a2c_naturecnn_single_rgb_positions.csv' did not travel at least 9 meters. Skipping.
2024-12-06 19:51:18,779 [INFO] Episode 87 in 'D:\Masters\Sem5\uavRL\inference_outputs\Trajectories\gen\a2c_naturecnn_single_rgb\a2c_naturecnn_single_rgb_positions.csv' did not travel at least 9 meters. Skipping.
2024-12-06 19:51:18,780 [INFO] Episode 89 in 'D:\Masters\Sem5\uavRL\inference_outputs\Trajectories\gen\a2c_naturecnn_single_rgb\a2c_naturecnn_single_rgb_positions.csv' did not travel at least 9 meters. Skipping.
2024-12-06 19:51:18,782 [INFO] Episode 91 in 'D:\Masters\Sem5\uavRL\inference_outputs\Trajectories\gen\a2c_naturecnn_single_rgb\a2c_naturecnn_single_rgb_positions.csv' did not travel at least 9 meters. Skipping.
2024-12-06 19:51:18,783 [INFO] Episode 96 in 'D:\Masters\Sem5\uavRL\inference_outputs\Trajectories\gen\a2c_naturecnn_single_rgb\a2c_naturecnn_single_rgb_positions.csv' did not travel at least 9 meters. Skipping.
2024-12-06 19:51:18,784 [INFO] Episode 98 in 'D:\Masters\Sem5\uavRL\inference_outputs\Trajectories\gen\a2c_naturecnn_single_rgb\a2c_naturecnn_single_rgb_positions.csv' did not travel at least 9 meters. Skipping.
2024-12-06 19:51:18,785 [INFO] Episode 99 in 'D:\Masters\Sem5\uavRL\inference_outputs\Trajectories\gen\a2c_naturecnn_single_rgb\a2c_naturecnn_single_rgb_positions.csv' did not travel at least 9 meters. Skipping.
2024-12-06 19:51:18,798 [INFO] Successfully read 'D:\Masters\Sem5\uavRL\inference_outputs\Trajectories\gen\a2c_naturecnn_single_rgb_obstacle_weather_leavesfalling\a2c_naturecnn_single_rgb_obstacle_weather_leavesfalling_positions.csv'.
2024-12-06 19:51:18,799 [INFO] Episode 3 in 'D:\Masters\Sem5\uavRL\inference_outputs\Trajectories\gen\a2c_naturecnn_single_rgb_obstacle_weather_leavesfalling\a2c_naturecnn_single_rgb_obstacle_weather_leavesfalling_positions.csv' did not travel at least 9 meters. Skipping.
2024-12-06 19:51:18,800 [INFO] Episode 5 in 'D:\Masters\Sem5\uavRL\inference_outputs\Trajectories\gen\a2c_naturecnn_single_rgb_obstacle_weather_leavesfalling\a2c_naturecnn_single_rgb_obstacle_weather_leavesfalling_positions.csv' did not travel at least 9 meters. Skipping.
2024-12-06 19:51:18,801 [INFO] Episode 6 in 'D:\Masters\Sem5\uavRL\inference_outputs\Trajectories\gen\a2c_naturecnn_single_rgb_obstacle_weather_leavesfalling\a2c_naturecnn_single_rgb_obstacle_weather_leavesfalling_positions.csv' did not travel at least 9 meters. Skipping.
2024-12-06 19:51:18,801 [INFO] Episode 7 in 'D:\Masters\Sem5\uavRL\inference_outputs\Trajectories\gen\a2c_naturecnn_single_rgb_obstacle_weather_leavesfalling\a2c_naturecnn_single_rgb_obstacle_weather_leavesfalling_positions.csv' did not travel at least 9 meters. Skipping.
2024-12-06 19:51:18,803 [INFO] Episode 8 in 'D:\Masters\Sem5\uavRL\inference_outputs\Trajectories\gen\a2c_naturecnn_single_rgb_obstacle_weather_leavesfalling\a2c_naturecnn_single_rgb_obstacle_weather_leavesfalling_positions.csv' did not travel at least 9 meters. Skipping.
2024-12-06 19:51:18,803 [INFO] Episode 9 in 'D:\Masters\Sem5\uavRL\inference_outputs\Trajectories\gen\a2c_naturecnn_single_rgb_obstacle_weather_leavesfalling\a2c_naturecnn_single_rgb_obstacle_weather_leavesfalling_positions.csv' did not travel at least 9 meters. Skipping.
2024-12-06 19:51:18,804 [INFO] Episode 10 in 'D:\Masters\Sem5\uavRL\inference_outputs\Trajectories\gen\a2c_naturecnn_single_rgb_obstacle_weather_leavesfalling\a2c_naturecnn_single_rgb_obstacle_weather_leavesfalling_positions.csv' did not travel at least 9 meters. Skipping.
2024-12-06 19:51:18,805 [INFO] Episode 11 in 'D:\Masters\Sem5\uavRL\inference_outputs\Trajectories\gen\a2c_naturecnn_single_rgb_obstacle_weather_leavesfalling\a2c_naturecnn_single_rgb_obstacle_weather_leavesfalling_positions.csv' did not travel at least 9 meters. Skipping.
2024-12-06 19:51:18,805 [INFO] Episode 12 in 'D:\Masters\Sem5\uavRL\inference_outputs\Trajectories\gen\a2c_naturecnn_single_rgb_obstacle_weather_leavesfalling\a2c_naturecnn_single_rgb_obstacle_weather_leavesfalling_positions.csv' did not travel at least 9 meters. Skipping.
2024-12-06 19:51:18,806 [INFO] Episode 13 in 'D:\Masters\Sem5\uavRL\inference_outputs\Trajectories\gen\a2c_naturecnn_single_rgb_obstacle_weather_leavesfalling\a2c_naturecnn_single_rgb_obstacle_weather_leavesfalling_positions.csv' did not travel at least 9 meters. Skipping.
2024-12-06 19:51:18,807 [INFO] Episode 15 in 'D:\Masters\Sem5\uavRL\inference_outputs\Trajectories\gen\a2c_naturecnn_single_rgb_obstacle_weather_leavesfalling\a2c_naturecnn_single_rgb_obstacle_weather_leavesfalling_positions.csv' did not travel at least 9 meters. Skipping.
2024-12-06 19:51:18,807 [INFO] Episode 16 in 'D:\Masters\Sem5\uavRL\inference_outputs\Trajectories\gen\a2c_naturecnn_single_rgb_obstacle_weather_leavesfalling\a2c_naturecnn_single_rgb_obstacle_weather_leavesfalling_positions.csv' did not travel at least 9 meters. Skipping.
2024-12-06 19:51:18,808 [INFO] Episode 20 in 'D:\Masters\Sem5\uavRL\inference_outputs\Trajectories\gen\a2c_naturecnn_single_rgb_obstacle_weather_leavesfalling\a2c_naturecnn_single_rgb_obstacle_weather_leavesfalling_positions.csv' did not travel at least 9 meters. Skipping.
2024-12-06 19:51:18,809 [INFO] Episode 21 in 'D:\Masters\Sem5\uavRL\inference_outputs\Trajectories\gen\a2c_naturecnn_single_rgb_obstacle_weather_leavesfalling\a2c_naturecnn_single_rgb_obstacle_weather_leavesfalling_positions.csv' did not travel at least 9 meters. Skipping.
2024-12-06 19:51:18,810 [INFO] Episode 24 in 'D:\Masters\Sem5\uavRL\inference_outputs\Trajectories\gen\a2c_naturecnn_single_rgb_obstacle_weather_leavesfalling\a2c_naturecnn_single_rgb_obstacle_weather_leavesfalling_positions.csv' did not travel at least 9 meters. Skipping.
2024-12-06 19:51:18,812 [INFO] Episode 28 in 'D:\Masters\Sem5\uavRL\inference_outputs\Trajectories\gen\a2c_naturecnn_single_rgb_obstacle_weather_leavesfalling\a2c_naturecnn_single_rgb_obstacle_weather_leavesfalling_positions.csv' did not travel at least 9 meters. Skipping.
2024-12-06 19:51:18,813 [INFO] Episode 34 in 'D:\Masters\Sem5\uavRL\inference_outputs\Trajectories\gen\a2c_naturecnn_single_rgb_obstacle_weather_leavesfalling\a2c_naturecnn_single_rgb_obstacle_weather_leavesfalling_positions.csv' did not travel at least 9 meters. Skipping.
2024-12-06 19:51:18,815 [INFO] Episode 38 in 'D:\Masters\Sem5\uavRL\inference_outputs\Trajectories\gen\a2c_naturecnn_single_rgb_obstacle_weather_leavesfalling\a2c_naturecnn_single_rgb_obstacle_weather_leavesfalling_positions.csv' did not travel at least 9 meters. Skipping.
2024-12-06 19:51:18,818 [INFO] Episode 45 in 'D:\Masters\Sem5\uavRL\inference_outputs\Trajectories\gen\a2c_naturecnn_single_rgb_obstacle_weather_leavesfalling\a2c_naturecnn_single_rgb_obstacle_weather_leavesfalling_positions.csv' did not travel at least 9 meters. Skipping.
2024-12-06 19:51:18,819 [INFO] Episode 46 in 'D:\Masters\Sem5\uavRL\inference_outputs\Trajectories\gen\a2c_naturecnn_single_rgb_obstacle_weather_leavesfalling\a2c_naturecnn_single_rgb_obstacle_weather_leavesfalling_positions.csv' did not travel at least 9 meters. Skipping.
2024-12-06 19:51:18,819 [INFO] Episode 48 in 'D:\Masters\Sem5\uavRL\inference_outputs\Trajectories\gen\a2c_naturecnn_single_rgb_obstacle_weather_leavesfalling\a2c_naturecnn_single_rgb_obstacle_weather_leavesfalling_positions.csv' did not travel at least 9 meters. Skipping.
2024-12-06 19:51:18,820 [INFO] Episode 51 in 'D:\Masters\Sem5\uavRL\inference_outputs\Trajectories\gen\a2c_naturecnn_single_rgb_obstacle_weather_leavesfalling\a2c_naturecnn_single_rgb_obstacle_weather_leavesfalling_positions.csv' did not travel at least 9 meters. Skipping.
2024-12-06 19:51:18,822 [INFO] Episode 56 in 'D:\Masters\Sem5\uavRL\inference_outputs\Trajectories\gen\a2c_naturecnn_single_rgb_obstacle_weather_leavesfalling\a2c_naturecnn_single_rgb_obstacle_weather_leavesfalling_positions.csv' did not travel at least 9 meters. Skipping.
2024-12-06 19:51:18,823 [INFO] Episode 59 in 'D:\Masters\Sem5\uavRL\inference_outputs\Trajectories\gen\a2c_naturecnn_single_rgb_obstacle_weather_leavesfalling\a2c_naturecnn_single_rgb_obstacle_weather_leavesfalling_positions.csv' did not travel at least 9 meters. Skipping.
2024-12-06 19:51:18,824 [INFO] Episode 61 in 'D:\Masters\Sem5\uavRL\inference_outputs\Trajectories\gen\a2c_naturecnn_single_rgb_obstacle_weather_leavesfalling\a2c_naturecnn_single_rgb_obstacle_weather_leavesfalling_positions.csv' did not travel at least 9 meters. Skipping.
2024-12-06 19:51:18,828 [INFO] Episode 72 in 'D:\Masters\Sem5\uavRL\inference_outputs\Trajectories\gen\a2c_naturecnn_single_rgb_obstacle_weather_leavesfalling\a2c_naturecnn_single_rgb_obstacle_weather_leavesfalling_positions.csv' did not travel at least 9 meters. Skipping.
2024-12-06 19:51:18,831 [INFO] Episode 82 in 'D:\Masters\Sem5\uavRL\inference_outputs\Trajectories\gen\a2c_naturecnn_single_rgb_obstacle_weather_leavesfalling\a2c_naturecnn_single_rgb_obstacle_weather_leavesfalling_positions.csv' did not travel at least 9 meters. Skipping.
2024-12-06 19:51:18,832 [INFO] Episode 83 in 'D:\Masters\Sem5\uavRL\inference_outputs\Trajectories\gen\a2c_naturecnn_single_rgb_obstacle_weather_leavesfalling\a2c_naturecnn_single_rgb_obstacle_weather_leavesfalling_positions.csv' did not travel at least 9 meters. Skipping.
2024-12-06 19:51:18,833 [INFO] Episode 89 in 'D:\Masters\Sem5\uavRL\inference_outputs\Trajectories\gen\a2c_naturecnn_single_rgb_obstacle_weather_leavesfalling\a2c_naturecnn_single_rgb_obstacle_weather_leavesfalling_positions.csv' did not travel at least 9 meters. Skipping.
2024-12-06 19:51:18,835 [INFO] Episode 90 in 'D:\Masters\Sem5\uavRL\inference_outputs\Trajectories\gen\a2c_naturecnn_single_rgb_obstacle_weather_leavesfalling\a2c_naturecnn_single_rgb_obstacle_weather_leavesfalling_positions.csv' did not travel at least 9 meters. Skipping.
2024-12-06 19:51:18,836 [INFO] Episode 91 in 'D:\Masters\Sem5\uavRL\inference_outputs\Trajectories\gen\a2c_naturecnn_single_rgb_obstacle_weather_leavesfalling\a2c_naturecnn_single_rgb_obstacle_weather_leavesfalling_positions.csv' did not travel at least 9 meters. Skipping.
2024-12-06 19:51:18,837 [INFO] Episode 96 in 'D:\Masters\Sem5\uavRL\inference_outputs\Trajectories\gen\a2c_naturecnn_single_rgb_obstacle_weather_leavesfalling\a2c_naturecnn_single_rgb_obstacle_weather_leavesfalling_positions.csv' did not travel at least 9 meters. Skipping.
2024-12-06 19:51:18,839 [INFO] Episode 98 in 'D:\Masters\Sem5\uavRL\inference_outputs\Trajectories\gen\a2c_naturecnn_single_rgb_obstacle_weather_leavesfalling\a2c_naturecnn_single_rgb_obstacle_weather_leavesfalling_positions.csv' did not travel at least 9 meters. Skipping.
2024-12-06 19:51:18,840 [INFO] Episode 99 in 'D:\Masters\Sem5\uavRL\inference_outputs\Trajectories\gen\a2c_naturecnn_single_rgb_obstacle_weather_leavesfalling\a2c_naturecnn_single_rgb_obstacle_weather_leavesfalling_positions.csv' did not travel at least 9 meters. Skipping.
2024-12-06 19:51:18,852 [INFO] Successfully read 'D:\Masters\Sem5\uavRL\inference_outputs\Trajectories\gen\a2c_naturecnn_single_rgb_obstacle_weather_rainandfog\a2c_naturecnn_single_rgb_obstacle_weather_rainandfog_positions.csv'.
2024-12-06 19:51:18,854 [INFO] Episode 1 in 'D:\Masters\Sem5\uavRL\inference_outputs\Trajectories\gen\a2c_naturecnn_single_rgb_obstacle_weather_rainandfog\a2c_naturecnn_single_rgb_obstacle_weather_rainandfog_positions.csv' did not travel at least 9 meters. Skipping.
2024-12-06 19:51:18,855 [INFO] Episode 3 in 'D:\Masters\Sem5\uavRL\inference_outputs\Trajectories\gen\a2c_naturecnn_single_rgb_obstacle_weather_rainandfog\a2c_naturecnn_single_rgb_obstacle_weather_rainandfog_positions.csv' did not travel at least 9 meters. Skipping.
2024-12-06 19:51:18,855 [INFO] Episode 4 in 'D:\Masters\Sem5\uavRL\inference_outputs\Trajectories\gen\a2c_naturecnn_single_rgb_obstacle_weather_rainandfog\a2c_naturecnn_single_rgb_obstacle_weather_rainandfog_positions.csv' did not travel at least 9 meters. Skipping.
2024-12-06 19:51:18,856 [INFO] Episode 5 in 'D:\Masters\Sem5\uavRL\inference_outputs\Trajectories\gen\a2c_naturecnn_single_rgb_obstacle_weather_rainandfog\a2c_naturecnn_single_rgb_obstacle_weather_rainandfog_positions.csv' did not travel at least 9 meters. Skipping.
2024-12-06 19:51:18,856 [INFO] Episode 6 in 'D:\Masters\Sem5\uavRL\inference_outputs\Trajectories\gen\a2c_naturecnn_single_rgb_obstacle_weather_rainandfog\a2c_naturecnn_single_rgb_obstacle_weather_rainandfog_positions.csv' did not travel at least 9 meters. Skipping.
2024-12-06 19:51:18,857 [INFO] Episode 8 in 'D:\Masters\Sem5\uavRL\inference_outputs\Trajectories\gen\a2c_naturecnn_single_rgb_obstacle_weather_rainandfog\a2c_naturecnn_single_rgb_obstacle_weather_rainandfog_positions.csv' did not travel at least 9 meters. Skipping.
2024-12-06 19:51:18,858 [INFO] Episode 10 in 'D:\Masters\Sem5\uavRL\inference_outputs\Trajectories\gen\a2c_naturecnn_single_rgb_obstacle_weather_rainandfog\a2c_naturecnn_single_rgb_obstacle_weather_rainandfog_positions.csv' did not travel at least 9 meters. Skipping.
2024-12-06 19:51:18,859 [INFO] Episode 12 in 'D:\Masters\Sem5\uavRL\inference_outputs\Trajectories\gen\a2c_naturecnn_single_rgb_obstacle_weather_rainandfog\a2c_naturecnn_single_rgb_obstacle_weather_rainandfog_positions.csv' did not travel at least 9 meters. Skipping.
2024-12-06 19:51:18,859 [INFO] Episode 13 in 'D:\Masters\Sem5\uavRL\inference_outputs\Trajectories\gen\a2c_naturecnn_single_rgb_obstacle_weather_rainandfog\a2c_naturecnn_single_rgb_obstacle_weather_rainandfog_positions.csv' did not travel at least 9 meters. Skipping.
2024-12-06 19:51:18,860 [INFO] Episode 15 in 'D:\Masters\Sem5\uavRL\inference_outputs\Trajectories\gen\a2c_naturecnn_single_rgb_obstacle_weather_rainandfog\a2c_naturecnn_single_rgb_obstacle_weather_rainandfog_positions.csv' did not travel at least 9 meters. Skipping.
2024-12-06 19:51:18,861 [INFO] Episode 16 in 'D:\Masters\Sem5\uavRL\inference_outputs\Trajectories\gen\a2c_naturecnn_single_rgb_obstacle_weather_rainandfog\a2c_naturecnn_single_rgb_obstacle_weather_rainandfog_positions.csv' did not travel at least 9 meters. Skipping.
2024-12-06 19:51:18,861 [INFO] Episode 17 in 'D:\Masters\Sem5\uavRL\inference_outputs\Trajectories\gen\a2c_naturecnn_single_rgb_obstacle_weather_rainandfog\a2c_naturecnn_single_rgb_obstacle_weather_rainandfog_positions.csv' did not travel at least 9 meters. Skipping.
2024-12-06 19:51:18,862 [INFO] Episode 18 in 'D:\Masters\Sem5\uavRL\inference_outputs\Trajectories\gen\a2c_naturecnn_single_rgb_obstacle_weather_rainandfog\a2c_naturecnn_single_rgb_obstacle_weather_rainandfog_positions.csv' did not travel at least 9 meters. Skipping.
2024-12-06 19:51:18,863 [INFO] Episode 20 in 'D:\Masters\Sem5\uavRL\inference_outputs\Trajectories\gen\a2c_naturecnn_single_rgb_obstacle_weather_rainandfog\a2c_naturecnn_single_rgb_obstacle_weather_rainandfog_positions.csv' did not travel at least 9 meters. Skipping.
2024-12-06 19:51:18,864 [INFO] Episode 21 in 'D:\Masters\Sem5\uavRL\inference_outputs\Trajectories\gen\a2c_naturecnn_single_rgb_obstacle_weather_rainandfog\a2c_naturecnn_single_rgb_obstacle_weather_rainandfog_positions.csv' did not travel at least 9 meters. Skipping.
2024-12-06 19:51:18,864 [INFO] Episode 22 in 'D:\Masters\Sem5\uavRL\inference_outputs\Trajectories\gen\a2c_naturecnn_single_rgb_obstacle_weather_rainandfog\a2c_naturecnn_single_rgb_obstacle_weather_rainandfog_positions.csv' did not travel at least 9 meters. Skipping.
2024-12-06 19:51:18,865 [INFO] Episode 23 in 'D:\Masters\Sem5\uavRL\inference_outputs\Trajectories\gen\a2c_naturecnn_single_rgb_obstacle_weather_rainandfog\a2c_naturecnn_single_rgb_obstacle_weather_rainandfog_positions.csv' did not travel at least 9 meters. Skipping.
2024-12-06 19:51:18,866 [INFO] Episode 24 in 'D:\Masters\Sem5\uavRL\inference_outputs\Trajectories\gen\a2c_naturecnn_single_rgb_obstacle_weather_rainandfog\a2c_naturecnn_single_rgb_obstacle_weather_rainandfog_positions.csv' did not travel at least 9 meters. Skipping.
2024-12-06 19:51:18,867 [INFO] Episode 25 in 'D:\Masters\Sem5\uavRL\inference_outputs\Trajectories\gen\a2c_naturecnn_single_rgb_obstacle_weather_rainandfog\a2c_naturecnn_single_rgb_obstacle_weather_rainandfog_positions.csv' did not travel at least 9 meters. Skipping.
2024-12-06 19:51:18,867 [INFO] Episode 27 in 'D:\Masters\Sem5\uavRL\inference_outputs\Trajectories\gen\a2c_naturecnn_single_rgb_obstacle_weather_rainandfog\a2c_naturecnn_single_rgb_obstacle_weather_rainandfog_positions.csv' did not travel at least 9 meters. Skipping.
2024-12-06 19:51:18,868 [INFO] Episode 28 in 'D:\Masters\Sem5\uavRL\inference_outputs\Trajectories\gen\a2c_naturecnn_single_rgb_obstacle_weather_rainandfog\a2c_naturecnn_single_rgb_obstacle_weather_rainandfog_positions.csv' did not travel at least 9 meters. Skipping.
2024-12-06 19:51:18,868 [INFO] Episode 29 in 'D:\Masters\Sem5\uavRL\inference_outputs\Trajectories\gen\a2c_naturecnn_single_rgb_obstacle_weather_rainandfog\a2c_naturecnn_single_rgb_obstacle_weather_rainandfog_positions.csv' did not travel at least 9 meters. Skipping.
2024-12-06 19:51:18,869 [INFO] Episode 30 in 'D:\Masters\Sem5\uavRL\inference_outputs\Trajectories\gen\a2c_naturecnn_single_rgb_obstacle_weather_rainandfog\a2c_naturecnn_single_rgb_obstacle_weather_rainandfog_positions.csv' did not travel at least 9 meters. Skipping.
2024-12-06 19:51:18,869 [INFO] Episode 31 in 'D:\Masters\Sem5\uavRL\inference_outputs\Trajectories\gen\a2c_naturecnn_single_rgb_obstacle_weather_rainandfog\a2c_naturecnn_single_rgb_obstacle_weather_rainandfog_positions.csv' did not travel at least 9 meters. Skipping.
2024-12-06 19:51:18,870 [INFO] Episode 33 in 'D:\Masters\Sem5\uavRL\inference_outputs\Trajectories\gen\a2c_naturecnn_single_rgb_obstacle_weather_rainandfog\a2c_naturecnn_single_rgb_obstacle_weather_rainandfog_positions.csv' did not travel at least 9 meters. Skipping.
2024-12-06 19:51:18,871 [INFO] Episode 35 in 'D:\Masters\Sem5\uavRL\inference_outputs\Trajectories\gen\a2c_naturecnn_single_rgb_obstacle_weather_rainandfog\a2c_naturecnn_single_rgb_obstacle_weather_rainandfog_positions.csv' did not travel at least 9 meters. Skipping.
2024-12-06 19:51:18,873 [INFO] Episode 36 in 'D:\Masters\Sem5\uavRL\inference_outputs\Trajectories\gen\a2c_naturecnn_single_rgb_obstacle_weather_rainandfog\a2c_naturecnn_single_rgb_obstacle_weather_rainandfog_positions.csv' did not travel at least 9 meters. Skipping.
2024-12-06 19:51:18,873 [INFO] Episode 37 in 'D:\Masters\Sem5\uavRL\inference_outputs\Trajectories\gen\a2c_naturecnn_single_rgb_obstacle_weather_rainandfog\a2c_naturecnn_single_rgb_obstacle_weather_rainandfog_positions.csv' did not travel at least 9 meters. Skipping.
2024-12-06 19:51:18,874 [INFO] Episode 38 in 'D:\Masters\Sem5\uavRL\inference_outputs\Trajectories\gen\a2c_naturecnn_single_rgb_obstacle_weather_rainandfog\a2c_naturecnn_single_rgb_obstacle_weather_rainandfog_positions.csv' did not travel at least 9 meters. Skipping.
2024-12-06 19:51:18,875 [INFO] Episode 40 in 'D:\Masters\Sem5\uavRL\inference_outputs\Trajectories\gen\a2c_naturecnn_single_rgb_obstacle_weather_rainandfog\a2c_naturecnn_single_rgb_obstacle_weather_rainandfog_positions.csv' did not travel at least 9 meters. Skipping.
2024-12-06 19:51:18,876 [INFO] Episode 44 in 'D:\Masters\Sem5\uavRL\inference_outputs\Trajectories\gen\a2c_naturecnn_single_rgb_obstacle_weather_rainandfog\a2c_naturecnn_single_rgb_obstacle_weather_rainandfog_positions.csv' did not travel at least 9 meters. Skipping.
2024-12-06 19:51:18,877 [INFO] Episode 45 in 'D:\Masters\Sem5\uavRL\inference_outputs\Trajectories\gen\a2c_naturecnn_single_rgb_obstacle_weather_rainandfog\a2c_naturecnn_single_rgb_obstacle_weather_rainandfog_positions.csv' did not travel at least 9 meters. Skipping.
2024-12-06 19:51:18,878 [INFO] Episode 47 in 'D:\Masters\Sem5\uavRL\inference_outputs\Trajectories\gen\a2c_naturecnn_single_rgb_obstacle_weather_rainandfog\a2c_naturecnn_single_rgb_obstacle_weather_rainandfog_positions.csv' did not travel at least 9 meters. Skipping.
2024-12-06 19:51:18,879 [INFO] Episode 49 in 'D:\Masters\Sem5\uavRL\inference_outputs\Trajectories\gen\a2c_naturecnn_single_rgb_obstacle_weather_rainandfog\a2c_naturecnn_single_rgb_obstacle_weather_rainandfog_positions.csv' did not travel at least 9 meters. Skipping.
2024-12-06 19:51:18,879 [INFO] Episode 50 in 'D:\Masters\Sem5\uavRL\inference_outputs\Trajectories\gen\a2c_naturecnn_single_rgb_obstacle_weather_rainandfog\a2c_naturecnn_single_rgb_obstacle_weather_rainandfog_positions.csv' did not travel at least 9 meters. Skipping.
2024-12-06 19:51:18,880 [INFO] Episode 52 in 'D:\Masters\Sem5\uavRL\inference_outputs\Trajectories\gen\a2c_naturecnn_single_rgb_obstacle_weather_rainandfog\a2c_naturecnn_single_rgb_obstacle_weather_rainandfog_positions.csv' did not travel at least 9 meters. Skipping.
2024-12-06 19:51:18,881 [INFO] Episode 53 in 'D:\Masters\Sem5\uavRL\inference_outputs\Trajectories\gen\a2c_naturecnn_single_rgb_obstacle_weather_rainandfog\a2c_naturecnn_single_rgb_obstacle_weather_rainandfog_positions.csv' did not travel at least 9 meters. Skipping.
2024-12-06 19:51:18,882 [INFO] Episode 54 in 'D:\Masters\Sem5\uavRL\inference_outputs\Trajectories\gen\a2c_naturecnn_single_rgb_obstacle_weather_rainandfog\a2c_naturecnn_single_rgb_obstacle_weather_rainandfog_positions.csv' did not travel at least 9 meters. Skipping.
2024-12-06 19:51:18,882 [INFO] Episode 56 in 'D:\Masters\Sem5\uavRL\inference_outputs\Trajectories\gen\a2c_naturecnn_single_rgb_obstacle_weather_rainandfog\a2c_naturecnn_single_rgb_obstacle_weather_rainandfog_positions.csv' did not travel at least 9 meters. Skipping.
2024-12-06 19:51:18,884 [INFO] Episode 58 in 'D:\Masters\Sem5\uavRL\inference_outputs\Trajectories\gen\a2c_naturecnn_single_rgb_obstacle_weather_rainandfog\a2c_naturecnn_single_rgb_obstacle_weather_rainandfog_positions.csv' did not travel at least 9 meters. Skipping.
2024-12-06 19:51:18,884 [INFO] Episode 59 in 'D:\Masters\Sem5\uavRL\inference_outputs\Trajectories\gen\a2c_naturecnn_single_rgb_obstacle_weather_rainandfog\a2c_naturecnn_single_rgb_obstacle_weather_rainandfog_positions.csv' did not travel at least 9 meters. Skipping.
2024-12-06 19:51:18,885 [INFO] Episode 62 in 'D:\Masters\Sem5\uavRL\inference_outputs\Trajectories\gen\a2c_naturecnn_single_rgb_obstacle_weather_rainandfog\a2c_naturecnn_single_rgb_obstacle_weather_rainandfog_positions.csv' did not travel at least 9 meters. Skipping.
2024-12-06 19:51:18,887 [INFO] Episode 65 in 'D:\Masters\Sem5\uavRL\inference_outputs\Trajectories\gen\a2c_naturecnn_single_rgb_obstacle_weather_rainandfog\a2c_naturecnn_single_rgb_obstacle_weather_rainandfog_positions.csv' did not travel at least 9 meters. Skipping.
2024-12-06 19:51:18,888 [INFO] Episode 66 in 'D:\Masters\Sem5\uavRL\inference_outputs\Trajectories\gen\a2c_naturecnn_single_rgb_obstacle_weather_rainandfog\a2c_naturecnn_single_rgb_obstacle_weather_rainandfog_positions.csv' did not travel at least 9 meters. Skipping.
2024-12-06 19:51:18,889 [INFO] Episode 68 in 'D:\Masters\Sem5\uavRL\inference_outputs\Trajectories\gen\a2c_naturecnn_single_rgb_obstacle_weather_rainandfog\a2c_naturecnn_single_rgb_obstacle_weather_rainandfog_positions.csv' did not travel at least 9 meters. Skipping.
2024-12-06 19:51:18,889 [INFO] Episode 69 in 'D:\Masters\Sem5\uavRL\inference_outputs\Trajectories\gen\a2c_naturecnn_single_rgb_obstacle_weather_rainandfog\a2c_naturecnn_single_rgb_obstacle_weather_rainandfog_positions.csv' did not travel at least 9 meters. Skipping.
2024-12-06 19:51:18,890 [INFO] Episode 70 in 'D:\Masters\Sem5\uavRL\inference_outputs\Trajectories\gen\a2c_naturecnn_single_rgb_obstacle_weather_rainandfog\a2c_naturecnn_single_rgb_obstacle_weather_rainandfog_positions.csv' did not travel at least 9 meters. Skipping.
2024-12-06 19:51:18,892 [INFO] Episode 72 in 'D:\Masters\Sem5\uavRL\inference_outputs\Trajectories\gen\a2c_naturecnn_single_rgb_obstacle_weather_rainandfog\a2c_naturecnn_single_rgb_obstacle_weather_rainandfog_positions.csv' did not travel at least 9 meters. Skipping.
2024-12-06 19:51:18,892 [INFO] Episode 75 in 'D:\Masters\Sem5\uavRL\inference_outputs\Trajectories\gen\a2c_naturecnn_single_rgb_obstacle_weather_rainandfog\a2c_naturecnn_single_rgb_obstacle_weather_rainandfog_positions.csv' did not travel at least 9 meters. Skipping.
2024-12-06 19:51:18,893 [INFO] Episode 76 in 'D:\Masters\Sem5\uavRL\inference_outputs\Trajectories\gen\a2c_naturecnn_single_rgb_obstacle_weather_rainandfog\a2c_naturecnn_single_rgb_obstacle_weather_rainandfog_positions.csv' did not travel at least 9 meters. Skipping.
2024-12-06 19:51:18,895 [INFO] Episode 79 in 'D:\Masters\Sem5\uavRL\inference_outputs\Trajectories\gen\a2c_naturecnn_single_rgb_obstacle_weather_rainandfog\a2c_naturecnn_single_rgb_obstacle_weather_rainandfog_positions.csv' did not travel at least 9 meters. Skipping.
2024-12-06 19:51:18,895 [INFO] Episode 80 in 'D:\Masters\Sem5\uavRL\inference_outputs\Trajectories\gen\a2c_naturecnn_single_rgb_obstacle_weather_rainandfog\a2c_naturecnn_single_rgb_obstacle_weather_rainandfog_positions.csv' did not travel at least 9 meters. Skipping.
2024-12-06 19:51:18,897 [INFO] Episode 81 in 'D:\Masters\Sem5\uavRL\inference_outputs\Trajectories\gen\a2c_naturecnn_single_rgb_obstacle_weather_rainandfog\a2c_naturecnn_single_rgb_obstacle_weather_rainandfog_positions.csv' did not travel at least 9 meters. Skipping.
2024-12-06 19:51:18,897 [INFO] Episode 83 in 'D:\Masters\Sem5\uavRL\inference_outputs\Trajectories\gen\a2c_naturecnn_single_rgb_obstacle_weather_rainandfog\a2c_naturecnn_single_rgb_obstacle_weather_rainandfog_positions.csv' did not travel at least 9 meters. Skipping.
2024-12-06 19:51:18,898 [INFO] Episode 86 in 'D:\Masters\Sem5\uavRL\inference_outputs\Trajectories\gen\a2c_naturecnn_single_rgb_obstacle_weather_rainandfog\a2c_naturecnn_single_rgb_obstacle_weather_rainandfog_positions.csv' did not travel at least 9 meters. Skipping.
2024-12-06 19:51:18,899 [INFO] Episode 87 in 'D:\Masters\Sem5\uavRL\inference_outputs\Trajectories\gen\a2c_naturecnn_single_rgb_obstacle_weather_rainandfog\a2c_naturecnn_single_rgb_obstacle_weather_rainandfog_positions.csv' did not travel at least 9 meters. Skipping.
2024-12-06 19:51:18,899 [INFO] Episode 89 in 'D:\Masters\Sem5\uavRL\inference_outputs\Trajectories\gen\a2c_naturecnn_single_rgb_obstacle_weather_rainandfog\a2c_naturecnn_single_rgb_obstacle_weather_rainandfog_positions.csv' did not travel at least 9 meters. Skipping.
2024-12-06 19:51:18,900 [INFO] Episode 90 in 'D:\Masters\Sem5\uavRL\inference_outputs\Trajectories\gen\a2c_naturecnn_single_rgb_obstacle_weather_rainandfog\a2c_naturecnn_single_rgb_obstacle_weather_rainandfog_positions.csv' did not travel at least 9 meters. Skipping.
2024-12-06 19:51:18,900 [INFO] Episode 91 in 'D:\Masters\Sem5\uavRL\inference_outputs\Trajectories\gen\a2c_naturecnn_single_rgb_obstacle_weather_rainandfog\a2c_naturecnn_single_rgb_obstacle_weather_rainandfog_positions.csv' did not travel at least 9 meters. Skipping.
2024-12-06 19:51:18,901 [INFO] Episode 92 in 'D:\Masters\Sem5\uavRL\inference_outputs\Trajectories\gen\a2c_naturecnn_single_rgb_obstacle_weather_rainandfog\a2c_naturecnn_single_rgb_obstacle_weather_rainandfog_positions.csv' did not travel at least 9 meters. Skipping.
2024-12-06 19:51:18,902 [INFO] Episode 93 in 'D:\Masters\Sem5\uavRL\inference_outputs\Trajectories\gen\a2c_naturecnn_single_rgb_obstacle_weather_rainandfog\a2c_naturecnn_single_rgb_obstacle_weather_rainandfog_positions.csv' did not travel at least 9 meters. Skipping.
2024-12-06 19:51:18,902 [INFO] Episode 94 in 'D:\Masters\Sem5\uavRL\inference_outputs\Trajectories\gen\a2c_naturecnn_single_rgb_obstacle_weather_rainandfog\a2c_naturecnn_single_rgb_obstacle_weather_rainandfog_positions.csv' did not travel at least 9 meters. Skipping.
2024-12-06 19:51:18,904 [INFO] Episode 96 in 'D:\Masters\Sem5\uavRL\inference_outputs\Trajectories\gen\a2c_naturecnn_single_rgb_obstacle_weather_rainandfog\a2c_naturecnn_single_rgb_obstacle_weather_rainandfog_positions.csv' did not travel at least 9 meters. Skipping.
2024-12-06 19:51:18,905 [INFO] Episode 99 in 'D:\Masters\Sem5\uavRL\inference_outputs\Trajectories\gen\a2c_naturecnn_single_rgb_obstacle_weather_rainandfog\a2c_naturecnn_single_rgb_obstacle_weather_rainandfog_positions.csv' did not travel at least 9 meters. Skipping.
2024-12-06 19:51:18,906 [INFO] Episode 100 in 'D:\Masters\Sem5\uavRL\inference_outputs\Trajectories\gen\a2c_naturecnn_single_rgb_obstacle_weather_rainandfog\a2c_naturecnn_single_rgb_obstacle_weather_rainandfog_positions.csv' did not travel at least 9 meters. Skipping.
2024-12-06 19:51:18,914 [INFO] Successfully read 'D:\Masters\Sem5\uavRL\inference_outputs\Trajectories\gen\a2c_naturecnn_single_rgb_obstacle_weather_snowonly\a2c_naturecnn_single_rgb_obstacle_weather_snowonly_positions.csv'.
2024-12-06 19:51:18,916 [INFO] Episode 1 in 'D:\Masters\Sem5\uavRL\inference_outputs\Trajectories\gen\a2c_naturecnn_single_rgb_obstacle_weather_snowonly\a2c_naturecnn_single_rgb_obstacle_weather_snowonly_positions.csv' did not travel at least 9 meters. Skipping.
2024-12-06 19:51:18,917 [INFO] Episode 3 in 'D:\Masters\Sem5\uavRL\inference_outputs\Trajectories\gen\a2c_naturecnn_single_rgb_obstacle_weather_snowonly\a2c_naturecnn_single_rgb_obstacle_weather_snowonly_positions.csv' did not travel at least 9 meters. Skipping.
2024-12-06 19:51:18,918 [INFO] Episode 4 in 'D:\Masters\Sem5\uavRL\inference_outputs\Trajectories\gen\a2c_naturecnn_single_rgb_obstacle_weather_snowonly\a2c_naturecnn_single_rgb_obstacle_weather_snowonly_positions.csv' did not travel at least 9 meters. Skipping.
2024-12-06 19:51:18,919 [INFO] Episode 6 in 'D:\Masters\Sem5\uavRL\inference_outputs\Trajectories\gen\a2c_naturecnn_single_rgb_obstacle_weather_snowonly\a2c_naturecnn_single_rgb_obstacle_weather_snowonly_positions.csv' did not travel at least 9 meters. Skipping.
2024-12-06 19:51:18,919 [INFO] Episode 8 in 'D:\Masters\Sem5\uavRL\inference_outputs\Trajectories\gen\a2c_naturecnn_single_rgb_obstacle_weather_snowonly\a2c_naturecnn_single_rgb_obstacle_weather_snowonly_positions.csv' did not travel at least 9 meters. Skipping.
2024-12-06 19:51:18,921 [INFO] Episode 13 in 'D:\Masters\Sem5\uavRL\inference_outputs\Trajectories\gen\a2c_naturecnn_single_rgb_obstacle_weather_snowonly\a2c_naturecnn_single_rgb_obstacle_weather_snowonly_positions.csv' did not travel at least 9 meters. Skipping.
2024-12-06 19:51:18,922 [INFO] Episode 15 in 'D:\Masters\Sem5\uavRL\inference_outputs\Trajectories\gen\a2c_naturecnn_single_rgb_obstacle_weather_snowonly\a2c_naturecnn_single_rgb_obstacle_weather_snowonly_positions.csv' did not travel at least 9 meters. Skipping.
2024-12-06 19:51:18,923 [INFO] Episode 18 in 'D:\Masters\Sem5\uavRL\inference_outputs\Trajectories\gen\a2c_naturecnn_single_rgb_obstacle_weather_snowonly\a2c_naturecnn_single_rgb_obstacle_weather_snowonly_positions.csv' did not travel at least 9 meters. Skipping.
2024-12-06 19:51:18,961 [INFO] Episode 20 in 'D:\Masters\Sem5\uavRL\inference_outputs\Trajectories\gen\a2c_naturecnn_single_rgb_obstacle_weather_snowonly\a2c_naturecnn_single_rgb_obstacle_weather_snowonly_positions.csv' did not travel at least 9 meters. Skipping.
2024-12-06 19:51:18,963 [INFO] Episode 23 in 'D:\Masters\Sem5\uavRL\inference_outputs\Trajectories\gen\a2c_naturecnn_single_rgb_obstacle_weather_snowonly\a2c_naturecnn_single_rgb_obstacle_weather_snowonly_positions.csv' did not travel at least 9 meters. Skipping.
2024-12-06 19:51:18,964 [INFO] Episode 24 in 'D:\Masters\Sem5\uavRL\inference_outputs\Trajectories\gen\a2c_naturecnn_single_rgb_obstacle_weather_snowonly\a2c_naturecnn_single_rgb_obstacle_weather_snowonly_positions.csv' did not travel at least 9 meters. Skipping.
2024-12-06 19:51:18,964 [INFO] Episode 25 in 'D:\Masters\Sem5\uavRL\inference_outputs\Trajectories\gen\a2c_naturecnn_single_rgb_obstacle_weather_snowonly\a2c_naturecnn_single_rgb_obstacle_weather_snowonly_positions.csv' did not travel at least 9 meters. Skipping.
2024-12-06 19:51:18,965 [INFO] Episode 27 in 'D:\Masters\Sem5\uavRL\inference_outputs\Trajectories\gen\a2c_naturecnn_single_rgb_obstacle_weather_snowonly\a2c_naturecnn_single_rgb_obstacle_weather_snowonly_positions.csv' did not travel at least 9 meters. Skipping.
2024-12-06 19:51:18,965 [INFO] Episode 28 in 'D:\Masters\Sem5\uavRL\inference_outputs\Trajectories\gen\a2c_naturecnn_single_rgb_obstacle_weather_snowonly\a2c_naturecnn_single_rgb_obstacle_weather_snowonly_positions.csv' did not travel at least 9 meters. Skipping.
2024-12-06 19:51:18,968 [INFO] Episode 30 in 'D:\Masters\Sem5\uavRL\inference_outputs\Trajectories\gen\a2c_naturecnn_single_rgb_obstacle_weather_snowonly\a2c_naturecnn_single_rgb_obstacle_weather_snowonly_positions.csv' did not travel at least 9 meters. Skipping.
2024-12-06 19:51:18,969 [INFO] Episode 34 in 'D:\Masters\Sem5\uavRL\inference_outputs\Trajectories\gen\a2c_naturecnn_single_rgb_obstacle_weather_snowonly\a2c_naturecnn_single_rgb_obstacle_weather_snowonly_positions.csv' did not travel at least 9 meters. Skipping.
2024-12-06 19:51:18,970 [INFO] Episode 36 in 'D:\Masters\Sem5\uavRL\inference_outputs\Trajectories\gen\a2c_naturecnn_single_rgb_obstacle_weather_snowonly\a2c_naturecnn_single_rgb_obstacle_weather_snowonly_positions.csv' did not travel at least 9 meters. Skipping.
2024-12-06 19:51:18,971 [INFO] Episode 38 in 'D:\Masters\Sem5\uavRL\inference_outputs\Trajectories\gen\a2c_naturecnn_single_rgb_obstacle_weather_snowonly\a2c_naturecnn_single_rgb_obstacle_weather_snowonly_positions.csv' did not travel at least 9 meters. Skipping.
2024-12-06 19:51:18,973 [INFO] Episode 40 in 'D:\Masters\Sem5\uavRL\inference_outputs\Trajectories\gen\a2c_naturecnn_single_rgb_obstacle_weather_snowonly\a2c_naturecnn_single_rgb_obstacle_weather_snowonly_positions.csv' did not travel at least 9 meters. Skipping.
2024-12-06 19:51:18,973 [INFO] Episode 41 in 'D:\Masters\Sem5\uavRL\inference_outputs\Trajectories\gen\a2c_naturecnn_single_rgb_obstacle_weather_snowonly\a2c_naturecnn_single_rgb_obstacle_weather_snowonly_positions.csv' did not travel at least 9 meters. Skipping.
2024-12-06 19:51:18,974 [INFO] Episode 42 in 'D:\Masters\Sem5\uavRL\inference_outputs\Trajectories\gen\a2c_naturecnn_single_rgb_obstacle_weather_snowonly\a2c_naturecnn_single_rgb_obstacle_weather_snowonly_positions.csv' did not travel at least 9 meters. Skipping.
2024-12-06 19:51:18,975 [INFO] Episode 43 in 'D:\Masters\Sem5\uavRL\inference_outputs\Trajectories\gen\a2c_naturecnn_single_rgb_obstacle_weather_snowonly\a2c_naturecnn_single_rgb_obstacle_weather_snowonly_positions.csv' did not travel at least 9 meters. Skipping.
2024-12-06 19:51:18,977 [INFO] Episode 48 in 'D:\Masters\Sem5\uavRL\inference_outputs\Trajectories\gen\a2c_naturecnn_single_rgb_obstacle_weather_snowonly\a2c_naturecnn_single_rgb_obstacle_weather_snowonly_positions.csv' did not travel at least 9 meters. Skipping.
2024-12-06 19:51:18,981 [INFO] Episode 54 in 'D:\Masters\Sem5\uavRL\inference_outputs\Trajectories\gen\a2c_naturecnn_single_rgb_obstacle_weather_snowonly\a2c_naturecnn_single_rgb_obstacle_weather_snowonly_positions.csv' did not travel at least 9 meters. Skipping.
2024-12-06 19:51:18,983 [INFO] Episode 57 in 'D:\Masters\Sem5\uavRL\inference_outputs\Trajectories\gen\a2c_naturecnn_single_rgb_obstacle_weather_snowonly\a2c_naturecnn_single_rgb_obstacle_weather_snowonly_positions.csv' did not travel at least 9 meters. Skipping.
2024-12-06 19:51:18,983 [INFO] Episode 58 in 'D:\Masters\Sem5\uavRL\inference_outputs\Trajectories\gen\a2c_naturecnn_single_rgb_obstacle_weather_snowonly\a2c_naturecnn_single_rgb_obstacle_weather_snowonly_positions.csv' did not travel at least 9 meters. Skipping.
2024-12-06 19:51:18,985 [INFO] Episode 60 in 'D:\Masters\Sem5\uavRL\inference_outputs\Trajectories\gen\a2c_naturecnn_single_rgb_obstacle_weather_snowonly\a2c_naturecnn_single_rgb_obstacle_weather_snowonly_positions.csv' did not travel at least 9 meters. Skipping.
2024-12-06 19:51:18,986 [INFO] Episode 63 in 'D:\Masters\Sem5\uavRL\inference_outputs\Trajectories\gen\a2c_naturecnn_single_rgb_obstacle_weather_snowonly\a2c_naturecnn_single_rgb_obstacle_weather_snowonly_positions.csv' did not travel at least 9 meters. Skipping.
2024-12-06 19:51:18,988 [INFO] Episode 64 in 'D:\Masters\Sem5\uavRL\inference_outputs\Trajectories\gen\a2c_naturecnn_single_rgb_obstacle_weather_snowonly\a2c_naturecnn_single_rgb_obstacle_weather_snowonly_positions.csv' did not travel at least 9 meters. Skipping.
2024-12-06 19:51:18,989 [INFO] Episode 65 in 'D:\Masters\Sem5\uavRL\inference_outputs\Trajectories\gen\a2c_naturecnn_single_rgb_obstacle_weather_snowonly\a2c_naturecnn_single_rgb_obstacle_weather_snowonly_positions.csv' did not travel at least 9 meters. Skipping.
2024-12-06 19:51:18,990 [INFO] Episode 66 in 'D:\Masters\Sem5\uavRL\inference_outputs\Trajectories\gen\a2c_naturecnn_single_rgb_obstacle_weather_snowonly\a2c_naturecnn_single_rgb_obstacle_weather_snowonly_positions.csv' did not travel at least 9 meters. Skipping.
2024-12-06 19:51:18,992 [INFO] Episode 68 in 'D:\Masters\Sem5\uavRL\inference_outputs\Trajectories\gen\a2c_naturecnn_single_rgb_obstacle_weather_snowonly\a2c_naturecnn_single_rgb_obstacle_weather_snowonly_positions.csv' did not travel at least 9 meters. Skipping.
2024-12-06 19:51:18,993 [INFO] Episode 69 in 'D:\Masters\Sem5\uavRL\inference_outputs\Trajectories\gen\a2c_naturecnn_single_rgb_obstacle_weather_snowonly\a2c_naturecnn_single_rgb_obstacle_weather_snowonly_positions.csv' did not travel at least 9 meters. Skipping.
2024-12-06 19:51:18,994 [INFO] Episode 71 in 'D:\Masters\Sem5\uavRL\inference_outputs\Trajectories\gen\a2c_naturecnn_single_rgb_obstacle_weather_snowonly\a2c_naturecnn_single_rgb_obstacle_weather_snowonly_positions.csv' did not travel at least 9 meters. Skipping.
2024-12-06 19:51:18,995 [INFO] Episode 72 in 'D:\Masters\Sem5\uavRL\inference_outputs\Trajectories\gen\a2c_naturecnn_single_rgb_obstacle_weather_snowonly\a2c_naturecnn_single_rgb_obstacle_weather_snowonly_positions.csv' did not travel at least 9 meters. Skipping.
2024-12-06 19:51:18,996 [INFO] Episode 73 in 'D:\Masters\Sem5\uavRL\inference_outputs\Trajectories\gen\a2c_naturecnn_single_rgb_obstacle_weather_snowonly\a2c_naturecnn_single_rgb_obstacle_weather_snowonly_positions.csv' did not travel at least 9 meters. Skipping.
2024-12-06 19:51:18,996 [INFO] Episode 74 in 'D:\Masters\Sem5\uavRL\inference_outputs\Trajectories\gen\a2c_naturecnn_single_rgb_obstacle_weather_snowonly\a2c_naturecnn_single_rgb_obstacle_weather_snowonly_positions.csv' did not travel at least 9 meters. Skipping.
2024-12-06 19:51:18,999 [INFO] Episode 80 in 'D:\Masters\Sem5\uavRL\inference_outputs\Trajectories\gen\a2c_naturecnn_single_rgb_obstacle_weather_snowonly\a2c_naturecnn_single_rgb_obstacle_weather_snowonly_positions.csv' did not travel at least 9 meters. Skipping.
2024-12-06 19:51:19,000 [INFO] Episode 84 in 'D:\Masters\Sem5\uavRL\inference_outputs\Trajectories\gen\a2c_naturecnn_single_rgb_obstacle_weather_snowonly\a2c_naturecnn_single_rgb_obstacle_weather_snowonly_positions.csv' did not travel at least 9 meters. Skipping.
2024-12-06 19:51:19,003 [INFO] Episode 90 in 'D:\Masters\Sem5\uavRL\inference_outputs\Trajectories\gen\a2c_naturecnn_single_rgb_obstacle_weather_snowonly\a2c_naturecnn_single_rgb_obstacle_weather_snowonly_positions.csv' did not travel at least 9 meters. Skipping.
2024-12-06 19:51:19,003 [INFO] Episode 91 in 'D:\Masters\Sem5\uavRL\inference_outputs\Trajectories\gen\a2c_naturecnn_single_rgb_obstacle_weather_snowonly\a2c_naturecnn_single_rgb_obstacle_weather_snowonly_positions.csv' did not travel at least 9 meters. Skipping.
2024-12-06 19:51:19,004 [INFO] Episode 92 in 'D:\Masters\Sem5\uavRL\inference_outputs\Trajectories\gen\a2c_naturecnn_single_rgb_obstacle_weather_snowonly\a2c_naturecnn_single_rgb_obstacle_weather_snowonly_positions.csv' did not travel at least 9 meters. Skipping.
2024-12-06 19:51:19,005 [INFO] Episode 93 in 'D:\Masters\Sem5\uavRL\inference_outputs\Trajectories\gen\a2c_naturecnn_single_rgb_obstacle_weather_snowonly\a2c_naturecnn_single_rgb_obstacle_weather_snowonly_positions.csv' did not travel at least 9 meters. Skipping.
2024-12-06 19:51:19,007 [INFO] Episode 94 in 'D:\Masters\Sem5\uavRL\inference_outputs\Trajectories\gen\a2c_naturecnn_single_rgb_obstacle_weather_snowonly\a2c_naturecnn_single_rgb_obstacle_weather_snowonly_positions.csv' did not travel at least 9 meters. Skipping.
2024-12-06 19:51:19,008 [INFO] Episode 95 in 'D:\Masters\Sem5\uavRL\inference_outputs\Trajectories\gen\a2c_naturecnn_single_rgb_obstacle_weather_snowonly\a2c_naturecnn_single_rgb_obstacle_weather_snowonly_positions.csv' did not travel at least 9 meters. Skipping.
2024-12-06 19:51:19,009 [INFO] Episode 97 in 'D:\Masters\Sem5\uavRL\inference_outputs\Trajectories\gen\a2c_naturecnn_single_rgb_obstacle_weather_snowonly\a2c_naturecnn_single_rgb_obstacle_weather_snowonly_positions.csv' did not travel at least 9 meters. Skipping.
2024-12-06 19:51:19,016 [INFO] Wall positions determined at: [3.7, 7.4, 11.100000000000001, 14.8, 18.5, 22.2]
2024-12-06 19:51:19,018 [INFO] Plotted mean trajectory from 'a2c_naturecnn_single_rgb_positions.csv' with color 'blue'.
2024-12-06 19:51:19,020 [INFO] Plotted mean trajectory from 'a2c_naturecnn_single_rgb_obstacle_weather_leavesfalling_positions.csv' with color 'green'.
2024-12-06 19:51:19,021 [INFO] Plotted mean trajectory from 'a2c_naturecnn_single_rgb_obstacle_weather_rainandfog_positions.csv' with color 'orange'.
2024-12-06 19:51:19,022 [INFO] Plotted mean trajectory from 'a2c_naturecnn_single_rgb_obstacle_weather_snowonly_positions.csv' with color 'purple'.
2024-12-06 19:51:19,071 [INFO] Added wall surface at X=3.7 with Trajectory Variations and Passages.
2024-12-06 19:51:19,122 [INFO] Added wall surface at X=7.4 with Trajectory Variations and Passages.
2024-12-06 19:51:19,170 [INFO] Added wall surface at X=11.100000000000001 with Trajectory Variations and Passages.
2024-12-06 19:51:19,230 [INFO] Added wall surface at X=14.8 with Trajectory Variations and Passages.
2024-12-06 19:51:19,291 [INFO] Added wall surface at X=18.5 with Trajectory Variations and Passages.
2024-12-06 19:51:19,294 [WARNING] No data near wall at X=22.2. Skipping hole creation.
2024-12-06 19:51:19,295 [INFO] Completed plotting walls and holes.
2024-12-06 19:51:19,465 [INFO] Similarity between 'a2c_naturecnn_single_rgb_positions.csv' and 'a2c_naturecnn_single_rgb_obstacle_weather_leavesfalling_positions.csv':
2024-12-06 19:51:19,465 [INFO]   - Cosine Similarity (Mean): 0.9405
2024-12-06 19:51:19,467 [INFO]   - Pearson Correlation (Mean): 0.7681
2024-12-06 19:51:19,467 [INFO]   - Normalized Cross-Correlation (Mean): 0.7766
2024-12-06 19:51:19,467 [INFO]   - Lag at Max NCC (Y): 6, (Z): 1
2024-12-06 19:51:19,475 [INFO] Similarity between 'a2c_naturecnn_single_rgb_positions.csv' and 'a2c_naturecnn_single_rgb_obstacle_weather_rainandfog_positions.csv':
2024-12-06 19:51:19,477 [INFO]   - Cosine Similarity (Mean): 0.9695
2024-12-06 19:51:19,477 [INFO]   - Pearson Correlation (Mean): 0.8243
2024-12-06 19:51:19,477 [INFO]   - Normalized Cross-Correlation (Mean): 0.8265
2024-12-06 19:51:19,477 [INFO]   - Lag at Max NCC (Y): 0, (Z): -5
2024-12-06 19:51:19,488 [INFO] Similarity between 'a2c_naturecnn_single_rgb_positions.csv' and 'a2c_naturecnn_single_rgb_obstacle_weather_snowonly_positions.csv':
2024-12-06 19:51:19,488 [INFO]   - Cosine Similarity (Mean): 0.9267
2024-12-06 19:51:19,489 [INFO]   - Pearson Correlation (Mean): 0.5908
2024-12-06 19:51:19,489 [INFO]   - Normalized Cross-Correlation (Mean): 0.6710
2024-12-06 19:51:19,489 [INFO]   - Lag at Max NCC (Y): -109, (Z): 0
2024-12-06 19:51:19,500 [INFO] Similarity between 'a2c_naturecnn_single_rgb_obstacle_weather_leavesfalling_positions.csv' and 'a2c_naturecnn_single_rgb_obstacle_weather_rainandfog_positions.csv':
2024-12-06 19:51:19,500 [INFO]   - Cosine Similarity (Mean): 0.9414
2024-12-06 19:51:19,500 [INFO]   - Pearson Correlation (Mean): 0.6773
2024-12-06 19:51:19,500 [INFO]   - Normalized Cross-Correlation (Mean): 0.6789
2024-12-06 19:51:19,502 [INFO]   - Lag at Max NCC (Y): 0, (Z): -5
2024-12-06 19:51:19,513 [INFO] Similarity between 'a2c_naturecnn_single_rgb_obstacle_weather_leavesfalling_positions.csv' and 'a2c_naturecnn_single_rgb_obstacle_weather_snowonly_positions.csv':
2024-12-06 19:51:19,513 [INFO]   - Cosine Similarity (Mean): 0.9174
2024-12-06 19:51:19,514 [INFO]   - Pearson Correlation (Mean): 0.6461
2024-12-06 19:51:19,514 [INFO]   - Normalized Cross-Correlation (Mean): 0.6637
2024-12-06 19:51:19,514 [INFO]   - Lag at Max NCC (Y): -14, (Z): 0
2024-12-06 19:51:19,527 [INFO] Similarity between 'a2c_naturecnn_single_rgb_obstacle_weather_rainandfog_positions.csv' and 'a2c_naturecnn_single_rgb_obstacle_weather_snowonly_positions.csv':
2024-12-06 19:51:19,527 [INFO]   - Cosine Similarity (Mean): 0.9654
2024-12-06 19:51:19,527 [INFO]   - Pearson Correlation (Mean): 0.7477
2024-12-06 19:51:19,528 [INFO]   - Normalized Cross-Correlation (Mean): 0.7515
2024-12-06 19:51:19,528 [INFO]   - Lag at Max NCC (Y): 5, (Z): 0
2024-12-06 19:51:19,977 [INFO] Cross-correlation plot saved as 'inference_outputs\RGB_A2C_NormalWeather_Variants\RGB_A2C_NormalWeather_Variants_cross_correlation_part1.png'.
2024-12-06 19:51:20,591 [INFO] Mean trajectories plotted and saved as 'inference_outputs\RGB_A2C_NormalWeather_Variants\RGB_A2C_NormalWeather_Variants_mean_trajectories.png'.
2024-12-06 19:51:20,600 [INFO] Similarity summary saved as 'inference_outputs\RGB_A2C_NormalWeather_Variants\RGB_A2C_NormalWeather_Variants_similarity_summary.csv'.
