2025-02-09 21:34:20,371 [INFO] Logging initialized for scenario: 'LeavesFalling-Weather'
2025-02-09 21:34:20,371 [INFO] Scenario='LeavesFalling-Weather', Filenames=['inference_outputs\\Trajectories\\LeavesFalling\\ppo_naturecnn_multi_rgb_LeavesFalling\\ppo_naturecnn_multi_rgb_leavesFalling_positions.csv', 'inference_outputs\\Trajectories\\LeavesFalling\\a2c_naturecnn_multi_rgb_LeavesFalling\\a2c_naturecnn_multi_rgb_leavesFalling_positions.csv']
2025-02-09 21:34:20,371 [INFO] Plotting multiple mean trajectories with circular 'Passages' only.
2025-02-09 21:34:20,479 [INFO] Successfully read 'inference_outputs\Trajectories\LeavesFalling\ppo_naturecnn_multi_rgb_LeavesFalling\ppo_naturecnn_multi_rgb_leavesFalling_positions.csv'.
2025-02-09 21:34:20,505 [INFO] Successfully read 'inference_outputs\Trajectories\LeavesFalling\a2c_naturecnn_multi_rgb_LeavesFalling\a2c_naturecnn_multi_rgb_leavesFalling_positions.csv'.
2025-02-09 21:34:20,529 [INFO] Walls determined at: [3.7, 7.4, 11.100000000000001, 14.8, 18.5, 22.2]
2025-02-09 21:34:20,531 [INFO] Plotted mean trajectory from 'ppo_naturecnn_multi_rgb_leavesFalling_positions.csv' with label 'ppo_naturecnn_multi_rgb_leavesFalling_positions.csv' in color 'blue'.
2025-02-09 21:34:20,532 [INFO] Plotted mean trajectory from 'a2c_naturecnn_multi_rgb_leavesFalling_positions.csv' with label 'a2c_naturecnn_multi_rgb_leavesFalling_positions.csv' in color 'green'.
2025-02-09 21:34:20,689 [WARNING] No data near wall at X=22.2. Skipping hole creation.
2025-02-09 21:34:21,121 [INFO] Mean trajectories saved as 'inference_outputs\LeavesFalling-Weather\LeavesFalling-Weather_mean_trajectories.png' with circular 'Passages' only, no similarity.
2025-02-09 21:36:35,499 [INFO] Logging initialized for scenario: 'LeavesFalling-Weather'
2025-02-09 21:36:35,500 [INFO] Scenario='LeavesFalling-Weather', Filenames=['inference_outputs\\Trajectories\\LeavesFalling\\ppo_naturecnn_multi_rgb_LeavesFalling\\ppo_naturecnn_multi_rgb_leavesFalling_positions.csv', 'inference_outputs\\Trajectories\\LeavesFalling\\a2c_naturecnn_multi_rgb_LeavesFalling\\a2c_naturecnn_multi_rgb_leavesFalling_positions.csv']
2025-02-09 21:36:35,500 [INFO] Plotting multiple mean trajectories with circular 'Passages' only.
2025-02-09 21:36:35,606 [INFO] Successfully read 'inference_outputs\Trajectories\LeavesFalling\ppo_naturecnn_multi_rgb_LeavesFalling\ppo_naturecnn_multi_rgb_leavesFalling_positions.csv'.
2025-02-09 21:36:35,636 [INFO] Successfully read 'inference_outputs\Trajectories\LeavesFalling\a2c_naturecnn_multi_rgb_LeavesFalling\a2c_naturecnn_multi_rgb_leavesFalling_positions.csv'.
2025-02-09 21:36:35,660 [INFO] Walls determined at: [3.7, 7.4, 11.100000000000001, 14.8, 18.5, 22.2]
2025-02-09 21:36:35,662 [INFO] Plotted mean trajectory from 'ppo_naturecnn_multi_rgb_leavesFalling_positions.csv' with label 'PPO-MRGB' in color 'blue'.
2025-02-09 21:36:35,663 [INFO] Plotted mean trajectory from 'a2c_naturecnn_multi_rgb_leavesFalling_positions.csv' with label 'A2C-MRGB' in color 'green'.
2025-02-09 21:36:35,824 [WARNING] No data near wall at X=22.2. Skipping hole creation.
2025-02-09 21:36:36,259 [INFO] Mean trajectories saved as 'inference_outputs\LeavesFalling-Weather\LeavesFalling-Weather_mean_trajectories.png' with circular 'Passages' only, no similarity.
2025-02-09 21:42:56,815 [INFO] Logging initialized for scenario: 'LeavesFalling-Weather'
2025-02-09 21:42:56,816 [INFO] Scenario='LeavesFalling-Weather', Filenames=['inference_outputs\\Trajectories\\LeavesFalling\\a2c_naturecnn_depth_leavesFalling\\a2c_naturecnn_depth_leavesFalling_positions.csv', 'inference_outputs\\Trajectories\\LeavesFalling\\a2c_naturecnn_depth_obstacle_weather_leavesfalling_leavesFalling\\a2c_naturecnn_depth_obstacle_weather_leavesfalling_leavesFalling_positions.csv', 'inference_outputs\\Trajectories\\LeavesFalling\\a2c_naturecnn_depth_obstacle_weather_rainandfog_leavesFalling\\a2c_naturecnn_depth_obstacle_weather_rainandfog_leavesFalling_positions.csv', 'inference_outputs\\Trajectories\\LeavesFalling\\a2c_naturecnn_depth_obstacle_weather_snowonly_leavesFalling\\a2c_naturecnn_depth_obstacle_weather_snowonly_leavesFalling_positions.csv', 'inference_outputs\\Trajectories\\LeavesFalling\\ppo_naturecnn_depth_leavesFalling\\ppo_naturecnn_depth_leavesFalling_positions.csv', 'inference_outputs\\Trajectories\\LeavesFalling\\ppo_naturecnn_depth_obstacle_weather_leavesfalling_leavesFalling\\ppo_naturecnn_depth_obstacle_weather_leavesfalling_leavesFalling_positions.csv', 'inference_outputs\\Trajectories\\LeavesFalling\\ppo_naturecnn_depth_obstacle_weather_rainandfog_leavesFalling\\ppo_naturecnn_depth_obstacle_weather_rainandfog_leavesFalling_positions.csv', 'inference_outputs\\Trajectories\\LeavesFalling\\ppo_naturecnn_depth_obstacle_weather_snowonly_leavesFalling\\ppo_naturecnn_depth_obstacle_weather_snowonly_leavesFalling_positions.csv']
2025-02-09 21:42:56,816 [INFO] Plotting multiple mean trajectories with circular 'Passages' only.
2025-02-09 21:42:56,942 [INFO] Successfully read 'inference_outputs\Trajectories\LeavesFalling\a2c_naturecnn_depth_leavesFalling\a2c_naturecnn_depth_leavesFalling_positions.csv'.
2025-02-09 21:42:56,981 [INFO] Successfully read 'inference_outputs\Trajectories\LeavesFalling\a2c_naturecnn_depth_obstacle_weather_leavesfalling_leavesFalling\a2c_naturecnn_depth_obstacle_weather_leavesfalling_leavesFalling_positions.csv'.
2025-02-09 21:42:57,024 [INFO] Successfully read 'inference_outputs\Trajectories\LeavesFalling\a2c_naturecnn_depth_obstacle_weather_rainandfog_leavesFalling\a2c_naturecnn_depth_obstacle_weather_rainandfog_leavesFalling_positions.csv'.
2025-02-09 21:42:57,068 [INFO] Successfully read 'inference_outputs\Trajectories\LeavesFalling\a2c_naturecnn_depth_obstacle_weather_snowonly_leavesFalling\a2c_naturecnn_depth_obstacle_weather_snowonly_leavesFalling_positions.csv'.
2025-02-09 21:42:57,121 [INFO] Successfully read 'inference_outputs\Trajectories\LeavesFalling\ppo_naturecnn_depth_leavesFalling\ppo_naturecnn_depth_leavesFalling_positions.csv'.
2025-02-09 21:42:57,165 [INFO] Successfully read 'inference_outputs\Trajectories\LeavesFalling\ppo_naturecnn_depth_obstacle_weather_leavesfalling_leavesFalling\ppo_naturecnn_depth_obstacle_weather_leavesfalling_leavesFalling_positions.csv'.
2025-02-09 21:42:57,206 [INFO] Successfully read 'inference_outputs\Trajectories\LeavesFalling\ppo_naturecnn_depth_obstacle_weather_rainandfog_leavesFalling\ppo_naturecnn_depth_obstacle_weather_rainandfog_leavesFalling_positions.csv'.
2025-02-09 21:42:57,273 [INFO] Successfully read 'inference_outputs\Trajectories\LeavesFalling\ppo_naturecnn_depth_obstacle_weather_snowonly_leavesFalling\ppo_naturecnn_depth_obstacle_weather_snowonly_leavesFalling_positions.csv'.
2025-02-09 21:42:57,301 [INFO] Walls determined at: [3.7, 7.4, 11.100000000000001, 14.8, 18.5, 22.2]
2025-02-09 21:42:57,303 [INFO] Plotted mean trajectory from 'a2c_naturecnn_depth_leavesFalling_positions.csv' with label 'A2C-D' in color 'blue'.
2025-02-09 21:42:57,304 [INFO] Plotted mean trajectory from 'a2c_naturecnn_depth_obstacle_weather_leavesfalling_leavesFalling_positions.csv' with label 'A2C-DL' in color 'green'.
2025-02-09 21:42:57,306 [INFO] Plotted mean trajectory from 'a2c_naturecnn_depth_obstacle_weather_rainandfog_leavesFalling_positions.csv' with label 'A2C-DRF' in color 'orange'.
2025-02-09 21:42:57,307 [INFO] Plotted mean trajectory from 'a2c_naturecnn_depth_obstacle_weather_snowonly_leavesFalling_positions.csv' with label 'A2C-DS' in color 'purple'.
2025-02-09 21:42:57,308 [INFO] Plotted mean trajectory from 'ppo_naturecnn_depth_leavesFalling_positions.csv' with label 'PPO-D' in color 'cyan'.
2025-02-09 21:42:57,309 [INFO] Plotted mean trajectory from 'ppo_naturecnn_depth_obstacle_weather_leavesfalling_leavesFalling_positions.csv' with label 'PPO-DL' in color 'magenta'.
2025-02-09 21:42:57,309 [INFO] Plotted mean trajectory from 'ppo_naturecnn_depth_obstacle_weather_rainandfog_leavesFalling_positions.csv' with label 'PPO-DRF' in color 'yellow'.
2025-02-09 21:42:57,310 [INFO] Plotted mean trajectory from 'ppo_naturecnn_depth_obstacle_weather_snowonly_leavesFalling_positions.csv' with label 'PPO-DS' in color 'brown'.
2025-02-09 21:42:57,473 [WARNING] No data near wall at X=22.2. Skipping hole creation.
2025-02-09 21:42:57,919 [INFO] Mean trajectories saved as 'inference_outputs\LeavesFalling-Weather\LeavesFalling-Weather_mean_trajectories.png' with circular 'Passages' only, no similarity.
2025-02-09 21:45:18,471 [INFO] Logging initialized for scenario: 'LeavesFalling-Weather'
2025-02-09 21:45:18,471 [INFO] Scenario='LeavesFalling-Weather', Filenames=['inference_outputs\\Trajectories\\LeavesFalling\\a2c_naturecnn_single_rgb_leavesFalling\\a2c_naturecnn_single_rgb_leavesFalling_positions.csv', 'inference_outputs\\Trajectories\\LeavesFalling\\a2c_naturecnn_single_rgb_obstacle_weather_leavesfalling_leavesFalling\\a2c_naturecnn_single_rgb_obstacle_weather_leavesfalling_leavesFalling_positions.csv', 'inference_outputs\\Trajectories\\LeavesFalling\\a2c_naturecnn_single_rgb_obstacle_weather_rainandfog_leavesFalling\\a2c_naturecnn_single_rgb_obstacle_weather_rainandfog_leavesFalling_positions.csv', 'inference_outputs\\Trajectories\\LeavesFalling\\a2c_naturecnn_single_rgb_obstacle_weather_snowonly_leavesFalling\\a2c_naturecnn_single_rgb_obstacle_weather_snowonly_leavesFalling_positions.csv', 'inference_outputs\\Trajectories\\LeavesFalling\\ppo_naturecnn_single_rgb_leavesFalling\\ppo_naturecnn_single_rgb_leavesFalling_positions.csv', 'inference_outputs\\Trajectories\\LeavesFalling\\ppo_naturecnn_single_rgb_obstacle_weather_leavesfalling_leavesFalling\\ppo_naturecnn_single_rgb_obstacle_weather_leavesfalling_leavesFalling_positions.csv', 'inference_outputs\\Trajectories\\LeavesFalling\\ppo_naturecnn_single_rgb_obstacle_weather_rainandfog_leavesFalling\\ppo_naturecnn_single_rgb_obstacle_weather_rainandfog_leavesFalling_positions.csv', 'inference_outputs\\Trajectories\\LeavesFalling\\ppo_naturecnn_single_rgb_obstacle_weather_snowonly_leavesFalling\\ppo_naturecnn_single_rgb_obstacle_weather_snowonly_leavesFalling_positions.csv']
2025-02-09 21:45:18,471 [INFO] Plotting multiple mean trajectories with circular 'Passages' only.
2025-02-09 21:45:18,593 [INFO] Successfully read 'inference_outputs\Trajectories\LeavesFalling\a2c_naturecnn_single_rgb_leavesFalling\a2c_naturecnn_single_rgb_leavesFalling_positions.csv'.
2025-02-09 21:45:18,631 [INFO] Successfully read 'inference_outputs\Trajectories\LeavesFalling\a2c_naturecnn_single_rgb_obstacle_weather_leavesfalling_leavesFalling\a2c_naturecnn_single_rgb_obstacle_weather_leavesfalling_leavesFalling_positions.csv'.
2025-02-09 21:45:18,669 [INFO] Successfully read 'inference_outputs\Trajectories\LeavesFalling\a2c_naturecnn_single_rgb_obstacle_weather_rainandfog_leavesFalling\a2c_naturecnn_single_rgb_obstacle_weather_rainandfog_leavesFalling_positions.csv'.
2025-02-09 21:45:18,701 [INFO] Successfully read 'inference_outputs\Trajectories\LeavesFalling\a2c_naturecnn_single_rgb_obstacle_weather_snowonly_leavesFalling\a2c_naturecnn_single_rgb_obstacle_weather_snowonly_leavesFalling_positions.csv'.
2025-02-09 21:45:18,732 [INFO] Successfully read 'inference_outputs\Trajectories\LeavesFalling\ppo_naturecnn_single_rgb_leavesFalling\ppo_naturecnn_single_rgb_leavesFalling_positions.csv'.
2025-02-09 21:45:18,765 [INFO] Successfully read 'inference_outputs\Trajectories\LeavesFalling\ppo_naturecnn_single_rgb_obstacle_weather_leavesfalling_leavesFalling\ppo_naturecnn_single_rgb_obstacle_weather_leavesfalling_leavesFalling_positions.csv'.
2025-02-09 21:45:18,801 [INFO] Successfully read 'inference_outputs\Trajectories\LeavesFalling\ppo_naturecnn_single_rgb_obstacle_weather_rainandfog_leavesFalling\ppo_naturecnn_single_rgb_obstacle_weather_rainandfog_leavesFalling_positions.csv'.
2025-02-09 21:45:18,833 [INFO] Successfully read 'inference_outputs\Trajectories\LeavesFalling\ppo_naturecnn_single_rgb_obstacle_weather_snowonly_leavesFalling\ppo_naturecnn_single_rgb_obstacle_weather_snowonly_leavesFalling_positions.csv'.
2025-02-09 21:45:18,854 [INFO] Walls determined at: [3.7, 7.4, 11.100000000000001, 14.8, 18.5, 22.2]
2025-02-09 21:45:18,855 [INFO] Plotted mean trajectory from 'a2c_naturecnn_single_rgb_leavesFalling_positions.csv' with label 'A2C-SRGB' in color 'blue'.
2025-02-09 21:45:18,856 [INFO] Plotted mean trajectory from 'a2c_naturecnn_single_rgb_obstacle_weather_leavesfalling_leavesFalling_positions.csv' with label 'A2C-SRGBL' in color 'green'.
2025-02-09 21:45:18,857 [INFO] Plotted mean trajectory from 'a2c_naturecnn_single_rgb_obstacle_weather_rainandfog_leavesFalling_positions.csv' with label 'A2C-SRGBRF' in color 'orange'.
2025-02-09 21:45:18,858 [INFO] Plotted mean trajectory from 'a2c_naturecnn_single_rgb_obstacle_weather_snowonly_leavesFalling_positions.csv' with label 'A2C-SRGBS' in color 'purple'.
2025-02-09 21:45:18,859 [INFO] Plotted mean trajectory from 'ppo_naturecnn_single_rgb_leavesFalling_positions.csv' with label 'PPO-SRGB' in color 'cyan'.
2025-02-09 21:45:18,861 [INFO] Plotted mean trajectory from 'ppo_naturecnn_single_rgb_obstacle_weather_leavesfalling_leavesFalling_positions.csv' with label 'PPO-SRGBL' in color 'magenta'.
2025-02-09 21:45:18,862 [INFO] Plotted mean trajectory from 'ppo_naturecnn_single_rgb_obstacle_weather_rainandfog_leavesFalling_positions.csv' with label 'PPO-SRGBRF' in color 'yellow'.
2025-02-09 21:45:18,863 [INFO] Plotted mean trajectory from 'ppo_naturecnn_single_rgb_obstacle_weather_snowonly_leavesFalling_positions.csv' with label 'PPO-SRGBS' in color 'brown'.
2025-02-09 21:45:19,022 [WARNING] No data near wall at X=22.2. Skipping hole creation.
2025-02-09 21:45:19,454 [INFO] Mean trajectories saved as 'inference_outputs\LeavesFalling-Weather\LeavesFalling-Weather_mean_trajectories.png' with circular 'Passages' only, no similarity.
