2024-12-06 20:38:23,039 [INFO] Logging initialized for scenario: 'Depth_A2CvsPPO_SnowOnly_Variants'
2024-12-06 20:38:23,039 [INFO] Received command-line arguments: Scenario='Depth_A2CvsPPO_SnowOnly_Variants', Filenames=['D:\\Masters\\Sem5\\uavRL\\inference_outputs\\Trajectories\\SnowOnly\\a2c_naturecnn_depth_SnowOnly\\a2c_naturecnn_depth_SnowOnly_positions.csv', 'D:\\Masters\\Sem5\\uavRL\\inference_outputs\\Trajectories\\SnowOnly\\a2c_naturecnn_depth_obstacle_weather_leavesfalling_SnowOnly\\a2c_naturecnn_depth_obstacle_weather_leavesfalling_SnowOnly_positions.csv', 'D:\\Masters\\Sem5\\uavRL\\inference_outputs\\Trajectories\\SnowOnly\\a2c_naturecnn_depth_obstacle_weather_rainandfog_SnowOnly\\a2c_naturecnn_depth_obstacle_weather_rainandfog_SnowOnly_positions.csv', 'D:\\Masters\\Sem5\\uavRL\\inference_outputs\\Trajectories\\SnowOnly\\a2c_naturecnn_depth_obstacle_weather_snowonly_SnowOnly\\a2c_naturecnn_depth_obstacle_weather_snowonly_SnowOnly_positions.csv', 'D:\\Masters\\Sem5\\uavRL\\inference_outputs\\Trajectories\\SnowOnly\\ppo_naturecnn_depth_SnowOnly\\ppo_naturecnn_depth_SnowOnly_positions.csv', 'D:\\Masters\\Sem5\\uavRL\\inference_outputs\\Trajectories\\SnowOnly\\ppo_naturecnn_depth_obstacle_weather_leavesfalling_SnowOnly\\ppo_naturecnn_depth_obstacle_weather_leavesfalling_SnowOnly_positions.csv', 'D:\\Masters\\Sem5\\uavRL\\inference_outputs\\Trajectories\\SnowOnly\\ppo_naturecnn_depth_obstacle_weather_rainandfog_SnowOnly\\ppo_naturecnn_depth_obstacle_weather_rainandfog_SnowOnly_positions.csv', 'D:\\Masters\\Sem5\\uavRL\\inference_outputs\\Trajectories\\SnowOnly\\ppo_naturecnn_depth_obstacle_weather_snowonly_SnowOnly\\ppo_naturecnn_depth_obstacle_weather_snowonly_SnowOnly_positions.csv']
2024-12-06 20:38:23,040 [INFO] Starting to plot multiple mean trajectories.
2024-12-06 20:38:23,201 [INFO] Successfully read 'D:\Masters\Sem5\uavRL\inference_outputs\Trajectories\SnowOnly\a2c_naturecnn_depth_SnowOnly\a2c_naturecnn_depth_SnowOnly_positions.csv'.
2024-12-06 20:38:23,202 [INFO] Episode 1 in 'D:\Masters\Sem5\uavRL\inference_outputs\Trajectories\SnowOnly\a2c_naturecnn_depth_SnowOnly\a2c_naturecnn_depth_SnowOnly_positions.csv' did not travel at least 9 meters. Skipping.
2024-12-06 20:38:23,204 [INFO] Episode 6 in 'D:\Masters\Sem5\uavRL\inference_outputs\Trajectories\SnowOnly\a2c_naturecnn_depth_SnowOnly\a2c_naturecnn_depth_SnowOnly_positions.csv' did not travel at least 9 meters. Skipping.
2024-12-06 20:38:23,204 [INFO] Episode 7 in 'D:\Masters\Sem5\uavRL\inference_outputs\Trajectories\SnowOnly\a2c_naturecnn_depth_SnowOnly\a2c_naturecnn_depth_SnowOnly_positions.csv' did not travel at least 9 meters. Skipping.
2024-12-06 20:38:23,204 [INFO] Episode 8 in 'D:\Masters\Sem5\uavRL\inference_outputs\Trajectories\SnowOnly\a2c_naturecnn_depth_SnowOnly\a2c_naturecnn_depth_SnowOnly_positions.csv' did not travel at least 9 meters. Skipping.
2024-12-06 20:38:23,206 [INFO] Episode 12 in 'D:\Masters\Sem5\uavRL\inference_outputs\Trajectories\SnowOnly\a2c_naturecnn_depth_SnowOnly\a2c_naturecnn_depth_SnowOnly_positions.csv' did not travel at least 9 meters. Skipping.
2024-12-06 20:38:23,207 [INFO] Episode 13 in 'D:\Masters\Sem5\uavRL\inference_outputs\Trajectories\SnowOnly\a2c_naturecnn_depth_SnowOnly\a2c_naturecnn_depth_SnowOnly_positions.csv' did not travel at least 9 meters. Skipping.
2024-12-06 20:38:23,208 [INFO] Episode 14 in 'D:\Masters\Sem5\uavRL\inference_outputs\Trajectories\SnowOnly\a2c_naturecnn_depth_SnowOnly\a2c_naturecnn_depth_SnowOnly_positions.csv' did not travel at least 9 meters. Skipping.
2024-12-06 20:38:23,209 [INFO] Episode 18 in 'D:\Masters\Sem5\uavRL\inference_outputs\Trajectories\SnowOnly\a2c_naturecnn_depth_SnowOnly\a2c_naturecnn_depth_SnowOnly_positions.csv' did not travel at least 9 meters. Skipping.
2024-12-06 20:38:23,210 [INFO] Episode 19 in 'D:\Masters\Sem5\uavRL\inference_outputs\Trajectories\SnowOnly\a2c_naturecnn_depth_SnowOnly\a2c_naturecnn_depth_SnowOnly_positions.csv' did not travel at least 9 meters. Skipping.
2024-12-06 20:38:23,212 [INFO] Episode 27 in 'D:\Masters\Sem5\uavRL\inference_outputs\Trajectories\SnowOnly\a2c_naturecnn_depth_SnowOnly\a2c_naturecnn_depth_SnowOnly_positions.csv' did not travel at least 9 meters. Skipping.
2024-12-06 20:38:23,213 [INFO] Episode 28 in 'D:\Masters\Sem5\uavRL\inference_outputs\Trajectories\SnowOnly\a2c_naturecnn_depth_SnowOnly\a2c_naturecnn_depth_SnowOnly_positions.csv' did not travel at least 9 meters. Skipping.
2024-12-06 20:38:23,214 [INFO] Episode 29 in 'D:\Masters\Sem5\uavRL\inference_outputs\Trajectories\SnowOnly\a2c_naturecnn_depth_SnowOnly\a2c_naturecnn_depth_SnowOnly_positions.csv' did not travel at least 9 meters. Skipping.
2024-12-06 20:38:23,214 [INFO] Episode 30 in 'D:\Masters\Sem5\uavRL\inference_outputs\Trajectories\SnowOnly\a2c_naturecnn_depth_SnowOnly\a2c_naturecnn_depth_SnowOnly_positions.csv' did not travel at least 9 meters. Skipping.
2024-12-06 20:38:23,214 [INFO] Episode 31 in 'D:\Masters\Sem5\uavRL\inference_outputs\Trajectories\SnowOnly\a2c_naturecnn_depth_SnowOnly\a2c_naturecnn_depth_SnowOnly_positions.csv' did not travel at least 9 meters. Skipping.
2024-12-06 20:38:23,216 [INFO] Episode 32 in 'D:\Masters\Sem5\uavRL\inference_outputs\Trajectories\SnowOnly\a2c_naturecnn_depth_SnowOnly\a2c_naturecnn_depth_SnowOnly_positions.csv' did not travel at least 9 meters. Skipping.
2024-12-06 20:38:23,216 [INFO] Episode 33 in 'D:\Masters\Sem5\uavRL\inference_outputs\Trajectories\SnowOnly\a2c_naturecnn_depth_SnowOnly\a2c_naturecnn_depth_SnowOnly_positions.csv' did not travel at least 9 meters. Skipping.
2024-12-06 20:38:23,218 [INFO] Episode 37 in 'D:\Masters\Sem5\uavRL\inference_outputs\Trajectories\SnowOnly\a2c_naturecnn_depth_SnowOnly\a2c_naturecnn_depth_SnowOnly_positions.csv' did not travel at least 9 meters. Skipping.
2024-12-06 20:38:23,218 [INFO] Episode 38 in 'D:\Masters\Sem5\uavRL\inference_outputs\Trajectories\SnowOnly\a2c_naturecnn_depth_SnowOnly\a2c_naturecnn_depth_SnowOnly_positions.csv' did not travel at least 9 meters. Skipping.
2024-12-06 20:38:23,219 [INFO] Episode 39 in 'D:\Masters\Sem5\uavRL\inference_outputs\Trajectories\SnowOnly\a2c_naturecnn_depth_SnowOnly\a2c_naturecnn_depth_SnowOnly_positions.csv' did not travel at least 9 meters. Skipping.
2024-12-06 20:38:23,220 [INFO] Episode 43 in 'D:\Masters\Sem5\uavRL\inference_outputs\Trajectories\SnowOnly\a2c_naturecnn_depth_SnowOnly\a2c_naturecnn_depth_SnowOnly_positions.csv' did not travel at least 9 meters. Skipping.
2024-12-06 20:38:23,221 [INFO] Episode 45 in 'D:\Masters\Sem5\uavRL\inference_outputs\Trajectories\SnowOnly\a2c_naturecnn_depth_SnowOnly\a2c_naturecnn_depth_SnowOnly_positions.csv' did not travel at least 9 meters. Skipping.
2024-12-06 20:38:23,223 [INFO] Episode 47 in 'D:\Masters\Sem5\uavRL\inference_outputs\Trajectories\SnowOnly\a2c_naturecnn_depth_SnowOnly\a2c_naturecnn_depth_SnowOnly_positions.csv' did not travel at least 9 meters. Skipping.
2024-12-06 20:38:23,224 [INFO] Episode 49 in 'D:\Masters\Sem5\uavRL\inference_outputs\Trajectories\SnowOnly\a2c_naturecnn_depth_SnowOnly\a2c_naturecnn_depth_SnowOnly_positions.csv' did not travel at least 9 meters. Skipping.
2024-12-06 20:38:23,226 [INFO] Episode 53 in 'D:\Masters\Sem5\uavRL\inference_outputs\Trajectories\SnowOnly\a2c_naturecnn_depth_SnowOnly\a2c_naturecnn_depth_SnowOnly_positions.csv' did not travel at least 9 meters. Skipping.
2024-12-06 20:38:23,226 [INFO] Episode 54 in 'D:\Masters\Sem5\uavRL\inference_outputs\Trajectories\SnowOnly\a2c_naturecnn_depth_SnowOnly\a2c_naturecnn_depth_SnowOnly_positions.csv' did not travel at least 9 meters. Skipping.
2024-12-06 20:38:23,227 [INFO] Episode 55 in 'D:\Masters\Sem5\uavRL\inference_outputs\Trajectories\SnowOnly\a2c_naturecnn_depth_SnowOnly\a2c_naturecnn_depth_SnowOnly_positions.csv' did not travel at least 9 meters. Skipping.
2024-12-06 20:38:23,228 [INFO] Episode 57 in 'D:\Masters\Sem5\uavRL\inference_outputs\Trajectories\SnowOnly\a2c_naturecnn_depth_SnowOnly\a2c_naturecnn_depth_SnowOnly_positions.csv' did not travel at least 9 meters. Skipping.
2024-12-06 20:38:23,228 [INFO] Episode 58 in 'D:\Masters\Sem5\uavRL\inference_outputs\Trajectories\SnowOnly\a2c_naturecnn_depth_SnowOnly\a2c_naturecnn_depth_SnowOnly_positions.csv' did not travel at least 9 meters. Skipping.
2024-12-06 20:38:23,229 [INFO] Episode 59 in 'D:\Masters\Sem5\uavRL\inference_outputs\Trajectories\SnowOnly\a2c_naturecnn_depth_SnowOnly\a2c_naturecnn_depth_SnowOnly_positions.csv' did not travel at least 9 meters. Skipping.
2024-12-06 20:38:23,230 [INFO] Episode 62 in 'D:\Masters\Sem5\uavRL\inference_outputs\Trajectories\SnowOnly\a2c_naturecnn_depth_SnowOnly\a2c_naturecnn_depth_SnowOnly_positions.csv' did not travel at least 9 meters. Skipping.
2024-12-06 20:38:23,231 [INFO] Episode 65 in 'D:\Masters\Sem5\uavRL\inference_outputs\Trajectories\SnowOnly\a2c_naturecnn_depth_SnowOnly\a2c_naturecnn_depth_SnowOnly_positions.csv' did not travel at least 9 meters. Skipping.
2024-12-06 20:38:23,232 [INFO] Episode 66 in 'D:\Masters\Sem5\uavRL\inference_outputs\Trajectories\SnowOnly\a2c_naturecnn_depth_SnowOnly\a2c_naturecnn_depth_SnowOnly_positions.csv' did not travel at least 9 meters. Skipping.
2024-12-06 20:38:23,233 [INFO] Episode 67 in 'D:\Masters\Sem5\uavRL\inference_outputs\Trajectories\SnowOnly\a2c_naturecnn_depth_SnowOnly\a2c_naturecnn_depth_SnowOnly_positions.csv' did not travel at least 9 meters. Skipping.
2024-12-06 20:38:23,233 [INFO] Episode 68 in 'D:\Masters\Sem5\uavRL\inference_outputs\Trajectories\SnowOnly\a2c_naturecnn_depth_SnowOnly\a2c_naturecnn_depth_SnowOnly_positions.csv' did not travel at least 9 meters. Skipping.
2024-12-06 20:38:23,236 [INFO] Episode 73 in 'D:\Masters\Sem5\uavRL\inference_outputs\Trajectories\SnowOnly\a2c_naturecnn_depth_SnowOnly\a2c_naturecnn_depth_SnowOnly_positions.csv' did not travel at least 9 meters. Skipping.
2024-12-06 20:38:23,237 [INFO] Episode 75 in 'D:\Masters\Sem5\uavRL\inference_outputs\Trajectories\SnowOnly\a2c_naturecnn_depth_SnowOnly\a2c_naturecnn_depth_SnowOnly_positions.csv' did not travel at least 9 meters. Skipping.
2024-12-06 20:38:23,239 [INFO] Episode 77 in 'D:\Masters\Sem5\uavRL\inference_outputs\Trajectories\SnowOnly\a2c_naturecnn_depth_SnowOnly\a2c_naturecnn_depth_SnowOnly_positions.csv' did not travel at least 9 meters. Skipping.
2024-12-06 20:38:23,239 [INFO] Episode 78 in 'D:\Masters\Sem5\uavRL\inference_outputs\Trajectories\SnowOnly\a2c_naturecnn_depth_SnowOnly\a2c_naturecnn_depth_SnowOnly_positions.csv' did not travel at least 9 meters. Skipping.
2024-12-06 20:38:23,241 [INFO] Episode 82 in 'D:\Masters\Sem5\uavRL\inference_outputs\Trajectories\SnowOnly\a2c_naturecnn_depth_SnowOnly\a2c_naturecnn_depth_SnowOnly_positions.csv' did not travel at least 9 meters. Skipping.
2024-12-06 20:38:23,242 [INFO] Episode 85 in 'D:\Masters\Sem5\uavRL\inference_outputs\Trajectories\SnowOnly\a2c_naturecnn_depth_SnowOnly\a2c_naturecnn_depth_SnowOnly_positions.csv' did not travel at least 9 meters. Skipping.
2024-12-06 20:38:23,242 [INFO] Episode 86 in 'D:\Masters\Sem5\uavRL\inference_outputs\Trajectories\SnowOnly\a2c_naturecnn_depth_SnowOnly\a2c_naturecnn_depth_SnowOnly_positions.csv' did not travel at least 9 meters. Skipping.
2024-12-06 20:38:23,243 [INFO] Episode 88 in 'D:\Masters\Sem5\uavRL\inference_outputs\Trajectories\SnowOnly\a2c_naturecnn_depth_SnowOnly\a2c_naturecnn_depth_SnowOnly_positions.csv' did not travel at least 9 meters. Skipping.
2024-12-06 20:38:23,244 [INFO] Episode 90 in 'D:\Masters\Sem5\uavRL\inference_outputs\Trajectories\SnowOnly\a2c_naturecnn_depth_SnowOnly\a2c_naturecnn_depth_SnowOnly_positions.csv' did not travel at least 9 meters. Skipping.
2024-12-06 20:38:23,245 [INFO] Episode 91 in 'D:\Masters\Sem5\uavRL\inference_outputs\Trajectories\SnowOnly\a2c_naturecnn_depth_SnowOnly\a2c_naturecnn_depth_SnowOnly_positions.csv' did not travel at least 9 meters. Skipping.
2024-12-06 20:38:23,246 [INFO] Episode 92 in 'D:\Masters\Sem5\uavRL\inference_outputs\Trajectories\SnowOnly\a2c_naturecnn_depth_SnowOnly\a2c_naturecnn_depth_SnowOnly_positions.csv' did not travel at least 9 meters. Skipping.
2024-12-06 20:38:23,247 [INFO] Episode 93 in 'D:\Masters\Sem5\uavRL\inference_outputs\Trajectories\SnowOnly\a2c_naturecnn_depth_SnowOnly\a2c_naturecnn_depth_SnowOnly_positions.csv' did not travel at least 9 meters. Skipping.
2024-12-06 20:38:23,247 [INFO] Episode 94 in 'D:\Masters\Sem5\uavRL\inference_outputs\Trajectories\SnowOnly\a2c_naturecnn_depth_SnowOnly\a2c_naturecnn_depth_SnowOnly_positions.csv' did not travel at least 9 meters. Skipping.
2024-12-06 20:38:23,249 [INFO] Episode 98 in 'D:\Masters\Sem5\uavRL\inference_outputs\Trajectories\SnowOnly\a2c_naturecnn_depth_SnowOnly\a2c_naturecnn_depth_SnowOnly_positions.csv' did not travel at least 9 meters. Skipping.
2024-12-06 20:38:23,249 [INFO] Episode 99 in 'D:\Masters\Sem5\uavRL\inference_outputs\Trajectories\SnowOnly\a2c_naturecnn_depth_SnowOnly\a2c_naturecnn_depth_SnowOnly_positions.csv' did not travel at least 9 meters. Skipping.
2024-12-06 20:38:23,250 [INFO] Episode 100 in 'D:\Masters\Sem5\uavRL\inference_outputs\Trajectories\SnowOnly\a2c_naturecnn_depth_SnowOnly\a2c_naturecnn_depth_SnowOnly_positions.csv' did not travel at least 9 meters. Skipping.
2024-12-06 20:38:23,266 [INFO] Successfully read 'D:\Masters\Sem5\uavRL\inference_outputs\Trajectories\SnowOnly\a2c_naturecnn_depth_obstacle_weather_leavesfalling_SnowOnly\a2c_naturecnn_depth_obstacle_weather_leavesfalling_SnowOnly_positions.csv'.
2024-12-06 20:38:23,270 [INFO] Episode 7 in 'D:\Masters\Sem5\uavRL\inference_outputs\Trajectories\SnowOnly\a2c_naturecnn_depth_obstacle_weather_leavesfalling_SnowOnly\a2c_naturecnn_depth_obstacle_weather_leavesfalling_SnowOnly_positions.csv' did not travel at least 9 meters. Skipping.
2024-12-06 20:38:23,272 [INFO] Episode 10 in 'D:\Masters\Sem5\uavRL\inference_outputs\Trajectories\SnowOnly\a2c_naturecnn_depth_obstacle_weather_leavesfalling_SnowOnly\a2c_naturecnn_depth_obstacle_weather_leavesfalling_SnowOnly_positions.csv' did not travel at least 9 meters. Skipping.
2024-12-06 20:38:23,273 [INFO] Episode 12 in 'D:\Masters\Sem5\uavRL\inference_outputs\Trajectories\SnowOnly\a2c_naturecnn_depth_obstacle_weather_leavesfalling_SnowOnly\a2c_naturecnn_depth_obstacle_weather_leavesfalling_SnowOnly_positions.csv' did not travel at least 9 meters. Skipping.
2024-12-06 20:38:23,274 [INFO] Episode 19 in 'D:\Masters\Sem5\uavRL\inference_outputs\Trajectories\SnowOnly\a2c_naturecnn_depth_obstacle_weather_leavesfalling_SnowOnly\a2c_naturecnn_depth_obstacle_weather_leavesfalling_SnowOnly_positions.csv' did not travel at least 9 meters. Skipping.
2024-12-06 20:38:23,276 [INFO] Episode 20 in 'D:\Masters\Sem5\uavRL\inference_outputs\Trajectories\SnowOnly\a2c_naturecnn_depth_obstacle_weather_leavesfalling_SnowOnly\a2c_naturecnn_depth_obstacle_weather_leavesfalling_SnowOnly_positions.csv' did not travel at least 9 meters. Skipping.
2024-12-06 20:38:23,277 [INFO] Episode 21 in 'D:\Masters\Sem5\uavRL\inference_outputs\Trajectories\SnowOnly\a2c_naturecnn_depth_obstacle_weather_leavesfalling_SnowOnly\a2c_naturecnn_depth_obstacle_weather_leavesfalling_SnowOnly_positions.csv' did not travel at least 9 meters. Skipping.
2024-12-06 20:38:23,279 [INFO] Episode 29 in 'D:\Masters\Sem5\uavRL\inference_outputs\Trajectories\SnowOnly\a2c_naturecnn_depth_obstacle_weather_leavesfalling_SnowOnly\a2c_naturecnn_depth_obstacle_weather_leavesfalling_SnowOnly_positions.csv' did not travel at least 9 meters. Skipping.
2024-12-06 20:38:23,280 [INFO] Episode 30 in 'D:\Masters\Sem5\uavRL\inference_outputs\Trajectories\SnowOnly\a2c_naturecnn_depth_obstacle_weather_leavesfalling_SnowOnly\a2c_naturecnn_depth_obstacle_weather_leavesfalling_SnowOnly_positions.csv' did not travel at least 9 meters. Skipping.
2024-12-06 20:38:23,281 [INFO] Episode 33 in 'D:\Masters\Sem5\uavRL\inference_outputs\Trajectories\SnowOnly\a2c_naturecnn_depth_obstacle_weather_leavesfalling_SnowOnly\a2c_naturecnn_depth_obstacle_weather_leavesfalling_SnowOnly_positions.csv' did not travel at least 9 meters. Skipping.
2024-12-06 20:38:23,283 [INFO] Episode 38 in 'D:\Masters\Sem5\uavRL\inference_outputs\Trajectories\SnowOnly\a2c_naturecnn_depth_obstacle_weather_leavesfalling_SnowOnly\a2c_naturecnn_depth_obstacle_weather_leavesfalling_SnowOnly_positions.csv' did not travel at least 9 meters. Skipping.
2024-12-06 20:38:23,285 [INFO] Episode 46 in 'D:\Masters\Sem5\uavRL\inference_outputs\Trajectories\SnowOnly\a2c_naturecnn_depth_obstacle_weather_leavesfalling_SnowOnly\a2c_naturecnn_depth_obstacle_weather_leavesfalling_SnowOnly_positions.csv' did not travel at least 9 meters. Skipping.
2024-12-06 20:38:23,287 [INFO] Episode 52 in 'D:\Masters\Sem5\uavRL\inference_outputs\Trajectories\SnowOnly\a2c_naturecnn_depth_obstacle_weather_leavesfalling_SnowOnly\a2c_naturecnn_depth_obstacle_weather_leavesfalling_SnowOnly_positions.csv' did not travel at least 9 meters. Skipping.
2024-12-06 20:38:23,288 [INFO] Episode 55 in 'D:\Masters\Sem5\uavRL\inference_outputs\Trajectories\SnowOnly\a2c_naturecnn_depth_obstacle_weather_leavesfalling_SnowOnly\a2c_naturecnn_depth_obstacle_weather_leavesfalling_SnowOnly_positions.csv' did not travel at least 9 meters. Skipping.
2024-12-06 20:38:23,289 [INFO] Episode 58 in 'D:\Masters\Sem5\uavRL\inference_outputs\Trajectories\SnowOnly\a2c_naturecnn_depth_obstacle_weather_leavesfalling_SnowOnly\a2c_naturecnn_depth_obstacle_weather_leavesfalling_SnowOnly_positions.csv' did not travel at least 9 meters. Skipping.
2024-12-06 20:38:23,290 [INFO] Episode 60 in 'D:\Masters\Sem5\uavRL\inference_outputs\Trajectories\SnowOnly\a2c_naturecnn_depth_obstacle_weather_leavesfalling_SnowOnly\a2c_naturecnn_depth_obstacle_weather_leavesfalling_SnowOnly_positions.csv' did not travel at least 9 meters. Skipping.
2024-12-06 20:38:23,291 [INFO] Episode 62 in 'D:\Masters\Sem5\uavRL\inference_outputs\Trajectories\SnowOnly\a2c_naturecnn_depth_obstacle_weather_leavesfalling_SnowOnly\a2c_naturecnn_depth_obstacle_weather_leavesfalling_SnowOnly_positions.csv' did not travel at least 9 meters. Skipping.
2024-12-06 20:38:23,292 [INFO] Episode 63 in 'D:\Masters\Sem5\uavRL\inference_outputs\Trajectories\SnowOnly\a2c_naturecnn_depth_obstacle_weather_leavesfalling_SnowOnly\a2c_naturecnn_depth_obstacle_weather_leavesfalling_SnowOnly_positions.csv' did not travel at least 9 meters. Skipping.
2024-12-06 20:38:23,294 [INFO] Episode 68 in 'D:\Masters\Sem5\uavRL\inference_outputs\Trajectories\SnowOnly\a2c_naturecnn_depth_obstacle_weather_leavesfalling_SnowOnly\a2c_naturecnn_depth_obstacle_weather_leavesfalling_SnowOnly_positions.csv' did not travel at least 9 meters. Skipping.
2024-12-06 20:38:23,297 [INFO] Episode 76 in 'D:\Masters\Sem5\uavRL\inference_outputs\Trajectories\SnowOnly\a2c_naturecnn_depth_obstacle_weather_leavesfalling_SnowOnly\a2c_naturecnn_depth_obstacle_weather_leavesfalling_SnowOnly_positions.csv' did not travel at least 9 meters. Skipping.
2024-12-06 20:38:23,298 [INFO] Episode 79 in 'D:\Masters\Sem5\uavRL\inference_outputs\Trajectories\SnowOnly\a2c_naturecnn_depth_obstacle_weather_leavesfalling_SnowOnly\a2c_naturecnn_depth_obstacle_weather_leavesfalling_SnowOnly_positions.csv' did not travel at least 9 meters. Skipping.
2024-12-06 20:38:23,299 [INFO] Episode 80 in 'D:\Masters\Sem5\uavRL\inference_outputs\Trajectories\SnowOnly\a2c_naturecnn_depth_obstacle_weather_leavesfalling_SnowOnly\a2c_naturecnn_depth_obstacle_weather_leavesfalling_SnowOnly_positions.csv' did not travel at least 9 meters. Skipping.
2024-12-06 20:38:23,299 [INFO] Episode 82 in 'D:\Masters\Sem5\uavRL\inference_outputs\Trajectories\SnowOnly\a2c_naturecnn_depth_obstacle_weather_leavesfalling_SnowOnly\a2c_naturecnn_depth_obstacle_weather_leavesfalling_SnowOnly_positions.csv' did not travel at least 9 meters. Skipping.
2024-12-06 20:38:23,300 [INFO] Episode 83 in 'D:\Masters\Sem5\uavRL\inference_outputs\Trajectories\SnowOnly\a2c_naturecnn_depth_obstacle_weather_leavesfalling_SnowOnly\a2c_naturecnn_depth_obstacle_weather_leavesfalling_SnowOnly_positions.csv' did not travel at least 9 meters. Skipping.
2024-12-06 20:38:23,301 [INFO] Episode 84 in 'D:\Masters\Sem5\uavRL\inference_outputs\Trajectories\SnowOnly\a2c_naturecnn_depth_obstacle_weather_leavesfalling_SnowOnly\a2c_naturecnn_depth_obstacle_weather_leavesfalling_SnowOnly_positions.csv' did not travel at least 9 meters. Skipping.
2024-12-06 20:38:23,301 [INFO] Episode 85 in 'D:\Masters\Sem5\uavRL\inference_outputs\Trajectories\SnowOnly\a2c_naturecnn_depth_obstacle_weather_leavesfalling_SnowOnly\a2c_naturecnn_depth_obstacle_weather_leavesfalling_SnowOnly_positions.csv' did not travel at least 9 meters. Skipping.
2024-12-06 20:38:23,305 [INFO] Episode 94 in 'D:\Masters\Sem5\uavRL\inference_outputs\Trajectories\SnowOnly\a2c_naturecnn_depth_obstacle_weather_leavesfalling_SnowOnly\a2c_naturecnn_depth_obstacle_weather_leavesfalling_SnowOnly_positions.csv' did not travel at least 9 meters. Skipping.
2024-12-06 20:38:23,306 [INFO] Episode 95 in 'D:\Masters\Sem5\uavRL\inference_outputs\Trajectories\SnowOnly\a2c_naturecnn_depth_obstacle_weather_leavesfalling_SnowOnly\a2c_naturecnn_depth_obstacle_weather_leavesfalling_SnowOnly_positions.csv' did not travel at least 9 meters. Skipping.
2024-12-06 20:38:23,306 [INFO] Episode 96 in 'D:\Masters\Sem5\uavRL\inference_outputs\Trajectories\SnowOnly\a2c_naturecnn_depth_obstacle_weather_leavesfalling_SnowOnly\a2c_naturecnn_depth_obstacle_weather_leavesfalling_SnowOnly_positions.csv' did not travel at least 9 meters. Skipping.
2024-12-06 20:38:23,320 [INFO] Successfully read 'D:\Masters\Sem5\uavRL\inference_outputs\Trajectories\SnowOnly\a2c_naturecnn_depth_obstacle_weather_rainandfog_SnowOnly\a2c_naturecnn_depth_obstacle_weather_rainandfog_SnowOnly_positions.csv'.
2024-12-06 20:38:23,322 [INFO] Episode 1 in 'D:\Masters\Sem5\uavRL\inference_outputs\Trajectories\SnowOnly\a2c_naturecnn_depth_obstacle_weather_rainandfog_SnowOnly\a2c_naturecnn_depth_obstacle_weather_rainandfog_SnowOnly_positions.csv' did not travel at least 9 meters. Skipping.
2024-12-06 20:38:23,324 [INFO] Episode 9 in 'D:\Masters\Sem5\uavRL\inference_outputs\Trajectories\SnowOnly\a2c_naturecnn_depth_obstacle_weather_rainandfog_SnowOnly\a2c_naturecnn_depth_obstacle_weather_rainandfog_SnowOnly_positions.csv' did not travel at least 9 meters. Skipping.
2024-12-06 20:38:23,326 [INFO] Episode 10 in 'D:\Masters\Sem5\uavRL\inference_outputs\Trajectories\SnowOnly\a2c_naturecnn_depth_obstacle_weather_rainandfog_SnowOnly\a2c_naturecnn_depth_obstacle_weather_rainandfog_SnowOnly_positions.csv' did not travel at least 9 meters. Skipping.
2024-12-06 20:38:23,327 [INFO] Episode 12 in 'D:\Masters\Sem5\uavRL\inference_outputs\Trajectories\SnowOnly\a2c_naturecnn_depth_obstacle_weather_rainandfog_SnowOnly\a2c_naturecnn_depth_obstacle_weather_rainandfog_SnowOnly_positions.csv' did not travel at least 9 meters. Skipping.
2024-12-06 20:38:23,329 [INFO] Episode 15 in 'D:\Masters\Sem5\uavRL\inference_outputs\Trajectories\SnowOnly\a2c_naturecnn_depth_obstacle_weather_rainandfog_SnowOnly\a2c_naturecnn_depth_obstacle_weather_rainandfog_SnowOnly_positions.csv' did not travel at least 9 meters. Skipping.
2024-12-06 20:38:23,329 [INFO] Episode 16 in 'D:\Masters\Sem5\uavRL\inference_outputs\Trajectories\SnowOnly\a2c_naturecnn_depth_obstacle_weather_rainandfog_SnowOnly\a2c_naturecnn_depth_obstacle_weather_rainandfog_SnowOnly_positions.csv' did not travel at least 9 meters. Skipping.
2024-12-06 20:38:23,332 [INFO] Episode 20 in 'D:\Masters\Sem5\uavRL\inference_outputs\Trajectories\SnowOnly\a2c_naturecnn_depth_obstacle_weather_rainandfog_SnowOnly\a2c_naturecnn_depth_obstacle_weather_rainandfog_SnowOnly_positions.csv' did not travel at least 9 meters. Skipping.
2024-12-06 20:38:23,332 [INFO] Episode 21 in 'D:\Masters\Sem5\uavRL\inference_outputs\Trajectories\SnowOnly\a2c_naturecnn_depth_obstacle_weather_rainandfog_SnowOnly\a2c_naturecnn_depth_obstacle_weather_rainandfog_SnowOnly_positions.csv' did not travel at least 9 meters. Skipping.
2024-12-06 20:38:23,333 [INFO] Episode 23 in 'D:\Masters\Sem5\uavRL\inference_outputs\Trajectories\SnowOnly\a2c_naturecnn_depth_obstacle_weather_rainandfog_SnowOnly\a2c_naturecnn_depth_obstacle_weather_rainandfog_SnowOnly_positions.csv' did not travel at least 9 meters. Skipping.
2024-12-06 20:38:23,335 [INFO] Episode 24 in 'D:\Masters\Sem5\uavRL\inference_outputs\Trajectories\SnowOnly\a2c_naturecnn_depth_obstacle_weather_rainandfog_SnowOnly\a2c_naturecnn_depth_obstacle_weather_rainandfog_SnowOnly_positions.csv' did not travel at least 9 meters. Skipping.
2024-12-06 20:38:23,337 [INFO] Episode 29 in 'D:\Masters\Sem5\uavRL\inference_outputs\Trajectories\SnowOnly\a2c_naturecnn_depth_obstacle_weather_rainandfog_SnowOnly\a2c_naturecnn_depth_obstacle_weather_rainandfog_SnowOnly_positions.csv' did not travel at least 9 meters. Skipping.
2024-12-06 20:38:23,338 [INFO] Episode 31 in 'D:\Masters\Sem5\uavRL\inference_outputs\Trajectories\SnowOnly\a2c_naturecnn_depth_obstacle_weather_rainandfog_SnowOnly\a2c_naturecnn_depth_obstacle_weather_rainandfog_SnowOnly_positions.csv' did not travel at least 9 meters. Skipping.
2024-12-06 20:38:23,340 [INFO] Episode 34 in 'D:\Masters\Sem5\uavRL\inference_outputs\Trajectories\SnowOnly\a2c_naturecnn_depth_obstacle_weather_rainandfog_SnowOnly\a2c_naturecnn_depth_obstacle_weather_rainandfog_SnowOnly_positions.csv' did not travel at least 9 meters. Skipping.
2024-12-06 20:38:23,344 [INFO] Episode 47 in 'D:\Masters\Sem5\uavRL\inference_outputs\Trajectories\SnowOnly\a2c_naturecnn_depth_obstacle_weather_rainandfog_SnowOnly\a2c_naturecnn_depth_obstacle_weather_rainandfog_SnowOnly_positions.csv' did not travel at least 9 meters. Skipping.
2024-12-06 20:38:23,345 [INFO] Episode 48 in 'D:\Masters\Sem5\uavRL\inference_outputs\Trajectories\SnowOnly\a2c_naturecnn_depth_obstacle_weather_rainandfog_SnowOnly\a2c_naturecnn_depth_obstacle_weather_rainandfog_SnowOnly_positions.csv' did not travel at least 9 meters. Skipping.
2024-12-06 20:38:23,345 [INFO] Episode 50 in 'D:\Masters\Sem5\uavRL\inference_outputs\Trajectories\SnowOnly\a2c_naturecnn_depth_obstacle_weather_rainandfog_SnowOnly\a2c_naturecnn_depth_obstacle_weather_rainandfog_SnowOnly_positions.csv' did not travel at least 9 meters. Skipping.
2024-12-06 20:38:23,346 [INFO] Episode 51 in 'D:\Masters\Sem5\uavRL\inference_outputs\Trajectories\SnowOnly\a2c_naturecnn_depth_obstacle_weather_rainandfog_SnowOnly\a2c_naturecnn_depth_obstacle_weather_rainandfog_SnowOnly_positions.csv' did not travel at least 9 meters. Skipping.
2024-12-06 20:38:23,348 [INFO] Episode 54 in 'D:\Masters\Sem5\uavRL\inference_outputs\Trajectories\SnowOnly\a2c_naturecnn_depth_obstacle_weather_rainandfog_SnowOnly\a2c_naturecnn_depth_obstacle_weather_rainandfog_SnowOnly_positions.csv' did not travel at least 9 meters. Skipping.
2024-12-06 20:38:23,348 [INFO] Episode 55 in 'D:\Masters\Sem5\uavRL\inference_outputs\Trajectories\SnowOnly\a2c_naturecnn_depth_obstacle_weather_rainandfog_SnowOnly\a2c_naturecnn_depth_obstacle_weather_rainandfog_SnowOnly_positions.csv' did not travel at least 9 meters. Skipping.
2024-12-06 20:38:23,349 [INFO] Episode 57 in 'D:\Masters\Sem5\uavRL\inference_outputs\Trajectories\SnowOnly\a2c_naturecnn_depth_obstacle_weather_rainandfog_SnowOnly\a2c_naturecnn_depth_obstacle_weather_rainandfog_SnowOnly_positions.csv' did not travel at least 9 meters. Skipping.
2024-12-06 20:38:23,350 [INFO] Episode 58 in 'D:\Masters\Sem5\uavRL\inference_outputs\Trajectories\SnowOnly\a2c_naturecnn_depth_obstacle_weather_rainandfog_SnowOnly\a2c_naturecnn_depth_obstacle_weather_rainandfog_SnowOnly_positions.csv' did not travel at least 9 meters. Skipping.
2024-12-06 20:38:23,351 [INFO] Episode 64 in 'D:\Masters\Sem5\uavRL\inference_outputs\Trajectories\SnowOnly\a2c_naturecnn_depth_obstacle_weather_rainandfog_SnowOnly\a2c_naturecnn_depth_obstacle_weather_rainandfog_SnowOnly_positions.csv' did not travel at least 9 meters. Skipping.
2024-12-06 20:38:23,354 [INFO] Episode 69 in 'D:\Masters\Sem5\uavRL\inference_outputs\Trajectories\SnowOnly\a2c_naturecnn_depth_obstacle_weather_rainandfog_SnowOnly\a2c_naturecnn_depth_obstacle_weather_rainandfog_SnowOnly_positions.csv' did not travel at least 9 meters. Skipping.
2024-12-06 20:38:23,355 [INFO] Episode 73 in 'D:\Masters\Sem5\uavRL\inference_outputs\Trajectories\SnowOnly\a2c_naturecnn_depth_obstacle_weather_rainandfog_SnowOnly\a2c_naturecnn_depth_obstacle_weather_rainandfog_SnowOnly_positions.csv' did not travel at least 9 meters. Skipping.
2024-12-06 20:38:23,357 [INFO] Episode 76 in 'D:\Masters\Sem5\uavRL\inference_outputs\Trajectories\SnowOnly\a2c_naturecnn_depth_obstacle_weather_rainandfog_SnowOnly\a2c_naturecnn_depth_obstacle_weather_rainandfog_SnowOnly_positions.csv' did not travel at least 9 meters. Skipping.
2024-12-06 20:38:23,357 [INFO] Episode 79 in 'D:\Masters\Sem5\uavRL\inference_outputs\Trajectories\SnowOnly\a2c_naturecnn_depth_obstacle_weather_rainandfog_SnowOnly\a2c_naturecnn_depth_obstacle_weather_rainandfog_SnowOnly_positions.csv' did not travel at least 9 meters. Skipping.
2024-12-06 20:38:23,360 [INFO] Episode 84 in 'D:\Masters\Sem5\uavRL\inference_outputs\Trajectories\SnowOnly\a2c_naturecnn_depth_obstacle_weather_rainandfog_SnowOnly\a2c_naturecnn_depth_obstacle_weather_rainandfog_SnowOnly_positions.csv' did not travel at least 9 meters. Skipping.
2024-12-06 20:38:23,361 [INFO] Episode 87 in 'D:\Masters\Sem5\uavRL\inference_outputs\Trajectories\SnowOnly\a2c_naturecnn_depth_obstacle_weather_rainandfog_SnowOnly\a2c_naturecnn_depth_obstacle_weather_rainandfog_SnowOnly_positions.csv' did not travel at least 9 meters. Skipping.
2024-12-06 20:38:23,363 [INFO] Episode 89 in 'D:\Masters\Sem5\uavRL\inference_outputs\Trajectories\SnowOnly\a2c_naturecnn_depth_obstacle_weather_rainandfog_SnowOnly\a2c_naturecnn_depth_obstacle_weather_rainandfog_SnowOnly_positions.csv' did not travel at least 9 meters. Skipping.
2024-12-06 20:38:23,364 [INFO] Episode 92 in 'D:\Masters\Sem5\uavRL\inference_outputs\Trajectories\SnowOnly\a2c_naturecnn_depth_obstacle_weather_rainandfog_SnowOnly\a2c_naturecnn_depth_obstacle_weather_rainandfog_SnowOnly_positions.csv' did not travel at least 9 meters. Skipping.
2024-12-06 20:38:23,365 [INFO] Episode 94 in 'D:\Masters\Sem5\uavRL\inference_outputs\Trajectories\SnowOnly\a2c_naturecnn_depth_obstacle_weather_rainandfog_SnowOnly\a2c_naturecnn_depth_obstacle_weather_rainandfog_SnowOnly_positions.csv' did not travel at least 9 meters. Skipping.
2024-12-06 20:38:23,365 [INFO] Episode 95 in 'D:\Masters\Sem5\uavRL\inference_outputs\Trajectories\SnowOnly\a2c_naturecnn_depth_obstacle_weather_rainandfog_SnowOnly\a2c_naturecnn_depth_obstacle_weather_rainandfog_SnowOnly_positions.csv' did not travel at least 9 meters. Skipping.
2024-12-06 20:38:23,366 [INFO] Episode 97 in 'D:\Masters\Sem5\uavRL\inference_outputs\Trajectories\SnowOnly\a2c_naturecnn_depth_obstacle_weather_rainandfog_SnowOnly\a2c_naturecnn_depth_obstacle_weather_rainandfog_SnowOnly_positions.csv' did not travel at least 9 meters. Skipping.
2024-12-06 20:38:23,366 [INFO] Episode 99 in 'D:\Masters\Sem5\uavRL\inference_outputs\Trajectories\SnowOnly\a2c_naturecnn_depth_obstacle_weather_rainandfog_SnowOnly\a2c_naturecnn_depth_obstacle_weather_rainandfog_SnowOnly_positions.csv' did not travel at least 9 meters. Skipping.
2024-12-06 20:38:23,426 [INFO] Successfully read 'D:\Masters\Sem5\uavRL\inference_outputs\Trajectories\SnowOnly\a2c_naturecnn_depth_obstacle_weather_snowonly_SnowOnly\a2c_naturecnn_depth_obstacle_weather_snowonly_SnowOnly_positions.csv'.
2024-12-06 20:38:23,428 [INFO] Episode 3 in 'D:\Masters\Sem5\uavRL\inference_outputs\Trajectories\SnowOnly\a2c_naturecnn_depth_obstacle_weather_snowonly_SnowOnly\a2c_naturecnn_depth_obstacle_weather_snowonly_SnowOnly_positions.csv' did not travel at least 9 meters. Skipping.
2024-12-06 20:38:23,430 [INFO] Episode 7 in 'D:\Masters\Sem5\uavRL\inference_outputs\Trajectories\SnowOnly\a2c_naturecnn_depth_obstacle_weather_snowonly_SnowOnly\a2c_naturecnn_depth_obstacle_weather_snowonly_SnowOnly_positions.csv' did not travel at least 9 meters. Skipping.
2024-12-06 20:38:23,431 [INFO] Episode 10 in 'D:\Masters\Sem5\uavRL\inference_outputs\Trajectories\SnowOnly\a2c_naturecnn_depth_obstacle_weather_snowonly_SnowOnly\a2c_naturecnn_depth_obstacle_weather_snowonly_SnowOnly_positions.csv' did not travel at least 9 meters. Skipping.
2024-12-06 20:38:23,431 [INFO] Episode 11 in 'D:\Masters\Sem5\uavRL\inference_outputs\Trajectories\SnowOnly\a2c_naturecnn_depth_obstacle_weather_snowonly_SnowOnly\a2c_naturecnn_depth_obstacle_weather_snowonly_SnowOnly_positions.csv' did not travel at least 9 meters. Skipping.
2024-12-06 20:38:23,433 [INFO] Episode 14 in 'D:\Masters\Sem5\uavRL\inference_outputs\Trajectories\SnowOnly\a2c_naturecnn_depth_obstacle_weather_snowonly_SnowOnly\a2c_naturecnn_depth_obstacle_weather_snowonly_SnowOnly_positions.csv' did not travel at least 9 meters. Skipping.
2024-12-06 20:38:23,435 [INFO] Episode 18 in 'D:\Masters\Sem5\uavRL\inference_outputs\Trajectories\SnowOnly\a2c_naturecnn_depth_obstacle_weather_snowonly_SnowOnly\a2c_naturecnn_depth_obstacle_weather_snowonly_SnowOnly_positions.csv' did not travel at least 9 meters. Skipping.
2024-12-06 20:38:23,437 [INFO] Episode 23 in 'D:\Masters\Sem5\uavRL\inference_outputs\Trajectories\SnowOnly\a2c_naturecnn_depth_obstacle_weather_snowonly_SnowOnly\a2c_naturecnn_depth_obstacle_weather_snowonly_SnowOnly_positions.csv' did not travel at least 9 meters. Skipping.
2024-12-06 20:38:23,438 [INFO] Episode 27 in 'D:\Masters\Sem5\uavRL\inference_outputs\Trajectories\SnowOnly\a2c_naturecnn_depth_obstacle_weather_snowonly_SnowOnly\a2c_naturecnn_depth_obstacle_weather_snowonly_SnowOnly_positions.csv' did not travel at least 9 meters. Skipping.
2024-12-06 20:38:23,438 [INFO] Episode 28 in 'D:\Masters\Sem5\uavRL\inference_outputs\Trajectories\SnowOnly\a2c_naturecnn_depth_obstacle_weather_snowonly_SnowOnly\a2c_naturecnn_depth_obstacle_weather_snowonly_SnowOnly_positions.csv' did not travel at least 9 meters. Skipping.
2024-12-06 20:38:23,439 [INFO] Episode 30 in 'D:\Masters\Sem5\uavRL\inference_outputs\Trajectories\SnowOnly\a2c_naturecnn_depth_obstacle_weather_snowonly_SnowOnly\a2c_naturecnn_depth_obstacle_weather_snowonly_SnowOnly_positions.csv' did not travel at least 9 meters. Skipping.
2024-12-06 20:38:23,440 [INFO] Episode 31 in 'D:\Masters\Sem5\uavRL\inference_outputs\Trajectories\SnowOnly\a2c_naturecnn_depth_obstacle_weather_snowonly_SnowOnly\a2c_naturecnn_depth_obstacle_weather_snowonly_SnowOnly_positions.csv' did not travel at least 9 meters. Skipping.
2024-12-06 20:38:23,440 [INFO] Episode 32 in 'D:\Masters\Sem5\uavRL\inference_outputs\Trajectories\SnowOnly\a2c_naturecnn_depth_obstacle_weather_snowonly_SnowOnly\a2c_naturecnn_depth_obstacle_weather_snowonly_SnowOnly_positions.csv' did not travel at least 9 meters. Skipping.
2024-12-06 20:38:23,443 [INFO] Episode 42 in 'D:\Masters\Sem5\uavRL\inference_outputs\Trajectories\SnowOnly\a2c_naturecnn_depth_obstacle_weather_snowonly_SnowOnly\a2c_naturecnn_depth_obstacle_weather_snowonly_SnowOnly_positions.csv' did not travel at least 9 meters. Skipping.
2024-12-06 20:38:23,446 [INFO] Episode 47 in 'D:\Masters\Sem5\uavRL\inference_outputs\Trajectories\SnowOnly\a2c_naturecnn_depth_obstacle_weather_snowonly_SnowOnly\a2c_naturecnn_depth_obstacle_weather_snowonly_SnowOnly_positions.csv' did not travel at least 9 meters. Skipping.
2024-12-06 20:38:23,447 [INFO] Episode 48 in 'D:\Masters\Sem5\uavRL\inference_outputs\Trajectories\SnowOnly\a2c_naturecnn_depth_obstacle_weather_snowonly_SnowOnly\a2c_naturecnn_depth_obstacle_weather_snowonly_SnowOnly_positions.csv' did not travel at least 9 meters. Skipping.
2024-12-06 20:38:23,450 [INFO] Episode 62 in 'D:\Masters\Sem5\uavRL\inference_outputs\Trajectories\SnowOnly\a2c_naturecnn_depth_obstacle_weather_snowonly_SnowOnly\a2c_naturecnn_depth_obstacle_weather_snowonly_SnowOnly_positions.csv' did not travel at least 9 meters. Skipping.
2024-12-06 20:38:23,456 [INFO] Episode 74 in 'D:\Masters\Sem5\uavRL\inference_outputs\Trajectories\SnowOnly\a2c_naturecnn_depth_obstacle_weather_snowonly_SnowOnly\a2c_naturecnn_depth_obstacle_weather_snowonly_SnowOnly_positions.csv' did not travel at least 9 meters. Skipping.
2024-12-06 20:38:23,462 [INFO] Episode 91 in 'D:\Masters\Sem5\uavRL\inference_outputs\Trajectories\SnowOnly\a2c_naturecnn_depth_obstacle_weather_snowonly_SnowOnly\a2c_naturecnn_depth_obstacle_weather_snowonly_SnowOnly_positions.csv' did not travel at least 9 meters. Skipping.
2024-12-06 20:38:23,463 [INFO] Episode 92 in 'D:\Masters\Sem5\uavRL\inference_outputs\Trajectories\SnowOnly\a2c_naturecnn_depth_obstacle_weather_snowonly_SnowOnly\a2c_naturecnn_depth_obstacle_weather_snowonly_SnowOnly_positions.csv' did not travel at least 9 meters. Skipping.
2024-12-06 20:38:23,464 [INFO] Episode 94 in 'D:\Masters\Sem5\uavRL\inference_outputs\Trajectories\SnowOnly\a2c_naturecnn_depth_obstacle_weather_snowonly_SnowOnly\a2c_naturecnn_depth_obstacle_weather_snowonly_SnowOnly_positions.csv' did not travel at least 9 meters. Skipping.
2024-12-06 20:38:23,465 [INFO] Episode 96 in 'D:\Masters\Sem5\uavRL\inference_outputs\Trajectories\SnowOnly\a2c_naturecnn_depth_obstacle_weather_snowonly_SnowOnly\a2c_naturecnn_depth_obstacle_weather_snowonly_SnowOnly_positions.csv' did not travel at least 9 meters. Skipping.
2024-12-06 20:38:23,467 [INFO] Episode 100 in 'D:\Masters\Sem5\uavRL\inference_outputs\Trajectories\SnowOnly\a2c_naturecnn_depth_obstacle_weather_snowonly_SnowOnly\a2c_naturecnn_depth_obstacle_weather_snowonly_SnowOnly_positions.csv' did not travel at least 9 meters. Skipping.
2024-12-06 20:38:23,477 [INFO] Successfully read 'D:\Masters\Sem5\uavRL\inference_outputs\Trajectories\SnowOnly\ppo_naturecnn_depth_SnowOnly\ppo_naturecnn_depth_SnowOnly_positions.csv'.
2024-12-06 20:38:23,478 [INFO] Episode 1 in 'D:\Masters\Sem5\uavRL\inference_outputs\Trajectories\SnowOnly\ppo_naturecnn_depth_SnowOnly\ppo_naturecnn_depth_SnowOnly_positions.csv' did not travel at least 9 meters. Skipping.
2024-12-06 20:38:23,479 [INFO] Episode 2 in 'D:\Masters\Sem5\uavRL\inference_outputs\Trajectories\SnowOnly\ppo_naturecnn_depth_SnowOnly\ppo_naturecnn_depth_SnowOnly_positions.csv' did not travel at least 9 meters. Skipping.
2024-12-06 20:38:23,480 [INFO] Episode 4 in 'D:\Masters\Sem5\uavRL\inference_outputs\Trajectories\SnowOnly\ppo_naturecnn_depth_SnowOnly\ppo_naturecnn_depth_SnowOnly_positions.csv' did not travel at least 9 meters. Skipping.
2024-12-06 20:38:23,482 [INFO] Episode 7 in 'D:\Masters\Sem5\uavRL\inference_outputs\Trajectories\SnowOnly\ppo_naturecnn_depth_SnowOnly\ppo_naturecnn_depth_SnowOnly_positions.csv' did not travel at least 9 meters. Skipping.
2024-12-06 20:38:23,482 [INFO] Episode 8 in 'D:\Masters\Sem5\uavRL\inference_outputs\Trajectories\SnowOnly\ppo_naturecnn_depth_SnowOnly\ppo_naturecnn_depth_SnowOnly_positions.csv' did not travel at least 9 meters. Skipping.
2024-12-06 20:38:23,482 [INFO] Episode 9 in 'D:\Masters\Sem5\uavRL\inference_outputs\Trajectories\SnowOnly\ppo_naturecnn_depth_SnowOnly\ppo_naturecnn_depth_SnowOnly_positions.csv' did not travel at least 9 meters. Skipping.
2024-12-06 20:38:23,483 [INFO] Episode 11 in 'D:\Masters\Sem5\uavRL\inference_outputs\Trajectories\SnowOnly\ppo_naturecnn_depth_SnowOnly\ppo_naturecnn_depth_SnowOnly_positions.csv' did not travel at least 9 meters. Skipping.
2024-12-06 20:38:23,484 [INFO] Episode 14 in 'D:\Masters\Sem5\uavRL\inference_outputs\Trajectories\SnowOnly\ppo_naturecnn_depth_SnowOnly\ppo_naturecnn_depth_SnowOnly_positions.csv' did not travel at least 9 meters. Skipping.
2024-12-06 20:38:23,485 [INFO] Episode 15 in 'D:\Masters\Sem5\uavRL\inference_outputs\Trajectories\SnowOnly\ppo_naturecnn_depth_SnowOnly\ppo_naturecnn_depth_SnowOnly_positions.csv' did not travel at least 9 meters. Skipping.
2024-12-06 20:38:23,486 [INFO] Episode 16 in 'D:\Masters\Sem5\uavRL\inference_outputs\Trajectories\SnowOnly\ppo_naturecnn_depth_SnowOnly\ppo_naturecnn_depth_SnowOnly_positions.csv' did not travel at least 9 meters. Skipping.
2024-12-06 20:38:23,487 [INFO] Episode 19 in 'D:\Masters\Sem5\uavRL\inference_outputs\Trajectories\SnowOnly\ppo_naturecnn_depth_SnowOnly\ppo_naturecnn_depth_SnowOnly_positions.csv' did not travel at least 9 meters. Skipping.
2024-12-06 20:38:23,488 [INFO] Episode 21 in 'D:\Masters\Sem5\uavRL\inference_outputs\Trajectories\SnowOnly\ppo_naturecnn_depth_SnowOnly\ppo_naturecnn_depth_SnowOnly_positions.csv' did not travel at least 9 meters. Skipping.
2024-12-06 20:38:23,490 [INFO] Episode 23 in 'D:\Masters\Sem5\uavRL\inference_outputs\Trajectories\SnowOnly\ppo_naturecnn_depth_SnowOnly\ppo_naturecnn_depth_SnowOnly_positions.csv' did not travel at least 9 meters. Skipping.
2024-12-06 20:38:23,492 [INFO] Episode 26 in 'D:\Masters\Sem5\uavRL\inference_outputs\Trajectories\SnowOnly\ppo_naturecnn_depth_SnowOnly\ppo_naturecnn_depth_SnowOnly_positions.csv' did not travel at least 9 meters. Skipping.
2024-12-06 20:38:23,492 [INFO] Episode 28 in 'D:\Masters\Sem5\uavRL\inference_outputs\Trajectories\SnowOnly\ppo_naturecnn_depth_SnowOnly\ppo_naturecnn_depth_SnowOnly_positions.csv' did not travel at least 9 meters. Skipping.
2024-12-06 20:38:23,494 [INFO] Episode 34 in 'D:\Masters\Sem5\uavRL\inference_outputs\Trajectories\SnowOnly\ppo_naturecnn_depth_SnowOnly\ppo_naturecnn_depth_SnowOnly_positions.csv' did not travel at least 9 meters. Skipping.
2024-12-06 20:38:23,495 [INFO] Episode 36 in 'D:\Masters\Sem5\uavRL\inference_outputs\Trajectories\SnowOnly\ppo_naturecnn_depth_SnowOnly\ppo_naturecnn_depth_SnowOnly_positions.csv' did not travel at least 9 meters. Skipping.
2024-12-06 20:38:23,497 [INFO] Episode 37 in 'D:\Masters\Sem5\uavRL\inference_outputs\Trajectories\SnowOnly\ppo_naturecnn_depth_SnowOnly\ppo_naturecnn_depth_SnowOnly_positions.csv' did not travel at least 9 meters. Skipping.
2024-12-06 20:38:23,497 [INFO] Episode 38 in 'D:\Masters\Sem5\uavRL\inference_outputs\Trajectories\SnowOnly\ppo_naturecnn_depth_SnowOnly\ppo_naturecnn_depth_SnowOnly_positions.csv' did not travel at least 9 meters. Skipping.
2024-12-06 20:38:23,498 [INFO] Episode 40 in 'D:\Masters\Sem5\uavRL\inference_outputs\Trajectories\SnowOnly\ppo_naturecnn_depth_SnowOnly\ppo_naturecnn_depth_SnowOnly_positions.csv' did not travel at least 9 meters. Skipping.
2024-12-06 20:38:23,499 [INFO] Episode 41 in 'D:\Masters\Sem5\uavRL\inference_outputs\Trajectories\SnowOnly\ppo_naturecnn_depth_SnowOnly\ppo_naturecnn_depth_SnowOnly_positions.csv' did not travel at least 9 meters. Skipping.
2024-12-06 20:38:23,499 [INFO] Episode 42 in 'D:\Masters\Sem5\uavRL\inference_outputs\Trajectories\SnowOnly\ppo_naturecnn_depth_SnowOnly\ppo_naturecnn_depth_SnowOnly_positions.csv' did not travel at least 9 meters. Skipping.
2024-12-06 20:38:23,500 [INFO] Episode 43 in 'D:\Masters\Sem5\uavRL\inference_outputs\Trajectories\SnowOnly\ppo_naturecnn_depth_SnowOnly\ppo_naturecnn_depth_SnowOnly_positions.csv' did not travel at least 9 meters. Skipping.
2024-12-06 20:38:23,500 [INFO] Episode 44 in 'D:\Masters\Sem5\uavRL\inference_outputs\Trajectories\SnowOnly\ppo_naturecnn_depth_SnowOnly\ppo_naturecnn_depth_SnowOnly_positions.csv' did not travel at least 9 meters. Skipping.
2024-12-06 20:38:23,501 [INFO] Episode 45 in 'D:\Masters\Sem5\uavRL\inference_outputs\Trajectories\SnowOnly\ppo_naturecnn_depth_SnowOnly\ppo_naturecnn_depth_SnowOnly_positions.csv' did not travel at least 9 meters. Skipping.
2024-12-06 20:38:23,501 [INFO] Episode 46 in 'D:\Masters\Sem5\uavRL\inference_outputs\Trajectories\SnowOnly\ppo_naturecnn_depth_SnowOnly\ppo_naturecnn_depth_SnowOnly_positions.csv' did not travel at least 9 meters. Skipping.
2024-12-06 20:38:23,502 [INFO] Episode 49 in 'D:\Masters\Sem5\uavRL\inference_outputs\Trajectories\SnowOnly\ppo_naturecnn_depth_SnowOnly\ppo_naturecnn_depth_SnowOnly_positions.csv' did not travel at least 9 meters. Skipping.
2024-12-06 20:38:23,503 [INFO] Episode 50 in 'D:\Masters\Sem5\uavRL\inference_outputs\Trajectories\SnowOnly\ppo_naturecnn_depth_SnowOnly\ppo_naturecnn_depth_SnowOnly_positions.csv' did not travel at least 9 meters. Skipping.
2024-12-06 20:38:23,506 [INFO] Episode 55 in 'D:\Masters\Sem5\uavRL\inference_outputs\Trajectories\SnowOnly\ppo_naturecnn_depth_SnowOnly\ppo_naturecnn_depth_SnowOnly_positions.csv' did not travel at least 9 meters. Skipping.
2024-12-06 20:38:23,507 [INFO] Episode 56 in 'D:\Masters\Sem5\uavRL\inference_outputs\Trajectories\SnowOnly\ppo_naturecnn_depth_SnowOnly\ppo_naturecnn_depth_SnowOnly_positions.csv' did not travel at least 9 meters. Skipping.
2024-12-06 20:38:23,508 [INFO] Episode 58 in 'D:\Masters\Sem5\uavRL\inference_outputs\Trajectories\SnowOnly\ppo_naturecnn_depth_SnowOnly\ppo_naturecnn_depth_SnowOnly_positions.csv' did not travel at least 9 meters. Skipping.
2024-12-06 20:38:23,509 [INFO] Episode 60 in 'D:\Masters\Sem5\uavRL\inference_outputs\Trajectories\SnowOnly\ppo_naturecnn_depth_SnowOnly\ppo_naturecnn_depth_SnowOnly_positions.csv' did not travel at least 9 meters. Skipping.
2024-12-06 20:38:23,510 [INFO] Episode 61 in 'D:\Masters\Sem5\uavRL\inference_outputs\Trajectories\SnowOnly\ppo_naturecnn_depth_SnowOnly\ppo_naturecnn_depth_SnowOnly_positions.csv' did not travel at least 9 meters. Skipping.
2024-12-06 20:38:23,510 [INFO] Episode 62 in 'D:\Masters\Sem5\uavRL\inference_outputs\Trajectories\SnowOnly\ppo_naturecnn_depth_SnowOnly\ppo_naturecnn_depth_SnowOnly_positions.csv' did not travel at least 9 meters. Skipping.
2024-12-06 20:38:23,512 [INFO] Episode 66 in 'D:\Masters\Sem5\uavRL\inference_outputs\Trajectories\SnowOnly\ppo_naturecnn_depth_SnowOnly\ppo_naturecnn_depth_SnowOnly_positions.csv' did not travel at least 9 meters. Skipping.
2024-12-06 20:38:23,513 [INFO] Episode 67 in 'D:\Masters\Sem5\uavRL\inference_outputs\Trajectories\SnowOnly\ppo_naturecnn_depth_SnowOnly\ppo_naturecnn_depth_SnowOnly_positions.csv' did not travel at least 9 meters. Skipping.
2024-12-06 20:38:23,514 [INFO] Episode 70 in 'D:\Masters\Sem5\uavRL\inference_outputs\Trajectories\SnowOnly\ppo_naturecnn_depth_SnowOnly\ppo_naturecnn_depth_SnowOnly_positions.csv' did not travel at least 9 meters. Skipping.
2024-12-06 20:38:23,514 [INFO] Episode 71 in 'D:\Masters\Sem5\uavRL\inference_outputs\Trajectories\SnowOnly\ppo_naturecnn_depth_SnowOnly\ppo_naturecnn_depth_SnowOnly_positions.csv' did not travel at least 9 meters. Skipping.
2024-12-06 20:38:23,516 [INFO] Episode 75 in 'D:\Masters\Sem5\uavRL\inference_outputs\Trajectories\SnowOnly\ppo_naturecnn_depth_SnowOnly\ppo_naturecnn_depth_SnowOnly_positions.csv' did not travel at least 9 meters. Skipping.
2024-12-06 20:38:23,518 [INFO] Episode 84 in 'D:\Masters\Sem5\uavRL\inference_outputs\Trajectories\SnowOnly\ppo_naturecnn_depth_SnowOnly\ppo_naturecnn_depth_SnowOnly_positions.csv' did not travel at least 9 meters. Skipping.
2024-12-06 20:38:23,518 [INFO] Episode 87 in 'D:\Masters\Sem5\uavRL\inference_outputs\Trajectories\SnowOnly\ppo_naturecnn_depth_SnowOnly\ppo_naturecnn_depth_SnowOnly_positions.csv' did not travel at least 9 meters. Skipping.
2024-12-06 20:38:23,520 [INFO] Episode 89 in 'D:\Masters\Sem5\uavRL\inference_outputs\Trajectories\SnowOnly\ppo_naturecnn_depth_SnowOnly\ppo_naturecnn_depth_SnowOnly_positions.csv' did not travel at least 9 meters. Skipping.
2024-12-06 20:38:23,521 [INFO] Episode 91 in 'D:\Masters\Sem5\uavRL\inference_outputs\Trajectories\SnowOnly\ppo_naturecnn_depth_SnowOnly\ppo_naturecnn_depth_SnowOnly_positions.csv' did not travel at least 9 meters. Skipping.
2024-12-06 20:38:23,522 [INFO] Episode 92 in 'D:\Masters\Sem5\uavRL\inference_outputs\Trajectories\SnowOnly\ppo_naturecnn_depth_SnowOnly\ppo_naturecnn_depth_SnowOnly_positions.csv' did not travel at least 9 meters. Skipping.
2024-12-06 20:38:23,523 [INFO] Episode 96 in 'D:\Masters\Sem5\uavRL\inference_outputs\Trajectories\SnowOnly\ppo_naturecnn_depth_SnowOnly\ppo_naturecnn_depth_SnowOnly_positions.csv' did not travel at least 9 meters. Skipping.
2024-12-06 20:38:23,524 [INFO] Episode 98 in 'D:\Masters\Sem5\uavRL\inference_outputs\Trajectories\SnowOnly\ppo_naturecnn_depth_SnowOnly\ppo_naturecnn_depth_SnowOnly_positions.csv' did not travel at least 9 meters. Skipping.
2024-12-06 20:38:23,524 [INFO] Episode 99 in 'D:\Masters\Sem5\uavRL\inference_outputs\Trajectories\SnowOnly\ppo_naturecnn_depth_SnowOnly\ppo_naturecnn_depth_SnowOnly_positions.csv' did not travel at least 9 meters. Skipping.
2024-12-06 20:38:23,526 [INFO] Episode 100 in 'D:\Masters\Sem5\uavRL\inference_outputs\Trajectories\SnowOnly\ppo_naturecnn_depth_SnowOnly\ppo_naturecnn_depth_SnowOnly_positions.csv' did not travel at least 9 meters. Skipping.
2024-12-06 20:38:23,539 [INFO] Successfully read 'D:\Masters\Sem5\uavRL\inference_outputs\Trajectories\SnowOnly\ppo_naturecnn_depth_obstacle_weather_leavesfalling_SnowOnly\ppo_naturecnn_depth_obstacle_weather_leavesfalling_SnowOnly_positions.csv'.
2024-12-06 20:38:23,542 [INFO] Episode 11 in 'D:\Masters\Sem5\uavRL\inference_outputs\Trajectories\SnowOnly\ppo_naturecnn_depth_obstacle_weather_leavesfalling_SnowOnly\ppo_naturecnn_depth_obstacle_weather_leavesfalling_SnowOnly_positions.csv' did not travel at least 9 meters. Skipping.
2024-12-06 20:38:23,543 [INFO] Episode 12 in 'D:\Masters\Sem5\uavRL\inference_outputs\Trajectories\SnowOnly\ppo_naturecnn_depth_obstacle_weather_leavesfalling_SnowOnly\ppo_naturecnn_depth_obstacle_weather_leavesfalling_SnowOnly_positions.csv' did not travel at least 9 meters. Skipping.
2024-12-06 20:38:23,543 [INFO] Episode 13 in 'D:\Masters\Sem5\uavRL\inference_outputs\Trajectories\SnowOnly\ppo_naturecnn_depth_obstacle_weather_leavesfalling_SnowOnly\ppo_naturecnn_depth_obstacle_weather_leavesfalling_SnowOnly_positions.csv' did not travel at least 9 meters. Skipping.
2024-12-06 20:38:23,544 [INFO] Episode 18 in 'D:\Masters\Sem5\uavRL\inference_outputs\Trajectories\SnowOnly\ppo_naturecnn_depth_obstacle_weather_leavesfalling_SnowOnly\ppo_naturecnn_depth_obstacle_weather_leavesfalling_SnowOnly_positions.csv' did not travel at least 9 meters. Skipping.
2024-12-06 20:38:23,551 [INFO] Episode 41 in 'D:\Masters\Sem5\uavRL\inference_outputs\Trajectories\SnowOnly\ppo_naturecnn_depth_obstacle_weather_leavesfalling_SnowOnly\ppo_naturecnn_depth_obstacle_weather_leavesfalling_SnowOnly_positions.csv' did not travel at least 9 meters. Skipping.
2024-12-06 20:38:23,553 [INFO] Episode 45 in 'D:\Masters\Sem5\uavRL\inference_outputs\Trajectories\SnowOnly\ppo_naturecnn_depth_obstacle_weather_leavesfalling_SnowOnly\ppo_naturecnn_depth_obstacle_weather_leavesfalling_SnowOnly_positions.csv' did not travel at least 9 meters. Skipping.
2024-12-06 20:38:23,554 [INFO] Episode 47 in 'D:\Masters\Sem5\uavRL\inference_outputs\Trajectories\SnowOnly\ppo_naturecnn_depth_obstacle_weather_leavesfalling_SnowOnly\ppo_naturecnn_depth_obstacle_weather_leavesfalling_SnowOnly_positions.csv' did not travel at least 9 meters. Skipping.
2024-12-06 20:38:23,555 [INFO] Episode 49 in 'D:\Masters\Sem5\uavRL\inference_outputs\Trajectories\SnowOnly\ppo_naturecnn_depth_obstacle_weather_leavesfalling_SnowOnly\ppo_naturecnn_depth_obstacle_weather_leavesfalling_SnowOnly_positions.csv' did not travel at least 9 meters. Skipping.
2024-12-06 20:38:23,556 [INFO] Episode 54 in 'D:\Masters\Sem5\uavRL\inference_outputs\Trajectories\SnowOnly\ppo_naturecnn_depth_obstacle_weather_leavesfalling_SnowOnly\ppo_naturecnn_depth_obstacle_weather_leavesfalling_SnowOnly_positions.csv' did not travel at least 9 meters. Skipping.
2024-12-06 20:38:23,558 [INFO] Episode 59 in 'D:\Masters\Sem5\uavRL\inference_outputs\Trajectories\SnowOnly\ppo_naturecnn_depth_obstacle_weather_leavesfalling_SnowOnly\ppo_naturecnn_depth_obstacle_weather_leavesfalling_SnowOnly_positions.csv' did not travel at least 9 meters. Skipping.
2024-12-06 20:38:23,560 [INFO] Episode 63 in 'D:\Masters\Sem5\uavRL\inference_outputs\Trajectories\SnowOnly\ppo_naturecnn_depth_obstacle_weather_leavesfalling_SnowOnly\ppo_naturecnn_depth_obstacle_weather_leavesfalling_SnowOnly_positions.csv' did not travel at least 9 meters. Skipping.
2024-12-06 20:38:23,565 [INFO] Episode 84 in 'D:\Masters\Sem5\uavRL\inference_outputs\Trajectories\SnowOnly\ppo_naturecnn_depth_obstacle_weather_leavesfalling_SnowOnly\ppo_naturecnn_depth_obstacle_weather_leavesfalling_SnowOnly_positions.csv' did not travel at least 9 meters. Skipping.
2024-12-06 20:38:23,566 [INFO] Episode 87 in 'D:\Masters\Sem5\uavRL\inference_outputs\Trajectories\SnowOnly\ppo_naturecnn_depth_obstacle_weather_leavesfalling_SnowOnly\ppo_naturecnn_depth_obstacle_weather_leavesfalling_SnowOnly_positions.csv' did not travel at least 9 meters. Skipping.
2024-12-06 20:38:23,569 [INFO] Episode 96 in 'D:\Masters\Sem5\uavRL\inference_outputs\Trajectories\SnowOnly\ppo_naturecnn_depth_obstacle_weather_leavesfalling_SnowOnly\ppo_naturecnn_depth_obstacle_weather_leavesfalling_SnowOnly_positions.csv' did not travel at least 9 meters. Skipping.
2024-12-06 20:38:23,585 [INFO] Successfully read 'D:\Masters\Sem5\uavRL\inference_outputs\Trajectories\SnowOnly\ppo_naturecnn_depth_obstacle_weather_rainandfog_SnowOnly\ppo_naturecnn_depth_obstacle_weather_rainandfog_SnowOnly_positions.csv'.
2024-12-06 20:38:23,589 [INFO] Episode 6 in 'D:\Masters\Sem5\uavRL\inference_outputs\Trajectories\SnowOnly\ppo_naturecnn_depth_obstacle_weather_rainandfog_SnowOnly\ppo_naturecnn_depth_obstacle_weather_rainandfog_SnowOnly_positions.csv' did not travel at least 9 meters. Skipping.
2024-12-06 20:38:23,592 [INFO] Episode 15 in 'D:\Masters\Sem5\uavRL\inference_outputs\Trajectories\SnowOnly\ppo_naturecnn_depth_obstacle_weather_rainandfog_SnowOnly\ppo_naturecnn_depth_obstacle_weather_rainandfog_SnowOnly_positions.csv' did not travel at least 9 meters. Skipping.
2024-12-06 20:38:23,593 [INFO] Episode 19 in 'D:\Masters\Sem5\uavRL\inference_outputs\Trajectories\SnowOnly\ppo_naturecnn_depth_obstacle_weather_rainandfog_SnowOnly\ppo_naturecnn_depth_obstacle_weather_rainandfog_SnowOnly_positions.csv' did not travel at least 9 meters. Skipping.
2024-12-06 20:38:23,595 [INFO] Episode 25 in 'D:\Masters\Sem5\uavRL\inference_outputs\Trajectories\SnowOnly\ppo_naturecnn_depth_obstacle_weather_rainandfog_SnowOnly\ppo_naturecnn_depth_obstacle_weather_rainandfog_SnowOnly_positions.csv' did not travel at least 9 meters. Skipping.
2024-12-06 20:38:23,596 [INFO] Episode 28 in 'D:\Masters\Sem5\uavRL\inference_outputs\Trajectories\SnowOnly\ppo_naturecnn_depth_obstacle_weather_rainandfog_SnowOnly\ppo_naturecnn_depth_obstacle_weather_rainandfog_SnowOnly_positions.csv' did not travel at least 9 meters. Skipping.
2024-12-06 20:38:23,598 [INFO] Episode 35 in 'D:\Masters\Sem5\uavRL\inference_outputs\Trajectories\SnowOnly\ppo_naturecnn_depth_obstacle_weather_rainandfog_SnowOnly\ppo_naturecnn_depth_obstacle_weather_rainandfog_SnowOnly_positions.csv' did not travel at least 9 meters. Skipping.
2024-12-06 20:38:23,600 [INFO] Episode 43 in 'D:\Masters\Sem5\uavRL\inference_outputs\Trajectories\SnowOnly\ppo_naturecnn_depth_obstacle_weather_rainandfog_SnowOnly\ppo_naturecnn_depth_obstacle_weather_rainandfog_SnowOnly_positions.csv' did not travel at least 9 meters. Skipping.
2024-12-06 20:38:23,602 [INFO] Episode 51 in 'D:\Masters\Sem5\uavRL\inference_outputs\Trajectories\SnowOnly\ppo_naturecnn_depth_obstacle_weather_rainandfog_SnowOnly\ppo_naturecnn_depth_obstacle_weather_rainandfog_SnowOnly_positions.csv' did not travel at least 9 meters. Skipping.
2024-12-06 20:38:23,604 [INFO] Episode 52 in 'D:\Masters\Sem5\uavRL\inference_outputs\Trajectories\SnowOnly\ppo_naturecnn_depth_obstacle_weather_rainandfog_SnowOnly\ppo_naturecnn_depth_obstacle_weather_rainandfog_SnowOnly_positions.csv' did not travel at least 9 meters. Skipping.
2024-12-06 20:38:23,605 [INFO] Episode 54 in 'D:\Masters\Sem5\uavRL\inference_outputs\Trajectories\SnowOnly\ppo_naturecnn_depth_obstacle_weather_rainandfog_SnowOnly\ppo_naturecnn_depth_obstacle_weather_rainandfog_SnowOnly_positions.csv' did not travel at least 9 meters. Skipping.
2024-12-06 20:38:23,611 [INFO] Episode 71 in 'D:\Masters\Sem5\uavRL\inference_outputs\Trajectories\SnowOnly\ppo_naturecnn_depth_obstacle_weather_rainandfog_SnowOnly\ppo_naturecnn_depth_obstacle_weather_rainandfog_SnowOnly_positions.csv' did not travel at least 9 meters. Skipping.
2024-12-06 20:38:23,633 [INFO] Successfully read 'D:\Masters\Sem5\uavRL\inference_outputs\Trajectories\SnowOnly\ppo_naturecnn_depth_obstacle_weather_snowonly_SnowOnly\ppo_naturecnn_depth_obstacle_weather_snowonly_SnowOnly_positions.csv'.
2024-12-06 20:38:23,637 [INFO] Episode 5 in 'D:\Masters\Sem5\uavRL\inference_outputs\Trajectories\SnowOnly\ppo_naturecnn_depth_obstacle_weather_snowonly_SnowOnly\ppo_naturecnn_depth_obstacle_weather_snowonly_SnowOnly_positions.csv' did not travel at least 9 meters. Skipping.
2024-12-06 20:38:23,637 [INFO] Episode 6 in 'D:\Masters\Sem5\uavRL\inference_outputs\Trajectories\SnowOnly\ppo_naturecnn_depth_obstacle_weather_snowonly_SnowOnly\ppo_naturecnn_depth_obstacle_weather_snowonly_SnowOnly_positions.csv' did not travel at least 9 meters. Skipping.
2024-12-06 20:38:23,641 [INFO] Episode 14 in 'D:\Masters\Sem5\uavRL\inference_outputs\Trajectories\SnowOnly\ppo_naturecnn_depth_obstacle_weather_snowonly_SnowOnly\ppo_naturecnn_depth_obstacle_weather_snowonly_SnowOnly_positions.csv' did not travel at least 9 meters. Skipping.
2024-12-06 20:38:23,642 [INFO] Episode 16 in 'D:\Masters\Sem5\uavRL\inference_outputs\Trajectories\SnowOnly\ppo_naturecnn_depth_obstacle_weather_snowonly_SnowOnly\ppo_naturecnn_depth_obstacle_weather_snowonly_SnowOnly_positions.csv' did not travel at least 9 meters. Skipping.
2024-12-06 20:38:23,642 [INFO] Episode 18 in 'D:\Masters\Sem5\uavRL\inference_outputs\Trajectories\SnowOnly\ppo_naturecnn_depth_obstacle_weather_snowonly_SnowOnly\ppo_naturecnn_depth_obstacle_weather_snowonly_SnowOnly_positions.csv' did not travel at least 9 meters. Skipping.
2024-12-06 20:38:23,643 [INFO] Episode 20 in 'D:\Masters\Sem5\uavRL\inference_outputs\Trajectories\SnowOnly\ppo_naturecnn_depth_obstacle_weather_snowonly_SnowOnly\ppo_naturecnn_depth_obstacle_weather_snowonly_SnowOnly_positions.csv' did not travel at least 9 meters. Skipping.
2024-12-06 20:38:23,646 [INFO] Episode 26 in 'D:\Masters\Sem5\uavRL\inference_outputs\Trajectories\SnowOnly\ppo_naturecnn_depth_obstacle_weather_snowonly_SnowOnly\ppo_naturecnn_depth_obstacle_weather_snowonly_SnowOnly_positions.csv' did not travel at least 9 meters. Skipping.
2024-12-06 20:38:23,646 [INFO] Episode 27 in 'D:\Masters\Sem5\uavRL\inference_outputs\Trajectories\SnowOnly\ppo_naturecnn_depth_obstacle_weather_snowonly_SnowOnly\ppo_naturecnn_depth_obstacle_weather_snowonly_SnowOnly_positions.csv' did not travel at least 9 meters. Skipping.
2024-12-06 20:38:23,648 [INFO] Episode 32 in 'D:\Masters\Sem5\uavRL\inference_outputs\Trajectories\SnowOnly\ppo_naturecnn_depth_obstacle_weather_snowonly_SnowOnly\ppo_naturecnn_depth_obstacle_weather_snowonly_SnowOnly_positions.csv' did not travel at least 9 meters. Skipping.
2024-12-06 20:38:23,652 [INFO] Episode 48 in 'D:\Masters\Sem5\uavRL\inference_outputs\Trajectories\SnowOnly\ppo_naturecnn_depth_obstacle_weather_snowonly_SnowOnly\ppo_naturecnn_depth_obstacle_weather_snowonly_SnowOnly_positions.csv' did not travel at least 9 meters. Skipping.
2024-12-06 20:38:23,652 [INFO] Episode 50 in 'D:\Masters\Sem5\uavRL\inference_outputs\Trajectories\SnowOnly\ppo_naturecnn_depth_obstacle_weather_snowonly_SnowOnly\ppo_naturecnn_depth_obstacle_weather_snowonly_SnowOnly_positions.csv' did not travel at least 9 meters. Skipping.
2024-12-06 20:38:23,654 [INFO] Episode 51 in 'D:\Masters\Sem5\uavRL\inference_outputs\Trajectories\SnowOnly\ppo_naturecnn_depth_obstacle_weather_snowonly_SnowOnly\ppo_naturecnn_depth_obstacle_weather_snowonly_SnowOnly_positions.csv' did not travel at least 9 meters. Skipping.
2024-12-06 20:38:23,657 [INFO] Episode 67 in 'D:\Masters\Sem5\uavRL\inference_outputs\Trajectories\SnowOnly\ppo_naturecnn_depth_obstacle_weather_snowonly_SnowOnly\ppo_naturecnn_depth_obstacle_weather_snowonly_SnowOnly_positions.csv' did not travel at least 9 meters. Skipping.
2024-12-06 20:38:23,658 [INFO] Episode 70 in 'D:\Masters\Sem5\uavRL\inference_outputs\Trajectories\SnowOnly\ppo_naturecnn_depth_obstacle_weather_snowonly_SnowOnly\ppo_naturecnn_depth_obstacle_weather_snowonly_SnowOnly_positions.csv' did not travel at least 9 meters. Skipping.
2024-12-06 20:38:23,660 [INFO] Episode 74 in 'D:\Masters\Sem5\uavRL\inference_outputs\Trajectories\SnowOnly\ppo_naturecnn_depth_obstacle_weather_snowonly_SnowOnly\ppo_naturecnn_depth_obstacle_weather_snowonly_SnowOnly_positions.csv' did not travel at least 9 meters. Skipping.
2024-12-06 20:38:23,661 [INFO] Episode 76 in 'D:\Masters\Sem5\uavRL\inference_outputs\Trajectories\SnowOnly\ppo_naturecnn_depth_obstacle_weather_snowonly_SnowOnly\ppo_naturecnn_depth_obstacle_weather_snowonly_SnowOnly_positions.csv' did not travel at least 9 meters. Skipping.
2024-12-06 20:38:23,661 [INFO] Episode 77 in 'D:\Masters\Sem5\uavRL\inference_outputs\Trajectories\SnowOnly\ppo_naturecnn_depth_obstacle_weather_snowonly_SnowOnly\ppo_naturecnn_depth_obstacle_weather_snowonly_SnowOnly_positions.csv' did not travel at least 9 meters. Skipping.
2024-12-06 20:38:23,663 [INFO] Episode 80 in 'D:\Masters\Sem5\uavRL\inference_outputs\Trajectories\SnowOnly\ppo_naturecnn_depth_obstacle_weather_snowonly_SnowOnly\ppo_naturecnn_depth_obstacle_weather_snowonly_SnowOnly_positions.csv' did not travel at least 9 meters. Skipping.
2024-12-06 20:38:23,663 [INFO] Episode 81 in 'D:\Masters\Sem5\uavRL\inference_outputs\Trajectories\SnowOnly\ppo_naturecnn_depth_obstacle_weather_snowonly_SnowOnly\ppo_naturecnn_depth_obstacle_weather_snowonly_SnowOnly_positions.csv' did not travel at least 9 meters. Skipping.
2024-12-06 20:38:23,665 [INFO] Episode 84 in 'D:\Masters\Sem5\uavRL\inference_outputs\Trajectories\SnowOnly\ppo_naturecnn_depth_obstacle_weather_snowonly_SnowOnly\ppo_naturecnn_depth_obstacle_weather_snowonly_SnowOnly_positions.csv' did not travel at least 9 meters. Skipping.
2024-12-06 20:38:23,668 [INFO] Episode 91 in 'D:\Masters\Sem5\uavRL\inference_outputs\Trajectories\SnowOnly\ppo_naturecnn_depth_obstacle_weather_snowonly_SnowOnly\ppo_naturecnn_depth_obstacle_weather_snowonly_SnowOnly_positions.csv' did not travel at least 9 meters. Skipping.
2024-12-06 20:38:23,669 [INFO] Episode 92 in 'D:\Masters\Sem5\uavRL\inference_outputs\Trajectories\SnowOnly\ppo_naturecnn_depth_obstacle_weather_snowonly_SnowOnly\ppo_naturecnn_depth_obstacle_weather_snowonly_SnowOnly_positions.csv' did not travel at least 9 meters. Skipping.
2024-12-06 20:38:23,672 [INFO] Episode 99 in 'D:\Masters\Sem5\uavRL\inference_outputs\Trajectories\SnowOnly\ppo_naturecnn_depth_obstacle_weather_snowonly_SnowOnly\ppo_naturecnn_depth_obstacle_weather_snowonly_SnowOnly_positions.csv' did not travel at least 9 meters. Skipping.
2024-12-06 20:38:23,681 [INFO] Wall positions determined at: [3.7, 7.4, 11.100000000000001, 14.8, 18.5, 22.2]
2024-12-06 20:38:23,684 [INFO] Plotted mean trajectory from 'a2c_naturecnn_depth_SnowOnly_positions.csv' with color 'blue'.
2024-12-06 20:38:23,684 [INFO] Plotted mean trajectory from 'a2c_naturecnn_depth_obstacle_weather_leavesfalling_SnowOnly_positions.csv' with color 'green'.
2024-12-06 20:38:23,685 [INFO] Plotted mean trajectory from 'a2c_naturecnn_depth_obstacle_weather_rainandfog_SnowOnly_positions.csv' with color 'orange'.
2024-12-06 20:38:23,686 [INFO] Plotted mean trajectory from 'a2c_naturecnn_depth_obstacle_weather_snowonly_SnowOnly_positions.csv' with color 'purple'.
2024-12-06 20:38:23,688 [INFO] Plotted mean trajectory from 'ppo_naturecnn_depth_SnowOnly_positions.csv' with color 'cyan'.
2024-12-06 20:38:23,689 [INFO] Plotted mean trajectory from 'ppo_naturecnn_depth_obstacle_weather_leavesfalling_SnowOnly_positions.csv' with color 'magenta'.
2024-12-06 20:38:23,690 [INFO] Plotted mean trajectory from 'ppo_naturecnn_depth_obstacle_weather_rainandfog_SnowOnly_positions.csv' with color 'yellow'.
2024-12-06 20:38:23,691 [INFO] Plotted mean trajectory from 'ppo_naturecnn_depth_obstacle_weather_snowonly_SnowOnly_positions.csv' with color 'brown'.
2024-12-06 20:38:23,747 [INFO] Added wall surface at X=3.7 with Trajectory Variations and Passages.
2024-12-06 20:38:23,806 [INFO] Added wall surface at X=7.4 with Trajectory Variations and Passages.
2024-12-06 20:38:23,861 [INFO] Added wall surface at X=11.100000000000001 with Trajectory Variations and Passages.
2024-12-06 20:38:23,916 [INFO] Added wall surface at X=14.8 with Trajectory Variations and Passages.
2024-12-06 20:38:23,972 [INFO] Added wall surface at X=18.5 with Trajectory Variations and Passages.
2024-12-06 20:38:23,975 [WARNING] No data near wall at X=22.2. Skipping hole creation.
2024-12-06 20:38:23,975 [INFO] Completed plotting walls and holes.
2024-12-06 20:38:24,170 [INFO] Similarity between 'a2c_naturecnn_depth_SnowOnly_positions.csv' and 'a2c_naturecnn_depth_obstacle_weather_leavesfalling_SnowOnly_positions.csv':
2024-12-06 20:38:24,170 [INFO]   - Cosine Similarity (Mean): 0.3982
2024-12-06 20:38:24,170 [INFO]   - Pearson Correlation (Mean): 0.7140
2024-12-06 20:38:24,170 [INFO]   - Normalized Cross-Correlation (Mean): 0.7140
2024-12-06 20:38:24,171 [INFO]   - Lag at Max NCC (Y): 0, (Z): 0
2024-12-06 20:38:24,188 [INFO] Similarity between 'a2c_naturecnn_depth_SnowOnly_positions.csv' and 'a2c_naturecnn_depth_obstacle_weather_rainandfog_SnowOnly_positions.csv':
2024-12-06 20:38:24,188 [INFO]   - Cosine Similarity (Mean): 0.8631
2024-12-06 20:38:24,189 [INFO]   - Pearson Correlation (Mean): 0.7190
2024-12-06 20:38:24,189 [INFO]   - Normalized Cross-Correlation (Mean): 0.7435
2024-12-06 20:38:24,189 [INFO]   - Lag at Max NCC (Y): 0, (Z): -6
2024-12-06 20:38:24,202 [INFO] Similarity between 'a2c_naturecnn_depth_SnowOnly_positions.csv' and 'a2c_naturecnn_depth_obstacle_weather_snowonly_SnowOnly_positions.csv':
2024-12-06 20:38:24,202 [INFO]   - Cosine Similarity (Mean): 0.6792
2024-12-06 20:38:24,203 [INFO]   - Pearson Correlation (Mean): 0.7323
2024-12-06 20:38:24,203 [INFO]   - Normalized Cross-Correlation (Mean): 0.7786
2024-12-06 20:38:24,203 [INFO]   - Lag at Max NCC (Y): 0, (Z): -17
2024-12-06 20:38:24,215 [INFO] Similarity between 'a2c_naturecnn_depth_SnowOnly_positions.csv' and 'ppo_naturecnn_depth_SnowOnly_positions.csv':
2024-12-06 20:38:24,215 [INFO]   - Cosine Similarity (Mean): 0.9911
2024-12-06 20:38:24,216 [INFO]   - Pearson Correlation (Mean): 0.9702
2024-12-06 20:38:24,216 [INFO]   - Normalized Cross-Correlation (Mean): 0.9702
2024-12-06 20:38:24,216 [INFO]   - Lag at Max NCC (Y): 0, (Z): 0
2024-12-06 20:38:24,229 [INFO] Similarity between 'a2c_naturecnn_depth_SnowOnly_positions.csv' and 'ppo_naturecnn_depth_obstacle_weather_leavesfalling_SnowOnly_positions.csv':
2024-12-06 20:38:24,230 [INFO]   - Cosine Similarity (Mean): 0.8503
2024-12-06 20:38:24,230 [INFO]   - Pearson Correlation (Mean): 0.6378
2024-12-06 20:38:24,230 [INFO]   - Normalized Cross-Correlation (Mean): 0.7835
2024-12-06 20:38:24,230 [INFO]   - Lag at Max NCC (Y): 0, (Z): -28
2024-12-06 20:38:24,241 [INFO] Similarity between 'a2c_naturecnn_depth_SnowOnly_positions.csv' and 'ppo_naturecnn_depth_obstacle_weather_rainandfog_SnowOnly_positions.csv':
2024-12-06 20:38:24,241 [INFO]   - Cosine Similarity (Mean): 0.9398
2024-12-06 20:38:24,241 [INFO]   - Pearson Correlation (Mean): 0.8043
2024-12-06 20:38:24,241 [INFO]   - Normalized Cross-Correlation (Mean): 0.8606
2024-12-06 20:38:24,241 [INFO]   - Lag at Max NCC (Y): 0, (Z): -15
2024-12-06 20:38:24,686 [INFO] Cross-correlation plot saved as 'inference_outputs\Depth_A2CvsPPO_SnowOnly_Variants\Depth_A2CvsPPO_SnowOnly_Variants_cross_correlation_part1.png'.
2024-12-06 20:38:24,861 [INFO] Similarity between 'a2c_naturecnn_depth_SnowOnly_positions.csv' and 'ppo_naturecnn_depth_obstacle_weather_snowonly_SnowOnly_positions.csv':
2024-12-06 20:38:24,861 [INFO]   - Cosine Similarity (Mean): 0.9362
2024-12-06 20:38:24,861 [INFO]   - Pearson Correlation (Mean): 0.7786
2024-12-06 20:38:24,861 [INFO]   - Normalized Cross-Correlation (Mean): 0.8423
2024-12-06 20:38:24,863 [INFO]   - Lag at Max NCC (Y): 0, (Z): -14
2024-12-06 20:38:24,873 [INFO] Similarity between 'a2c_naturecnn_depth_obstacle_weather_leavesfalling_SnowOnly_positions.csv' and 'a2c_naturecnn_depth_obstacle_weather_rainandfog_SnowOnly_positions.csv':
2024-12-06 20:38:24,873 [INFO]   - Cosine Similarity (Mean): 0.5997
2024-12-06 20:38:24,873 [INFO]   - Pearson Correlation (Mean): 0.8800
2024-12-06 20:38:24,873 [INFO]   - Normalized Cross-Correlation (Mean): 0.8866
2024-12-06 20:38:24,873 [INFO]   - Lag at Max NCC (Y): -2, (Z): -2
2024-12-06 20:38:24,884 [INFO] Similarity between 'a2c_naturecnn_depth_obstacle_weather_leavesfalling_SnowOnly_positions.csv' and 'a2c_naturecnn_depth_obstacle_weather_snowonly_SnowOnly_positions.csv':
2024-12-06 20:38:24,884 [INFO]   - Cosine Similarity (Mean): 0.7914
2024-12-06 20:38:24,884 [INFO]   - Pearson Correlation (Mean): 0.8497
2024-12-06 20:38:24,884 [INFO]   - Normalized Cross-Correlation (Mean): 0.8497
2024-12-06 20:38:24,884 [INFO]   - Lag at Max NCC (Y): 0, (Z): 0
2024-12-06 20:38:24,897 [INFO] Similarity between 'a2c_naturecnn_depth_obstacle_weather_leavesfalling_SnowOnly_positions.csv' and 'ppo_naturecnn_depth_SnowOnly_positions.csv':
2024-12-06 20:38:24,897 [INFO]   - Cosine Similarity (Mean): 0.3868
2024-12-06 20:38:24,899 [INFO]   - Pearson Correlation (Mean): 0.6983
2024-12-06 20:38:24,899 [INFO]   - Normalized Cross-Correlation (Mean): 0.7020
2024-12-06 20:38:24,899 [INFO]   - Lag at Max NCC (Y): 0, (Z): 4
2024-12-06 20:38:24,914 [INFO] Similarity between 'a2c_naturecnn_depth_obstacle_weather_leavesfalling_SnowOnly_positions.csv' and 'ppo_naturecnn_depth_obstacle_weather_leavesfalling_SnowOnly_positions.csv':
2024-12-06 20:38:24,914 [INFO]   - Cosine Similarity (Mean): 0.4040
2024-12-06 20:38:24,914 [INFO]   - Pearson Correlation (Mean): 0.6500
2024-12-06 20:38:24,915 [INFO]   - Normalized Cross-Correlation (Mean): 0.8217
2024-12-06 20:38:24,915 [INFO]   - Lag at Max NCC (Y): 1, (Z): 48
2024-12-06 20:38:24,926 [INFO] Similarity between 'a2c_naturecnn_depth_obstacle_weather_leavesfalling_SnowOnly_positions.csv' and 'ppo_naturecnn_depth_obstacle_weather_rainandfog_SnowOnly_positions.csv':
2024-12-06 20:38:24,926 [INFO]   - Cosine Similarity (Mean): 0.4235
2024-12-06 20:38:24,926 [INFO]   - Pearson Correlation (Mean): 0.7676
2024-12-06 20:38:24,926 [INFO]   - Normalized Cross-Correlation (Mean): 0.7870
2024-12-06 20:38:24,926 [INFO]   - Lag at Max NCC (Y): 0, (Z): -16
2024-12-06 20:38:25,390 [INFO] Cross-correlation plot saved as 'inference_outputs\Depth_A2CvsPPO_SnowOnly_Variants\Depth_A2CvsPPO_SnowOnly_Variants_cross_correlation_part2.png'.
2024-12-06 20:38:25,649 [INFO] Similarity between 'a2c_naturecnn_depth_obstacle_weather_leavesfalling_SnowOnly_positions.csv' and 'ppo_naturecnn_depth_obstacle_weather_snowonly_SnowOnly_positions.csv':
2024-12-06 20:38:25,649 [INFO]   - Cosine Similarity (Mean): 0.3969
2024-12-06 20:38:25,650 [INFO]   - Pearson Correlation (Mean): 0.7464
2024-12-06 20:38:25,650 [INFO]   - Normalized Cross-Correlation (Mean): 0.8011
2024-12-06 20:38:25,650 [INFO]   - Lag at Max NCC (Y): 0, (Z): -17
2024-12-06 20:38:25,659 [INFO] Similarity between 'a2c_naturecnn_depth_obstacle_weather_rainandfog_SnowOnly_positions.csv' and 'a2c_naturecnn_depth_obstacle_weather_snowonly_SnowOnly_positions.csv':
2024-12-06 20:38:25,661 [INFO]   - Cosine Similarity (Mean): 0.8454
2024-12-06 20:38:25,661 [INFO]   - Pearson Correlation (Mean): 0.8817
2024-12-06 20:38:25,661 [INFO]   - Normalized Cross-Correlation (Mean): 0.8879
2024-12-06 20:38:25,661 [INFO]   - Lag at Max NCC (Y): -1, (Z): -3
2024-12-06 20:38:25,671 [INFO] Similarity between 'a2c_naturecnn_depth_obstacle_weather_rainandfog_SnowOnly_positions.csv' and 'ppo_naturecnn_depth_SnowOnly_positions.csv':
2024-12-06 20:38:25,671 [INFO]   - Cosine Similarity (Mean): 0.8775
2024-12-06 20:38:25,671 [INFO]   - Pearson Correlation (Mean): 0.7542
2024-12-06 20:38:25,672 [INFO]   - Normalized Cross-Correlation (Mean): 0.7685
2024-12-06 20:38:25,672 [INFO]   - Lag at Max NCC (Y): 0, (Z): 7
2024-12-06 20:38:25,683 [INFO] Similarity between 'a2c_naturecnn_depth_obstacle_weather_rainandfog_SnowOnly_positions.csv' and 'ppo_naturecnn_depth_obstacle_weather_leavesfalling_SnowOnly_positions.csv':
2024-12-06 20:38:25,685 [INFO]   - Cosine Similarity (Mean): 0.8568
2024-12-06 20:38:25,685 [INFO]   - Pearson Correlation (Mean): 0.7708
2024-12-06 20:38:25,685 [INFO]   - Normalized Cross-Correlation (Mean): 0.7895
2024-12-06 20:38:25,685 [INFO]   - Lag at Max NCC (Y): 0, (Z): -20
2024-12-06 20:38:25,700 [INFO] Similarity between 'a2c_naturecnn_depth_obstacle_weather_rainandfog_SnowOnly_positions.csv' and 'ppo_naturecnn_depth_obstacle_weather_rainandfog_SnowOnly_positions.csv':
2024-12-06 20:38:25,700 [INFO]   - Cosine Similarity (Mean): 0.9334
2024-12-06 20:38:25,701 [INFO]   - Pearson Correlation (Mean): 0.8853
2024-12-06 20:38:25,701 [INFO]   - Normalized Cross-Correlation (Mean): 0.8891
2024-12-06 20:38:25,701 [INFO]   - Lag at Max NCC (Y): 2, (Z): -5
2024-12-06 20:38:25,712 [INFO] Similarity between 'a2c_naturecnn_depth_obstacle_weather_rainandfog_SnowOnly_positions.csv' and 'ppo_naturecnn_depth_obstacle_weather_snowonly_SnowOnly_positions.csv':
2024-12-06 20:38:25,712 [INFO]   - Cosine Similarity (Mean): 0.9256
2024-12-06 20:38:25,712 [INFO]   - Pearson Correlation (Mean): 0.8743
2024-12-06 20:38:25,714 [INFO]   - Normalized Cross-Correlation (Mean): 0.8898
2024-12-06 20:38:25,714 [INFO]   - Lag at Max NCC (Y): 4, (Z): -8
2024-12-06 20:38:26,142 [INFO] Cross-correlation plot saved as 'inference_outputs\Depth_A2CvsPPO_SnowOnly_Variants\Depth_A2CvsPPO_SnowOnly_Variants_cross_correlation_part3.png'.
2024-12-06 20:38:26,325 [INFO] Similarity between 'a2c_naturecnn_depth_obstacle_weather_snowonly_SnowOnly_positions.csv' and 'ppo_naturecnn_depth_SnowOnly_positions.csv':
2024-12-06 20:38:26,325 [INFO]   - Cosine Similarity (Mean): 0.6992
2024-12-06 20:38:26,325 [INFO]   - Pearson Correlation (Mean): 0.7650
2024-12-06 20:38:26,325 [INFO]   - Normalized Cross-Correlation (Mean): 0.8397
2024-12-06 20:38:26,326 [INFO]   - Lag at Max NCC (Y): 7, (Z): 16
2024-12-06 20:38:26,334 [INFO] Similarity between 'a2c_naturecnn_depth_obstacle_weather_snowonly_SnowOnly_positions.csv' and 'ppo_naturecnn_depth_obstacle_weather_leavesfalling_SnowOnly_positions.csv':
2024-12-06 20:38:26,334 [INFO]   - Cosine Similarity (Mean): 0.7909
2024-12-06 20:38:26,335 [INFO]   - Pearson Correlation (Mean): 0.8753
2024-12-06 20:38:26,335 [INFO]   - Normalized Cross-Correlation (Mean): 0.8977
2024-12-06 20:38:26,336 [INFO]   - Lag at Max NCC (Y): 6, (Z): -10
2024-12-06 20:38:26,346 [INFO] Similarity between 'a2c_naturecnn_depth_obstacle_weather_snowonly_SnowOnly_positions.csv' and 'ppo_naturecnn_depth_obstacle_weather_rainandfog_SnowOnly_positions.csv':
2024-12-06 20:38:26,346 [INFO]   - Cosine Similarity (Mean): 0.7741
2024-12-06 20:38:26,346 [INFO]   - Pearson Correlation (Mean): 0.8867
2024-12-06 20:38:26,347 [INFO]   - Normalized Cross-Correlation (Mean): 0.8927
2024-12-06 20:38:26,347 [INFO]   - Lag at Max NCC (Y): 8, (Z): 0
2024-12-06 20:38:26,364 [INFO] Similarity between 'a2c_naturecnn_depth_obstacle_weather_snowonly_SnowOnly_positions.csv' and 'ppo_naturecnn_depth_obstacle_weather_snowonly_SnowOnly_positions.csv':
2024-12-06 20:38:26,366 [INFO]   - Cosine Similarity (Mean): 0.7541
2024-12-06 20:38:26,366 [INFO]   - Pearson Correlation (Mean): 0.8735
2024-12-06 20:38:26,366 [INFO]   - Normalized Cross-Correlation (Mean): 0.8816
2024-12-06 20:38:26,366 [INFO]   - Lag at Max NCC (Y): 11, (Z): 0
2024-12-06 20:38:26,381 [INFO] Similarity between 'ppo_naturecnn_depth_SnowOnly_positions.csv' and 'ppo_naturecnn_depth_obstacle_weather_leavesfalling_SnowOnly_positions.csv':
2024-12-06 20:38:26,381 [INFO]   - Cosine Similarity (Mean): 0.8564
2024-12-06 20:38:26,381 [INFO]   - Pearson Correlation (Mean): 0.6651
2024-12-06 20:38:26,381 [INFO]   - Normalized Cross-Correlation (Mean): 0.8274
2024-12-06 20:38:26,382 [INFO]   - Lag at Max NCC (Y): 0, (Z): -28
2024-12-06 20:38:26,393 [INFO] Similarity between 'ppo_naturecnn_depth_SnowOnly_positions.csv' and 'ppo_naturecnn_depth_obstacle_weather_rainandfog_SnowOnly_positions.csv':
2024-12-06 20:38:26,393 [INFO]   - Cosine Similarity (Mean): 0.9412
2024-12-06 20:38:26,393 [INFO]   - Pearson Correlation (Mean): 0.8079
2024-12-06 20:38:26,395 [INFO]   - Normalized Cross-Correlation (Mean): 0.8732
2024-12-06 20:38:26,395 [INFO]   - Lag at Max NCC (Y): 2, (Z): -15
2024-12-06 20:38:26,800 [INFO] Cross-correlation plot saved as 'inference_outputs\Depth_A2CvsPPO_SnowOnly_Variants\Depth_A2CvsPPO_SnowOnly_Variants_cross_correlation_part4.png'.
2024-12-06 20:38:26,956 [INFO] Similarity between 'ppo_naturecnn_depth_SnowOnly_positions.csv' and 'ppo_naturecnn_depth_obstacle_weather_snowonly_SnowOnly_positions.csv':
2024-12-06 20:38:26,956 [INFO]   - Cosine Similarity (Mean): 0.9418
2024-12-06 20:38:26,956 [INFO]   - Pearson Correlation (Mean): 0.7973
2024-12-06 20:38:26,956 [INFO]   - Normalized Cross-Correlation (Mean): 0.8742
2024-12-06 20:38:26,956 [INFO]   - Lag at Max NCC (Y): 3, (Z): -15
2024-12-06 20:38:26,966 [INFO] Similarity between 'ppo_naturecnn_depth_obstacle_weather_leavesfalling_SnowOnly_positions.csv' and 'ppo_naturecnn_depth_obstacle_weather_rainandfog_SnowOnly_positions.csv':
2024-12-06 20:38:26,966 [INFO]   - Cosine Similarity (Mean): 0.9077
2024-12-06 20:38:26,966 [INFO]   - Pearson Correlation (Mean): 0.8410
2024-12-06 20:38:26,966 [INFO]   - Normalized Cross-Correlation (Mean): 0.8610
2024-12-06 20:38:26,966 [INFO]   - Lag at Max NCC (Y): 1, (Z): 9
2024-12-06 20:38:26,978 [INFO] Similarity between 'ppo_naturecnn_depth_obstacle_weather_leavesfalling_SnowOnly_positions.csv' and 'ppo_naturecnn_depth_obstacle_weather_snowonly_SnowOnly_positions.csv':
2024-12-06 20:38:26,978 [INFO]   - Cosine Similarity (Mean): 0.9089
2024-12-06 20:38:26,978 [INFO]   - Pearson Correlation (Mean): 0.8459
2024-12-06 20:38:26,978 [INFO]   - Normalized Cross-Correlation (Mean): 0.8759
2024-12-06 20:38:26,978 [INFO]   - Lag at Max NCC (Y): 0, (Z): 10
2024-12-06 20:38:26,996 [INFO] Similarity between 'ppo_naturecnn_depth_obstacle_weather_rainandfog_SnowOnly_positions.csv' and 'ppo_naturecnn_depth_obstacle_weather_snowonly_SnowOnly_positions.csv':
2024-12-06 20:38:26,996 [INFO]   - Cosine Similarity (Mean): 0.9898
2024-12-06 20:38:26,996 [INFO]   - Pearson Correlation (Mean): 0.9664
2024-12-06 20:38:26,997 [INFO]   - Normalized Cross-Correlation (Mean): 0.9664
2024-12-06 20:38:26,997 [INFO]   - Lag at Max NCC (Y): 0, (Z): 0
2024-12-06 20:38:27,318 [INFO] Cross-correlation plot saved as 'inference_outputs\Depth_A2CvsPPO_SnowOnly_Variants\Depth_A2CvsPPO_SnowOnly_Variants_cross_correlation_part5.png'.
2024-12-06 20:38:27,921 [INFO] Mean trajectories plotted and saved as 'inference_outputs\Depth_A2CvsPPO_SnowOnly_Variants\Depth_A2CvsPPO_SnowOnly_Variants_mean_trajectories.png'.
2024-12-06 20:38:27,929 [INFO] Similarity summary saved as 'inference_outputs\Depth_A2CvsPPO_SnowOnly_Variants\Depth_A2CvsPPO_SnowOnly_Variants_similarity_summary.csv'.
