2024-12-06 20:39:41,573 [INFO] Logging initialized for scenario: 'RGB_PPO_SnowOnly_Variants'
2024-12-06 20:39:41,573 [INFO] Received command-line arguments: Scenario='RGB_PPO_SnowOnly_Variants', Filenames=['D:\\Masters\\Sem5\\uavRL\\inference_outputs\\Trajectories\\SnowOnly\\ppo_naturecnn_single_rgb_SnowOnly\\ppo_naturecnn_single_rgb_SnowOnly_positions.csv', 'D:\\Masters\\Sem5\\uavRL\\inference_outputs\\Trajectories\\SnowOnly\\ppo_naturecnn_single_rgb_obstacle_weather_leavesfalling_SnowOnly\\ppo_naturecnn_single_rgb_obstacle_weather_leavesfalling_SnowOnly_positions.csv', 'D:\\Masters\\Sem5\\uavRL\\inference_outputs\\Trajectories\\SnowOnly\\ppo_naturecnn_single_rgb_obstacle_weather_rainandfog_SnowOnly\\ppo_naturecnn_single_rgb_obstacle_weather_rainandfog_SnowOnly_positions.csv', 'D:\\Masters\\Sem5\\uavRL\\inference_outputs\\Trajectories\\SnowOnly\\ppo_naturecnn_single_rgb_obstacle_weather_snowonly_SnowOnly\\ppo_naturecnn_single_rgb_obstacle_weather_snowonly_SnowOnly_positions.csv']
2024-12-06 20:39:41,573 [INFO] Starting to plot multiple mean trajectories.
2024-12-06 20:39:41,736 [INFO] Successfully read 'D:\Masters\Sem5\uavRL\inference_outputs\Trajectories\SnowOnly\ppo_naturecnn_single_rgb_SnowOnly\ppo_naturecnn_single_rgb_SnowOnly_positions.csv'.
2024-12-06 20:39:41,738 [INFO] Episode 1 in 'D:\Masters\Sem5\uavRL\inference_outputs\Trajectories\SnowOnly\ppo_naturecnn_single_rgb_SnowOnly\ppo_naturecnn_single_rgb_SnowOnly_positions.csv' did not travel at least 9 meters. Skipping.
2024-12-06 20:39:41,740 [INFO] Episode 6 in 'D:\Masters\Sem5\uavRL\inference_outputs\Trajectories\SnowOnly\ppo_naturecnn_single_rgb_SnowOnly\ppo_naturecnn_single_rgb_SnowOnly_positions.csv' did not travel at least 9 meters. Skipping.
2024-12-06 20:39:41,740 [INFO] Episode 7 in 'D:\Masters\Sem5\uavRL\inference_outputs\Trajectories\SnowOnly\ppo_naturecnn_single_rgb_SnowOnly\ppo_naturecnn_single_rgb_SnowOnly_positions.csv' did not travel at least 9 meters. Skipping.
2024-12-06 20:39:41,742 [INFO] Episode 12 in 'D:\Masters\Sem5\uavRL\inference_outputs\Trajectories\SnowOnly\ppo_naturecnn_single_rgb_SnowOnly\ppo_naturecnn_single_rgb_SnowOnly_positions.csv' did not travel at least 9 meters. Skipping.
2024-12-06 20:39:41,742 [INFO] Episode 13 in 'D:\Masters\Sem5\uavRL\inference_outputs\Trajectories\SnowOnly\ppo_naturecnn_single_rgb_SnowOnly\ppo_naturecnn_single_rgb_SnowOnly_positions.csv' did not travel at least 9 meters. Skipping.
2024-12-06 20:39:41,743 [INFO] Episode 15 in 'D:\Masters\Sem5\uavRL\inference_outputs\Trajectories\SnowOnly\ppo_naturecnn_single_rgb_SnowOnly\ppo_naturecnn_single_rgb_SnowOnly_positions.csv' did not travel at least 9 meters. Skipping.
2024-12-06 20:39:41,744 [INFO] Episode 17 in 'D:\Masters\Sem5\uavRL\inference_outputs\Trajectories\SnowOnly\ppo_naturecnn_single_rgb_SnowOnly\ppo_naturecnn_single_rgb_SnowOnly_positions.csv' did not travel at least 9 meters. Skipping.
2024-12-06 20:39:41,745 [INFO] Episode 20 in 'D:\Masters\Sem5\uavRL\inference_outputs\Trajectories\SnowOnly\ppo_naturecnn_single_rgb_SnowOnly\ppo_naturecnn_single_rgb_SnowOnly_positions.csv' did not travel at least 9 meters. Skipping.
2024-12-06 20:39:41,745 [INFO] Episode 21 in 'D:\Masters\Sem5\uavRL\inference_outputs\Trajectories\SnowOnly\ppo_naturecnn_single_rgb_SnowOnly\ppo_naturecnn_single_rgb_SnowOnly_positions.csv' did not travel at least 9 meters. Skipping.
2024-12-06 20:39:41,746 [INFO] Episode 24 in 'D:\Masters\Sem5\uavRL\inference_outputs\Trajectories\SnowOnly\ppo_naturecnn_single_rgb_SnowOnly\ppo_naturecnn_single_rgb_SnowOnly_positions.csv' did not travel at least 9 meters. Skipping.
2024-12-06 20:39:41,747 [INFO] Episode 25 in 'D:\Masters\Sem5\uavRL\inference_outputs\Trajectories\SnowOnly\ppo_naturecnn_single_rgb_SnowOnly\ppo_naturecnn_single_rgb_SnowOnly_positions.csv' did not travel at least 9 meters. Skipping.
2024-12-06 20:39:41,748 [INFO] Episode 27 in 'D:\Masters\Sem5\uavRL\inference_outputs\Trajectories\SnowOnly\ppo_naturecnn_single_rgb_SnowOnly\ppo_naturecnn_single_rgb_SnowOnly_positions.csv' did not travel at least 9 meters. Skipping.
2024-12-06 20:39:41,749 [INFO] Episode 33 in 'D:\Masters\Sem5\uavRL\inference_outputs\Trajectories\SnowOnly\ppo_naturecnn_single_rgb_SnowOnly\ppo_naturecnn_single_rgb_SnowOnly_positions.csv' did not travel at least 9 meters. Skipping.
2024-12-06 20:39:41,750 [INFO] Episode 34 in 'D:\Masters\Sem5\uavRL\inference_outputs\Trajectories\SnowOnly\ppo_naturecnn_single_rgb_SnowOnly\ppo_naturecnn_single_rgb_SnowOnly_positions.csv' did not travel at least 9 meters. Skipping.
2024-12-06 20:39:41,750 [INFO] Episode 35 in 'D:\Masters\Sem5\uavRL\inference_outputs\Trajectories\SnowOnly\ppo_naturecnn_single_rgb_SnowOnly\ppo_naturecnn_single_rgb_SnowOnly_positions.csv' did not travel at least 9 meters. Skipping.
2024-12-06 20:39:41,752 [INFO] Episode 38 in 'D:\Masters\Sem5\uavRL\inference_outputs\Trajectories\SnowOnly\ppo_naturecnn_single_rgb_SnowOnly\ppo_naturecnn_single_rgb_SnowOnly_positions.csv' did not travel at least 9 meters. Skipping.
2024-12-06 20:39:41,753 [INFO] Episode 40 in 'D:\Masters\Sem5\uavRL\inference_outputs\Trajectories\SnowOnly\ppo_naturecnn_single_rgb_SnowOnly\ppo_naturecnn_single_rgb_SnowOnly_positions.csv' did not travel at least 9 meters. Skipping.
2024-12-06 20:39:41,753 [INFO] Episode 41 in 'D:\Masters\Sem5\uavRL\inference_outputs\Trajectories\SnowOnly\ppo_naturecnn_single_rgb_SnowOnly\ppo_naturecnn_single_rgb_SnowOnly_positions.csv' did not travel at least 9 meters. Skipping.
2024-12-06 20:39:41,755 [INFO] Episode 44 in 'D:\Masters\Sem5\uavRL\inference_outputs\Trajectories\SnowOnly\ppo_naturecnn_single_rgb_SnowOnly\ppo_naturecnn_single_rgb_SnowOnly_positions.csv' did not travel at least 9 meters. Skipping.
2024-12-06 20:39:41,756 [INFO] Episode 49 in 'D:\Masters\Sem5\uavRL\inference_outputs\Trajectories\SnowOnly\ppo_naturecnn_single_rgb_SnowOnly\ppo_naturecnn_single_rgb_SnowOnly_positions.csv' did not travel at least 9 meters. Skipping.
2024-12-06 20:39:41,757 [INFO] Episode 50 in 'D:\Masters\Sem5\uavRL\inference_outputs\Trajectories\SnowOnly\ppo_naturecnn_single_rgb_SnowOnly\ppo_naturecnn_single_rgb_SnowOnly_positions.csv' did not travel at least 9 meters. Skipping.
2024-12-06 20:39:41,758 [INFO] Episode 52 in 'D:\Masters\Sem5\uavRL\inference_outputs\Trajectories\SnowOnly\ppo_naturecnn_single_rgb_SnowOnly\ppo_naturecnn_single_rgb_SnowOnly_positions.csv' did not travel at least 9 meters. Skipping.
2024-12-06 20:39:41,759 [INFO] Episode 53 in 'D:\Masters\Sem5\uavRL\inference_outputs\Trajectories\SnowOnly\ppo_naturecnn_single_rgb_SnowOnly\ppo_naturecnn_single_rgb_SnowOnly_positions.csv' did not travel at least 9 meters. Skipping.
2024-12-06 20:39:41,759 [INFO] Episode 54 in 'D:\Masters\Sem5\uavRL\inference_outputs\Trajectories\SnowOnly\ppo_naturecnn_single_rgb_SnowOnly\ppo_naturecnn_single_rgb_SnowOnly_positions.csv' did not travel at least 9 meters. Skipping.
2024-12-06 20:39:41,760 [INFO] Episode 55 in 'D:\Masters\Sem5\uavRL\inference_outputs\Trajectories\SnowOnly\ppo_naturecnn_single_rgb_SnowOnly\ppo_naturecnn_single_rgb_SnowOnly_positions.csv' did not travel at least 9 meters. Skipping.
2024-12-06 20:39:41,761 [INFO] Episode 58 in 'D:\Masters\Sem5\uavRL\inference_outputs\Trajectories\SnowOnly\ppo_naturecnn_single_rgb_SnowOnly\ppo_naturecnn_single_rgb_SnowOnly_positions.csv' did not travel at least 9 meters. Skipping.
2024-12-06 20:39:41,762 [INFO] Episode 60 in 'D:\Masters\Sem5\uavRL\inference_outputs\Trajectories\SnowOnly\ppo_naturecnn_single_rgb_SnowOnly\ppo_naturecnn_single_rgb_SnowOnly_positions.csv' did not travel at least 9 meters. Skipping.
2024-12-06 20:39:41,764 [INFO] Episode 62 in 'D:\Masters\Sem5\uavRL\inference_outputs\Trajectories\SnowOnly\ppo_naturecnn_single_rgb_SnowOnly\ppo_naturecnn_single_rgb_SnowOnly_positions.csv' did not travel at least 9 meters. Skipping.
2024-12-06 20:39:41,765 [INFO] Episode 65 in 'D:\Masters\Sem5\uavRL\inference_outputs\Trajectories\SnowOnly\ppo_naturecnn_single_rgb_SnowOnly\ppo_naturecnn_single_rgb_SnowOnly_positions.csv' did not travel at least 9 meters. Skipping.
2024-12-06 20:39:41,766 [INFO] Episode 66 in 'D:\Masters\Sem5\uavRL\inference_outputs\Trajectories\SnowOnly\ppo_naturecnn_single_rgb_SnowOnly\ppo_naturecnn_single_rgb_SnowOnly_positions.csv' did not travel at least 9 meters. Skipping.
2024-12-06 20:39:41,767 [INFO] Episode 69 in 'D:\Masters\Sem5\uavRL\inference_outputs\Trajectories\SnowOnly\ppo_naturecnn_single_rgb_SnowOnly\ppo_naturecnn_single_rgb_SnowOnly_positions.csv' did not travel at least 9 meters. Skipping.
2024-12-06 20:39:41,768 [INFO] Episode 70 in 'D:\Masters\Sem5\uavRL\inference_outputs\Trajectories\SnowOnly\ppo_naturecnn_single_rgb_SnowOnly\ppo_naturecnn_single_rgb_SnowOnly_positions.csv' did not travel at least 9 meters. Skipping.
2024-12-06 20:39:41,769 [INFO] Episode 71 in 'D:\Masters\Sem5\uavRL\inference_outputs\Trajectories\SnowOnly\ppo_naturecnn_single_rgb_SnowOnly\ppo_naturecnn_single_rgb_SnowOnly_positions.csv' did not travel at least 9 meters. Skipping.
2024-12-06 20:39:41,769 [INFO] Episode 72 in 'D:\Masters\Sem5\uavRL\inference_outputs\Trajectories\SnowOnly\ppo_naturecnn_single_rgb_SnowOnly\ppo_naturecnn_single_rgb_SnowOnly_positions.csv' did not travel at least 9 meters. Skipping.
2024-12-06 20:39:41,770 [INFO] Episode 73 in 'D:\Masters\Sem5\uavRL\inference_outputs\Trajectories\SnowOnly\ppo_naturecnn_single_rgb_SnowOnly\ppo_naturecnn_single_rgb_SnowOnly_positions.csv' did not travel at least 9 meters. Skipping.
2024-12-06 20:39:41,771 [INFO] Episode 76 in 'D:\Masters\Sem5\uavRL\inference_outputs\Trajectories\SnowOnly\ppo_naturecnn_single_rgb_SnowOnly\ppo_naturecnn_single_rgb_SnowOnly_positions.csv' did not travel at least 9 meters. Skipping.
2024-12-06 20:39:41,773 [INFO] Episode 81 in 'D:\Masters\Sem5\uavRL\inference_outputs\Trajectories\SnowOnly\ppo_naturecnn_single_rgb_SnowOnly\ppo_naturecnn_single_rgb_SnowOnly_positions.csv' did not travel at least 9 meters. Skipping.
2024-12-06 20:39:41,773 [INFO] Episode 83 in 'D:\Masters\Sem5\uavRL\inference_outputs\Trajectories\SnowOnly\ppo_naturecnn_single_rgb_SnowOnly\ppo_naturecnn_single_rgb_SnowOnly_positions.csv' did not travel at least 9 meters. Skipping.
2024-12-06 20:39:41,775 [INFO] Episode 85 in 'D:\Masters\Sem5\uavRL\inference_outputs\Trajectories\SnowOnly\ppo_naturecnn_single_rgb_SnowOnly\ppo_naturecnn_single_rgb_SnowOnly_positions.csv' did not travel at least 9 meters. Skipping.
2024-12-06 20:39:41,777 [INFO] Episode 89 in 'D:\Masters\Sem5\uavRL\inference_outputs\Trajectories\SnowOnly\ppo_naturecnn_single_rgb_SnowOnly\ppo_naturecnn_single_rgb_SnowOnly_positions.csv' did not travel at least 9 meters. Skipping.
2024-12-06 20:39:41,779 [INFO] Episode 94 in 'D:\Masters\Sem5\uavRL\inference_outputs\Trajectories\SnowOnly\ppo_naturecnn_single_rgb_SnowOnly\ppo_naturecnn_single_rgb_SnowOnly_positions.csv' did not travel at least 9 meters. Skipping.
2024-12-06 20:39:41,780 [INFO] Episode 95 in 'D:\Masters\Sem5\uavRL\inference_outputs\Trajectories\SnowOnly\ppo_naturecnn_single_rgb_SnowOnly\ppo_naturecnn_single_rgb_SnowOnly_positions.csv' did not travel at least 9 meters. Skipping.
2024-12-06 20:39:41,780 [INFO] Episode 96 in 'D:\Masters\Sem5\uavRL\inference_outputs\Trajectories\SnowOnly\ppo_naturecnn_single_rgb_SnowOnly\ppo_naturecnn_single_rgb_SnowOnly_positions.csv' did not travel at least 9 meters. Skipping.
2024-12-06 20:39:41,781 [INFO] Episode 98 in 'D:\Masters\Sem5\uavRL\inference_outputs\Trajectories\SnowOnly\ppo_naturecnn_single_rgb_SnowOnly\ppo_naturecnn_single_rgb_SnowOnly_positions.csv' did not travel at least 9 meters. Skipping.
2024-12-06 20:39:41,782 [INFO] Episode 99 in 'D:\Masters\Sem5\uavRL\inference_outputs\Trajectories\SnowOnly\ppo_naturecnn_single_rgb_SnowOnly\ppo_naturecnn_single_rgb_SnowOnly_positions.csv' did not travel at least 9 meters. Skipping.
2024-12-06 20:39:41,792 [INFO] Successfully read 'D:\Masters\Sem5\uavRL\inference_outputs\Trajectories\SnowOnly\ppo_naturecnn_single_rgb_obstacle_weather_leavesfalling_SnowOnly\ppo_naturecnn_single_rgb_obstacle_weather_leavesfalling_SnowOnly_positions.csv'.
2024-12-06 20:39:41,795 [INFO] Episode 6 in 'D:\Masters\Sem5\uavRL\inference_outputs\Trajectories\SnowOnly\ppo_naturecnn_single_rgb_obstacle_weather_leavesfalling_SnowOnly\ppo_naturecnn_single_rgb_obstacle_weather_leavesfalling_SnowOnly_positions.csv' did not travel at least 9 meters. Skipping.
2024-12-06 20:39:41,796 [INFO] Episode 8 in 'D:\Masters\Sem5\uavRL\inference_outputs\Trajectories\SnowOnly\ppo_naturecnn_single_rgb_obstacle_weather_leavesfalling_SnowOnly\ppo_naturecnn_single_rgb_obstacle_weather_leavesfalling_SnowOnly_positions.csv' did not travel at least 9 meters. Skipping.
2024-12-06 20:39:41,799 [INFO] Episode 17 in 'D:\Masters\Sem5\uavRL\inference_outputs\Trajectories\SnowOnly\ppo_naturecnn_single_rgb_obstacle_weather_leavesfalling_SnowOnly\ppo_naturecnn_single_rgb_obstacle_weather_leavesfalling_SnowOnly_positions.csv' did not travel at least 9 meters. Skipping.
2024-12-06 20:39:41,800 [INFO] Episode 21 in 'D:\Masters\Sem5\uavRL\inference_outputs\Trajectories\SnowOnly\ppo_naturecnn_single_rgb_obstacle_weather_leavesfalling_SnowOnly\ppo_naturecnn_single_rgb_obstacle_weather_leavesfalling_SnowOnly_positions.csv' did not travel at least 9 meters. Skipping.
2024-12-06 20:39:41,800 [INFO] Episode 22 in 'D:\Masters\Sem5\uavRL\inference_outputs\Trajectories\SnowOnly\ppo_naturecnn_single_rgb_obstacle_weather_leavesfalling_SnowOnly\ppo_naturecnn_single_rgb_obstacle_weather_leavesfalling_SnowOnly_positions.csv' did not travel at least 9 meters. Skipping.
2024-12-06 20:39:41,803 [INFO] Episode 32 in 'D:\Masters\Sem5\uavRL\inference_outputs\Trajectories\SnowOnly\ppo_naturecnn_single_rgb_obstacle_weather_leavesfalling_SnowOnly\ppo_naturecnn_single_rgb_obstacle_weather_leavesfalling_SnowOnly_positions.csv' did not travel at least 9 meters. Skipping.
2024-12-06 20:39:41,806 [INFO] Episode 36 in 'D:\Masters\Sem5\uavRL\inference_outputs\Trajectories\SnowOnly\ppo_naturecnn_single_rgb_obstacle_weather_leavesfalling_SnowOnly\ppo_naturecnn_single_rgb_obstacle_weather_leavesfalling_SnowOnly_positions.csv' did not travel at least 9 meters. Skipping.
2024-12-06 20:39:41,807 [INFO] Episode 39 in 'D:\Masters\Sem5\uavRL\inference_outputs\Trajectories\SnowOnly\ppo_naturecnn_single_rgb_obstacle_weather_leavesfalling_SnowOnly\ppo_naturecnn_single_rgb_obstacle_weather_leavesfalling_SnowOnly_positions.csv' did not travel at least 9 meters. Skipping.
2024-12-06 20:39:41,808 [INFO] Episode 40 in 'D:\Masters\Sem5\uavRL\inference_outputs\Trajectories\SnowOnly\ppo_naturecnn_single_rgb_obstacle_weather_leavesfalling_SnowOnly\ppo_naturecnn_single_rgb_obstacle_weather_leavesfalling_SnowOnly_positions.csv' did not travel at least 9 meters. Skipping.
2024-12-06 20:39:41,809 [INFO] Episode 45 in 'D:\Masters\Sem5\uavRL\inference_outputs\Trajectories\SnowOnly\ppo_naturecnn_single_rgb_obstacle_weather_leavesfalling_SnowOnly\ppo_naturecnn_single_rgb_obstacle_weather_leavesfalling_SnowOnly_positions.csv' did not travel at least 9 meters. Skipping.
2024-12-06 20:39:41,812 [INFO] Episode 52 in 'D:\Masters\Sem5\uavRL\inference_outputs\Trajectories\SnowOnly\ppo_naturecnn_single_rgb_obstacle_weather_leavesfalling_SnowOnly\ppo_naturecnn_single_rgb_obstacle_weather_leavesfalling_SnowOnly_positions.csv' did not travel at least 9 meters. Skipping.
2024-12-06 20:39:41,814 [INFO] Episode 60 in 'D:\Masters\Sem5\uavRL\inference_outputs\Trajectories\SnowOnly\ppo_naturecnn_single_rgb_obstacle_weather_leavesfalling_SnowOnly\ppo_naturecnn_single_rgb_obstacle_weather_leavesfalling_SnowOnly_positions.csv' did not travel at least 9 meters. Skipping.
2024-12-06 20:39:41,816 [INFO] Episode 61 in 'D:\Masters\Sem5\uavRL\inference_outputs\Trajectories\SnowOnly\ppo_naturecnn_single_rgb_obstacle_weather_leavesfalling_SnowOnly\ppo_naturecnn_single_rgb_obstacle_weather_leavesfalling_SnowOnly_positions.csv' did not travel at least 9 meters. Skipping.
2024-12-06 20:39:41,817 [INFO] Episode 66 in 'D:\Masters\Sem5\uavRL\inference_outputs\Trajectories\SnowOnly\ppo_naturecnn_single_rgb_obstacle_weather_leavesfalling_SnowOnly\ppo_naturecnn_single_rgb_obstacle_weather_leavesfalling_SnowOnly_positions.csv' did not travel at least 9 meters. Skipping.
2024-12-06 20:39:41,819 [INFO] Episode 72 in 'D:\Masters\Sem5\uavRL\inference_outputs\Trajectories\SnowOnly\ppo_naturecnn_single_rgb_obstacle_weather_leavesfalling_SnowOnly\ppo_naturecnn_single_rgb_obstacle_weather_leavesfalling_SnowOnly_positions.csv' did not travel at least 9 meters. Skipping.
2024-12-06 20:39:41,823 [INFO] Episode 85 in 'D:\Masters\Sem5\uavRL\inference_outputs\Trajectories\SnowOnly\ppo_naturecnn_single_rgb_obstacle_weather_leavesfalling_SnowOnly\ppo_naturecnn_single_rgb_obstacle_weather_leavesfalling_SnowOnly_positions.csv' did not travel at least 9 meters. Skipping.
2024-12-06 20:39:41,825 [INFO] Episode 89 in 'D:\Masters\Sem5\uavRL\inference_outputs\Trajectories\SnowOnly\ppo_naturecnn_single_rgb_obstacle_weather_leavesfalling_SnowOnly\ppo_naturecnn_single_rgb_obstacle_weather_leavesfalling_SnowOnly_positions.csv' did not travel at least 9 meters. Skipping.
2024-12-06 20:39:41,827 [INFO] Episode 94 in 'D:\Masters\Sem5\uavRL\inference_outputs\Trajectories\SnowOnly\ppo_naturecnn_single_rgb_obstacle_weather_leavesfalling_SnowOnly\ppo_naturecnn_single_rgb_obstacle_weather_leavesfalling_SnowOnly_positions.csv' did not travel at least 9 meters. Skipping.
2024-12-06 20:39:41,839 [INFO] Successfully read 'D:\Masters\Sem5\uavRL\inference_outputs\Trajectories\SnowOnly\ppo_naturecnn_single_rgb_obstacle_weather_rainandfog_SnowOnly\ppo_naturecnn_single_rgb_obstacle_weather_rainandfog_SnowOnly_positions.csv'.
2024-12-06 20:39:41,840 [INFO] Episode 1 in 'D:\Masters\Sem5\uavRL\inference_outputs\Trajectories\SnowOnly\ppo_naturecnn_single_rgb_obstacle_weather_rainandfog_SnowOnly\ppo_naturecnn_single_rgb_obstacle_weather_rainandfog_SnowOnly_positions.csv' did not travel at least 9 meters. Skipping.
2024-12-06 20:39:41,841 [INFO] Episode 2 in 'D:\Masters\Sem5\uavRL\inference_outputs\Trajectories\SnowOnly\ppo_naturecnn_single_rgb_obstacle_weather_rainandfog_SnowOnly\ppo_naturecnn_single_rgb_obstacle_weather_rainandfog_SnowOnly_positions.csv' did not travel at least 9 meters. Skipping.
2024-12-06 20:39:41,843 [INFO] Episode 5 in 'D:\Masters\Sem5\uavRL\inference_outputs\Trajectories\SnowOnly\ppo_naturecnn_single_rgb_obstacle_weather_rainandfog_SnowOnly\ppo_naturecnn_single_rgb_obstacle_weather_rainandfog_SnowOnly_positions.csv' did not travel at least 9 meters. Skipping.
2024-12-06 20:39:41,843 [INFO] Episode 6 in 'D:\Masters\Sem5\uavRL\inference_outputs\Trajectories\SnowOnly\ppo_naturecnn_single_rgb_obstacle_weather_rainandfog_SnowOnly\ppo_naturecnn_single_rgb_obstacle_weather_rainandfog_SnowOnly_positions.csv' did not travel at least 9 meters. Skipping.
2024-12-06 20:39:41,844 [INFO] Episode 8 in 'D:\Masters\Sem5\uavRL\inference_outputs\Trajectories\SnowOnly\ppo_naturecnn_single_rgb_obstacle_weather_rainandfog_SnowOnly\ppo_naturecnn_single_rgb_obstacle_weather_rainandfog_SnowOnly_positions.csv' did not travel at least 9 meters. Skipping.
2024-12-06 20:39:41,845 [INFO] Episode 10 in 'D:\Masters\Sem5\uavRL\inference_outputs\Trajectories\SnowOnly\ppo_naturecnn_single_rgb_obstacle_weather_rainandfog_SnowOnly\ppo_naturecnn_single_rgb_obstacle_weather_rainandfog_SnowOnly_positions.csv' did not travel at least 9 meters. Skipping.
2024-12-06 20:39:41,846 [INFO] Episode 11 in 'D:\Masters\Sem5\uavRL\inference_outputs\Trajectories\SnowOnly\ppo_naturecnn_single_rgb_obstacle_weather_rainandfog_SnowOnly\ppo_naturecnn_single_rgb_obstacle_weather_rainandfog_SnowOnly_positions.csv' did not travel at least 9 meters. Skipping.
2024-12-06 20:39:41,847 [INFO] Episode 13 in 'D:\Masters\Sem5\uavRL\inference_outputs\Trajectories\SnowOnly\ppo_naturecnn_single_rgb_obstacle_weather_rainandfog_SnowOnly\ppo_naturecnn_single_rgb_obstacle_weather_rainandfog_SnowOnly_positions.csv' did not travel at least 9 meters. Skipping.
2024-12-06 20:39:41,848 [INFO] Episode 15 in 'D:\Masters\Sem5\uavRL\inference_outputs\Trajectories\SnowOnly\ppo_naturecnn_single_rgb_obstacle_weather_rainandfog_SnowOnly\ppo_naturecnn_single_rgb_obstacle_weather_rainandfog_SnowOnly_positions.csv' did not travel at least 9 meters. Skipping.
2024-12-06 20:39:41,848 [INFO] Episode 16 in 'D:\Masters\Sem5\uavRL\inference_outputs\Trajectories\SnowOnly\ppo_naturecnn_single_rgb_obstacle_weather_rainandfog_SnowOnly\ppo_naturecnn_single_rgb_obstacle_weather_rainandfog_SnowOnly_positions.csv' did not travel at least 9 meters. Skipping.
2024-12-06 20:39:41,849 [INFO] Episode 17 in 'D:\Masters\Sem5\uavRL\inference_outputs\Trajectories\SnowOnly\ppo_naturecnn_single_rgb_obstacle_weather_rainandfog_SnowOnly\ppo_naturecnn_single_rgb_obstacle_weather_rainandfog_SnowOnly_positions.csv' did not travel at least 9 meters. Skipping.
2024-12-06 20:39:41,849 [INFO] Episode 18 in 'D:\Masters\Sem5\uavRL\inference_outputs\Trajectories\SnowOnly\ppo_naturecnn_single_rgb_obstacle_weather_rainandfog_SnowOnly\ppo_naturecnn_single_rgb_obstacle_weather_rainandfog_SnowOnly_positions.csv' did not travel at least 9 meters. Skipping.
2024-12-06 20:39:41,850 [INFO] Episode 19 in 'D:\Masters\Sem5\uavRL\inference_outputs\Trajectories\SnowOnly\ppo_naturecnn_single_rgb_obstacle_weather_rainandfog_SnowOnly\ppo_naturecnn_single_rgb_obstacle_weather_rainandfog_SnowOnly_positions.csv' did not travel at least 9 meters. Skipping.
2024-12-06 20:39:41,850 [INFO] Episode 20 in 'D:\Masters\Sem5\uavRL\inference_outputs\Trajectories\SnowOnly\ppo_naturecnn_single_rgb_obstacle_weather_rainandfog_SnowOnly\ppo_naturecnn_single_rgb_obstacle_weather_rainandfog_SnowOnly_positions.csv' did not travel at least 9 meters. Skipping.
2024-12-06 20:39:41,852 [INFO] Episode 22 in 'D:\Masters\Sem5\uavRL\inference_outputs\Trajectories\SnowOnly\ppo_naturecnn_single_rgb_obstacle_weather_rainandfog_SnowOnly\ppo_naturecnn_single_rgb_obstacle_weather_rainandfog_SnowOnly_positions.csv' did not travel at least 9 meters. Skipping.
2024-12-06 20:39:41,853 [INFO] Episode 23 in 'D:\Masters\Sem5\uavRL\inference_outputs\Trajectories\SnowOnly\ppo_naturecnn_single_rgb_obstacle_weather_rainandfog_SnowOnly\ppo_naturecnn_single_rgb_obstacle_weather_rainandfog_SnowOnly_positions.csv' did not travel at least 9 meters. Skipping.
2024-12-06 20:39:41,853 [INFO] Episode 24 in 'D:\Masters\Sem5\uavRL\inference_outputs\Trajectories\SnowOnly\ppo_naturecnn_single_rgb_obstacle_weather_rainandfog_SnowOnly\ppo_naturecnn_single_rgb_obstacle_weather_rainandfog_SnowOnly_positions.csv' did not travel at least 9 meters. Skipping.
2024-12-06 20:39:41,854 [INFO] Episode 26 in 'D:\Masters\Sem5\uavRL\inference_outputs\Trajectories\SnowOnly\ppo_naturecnn_single_rgb_obstacle_weather_rainandfog_SnowOnly\ppo_naturecnn_single_rgb_obstacle_weather_rainandfog_SnowOnly_positions.csv' did not travel at least 9 meters. Skipping.
2024-12-06 20:39:41,854 [INFO] Episode 27 in 'D:\Masters\Sem5\uavRL\inference_outputs\Trajectories\SnowOnly\ppo_naturecnn_single_rgb_obstacle_weather_rainandfog_SnowOnly\ppo_naturecnn_single_rgb_obstacle_weather_rainandfog_SnowOnly_positions.csv' did not travel at least 9 meters. Skipping.
2024-12-06 20:39:41,855 [INFO] Episode 28 in 'D:\Masters\Sem5\uavRL\inference_outputs\Trajectories\SnowOnly\ppo_naturecnn_single_rgb_obstacle_weather_rainandfog_SnowOnly\ppo_naturecnn_single_rgb_obstacle_weather_rainandfog_SnowOnly_positions.csv' did not travel at least 9 meters. Skipping.
2024-12-06 20:39:41,855 [INFO] Episode 29 in 'D:\Masters\Sem5\uavRL\inference_outputs\Trajectories\SnowOnly\ppo_naturecnn_single_rgb_obstacle_weather_rainandfog_SnowOnly\ppo_naturecnn_single_rgb_obstacle_weather_rainandfog_SnowOnly_positions.csv' did not travel at least 9 meters. Skipping.
2024-12-06 20:39:41,855 [INFO] Episode 30 in 'D:\Masters\Sem5\uavRL\inference_outputs\Trajectories\SnowOnly\ppo_naturecnn_single_rgb_obstacle_weather_rainandfog_SnowOnly\ppo_naturecnn_single_rgb_obstacle_weather_rainandfog_SnowOnly_positions.csv' did not travel at least 9 meters. Skipping.
2024-12-06 20:39:41,856 [INFO] Episode 31 in 'D:\Masters\Sem5\uavRL\inference_outputs\Trajectories\SnowOnly\ppo_naturecnn_single_rgb_obstacle_weather_rainandfog_SnowOnly\ppo_naturecnn_single_rgb_obstacle_weather_rainandfog_SnowOnly_positions.csv' did not travel at least 9 meters. Skipping.
2024-12-06 20:39:41,857 [INFO] Episode 34 in 'D:\Masters\Sem5\uavRL\inference_outputs\Trajectories\SnowOnly\ppo_naturecnn_single_rgb_obstacle_weather_rainandfog_SnowOnly\ppo_naturecnn_single_rgb_obstacle_weather_rainandfog_SnowOnly_positions.csv' did not travel at least 9 meters. Skipping.
2024-12-06 20:39:41,859 [INFO] Episode 38 in 'D:\Masters\Sem5\uavRL\inference_outputs\Trajectories\SnowOnly\ppo_naturecnn_single_rgb_obstacle_weather_rainandfog_SnowOnly\ppo_naturecnn_single_rgb_obstacle_weather_rainandfog_SnowOnly_positions.csv' did not travel at least 9 meters. Skipping.
2024-12-06 20:39:41,861 [INFO] Episode 40 in 'D:\Masters\Sem5\uavRL\inference_outputs\Trajectories\SnowOnly\ppo_naturecnn_single_rgb_obstacle_weather_rainandfog_SnowOnly\ppo_naturecnn_single_rgb_obstacle_weather_rainandfog_SnowOnly_positions.csv' did not travel at least 9 meters. Skipping.
2024-12-06 20:39:41,862 [INFO] Episode 43 in 'D:\Masters\Sem5\uavRL\inference_outputs\Trajectories\SnowOnly\ppo_naturecnn_single_rgb_obstacle_weather_rainandfog_SnowOnly\ppo_naturecnn_single_rgb_obstacle_weather_rainandfog_SnowOnly_positions.csv' did not travel at least 9 meters. Skipping.
2024-12-06 20:39:41,863 [INFO] Episode 44 in 'D:\Masters\Sem5\uavRL\inference_outputs\Trajectories\SnowOnly\ppo_naturecnn_single_rgb_obstacle_weather_rainandfog_SnowOnly\ppo_naturecnn_single_rgb_obstacle_weather_rainandfog_SnowOnly_positions.csv' did not travel at least 9 meters. Skipping.
2024-12-06 20:39:41,864 [INFO] Episode 45 in 'D:\Masters\Sem5\uavRL\inference_outputs\Trajectories\SnowOnly\ppo_naturecnn_single_rgb_obstacle_weather_rainandfog_SnowOnly\ppo_naturecnn_single_rgb_obstacle_weather_rainandfog_SnowOnly_positions.csv' did not travel at least 9 meters. Skipping.
2024-12-06 20:39:41,865 [INFO] Episode 46 in 'D:\Masters\Sem5\uavRL\inference_outputs\Trajectories\SnowOnly\ppo_naturecnn_single_rgb_obstacle_weather_rainandfog_SnowOnly\ppo_naturecnn_single_rgb_obstacle_weather_rainandfog_SnowOnly_positions.csv' did not travel at least 9 meters. Skipping.
2024-12-06 20:39:41,865 [INFO] Episode 47 in 'D:\Masters\Sem5\uavRL\inference_outputs\Trajectories\SnowOnly\ppo_naturecnn_single_rgb_obstacle_weather_rainandfog_SnowOnly\ppo_naturecnn_single_rgb_obstacle_weather_rainandfog_SnowOnly_positions.csv' did not travel at least 9 meters. Skipping.
2024-12-06 20:39:41,866 [INFO] Episode 50 in 'D:\Masters\Sem5\uavRL\inference_outputs\Trajectories\SnowOnly\ppo_naturecnn_single_rgb_obstacle_weather_rainandfog_SnowOnly\ppo_naturecnn_single_rgb_obstacle_weather_rainandfog_SnowOnly_positions.csv' did not travel at least 9 meters. Skipping.
2024-12-06 20:39:41,868 [INFO] Episode 54 in 'D:\Masters\Sem5\uavRL\inference_outputs\Trajectories\SnowOnly\ppo_naturecnn_single_rgb_obstacle_weather_rainandfog_SnowOnly\ppo_naturecnn_single_rgb_obstacle_weather_rainandfog_SnowOnly_positions.csv' did not travel at least 9 meters. Skipping.
2024-12-06 20:39:41,869 [INFO] Episode 56 in 'D:\Masters\Sem5\uavRL\inference_outputs\Trajectories\SnowOnly\ppo_naturecnn_single_rgb_obstacle_weather_rainandfog_SnowOnly\ppo_naturecnn_single_rgb_obstacle_weather_rainandfog_SnowOnly_positions.csv' did not travel at least 9 meters. Skipping.
2024-12-06 20:39:41,870 [INFO] Episode 57 in 'D:\Masters\Sem5\uavRL\inference_outputs\Trajectories\SnowOnly\ppo_naturecnn_single_rgb_obstacle_weather_rainandfog_SnowOnly\ppo_naturecnn_single_rgb_obstacle_weather_rainandfog_SnowOnly_positions.csv' did not travel at least 9 meters. Skipping.
2024-12-06 20:39:41,871 [INFO] Episode 58 in 'D:\Masters\Sem5\uavRL\inference_outputs\Trajectories\SnowOnly\ppo_naturecnn_single_rgb_obstacle_weather_rainandfog_SnowOnly\ppo_naturecnn_single_rgb_obstacle_weather_rainandfog_SnowOnly_positions.csv' did not travel at least 9 meters. Skipping.
2024-12-06 20:39:41,871 [INFO] Episode 59 in 'D:\Masters\Sem5\uavRL\inference_outputs\Trajectories\SnowOnly\ppo_naturecnn_single_rgb_obstacle_weather_rainandfog_SnowOnly\ppo_naturecnn_single_rgb_obstacle_weather_rainandfog_SnowOnly_positions.csv' did not travel at least 9 meters. Skipping.
2024-12-06 20:39:41,872 [INFO] Episode 60 in 'D:\Masters\Sem5\uavRL\inference_outputs\Trajectories\SnowOnly\ppo_naturecnn_single_rgb_obstacle_weather_rainandfog_SnowOnly\ppo_naturecnn_single_rgb_obstacle_weather_rainandfog_SnowOnly_positions.csv' did not travel at least 9 meters. Skipping.
2024-12-06 20:39:41,872 [INFO] Episode 61 in 'D:\Masters\Sem5\uavRL\inference_outputs\Trajectories\SnowOnly\ppo_naturecnn_single_rgb_obstacle_weather_rainandfog_SnowOnly\ppo_naturecnn_single_rgb_obstacle_weather_rainandfog_SnowOnly_positions.csv' did not travel at least 9 meters. Skipping.
2024-12-06 20:39:41,873 [INFO] Episode 62 in 'D:\Masters\Sem5\uavRL\inference_outputs\Trajectories\SnowOnly\ppo_naturecnn_single_rgb_obstacle_weather_rainandfog_SnowOnly\ppo_naturecnn_single_rgb_obstacle_weather_rainandfog_SnowOnly_positions.csv' did not travel at least 9 meters. Skipping.
2024-12-06 20:39:41,873 [INFO] Episode 63 in 'D:\Masters\Sem5\uavRL\inference_outputs\Trajectories\SnowOnly\ppo_naturecnn_single_rgb_obstacle_weather_rainandfog_SnowOnly\ppo_naturecnn_single_rgb_obstacle_weather_rainandfog_SnowOnly_positions.csv' did not travel at least 9 meters. Skipping.
2024-12-06 20:39:41,874 [INFO] Episode 65 in 'D:\Masters\Sem5\uavRL\inference_outputs\Trajectories\SnowOnly\ppo_naturecnn_single_rgb_obstacle_weather_rainandfog_SnowOnly\ppo_naturecnn_single_rgb_obstacle_weather_rainandfog_SnowOnly_positions.csv' did not travel at least 9 meters. Skipping.
2024-12-06 20:39:41,876 [INFO] Episode 66 in 'D:\Masters\Sem5\uavRL\inference_outputs\Trajectories\SnowOnly\ppo_naturecnn_single_rgb_obstacle_weather_rainandfog_SnowOnly\ppo_naturecnn_single_rgb_obstacle_weather_rainandfog_SnowOnly_positions.csv' did not travel at least 9 meters. Skipping.
2024-12-06 20:39:41,877 [INFO] Episode 70 in 'D:\Masters\Sem5\uavRL\inference_outputs\Trajectories\SnowOnly\ppo_naturecnn_single_rgb_obstacle_weather_rainandfog_SnowOnly\ppo_naturecnn_single_rgb_obstacle_weather_rainandfog_SnowOnly_positions.csv' did not travel at least 9 meters. Skipping.
2024-12-06 20:39:41,878 [INFO] Episode 71 in 'D:\Masters\Sem5\uavRL\inference_outputs\Trajectories\SnowOnly\ppo_naturecnn_single_rgb_obstacle_weather_rainandfog_SnowOnly\ppo_naturecnn_single_rgb_obstacle_weather_rainandfog_SnowOnly_positions.csv' did not travel at least 9 meters. Skipping.
2024-12-06 20:39:41,879 [INFO] Episode 72 in 'D:\Masters\Sem5\uavRL\inference_outputs\Trajectories\SnowOnly\ppo_naturecnn_single_rgb_obstacle_weather_rainandfog_SnowOnly\ppo_naturecnn_single_rgb_obstacle_weather_rainandfog_SnowOnly_positions.csv' did not travel at least 9 meters. Skipping.
2024-12-06 20:39:41,880 [INFO] Episode 75 in 'D:\Masters\Sem5\uavRL\inference_outputs\Trajectories\SnowOnly\ppo_naturecnn_single_rgb_obstacle_weather_rainandfog_SnowOnly\ppo_naturecnn_single_rgb_obstacle_weather_rainandfog_SnowOnly_positions.csv' did not travel at least 9 meters. Skipping.
2024-12-06 20:39:41,881 [INFO] Episode 76 in 'D:\Masters\Sem5\uavRL\inference_outputs\Trajectories\SnowOnly\ppo_naturecnn_single_rgb_obstacle_weather_rainandfog_SnowOnly\ppo_naturecnn_single_rgb_obstacle_weather_rainandfog_SnowOnly_positions.csv' did not travel at least 9 meters. Skipping.
2024-12-06 20:39:41,883 [INFO] Episode 78 in 'D:\Masters\Sem5\uavRL\inference_outputs\Trajectories\SnowOnly\ppo_naturecnn_single_rgb_obstacle_weather_rainandfog_SnowOnly\ppo_naturecnn_single_rgb_obstacle_weather_rainandfog_SnowOnly_positions.csv' did not travel at least 9 meters. Skipping.
2024-12-06 20:39:41,885 [INFO] Episode 83 in 'D:\Masters\Sem5\uavRL\inference_outputs\Trajectories\SnowOnly\ppo_naturecnn_single_rgb_obstacle_weather_rainandfog_SnowOnly\ppo_naturecnn_single_rgb_obstacle_weather_rainandfog_SnowOnly_positions.csv' did not travel at least 9 meters. Skipping.
2024-12-06 20:39:41,885 [INFO] Episode 84 in 'D:\Masters\Sem5\uavRL\inference_outputs\Trajectories\SnowOnly\ppo_naturecnn_single_rgb_obstacle_weather_rainandfog_SnowOnly\ppo_naturecnn_single_rgb_obstacle_weather_rainandfog_SnowOnly_positions.csv' did not travel at least 9 meters. Skipping.
2024-12-06 20:39:41,887 [INFO] Episode 85 in 'D:\Masters\Sem5\uavRL\inference_outputs\Trajectories\SnowOnly\ppo_naturecnn_single_rgb_obstacle_weather_rainandfog_SnowOnly\ppo_naturecnn_single_rgb_obstacle_weather_rainandfog_SnowOnly_positions.csv' did not travel at least 9 meters. Skipping.
2024-12-06 20:39:41,887 [INFO] Episode 87 in 'D:\Masters\Sem5\uavRL\inference_outputs\Trajectories\SnowOnly\ppo_naturecnn_single_rgb_obstacle_weather_rainandfog_SnowOnly\ppo_naturecnn_single_rgb_obstacle_weather_rainandfog_SnowOnly_positions.csv' did not travel at least 9 meters. Skipping.
2024-12-06 20:39:41,888 [INFO] Episode 89 in 'D:\Masters\Sem5\uavRL\inference_outputs\Trajectories\SnowOnly\ppo_naturecnn_single_rgb_obstacle_weather_rainandfog_SnowOnly\ppo_naturecnn_single_rgb_obstacle_weather_rainandfog_SnowOnly_positions.csv' did not travel at least 9 meters. Skipping.
2024-12-06 20:39:41,888 [INFO] Episode 90 in 'D:\Masters\Sem5\uavRL\inference_outputs\Trajectories\SnowOnly\ppo_naturecnn_single_rgb_obstacle_weather_rainandfog_SnowOnly\ppo_naturecnn_single_rgb_obstacle_weather_rainandfog_SnowOnly_positions.csv' did not travel at least 9 meters. Skipping.
2024-12-06 20:39:41,889 [INFO] Episode 91 in 'D:\Masters\Sem5\uavRL\inference_outputs\Trajectories\SnowOnly\ppo_naturecnn_single_rgb_obstacle_weather_rainandfog_SnowOnly\ppo_naturecnn_single_rgb_obstacle_weather_rainandfog_SnowOnly_positions.csv' did not travel at least 9 meters. Skipping.
2024-12-06 20:39:41,889 [INFO] Episode 93 in 'D:\Masters\Sem5\uavRL\inference_outputs\Trajectories\SnowOnly\ppo_naturecnn_single_rgb_obstacle_weather_rainandfog_SnowOnly\ppo_naturecnn_single_rgb_obstacle_weather_rainandfog_SnowOnly_positions.csv' did not travel at least 9 meters. Skipping.
2024-12-06 20:39:41,890 [INFO] Episode 94 in 'D:\Masters\Sem5\uavRL\inference_outputs\Trajectories\SnowOnly\ppo_naturecnn_single_rgb_obstacle_weather_rainandfog_SnowOnly\ppo_naturecnn_single_rgb_obstacle_weather_rainandfog_SnowOnly_positions.csv' did not travel at least 9 meters. Skipping.
2024-12-06 20:39:41,891 [INFO] Episode 96 in 'D:\Masters\Sem5\uavRL\inference_outputs\Trajectories\SnowOnly\ppo_naturecnn_single_rgb_obstacle_weather_rainandfog_SnowOnly\ppo_naturecnn_single_rgb_obstacle_weather_rainandfog_SnowOnly_positions.csv' did not travel at least 9 meters. Skipping.
2024-12-06 20:39:41,892 [INFO] Episode 97 in 'D:\Masters\Sem5\uavRL\inference_outputs\Trajectories\SnowOnly\ppo_naturecnn_single_rgb_obstacle_weather_rainandfog_SnowOnly\ppo_naturecnn_single_rgb_obstacle_weather_rainandfog_SnowOnly_positions.csv' did not travel at least 9 meters. Skipping.
2024-12-06 20:39:41,892 [INFO] Episode 98 in 'D:\Masters\Sem5\uavRL\inference_outputs\Trajectories\SnowOnly\ppo_naturecnn_single_rgb_obstacle_weather_rainandfog_SnowOnly\ppo_naturecnn_single_rgb_obstacle_weather_rainandfog_SnowOnly_positions.csv' did not travel at least 9 meters. Skipping.
2024-12-06 20:39:41,903 [INFO] Successfully read 'D:\Masters\Sem5\uavRL\inference_outputs\Trajectories\SnowOnly\ppo_naturecnn_single_rgb_obstacle_weather_snowonly_SnowOnly\ppo_naturecnn_single_rgb_obstacle_weather_snowonly_SnowOnly_positions.csv'.
2024-12-06 20:39:41,904 [INFO] Episode 1 in 'D:\Masters\Sem5\uavRL\inference_outputs\Trajectories\SnowOnly\ppo_naturecnn_single_rgb_obstacle_weather_snowonly_SnowOnly\ppo_naturecnn_single_rgb_obstacle_weather_snowonly_SnowOnly_positions.csv' did not travel at least 9 meters. Skipping.
2024-12-06 20:39:41,905 [INFO] Episode 3 in 'D:\Masters\Sem5\uavRL\inference_outputs\Trajectories\SnowOnly\ppo_naturecnn_single_rgb_obstacle_weather_snowonly_SnowOnly\ppo_naturecnn_single_rgb_obstacle_weather_snowonly_SnowOnly_positions.csv' did not travel at least 9 meters. Skipping.
2024-12-06 20:39:41,905 [INFO] Episode 5 in 'D:\Masters\Sem5\uavRL\inference_outputs\Trajectories\SnowOnly\ppo_naturecnn_single_rgb_obstacle_weather_snowonly_SnowOnly\ppo_naturecnn_single_rgb_obstacle_weather_snowonly_SnowOnly_positions.csv' did not travel at least 9 meters. Skipping.
2024-12-06 20:39:41,906 [INFO] Episode 6 in 'D:\Masters\Sem5\uavRL\inference_outputs\Trajectories\SnowOnly\ppo_naturecnn_single_rgb_obstacle_weather_snowonly_SnowOnly\ppo_naturecnn_single_rgb_obstacle_weather_snowonly_SnowOnly_positions.csv' did not travel at least 9 meters. Skipping.
2024-12-06 20:39:41,908 [INFO] Episode 11 in 'D:\Masters\Sem5\uavRL\inference_outputs\Trajectories\SnowOnly\ppo_naturecnn_single_rgb_obstacle_weather_snowonly_SnowOnly\ppo_naturecnn_single_rgb_obstacle_weather_snowonly_SnowOnly_positions.csv' did not travel at least 9 meters. Skipping.
2024-12-06 20:39:41,909 [INFO] Episode 13 in 'D:\Masters\Sem5\uavRL\inference_outputs\Trajectories\SnowOnly\ppo_naturecnn_single_rgb_obstacle_weather_snowonly_SnowOnly\ppo_naturecnn_single_rgb_obstacle_weather_snowonly_SnowOnly_positions.csv' did not travel at least 9 meters. Skipping.
2024-12-06 20:39:41,910 [INFO] Episode 15 in 'D:\Masters\Sem5\uavRL\inference_outputs\Trajectories\SnowOnly\ppo_naturecnn_single_rgb_obstacle_weather_snowonly_SnowOnly\ppo_naturecnn_single_rgb_obstacle_weather_snowonly_SnowOnly_positions.csv' did not travel at least 9 meters. Skipping.
2024-12-06 20:39:41,949 [INFO] Episode 20 in 'D:\Masters\Sem5\uavRL\inference_outputs\Trajectories\SnowOnly\ppo_naturecnn_single_rgb_obstacle_weather_snowonly_SnowOnly\ppo_naturecnn_single_rgb_obstacle_weather_snowonly_SnowOnly_positions.csv' did not travel at least 9 meters. Skipping.
2024-12-06 20:39:41,952 [INFO] Episode 23 in 'D:\Masters\Sem5\uavRL\inference_outputs\Trajectories\SnowOnly\ppo_naturecnn_single_rgb_obstacle_weather_snowonly_SnowOnly\ppo_naturecnn_single_rgb_obstacle_weather_snowonly_SnowOnly_positions.csv' did not travel at least 9 meters. Skipping.
2024-12-06 20:39:41,953 [INFO] Episode 24 in 'D:\Masters\Sem5\uavRL\inference_outputs\Trajectories\SnowOnly\ppo_naturecnn_single_rgb_obstacle_weather_snowonly_SnowOnly\ppo_naturecnn_single_rgb_obstacle_weather_snowonly_SnowOnly_positions.csv' did not travel at least 9 meters. Skipping.
2024-12-06 20:39:41,954 [INFO] Episode 31 in 'D:\Masters\Sem5\uavRL\inference_outputs\Trajectories\SnowOnly\ppo_naturecnn_single_rgb_obstacle_weather_snowonly_SnowOnly\ppo_naturecnn_single_rgb_obstacle_weather_snowonly_SnowOnly_positions.csv' did not travel at least 9 meters. Skipping.
2024-12-06 20:39:41,955 [INFO] Episode 32 in 'D:\Masters\Sem5\uavRL\inference_outputs\Trajectories\SnowOnly\ppo_naturecnn_single_rgb_obstacle_weather_snowonly_SnowOnly\ppo_naturecnn_single_rgb_obstacle_weather_snowonly_SnowOnly_positions.csv' did not travel at least 9 meters. Skipping.
2024-12-06 20:39:41,956 [INFO] Episode 34 in 'D:\Masters\Sem5\uavRL\inference_outputs\Trajectories\SnowOnly\ppo_naturecnn_single_rgb_obstacle_weather_snowonly_SnowOnly\ppo_naturecnn_single_rgb_obstacle_weather_snowonly_SnowOnly_positions.csv' did not travel at least 9 meters. Skipping.
2024-12-06 20:39:41,958 [INFO] Episode 39 in 'D:\Masters\Sem5\uavRL\inference_outputs\Trajectories\SnowOnly\ppo_naturecnn_single_rgb_obstacle_weather_snowonly_SnowOnly\ppo_naturecnn_single_rgb_obstacle_weather_snowonly_SnowOnly_positions.csv' did not travel at least 9 meters. Skipping.
2024-12-06 20:39:41,958 [INFO] Episode 40 in 'D:\Masters\Sem5\uavRL\inference_outputs\Trajectories\SnowOnly\ppo_naturecnn_single_rgb_obstacle_weather_snowonly_SnowOnly\ppo_naturecnn_single_rgb_obstacle_weather_snowonly_SnowOnly_positions.csv' did not travel at least 9 meters. Skipping.
2024-12-06 20:39:41,960 [INFO] Episode 44 in 'D:\Masters\Sem5\uavRL\inference_outputs\Trajectories\SnowOnly\ppo_naturecnn_single_rgb_obstacle_weather_snowonly_SnowOnly\ppo_naturecnn_single_rgb_obstacle_weather_snowonly_SnowOnly_positions.csv' did not travel at least 9 meters. Skipping.
2024-12-06 20:39:41,962 [INFO] Episode 47 in 'D:\Masters\Sem5\uavRL\inference_outputs\Trajectories\SnowOnly\ppo_naturecnn_single_rgb_obstacle_weather_snowonly_SnowOnly\ppo_naturecnn_single_rgb_obstacle_weather_snowonly_SnowOnly_positions.csv' did not travel at least 9 meters. Skipping.
2024-12-06 20:39:41,963 [INFO] Episode 48 in 'D:\Masters\Sem5\uavRL\inference_outputs\Trajectories\SnowOnly\ppo_naturecnn_single_rgb_obstacle_weather_snowonly_SnowOnly\ppo_naturecnn_single_rgb_obstacle_weather_snowonly_SnowOnly_positions.csv' did not travel at least 9 meters. Skipping.
2024-12-06 20:39:41,963 [INFO] Episode 50 in 'D:\Masters\Sem5\uavRL\inference_outputs\Trajectories\SnowOnly\ppo_naturecnn_single_rgb_obstacle_weather_snowonly_SnowOnly\ppo_naturecnn_single_rgb_obstacle_weather_snowonly_SnowOnly_positions.csv' did not travel at least 9 meters. Skipping.
2024-12-06 20:39:41,966 [INFO] Episode 54 in 'D:\Masters\Sem5\uavRL\inference_outputs\Trajectories\SnowOnly\ppo_naturecnn_single_rgb_obstacle_weather_snowonly_SnowOnly\ppo_naturecnn_single_rgb_obstacle_weather_snowonly_SnowOnly_positions.csv' did not travel at least 9 meters. Skipping.
2024-12-06 20:39:41,969 [INFO] Episode 62 in 'D:\Masters\Sem5\uavRL\inference_outputs\Trajectories\SnowOnly\ppo_naturecnn_single_rgb_obstacle_weather_snowonly_SnowOnly\ppo_naturecnn_single_rgb_obstacle_weather_snowonly_SnowOnly_positions.csv' did not travel at least 9 meters. Skipping.
2024-12-06 20:39:41,970 [INFO] Episode 65 in 'D:\Masters\Sem5\uavRL\inference_outputs\Trajectories\SnowOnly\ppo_naturecnn_single_rgb_obstacle_weather_snowonly_SnowOnly\ppo_naturecnn_single_rgb_obstacle_weather_snowonly_SnowOnly_positions.csv' did not travel at least 9 meters. Skipping.
2024-12-06 20:39:41,970 [INFO] Episode 66 in 'D:\Masters\Sem5\uavRL\inference_outputs\Trajectories\SnowOnly\ppo_naturecnn_single_rgb_obstacle_weather_snowonly_SnowOnly\ppo_naturecnn_single_rgb_obstacle_weather_snowonly_SnowOnly_positions.csv' did not travel at least 9 meters. Skipping.
2024-12-06 20:39:41,972 [INFO] Episode 70 in 'D:\Masters\Sem5\uavRL\inference_outputs\Trajectories\SnowOnly\ppo_naturecnn_single_rgb_obstacle_weather_snowonly_SnowOnly\ppo_naturecnn_single_rgb_obstacle_weather_snowonly_SnowOnly_positions.csv' did not travel at least 9 meters. Skipping.
2024-12-06 20:39:41,973 [INFO] Episode 72 in 'D:\Masters\Sem5\uavRL\inference_outputs\Trajectories\SnowOnly\ppo_naturecnn_single_rgb_obstacle_weather_snowonly_SnowOnly\ppo_naturecnn_single_rgb_obstacle_weather_snowonly_SnowOnly_positions.csv' did not travel at least 9 meters. Skipping.
2024-12-06 20:39:41,974 [INFO] Episode 79 in 'D:\Masters\Sem5\uavRL\inference_outputs\Trajectories\SnowOnly\ppo_naturecnn_single_rgb_obstacle_weather_snowonly_SnowOnly\ppo_naturecnn_single_rgb_obstacle_weather_snowonly_SnowOnly_positions.csv' did not travel at least 9 meters. Skipping.
2024-12-06 20:39:41,977 [INFO] Episode 84 in 'D:\Masters\Sem5\uavRL\inference_outputs\Trajectories\SnowOnly\ppo_naturecnn_single_rgb_obstacle_weather_snowonly_SnowOnly\ppo_naturecnn_single_rgb_obstacle_weather_snowonly_SnowOnly_positions.csv' did not travel at least 9 meters. Skipping.
2024-12-06 20:39:41,978 [INFO] Episode 85 in 'D:\Masters\Sem5\uavRL\inference_outputs\Trajectories\SnowOnly\ppo_naturecnn_single_rgb_obstacle_weather_snowonly_SnowOnly\ppo_naturecnn_single_rgb_obstacle_weather_snowonly_SnowOnly_positions.csv' did not travel at least 9 meters. Skipping.
2024-12-06 20:39:41,978 [INFO] Episode 86 in 'D:\Masters\Sem5\uavRL\inference_outputs\Trajectories\SnowOnly\ppo_naturecnn_single_rgb_obstacle_weather_snowonly_SnowOnly\ppo_naturecnn_single_rgb_obstacle_weather_snowonly_SnowOnly_positions.csv' did not travel at least 9 meters. Skipping.
2024-12-06 20:39:41,979 [INFO] Episode 88 in 'D:\Masters\Sem5\uavRL\inference_outputs\Trajectories\SnowOnly\ppo_naturecnn_single_rgb_obstacle_weather_snowonly_SnowOnly\ppo_naturecnn_single_rgb_obstacle_weather_snowonly_SnowOnly_positions.csv' did not travel at least 9 meters. Skipping.
2024-12-06 20:39:41,980 [INFO] Episode 89 in 'D:\Masters\Sem5\uavRL\inference_outputs\Trajectories\SnowOnly\ppo_naturecnn_single_rgb_obstacle_weather_snowonly_SnowOnly\ppo_naturecnn_single_rgb_obstacle_weather_snowonly_SnowOnly_positions.csv' did not travel at least 9 meters. Skipping.
2024-12-06 20:39:41,980 [INFO] Episode 90 in 'D:\Masters\Sem5\uavRL\inference_outputs\Trajectories\SnowOnly\ppo_naturecnn_single_rgb_obstacle_weather_snowonly_SnowOnly\ppo_naturecnn_single_rgb_obstacle_weather_snowonly_SnowOnly_positions.csv' did not travel at least 9 meters. Skipping.
2024-12-06 20:39:41,981 [INFO] Episode 93 in 'D:\Masters\Sem5\uavRL\inference_outputs\Trajectories\SnowOnly\ppo_naturecnn_single_rgb_obstacle_weather_snowonly_SnowOnly\ppo_naturecnn_single_rgb_obstacle_weather_snowonly_SnowOnly_positions.csv' did not travel at least 9 meters. Skipping.
2024-12-06 20:39:41,982 [INFO] Episode 96 in 'D:\Masters\Sem5\uavRL\inference_outputs\Trajectories\SnowOnly\ppo_naturecnn_single_rgb_obstacle_weather_snowonly_SnowOnly\ppo_naturecnn_single_rgb_obstacle_weather_snowonly_SnowOnly_positions.csv' did not travel at least 9 meters. Skipping.
2024-12-06 20:39:41,983 [INFO] Episode 97 in 'D:\Masters\Sem5\uavRL\inference_outputs\Trajectories\SnowOnly\ppo_naturecnn_single_rgb_obstacle_weather_snowonly_SnowOnly\ppo_naturecnn_single_rgb_obstacle_weather_snowonly_SnowOnly_positions.csv' did not travel at least 9 meters. Skipping.
2024-12-06 20:39:41,990 [INFO] Wall positions determined at: [3.7, 7.4, 11.100000000000001, 14.8, 18.5, 22.2]
2024-12-06 20:39:41,992 [INFO] Plotted mean trajectory from 'ppo_naturecnn_single_rgb_SnowOnly_positions.csv' with color 'blue'.
2024-12-06 20:39:41,995 [INFO] Plotted mean trajectory from 'ppo_naturecnn_single_rgb_obstacle_weather_leavesfalling_SnowOnly_positions.csv' with color 'green'.
2024-12-06 20:39:41,996 [INFO] Plotted mean trajectory from 'ppo_naturecnn_single_rgb_obstacle_weather_rainandfog_SnowOnly_positions.csv' with color 'orange'.
2024-12-06 20:39:41,997 [INFO] Plotted mean trajectory from 'ppo_naturecnn_single_rgb_obstacle_weather_snowonly_SnowOnly_positions.csv' with color 'purple'.
2024-12-06 20:39:42,051 [INFO] Added wall surface at X=3.7 with Trajectory Variations and Passages.
2024-12-06 20:39:42,105 [INFO] Added wall surface at X=7.4 with Trajectory Variations and Passages.
2024-12-06 20:39:42,163 [INFO] Added wall surface at X=11.100000000000001 with Trajectory Variations and Passages.
2024-12-06 20:39:42,227 [INFO] Added wall surface at X=14.8 with Trajectory Variations and Passages.
2024-12-06 20:39:42,285 [INFO] Added wall surface at X=18.5 with Trajectory Variations and Passages.
2024-12-06 20:39:42,288 [WARNING] No data near wall at X=22.2. Skipping hole creation.
2024-12-06 20:39:42,288 [INFO] Completed plotting walls and holes.
2024-12-06 20:39:42,465 [INFO] Similarity between 'ppo_naturecnn_single_rgb_SnowOnly_positions.csv' and 'ppo_naturecnn_single_rgb_obstacle_weather_leavesfalling_SnowOnly_positions.csv':
2024-12-06 20:39:42,465 [INFO]   - Cosine Similarity (Mean): 0.9633
2024-12-06 20:39:42,466 [INFO]   - Pearson Correlation (Mean): 0.8834
2024-12-06 20:39:42,466 [INFO]   - Normalized Cross-Correlation (Mean): 0.8834
2024-12-06 20:39:42,466 [INFO]   - Lag at Max NCC (Y): 0, (Z): 0
2024-12-06 20:39:42,475 [INFO] Similarity between 'ppo_naturecnn_single_rgb_SnowOnly_positions.csv' and 'ppo_naturecnn_single_rgb_obstacle_weather_rainandfog_SnowOnly_positions.csv':
2024-12-06 20:39:42,476 [INFO]   - Cosine Similarity (Mean): 0.8155
2024-12-06 20:39:42,476 [INFO]   - Pearson Correlation (Mean): 0.7820
2024-12-06 20:39:42,476 [INFO]   - Normalized Cross-Correlation (Mean): 0.8254
2024-12-06 20:39:42,476 [INFO]   - Lag at Max NCC (Y): 19, (Z): 0
2024-12-06 20:39:42,489 [INFO] Similarity between 'ppo_naturecnn_single_rgb_SnowOnly_positions.csv' and 'ppo_naturecnn_single_rgb_obstacle_weather_snowonly_SnowOnly_positions.csv':
2024-12-06 20:39:42,489 [INFO]   - Cosine Similarity (Mean): 0.8646
2024-12-06 20:39:42,490 [INFO]   - Pearson Correlation (Mean): 0.4767
2024-12-06 20:39:42,490 [INFO]   - Normalized Cross-Correlation (Mean): 0.6217
2024-12-06 20:39:42,490 [INFO]   - Lag at Max NCC (Y): -39, (Z): 0
2024-12-06 20:39:42,502 [INFO] Similarity between 'ppo_naturecnn_single_rgb_obstacle_weather_leavesfalling_SnowOnly_positions.csv' and 'ppo_naturecnn_single_rgb_obstacle_weather_rainandfog_SnowOnly_positions.csv':
2024-12-06 20:39:42,502 [INFO]   - Cosine Similarity (Mean): 0.8242
2024-12-06 20:39:42,503 [INFO]   - Pearson Correlation (Mean): 0.8010
2024-12-06 20:39:42,503 [INFO]   - Normalized Cross-Correlation (Mean): 0.8142
2024-12-06 20:39:42,503 [INFO]   - Lag at Max NCC (Y): 10, (Z): 0
2024-12-06 20:39:42,515 [INFO] Similarity between 'ppo_naturecnn_single_rgb_obstacle_weather_leavesfalling_SnowOnly_positions.csv' and 'ppo_naturecnn_single_rgb_obstacle_weather_snowonly_SnowOnly_positions.csv':
2024-12-06 20:39:42,515 [INFO]   - Cosine Similarity (Mean): 0.8838
2024-12-06 20:39:42,515 [INFO]   - Pearson Correlation (Mean): 0.5127
2024-12-06 20:39:42,515 [INFO]   - Normalized Cross-Correlation (Mean): 0.7433
2024-12-06 20:39:42,515 [INFO]   - Lag at Max NCC (Y): -45, (Z): -13
2024-12-06 20:39:42,527 [INFO] Similarity between 'ppo_naturecnn_single_rgb_obstacle_weather_rainandfog_SnowOnly_positions.csv' and 'ppo_naturecnn_single_rgb_obstacle_weather_snowonly_SnowOnly_positions.csv':
2024-12-06 20:39:42,527 [INFO]   - Cosine Similarity (Mean): 0.6067
2024-12-06 20:39:42,528 [INFO]   - Pearson Correlation (Mean): 0.0999
2024-12-06 20:39:42,528 [INFO]   - Normalized Cross-Correlation (Mean): 0.5844
2024-12-06 20:39:42,528 [INFO]   - Lag at Max NCC (Y): 427, (Z): -13
2024-12-06 20:39:42,960 [INFO] Cross-correlation plot saved as 'inference_outputs\RGB_PPO_SnowOnly_Variants\RGB_PPO_SnowOnly_Variants_cross_correlation_part1.png'.
2024-12-06 20:39:43,581 [INFO] Mean trajectories plotted and saved as 'inference_outputs\RGB_PPO_SnowOnly_Variants\RGB_PPO_SnowOnly_Variants_mean_trajectories.png'.
2024-12-06 20:39:43,587 [INFO] Similarity summary saved as 'inference_outputs\RGB_PPO_SnowOnly_Variants\RGB_PPO_SnowOnly_Variants_similarity_summary.csv'.
