2024-12-06 20:14:48,765 [INFO] Logging initialized for scenario: 'Depth_PPO_LeavesFalling_Variants'
2024-12-06 20:14:48,765 [INFO] Received command-line arguments: Scenario='Depth_PPO_LeavesFalling_Variants', Filenames=['D:\\Masters\\Sem5\\uavRL\\inference_outputs\\Trajectories\\LeavesFalling\\ppo_naturecnn_depth_leavesFalling\\ppo_naturecnn_depth_leavesFalling_positions.csv', 'D:\\Masters\\Sem5\\uavRL\\inference_outputs\\Trajectories\\LeavesFalling\\ppo_naturecnn_depth_obstacle_weather_leavesfalling_leavesFalling\\ppo_naturecnn_depth_obstacle_weather_leavesfalling_leavesFalling_positions.csv', 'D:\\Masters\\Sem5\\uavRL\\inference_outputs\\Trajectories\\LeavesFalling\\ppo_naturecnn_depth_obstacle_weather_rainandfog_leavesFalling\\ppo_naturecnn_depth_obstacle_weather_rainandfog_leavesFalling_positions.csv', 'D:\\Masters\\Sem5\\uavRL\\inference_outputs\\Trajectories\\LeavesFalling\\ppo_naturecnn_depth_obstacle_weather_snowonly_leavesFalling\\ppo_naturecnn_depth_obstacle_weather_snowonly_leavesFalling_positions.csv']
2024-12-06 20:14:48,766 [INFO] Starting to plot multiple mean trajectories.
2024-12-06 20:14:48,919 [INFO] Successfully read 'D:\Masters\Sem5\uavRL\inference_outputs\Trajectories\LeavesFalling\ppo_naturecnn_depth_leavesFalling\ppo_naturecnn_depth_leavesFalling_positions.csv'.
2024-12-06 20:14:48,920 [INFO] Episode 2 in 'D:\Masters\Sem5\uavRL\inference_outputs\Trajectories\LeavesFalling\ppo_naturecnn_depth_leavesFalling\ppo_naturecnn_depth_leavesFalling_positions.csv' did not travel at least 9 meters. Skipping.
2024-12-06 20:14:48,921 [INFO] Episode 4 in 'D:\Masters\Sem5\uavRL\inference_outputs\Trajectories\LeavesFalling\ppo_naturecnn_depth_leavesFalling\ppo_naturecnn_depth_leavesFalling_positions.csv' did not travel at least 9 meters. Skipping.
2024-12-06 20:14:48,922 [INFO] Episode 6 in 'D:\Masters\Sem5\uavRL\inference_outputs\Trajectories\LeavesFalling\ppo_naturecnn_depth_leavesFalling\ppo_naturecnn_depth_leavesFalling_positions.csv' did not travel at least 9 meters. Skipping.
2024-12-06 20:14:48,923 [INFO] Episode 11 in 'D:\Masters\Sem5\uavRL\inference_outputs\Trajectories\LeavesFalling\ppo_naturecnn_depth_leavesFalling\ppo_naturecnn_depth_leavesFalling_positions.csv' did not travel at least 9 meters. Skipping.
2024-12-06 20:14:48,923 [INFO] Episode 13 in 'D:\Masters\Sem5\uavRL\inference_outputs\Trajectories\LeavesFalling\ppo_naturecnn_depth_leavesFalling\ppo_naturecnn_depth_leavesFalling_positions.csv' did not travel at least 9 meters. Skipping.
2024-12-06 20:14:48,925 [INFO] Episode 14 in 'D:\Masters\Sem5\uavRL\inference_outputs\Trajectories\LeavesFalling\ppo_naturecnn_depth_leavesFalling\ppo_naturecnn_depth_leavesFalling_positions.csv' did not travel at least 9 meters. Skipping.
2024-12-06 20:14:48,925 [INFO] Episode 15 in 'D:\Masters\Sem5\uavRL\inference_outputs\Trajectories\LeavesFalling\ppo_naturecnn_depth_leavesFalling\ppo_naturecnn_depth_leavesFalling_positions.csv' did not travel at least 9 meters. Skipping.
2024-12-06 20:14:48,926 [INFO] Episode 17 in 'D:\Masters\Sem5\uavRL\inference_outputs\Trajectories\LeavesFalling\ppo_naturecnn_depth_leavesFalling\ppo_naturecnn_depth_leavesFalling_positions.csv' did not travel at least 9 meters. Skipping.
2024-12-06 20:14:48,927 [INFO] Episode 19 in 'D:\Masters\Sem5\uavRL\inference_outputs\Trajectories\LeavesFalling\ppo_naturecnn_depth_leavesFalling\ppo_naturecnn_depth_leavesFalling_positions.csv' did not travel at least 9 meters. Skipping.
2024-12-06 20:14:48,928 [INFO] Episode 22 in 'D:\Masters\Sem5\uavRL\inference_outputs\Trajectories\LeavesFalling\ppo_naturecnn_depth_leavesFalling\ppo_naturecnn_depth_leavesFalling_positions.csv' did not travel at least 9 meters. Skipping.
2024-12-06 20:14:48,929 [INFO] Episode 25 in 'D:\Masters\Sem5\uavRL\inference_outputs\Trajectories\LeavesFalling\ppo_naturecnn_depth_leavesFalling\ppo_naturecnn_depth_leavesFalling_positions.csv' did not travel at least 9 meters. Skipping.
2024-12-06 20:14:48,929 [INFO] Episode 26 in 'D:\Masters\Sem5\uavRL\inference_outputs\Trajectories\LeavesFalling\ppo_naturecnn_depth_leavesFalling\ppo_naturecnn_depth_leavesFalling_positions.csv' did not travel at least 9 meters. Skipping.
2024-12-06 20:14:48,930 [INFO] Episode 28 in 'D:\Masters\Sem5\uavRL\inference_outputs\Trajectories\LeavesFalling\ppo_naturecnn_depth_leavesFalling\ppo_naturecnn_depth_leavesFalling_positions.csv' did not travel at least 9 meters. Skipping.
2024-12-06 20:14:48,931 [INFO] Episode 31 in 'D:\Masters\Sem5\uavRL\inference_outputs\Trajectories\LeavesFalling\ppo_naturecnn_depth_leavesFalling\ppo_naturecnn_depth_leavesFalling_positions.csv' did not travel at least 9 meters. Skipping.
2024-12-06 20:14:48,932 [INFO] Episode 32 in 'D:\Masters\Sem5\uavRL\inference_outputs\Trajectories\LeavesFalling\ppo_naturecnn_depth_leavesFalling\ppo_naturecnn_depth_leavesFalling_positions.csv' did not travel at least 9 meters. Skipping.
2024-12-06 20:14:48,932 [INFO] Episode 33 in 'D:\Masters\Sem5\uavRL\inference_outputs\Trajectories\LeavesFalling\ppo_naturecnn_depth_leavesFalling\ppo_naturecnn_depth_leavesFalling_positions.csv' did not travel at least 9 meters. Skipping.
2024-12-06 20:14:48,935 [INFO] Episode 38 in 'D:\Masters\Sem5\uavRL\inference_outputs\Trajectories\LeavesFalling\ppo_naturecnn_depth_leavesFalling\ppo_naturecnn_depth_leavesFalling_positions.csv' did not travel at least 9 meters. Skipping.
2024-12-06 20:14:48,935 [INFO] Episode 39 in 'D:\Masters\Sem5\uavRL\inference_outputs\Trajectories\LeavesFalling\ppo_naturecnn_depth_leavesFalling\ppo_naturecnn_depth_leavesFalling_positions.csv' did not travel at least 9 meters. Skipping.
2024-12-06 20:14:48,937 [INFO] Episode 44 in 'D:\Masters\Sem5\uavRL\inference_outputs\Trajectories\LeavesFalling\ppo_naturecnn_depth_leavesFalling\ppo_naturecnn_depth_leavesFalling_positions.csv' did not travel at least 9 meters. Skipping.
2024-12-06 20:14:48,939 [INFO] Episode 47 in 'D:\Masters\Sem5\uavRL\inference_outputs\Trajectories\LeavesFalling\ppo_naturecnn_depth_leavesFalling\ppo_naturecnn_depth_leavesFalling_positions.csv' did not travel at least 9 meters. Skipping.
2024-12-06 20:14:48,940 [INFO] Episode 49 in 'D:\Masters\Sem5\uavRL\inference_outputs\Trajectories\LeavesFalling\ppo_naturecnn_depth_leavesFalling\ppo_naturecnn_depth_leavesFalling_positions.csv' did not travel at least 9 meters. Skipping.
2024-12-06 20:14:48,941 [INFO] Episode 51 in 'D:\Masters\Sem5\uavRL\inference_outputs\Trajectories\LeavesFalling\ppo_naturecnn_depth_leavesFalling\ppo_naturecnn_depth_leavesFalling_positions.csv' did not travel at least 9 meters. Skipping.
2024-12-06 20:14:48,943 [INFO] Episode 56 in 'D:\Masters\Sem5\uavRL\inference_outputs\Trajectories\LeavesFalling\ppo_naturecnn_depth_leavesFalling\ppo_naturecnn_depth_leavesFalling_positions.csv' did not travel at least 9 meters. Skipping.
2024-12-06 20:14:48,944 [INFO] Episode 58 in 'D:\Masters\Sem5\uavRL\inference_outputs\Trajectories\LeavesFalling\ppo_naturecnn_depth_leavesFalling\ppo_naturecnn_depth_leavesFalling_positions.csv' did not travel at least 9 meters. Skipping.
2024-12-06 20:14:48,945 [INFO] Episode 59 in 'D:\Masters\Sem5\uavRL\inference_outputs\Trajectories\LeavesFalling\ppo_naturecnn_depth_leavesFalling\ppo_naturecnn_depth_leavesFalling_positions.csv' did not travel at least 9 meters. Skipping.
2024-12-06 20:14:48,946 [INFO] Episode 61 in 'D:\Masters\Sem5\uavRL\inference_outputs\Trajectories\LeavesFalling\ppo_naturecnn_depth_leavesFalling\ppo_naturecnn_depth_leavesFalling_positions.csv' did not travel at least 9 meters. Skipping.
2024-12-06 20:14:48,947 [INFO] Episode 62 in 'D:\Masters\Sem5\uavRL\inference_outputs\Trajectories\LeavesFalling\ppo_naturecnn_depth_leavesFalling\ppo_naturecnn_depth_leavesFalling_positions.csv' did not travel at least 9 meters. Skipping.
2024-12-06 20:14:48,947 [INFO] Episode 63 in 'D:\Masters\Sem5\uavRL\inference_outputs\Trajectories\LeavesFalling\ppo_naturecnn_depth_leavesFalling\ppo_naturecnn_depth_leavesFalling_positions.csv' did not travel at least 9 meters. Skipping.
2024-12-06 20:14:48,948 [INFO] Episode 65 in 'D:\Masters\Sem5\uavRL\inference_outputs\Trajectories\LeavesFalling\ppo_naturecnn_depth_leavesFalling\ppo_naturecnn_depth_leavesFalling_positions.csv' did not travel at least 9 meters. Skipping.
2024-12-06 20:14:48,950 [INFO] Episode 66 in 'D:\Masters\Sem5\uavRL\inference_outputs\Trajectories\LeavesFalling\ppo_naturecnn_depth_leavesFalling\ppo_naturecnn_depth_leavesFalling_positions.csv' did not travel at least 9 meters. Skipping.
2024-12-06 20:14:48,950 [INFO] Episode 67 in 'D:\Masters\Sem5\uavRL\inference_outputs\Trajectories\LeavesFalling\ppo_naturecnn_depth_leavesFalling\ppo_naturecnn_depth_leavesFalling_positions.csv' did not travel at least 9 meters. Skipping.
2024-12-06 20:14:48,951 [INFO] Episode 68 in 'D:\Masters\Sem5\uavRL\inference_outputs\Trajectories\LeavesFalling\ppo_naturecnn_depth_leavesFalling\ppo_naturecnn_depth_leavesFalling_positions.csv' did not travel at least 9 meters. Skipping.
2024-12-06 20:14:48,953 [INFO] Episode 70 in 'D:\Masters\Sem5\uavRL\inference_outputs\Trajectories\LeavesFalling\ppo_naturecnn_depth_leavesFalling\ppo_naturecnn_depth_leavesFalling_positions.csv' did not travel at least 9 meters. Skipping.
2024-12-06 20:14:48,953 [INFO] Episode 71 in 'D:\Masters\Sem5\uavRL\inference_outputs\Trajectories\LeavesFalling\ppo_naturecnn_depth_leavesFalling\ppo_naturecnn_depth_leavesFalling_positions.csv' did not travel at least 9 meters. Skipping.
2024-12-06 20:14:48,954 [INFO] Episode 74 in 'D:\Masters\Sem5\uavRL\inference_outputs\Trajectories\LeavesFalling\ppo_naturecnn_depth_leavesFalling\ppo_naturecnn_depth_leavesFalling_positions.csv' did not travel at least 9 meters. Skipping.
2024-12-06 20:14:48,956 [INFO] Episode 78 in 'D:\Masters\Sem5\uavRL\inference_outputs\Trajectories\LeavesFalling\ppo_naturecnn_depth_leavesFalling\ppo_naturecnn_depth_leavesFalling_positions.csv' did not travel at least 9 meters. Skipping.
2024-12-06 20:14:48,958 [INFO] Episode 82 in 'D:\Masters\Sem5\uavRL\inference_outputs\Trajectories\LeavesFalling\ppo_naturecnn_depth_leavesFalling\ppo_naturecnn_depth_leavesFalling_positions.csv' did not travel at least 9 meters. Skipping.
2024-12-06 20:14:48,959 [INFO] Episode 85 in 'D:\Masters\Sem5\uavRL\inference_outputs\Trajectories\LeavesFalling\ppo_naturecnn_depth_leavesFalling\ppo_naturecnn_depth_leavesFalling_positions.csv' did not travel at least 9 meters. Skipping.
2024-12-06 20:14:48,960 [INFO] Episode 88 in 'D:\Masters\Sem5\uavRL\inference_outputs\Trajectories\LeavesFalling\ppo_naturecnn_depth_leavesFalling\ppo_naturecnn_depth_leavesFalling_positions.csv' did not travel at least 9 meters. Skipping.
2024-12-06 20:14:48,961 [INFO] Episode 92 in 'D:\Masters\Sem5\uavRL\inference_outputs\Trajectories\LeavesFalling\ppo_naturecnn_depth_leavesFalling\ppo_naturecnn_depth_leavesFalling_positions.csv' did not travel at least 9 meters. Skipping.
2024-12-06 20:14:48,962 [INFO] Episode 93 in 'D:\Masters\Sem5\uavRL\inference_outputs\Trajectories\LeavesFalling\ppo_naturecnn_depth_leavesFalling\ppo_naturecnn_depth_leavesFalling_positions.csv' did not travel at least 9 meters. Skipping.
2024-12-06 20:14:48,963 [INFO] Episode 95 in 'D:\Masters\Sem5\uavRL\inference_outputs\Trajectories\LeavesFalling\ppo_naturecnn_depth_leavesFalling\ppo_naturecnn_depth_leavesFalling_positions.csv' did not travel at least 9 meters. Skipping.
2024-12-06 20:14:48,964 [INFO] Episode 97 in 'D:\Masters\Sem5\uavRL\inference_outputs\Trajectories\LeavesFalling\ppo_naturecnn_depth_leavesFalling\ppo_naturecnn_depth_leavesFalling_positions.csv' did not travel at least 9 meters. Skipping.
2024-12-06 20:14:48,965 [INFO] Episode 98 in 'D:\Masters\Sem5\uavRL\inference_outputs\Trajectories\LeavesFalling\ppo_naturecnn_depth_leavesFalling\ppo_naturecnn_depth_leavesFalling_positions.csv' did not travel at least 9 meters. Skipping.
2024-12-06 20:14:48,965 [INFO] Episode 99 in 'D:\Masters\Sem5\uavRL\inference_outputs\Trajectories\LeavesFalling\ppo_naturecnn_depth_leavesFalling\ppo_naturecnn_depth_leavesFalling_positions.csv' did not travel at least 9 meters. Skipping.
2024-12-06 20:14:48,980 [INFO] Successfully read 'D:\Masters\Sem5\uavRL\inference_outputs\Trajectories\LeavesFalling\ppo_naturecnn_depth_obstacle_weather_leavesfalling_leavesFalling\ppo_naturecnn_depth_obstacle_weather_leavesfalling_leavesFalling_positions.csv'.
2024-12-06 20:14:48,985 [INFO] Episode 16 in 'D:\Masters\Sem5\uavRL\inference_outputs\Trajectories\LeavesFalling\ppo_naturecnn_depth_obstacle_weather_leavesfalling_leavesFalling\ppo_naturecnn_depth_obstacle_weather_leavesfalling_leavesFalling_positions.csv' did not travel at least 9 meters. Skipping.
2024-12-06 20:14:48,987 [INFO] Episode 18 in 'D:\Masters\Sem5\uavRL\inference_outputs\Trajectories\LeavesFalling\ppo_naturecnn_depth_obstacle_weather_leavesfalling_leavesFalling\ppo_naturecnn_depth_obstacle_weather_leavesfalling_leavesFalling_positions.csv' did not travel at least 9 meters. Skipping.
2024-12-06 20:14:48,988 [INFO] Episode 20 in 'D:\Masters\Sem5\uavRL\inference_outputs\Trajectories\LeavesFalling\ppo_naturecnn_depth_obstacle_weather_leavesfalling_leavesFalling\ppo_naturecnn_depth_obstacle_weather_leavesfalling_leavesFalling_positions.csv' did not travel at least 9 meters. Skipping.
2024-12-06 20:14:48,989 [INFO] Episode 28 in 'D:\Masters\Sem5\uavRL\inference_outputs\Trajectories\LeavesFalling\ppo_naturecnn_depth_obstacle_weather_leavesfalling_leavesFalling\ppo_naturecnn_depth_obstacle_weather_leavesfalling_leavesFalling_positions.csv' did not travel at least 9 meters. Skipping.
2024-12-06 20:14:48,994 [INFO] Episode 43 in 'D:\Masters\Sem5\uavRL\inference_outputs\Trajectories\LeavesFalling\ppo_naturecnn_depth_obstacle_weather_leavesfalling_leavesFalling\ppo_naturecnn_depth_obstacle_weather_leavesfalling_leavesFalling_positions.csv' did not travel at least 9 meters. Skipping.
2024-12-06 20:14:48,994 [INFO] Episode 45 in 'D:\Masters\Sem5\uavRL\inference_outputs\Trajectories\LeavesFalling\ppo_naturecnn_depth_obstacle_weather_leavesfalling_leavesFalling\ppo_naturecnn_depth_obstacle_weather_leavesfalling_leavesFalling_positions.csv' did not travel at least 9 meters. Skipping.
2024-12-06 20:14:48,995 [INFO] Episode 48 in 'D:\Masters\Sem5\uavRL\inference_outputs\Trajectories\LeavesFalling\ppo_naturecnn_depth_obstacle_weather_leavesfalling_leavesFalling\ppo_naturecnn_depth_obstacle_weather_leavesfalling_leavesFalling_positions.csv' did not travel at least 9 meters. Skipping.
2024-12-06 20:14:48,998 [INFO] Episode 52 in 'D:\Masters\Sem5\uavRL\inference_outputs\Trajectories\LeavesFalling\ppo_naturecnn_depth_obstacle_weather_leavesfalling_leavesFalling\ppo_naturecnn_depth_obstacle_weather_leavesfalling_leavesFalling_positions.csv' did not travel at least 9 meters. Skipping.
2024-12-06 20:14:49,000 [INFO] Episode 60 in 'D:\Masters\Sem5\uavRL\inference_outputs\Trajectories\LeavesFalling\ppo_naturecnn_depth_obstacle_weather_leavesfalling_leavesFalling\ppo_naturecnn_depth_obstacle_weather_leavesfalling_leavesFalling_positions.csv' did not travel at least 9 meters. Skipping.
2024-12-06 20:14:49,007 [INFO] Episode 85 in 'D:\Masters\Sem5\uavRL\inference_outputs\Trajectories\LeavesFalling\ppo_naturecnn_depth_obstacle_weather_leavesfalling_leavesFalling\ppo_naturecnn_depth_obstacle_weather_leavesfalling_leavesFalling_positions.csv' did not travel at least 9 meters. Skipping.
2024-12-06 20:14:49,010 [INFO] Episode 94 in 'D:\Masters\Sem5\uavRL\inference_outputs\Trajectories\LeavesFalling\ppo_naturecnn_depth_obstacle_weather_leavesfalling_leavesFalling\ppo_naturecnn_depth_obstacle_weather_leavesfalling_leavesFalling_positions.csv' did not travel at least 9 meters. Skipping.
2024-12-06 20:14:49,028 [INFO] Successfully read 'D:\Masters\Sem5\uavRL\inference_outputs\Trajectories\LeavesFalling\ppo_naturecnn_depth_obstacle_weather_rainandfog_leavesFalling\ppo_naturecnn_depth_obstacle_weather_rainandfog_leavesFalling_positions.csv'.
2024-12-06 20:14:49,036 [INFO] Episode 24 in 'D:\Masters\Sem5\uavRL\inference_outputs\Trajectories\LeavesFalling\ppo_naturecnn_depth_obstacle_weather_rainandfog_leavesFalling\ppo_naturecnn_depth_obstacle_weather_rainandfog_leavesFalling_positions.csv' did not travel at least 9 meters. Skipping.
2024-12-06 20:14:49,037 [INFO] Episode 27 in 'D:\Masters\Sem5\uavRL\inference_outputs\Trajectories\LeavesFalling\ppo_naturecnn_depth_obstacle_weather_rainandfog_leavesFalling\ppo_naturecnn_depth_obstacle_weather_rainandfog_leavesFalling_positions.csv' did not travel at least 9 meters. Skipping.
2024-12-06 20:14:49,041 [INFO] Episode 42 in 'D:\Masters\Sem5\uavRL\inference_outputs\Trajectories\LeavesFalling\ppo_naturecnn_depth_obstacle_weather_rainandfog_leavesFalling\ppo_naturecnn_depth_obstacle_weather_rainandfog_leavesFalling_positions.csv' did not travel at least 9 meters. Skipping.
2024-12-06 20:14:49,045 [INFO] Episode 54 in 'D:\Masters\Sem5\uavRL\inference_outputs\Trajectories\LeavesFalling\ppo_naturecnn_depth_obstacle_weather_rainandfog_leavesFalling\ppo_naturecnn_depth_obstacle_weather_rainandfog_leavesFalling_positions.csv' did not travel at least 9 meters. Skipping.
2024-12-06 20:14:49,053 [INFO] Episode 78 in 'D:\Masters\Sem5\uavRL\inference_outputs\Trajectories\LeavesFalling\ppo_naturecnn_depth_obstacle_weather_rainandfog_leavesFalling\ppo_naturecnn_depth_obstacle_weather_rainandfog_leavesFalling_positions.csv' did not travel at least 9 meters. Skipping.
2024-12-06 20:14:49,055 [INFO] Episode 83 in 'D:\Masters\Sem5\uavRL\inference_outputs\Trajectories\LeavesFalling\ppo_naturecnn_depth_obstacle_weather_rainandfog_leavesFalling\ppo_naturecnn_depth_obstacle_weather_rainandfog_leavesFalling_positions.csv' did not travel at least 9 meters. Skipping.
2024-12-06 20:14:49,056 [INFO] Episode 86 in 'D:\Masters\Sem5\uavRL\inference_outputs\Trajectories\LeavesFalling\ppo_naturecnn_depth_obstacle_weather_rainandfog_leavesFalling\ppo_naturecnn_depth_obstacle_weather_rainandfog_leavesFalling_positions.csv' did not travel at least 9 meters. Skipping.
2024-12-06 20:14:49,060 [INFO] Episode 96 in 'D:\Masters\Sem5\uavRL\inference_outputs\Trajectories\LeavesFalling\ppo_naturecnn_depth_obstacle_weather_rainandfog_leavesFalling\ppo_naturecnn_depth_obstacle_weather_rainandfog_leavesFalling_positions.csv' did not travel at least 9 meters. Skipping.
2024-12-06 20:14:49,062 [INFO] Episode 98 in 'D:\Masters\Sem5\uavRL\inference_outputs\Trajectories\LeavesFalling\ppo_naturecnn_depth_obstacle_weather_rainandfog_leavesFalling\ppo_naturecnn_depth_obstacle_weather_rainandfog_leavesFalling_positions.csv' did not travel at least 9 meters. Skipping.
2024-12-06 20:14:49,132 [INFO] Successfully read 'D:\Masters\Sem5\uavRL\inference_outputs\Trajectories\LeavesFalling\ppo_naturecnn_depth_obstacle_weather_snowonly_leavesFalling\ppo_naturecnn_depth_obstacle_weather_snowonly_leavesFalling_positions.csv'.
2024-12-06 20:14:49,133 [INFO] Episode 1 in 'D:\Masters\Sem5\uavRL\inference_outputs\Trajectories\LeavesFalling\ppo_naturecnn_depth_obstacle_weather_snowonly_leavesFalling\ppo_naturecnn_depth_obstacle_weather_snowonly_leavesFalling_positions.csv' did not travel at least 9 meters. Skipping.
2024-12-06 20:14:49,133 [INFO] Episode 4 in 'D:\Masters\Sem5\uavRL\inference_outputs\Trajectories\LeavesFalling\ppo_naturecnn_depth_obstacle_weather_snowonly_leavesFalling\ppo_naturecnn_depth_obstacle_weather_snowonly_leavesFalling_positions.csv' did not travel at least 9 meters. Skipping.
2024-12-06 20:14:49,137 [INFO] Episode 10 in 'D:\Masters\Sem5\uavRL\inference_outputs\Trajectories\LeavesFalling\ppo_naturecnn_depth_obstacle_weather_snowonly_leavesFalling\ppo_naturecnn_depth_obstacle_weather_snowonly_leavesFalling_positions.csv' did not travel at least 9 meters. Skipping.
2024-12-06 20:14:49,137 [INFO] Episode 12 in 'D:\Masters\Sem5\uavRL\inference_outputs\Trajectories\LeavesFalling\ppo_naturecnn_depth_obstacle_weather_snowonly_leavesFalling\ppo_naturecnn_depth_obstacle_weather_snowonly_leavesFalling_positions.csv' did not travel at least 9 meters. Skipping.
2024-12-06 20:14:49,138 [INFO] Episode 13 in 'D:\Masters\Sem5\uavRL\inference_outputs\Trajectories\LeavesFalling\ppo_naturecnn_depth_obstacle_weather_snowonly_leavesFalling\ppo_naturecnn_depth_obstacle_weather_snowonly_leavesFalling_positions.csv' did not travel at least 9 meters. Skipping.
2024-12-06 20:14:49,140 [INFO] Episode 19 in 'D:\Masters\Sem5\uavRL\inference_outputs\Trajectories\LeavesFalling\ppo_naturecnn_depth_obstacle_weather_snowonly_leavesFalling\ppo_naturecnn_depth_obstacle_weather_snowonly_leavesFalling_positions.csv' did not travel at least 9 meters. Skipping.
2024-12-06 20:14:49,141 [INFO] Episode 23 in 'D:\Masters\Sem5\uavRL\inference_outputs\Trajectories\LeavesFalling\ppo_naturecnn_depth_obstacle_weather_snowonly_leavesFalling\ppo_naturecnn_depth_obstacle_weather_snowonly_leavesFalling_positions.csv' did not travel at least 9 meters. Skipping.
2024-12-06 20:14:49,143 [INFO] Episode 26 in 'D:\Masters\Sem5\uavRL\inference_outputs\Trajectories\LeavesFalling\ppo_naturecnn_depth_obstacle_weather_snowonly_leavesFalling\ppo_naturecnn_depth_obstacle_weather_snowonly_leavesFalling_positions.csv' did not travel at least 9 meters. Skipping.
2024-12-06 20:14:49,143 [INFO] Episode 28 in 'D:\Masters\Sem5\uavRL\inference_outputs\Trajectories\LeavesFalling\ppo_naturecnn_depth_obstacle_weather_snowonly_leavesFalling\ppo_naturecnn_depth_obstacle_weather_snowonly_leavesFalling_positions.csv' did not travel at least 9 meters. Skipping.
2024-12-06 20:14:49,145 [INFO] Episode 32 in 'D:\Masters\Sem5\uavRL\inference_outputs\Trajectories\LeavesFalling\ppo_naturecnn_depth_obstacle_weather_snowonly_leavesFalling\ppo_naturecnn_depth_obstacle_weather_snowonly_leavesFalling_positions.csv' did not travel at least 9 meters. Skipping.
2024-12-06 20:14:49,147 [INFO] Episode 36 in 'D:\Masters\Sem5\uavRL\inference_outputs\Trajectories\LeavesFalling\ppo_naturecnn_depth_obstacle_weather_snowonly_leavesFalling\ppo_naturecnn_depth_obstacle_weather_snowonly_leavesFalling_positions.csv' did not travel at least 9 meters. Skipping.
2024-12-06 20:14:49,149 [INFO] Episode 40 in 'D:\Masters\Sem5\uavRL\inference_outputs\Trajectories\LeavesFalling\ppo_naturecnn_depth_obstacle_weather_snowonly_leavesFalling\ppo_naturecnn_depth_obstacle_weather_snowonly_leavesFalling_positions.csv' did not travel at least 9 meters. Skipping.
2024-12-06 20:14:49,150 [INFO] Episode 41 in 'D:\Masters\Sem5\uavRL\inference_outputs\Trajectories\LeavesFalling\ppo_naturecnn_depth_obstacle_weather_snowonly_leavesFalling\ppo_naturecnn_depth_obstacle_weather_snowonly_leavesFalling_positions.csv' did not travel at least 9 meters. Skipping.
2024-12-06 20:14:49,151 [INFO] Episode 45 in 'D:\Masters\Sem5\uavRL\inference_outputs\Trajectories\LeavesFalling\ppo_naturecnn_depth_obstacle_weather_snowonly_leavesFalling\ppo_naturecnn_depth_obstacle_weather_snowonly_leavesFalling_positions.csv' did not travel at least 9 meters. Skipping.
2024-12-06 20:14:49,152 [INFO] Episode 46 in 'D:\Masters\Sem5\uavRL\inference_outputs\Trajectories\LeavesFalling\ppo_naturecnn_depth_obstacle_weather_snowonly_leavesFalling\ppo_naturecnn_depth_obstacle_weather_snowonly_leavesFalling_positions.csv' did not travel at least 9 meters. Skipping.
2024-12-06 20:14:49,154 [INFO] Episode 54 in 'D:\Masters\Sem5\uavRL\inference_outputs\Trajectories\LeavesFalling\ppo_naturecnn_depth_obstacle_weather_snowonly_leavesFalling\ppo_naturecnn_depth_obstacle_weather_snowonly_leavesFalling_positions.csv' did not travel at least 9 meters. Skipping.
2024-12-06 20:14:49,155 [INFO] Episode 57 in 'D:\Masters\Sem5\uavRL\inference_outputs\Trajectories\LeavesFalling\ppo_naturecnn_depth_obstacle_weather_snowonly_leavesFalling\ppo_naturecnn_depth_obstacle_weather_snowonly_leavesFalling_positions.csv' did not travel at least 9 meters. Skipping.
2024-12-06 20:14:49,156 [INFO] Episode 64 in 'D:\Masters\Sem5\uavRL\inference_outputs\Trajectories\LeavesFalling\ppo_naturecnn_depth_obstacle_weather_snowonly_leavesFalling\ppo_naturecnn_depth_obstacle_weather_snowonly_leavesFalling_positions.csv' did not travel at least 9 meters. Skipping.
2024-12-06 20:14:49,159 [INFO] Episode 69 in 'D:\Masters\Sem5\uavRL\inference_outputs\Trajectories\LeavesFalling\ppo_naturecnn_depth_obstacle_weather_snowonly_leavesFalling\ppo_naturecnn_depth_obstacle_weather_snowonly_leavesFalling_positions.csv' did not travel at least 9 meters. Skipping.
2024-12-06 20:14:49,160 [INFO] Episode 71 in 'D:\Masters\Sem5\uavRL\inference_outputs\Trajectories\LeavesFalling\ppo_naturecnn_depth_obstacle_weather_snowonly_leavesFalling\ppo_naturecnn_depth_obstacle_weather_snowonly_leavesFalling_positions.csv' did not travel at least 9 meters. Skipping.
2024-12-06 20:14:49,161 [INFO] Episode 74 in 'D:\Masters\Sem5\uavRL\inference_outputs\Trajectories\LeavesFalling\ppo_naturecnn_depth_obstacle_weather_snowonly_leavesFalling\ppo_naturecnn_depth_obstacle_weather_snowonly_leavesFalling_positions.csv' did not travel at least 9 meters. Skipping.
2024-12-06 20:14:49,164 [INFO] Episode 81 in 'D:\Masters\Sem5\uavRL\inference_outputs\Trajectories\LeavesFalling\ppo_naturecnn_depth_obstacle_weather_snowonly_leavesFalling\ppo_naturecnn_depth_obstacle_weather_snowonly_leavesFalling_positions.csv' did not travel at least 9 meters. Skipping.
2024-12-06 20:14:49,169 [INFO] Episode 94 in 'D:\Masters\Sem5\uavRL\inference_outputs\Trajectories\LeavesFalling\ppo_naturecnn_depth_obstacle_weather_snowonly_leavesFalling\ppo_naturecnn_depth_obstacle_weather_snowonly_leavesFalling_positions.csv' did not travel at least 9 meters. Skipping.
2024-12-06 20:14:49,170 [INFO] Episode 95 in 'D:\Masters\Sem5\uavRL\inference_outputs\Trajectories\LeavesFalling\ppo_naturecnn_depth_obstacle_weather_snowonly_leavesFalling\ppo_naturecnn_depth_obstacle_weather_snowonly_leavesFalling_positions.csv' did not travel at least 9 meters. Skipping.
2024-12-06 20:14:49,172 [INFO] Episode 96 in 'D:\Masters\Sem5\uavRL\inference_outputs\Trajectories\LeavesFalling\ppo_naturecnn_depth_obstacle_weather_snowonly_leavesFalling\ppo_naturecnn_depth_obstacle_weather_snowonly_leavesFalling_positions.csv' did not travel at least 9 meters. Skipping.
2024-12-06 20:14:49,173 [INFO] Episode 98 in 'D:\Masters\Sem5\uavRL\inference_outputs\Trajectories\LeavesFalling\ppo_naturecnn_depth_obstacle_weather_snowonly_leavesFalling\ppo_naturecnn_depth_obstacle_weather_snowonly_leavesFalling_positions.csv' did not travel at least 9 meters. Skipping.
2024-12-06 20:14:49,181 [INFO] Wall positions determined at: [3.7, 7.4, 11.100000000000001, 14.8, 18.5, 22.2]
2024-12-06 20:14:49,183 [INFO] Plotted mean trajectory from 'ppo_naturecnn_depth_leavesFalling_positions.csv' with color 'blue'.
2024-12-06 20:14:49,184 [INFO] Plotted mean trajectory from 'ppo_naturecnn_depth_obstacle_weather_leavesfalling_leavesFalling_positions.csv' with color 'green'.
2024-12-06 20:14:49,186 [INFO] Plotted mean trajectory from 'ppo_naturecnn_depth_obstacle_weather_rainandfog_leavesFalling_positions.csv' with color 'orange'.
2024-12-06 20:14:49,186 [INFO] Plotted mean trajectory from 'ppo_naturecnn_depth_obstacle_weather_snowonly_leavesFalling_positions.csv' with color 'purple'.
2024-12-06 20:14:49,241 [INFO] Added wall surface at X=3.7 with Trajectory Variations and Passages.
2024-12-06 20:14:49,294 [INFO] Added wall surface at X=7.4 with Trajectory Variations and Passages.
2024-12-06 20:14:49,346 [INFO] Added wall surface at X=11.100000000000001 with Trajectory Variations and Passages.
2024-12-06 20:14:49,398 [INFO] Added wall surface at X=14.8 with Trajectory Variations and Passages.
2024-12-06 20:14:49,456 [INFO] Added wall surface at X=18.5 with Trajectory Variations and Passages.
2024-12-06 20:14:49,458 [WARNING] No data near wall at X=22.2. Skipping hole creation.
2024-12-06 20:14:49,459 [INFO] Completed plotting walls and holes.
2024-12-06 20:14:49,630 [INFO] Similarity between 'ppo_naturecnn_depth_leavesFalling_positions.csv' and 'ppo_naturecnn_depth_obstacle_weather_leavesfalling_leavesFalling_positions.csv':
2024-12-06 20:14:49,630 [INFO]   - Cosine Similarity (Mean): 0.8959
2024-12-06 20:14:49,631 [INFO]   - Pearson Correlation (Mean): 0.7173
2024-12-06 20:14:49,631 [INFO]   - Normalized Cross-Correlation (Mean): 0.8354
2024-12-06 20:14:49,631 [INFO]   - Lag at Max NCC (Y): -2, (Z): -29
2024-12-06 20:14:49,640 [INFO] Similarity between 'ppo_naturecnn_depth_leavesFalling_positions.csv' and 'ppo_naturecnn_depth_obstacle_weather_rainandfog_leavesFalling_positions.csv':
2024-12-06 20:14:49,640 [INFO]   - Cosine Similarity (Mean): 0.9555
2024-12-06 20:14:49,640 [INFO]   - Pearson Correlation (Mean): 0.8574
2024-12-06 20:14:49,641 [INFO]   - Normalized Cross-Correlation (Mean): 0.8998
2024-12-06 20:14:49,641 [INFO]   - Lag at Max NCC (Y): 1, (Z): -13
2024-12-06 20:14:49,652 [INFO] Similarity between 'ppo_naturecnn_depth_leavesFalling_positions.csv' and 'ppo_naturecnn_depth_obstacle_weather_snowonly_leavesFalling_positions.csv':
2024-12-06 20:14:49,652 [INFO]   - Cosine Similarity (Mean): 0.9428
2024-12-06 20:14:49,653 [INFO]   - Pearson Correlation (Mean): 0.8090
2024-12-06 20:14:49,653 [INFO]   - Normalized Cross-Correlation (Mean): 0.8646
2024-12-06 20:14:49,653 [INFO]   - Lag at Max NCC (Y): 1, (Z): -14
2024-12-06 20:14:49,664 [INFO] Similarity between 'ppo_naturecnn_depth_obstacle_weather_leavesfalling_leavesFalling_positions.csv' and 'ppo_naturecnn_depth_obstacle_weather_rainandfog_leavesFalling_positions.csv':
2024-12-06 20:14:49,664 [INFO]   - Cosine Similarity (Mean): 0.9182
2024-12-06 20:14:49,666 [INFO]   - Pearson Correlation (Mean): 0.8333
2024-12-06 20:14:49,666 [INFO]   - Normalized Cross-Correlation (Mean): 0.8603
2024-12-06 20:14:49,666 [INFO]   - Lag at Max NCC (Y): 3, (Z): 8
2024-12-06 20:14:49,679 [INFO] Similarity between 'ppo_naturecnn_depth_obstacle_weather_leavesfalling_leavesFalling_positions.csv' and 'ppo_naturecnn_depth_obstacle_weather_snowonly_leavesFalling_positions.csv':
2024-12-06 20:14:49,679 [INFO]   - Cosine Similarity (Mean): 0.9148
2024-12-06 20:14:49,680 [INFO]   - Pearson Correlation (Mean): 0.8195
2024-12-06 20:14:49,680 [INFO]   - Normalized Cross-Correlation (Mean): 0.8685
2024-12-06 20:14:49,680 [INFO]   - Lag at Max NCC (Y): 7, (Z): 7
2024-12-06 20:14:49,691 [INFO] Similarity between 'ppo_naturecnn_depth_obstacle_weather_rainandfog_leavesFalling_positions.csv' and 'ppo_naturecnn_depth_obstacle_weather_snowonly_leavesFalling_positions.csv':
2024-12-06 20:14:49,691 [INFO]   - Cosine Similarity (Mean): 0.9887
2024-12-06 20:14:49,691 [INFO]   - Pearson Correlation (Mean): 0.9635
2024-12-06 20:14:49,691 [INFO]   - Normalized Cross-Correlation (Mean): 0.9658
2024-12-06 20:14:49,691 [INFO]   - Lag at Max NCC (Y): 0, (Z): 2
2024-12-06 20:14:50,112 [INFO] Cross-correlation plot saved as 'inference_outputs\Depth_PPO_LeavesFalling_Variants\Depth_PPO_LeavesFalling_Variants_cross_correlation_part1.png'.
2024-12-06 20:14:50,692 [INFO] Mean trajectories plotted and saved as 'inference_outputs\Depth_PPO_LeavesFalling_Variants\Depth_PPO_LeavesFalling_Variants_mean_trajectories.png'.
2024-12-06 20:14:50,701 [INFO] Similarity summary saved as 'inference_outputs\Depth_PPO_LeavesFalling_Variants\Depth_PPO_LeavesFalling_Variants_similarity_summary.csv'.
