2024-12-06 20:29:29,701 [INFO] Logging initialized for scenario: 'Depth_A2CvsPPO_RainandFog'
2024-12-06 20:29:29,701 [INFO] Received command-line arguments: Scenario='Depth_A2CvsPPO_RainandFog', Filenames=['D:\\Masters\\Sem5\\uavRL\\inference_outputs\\Trajectories\\RainandFog\\a2c_naturecnn_depth_RainandFog\\a2c_naturecnn_depth_RainandFog_positions.csv', 'D:\\Masters\\Sem5\\uavRL\\inference_outputs\\Trajectories\\RainandFog\\ppo_naturecnn_depth_RainandFog\\ppo_naturecnn_depth_RainandFog_positions.csv']
2024-12-06 20:29:29,703 [INFO] Starting to plot multiple mean trajectories.
2024-12-06 20:29:29,846 [INFO] Successfully read 'D:\Masters\Sem5\uavRL\inference_outputs\Trajectories\RainandFog\a2c_naturecnn_depth_RainandFog\a2c_naturecnn_depth_RainandFog_positions.csv'.
2024-12-06 20:29:29,848 [INFO] Episode 1 in 'D:\Masters\Sem5\uavRL\inference_outputs\Trajectories\RainandFog\a2c_naturecnn_depth_RainandFog\a2c_naturecnn_depth_RainandFog_positions.csv' did not travel at least 9 meters. Skipping.
2024-12-06 20:29:29,849 [INFO] Episode 2 in 'D:\Masters\Sem5\uavRL\inference_outputs\Trajectories\RainandFog\a2c_naturecnn_depth_RainandFog\a2c_naturecnn_depth_RainandFog_positions.csv' did not travel at least 9 meters. Skipping.
2024-12-06 20:29:29,850 [INFO] Episode 4 in 'D:\Masters\Sem5\uavRL\inference_outputs\Trajectories\RainandFog\a2c_naturecnn_depth_RainandFog\a2c_naturecnn_depth_RainandFog_positions.csv' did not travel at least 9 meters. Skipping.
2024-12-06 20:29:29,850 [INFO] Episode 6 in 'D:\Masters\Sem5\uavRL\inference_outputs\Trajectories\RainandFog\a2c_naturecnn_depth_RainandFog\a2c_naturecnn_depth_RainandFog_positions.csv' did not travel at least 9 meters. Skipping.
2024-12-06 20:29:29,851 [INFO] Episode 9 in 'D:\Masters\Sem5\uavRL\inference_outputs\Trajectories\RainandFog\a2c_naturecnn_depth_RainandFog\a2c_naturecnn_depth_RainandFog_positions.csv' did not travel at least 9 meters. Skipping.
2024-12-06 20:29:29,854 [INFO] Episode 12 in 'D:\Masters\Sem5\uavRL\inference_outputs\Trajectories\RainandFog\a2c_naturecnn_depth_RainandFog\a2c_naturecnn_depth_RainandFog_positions.csv' did not travel at least 9 meters. Skipping.
2024-12-06 20:29:29,854 [INFO] Episode 14 in 'D:\Masters\Sem5\uavRL\inference_outputs\Trajectories\RainandFog\a2c_naturecnn_depth_RainandFog\a2c_naturecnn_depth_RainandFog_positions.csv' did not travel at least 9 meters. Skipping.
2024-12-06 20:29:29,855 [INFO] Episode 15 in 'D:\Masters\Sem5\uavRL\inference_outputs\Trajectories\RainandFog\a2c_naturecnn_depth_RainandFog\a2c_naturecnn_depth_RainandFog_positions.csv' did not travel at least 9 meters. Skipping.
2024-12-06 20:29:29,855 [INFO] Episode 16 in 'D:\Masters\Sem5\uavRL\inference_outputs\Trajectories\RainandFog\a2c_naturecnn_depth_RainandFog\a2c_naturecnn_depth_RainandFog_positions.csv' did not travel at least 9 meters. Skipping.
2024-12-06 20:29:29,856 [INFO] Episode 17 in 'D:\Masters\Sem5\uavRL\inference_outputs\Trajectories\RainandFog\a2c_naturecnn_depth_RainandFog\a2c_naturecnn_depth_RainandFog_positions.csv' did not travel at least 9 meters. Skipping.
2024-12-06 20:29:29,857 [INFO] Episode 18 in 'D:\Masters\Sem5\uavRL\inference_outputs\Trajectories\RainandFog\a2c_naturecnn_depth_RainandFog\a2c_naturecnn_depth_RainandFog_positions.csv' did not travel at least 9 meters. Skipping.
2024-12-06 20:29:29,857 [INFO] Episode 19 in 'D:\Masters\Sem5\uavRL\inference_outputs\Trajectories\RainandFog\a2c_naturecnn_depth_RainandFog\a2c_naturecnn_depth_RainandFog_positions.csv' did not travel at least 9 meters. Skipping.
2024-12-06 20:29:29,860 [INFO] Episode 23 in 'D:\Masters\Sem5\uavRL\inference_outputs\Trajectories\RainandFog\a2c_naturecnn_depth_RainandFog\a2c_naturecnn_depth_RainandFog_positions.csv' did not travel at least 9 meters. Skipping.
2024-12-06 20:29:29,861 [INFO] Episode 25 in 'D:\Masters\Sem5\uavRL\inference_outputs\Trajectories\RainandFog\a2c_naturecnn_depth_RainandFog\a2c_naturecnn_depth_RainandFog_positions.csv' did not travel at least 9 meters. Skipping.
2024-12-06 20:29:29,862 [INFO] Episode 26 in 'D:\Masters\Sem5\uavRL\inference_outputs\Trajectories\RainandFog\a2c_naturecnn_depth_RainandFog\a2c_naturecnn_depth_RainandFog_positions.csv' did not travel at least 9 meters. Skipping.
2024-12-06 20:29:29,863 [INFO] Episode 27 in 'D:\Masters\Sem5\uavRL\inference_outputs\Trajectories\RainandFog\a2c_naturecnn_depth_RainandFog\a2c_naturecnn_depth_RainandFog_positions.csv' did not travel at least 9 meters. Skipping.
2024-12-06 20:29:29,864 [INFO] Episode 32 in 'D:\Masters\Sem5\uavRL\inference_outputs\Trajectories\RainandFog\a2c_naturecnn_depth_RainandFog\a2c_naturecnn_depth_RainandFog_positions.csv' did not travel at least 9 meters. Skipping.
2024-12-06 20:29:29,865 [INFO] Episode 33 in 'D:\Masters\Sem5\uavRL\inference_outputs\Trajectories\RainandFog\a2c_naturecnn_depth_RainandFog\a2c_naturecnn_depth_RainandFog_positions.csv' did not travel at least 9 meters. Skipping.
2024-12-06 20:29:29,866 [INFO] Episode 35 in 'D:\Masters\Sem5\uavRL\inference_outputs\Trajectories\RainandFog\a2c_naturecnn_depth_RainandFog\a2c_naturecnn_depth_RainandFog_positions.csv' did not travel at least 9 meters. Skipping.
2024-12-06 20:29:29,867 [INFO] Episode 37 in 'D:\Masters\Sem5\uavRL\inference_outputs\Trajectories\RainandFog\a2c_naturecnn_depth_RainandFog\a2c_naturecnn_depth_RainandFog_positions.csv' did not travel at least 9 meters. Skipping.
2024-12-06 20:29:29,868 [INFO] Episode 38 in 'D:\Masters\Sem5\uavRL\inference_outputs\Trajectories\RainandFog\a2c_naturecnn_depth_RainandFog\a2c_naturecnn_depth_RainandFog_positions.csv' did not travel at least 9 meters. Skipping.
2024-12-06 20:29:29,868 [INFO] Episode 40 in 'D:\Masters\Sem5\uavRL\inference_outputs\Trajectories\RainandFog\a2c_naturecnn_depth_RainandFog\a2c_naturecnn_depth_RainandFog_positions.csv' did not travel at least 9 meters. Skipping.
2024-12-06 20:29:29,870 [INFO] Episode 42 in 'D:\Masters\Sem5\uavRL\inference_outputs\Trajectories\RainandFog\a2c_naturecnn_depth_RainandFog\a2c_naturecnn_depth_RainandFog_positions.csv' did not travel at least 9 meters. Skipping.
2024-12-06 20:29:29,871 [INFO] Episode 43 in 'D:\Masters\Sem5\uavRL\inference_outputs\Trajectories\RainandFog\a2c_naturecnn_depth_RainandFog\a2c_naturecnn_depth_RainandFog_positions.csv' did not travel at least 9 meters. Skipping.
2024-12-06 20:29:29,872 [INFO] Episode 45 in 'D:\Masters\Sem5\uavRL\inference_outputs\Trajectories\RainandFog\a2c_naturecnn_depth_RainandFog\a2c_naturecnn_depth_RainandFog_positions.csv' did not travel at least 9 meters. Skipping.
2024-12-06 20:29:29,873 [INFO] Episode 46 in 'D:\Masters\Sem5\uavRL\inference_outputs\Trajectories\RainandFog\a2c_naturecnn_depth_RainandFog\a2c_naturecnn_depth_RainandFog_positions.csv' did not travel at least 9 meters. Skipping.
2024-12-06 20:29:29,873 [INFO] Episode 47 in 'D:\Masters\Sem5\uavRL\inference_outputs\Trajectories\RainandFog\a2c_naturecnn_depth_RainandFog\a2c_naturecnn_depth_RainandFog_positions.csv' did not travel at least 9 meters. Skipping.
2024-12-06 20:29:29,875 [INFO] Episode 48 in 'D:\Masters\Sem5\uavRL\inference_outputs\Trajectories\RainandFog\a2c_naturecnn_depth_RainandFog\a2c_naturecnn_depth_RainandFog_positions.csv' did not travel at least 9 meters. Skipping.
2024-12-06 20:29:29,875 [INFO] Episode 49 in 'D:\Masters\Sem5\uavRL\inference_outputs\Trajectories\RainandFog\a2c_naturecnn_depth_RainandFog\a2c_naturecnn_depth_RainandFog_positions.csv' did not travel at least 9 meters. Skipping.
2024-12-06 20:29:29,877 [INFO] Episode 53 in 'D:\Masters\Sem5\uavRL\inference_outputs\Trajectories\RainandFog\a2c_naturecnn_depth_RainandFog\a2c_naturecnn_depth_RainandFog_positions.csv' did not travel at least 9 meters. Skipping.
2024-12-06 20:29:29,877 [INFO] Episode 54 in 'D:\Masters\Sem5\uavRL\inference_outputs\Trajectories\RainandFog\a2c_naturecnn_depth_RainandFog\a2c_naturecnn_depth_RainandFog_positions.csv' did not travel at least 9 meters. Skipping.
2024-12-06 20:29:29,879 [INFO] Episode 55 in 'D:\Masters\Sem5\uavRL\inference_outputs\Trajectories\RainandFog\a2c_naturecnn_depth_RainandFog\a2c_naturecnn_depth_RainandFog_positions.csv' did not travel at least 9 meters. Skipping.
2024-12-06 20:29:29,879 [INFO] Episode 56 in 'D:\Masters\Sem5\uavRL\inference_outputs\Trajectories\RainandFog\a2c_naturecnn_depth_RainandFog\a2c_naturecnn_depth_RainandFog_positions.csv' did not travel at least 9 meters. Skipping.
2024-12-06 20:29:29,880 [INFO] Episode 57 in 'D:\Masters\Sem5\uavRL\inference_outputs\Trajectories\RainandFog\a2c_naturecnn_depth_RainandFog\a2c_naturecnn_depth_RainandFog_positions.csv' did not travel at least 9 meters. Skipping.
2024-12-06 20:29:29,880 [INFO] Episode 58 in 'D:\Masters\Sem5\uavRL\inference_outputs\Trajectories\RainandFog\a2c_naturecnn_depth_RainandFog\a2c_naturecnn_depth_RainandFog_positions.csv' did not travel at least 9 meters. Skipping.
2024-12-06 20:29:29,881 [INFO] Episode 63 in 'D:\Masters\Sem5\uavRL\inference_outputs\Trajectories\RainandFog\a2c_naturecnn_depth_RainandFog\a2c_naturecnn_depth_RainandFog_positions.csv' did not travel at least 9 meters. Skipping.
2024-12-06 20:29:29,881 [INFO] Episode 64 in 'D:\Masters\Sem5\uavRL\inference_outputs\Trajectories\RainandFog\a2c_naturecnn_depth_RainandFog\a2c_naturecnn_depth_RainandFog_positions.csv' did not travel at least 9 meters. Skipping.
2024-12-06 20:29:29,883 [INFO] Episode 65 in 'D:\Masters\Sem5\uavRL\inference_outputs\Trajectories\RainandFog\a2c_naturecnn_depth_RainandFog\a2c_naturecnn_depth_RainandFog_positions.csv' did not travel at least 9 meters. Skipping.
2024-12-06 20:29:29,884 [INFO] Episode 66 in 'D:\Masters\Sem5\uavRL\inference_outputs\Trajectories\RainandFog\a2c_naturecnn_depth_RainandFog\a2c_naturecnn_depth_RainandFog_positions.csv' did not travel at least 9 meters. Skipping.
2024-12-06 20:29:29,885 [INFO] Episode 70 in 'D:\Masters\Sem5\uavRL\inference_outputs\Trajectories\RainandFog\a2c_naturecnn_depth_RainandFog\a2c_naturecnn_depth_RainandFog_positions.csv' did not travel at least 9 meters. Skipping.
2024-12-06 20:29:29,885 [INFO] Episode 71 in 'D:\Masters\Sem5\uavRL\inference_outputs\Trajectories\RainandFog\a2c_naturecnn_depth_RainandFog\a2c_naturecnn_depth_RainandFog_positions.csv' did not travel at least 9 meters. Skipping.
2024-12-06 20:29:29,886 [INFO] Episode 74 in 'D:\Masters\Sem5\uavRL\inference_outputs\Trajectories\RainandFog\a2c_naturecnn_depth_RainandFog\a2c_naturecnn_depth_RainandFog_positions.csv' did not travel at least 9 meters. Skipping.
2024-12-06 20:29:29,887 [INFO] Episode 76 in 'D:\Masters\Sem5\uavRL\inference_outputs\Trajectories\RainandFog\a2c_naturecnn_depth_RainandFog\a2c_naturecnn_depth_RainandFog_positions.csv' did not travel at least 9 meters. Skipping.
2024-12-06 20:29:29,888 [INFO] Episode 78 in 'D:\Masters\Sem5\uavRL\inference_outputs\Trajectories\RainandFog\a2c_naturecnn_depth_RainandFog\a2c_naturecnn_depth_RainandFog_positions.csv' did not travel at least 9 meters. Skipping.
2024-12-06 20:29:29,890 [INFO] Episode 81 in 'D:\Masters\Sem5\uavRL\inference_outputs\Trajectories\RainandFog\a2c_naturecnn_depth_RainandFog\a2c_naturecnn_depth_RainandFog_positions.csv' did not travel at least 9 meters. Skipping.
2024-12-06 20:29:29,890 [INFO] Episode 82 in 'D:\Masters\Sem5\uavRL\inference_outputs\Trajectories\RainandFog\a2c_naturecnn_depth_RainandFog\a2c_naturecnn_depth_RainandFog_positions.csv' did not travel at least 9 meters. Skipping.
2024-12-06 20:29:29,891 [INFO] Episode 84 in 'D:\Masters\Sem5\uavRL\inference_outputs\Trajectories\RainandFog\a2c_naturecnn_depth_RainandFog\a2c_naturecnn_depth_RainandFog_positions.csv' did not travel at least 9 meters. Skipping.
2024-12-06 20:29:29,893 [INFO] Episode 87 in 'D:\Masters\Sem5\uavRL\inference_outputs\Trajectories\RainandFog\a2c_naturecnn_depth_RainandFog\a2c_naturecnn_depth_RainandFog_positions.csv' did not travel at least 9 meters. Skipping.
2024-12-06 20:29:29,893 [INFO] Episode 88 in 'D:\Masters\Sem5\uavRL\inference_outputs\Trajectories\RainandFog\a2c_naturecnn_depth_RainandFog\a2c_naturecnn_depth_RainandFog_positions.csv' did not travel at least 9 meters. Skipping.
2024-12-06 20:29:29,894 [INFO] Episode 91 in 'D:\Masters\Sem5\uavRL\inference_outputs\Trajectories\RainandFog\a2c_naturecnn_depth_RainandFog\a2c_naturecnn_depth_RainandFog_positions.csv' did not travel at least 9 meters. Skipping.
2024-12-06 20:29:29,895 [INFO] Episode 93 in 'D:\Masters\Sem5\uavRL\inference_outputs\Trajectories\RainandFog\a2c_naturecnn_depth_RainandFog\a2c_naturecnn_depth_RainandFog_positions.csv' did not travel at least 9 meters. Skipping.
2024-12-06 20:29:29,896 [INFO] Episode 94 in 'D:\Masters\Sem5\uavRL\inference_outputs\Trajectories\RainandFog\a2c_naturecnn_depth_RainandFog\a2c_naturecnn_depth_RainandFog_positions.csv' did not travel at least 9 meters. Skipping.
2024-12-06 20:29:29,896 [INFO] Episode 96 in 'D:\Masters\Sem5\uavRL\inference_outputs\Trajectories\RainandFog\a2c_naturecnn_depth_RainandFog\a2c_naturecnn_depth_RainandFog_positions.csv' did not travel at least 9 meters. Skipping.
2024-12-06 20:29:29,897 [INFO] Episode 98 in 'D:\Masters\Sem5\uavRL\inference_outputs\Trajectories\RainandFog\a2c_naturecnn_depth_RainandFog\a2c_naturecnn_depth_RainandFog_positions.csv' did not travel at least 9 meters. Skipping.
2024-12-06 20:29:29,898 [INFO] Episode 99 in 'D:\Masters\Sem5\uavRL\inference_outputs\Trajectories\RainandFog\a2c_naturecnn_depth_RainandFog\a2c_naturecnn_depth_RainandFog_positions.csv' did not travel at least 9 meters. Skipping.
2024-12-06 20:29:29,898 [INFO] Episode 100 in 'D:\Masters\Sem5\uavRL\inference_outputs\Trajectories\RainandFog\a2c_naturecnn_depth_RainandFog\a2c_naturecnn_depth_RainandFog_positions.csv' did not travel at least 9 meters. Skipping.
2024-12-06 20:29:29,910 [INFO] Successfully read 'D:\Masters\Sem5\uavRL\inference_outputs\Trajectories\RainandFog\ppo_naturecnn_depth_RainandFog\ppo_naturecnn_depth_RainandFog_positions.csv'.
2024-12-06 20:29:29,911 [INFO] Episode 1 in 'D:\Masters\Sem5\uavRL\inference_outputs\Trajectories\RainandFog\ppo_naturecnn_depth_RainandFog\ppo_naturecnn_depth_RainandFog_positions.csv' did not travel at least 9 meters. Skipping.
2024-12-06 20:29:29,912 [INFO] Episode 4 in 'D:\Masters\Sem5\uavRL\inference_outputs\Trajectories\RainandFog\ppo_naturecnn_depth_RainandFog\ppo_naturecnn_depth_RainandFog_positions.csv' did not travel at least 9 meters. Skipping.
2024-12-06 20:29:29,913 [INFO] Episode 6 in 'D:\Masters\Sem5\uavRL\inference_outputs\Trajectories\RainandFog\ppo_naturecnn_depth_RainandFog\ppo_naturecnn_depth_RainandFog_positions.csv' did not travel at least 9 meters. Skipping.
2024-12-06 20:29:29,914 [INFO] Episode 7 in 'D:\Masters\Sem5\uavRL\inference_outputs\Trajectories\RainandFog\ppo_naturecnn_depth_RainandFog\ppo_naturecnn_depth_RainandFog_positions.csv' did not travel at least 9 meters. Skipping.
2024-12-06 20:29:29,916 [INFO] Episode 9 in 'D:\Masters\Sem5\uavRL\inference_outputs\Trajectories\RainandFog\ppo_naturecnn_depth_RainandFog\ppo_naturecnn_depth_RainandFog_positions.csv' did not travel at least 9 meters. Skipping.
2024-12-06 20:29:29,916 [INFO] Episode 10 in 'D:\Masters\Sem5\uavRL\inference_outputs\Trajectories\RainandFog\ppo_naturecnn_depth_RainandFog\ppo_naturecnn_depth_RainandFog_positions.csv' did not travel at least 9 meters. Skipping.
2024-12-06 20:29:29,917 [INFO] Episode 12 in 'D:\Masters\Sem5\uavRL\inference_outputs\Trajectories\RainandFog\ppo_naturecnn_depth_RainandFog\ppo_naturecnn_depth_RainandFog_positions.csv' did not travel at least 9 meters. Skipping.
2024-12-06 20:29:29,919 [INFO] Episode 14 in 'D:\Masters\Sem5\uavRL\inference_outputs\Trajectories\RainandFog\ppo_naturecnn_depth_RainandFog\ppo_naturecnn_depth_RainandFog_positions.csv' did not travel at least 9 meters. Skipping.
2024-12-06 20:29:29,920 [INFO] Episode 16 in 'D:\Masters\Sem5\uavRL\inference_outputs\Trajectories\RainandFog\ppo_naturecnn_depth_RainandFog\ppo_naturecnn_depth_RainandFog_positions.csv' did not travel at least 9 meters. Skipping.
2024-12-06 20:29:29,921 [INFO] Episode 17 in 'D:\Masters\Sem5\uavRL\inference_outputs\Trajectories\RainandFog\ppo_naturecnn_depth_RainandFog\ppo_naturecnn_depth_RainandFog_positions.csv' did not travel at least 9 meters. Skipping.
2024-12-06 20:29:29,922 [INFO] Episode 19 in 'D:\Masters\Sem5\uavRL\inference_outputs\Trajectories\RainandFog\ppo_naturecnn_depth_RainandFog\ppo_naturecnn_depth_RainandFog_positions.csv' did not travel at least 9 meters. Skipping.
2024-12-06 20:29:29,923 [INFO] Episode 22 in 'D:\Masters\Sem5\uavRL\inference_outputs\Trajectories\RainandFog\ppo_naturecnn_depth_RainandFog\ppo_naturecnn_depth_RainandFog_positions.csv' did not travel at least 9 meters. Skipping.
2024-12-06 20:29:29,924 [INFO] Episode 24 in 'D:\Masters\Sem5\uavRL\inference_outputs\Trajectories\RainandFog\ppo_naturecnn_depth_RainandFog\ppo_naturecnn_depth_RainandFog_positions.csv' did not travel at least 9 meters. Skipping.
2024-12-06 20:29:29,925 [INFO] Episode 25 in 'D:\Masters\Sem5\uavRL\inference_outputs\Trajectories\RainandFog\ppo_naturecnn_depth_RainandFog\ppo_naturecnn_depth_RainandFog_positions.csv' did not travel at least 9 meters. Skipping.
2024-12-06 20:29:29,925 [INFO] Episode 26 in 'D:\Masters\Sem5\uavRL\inference_outputs\Trajectories\RainandFog\ppo_naturecnn_depth_RainandFog\ppo_naturecnn_depth_RainandFog_positions.csv' did not travel at least 9 meters. Skipping.
2024-12-06 20:29:29,926 [INFO] Episode 27 in 'D:\Masters\Sem5\uavRL\inference_outputs\Trajectories\RainandFog\ppo_naturecnn_depth_RainandFog\ppo_naturecnn_depth_RainandFog_positions.csv' did not travel at least 9 meters. Skipping.
2024-12-06 20:29:29,927 [INFO] Episode 31 in 'D:\Masters\Sem5\uavRL\inference_outputs\Trajectories\RainandFog\ppo_naturecnn_depth_RainandFog\ppo_naturecnn_depth_RainandFog_positions.csv' did not travel at least 9 meters. Skipping.
2024-12-06 20:29:29,927 [INFO] Episode 32 in 'D:\Masters\Sem5\uavRL\inference_outputs\Trajectories\RainandFog\ppo_naturecnn_depth_RainandFog\ppo_naturecnn_depth_RainandFog_positions.csv' did not travel at least 9 meters. Skipping.
2024-12-06 20:29:29,928 [INFO] Episode 33 in 'D:\Masters\Sem5\uavRL\inference_outputs\Trajectories\RainandFog\ppo_naturecnn_depth_RainandFog\ppo_naturecnn_depth_RainandFog_positions.csv' did not travel at least 9 meters. Skipping.
2024-12-06 20:29:29,928 [INFO] Episode 34 in 'D:\Masters\Sem5\uavRL\inference_outputs\Trajectories\RainandFog\ppo_naturecnn_depth_RainandFog\ppo_naturecnn_depth_RainandFog_positions.csv' did not travel at least 9 meters. Skipping.
2024-12-06 20:29:29,930 [INFO] Episode 37 in 'D:\Masters\Sem5\uavRL\inference_outputs\Trajectories\RainandFog\ppo_naturecnn_depth_RainandFog\ppo_naturecnn_depth_RainandFog_positions.csv' did not travel at least 9 meters. Skipping.
2024-12-06 20:29:29,931 [INFO] Episode 39 in 'D:\Masters\Sem5\uavRL\inference_outputs\Trajectories\RainandFog\ppo_naturecnn_depth_RainandFog\ppo_naturecnn_depth_RainandFog_positions.csv' did not travel at least 9 meters. Skipping.
2024-12-06 20:29:29,931 [INFO] Episode 41 in 'D:\Masters\Sem5\uavRL\inference_outputs\Trajectories\RainandFog\ppo_naturecnn_depth_RainandFog\ppo_naturecnn_depth_RainandFog_positions.csv' did not travel at least 9 meters. Skipping.
2024-12-06 20:29:29,933 [INFO] Episode 42 in 'D:\Masters\Sem5\uavRL\inference_outputs\Trajectories\RainandFog\ppo_naturecnn_depth_RainandFog\ppo_naturecnn_depth_RainandFog_positions.csv' did not travel at least 9 meters. Skipping.
2024-12-06 20:29:29,933 [INFO] Episode 43 in 'D:\Masters\Sem5\uavRL\inference_outputs\Trajectories\RainandFog\ppo_naturecnn_depth_RainandFog\ppo_naturecnn_depth_RainandFog_positions.csv' did not travel at least 9 meters. Skipping.
2024-12-06 20:29:29,934 [INFO] Episode 44 in 'D:\Masters\Sem5\uavRL\inference_outputs\Trajectories\RainandFog\ppo_naturecnn_depth_RainandFog\ppo_naturecnn_depth_RainandFog_positions.csv' did not travel at least 9 meters. Skipping.
2024-12-06 20:29:29,936 [INFO] Episode 50 in 'D:\Masters\Sem5\uavRL\inference_outputs\Trajectories\RainandFog\ppo_naturecnn_depth_RainandFog\ppo_naturecnn_depth_RainandFog_positions.csv' did not travel at least 9 meters. Skipping.
2024-12-06 20:29:29,937 [INFO] Episode 51 in 'D:\Masters\Sem5\uavRL\inference_outputs\Trajectories\RainandFog\ppo_naturecnn_depth_RainandFog\ppo_naturecnn_depth_RainandFog_positions.csv' did not travel at least 9 meters. Skipping.
2024-12-06 20:29:29,937 [INFO] Episode 52 in 'D:\Masters\Sem5\uavRL\inference_outputs\Trajectories\RainandFog\ppo_naturecnn_depth_RainandFog\ppo_naturecnn_depth_RainandFog_positions.csv' did not travel at least 9 meters. Skipping.
2024-12-06 20:29:29,938 [INFO] Episode 54 in 'D:\Masters\Sem5\uavRL\inference_outputs\Trajectories\RainandFog\ppo_naturecnn_depth_RainandFog\ppo_naturecnn_depth_RainandFog_positions.csv' did not travel at least 9 meters. Skipping.
2024-12-06 20:29:29,940 [INFO] Episode 59 in 'D:\Masters\Sem5\uavRL\inference_outputs\Trajectories\RainandFog\ppo_naturecnn_depth_RainandFog\ppo_naturecnn_depth_RainandFog_positions.csv' did not travel at least 9 meters. Skipping.
2024-12-06 20:29:29,941 [INFO] Episode 61 in 'D:\Masters\Sem5\uavRL\inference_outputs\Trajectories\RainandFog\ppo_naturecnn_depth_RainandFog\ppo_naturecnn_depth_RainandFog_positions.csv' did not travel at least 9 meters. Skipping.
2024-12-06 20:29:29,944 [INFO] Episode 69 in 'D:\Masters\Sem5\uavRL\inference_outputs\Trajectories\RainandFog\ppo_naturecnn_depth_RainandFog\ppo_naturecnn_depth_RainandFog_positions.csv' did not travel at least 9 meters. Skipping.
2024-12-06 20:29:29,945 [INFO] Episode 70 in 'D:\Masters\Sem5\uavRL\inference_outputs\Trajectories\RainandFog\ppo_naturecnn_depth_RainandFog\ppo_naturecnn_depth_RainandFog_positions.csv' did not travel at least 9 meters. Skipping.
2024-12-06 20:29:29,946 [INFO] Episode 73 in 'D:\Masters\Sem5\uavRL\inference_outputs\Trajectories\RainandFog\ppo_naturecnn_depth_RainandFog\ppo_naturecnn_depth_RainandFog_positions.csv' did not travel at least 9 meters. Skipping.
2024-12-06 20:29:29,947 [INFO] Episode 75 in 'D:\Masters\Sem5\uavRL\inference_outputs\Trajectories\RainandFog\ppo_naturecnn_depth_RainandFog\ppo_naturecnn_depth_RainandFog_positions.csv' did not travel at least 9 meters. Skipping.
2024-12-06 20:29:29,948 [INFO] Episode 76 in 'D:\Masters\Sem5\uavRL\inference_outputs\Trajectories\RainandFog\ppo_naturecnn_depth_RainandFog\ppo_naturecnn_depth_RainandFog_positions.csv' did not travel at least 9 meters. Skipping.
2024-12-06 20:29:29,949 [INFO] Episode 79 in 'D:\Masters\Sem5\uavRL\inference_outputs\Trajectories\RainandFog\ppo_naturecnn_depth_RainandFog\ppo_naturecnn_depth_RainandFog_positions.csv' did not travel at least 9 meters. Skipping.
2024-12-06 20:29:29,950 [INFO] Episode 80 in 'D:\Masters\Sem5\uavRL\inference_outputs\Trajectories\RainandFog\ppo_naturecnn_depth_RainandFog\ppo_naturecnn_depth_RainandFog_positions.csv' did not travel at least 9 meters. Skipping.
2024-12-06 20:29:29,951 [INFO] Episode 82 in 'D:\Masters\Sem5\uavRL\inference_outputs\Trajectories\RainandFog\ppo_naturecnn_depth_RainandFog\ppo_naturecnn_depth_RainandFog_positions.csv' did not travel at least 9 meters. Skipping.
2024-12-06 20:29:29,952 [INFO] Episode 84 in 'D:\Masters\Sem5\uavRL\inference_outputs\Trajectories\RainandFog\ppo_naturecnn_depth_RainandFog\ppo_naturecnn_depth_RainandFog_positions.csv' did not travel at least 9 meters. Skipping.
2024-12-06 20:29:29,954 [INFO] Episode 90 in 'D:\Masters\Sem5\uavRL\inference_outputs\Trajectories\RainandFog\ppo_naturecnn_depth_RainandFog\ppo_naturecnn_depth_RainandFog_positions.csv' did not travel at least 9 meters. Skipping.
2024-12-06 20:29:29,957 [INFO] Episode 98 in 'D:\Masters\Sem5\uavRL\inference_outputs\Trajectories\RainandFog\ppo_naturecnn_depth_RainandFog\ppo_naturecnn_depth_RainandFog_positions.csv' did not travel at least 9 meters. Skipping.
2024-12-06 20:29:29,957 [INFO] Episode 99 in 'D:\Masters\Sem5\uavRL\inference_outputs\Trajectories\RainandFog\ppo_naturecnn_depth_RainandFog\ppo_naturecnn_depth_RainandFog_positions.csv' did not travel at least 9 meters. Skipping.
2024-12-06 20:29:29,964 [INFO] Wall positions determined at: [3.7, 7.4, 11.100000000000001, 14.8, 18.5, 22.2]
2024-12-06 20:29:29,966 [INFO] Plotted mean trajectory from 'a2c_naturecnn_depth_RainandFog_positions.csv' with color 'blue'.
2024-12-06 20:29:29,967 [INFO] Plotted mean trajectory from 'ppo_naturecnn_depth_RainandFog_positions.csv' with color 'green'.
2024-12-06 20:29:30,082 [INFO] Added wall surface at X=3.7 with Trajectory Variations and Passages.
2024-12-06 20:29:30,135 [INFO] Added wall surface at X=7.4 with Trajectory Variations and Passages.
2024-12-06 20:29:30,189 [INFO] Added wall surface at X=11.100000000000001 with Trajectory Variations and Passages.
2024-12-06 20:29:30,248 [INFO] Added wall surface at X=14.8 with Trajectory Variations and Passages.
2024-12-06 20:29:30,310 [INFO] Added wall surface at X=18.5 with Trajectory Variations and Passages.
2024-12-06 20:29:30,313 [WARNING] No data near wall at X=22.2. Skipping hole creation.
2024-12-06 20:29:30,314 [INFO] Completed plotting walls and holes.
2024-12-06 20:29:30,481 [INFO] Similarity between 'a2c_naturecnn_depth_RainandFog_positions.csv' and 'ppo_naturecnn_depth_RainandFog_positions.csv':
2024-12-06 20:29:30,481 [INFO]   - Cosine Similarity (Mean): 0.9934
2024-12-06 20:29:30,482 [INFO]   - Pearson Correlation (Mean): 0.9784
2024-12-06 20:29:30,482 [INFO]   - Normalized Cross-Correlation (Mean): 0.9784
2024-12-06 20:29:30,482 [INFO]   - Lag at Max NCC (Y): 0, (Z): 0
2024-12-06 20:29:30,671 [INFO] Cross-correlation plot saved as 'inference_outputs\Depth_A2CvsPPO_RainandFog\Depth_A2CvsPPO_RainandFog_cross_correlation_part1.png'.
2024-12-06 20:29:31,175 [INFO] Mean trajectories plotted and saved as 'inference_outputs\Depth_A2CvsPPO_RainandFog\Depth_A2CvsPPO_RainandFog_mean_trajectories.png'.
2024-12-06 20:29:31,182 [INFO] Similarity summary saved as 'inference_outputs\Depth_A2CvsPPO_RainandFog\Depth_A2CvsPPO_RainandFog_similarity_summary.csv'.
