2025-02-07 18:04:38,811 - INFO - Episode 1 completed.
2025-02-07 18:04:40,395 - INFO - Episode 2 completed.
2025-02-07 18:04:41,189 - INFO - Episode 3 completed.
2025-02-07 18:04:42,377 - INFO - Episode 4 completed.
2025-02-07 18:04:43,574 - INFO - Episode 5 completed.
2025-02-07 18:04:43,936 - INFO - Episode 6 completed.
2025-02-07 18:04:45,128 - INFO - Episode 7 completed.
2025-02-07 18:04:45,498 - INFO - Episode 8 completed.
2025-02-07 18:04:47,069 - INFO - Episode 9 completed.
2025-02-07 18:04:48,263 - INFO - Episode 10 completed.
2025-02-07 18:04:49,462 - INFO - Episode 11 completed.
2025-02-07 18:04:51,040 - INFO - Episode 12 completed.
2025-02-07 18:04:52,629 - INFO - Episode 13 completed.
2025-02-07 18:04:53,826 - INFO - Episode 14 completed.
2025-02-07 18:04:55,474 - INFO - Episode 15 completed.
2025-02-07 18:04:57,077 - INFO - Episode 16 completed.
2025-02-07 18:04:58,277 - INFO - Episode 17 completed.
2025-02-07 18:04:59,511 - INFO - Episode 18 completed.
2025-02-07 18:05:01,098 - INFO - Episode 19 completed.
2025-02-07 18:05:02,730 - INFO - Episode 20 completed.
2025-02-07 18:05:04,315 - INFO - Episode 21 completed.
2025-02-07 18:05:06,418 - INFO - Episode 22 completed.
2025-02-07 18:05:06,782 - INFO - Episode 23 completed.
2025-02-07 18:05:08,374 - INFO - Episode 24 completed.
2025-02-07 18:05:08,778 - INFO - Episode 25 completed.
2025-02-07 18:05:10,406 - INFO - Episode 26 completed.
2025-02-07 18:05:10,759 - INFO - Episode 27 completed.
2025-02-07 18:05:11,160 - INFO - Episode 28 completed.
2025-02-07 18:05:12,744 - INFO - Episode 29 completed.
2025-02-07 18:05:14,343 - INFO - Episode 30 completed.
2025-02-07 18:05:14,699 - INFO - Episode 31 completed.
2025-02-07 18:05:16,287 - INFO - Episode 32 completed.
2025-02-07 18:05:17,493 - INFO - Episode 33 completed.
2025-02-07 18:05:19,095 - INFO - Episode 34 completed.
2025-02-07 18:05:20,272 - INFO - Episode 35 completed.
2025-02-07 18:05:21,479 - INFO - Episode 36 completed.
2025-02-07 18:05:23,059 - INFO - Episode 37 completed.
2025-02-07 18:05:23,429 - INFO - Episode 38 completed.
2025-02-07 18:05:25,017 - INFO - Episode 39 completed.
2025-02-07 18:05:26,621 - INFO - Episode 40 completed.
2025-02-07 18:05:27,368 - INFO - Episode 41 completed.
2025-02-07 18:05:28,948 - INFO - Episode 42 completed.
2025-02-07 18:05:31,060 - INFO - Episode 43 completed.
2025-02-07 18:05:32,656 - INFO - Episode 44 completed.
2025-02-07 18:05:33,497 - INFO - Episode 45 completed.
2025-02-07 18:05:34,312 - INFO - Episode 46 completed.
2025-02-07 18:05:35,908 - INFO - Episode 47 completed.
2025-02-07 18:05:36,276 - INFO - Episode 48 completed.
2025-02-07 18:05:37,854 - INFO - Episode 49 completed.
2025-02-07 18:05:39,061 - INFO - Episode 50 completed.
2025-02-07 18:05:41,163 - INFO - Episode 51 completed.
2025-02-07 18:05:41,533 - INFO - Episode 52 completed.
2025-02-07 18:05:43,655 - INFO - Episode 53 completed.
2025-02-07 18:05:44,024 - INFO - Episode 54 completed.
2025-02-07 18:05:45,660 - INFO - Episode 55 completed.
2025-02-07 18:05:46,268 - INFO - Episode 56 completed.
2025-02-07 18:05:47,470 - INFO - Episode 57 completed.
2025-02-07 18:05:49,046 - INFO - Episode 58 completed.
2025-02-07 18:05:50,633 - INFO - Episode 59 completed.
2025-02-07 18:05:52,230 - INFO - Episode 60 completed.
2025-02-07 18:05:53,433 - INFO - Episode 61 completed.
2025-02-07 18:05:54,625 - INFO - Episode 62 completed.
2025-02-07 18:05:55,808 - INFO - Episode 63 completed.
2025-02-07 18:05:57,400 - INFO - Episode 64 completed.
2025-02-07 18:05:59,008 - INFO - Episode 65 completed.
2025-02-07 18:05:59,366 - INFO - Episode 66 completed.
2025-02-07 18:06:00,974 - INFO - Episode 67 completed.
2025-02-07 18:06:03,088 - INFO - Episode 68 completed.
2025-02-07 18:06:05,192 - INFO - Episode 69 completed.
2025-02-07 18:06:06,797 - INFO - Episode 70 completed.
2025-02-07 18:06:07,999 - INFO - Episode 71 completed.
2025-02-07 18:06:09,608 - INFO - Episode 72 completed.
2025-02-07 18:06:11,221 - INFO - Episode 73 completed.
2025-02-07 18:06:12,817 - INFO - Episode 74 completed.
2025-02-07 18:06:13,184 - INFO - Episode 75 completed.
2025-02-07 18:06:14,767 - INFO - Episode 76 completed.
2025-02-07 18:06:15,567 - INFO - Episode 77 completed.
2025-02-07 18:06:17,671 - INFO - Episode 78 completed.
2025-02-07 18:06:19,259 - INFO - Episode 79 completed.
2025-02-07 18:06:21,349 - INFO - Episode 80 completed.
2025-02-07 18:06:22,538 - INFO - Episode 81 completed.
2025-02-07 18:06:23,347 - INFO - Episode 82 completed.
2025-02-07 18:06:24,545 - INFO - Episode 83 completed.
2025-02-07 18:06:25,897 - INFO - Episode 84 completed.
2025-02-07 18:06:27,064 - INFO - Episode 85 completed.
2025-02-07 18:06:29,177 - INFO - Episode 86 completed.
2025-02-07 18:06:30,371 - INFO - Episode 87 completed.
2025-02-07 18:06:31,965 - INFO - Episode 88 completed.
2025-02-07 18:06:33,166 - INFO - Episode 89 completed.
2025-02-07 18:06:34,360 - INFO - Episode 90 completed.
2025-02-07 18:06:35,945 - INFO - Episode 91 completed.
2025-02-07 18:06:37,541 - INFO - Episode 92 completed.
2025-02-07 18:06:39,177 - INFO - Episode 93 completed.
2025-02-07 18:06:39,954 - INFO - Episode 94 completed.
2025-02-07 18:06:41,964 - INFO - Episode 95 completed.
2025-02-07 18:06:43,164 - INFO - Episode 96 completed.
2025-02-07 18:06:43,530 - INFO - Episode 97 completed.
2025-02-07 18:06:43,899 - INFO - Episode 98 completed.
2025-02-07 18:06:45,992 - INFO - Episode 99 completed.
2025-02-07 18:06:47,640 - INFO - Episode 100 completed.
2025-02-07 18:06:47,667 - INFO - Positions saved to ./inference_outputs/PPO_All_FM_SRGB_SO\PPO_All_FM_SRGB_SO_positions.csv
2025-02-07 18:06:47,840 - INFO - Episode 1 did not travel at least 18 meters, skipping.
2025-02-07 18:06:47,842 - INFO - Episode 2 did not travel at least 18 meters, skipping.
2025-02-07 18:06:47,843 - INFO - Episode 3 did not travel at least 18 meters, skipping.
2025-02-07 18:06:47,843 - INFO - Episode 4 did not travel at least 18 meters, skipping.
2025-02-07 18:06:47,844 - INFO - Episode 5 did not travel at least 18 meters, skipping.
2025-02-07 18:06:47,845 - INFO - Episode 6 did not travel at least 18 meters, skipping.
2025-02-07 18:06:47,845 - INFO - Episode 7 did not travel at least 18 meters, skipping.
2025-02-07 18:06:47,846 - INFO - Episode 8 did not travel at least 18 meters, skipping.
2025-02-07 18:06:47,847 - INFO - Episode 9 did not travel at least 18 meters, skipping.
2025-02-07 18:06:47,847 - INFO - Episode 10 did not travel at least 18 meters, skipping.
2025-02-07 18:06:47,849 - INFO - Episode 11 did not travel at least 18 meters, skipping.
2025-02-07 18:06:47,849 - INFO - Episode 12 did not travel at least 18 meters, skipping.
2025-02-07 18:06:47,850 - INFO - Episode 13 did not travel at least 18 meters, skipping.
2025-02-07 18:06:47,851 - INFO - Episode 14 did not travel at least 18 meters, skipping.
2025-02-07 18:06:47,852 - INFO - Episode 15 did not travel at least 18 meters, skipping.
2025-02-07 18:06:47,853 - INFO - Episode 16 did not travel at least 18 meters, skipping.
2025-02-07 18:06:47,854 - INFO - Episode 17 did not travel at least 18 meters, skipping.
2025-02-07 18:06:47,854 - INFO - Episode 18 did not travel at least 18 meters, skipping.
2025-02-07 18:06:47,855 - INFO - Episode 19 did not travel at least 18 meters, skipping.
2025-02-07 18:06:47,856 - INFO - Episode 20 did not travel at least 18 meters, skipping.
2025-02-07 18:06:47,857 - INFO - Episode 21 did not travel at least 18 meters, skipping.
2025-02-07 18:06:47,879 - INFO - Episode 23 did not travel at least 18 meters, skipping.
2025-02-07 18:06:47,880 - INFO - Episode 24 did not travel at least 18 meters, skipping.
2025-02-07 18:06:47,881 - INFO - Episode 25 did not travel at least 18 meters, skipping.
2025-02-07 18:06:47,882 - INFO - Episode 26 did not travel at least 18 meters, skipping.
2025-02-07 18:06:47,882 - INFO - Episode 27 did not travel at least 18 meters, skipping.
2025-02-07 18:06:47,884 - INFO - Episode 28 did not travel at least 18 meters, skipping.
2025-02-07 18:06:47,884 - INFO - Episode 29 did not travel at least 18 meters, skipping.
2025-02-07 18:06:47,885 - INFO - Episode 30 did not travel at least 18 meters, skipping.
2025-02-07 18:06:47,886 - INFO - Episode 31 did not travel at least 18 meters, skipping.
2025-02-07 18:06:47,886 - INFO - Episode 32 did not travel at least 18 meters, skipping.
2025-02-07 18:06:47,888 - INFO - Episode 33 did not travel at least 18 meters, skipping.
2025-02-07 18:06:47,888 - INFO - Episode 34 did not travel at least 18 meters, skipping.
2025-02-07 18:06:47,889 - INFO - Episode 35 did not travel at least 18 meters, skipping.
2025-02-07 18:06:47,890 - INFO - Episode 36 did not travel at least 18 meters, skipping.
2025-02-07 18:06:47,890 - INFO - Episode 37 did not travel at least 18 meters, skipping.
2025-02-07 18:06:47,892 - INFO - Episode 38 did not travel at least 18 meters, skipping.
2025-02-07 18:06:47,893 - INFO - Episode 39 did not travel at least 18 meters, skipping.
2025-02-07 18:06:47,894 - INFO - Episode 40 did not travel at least 18 meters, skipping.
2025-02-07 18:06:47,894 - INFO - Episode 41 did not travel at least 18 meters, skipping.
2025-02-07 18:06:47,895 - INFO - Episode 42 did not travel at least 18 meters, skipping.
2025-02-07 18:06:47,897 - INFO - Episode 44 did not travel at least 18 meters, skipping.
2025-02-07 18:06:47,899 - INFO - Episode 45 did not travel at least 18 meters, skipping.
2025-02-07 18:06:47,900 - INFO - Episode 46 did not travel at least 18 meters, skipping.
2025-02-07 18:06:47,900 - INFO - Episode 47 did not travel at least 18 meters, skipping.
2025-02-07 18:06:47,901 - INFO - Episode 48 did not travel at least 18 meters, skipping.
2025-02-07 18:06:47,902 - INFO - Episode 49 did not travel at least 18 meters, skipping.
2025-02-07 18:06:47,903 - INFO - Episode 50 did not travel at least 18 meters, skipping.
2025-02-07 18:06:47,905 - INFO - Episode 52 did not travel at least 18 meters, skipping.
2025-02-07 18:06:47,908 - INFO - Episode 54 did not travel at least 18 meters, skipping.
2025-02-07 18:06:47,908 - INFO - Episode 55 did not travel at least 18 meters, skipping.
2025-02-07 18:06:47,909 - INFO - Episode 56 did not travel at least 18 meters, skipping.
2025-02-07 18:06:47,910 - INFO - Episode 57 did not travel at least 18 meters, skipping.
2025-02-07 18:06:47,910 - INFO - Episode 58 did not travel at least 18 meters, skipping.
2025-02-07 18:06:47,911 - INFO - Episode 59 did not travel at least 18 meters, skipping.
2025-02-07 18:06:47,912 - INFO - Episode 60 did not travel at least 18 meters, skipping.
2025-02-07 18:06:47,912 - INFO - Episode 61 did not travel at least 18 meters, skipping.
2025-02-07 18:06:47,914 - INFO - Episode 62 did not travel at least 18 meters, skipping.
2025-02-07 18:06:47,914 - INFO - Episode 63 did not travel at least 18 meters, skipping.
2025-02-07 18:06:47,915 - INFO - Episode 64 did not travel at least 18 meters, skipping.
2025-02-07 18:06:47,916 - INFO - Episode 65 did not travel at least 18 meters, skipping.
2025-02-07 18:06:47,916 - INFO - Episode 66 did not travel at least 18 meters, skipping.
2025-02-07 18:06:47,917 - INFO - Episode 67 did not travel at least 18 meters, skipping.
2025-02-07 18:06:47,922 - INFO - Episode 70 did not travel at least 18 meters, skipping.
2025-02-07 18:06:47,923 - INFO - Episode 71 did not travel at least 18 meters, skipping.
2025-02-07 18:06:47,924 - INFO - Episode 72 did not travel at least 18 meters, skipping.
2025-02-07 18:06:47,925 - INFO - Episode 73 did not travel at least 18 meters, skipping.
2025-02-07 18:06:47,926 - INFO - Episode 74 did not travel at least 18 meters, skipping.
2025-02-07 18:06:47,926 - INFO - Episode 75 did not travel at least 18 meters, skipping.
2025-02-07 18:06:47,927 - INFO - Episode 76 did not travel at least 18 meters, skipping.
2025-02-07 18:06:47,927 - INFO - Episode 77 did not travel at least 18 meters, skipping.
2025-02-07 18:06:47,930 - INFO - Episode 79 did not travel at least 18 meters, skipping.
2025-02-07 18:06:47,933 - INFO - Episode 81 did not travel at least 18 meters, skipping.
2025-02-07 18:06:47,934 - INFO - Episode 82 did not travel at least 18 meters, skipping.
2025-02-07 18:06:47,935 - INFO - Episode 83 did not travel at least 18 meters, skipping.
2025-02-07 18:06:47,936 - INFO - Episode 84 did not travel at least 18 meters, skipping.
2025-02-07 18:06:47,938 - INFO - Episode 85 did not travel at least 18 meters, skipping.
2025-02-07 18:06:47,940 - INFO - Episode 87 did not travel at least 18 meters, skipping.
2025-02-07 18:06:47,940 - INFO - Episode 88 did not travel at least 18 meters, skipping.
2025-02-07 18:06:47,942 - INFO - Episode 89 did not travel at least 18 meters, skipping.
2025-02-07 18:06:47,943 - INFO - Episode 90 did not travel at least 18 meters, skipping.
2025-02-07 18:06:47,943 - INFO - Episode 91 did not travel at least 18 meters, skipping.
2025-02-07 18:06:47,943 - INFO - Episode 92 did not travel at least 18 meters, skipping.
2025-02-07 18:06:47,945 - INFO - Episode 93 did not travel at least 18 meters, skipping.
2025-02-07 18:06:47,945 - INFO - Episode 94 did not travel at least 18 meters, skipping.
2025-02-07 18:06:47,945 - INFO - Episode 95 did not travel at least 18 meters, skipping.
2025-02-07 18:06:47,946 - INFO - Episode 96 did not travel at least 18 meters, skipping.
2025-02-07 18:06:47,947 - INFO - Episode 97 did not travel at least 18 meters, skipping.
2025-02-07 18:06:47,947 - INFO - Episode 98 did not travel at least 18 meters, skipping.
2025-02-07 18:06:47,950 - INFO - Episode 100 did not travel at least 18 meters, skipping.
2025-02-07 18:06:48,078 - INFO - Trajectories plotted and saved as './inference_outputs/PPO_All_FM_SRGB_SO\PPO_All_FM_SRGB_SO_trajectories.png'.
2025-02-07 18:06:48,078 - INFO - -----------------------------------
2025-02-07 18:06:48,080 - INFO - > Total episodes: 100
2025-02-07 18:06:48,080 - INFO - > Flight distance (mean): 11.76
2025-02-07 18:06:48,080 - INFO - > Holes reached (mean): 2.37 out of 5
2025-02-07 18:06:48,080 - INFO - -----------------------------------
