2024-12-06 20:33:41,634 [INFO] Logging initialized for scenario: 'RGB_PPO_RainandFog_Variants'
2024-12-06 20:33:41,635 [INFO] Received command-line arguments: Scenario='RGB_PPO_RainandFog_Variants', Filenames=['D:\\Masters\\Sem5\\uavRL\\inference_outputs\\Trajectories\\RainandFog\\ppo_naturecnn_single_rgb_RainandFog\\ppo_naturecnn_single_rgb_RainandFog_positions.csv', 'D:\\Masters\\Sem5\\uavRL\\inference_outputs\\Trajectories\\RainandFog\\ppo_naturecnn_single_rgb_obstacle_weather_leavesfalling_RainandFog\\ppo_naturecnn_single_rgb_obstacle_weather_leavesfalling_RainandFog_positions.csv', 'D:\\Masters\\Sem5\\uavRL\\inference_outputs\\Trajectories\\RainandFog\\ppo_naturecnn_single_rgb_obstacle_weather_rainandfog_RainandFog\\ppo_naturecnn_single_rgb_obstacle_weather_rainandfog_RainandFog_positions.csv', 'D:\\Masters\\Sem5\\uavRL\\inference_outputs\\Trajectories\\RainandFog\\ppo_naturecnn_single_rgb_obstacle_weather_snowonly_RainandFog\\ppo_naturecnn_single_rgb_obstacle_weather_snowonly_RainandFog_positions.csv']
2024-12-06 20:33:41,635 [INFO] Starting to plot multiple mean trajectories.
2024-12-06 20:33:41,781 [INFO] Successfully read 'D:\Masters\Sem5\uavRL\inference_outputs\Trajectories\RainandFog\ppo_naturecnn_single_rgb_RainandFog\ppo_naturecnn_single_rgb_RainandFog_positions.csv'.
2024-12-06 20:33:41,782 [INFO] Episode 1 in 'D:\Masters\Sem5\uavRL\inference_outputs\Trajectories\RainandFog\ppo_naturecnn_single_rgb_RainandFog\ppo_naturecnn_single_rgb_RainandFog_positions.csv' did not travel at least 9 meters. Skipping.
2024-12-06 20:33:41,783 [INFO] Episode 2 in 'D:\Masters\Sem5\uavRL\inference_outputs\Trajectories\RainandFog\ppo_naturecnn_single_rgb_RainandFog\ppo_naturecnn_single_rgb_RainandFog_positions.csv' did not travel at least 9 meters. Skipping.
2024-12-06 20:33:41,783 [INFO] Episode 3 in 'D:\Masters\Sem5\uavRL\inference_outputs\Trajectories\RainandFog\ppo_naturecnn_single_rgb_RainandFog\ppo_naturecnn_single_rgb_RainandFog_positions.csv' did not travel at least 9 meters. Skipping.
2024-12-06 20:33:41,784 [INFO] Episode 4 in 'D:\Masters\Sem5\uavRL\inference_outputs\Trajectories\RainandFog\ppo_naturecnn_single_rgb_RainandFog\ppo_naturecnn_single_rgb_RainandFog_positions.csv' did not travel at least 9 meters. Skipping.
2024-12-06 20:33:41,785 [INFO] Episode 5 in 'D:\Masters\Sem5\uavRL\inference_outputs\Trajectories\RainandFog\ppo_naturecnn_single_rgb_RainandFog\ppo_naturecnn_single_rgb_RainandFog_positions.csv' did not travel at least 9 meters. Skipping.
2024-12-06 20:33:41,785 [INFO] Episode 6 in 'D:\Masters\Sem5\uavRL\inference_outputs\Trajectories\RainandFog\ppo_naturecnn_single_rgb_RainandFog\ppo_naturecnn_single_rgb_RainandFog_positions.csv' did not travel at least 9 meters. Skipping.
2024-12-06 20:33:41,785 [INFO] Episode 7 in 'D:\Masters\Sem5\uavRL\inference_outputs\Trajectories\RainandFog\ppo_naturecnn_single_rgb_RainandFog\ppo_naturecnn_single_rgb_RainandFog_positions.csv' did not travel at least 9 meters. Skipping.
2024-12-06 20:33:41,787 [INFO] Episode 8 in 'D:\Masters\Sem5\uavRL\inference_outputs\Trajectories\RainandFog\ppo_naturecnn_single_rgb_RainandFog\ppo_naturecnn_single_rgb_RainandFog_positions.csv' did not travel at least 9 meters. Skipping.
2024-12-06 20:33:41,787 [INFO] Episode 9 in 'D:\Masters\Sem5\uavRL\inference_outputs\Trajectories\RainandFog\ppo_naturecnn_single_rgb_RainandFog\ppo_naturecnn_single_rgb_RainandFog_positions.csv' did not travel at least 9 meters. Skipping.
2024-12-06 20:33:41,788 [INFO] Episode 10 in 'D:\Masters\Sem5\uavRL\inference_outputs\Trajectories\RainandFog\ppo_naturecnn_single_rgb_RainandFog\ppo_naturecnn_single_rgb_RainandFog_positions.csv' did not travel at least 9 meters. Skipping.
2024-12-06 20:33:41,789 [INFO] Episode 11 in 'D:\Masters\Sem5\uavRL\inference_outputs\Trajectories\RainandFog\ppo_naturecnn_single_rgb_RainandFog\ppo_naturecnn_single_rgb_RainandFog_positions.csv' did not travel at least 9 meters. Skipping.
2024-12-06 20:33:41,789 [INFO] Episode 12 in 'D:\Masters\Sem5\uavRL\inference_outputs\Trajectories\RainandFog\ppo_naturecnn_single_rgb_RainandFog\ppo_naturecnn_single_rgb_RainandFog_positions.csv' did not travel at least 9 meters. Skipping.
2024-12-06 20:33:41,790 [INFO] Episode 13 in 'D:\Masters\Sem5\uavRL\inference_outputs\Trajectories\RainandFog\ppo_naturecnn_single_rgb_RainandFog\ppo_naturecnn_single_rgb_RainandFog_positions.csv' did not travel at least 9 meters. Skipping.
2024-12-06 20:33:41,790 [INFO] Episode 14 in 'D:\Masters\Sem5\uavRL\inference_outputs\Trajectories\RainandFog\ppo_naturecnn_single_rgb_RainandFog\ppo_naturecnn_single_rgb_RainandFog_positions.csv' did not travel at least 9 meters. Skipping.
2024-12-06 20:33:41,791 [INFO] Episode 15 in 'D:\Masters\Sem5\uavRL\inference_outputs\Trajectories\RainandFog\ppo_naturecnn_single_rgb_RainandFog\ppo_naturecnn_single_rgb_RainandFog_positions.csv' did not travel at least 9 meters. Skipping.
2024-12-06 20:33:41,791 [INFO] Episode 16 in 'D:\Masters\Sem5\uavRL\inference_outputs\Trajectories\RainandFog\ppo_naturecnn_single_rgb_RainandFog\ppo_naturecnn_single_rgb_RainandFog_positions.csv' did not travel at least 9 meters. Skipping.
2024-12-06 20:33:41,792 [INFO] Episode 17 in 'D:\Masters\Sem5\uavRL\inference_outputs\Trajectories\RainandFog\ppo_naturecnn_single_rgb_RainandFog\ppo_naturecnn_single_rgb_RainandFog_positions.csv' did not travel at least 9 meters. Skipping.
2024-12-06 20:33:41,793 [INFO] Episode 18 in 'D:\Masters\Sem5\uavRL\inference_outputs\Trajectories\RainandFog\ppo_naturecnn_single_rgb_RainandFog\ppo_naturecnn_single_rgb_RainandFog_positions.csv' did not travel at least 9 meters. Skipping.
2024-12-06 20:33:41,793 [INFO] Episode 19 in 'D:\Masters\Sem5\uavRL\inference_outputs\Trajectories\RainandFog\ppo_naturecnn_single_rgb_RainandFog\ppo_naturecnn_single_rgb_RainandFog_positions.csv' did not travel at least 9 meters. Skipping.
2024-12-06 20:33:41,795 [INFO] Episode 20 in 'D:\Masters\Sem5\uavRL\inference_outputs\Trajectories\RainandFog\ppo_naturecnn_single_rgb_RainandFog\ppo_naturecnn_single_rgb_RainandFog_positions.csv' did not travel at least 9 meters. Skipping.
2024-12-06 20:33:41,796 [INFO] Episode 21 in 'D:\Masters\Sem5\uavRL\inference_outputs\Trajectories\RainandFog\ppo_naturecnn_single_rgb_RainandFog\ppo_naturecnn_single_rgb_RainandFog_positions.csv' did not travel at least 9 meters. Skipping.
2024-12-06 20:33:41,797 [INFO] Episode 22 in 'D:\Masters\Sem5\uavRL\inference_outputs\Trajectories\RainandFog\ppo_naturecnn_single_rgb_RainandFog\ppo_naturecnn_single_rgb_RainandFog_positions.csv' did not travel at least 9 meters. Skipping.
2024-12-06 20:33:41,797 [INFO] Episode 23 in 'D:\Masters\Sem5\uavRL\inference_outputs\Trajectories\RainandFog\ppo_naturecnn_single_rgb_RainandFog\ppo_naturecnn_single_rgb_RainandFog_positions.csv' did not travel at least 9 meters. Skipping.
2024-12-06 20:33:41,798 [INFO] Episode 24 in 'D:\Masters\Sem5\uavRL\inference_outputs\Trajectories\RainandFog\ppo_naturecnn_single_rgb_RainandFog\ppo_naturecnn_single_rgb_RainandFog_positions.csv' did not travel at least 9 meters. Skipping.
2024-12-06 20:33:41,799 [INFO] Episode 25 in 'D:\Masters\Sem5\uavRL\inference_outputs\Trajectories\RainandFog\ppo_naturecnn_single_rgb_RainandFog\ppo_naturecnn_single_rgb_RainandFog_positions.csv' did not travel at least 9 meters. Skipping.
2024-12-06 20:33:41,799 [INFO] Episode 26 in 'D:\Masters\Sem5\uavRL\inference_outputs\Trajectories\RainandFog\ppo_naturecnn_single_rgb_RainandFog\ppo_naturecnn_single_rgb_RainandFog_positions.csv' did not travel at least 9 meters. Skipping.
2024-12-06 20:33:41,800 [INFO] Episode 27 in 'D:\Masters\Sem5\uavRL\inference_outputs\Trajectories\RainandFog\ppo_naturecnn_single_rgb_RainandFog\ppo_naturecnn_single_rgb_RainandFog_positions.csv' did not travel at least 9 meters. Skipping.
2024-12-06 20:33:41,800 [INFO] Episode 28 in 'D:\Masters\Sem5\uavRL\inference_outputs\Trajectories\RainandFog\ppo_naturecnn_single_rgb_RainandFog\ppo_naturecnn_single_rgb_RainandFog_positions.csv' did not travel at least 9 meters. Skipping.
2024-12-06 20:33:41,801 [INFO] Episode 29 in 'D:\Masters\Sem5\uavRL\inference_outputs\Trajectories\RainandFog\ppo_naturecnn_single_rgb_RainandFog\ppo_naturecnn_single_rgb_RainandFog_positions.csv' did not travel at least 9 meters. Skipping.
2024-12-06 20:33:41,801 [INFO] Episode 30 in 'D:\Masters\Sem5\uavRL\inference_outputs\Trajectories\RainandFog\ppo_naturecnn_single_rgb_RainandFog\ppo_naturecnn_single_rgb_RainandFog_positions.csv' did not travel at least 9 meters. Skipping.
2024-12-06 20:33:41,801 [INFO] Episode 31 in 'D:\Masters\Sem5\uavRL\inference_outputs\Trajectories\RainandFog\ppo_naturecnn_single_rgb_RainandFog\ppo_naturecnn_single_rgb_RainandFog_positions.csv' did not travel at least 9 meters. Skipping.
2024-12-06 20:33:41,802 [INFO] Episode 32 in 'D:\Masters\Sem5\uavRL\inference_outputs\Trajectories\RainandFog\ppo_naturecnn_single_rgb_RainandFog\ppo_naturecnn_single_rgb_RainandFog_positions.csv' did not travel at least 9 meters. Skipping.
2024-12-06 20:33:41,802 [INFO] Episode 33 in 'D:\Masters\Sem5\uavRL\inference_outputs\Trajectories\RainandFog\ppo_naturecnn_single_rgb_RainandFog\ppo_naturecnn_single_rgb_RainandFog_positions.csv' did not travel at least 9 meters. Skipping.
2024-12-06 20:33:41,803 [INFO] Episode 34 in 'D:\Masters\Sem5\uavRL\inference_outputs\Trajectories\RainandFog\ppo_naturecnn_single_rgb_RainandFog\ppo_naturecnn_single_rgb_RainandFog_positions.csv' did not travel at least 9 meters. Skipping.
2024-12-06 20:33:41,804 [INFO] Episode 35 in 'D:\Masters\Sem5\uavRL\inference_outputs\Trajectories\RainandFog\ppo_naturecnn_single_rgb_RainandFog\ppo_naturecnn_single_rgb_RainandFog_positions.csv' did not travel at least 9 meters. Skipping.
2024-12-06 20:33:41,804 [INFO] Episode 36 in 'D:\Masters\Sem5\uavRL\inference_outputs\Trajectories\RainandFog\ppo_naturecnn_single_rgb_RainandFog\ppo_naturecnn_single_rgb_RainandFog_positions.csv' did not travel at least 9 meters. Skipping.
2024-12-06 20:33:41,804 [INFO] Episode 37 in 'D:\Masters\Sem5\uavRL\inference_outputs\Trajectories\RainandFog\ppo_naturecnn_single_rgb_RainandFog\ppo_naturecnn_single_rgb_RainandFog_positions.csv' did not travel at least 9 meters. Skipping.
2024-12-06 20:33:41,805 [INFO] Episode 38 in 'D:\Masters\Sem5\uavRL\inference_outputs\Trajectories\RainandFog\ppo_naturecnn_single_rgb_RainandFog\ppo_naturecnn_single_rgb_RainandFog_positions.csv' did not travel at least 9 meters. Skipping.
2024-12-06 20:33:41,805 [INFO] Episode 39 in 'D:\Masters\Sem5\uavRL\inference_outputs\Trajectories\RainandFog\ppo_naturecnn_single_rgb_RainandFog\ppo_naturecnn_single_rgb_RainandFog_positions.csv' did not travel at least 9 meters. Skipping.
2024-12-06 20:33:41,806 [INFO] Episode 40 in 'D:\Masters\Sem5\uavRL\inference_outputs\Trajectories\RainandFog\ppo_naturecnn_single_rgb_RainandFog\ppo_naturecnn_single_rgb_RainandFog_positions.csv' did not travel at least 9 meters. Skipping.
2024-12-06 20:33:41,808 [INFO] Episode 41 in 'D:\Masters\Sem5\uavRL\inference_outputs\Trajectories\RainandFog\ppo_naturecnn_single_rgb_RainandFog\ppo_naturecnn_single_rgb_RainandFog_positions.csv' did not travel at least 9 meters. Skipping.
2024-12-06 20:33:41,808 [INFO] Episode 42 in 'D:\Masters\Sem5\uavRL\inference_outputs\Trajectories\RainandFog\ppo_naturecnn_single_rgb_RainandFog\ppo_naturecnn_single_rgb_RainandFog_positions.csv' did not travel at least 9 meters. Skipping.
2024-12-06 20:33:41,809 [INFO] Episode 44 in 'D:\Masters\Sem5\uavRL\inference_outputs\Trajectories\RainandFog\ppo_naturecnn_single_rgb_RainandFog\ppo_naturecnn_single_rgb_RainandFog_positions.csv' did not travel at least 9 meters. Skipping.
2024-12-06 20:33:41,809 [INFO] Episode 45 in 'D:\Masters\Sem5\uavRL\inference_outputs\Trajectories\RainandFog\ppo_naturecnn_single_rgb_RainandFog\ppo_naturecnn_single_rgb_RainandFog_positions.csv' did not travel at least 9 meters. Skipping.
2024-12-06 20:33:41,810 [INFO] Episode 46 in 'D:\Masters\Sem5\uavRL\inference_outputs\Trajectories\RainandFog\ppo_naturecnn_single_rgb_RainandFog\ppo_naturecnn_single_rgb_RainandFog_positions.csv' did not travel at least 9 meters. Skipping.
2024-12-06 20:33:41,811 [INFO] Episode 47 in 'D:\Masters\Sem5\uavRL\inference_outputs\Trajectories\RainandFog\ppo_naturecnn_single_rgb_RainandFog\ppo_naturecnn_single_rgb_RainandFog_positions.csv' did not travel at least 9 meters. Skipping.
2024-12-06 20:33:41,811 [INFO] Episode 48 in 'D:\Masters\Sem5\uavRL\inference_outputs\Trajectories\RainandFog\ppo_naturecnn_single_rgb_RainandFog\ppo_naturecnn_single_rgb_RainandFog_positions.csv' did not travel at least 9 meters. Skipping.
2024-12-06 20:33:41,812 [INFO] Episode 49 in 'D:\Masters\Sem5\uavRL\inference_outputs\Trajectories\RainandFog\ppo_naturecnn_single_rgb_RainandFog\ppo_naturecnn_single_rgb_RainandFog_positions.csv' did not travel at least 9 meters. Skipping.
2024-12-06 20:33:41,813 [INFO] Episode 50 in 'D:\Masters\Sem5\uavRL\inference_outputs\Trajectories\RainandFog\ppo_naturecnn_single_rgb_RainandFog\ppo_naturecnn_single_rgb_RainandFog_positions.csv' did not travel at least 9 meters. Skipping.
2024-12-06 20:33:41,813 [INFO] Episode 51 in 'D:\Masters\Sem5\uavRL\inference_outputs\Trajectories\RainandFog\ppo_naturecnn_single_rgb_RainandFog\ppo_naturecnn_single_rgb_RainandFog_positions.csv' did not travel at least 9 meters. Skipping.
2024-12-06 20:33:41,814 [INFO] Episode 52 in 'D:\Masters\Sem5\uavRL\inference_outputs\Trajectories\RainandFog\ppo_naturecnn_single_rgb_RainandFog\ppo_naturecnn_single_rgb_RainandFog_positions.csv' did not travel at least 9 meters. Skipping.
2024-12-06 20:33:41,815 [INFO] Episode 53 in 'D:\Masters\Sem5\uavRL\inference_outputs\Trajectories\RainandFog\ppo_naturecnn_single_rgb_RainandFog\ppo_naturecnn_single_rgb_RainandFog_positions.csv' did not travel at least 9 meters. Skipping.
2024-12-06 20:33:41,815 [INFO] Episode 54 in 'D:\Masters\Sem5\uavRL\inference_outputs\Trajectories\RainandFog\ppo_naturecnn_single_rgb_RainandFog\ppo_naturecnn_single_rgb_RainandFog_positions.csv' did not travel at least 9 meters. Skipping.
2024-12-06 20:33:41,815 [INFO] Episode 55 in 'D:\Masters\Sem5\uavRL\inference_outputs\Trajectories\RainandFog\ppo_naturecnn_single_rgb_RainandFog\ppo_naturecnn_single_rgb_RainandFog_positions.csv' did not travel at least 9 meters. Skipping.
2024-12-06 20:33:41,816 [INFO] Episode 56 in 'D:\Masters\Sem5\uavRL\inference_outputs\Trajectories\RainandFog\ppo_naturecnn_single_rgb_RainandFog\ppo_naturecnn_single_rgb_RainandFog_positions.csv' did not travel at least 9 meters. Skipping.
2024-12-06 20:33:41,816 [INFO] Episode 57 in 'D:\Masters\Sem5\uavRL\inference_outputs\Trajectories\RainandFog\ppo_naturecnn_single_rgb_RainandFog\ppo_naturecnn_single_rgb_RainandFog_positions.csv' did not travel at least 9 meters. Skipping.
2024-12-06 20:33:41,817 [INFO] Episode 58 in 'D:\Masters\Sem5\uavRL\inference_outputs\Trajectories\RainandFog\ppo_naturecnn_single_rgb_RainandFog\ppo_naturecnn_single_rgb_RainandFog_positions.csv' did not travel at least 9 meters. Skipping.
2024-12-06 20:33:41,817 [INFO] Episode 59 in 'D:\Masters\Sem5\uavRL\inference_outputs\Trajectories\RainandFog\ppo_naturecnn_single_rgb_RainandFog\ppo_naturecnn_single_rgb_RainandFog_positions.csv' did not travel at least 9 meters. Skipping.
2024-12-06 20:33:41,818 [INFO] Episode 60 in 'D:\Masters\Sem5\uavRL\inference_outputs\Trajectories\RainandFog\ppo_naturecnn_single_rgb_RainandFog\ppo_naturecnn_single_rgb_RainandFog_positions.csv' did not travel at least 9 meters. Skipping.
2024-12-06 20:33:41,818 [INFO] Episode 61 in 'D:\Masters\Sem5\uavRL\inference_outputs\Trajectories\RainandFog\ppo_naturecnn_single_rgb_RainandFog\ppo_naturecnn_single_rgb_RainandFog_positions.csv' did not travel at least 9 meters. Skipping.
2024-12-06 20:33:41,819 [INFO] Episode 62 in 'D:\Masters\Sem5\uavRL\inference_outputs\Trajectories\RainandFog\ppo_naturecnn_single_rgb_RainandFog\ppo_naturecnn_single_rgb_RainandFog_positions.csv' did not travel at least 9 meters. Skipping.
2024-12-06 20:33:41,819 [INFO] Episode 63 in 'D:\Masters\Sem5\uavRL\inference_outputs\Trajectories\RainandFog\ppo_naturecnn_single_rgb_RainandFog\ppo_naturecnn_single_rgb_RainandFog_positions.csv' did not travel at least 9 meters. Skipping.
2024-12-06 20:33:41,819 [INFO] Episode 64 in 'D:\Masters\Sem5\uavRL\inference_outputs\Trajectories\RainandFog\ppo_naturecnn_single_rgb_RainandFog\ppo_naturecnn_single_rgb_RainandFog_positions.csv' did not travel at least 9 meters. Skipping.
2024-12-06 20:33:41,821 [INFO] Episode 65 in 'D:\Masters\Sem5\uavRL\inference_outputs\Trajectories\RainandFog\ppo_naturecnn_single_rgb_RainandFog\ppo_naturecnn_single_rgb_RainandFog_positions.csv' did not travel at least 9 meters. Skipping.
2024-12-06 20:33:41,821 [INFO] Episode 66 in 'D:\Masters\Sem5\uavRL\inference_outputs\Trajectories\RainandFog\ppo_naturecnn_single_rgb_RainandFog\ppo_naturecnn_single_rgb_RainandFog_positions.csv' did not travel at least 9 meters. Skipping.
2024-12-06 20:33:41,821 [INFO] Episode 67 in 'D:\Masters\Sem5\uavRL\inference_outputs\Trajectories\RainandFog\ppo_naturecnn_single_rgb_RainandFog\ppo_naturecnn_single_rgb_RainandFog_positions.csv' did not travel at least 9 meters. Skipping.
2024-12-06 20:33:41,822 [INFO] Episode 68 in 'D:\Masters\Sem5\uavRL\inference_outputs\Trajectories\RainandFog\ppo_naturecnn_single_rgb_RainandFog\ppo_naturecnn_single_rgb_RainandFog_positions.csv' did not travel at least 9 meters. Skipping.
2024-12-06 20:33:41,823 [INFO] Episode 69 in 'D:\Masters\Sem5\uavRL\inference_outputs\Trajectories\RainandFog\ppo_naturecnn_single_rgb_RainandFog\ppo_naturecnn_single_rgb_RainandFog_positions.csv' did not travel at least 9 meters. Skipping.
2024-12-06 20:33:41,823 [INFO] Episode 70 in 'D:\Masters\Sem5\uavRL\inference_outputs\Trajectories\RainandFog\ppo_naturecnn_single_rgb_RainandFog\ppo_naturecnn_single_rgb_RainandFog_positions.csv' did not travel at least 9 meters. Skipping.
2024-12-06 20:33:41,823 [INFO] Episode 71 in 'D:\Masters\Sem5\uavRL\inference_outputs\Trajectories\RainandFog\ppo_naturecnn_single_rgb_RainandFog\ppo_naturecnn_single_rgb_RainandFog_positions.csv' did not travel at least 9 meters. Skipping.
2024-12-06 20:33:41,824 [INFO] Episode 72 in 'D:\Masters\Sem5\uavRL\inference_outputs\Trajectories\RainandFog\ppo_naturecnn_single_rgb_RainandFog\ppo_naturecnn_single_rgb_RainandFog_positions.csv' did not travel at least 9 meters. Skipping.
2024-12-06 20:33:41,824 [INFO] Episode 73 in 'D:\Masters\Sem5\uavRL\inference_outputs\Trajectories\RainandFog\ppo_naturecnn_single_rgb_RainandFog\ppo_naturecnn_single_rgb_RainandFog_positions.csv' did not travel at least 9 meters. Skipping.
2024-12-06 20:33:41,825 [INFO] Episode 74 in 'D:\Masters\Sem5\uavRL\inference_outputs\Trajectories\RainandFog\ppo_naturecnn_single_rgb_RainandFog\ppo_naturecnn_single_rgb_RainandFog_positions.csv' did not travel at least 9 meters. Skipping.
2024-12-06 20:33:41,826 [INFO] Episode 75 in 'D:\Masters\Sem5\uavRL\inference_outputs\Trajectories\RainandFog\ppo_naturecnn_single_rgb_RainandFog\ppo_naturecnn_single_rgb_RainandFog_positions.csv' did not travel at least 9 meters. Skipping.
2024-12-06 20:33:41,826 [INFO] Episode 76 in 'D:\Masters\Sem5\uavRL\inference_outputs\Trajectories\RainandFog\ppo_naturecnn_single_rgb_RainandFog\ppo_naturecnn_single_rgb_RainandFog_positions.csv' did not travel at least 9 meters. Skipping.
2024-12-06 20:33:41,827 [INFO] Episode 77 in 'D:\Masters\Sem5\uavRL\inference_outputs\Trajectories\RainandFog\ppo_naturecnn_single_rgb_RainandFog\ppo_naturecnn_single_rgb_RainandFog_positions.csv' did not travel at least 9 meters. Skipping.
2024-12-06 20:33:41,828 [INFO] Episode 78 in 'D:\Masters\Sem5\uavRL\inference_outputs\Trajectories\RainandFog\ppo_naturecnn_single_rgb_RainandFog\ppo_naturecnn_single_rgb_RainandFog_positions.csv' did not travel at least 9 meters. Skipping.
2024-12-06 20:33:41,829 [INFO] Episode 79 in 'D:\Masters\Sem5\uavRL\inference_outputs\Trajectories\RainandFog\ppo_naturecnn_single_rgb_RainandFog\ppo_naturecnn_single_rgb_RainandFog_positions.csv' did not travel at least 9 meters. Skipping.
2024-12-06 20:33:41,829 [INFO] Episode 80 in 'D:\Masters\Sem5\uavRL\inference_outputs\Trajectories\RainandFog\ppo_naturecnn_single_rgb_RainandFog\ppo_naturecnn_single_rgb_RainandFog_positions.csv' did not travel at least 9 meters. Skipping.
2024-12-06 20:33:41,831 [INFO] Episode 81 in 'D:\Masters\Sem5\uavRL\inference_outputs\Trajectories\RainandFog\ppo_naturecnn_single_rgb_RainandFog\ppo_naturecnn_single_rgb_RainandFog_positions.csv' did not travel at least 9 meters. Skipping.
2024-12-06 20:33:41,832 [INFO] Episode 82 in 'D:\Masters\Sem5\uavRL\inference_outputs\Trajectories\RainandFog\ppo_naturecnn_single_rgb_RainandFog\ppo_naturecnn_single_rgb_RainandFog_positions.csv' did not travel at least 9 meters. Skipping.
2024-12-06 20:33:41,832 [INFO] Episode 83 in 'D:\Masters\Sem5\uavRL\inference_outputs\Trajectories\RainandFog\ppo_naturecnn_single_rgb_RainandFog\ppo_naturecnn_single_rgb_RainandFog_positions.csv' did not travel at least 9 meters. Skipping.
2024-12-06 20:33:41,833 [INFO] Episode 84 in 'D:\Masters\Sem5\uavRL\inference_outputs\Trajectories\RainandFog\ppo_naturecnn_single_rgb_RainandFog\ppo_naturecnn_single_rgb_RainandFog_positions.csv' did not travel at least 9 meters. Skipping.
2024-12-06 20:33:41,833 [INFO] Episode 85 in 'D:\Masters\Sem5\uavRL\inference_outputs\Trajectories\RainandFog\ppo_naturecnn_single_rgb_RainandFog\ppo_naturecnn_single_rgb_RainandFog_positions.csv' did not travel at least 9 meters. Skipping.
2024-12-06 20:33:41,834 [INFO] Episode 86 in 'D:\Masters\Sem5\uavRL\inference_outputs\Trajectories\RainandFog\ppo_naturecnn_single_rgb_RainandFog\ppo_naturecnn_single_rgb_RainandFog_positions.csv' did not travel at least 9 meters. Skipping.
2024-12-06 20:33:41,834 [INFO] Episode 87 in 'D:\Masters\Sem5\uavRL\inference_outputs\Trajectories\RainandFog\ppo_naturecnn_single_rgb_RainandFog\ppo_naturecnn_single_rgb_RainandFog_positions.csv' did not travel at least 9 meters. Skipping.
2024-12-06 20:33:41,835 [INFO] Episode 88 in 'D:\Masters\Sem5\uavRL\inference_outputs\Trajectories\RainandFog\ppo_naturecnn_single_rgb_RainandFog\ppo_naturecnn_single_rgb_RainandFog_positions.csv' did not travel at least 9 meters. Skipping.
2024-12-06 20:33:41,835 [INFO] Episode 89 in 'D:\Masters\Sem5\uavRL\inference_outputs\Trajectories\RainandFog\ppo_naturecnn_single_rgb_RainandFog\ppo_naturecnn_single_rgb_RainandFog_positions.csv' did not travel at least 9 meters. Skipping.
2024-12-06 20:33:41,836 [INFO] Episode 90 in 'D:\Masters\Sem5\uavRL\inference_outputs\Trajectories\RainandFog\ppo_naturecnn_single_rgb_RainandFog\ppo_naturecnn_single_rgb_RainandFog_positions.csv' did not travel at least 9 meters. Skipping.
2024-12-06 20:33:41,836 [INFO] Episode 91 in 'D:\Masters\Sem5\uavRL\inference_outputs\Trajectories\RainandFog\ppo_naturecnn_single_rgb_RainandFog\ppo_naturecnn_single_rgb_RainandFog_positions.csv' did not travel at least 9 meters. Skipping.
2024-12-06 20:33:41,837 [INFO] Episode 92 in 'D:\Masters\Sem5\uavRL\inference_outputs\Trajectories\RainandFog\ppo_naturecnn_single_rgb_RainandFog\ppo_naturecnn_single_rgb_RainandFog_positions.csv' did not travel at least 9 meters. Skipping.
2024-12-06 20:33:41,838 [INFO] Episode 93 in 'D:\Masters\Sem5\uavRL\inference_outputs\Trajectories\RainandFog\ppo_naturecnn_single_rgb_RainandFog\ppo_naturecnn_single_rgb_RainandFog_positions.csv' did not travel at least 9 meters. Skipping.
2024-12-06 20:33:41,838 [INFO] Episode 94 in 'D:\Masters\Sem5\uavRL\inference_outputs\Trajectories\RainandFog\ppo_naturecnn_single_rgb_RainandFog\ppo_naturecnn_single_rgb_RainandFog_positions.csv' did not travel at least 9 meters. Skipping.
2024-12-06 20:33:41,839 [INFO] Episode 95 in 'D:\Masters\Sem5\uavRL\inference_outputs\Trajectories\RainandFog\ppo_naturecnn_single_rgb_RainandFog\ppo_naturecnn_single_rgb_RainandFog_positions.csv' did not travel at least 9 meters. Skipping.
2024-12-06 20:33:41,839 [INFO] Episode 96 in 'D:\Masters\Sem5\uavRL\inference_outputs\Trajectories\RainandFog\ppo_naturecnn_single_rgb_RainandFog\ppo_naturecnn_single_rgb_RainandFog_positions.csv' did not travel at least 9 meters. Skipping.
2024-12-06 20:33:41,840 [INFO] Episode 97 in 'D:\Masters\Sem5\uavRL\inference_outputs\Trajectories\RainandFog\ppo_naturecnn_single_rgb_RainandFog\ppo_naturecnn_single_rgb_RainandFog_positions.csv' did not travel at least 9 meters. Skipping.
2024-12-06 20:33:41,840 [INFO] Episode 98 in 'D:\Masters\Sem5\uavRL\inference_outputs\Trajectories\RainandFog\ppo_naturecnn_single_rgb_RainandFog\ppo_naturecnn_single_rgb_RainandFog_positions.csv' did not travel at least 9 meters. Skipping.
2024-12-06 20:33:41,842 [INFO] Episode 99 in 'D:\Masters\Sem5\uavRL\inference_outputs\Trajectories\RainandFog\ppo_naturecnn_single_rgb_RainandFog\ppo_naturecnn_single_rgb_RainandFog_positions.csv' did not travel at least 9 meters. Skipping.
2024-12-06 20:33:41,842 [INFO] Episode 100 in 'D:\Masters\Sem5\uavRL\inference_outputs\Trajectories\RainandFog\ppo_naturecnn_single_rgb_RainandFog\ppo_naturecnn_single_rgb_RainandFog_positions.csv' did not travel at least 9 meters. Skipping.
2024-12-06 20:33:41,846 [INFO] Successfully read 'D:\Masters\Sem5\uavRL\inference_outputs\Trajectories\RainandFog\ppo_naturecnn_single_rgb_obstacle_weather_leavesfalling_RainandFog\ppo_naturecnn_single_rgb_obstacle_weather_leavesfalling_RainandFog_positions.csv'.
2024-12-06 20:33:41,849 [INFO] Episode 1 in 'D:\Masters\Sem5\uavRL\inference_outputs\Trajectories\RainandFog\ppo_naturecnn_single_rgb_obstacle_weather_leavesfalling_RainandFog\ppo_naturecnn_single_rgb_obstacle_weather_leavesfalling_RainandFog_positions.csv' did not travel at least 9 meters. Skipping.
2024-12-06 20:33:41,849 [INFO] Episode 2 in 'D:\Masters\Sem5\uavRL\inference_outputs\Trajectories\RainandFog\ppo_naturecnn_single_rgb_obstacle_weather_leavesfalling_RainandFog\ppo_naturecnn_single_rgb_obstacle_weather_leavesfalling_RainandFog_positions.csv' did not travel at least 9 meters. Skipping.
2024-12-06 20:33:41,850 [INFO] Episode 3 in 'D:\Masters\Sem5\uavRL\inference_outputs\Trajectories\RainandFog\ppo_naturecnn_single_rgb_obstacle_weather_leavesfalling_RainandFog\ppo_naturecnn_single_rgb_obstacle_weather_leavesfalling_RainandFog_positions.csv' did not travel at least 9 meters. Skipping.
2024-12-06 20:33:41,850 [INFO] Episode 4 in 'D:\Masters\Sem5\uavRL\inference_outputs\Trajectories\RainandFog\ppo_naturecnn_single_rgb_obstacle_weather_leavesfalling_RainandFog\ppo_naturecnn_single_rgb_obstacle_weather_leavesfalling_RainandFog_positions.csv' did not travel at least 9 meters. Skipping.
2024-12-06 20:33:41,851 [INFO] Episode 5 in 'D:\Masters\Sem5\uavRL\inference_outputs\Trajectories\RainandFog\ppo_naturecnn_single_rgb_obstacle_weather_leavesfalling_RainandFog\ppo_naturecnn_single_rgb_obstacle_weather_leavesfalling_RainandFog_positions.csv' did not travel at least 9 meters. Skipping.
2024-12-06 20:33:41,851 [INFO] Episode 6 in 'D:\Masters\Sem5\uavRL\inference_outputs\Trajectories\RainandFog\ppo_naturecnn_single_rgb_obstacle_weather_leavesfalling_RainandFog\ppo_naturecnn_single_rgb_obstacle_weather_leavesfalling_RainandFog_positions.csv' did not travel at least 9 meters. Skipping.
2024-12-06 20:33:41,852 [INFO] Episode 7 in 'D:\Masters\Sem5\uavRL\inference_outputs\Trajectories\RainandFog\ppo_naturecnn_single_rgb_obstacle_weather_leavesfalling_RainandFog\ppo_naturecnn_single_rgb_obstacle_weather_leavesfalling_RainandFog_positions.csv' did not travel at least 9 meters. Skipping.
2024-12-06 20:33:41,852 [INFO] Episode 8 in 'D:\Masters\Sem5\uavRL\inference_outputs\Trajectories\RainandFog\ppo_naturecnn_single_rgb_obstacle_weather_leavesfalling_RainandFog\ppo_naturecnn_single_rgb_obstacle_weather_leavesfalling_RainandFog_positions.csv' did not travel at least 9 meters. Skipping.
2024-12-06 20:33:41,853 [INFO] Episode 9 in 'D:\Masters\Sem5\uavRL\inference_outputs\Trajectories\RainandFog\ppo_naturecnn_single_rgb_obstacle_weather_leavesfalling_RainandFog\ppo_naturecnn_single_rgb_obstacle_weather_leavesfalling_RainandFog_positions.csv' did not travel at least 9 meters. Skipping.
2024-12-06 20:33:41,853 [INFO] Episode 10 in 'D:\Masters\Sem5\uavRL\inference_outputs\Trajectories\RainandFog\ppo_naturecnn_single_rgb_obstacle_weather_leavesfalling_RainandFog\ppo_naturecnn_single_rgb_obstacle_weather_leavesfalling_RainandFog_positions.csv' did not travel at least 9 meters. Skipping.
2024-12-06 20:33:41,854 [INFO] Episode 11 in 'D:\Masters\Sem5\uavRL\inference_outputs\Trajectories\RainandFog\ppo_naturecnn_single_rgb_obstacle_weather_leavesfalling_RainandFog\ppo_naturecnn_single_rgb_obstacle_weather_leavesfalling_RainandFog_positions.csv' did not travel at least 9 meters. Skipping.
2024-12-06 20:33:41,855 [INFO] Episode 12 in 'D:\Masters\Sem5\uavRL\inference_outputs\Trajectories\RainandFog\ppo_naturecnn_single_rgb_obstacle_weather_leavesfalling_RainandFog\ppo_naturecnn_single_rgb_obstacle_weather_leavesfalling_RainandFog_positions.csv' did not travel at least 9 meters. Skipping.
2024-12-06 20:33:41,855 [INFO] Episode 13 in 'D:\Masters\Sem5\uavRL\inference_outputs\Trajectories\RainandFog\ppo_naturecnn_single_rgb_obstacle_weather_leavesfalling_RainandFog\ppo_naturecnn_single_rgb_obstacle_weather_leavesfalling_RainandFog_positions.csv' did not travel at least 9 meters. Skipping.
2024-12-06 20:33:41,856 [INFO] Episode 15 in 'D:\Masters\Sem5\uavRL\inference_outputs\Trajectories\RainandFog\ppo_naturecnn_single_rgb_obstacle_weather_leavesfalling_RainandFog\ppo_naturecnn_single_rgb_obstacle_weather_leavesfalling_RainandFog_positions.csv' did not travel at least 9 meters. Skipping.
2024-12-06 20:33:41,856 [INFO] Episode 16 in 'D:\Masters\Sem5\uavRL\inference_outputs\Trajectories\RainandFog\ppo_naturecnn_single_rgb_obstacle_weather_leavesfalling_RainandFog\ppo_naturecnn_single_rgb_obstacle_weather_leavesfalling_RainandFog_positions.csv' did not travel at least 9 meters. Skipping.
2024-12-06 20:33:41,857 [INFO] Episode 17 in 'D:\Masters\Sem5\uavRL\inference_outputs\Trajectories\RainandFog\ppo_naturecnn_single_rgb_obstacle_weather_leavesfalling_RainandFog\ppo_naturecnn_single_rgb_obstacle_weather_leavesfalling_RainandFog_positions.csv' did not travel at least 9 meters. Skipping.
2024-12-06 20:33:41,857 [INFO] Episode 18 in 'D:\Masters\Sem5\uavRL\inference_outputs\Trajectories\RainandFog\ppo_naturecnn_single_rgb_obstacle_weather_leavesfalling_RainandFog\ppo_naturecnn_single_rgb_obstacle_weather_leavesfalling_RainandFog_positions.csv' did not travel at least 9 meters. Skipping.
2024-12-06 20:33:41,858 [INFO] Episode 19 in 'D:\Masters\Sem5\uavRL\inference_outputs\Trajectories\RainandFog\ppo_naturecnn_single_rgb_obstacle_weather_leavesfalling_RainandFog\ppo_naturecnn_single_rgb_obstacle_weather_leavesfalling_RainandFog_positions.csv' did not travel at least 9 meters. Skipping.
2024-12-06 20:33:41,859 [INFO] Episode 21 in 'D:\Masters\Sem5\uavRL\inference_outputs\Trajectories\RainandFog\ppo_naturecnn_single_rgb_obstacle_weather_leavesfalling_RainandFog\ppo_naturecnn_single_rgb_obstacle_weather_leavesfalling_RainandFog_positions.csv' did not travel at least 9 meters. Skipping.
2024-12-06 20:33:41,859 [INFO] Episode 22 in 'D:\Masters\Sem5\uavRL\inference_outputs\Trajectories\RainandFog\ppo_naturecnn_single_rgb_obstacle_weather_leavesfalling_RainandFog\ppo_naturecnn_single_rgb_obstacle_weather_leavesfalling_RainandFog_positions.csv' did not travel at least 9 meters. Skipping.
2024-12-06 20:33:41,859 [INFO] Episode 24 in 'D:\Masters\Sem5\uavRL\inference_outputs\Trajectories\RainandFog\ppo_naturecnn_single_rgb_obstacle_weather_leavesfalling_RainandFog\ppo_naturecnn_single_rgb_obstacle_weather_leavesfalling_RainandFog_positions.csv' did not travel at least 9 meters. Skipping.
2024-12-06 20:33:41,863 [INFO] Episode 25 in 'D:\Masters\Sem5\uavRL\inference_outputs\Trajectories\RainandFog\ppo_naturecnn_single_rgb_obstacle_weather_leavesfalling_RainandFog\ppo_naturecnn_single_rgb_obstacle_weather_leavesfalling_RainandFog_positions.csv' did not travel at least 9 meters. Skipping.
2024-12-06 20:33:41,865 [INFO] Episode 27 in 'D:\Masters\Sem5\uavRL\inference_outputs\Trajectories\RainandFog\ppo_naturecnn_single_rgb_obstacle_weather_leavesfalling_RainandFog\ppo_naturecnn_single_rgb_obstacle_weather_leavesfalling_RainandFog_positions.csv' did not travel at least 9 meters. Skipping.
2024-12-06 20:33:41,865 [INFO] Episode 28 in 'D:\Masters\Sem5\uavRL\inference_outputs\Trajectories\RainandFog\ppo_naturecnn_single_rgb_obstacle_weather_leavesfalling_RainandFog\ppo_naturecnn_single_rgb_obstacle_weather_leavesfalling_RainandFog_positions.csv' did not travel at least 9 meters. Skipping.
2024-12-06 20:33:41,866 [INFO] Episode 29 in 'D:\Masters\Sem5\uavRL\inference_outputs\Trajectories\RainandFog\ppo_naturecnn_single_rgb_obstacle_weather_leavesfalling_RainandFog\ppo_naturecnn_single_rgb_obstacle_weather_leavesfalling_RainandFog_positions.csv' did not travel at least 9 meters. Skipping.
2024-12-06 20:33:41,867 [INFO] Episode 30 in 'D:\Masters\Sem5\uavRL\inference_outputs\Trajectories\RainandFog\ppo_naturecnn_single_rgb_obstacle_weather_leavesfalling_RainandFog\ppo_naturecnn_single_rgb_obstacle_weather_leavesfalling_RainandFog_positions.csv' did not travel at least 9 meters. Skipping.
2024-12-06 20:33:41,867 [INFO] Episode 31 in 'D:\Masters\Sem5\uavRL\inference_outputs\Trajectories\RainandFog\ppo_naturecnn_single_rgb_obstacle_weather_leavesfalling_RainandFog\ppo_naturecnn_single_rgb_obstacle_weather_leavesfalling_RainandFog_positions.csv' did not travel at least 9 meters. Skipping.
2024-12-06 20:33:41,867 [INFO] Episode 32 in 'D:\Masters\Sem5\uavRL\inference_outputs\Trajectories\RainandFog\ppo_naturecnn_single_rgb_obstacle_weather_leavesfalling_RainandFog\ppo_naturecnn_single_rgb_obstacle_weather_leavesfalling_RainandFog_positions.csv' did not travel at least 9 meters. Skipping.
2024-12-06 20:33:41,869 [INFO] Episode 34 in 'D:\Masters\Sem5\uavRL\inference_outputs\Trajectories\RainandFog\ppo_naturecnn_single_rgb_obstacle_weather_leavesfalling_RainandFog\ppo_naturecnn_single_rgb_obstacle_weather_leavesfalling_RainandFog_positions.csv' did not travel at least 9 meters. Skipping.
2024-12-06 20:33:41,870 [INFO] Episode 36 in 'D:\Masters\Sem5\uavRL\inference_outputs\Trajectories\RainandFog\ppo_naturecnn_single_rgb_obstacle_weather_leavesfalling_RainandFog\ppo_naturecnn_single_rgb_obstacle_weather_leavesfalling_RainandFog_positions.csv' did not travel at least 9 meters. Skipping.
2024-12-06 20:33:41,871 [INFO] Episode 38 in 'D:\Masters\Sem5\uavRL\inference_outputs\Trajectories\RainandFog\ppo_naturecnn_single_rgb_obstacle_weather_leavesfalling_RainandFog\ppo_naturecnn_single_rgb_obstacle_weather_leavesfalling_RainandFog_positions.csv' did not travel at least 9 meters. Skipping.
2024-12-06 20:33:41,871 [INFO] Episode 39 in 'D:\Masters\Sem5\uavRL\inference_outputs\Trajectories\RainandFog\ppo_naturecnn_single_rgb_obstacle_weather_leavesfalling_RainandFog\ppo_naturecnn_single_rgb_obstacle_weather_leavesfalling_RainandFog_positions.csv' did not travel at least 9 meters. Skipping.
2024-12-06 20:33:41,872 [INFO] Episode 40 in 'D:\Masters\Sem5\uavRL\inference_outputs\Trajectories\RainandFog\ppo_naturecnn_single_rgb_obstacle_weather_leavesfalling_RainandFog\ppo_naturecnn_single_rgb_obstacle_weather_leavesfalling_RainandFog_positions.csv' did not travel at least 9 meters. Skipping.
2024-12-06 20:33:41,873 [INFO] Episode 42 in 'D:\Masters\Sem5\uavRL\inference_outputs\Trajectories\RainandFog\ppo_naturecnn_single_rgb_obstacle_weather_leavesfalling_RainandFog\ppo_naturecnn_single_rgb_obstacle_weather_leavesfalling_RainandFog_positions.csv' did not travel at least 9 meters. Skipping.
2024-12-06 20:33:41,875 [INFO] Episode 45 in 'D:\Masters\Sem5\uavRL\inference_outputs\Trajectories\RainandFog\ppo_naturecnn_single_rgb_obstacle_weather_leavesfalling_RainandFog\ppo_naturecnn_single_rgb_obstacle_weather_leavesfalling_RainandFog_positions.csv' did not travel at least 9 meters. Skipping.
2024-12-06 20:33:41,876 [INFO] Episode 46 in 'D:\Masters\Sem5\uavRL\inference_outputs\Trajectories\RainandFog\ppo_naturecnn_single_rgb_obstacle_weather_leavesfalling_RainandFog\ppo_naturecnn_single_rgb_obstacle_weather_leavesfalling_RainandFog_positions.csv' did not travel at least 9 meters. Skipping.
2024-12-06 20:33:41,876 [INFO] Episode 49 in 'D:\Masters\Sem5\uavRL\inference_outputs\Trajectories\RainandFog\ppo_naturecnn_single_rgb_obstacle_weather_leavesfalling_RainandFog\ppo_naturecnn_single_rgb_obstacle_weather_leavesfalling_RainandFog_positions.csv' did not travel at least 9 meters. Skipping.
2024-12-06 20:33:41,878 [INFO] Episode 50 in 'D:\Masters\Sem5\uavRL\inference_outputs\Trajectories\RainandFog\ppo_naturecnn_single_rgb_obstacle_weather_leavesfalling_RainandFog\ppo_naturecnn_single_rgb_obstacle_weather_leavesfalling_RainandFog_positions.csv' did not travel at least 9 meters. Skipping.
2024-12-06 20:33:41,879 [INFO] Episode 53 in 'D:\Masters\Sem5\uavRL\inference_outputs\Trajectories\RainandFog\ppo_naturecnn_single_rgb_obstacle_weather_leavesfalling_RainandFog\ppo_naturecnn_single_rgb_obstacle_weather_leavesfalling_RainandFog_positions.csv' did not travel at least 9 meters. Skipping.
2024-12-06 20:33:41,879 [INFO] Episode 54 in 'D:\Masters\Sem5\uavRL\inference_outputs\Trajectories\RainandFog\ppo_naturecnn_single_rgb_obstacle_weather_leavesfalling_RainandFog\ppo_naturecnn_single_rgb_obstacle_weather_leavesfalling_RainandFog_positions.csv' did not travel at least 9 meters. Skipping.
2024-12-06 20:33:41,881 [INFO] Episode 55 in 'D:\Masters\Sem5\uavRL\inference_outputs\Trajectories\RainandFog\ppo_naturecnn_single_rgb_obstacle_weather_leavesfalling_RainandFog\ppo_naturecnn_single_rgb_obstacle_weather_leavesfalling_RainandFog_positions.csv' did not travel at least 9 meters. Skipping.
2024-12-06 20:33:41,883 [INFO] Episode 58 in 'D:\Masters\Sem5\uavRL\inference_outputs\Trajectories\RainandFog\ppo_naturecnn_single_rgb_obstacle_weather_leavesfalling_RainandFog\ppo_naturecnn_single_rgb_obstacle_weather_leavesfalling_RainandFog_positions.csv' did not travel at least 9 meters. Skipping.
2024-12-06 20:33:41,883 [INFO] Episode 60 in 'D:\Masters\Sem5\uavRL\inference_outputs\Trajectories\RainandFog\ppo_naturecnn_single_rgb_obstacle_weather_leavesfalling_RainandFog\ppo_naturecnn_single_rgb_obstacle_weather_leavesfalling_RainandFog_positions.csv' did not travel at least 9 meters. Skipping.
2024-12-06 20:33:41,885 [INFO] Episode 65 in 'D:\Masters\Sem5\uavRL\inference_outputs\Trajectories\RainandFog\ppo_naturecnn_single_rgb_obstacle_weather_leavesfalling_RainandFog\ppo_naturecnn_single_rgb_obstacle_weather_leavesfalling_RainandFog_positions.csv' did not travel at least 9 meters. Skipping.
2024-12-06 20:33:41,886 [INFO] Episode 66 in 'D:\Masters\Sem5\uavRL\inference_outputs\Trajectories\RainandFog\ppo_naturecnn_single_rgb_obstacle_weather_leavesfalling_RainandFog\ppo_naturecnn_single_rgb_obstacle_weather_leavesfalling_RainandFog_positions.csv' did not travel at least 9 meters. Skipping.
2024-12-06 20:33:41,886 [INFO] Episode 68 in 'D:\Masters\Sem5\uavRL\inference_outputs\Trajectories\RainandFog\ppo_naturecnn_single_rgb_obstacle_weather_leavesfalling_RainandFog\ppo_naturecnn_single_rgb_obstacle_weather_leavesfalling_RainandFog_positions.csv' did not travel at least 9 meters. Skipping.
2024-12-06 20:33:41,887 [INFO] Episode 69 in 'D:\Masters\Sem5\uavRL\inference_outputs\Trajectories\RainandFog\ppo_naturecnn_single_rgb_obstacle_weather_leavesfalling_RainandFog\ppo_naturecnn_single_rgb_obstacle_weather_leavesfalling_RainandFog_positions.csv' did not travel at least 9 meters. Skipping.
2024-12-06 20:33:41,887 [INFO] Episode 70 in 'D:\Masters\Sem5\uavRL\inference_outputs\Trajectories\RainandFog\ppo_naturecnn_single_rgb_obstacle_weather_leavesfalling_RainandFog\ppo_naturecnn_single_rgb_obstacle_weather_leavesfalling_RainandFog_positions.csv' did not travel at least 9 meters. Skipping.
2024-12-06 20:33:41,888 [INFO] Episode 72 in 'D:\Masters\Sem5\uavRL\inference_outputs\Trajectories\RainandFog\ppo_naturecnn_single_rgb_obstacle_weather_leavesfalling_RainandFog\ppo_naturecnn_single_rgb_obstacle_weather_leavesfalling_RainandFog_positions.csv' did not travel at least 9 meters. Skipping.
2024-12-06 20:33:41,889 [INFO] Episode 73 in 'D:\Masters\Sem5\uavRL\inference_outputs\Trajectories\RainandFog\ppo_naturecnn_single_rgb_obstacle_weather_leavesfalling_RainandFog\ppo_naturecnn_single_rgb_obstacle_weather_leavesfalling_RainandFog_positions.csv' did not travel at least 9 meters. Skipping.
2024-12-06 20:33:41,889 [INFO] Episode 75 in 'D:\Masters\Sem5\uavRL\inference_outputs\Trajectories\RainandFog\ppo_naturecnn_single_rgb_obstacle_weather_leavesfalling_RainandFog\ppo_naturecnn_single_rgb_obstacle_weather_leavesfalling_RainandFog_positions.csv' did not travel at least 9 meters. Skipping.
2024-12-06 20:33:41,891 [INFO] Episode 76 in 'D:\Masters\Sem5\uavRL\inference_outputs\Trajectories\RainandFog\ppo_naturecnn_single_rgb_obstacle_weather_leavesfalling_RainandFog\ppo_naturecnn_single_rgb_obstacle_weather_leavesfalling_RainandFog_positions.csv' did not travel at least 9 meters. Skipping.
2024-12-06 20:33:41,891 [INFO] Episode 77 in 'D:\Masters\Sem5\uavRL\inference_outputs\Trajectories\RainandFog\ppo_naturecnn_single_rgb_obstacle_weather_leavesfalling_RainandFog\ppo_naturecnn_single_rgb_obstacle_weather_leavesfalling_RainandFog_positions.csv' did not travel at least 9 meters. Skipping.
2024-12-06 20:33:41,891 [INFO] Episode 78 in 'D:\Masters\Sem5\uavRL\inference_outputs\Trajectories\RainandFog\ppo_naturecnn_single_rgb_obstacle_weather_leavesfalling_RainandFog\ppo_naturecnn_single_rgb_obstacle_weather_leavesfalling_RainandFog_positions.csv' did not travel at least 9 meters. Skipping.
2024-12-06 20:33:41,892 [INFO] Episode 80 in 'D:\Masters\Sem5\uavRL\inference_outputs\Trajectories\RainandFog\ppo_naturecnn_single_rgb_obstacle_weather_leavesfalling_RainandFog\ppo_naturecnn_single_rgb_obstacle_weather_leavesfalling_RainandFog_positions.csv' did not travel at least 9 meters. Skipping.
2024-12-06 20:33:41,893 [INFO] Episode 83 in 'D:\Masters\Sem5\uavRL\inference_outputs\Trajectories\RainandFog\ppo_naturecnn_single_rgb_obstacle_weather_leavesfalling_RainandFog\ppo_naturecnn_single_rgb_obstacle_weather_leavesfalling_RainandFog_positions.csv' did not travel at least 9 meters. Skipping.
2024-12-06 20:33:41,894 [INFO] Episode 85 in 'D:\Masters\Sem5\uavRL\inference_outputs\Trajectories\RainandFog\ppo_naturecnn_single_rgb_obstacle_weather_leavesfalling_RainandFog\ppo_naturecnn_single_rgb_obstacle_weather_leavesfalling_RainandFog_positions.csv' did not travel at least 9 meters. Skipping.
2024-12-06 20:33:41,895 [INFO] Episode 86 in 'D:\Masters\Sem5\uavRL\inference_outputs\Trajectories\RainandFog\ppo_naturecnn_single_rgb_obstacle_weather_leavesfalling_RainandFog\ppo_naturecnn_single_rgb_obstacle_weather_leavesfalling_RainandFog_positions.csv' did not travel at least 9 meters. Skipping.
2024-12-06 20:33:41,895 [INFO] Episode 87 in 'D:\Masters\Sem5\uavRL\inference_outputs\Trajectories\RainandFog\ppo_naturecnn_single_rgb_obstacle_weather_leavesfalling_RainandFog\ppo_naturecnn_single_rgb_obstacle_weather_leavesfalling_RainandFog_positions.csv' did not travel at least 9 meters. Skipping.
2024-12-06 20:33:41,896 [INFO] Episode 88 in 'D:\Masters\Sem5\uavRL\inference_outputs\Trajectories\RainandFog\ppo_naturecnn_single_rgb_obstacle_weather_leavesfalling_RainandFog\ppo_naturecnn_single_rgb_obstacle_weather_leavesfalling_RainandFog_positions.csv' did not travel at least 9 meters. Skipping.
2024-12-06 20:33:41,897 [INFO] Episode 89 in 'D:\Masters\Sem5\uavRL\inference_outputs\Trajectories\RainandFog\ppo_naturecnn_single_rgb_obstacle_weather_leavesfalling_RainandFog\ppo_naturecnn_single_rgb_obstacle_weather_leavesfalling_RainandFog_positions.csv' did not travel at least 9 meters. Skipping.
2024-12-06 20:33:41,897 [INFO] Episode 90 in 'D:\Masters\Sem5\uavRL\inference_outputs\Trajectories\RainandFog\ppo_naturecnn_single_rgb_obstacle_weather_leavesfalling_RainandFog\ppo_naturecnn_single_rgb_obstacle_weather_leavesfalling_RainandFog_positions.csv' did not travel at least 9 meters. Skipping.
2024-12-06 20:33:41,898 [INFO] Episode 91 in 'D:\Masters\Sem5\uavRL\inference_outputs\Trajectories\RainandFog\ppo_naturecnn_single_rgb_obstacle_weather_leavesfalling_RainandFog\ppo_naturecnn_single_rgb_obstacle_weather_leavesfalling_RainandFog_positions.csv' did not travel at least 9 meters. Skipping.
2024-12-06 20:33:41,899 [INFO] Episode 93 in 'D:\Masters\Sem5\uavRL\inference_outputs\Trajectories\RainandFog\ppo_naturecnn_single_rgb_obstacle_weather_leavesfalling_RainandFog\ppo_naturecnn_single_rgb_obstacle_weather_leavesfalling_RainandFog_positions.csv' did not travel at least 9 meters. Skipping.
2024-12-06 20:33:41,899 [INFO] Episode 94 in 'D:\Masters\Sem5\uavRL\inference_outputs\Trajectories\RainandFog\ppo_naturecnn_single_rgb_obstacle_weather_leavesfalling_RainandFog\ppo_naturecnn_single_rgb_obstacle_weather_leavesfalling_RainandFog_positions.csv' did not travel at least 9 meters. Skipping.
2024-12-06 20:33:41,901 [INFO] Episode 95 in 'D:\Masters\Sem5\uavRL\inference_outputs\Trajectories\RainandFog\ppo_naturecnn_single_rgb_obstacle_weather_leavesfalling_RainandFog\ppo_naturecnn_single_rgb_obstacle_weather_leavesfalling_RainandFog_positions.csv' did not travel at least 9 meters. Skipping.
2024-12-06 20:33:41,902 [INFO] Episode 96 in 'D:\Masters\Sem5\uavRL\inference_outputs\Trajectories\RainandFog\ppo_naturecnn_single_rgb_obstacle_weather_leavesfalling_RainandFog\ppo_naturecnn_single_rgb_obstacle_weather_leavesfalling_RainandFog_positions.csv' did not travel at least 9 meters. Skipping.
2024-12-06 20:33:41,902 [INFO] Episode 97 in 'D:\Masters\Sem5\uavRL\inference_outputs\Trajectories\RainandFog\ppo_naturecnn_single_rgb_obstacle_weather_leavesfalling_RainandFog\ppo_naturecnn_single_rgb_obstacle_weather_leavesfalling_RainandFog_positions.csv' did not travel at least 9 meters. Skipping.
2024-12-06 20:33:41,903 [INFO] Episode 98 in 'D:\Masters\Sem5\uavRL\inference_outputs\Trajectories\RainandFog\ppo_naturecnn_single_rgb_obstacle_weather_leavesfalling_RainandFog\ppo_naturecnn_single_rgb_obstacle_weather_leavesfalling_RainandFog_positions.csv' did not travel at least 9 meters. Skipping.
2024-12-06 20:33:41,903 [INFO] Episode 99 in 'D:\Masters\Sem5\uavRL\inference_outputs\Trajectories\RainandFog\ppo_naturecnn_single_rgb_obstacle_weather_leavesfalling_RainandFog\ppo_naturecnn_single_rgb_obstacle_weather_leavesfalling_RainandFog_positions.csv' did not travel at least 9 meters. Skipping.
2024-12-06 20:33:41,910 [INFO] Successfully read 'D:\Masters\Sem5\uavRL\inference_outputs\Trajectories\RainandFog\ppo_naturecnn_single_rgb_obstacle_weather_rainandfog_RainandFog\ppo_naturecnn_single_rgb_obstacle_weather_rainandfog_RainandFog_positions.csv'.
2024-12-06 20:33:41,912 [INFO] Episode 1 in 'D:\Masters\Sem5\uavRL\inference_outputs\Trajectories\RainandFog\ppo_naturecnn_single_rgb_obstacle_weather_rainandfog_RainandFog\ppo_naturecnn_single_rgb_obstacle_weather_rainandfog_RainandFog_positions.csv' did not travel at least 9 meters. Skipping.
2024-12-06 20:33:41,914 [INFO] Episode 3 in 'D:\Masters\Sem5\uavRL\inference_outputs\Trajectories\RainandFog\ppo_naturecnn_single_rgb_obstacle_weather_rainandfog_RainandFog\ppo_naturecnn_single_rgb_obstacle_weather_rainandfog_RainandFog_positions.csv' did not travel at least 9 meters. Skipping.
2024-12-06 20:33:41,915 [INFO] Episode 6 in 'D:\Masters\Sem5\uavRL\inference_outputs\Trajectories\RainandFog\ppo_naturecnn_single_rgb_obstacle_weather_rainandfog_RainandFog\ppo_naturecnn_single_rgb_obstacle_weather_rainandfog_RainandFog_positions.csv' did not travel at least 9 meters. Skipping.
2024-12-06 20:33:41,916 [INFO] Episode 8 in 'D:\Masters\Sem5\uavRL\inference_outputs\Trajectories\RainandFog\ppo_naturecnn_single_rgb_obstacle_weather_rainandfog_RainandFog\ppo_naturecnn_single_rgb_obstacle_weather_rainandfog_RainandFog_positions.csv' did not travel at least 9 meters. Skipping.
2024-12-06 20:33:41,917 [INFO] Episode 10 in 'D:\Masters\Sem5\uavRL\inference_outputs\Trajectories\RainandFog\ppo_naturecnn_single_rgb_obstacle_weather_rainandfog_RainandFog\ppo_naturecnn_single_rgb_obstacle_weather_rainandfog_RainandFog_positions.csv' did not travel at least 9 meters. Skipping.
2024-12-06 20:33:41,918 [INFO] Episode 11 in 'D:\Masters\Sem5\uavRL\inference_outputs\Trajectories\RainandFog\ppo_naturecnn_single_rgb_obstacle_weather_rainandfog_RainandFog\ppo_naturecnn_single_rgb_obstacle_weather_rainandfog_RainandFog_positions.csv' did not travel at least 9 meters. Skipping.
2024-12-06 20:33:41,918 [INFO] Episode 13 in 'D:\Masters\Sem5\uavRL\inference_outputs\Trajectories\RainandFog\ppo_naturecnn_single_rgb_obstacle_weather_rainandfog_RainandFog\ppo_naturecnn_single_rgb_obstacle_weather_rainandfog_RainandFog_positions.csv' did not travel at least 9 meters. Skipping.
2024-12-06 20:33:41,919 [INFO] Episode 15 in 'D:\Masters\Sem5\uavRL\inference_outputs\Trajectories\RainandFog\ppo_naturecnn_single_rgb_obstacle_weather_rainandfog_RainandFog\ppo_naturecnn_single_rgb_obstacle_weather_rainandfog_RainandFog_positions.csv' did not travel at least 9 meters. Skipping.
2024-12-06 20:33:41,920 [INFO] Episode 16 in 'D:\Masters\Sem5\uavRL\inference_outputs\Trajectories\RainandFog\ppo_naturecnn_single_rgb_obstacle_weather_rainandfog_RainandFog\ppo_naturecnn_single_rgb_obstacle_weather_rainandfog_RainandFog_positions.csv' did not travel at least 9 meters. Skipping.
2024-12-06 20:33:41,921 [INFO] Episode 17 in 'D:\Masters\Sem5\uavRL\inference_outputs\Trajectories\RainandFog\ppo_naturecnn_single_rgb_obstacle_weather_rainandfog_RainandFog\ppo_naturecnn_single_rgb_obstacle_weather_rainandfog_RainandFog_positions.csv' did not travel at least 9 meters. Skipping.
2024-12-06 20:33:41,921 [INFO] Episode 18 in 'D:\Masters\Sem5\uavRL\inference_outputs\Trajectories\RainandFog\ppo_naturecnn_single_rgb_obstacle_weather_rainandfog_RainandFog\ppo_naturecnn_single_rgb_obstacle_weather_rainandfog_RainandFog_positions.csv' did not travel at least 9 meters. Skipping.
2024-12-06 20:33:41,922 [INFO] Episode 20 in 'D:\Masters\Sem5\uavRL\inference_outputs\Trajectories\RainandFog\ppo_naturecnn_single_rgb_obstacle_weather_rainandfog_RainandFog\ppo_naturecnn_single_rgb_obstacle_weather_rainandfog_RainandFog_positions.csv' did not travel at least 9 meters. Skipping.
2024-12-06 20:33:41,922 [INFO] Episode 21 in 'D:\Masters\Sem5\uavRL\inference_outputs\Trajectories\RainandFog\ppo_naturecnn_single_rgb_obstacle_weather_rainandfog_RainandFog\ppo_naturecnn_single_rgb_obstacle_weather_rainandfog_RainandFog_positions.csv' did not travel at least 9 meters. Skipping.
2024-12-06 20:33:41,923 [INFO] Episode 24 in 'D:\Masters\Sem5\uavRL\inference_outputs\Trajectories\RainandFog\ppo_naturecnn_single_rgb_obstacle_weather_rainandfog_RainandFog\ppo_naturecnn_single_rgb_obstacle_weather_rainandfog_RainandFog_positions.csv' did not travel at least 9 meters. Skipping.
2024-12-06 20:33:41,924 [INFO] Episode 25 in 'D:\Masters\Sem5\uavRL\inference_outputs\Trajectories\RainandFog\ppo_naturecnn_single_rgb_obstacle_weather_rainandfog_RainandFog\ppo_naturecnn_single_rgb_obstacle_weather_rainandfog_RainandFog_positions.csv' did not travel at least 9 meters. Skipping.
2024-12-06 20:33:41,924 [INFO] Episode 26 in 'D:\Masters\Sem5\uavRL\inference_outputs\Trajectories\RainandFog\ppo_naturecnn_single_rgb_obstacle_weather_rainandfog_RainandFog\ppo_naturecnn_single_rgb_obstacle_weather_rainandfog_RainandFog_positions.csv' did not travel at least 9 meters. Skipping.
2024-12-06 20:33:41,925 [INFO] Episode 27 in 'D:\Masters\Sem5\uavRL\inference_outputs\Trajectories\RainandFog\ppo_naturecnn_single_rgb_obstacle_weather_rainandfog_RainandFog\ppo_naturecnn_single_rgb_obstacle_weather_rainandfog_RainandFog_positions.csv' did not travel at least 9 meters. Skipping.
2024-12-06 20:33:41,926 [INFO] Episode 31 in 'D:\Masters\Sem5\uavRL\inference_outputs\Trajectories\RainandFog\ppo_naturecnn_single_rgb_obstacle_weather_rainandfog_RainandFog\ppo_naturecnn_single_rgb_obstacle_weather_rainandfog_RainandFog_positions.csv' did not travel at least 9 meters. Skipping.
2024-12-06 20:33:41,927 [INFO] Episode 32 in 'D:\Masters\Sem5\uavRL\inference_outputs\Trajectories\RainandFog\ppo_naturecnn_single_rgb_obstacle_weather_rainandfog_RainandFog\ppo_naturecnn_single_rgb_obstacle_weather_rainandfog_RainandFog_positions.csv' did not travel at least 9 meters. Skipping.
2024-12-06 20:33:41,928 [INFO] Episode 35 in 'D:\Masters\Sem5\uavRL\inference_outputs\Trajectories\RainandFog\ppo_naturecnn_single_rgb_obstacle_weather_rainandfog_RainandFog\ppo_naturecnn_single_rgb_obstacle_weather_rainandfog_RainandFog_positions.csv' did not travel at least 9 meters. Skipping.
2024-12-06 20:33:41,929 [INFO] Episode 38 in 'D:\Masters\Sem5\uavRL\inference_outputs\Trajectories\RainandFog\ppo_naturecnn_single_rgb_obstacle_weather_rainandfog_RainandFog\ppo_naturecnn_single_rgb_obstacle_weather_rainandfog_RainandFog_positions.csv' did not travel at least 9 meters. Skipping.
2024-12-06 20:33:41,931 [INFO] Episode 40 in 'D:\Masters\Sem5\uavRL\inference_outputs\Trajectories\RainandFog\ppo_naturecnn_single_rgb_obstacle_weather_rainandfog_RainandFog\ppo_naturecnn_single_rgb_obstacle_weather_rainandfog_RainandFog_positions.csv' did not travel at least 9 meters. Skipping.
2024-12-06 20:33:41,934 [INFO] Episode 46 in 'D:\Masters\Sem5\uavRL\inference_outputs\Trajectories\RainandFog\ppo_naturecnn_single_rgb_obstacle_weather_rainandfog_RainandFog\ppo_naturecnn_single_rgb_obstacle_weather_rainandfog_RainandFog_positions.csv' did not travel at least 9 meters. Skipping.
2024-12-06 20:33:41,935 [INFO] Episode 47 in 'D:\Masters\Sem5\uavRL\inference_outputs\Trajectories\RainandFog\ppo_naturecnn_single_rgb_obstacle_weather_rainandfog_RainandFog\ppo_naturecnn_single_rgb_obstacle_weather_rainandfog_RainandFog_positions.csv' did not travel at least 9 meters. Skipping.
2024-12-06 20:33:41,936 [INFO] Episode 48 in 'D:\Masters\Sem5\uavRL\inference_outputs\Trajectories\RainandFog\ppo_naturecnn_single_rgb_obstacle_weather_rainandfog_RainandFog\ppo_naturecnn_single_rgb_obstacle_weather_rainandfog_RainandFog_positions.csv' did not travel at least 9 meters. Skipping.
2024-12-06 20:33:41,937 [INFO] Episode 49 in 'D:\Masters\Sem5\uavRL\inference_outputs\Trajectories\RainandFog\ppo_naturecnn_single_rgb_obstacle_weather_rainandfog_RainandFog\ppo_naturecnn_single_rgb_obstacle_weather_rainandfog_RainandFog_positions.csv' did not travel at least 9 meters. Skipping.
2024-12-06 20:33:41,937 [INFO] Episode 50 in 'D:\Masters\Sem5\uavRL\inference_outputs\Trajectories\RainandFog\ppo_naturecnn_single_rgb_obstacle_weather_rainandfog_RainandFog\ppo_naturecnn_single_rgb_obstacle_weather_rainandfog_RainandFog_positions.csv' did not travel at least 9 meters. Skipping.
2024-12-06 20:33:41,939 [INFO] Episode 54 in 'D:\Masters\Sem5\uavRL\inference_outputs\Trajectories\RainandFog\ppo_naturecnn_single_rgb_obstacle_weather_rainandfog_RainandFog\ppo_naturecnn_single_rgb_obstacle_weather_rainandfog_RainandFog_positions.csv' did not travel at least 9 meters. Skipping.
2024-12-06 20:33:41,940 [INFO] Episode 57 in 'D:\Masters\Sem5\uavRL\inference_outputs\Trajectories\RainandFog\ppo_naturecnn_single_rgb_obstacle_weather_rainandfog_RainandFog\ppo_naturecnn_single_rgb_obstacle_weather_rainandfog_RainandFog_positions.csv' did not travel at least 9 meters. Skipping.
2024-12-06 20:33:41,941 [INFO] Episode 59 in 'D:\Masters\Sem5\uavRL\inference_outputs\Trajectories\RainandFog\ppo_naturecnn_single_rgb_obstacle_weather_rainandfog_RainandFog\ppo_naturecnn_single_rgb_obstacle_weather_rainandfog_RainandFog_positions.csv' did not travel at least 9 meters. Skipping.
2024-12-06 20:33:41,941 [INFO] Episode 60 in 'D:\Masters\Sem5\uavRL\inference_outputs\Trajectories\RainandFog\ppo_naturecnn_single_rgb_obstacle_weather_rainandfog_RainandFog\ppo_naturecnn_single_rgb_obstacle_weather_rainandfog_RainandFog_positions.csv' did not travel at least 9 meters. Skipping.
2024-12-06 20:33:41,942 [INFO] Episode 62 in 'D:\Masters\Sem5\uavRL\inference_outputs\Trajectories\RainandFog\ppo_naturecnn_single_rgb_obstacle_weather_rainandfog_RainandFog\ppo_naturecnn_single_rgb_obstacle_weather_rainandfog_RainandFog_positions.csv' did not travel at least 9 meters. Skipping.
2024-12-06 20:33:41,943 [INFO] Episode 65 in 'D:\Masters\Sem5\uavRL\inference_outputs\Trajectories\RainandFog\ppo_naturecnn_single_rgb_obstacle_weather_rainandfog_RainandFog\ppo_naturecnn_single_rgb_obstacle_weather_rainandfog_RainandFog_positions.csv' did not travel at least 9 meters. Skipping.
2024-12-06 20:33:41,944 [INFO] Episode 66 in 'D:\Masters\Sem5\uavRL\inference_outputs\Trajectories\RainandFog\ppo_naturecnn_single_rgb_obstacle_weather_rainandfog_RainandFog\ppo_naturecnn_single_rgb_obstacle_weather_rainandfog_RainandFog_positions.csv' did not travel at least 9 meters. Skipping.
2024-12-06 20:33:41,944 [INFO] Episode 68 in 'D:\Masters\Sem5\uavRL\inference_outputs\Trajectories\RainandFog\ppo_naturecnn_single_rgb_obstacle_weather_rainandfog_RainandFog\ppo_naturecnn_single_rgb_obstacle_weather_rainandfog_RainandFog_positions.csv' did not travel at least 9 meters. Skipping.
2024-12-06 20:33:41,945 [INFO] Episode 69 in 'D:\Masters\Sem5\uavRL\inference_outputs\Trajectories\RainandFog\ppo_naturecnn_single_rgb_obstacle_weather_rainandfog_RainandFog\ppo_naturecnn_single_rgb_obstacle_weather_rainandfog_RainandFog_positions.csv' did not travel at least 9 meters. Skipping.
2024-12-06 20:33:41,946 [INFO] Episode 70 in 'D:\Masters\Sem5\uavRL\inference_outputs\Trajectories\RainandFog\ppo_naturecnn_single_rgb_obstacle_weather_rainandfog_RainandFog\ppo_naturecnn_single_rgb_obstacle_weather_rainandfog_RainandFog_positions.csv' did not travel at least 9 meters. Skipping.
2024-12-06 20:33:41,946 [INFO] Episode 72 in 'D:\Masters\Sem5\uavRL\inference_outputs\Trajectories\RainandFog\ppo_naturecnn_single_rgb_obstacle_weather_rainandfog_RainandFog\ppo_naturecnn_single_rgb_obstacle_weather_rainandfog_RainandFog_positions.csv' did not travel at least 9 meters. Skipping.
2024-12-06 20:33:41,949 [INFO] Episode 75 in 'D:\Masters\Sem5\uavRL\inference_outputs\Trajectories\RainandFog\ppo_naturecnn_single_rgb_obstacle_weather_rainandfog_RainandFog\ppo_naturecnn_single_rgb_obstacle_weather_rainandfog_RainandFog_positions.csv' did not travel at least 9 meters. Skipping.
2024-12-06 20:33:41,949 [INFO] Episode 78 in 'D:\Masters\Sem5\uavRL\inference_outputs\Trajectories\RainandFog\ppo_naturecnn_single_rgb_obstacle_weather_rainandfog_RainandFog\ppo_naturecnn_single_rgb_obstacle_weather_rainandfog_RainandFog_positions.csv' did not travel at least 9 meters. Skipping.
2024-12-06 20:33:41,952 [INFO] Episode 84 in 'D:\Masters\Sem5\uavRL\inference_outputs\Trajectories\RainandFog\ppo_naturecnn_single_rgb_obstacle_weather_rainandfog_RainandFog\ppo_naturecnn_single_rgb_obstacle_weather_rainandfog_RainandFog_positions.csv' did not travel at least 9 meters. Skipping.
2024-12-06 20:33:41,953 [INFO] Episode 88 in 'D:\Masters\Sem5\uavRL\inference_outputs\Trajectories\RainandFog\ppo_naturecnn_single_rgb_obstacle_weather_rainandfog_RainandFog\ppo_naturecnn_single_rgb_obstacle_weather_rainandfog_RainandFog_positions.csv' did not travel at least 9 meters. Skipping.
2024-12-06 20:33:41,953 [INFO] Episode 89 in 'D:\Masters\Sem5\uavRL\inference_outputs\Trajectories\RainandFog\ppo_naturecnn_single_rgb_obstacle_weather_rainandfog_RainandFog\ppo_naturecnn_single_rgb_obstacle_weather_rainandfog_RainandFog_positions.csv' did not travel at least 9 meters. Skipping.
2024-12-06 20:33:41,954 [INFO] Episode 90 in 'D:\Masters\Sem5\uavRL\inference_outputs\Trajectories\RainandFog\ppo_naturecnn_single_rgb_obstacle_weather_rainandfog_RainandFog\ppo_naturecnn_single_rgb_obstacle_weather_rainandfog_RainandFog_positions.csv' did not travel at least 9 meters. Skipping.
2024-12-06 20:33:41,954 [INFO] Episode 91 in 'D:\Masters\Sem5\uavRL\inference_outputs\Trajectories\RainandFog\ppo_naturecnn_single_rgb_obstacle_weather_rainandfog_RainandFog\ppo_naturecnn_single_rgb_obstacle_weather_rainandfog_RainandFog_positions.csv' did not travel at least 9 meters. Skipping.
2024-12-06 20:33:41,955 [INFO] Episode 94 in 'D:\Masters\Sem5\uavRL\inference_outputs\Trajectories\RainandFog\ppo_naturecnn_single_rgb_obstacle_weather_rainandfog_RainandFog\ppo_naturecnn_single_rgb_obstacle_weather_rainandfog_RainandFog_positions.csv' did not travel at least 9 meters. Skipping.
2024-12-06 20:33:41,956 [INFO] Episode 96 in 'D:\Masters\Sem5\uavRL\inference_outputs\Trajectories\RainandFog\ppo_naturecnn_single_rgb_obstacle_weather_rainandfog_RainandFog\ppo_naturecnn_single_rgb_obstacle_weather_rainandfog_RainandFog_positions.csv' did not travel at least 9 meters. Skipping.
2024-12-06 20:33:41,956 [INFO] Episode 97 in 'D:\Masters\Sem5\uavRL\inference_outputs\Trajectories\RainandFog\ppo_naturecnn_single_rgb_obstacle_weather_rainandfog_RainandFog\ppo_naturecnn_single_rgb_obstacle_weather_rainandfog_RainandFog_positions.csv' did not travel at least 9 meters. Skipping.
2024-12-06 20:33:41,957 [INFO] Episode 98 in 'D:\Masters\Sem5\uavRL\inference_outputs\Trajectories\RainandFog\ppo_naturecnn_single_rgb_obstacle_weather_rainandfog_RainandFog\ppo_naturecnn_single_rgb_obstacle_weather_rainandfog_RainandFog_positions.csv' did not travel at least 9 meters. Skipping.
2024-12-06 20:33:41,958 [INFO] Episode 99 in 'D:\Masters\Sem5\uavRL\inference_outputs\Trajectories\RainandFog\ppo_naturecnn_single_rgb_obstacle_weather_rainandfog_RainandFog\ppo_naturecnn_single_rgb_obstacle_weather_rainandfog_RainandFog_positions.csv' did not travel at least 9 meters. Skipping.
2024-12-06 20:33:41,967 [INFO] Successfully read 'D:\Masters\Sem5\uavRL\inference_outputs\Trajectories\RainandFog\ppo_naturecnn_single_rgb_obstacle_weather_snowonly_RainandFog\ppo_naturecnn_single_rgb_obstacle_weather_snowonly_RainandFog_positions.csv'.
2024-12-06 20:33:41,968 [INFO] Episode 1 in 'D:\Masters\Sem5\uavRL\inference_outputs\Trajectories\RainandFog\ppo_naturecnn_single_rgb_obstacle_weather_snowonly_RainandFog\ppo_naturecnn_single_rgb_obstacle_weather_snowonly_RainandFog_positions.csv' did not travel at least 9 meters. Skipping.
2024-12-06 20:33:41,969 [INFO] Episode 2 in 'D:\Masters\Sem5\uavRL\inference_outputs\Trajectories\RainandFog\ppo_naturecnn_single_rgb_obstacle_weather_snowonly_RainandFog\ppo_naturecnn_single_rgb_obstacle_weather_snowonly_RainandFog_positions.csv' did not travel at least 9 meters. Skipping.
2024-12-06 20:33:41,969 [INFO] Episode 3 in 'D:\Masters\Sem5\uavRL\inference_outputs\Trajectories\RainandFog\ppo_naturecnn_single_rgb_obstacle_weather_snowonly_RainandFog\ppo_naturecnn_single_rgb_obstacle_weather_snowonly_RainandFog_positions.csv' did not travel at least 9 meters. Skipping.
2024-12-06 20:33:41,971 [INFO] Episode 4 in 'D:\Masters\Sem5\uavRL\inference_outputs\Trajectories\RainandFog\ppo_naturecnn_single_rgb_obstacle_weather_snowonly_RainandFog\ppo_naturecnn_single_rgb_obstacle_weather_snowonly_RainandFog_positions.csv' did not travel at least 9 meters. Skipping.
2024-12-06 20:33:41,971 [INFO] Episode 5 in 'D:\Masters\Sem5\uavRL\inference_outputs\Trajectories\RainandFog\ppo_naturecnn_single_rgb_obstacle_weather_snowonly_RainandFog\ppo_naturecnn_single_rgb_obstacle_weather_snowonly_RainandFog_positions.csv' did not travel at least 9 meters. Skipping.
2024-12-06 20:33:41,972 [INFO] Episode 6 in 'D:\Masters\Sem5\uavRL\inference_outputs\Trajectories\RainandFog\ppo_naturecnn_single_rgb_obstacle_weather_snowonly_RainandFog\ppo_naturecnn_single_rgb_obstacle_weather_snowonly_RainandFog_positions.csv' did not travel at least 9 meters. Skipping.
2024-12-06 20:33:41,972 [INFO] Episode 7 in 'D:\Masters\Sem5\uavRL\inference_outputs\Trajectories\RainandFog\ppo_naturecnn_single_rgb_obstacle_weather_snowonly_RainandFog\ppo_naturecnn_single_rgb_obstacle_weather_snowonly_RainandFog_positions.csv' did not travel at least 9 meters. Skipping.
2024-12-06 20:33:41,972 [INFO] Episode 8 in 'D:\Masters\Sem5\uavRL\inference_outputs\Trajectories\RainandFog\ppo_naturecnn_single_rgb_obstacle_weather_snowonly_RainandFog\ppo_naturecnn_single_rgb_obstacle_weather_snowonly_RainandFog_positions.csv' did not travel at least 9 meters. Skipping.
2024-12-06 20:33:41,972 [INFO] Episode 9 in 'D:\Masters\Sem5\uavRL\inference_outputs\Trajectories\RainandFog\ppo_naturecnn_single_rgb_obstacle_weather_snowonly_RainandFog\ppo_naturecnn_single_rgb_obstacle_weather_snowonly_RainandFog_positions.csv' did not travel at least 9 meters. Skipping.
2024-12-06 20:33:41,974 [INFO] Episode 10 in 'D:\Masters\Sem5\uavRL\inference_outputs\Trajectories\RainandFog\ppo_naturecnn_single_rgb_obstacle_weather_snowonly_RainandFog\ppo_naturecnn_single_rgb_obstacle_weather_snowonly_RainandFog_positions.csv' did not travel at least 9 meters. Skipping.
2024-12-06 20:33:41,974 [INFO] Episode 11 in 'D:\Masters\Sem5\uavRL\inference_outputs\Trajectories\RainandFog\ppo_naturecnn_single_rgb_obstacle_weather_snowonly_RainandFog\ppo_naturecnn_single_rgb_obstacle_weather_snowonly_RainandFog_positions.csv' did not travel at least 9 meters. Skipping.
2024-12-06 20:33:41,975 [INFO] Episode 12 in 'D:\Masters\Sem5\uavRL\inference_outputs\Trajectories\RainandFog\ppo_naturecnn_single_rgb_obstacle_weather_snowonly_RainandFog\ppo_naturecnn_single_rgb_obstacle_weather_snowonly_RainandFog_positions.csv' did not travel at least 9 meters. Skipping.
2024-12-06 20:33:41,975 [INFO] Episode 13 in 'D:\Masters\Sem5\uavRL\inference_outputs\Trajectories\RainandFog\ppo_naturecnn_single_rgb_obstacle_weather_snowonly_RainandFog\ppo_naturecnn_single_rgb_obstacle_weather_snowonly_RainandFog_positions.csv' did not travel at least 9 meters. Skipping.
2024-12-06 20:33:41,976 [INFO] Episode 14 in 'D:\Masters\Sem5\uavRL\inference_outputs\Trajectories\RainandFog\ppo_naturecnn_single_rgb_obstacle_weather_snowonly_RainandFog\ppo_naturecnn_single_rgb_obstacle_weather_snowonly_RainandFog_positions.csv' did not travel at least 9 meters. Skipping.
2024-12-06 20:33:41,976 [INFO] Episode 15 in 'D:\Masters\Sem5\uavRL\inference_outputs\Trajectories\RainandFog\ppo_naturecnn_single_rgb_obstacle_weather_snowonly_RainandFog\ppo_naturecnn_single_rgb_obstacle_weather_snowonly_RainandFog_positions.csv' did not travel at least 9 meters. Skipping.
2024-12-06 20:33:41,977 [INFO] Episode 16 in 'D:\Masters\Sem5\uavRL\inference_outputs\Trajectories\RainandFog\ppo_naturecnn_single_rgb_obstacle_weather_snowonly_RainandFog\ppo_naturecnn_single_rgb_obstacle_weather_snowonly_RainandFog_positions.csv' did not travel at least 9 meters. Skipping.
2024-12-06 20:33:41,977 [INFO] Episode 17 in 'D:\Masters\Sem5\uavRL\inference_outputs\Trajectories\RainandFog\ppo_naturecnn_single_rgb_obstacle_weather_snowonly_RainandFog\ppo_naturecnn_single_rgb_obstacle_weather_snowonly_RainandFog_positions.csv' did not travel at least 9 meters. Skipping.
2024-12-06 20:33:41,978 [INFO] Episode 18 in 'D:\Masters\Sem5\uavRL\inference_outputs\Trajectories\RainandFog\ppo_naturecnn_single_rgb_obstacle_weather_snowonly_RainandFog\ppo_naturecnn_single_rgb_obstacle_weather_snowonly_RainandFog_positions.csv' did not travel at least 9 meters. Skipping.
2024-12-06 20:33:41,979 [INFO] Episode 19 in 'D:\Masters\Sem5\uavRL\inference_outputs\Trajectories\RainandFog\ppo_naturecnn_single_rgb_obstacle_weather_snowonly_RainandFog\ppo_naturecnn_single_rgb_obstacle_weather_snowonly_RainandFog_positions.csv' did not travel at least 9 meters. Skipping.
2024-12-06 20:33:41,979 [INFO] Episode 20 in 'D:\Masters\Sem5\uavRL\inference_outputs\Trajectories\RainandFog\ppo_naturecnn_single_rgb_obstacle_weather_snowonly_RainandFog\ppo_naturecnn_single_rgb_obstacle_weather_snowonly_RainandFog_positions.csv' did not travel at least 9 meters. Skipping.
2024-12-06 20:33:41,980 [INFO] Episode 21 in 'D:\Masters\Sem5\uavRL\inference_outputs\Trajectories\RainandFog\ppo_naturecnn_single_rgb_obstacle_weather_snowonly_RainandFog\ppo_naturecnn_single_rgb_obstacle_weather_snowonly_RainandFog_positions.csv' did not travel at least 9 meters. Skipping.
2024-12-06 20:33:41,981 [INFO] Episode 22 in 'D:\Masters\Sem5\uavRL\inference_outputs\Trajectories\RainandFog\ppo_naturecnn_single_rgb_obstacle_weather_snowonly_RainandFog\ppo_naturecnn_single_rgb_obstacle_weather_snowonly_RainandFog_positions.csv' did not travel at least 9 meters. Skipping.
2024-12-06 20:33:41,982 [INFO] Episode 23 in 'D:\Masters\Sem5\uavRL\inference_outputs\Trajectories\RainandFog\ppo_naturecnn_single_rgb_obstacle_weather_snowonly_RainandFog\ppo_naturecnn_single_rgb_obstacle_weather_snowonly_RainandFog_positions.csv' did not travel at least 9 meters. Skipping.
2024-12-06 20:33:41,982 [INFO] Episode 24 in 'D:\Masters\Sem5\uavRL\inference_outputs\Trajectories\RainandFog\ppo_naturecnn_single_rgb_obstacle_weather_snowonly_RainandFog\ppo_naturecnn_single_rgb_obstacle_weather_snowonly_RainandFog_positions.csv' did not travel at least 9 meters. Skipping.
2024-12-06 20:33:41,983 [INFO] Episode 25 in 'D:\Masters\Sem5\uavRL\inference_outputs\Trajectories\RainandFog\ppo_naturecnn_single_rgb_obstacle_weather_snowonly_RainandFog\ppo_naturecnn_single_rgb_obstacle_weather_snowonly_RainandFog_positions.csv' did not travel at least 9 meters. Skipping.
2024-12-06 20:33:41,983 [INFO] Episode 26 in 'D:\Masters\Sem5\uavRL\inference_outputs\Trajectories\RainandFog\ppo_naturecnn_single_rgb_obstacle_weather_snowonly_RainandFog\ppo_naturecnn_single_rgb_obstacle_weather_snowonly_RainandFog_positions.csv' did not travel at least 9 meters. Skipping.
2024-12-06 20:33:41,984 [INFO] Episode 27 in 'D:\Masters\Sem5\uavRL\inference_outputs\Trajectories\RainandFog\ppo_naturecnn_single_rgb_obstacle_weather_snowonly_RainandFog\ppo_naturecnn_single_rgb_obstacle_weather_snowonly_RainandFog_positions.csv' did not travel at least 9 meters. Skipping.
2024-12-06 20:33:41,985 [INFO] Episode 28 in 'D:\Masters\Sem5\uavRL\inference_outputs\Trajectories\RainandFog\ppo_naturecnn_single_rgb_obstacle_weather_snowonly_RainandFog\ppo_naturecnn_single_rgb_obstacle_weather_snowonly_RainandFog_positions.csv' did not travel at least 9 meters. Skipping.
2024-12-06 20:33:41,985 [INFO] Episode 29 in 'D:\Masters\Sem5\uavRL\inference_outputs\Trajectories\RainandFog\ppo_naturecnn_single_rgb_obstacle_weather_snowonly_RainandFog\ppo_naturecnn_single_rgb_obstacle_weather_snowonly_RainandFog_positions.csv' did not travel at least 9 meters. Skipping.
2024-12-06 20:33:41,986 [INFO] Episode 30 in 'D:\Masters\Sem5\uavRL\inference_outputs\Trajectories\RainandFog\ppo_naturecnn_single_rgb_obstacle_weather_snowonly_RainandFog\ppo_naturecnn_single_rgb_obstacle_weather_snowonly_RainandFog_positions.csv' did not travel at least 9 meters. Skipping.
2024-12-06 20:33:41,986 [INFO] Episode 31 in 'D:\Masters\Sem5\uavRL\inference_outputs\Trajectories\RainandFog\ppo_naturecnn_single_rgb_obstacle_weather_snowonly_RainandFog\ppo_naturecnn_single_rgb_obstacle_weather_snowonly_RainandFog_positions.csv' did not travel at least 9 meters. Skipping.
2024-12-06 20:33:41,987 [INFO] Episode 32 in 'D:\Masters\Sem5\uavRL\inference_outputs\Trajectories\RainandFog\ppo_naturecnn_single_rgb_obstacle_weather_snowonly_RainandFog\ppo_naturecnn_single_rgb_obstacle_weather_snowonly_RainandFog_positions.csv' did not travel at least 9 meters. Skipping.
2024-12-06 20:33:41,987 [INFO] Episode 33 in 'D:\Masters\Sem5\uavRL\inference_outputs\Trajectories\RainandFog\ppo_naturecnn_single_rgb_obstacle_weather_snowonly_RainandFog\ppo_naturecnn_single_rgb_obstacle_weather_snowonly_RainandFog_positions.csv' did not travel at least 9 meters. Skipping.
2024-12-06 20:33:41,988 [INFO] Episode 34 in 'D:\Masters\Sem5\uavRL\inference_outputs\Trajectories\RainandFog\ppo_naturecnn_single_rgb_obstacle_weather_snowonly_RainandFog\ppo_naturecnn_single_rgb_obstacle_weather_snowonly_RainandFog_positions.csv' did not travel at least 9 meters. Skipping.
2024-12-06 20:33:41,988 [INFO] Episode 35 in 'D:\Masters\Sem5\uavRL\inference_outputs\Trajectories\RainandFog\ppo_naturecnn_single_rgb_obstacle_weather_snowonly_RainandFog\ppo_naturecnn_single_rgb_obstacle_weather_snowonly_RainandFog_positions.csv' did not travel at least 9 meters. Skipping.
2024-12-06 20:33:41,988 [INFO] Episode 36 in 'D:\Masters\Sem5\uavRL\inference_outputs\Trajectories\RainandFog\ppo_naturecnn_single_rgb_obstacle_weather_snowonly_RainandFog\ppo_naturecnn_single_rgb_obstacle_weather_snowonly_RainandFog_positions.csv' did not travel at least 9 meters. Skipping.
2024-12-06 20:33:41,990 [INFO] Episode 37 in 'D:\Masters\Sem5\uavRL\inference_outputs\Trajectories\RainandFog\ppo_naturecnn_single_rgb_obstacle_weather_snowonly_RainandFog\ppo_naturecnn_single_rgb_obstacle_weather_snowonly_RainandFog_positions.csv' did not travel at least 9 meters. Skipping.
2024-12-06 20:33:41,991 [INFO] Episode 38 in 'D:\Masters\Sem5\uavRL\inference_outputs\Trajectories\RainandFog\ppo_naturecnn_single_rgb_obstacle_weather_snowonly_RainandFog\ppo_naturecnn_single_rgb_obstacle_weather_snowonly_RainandFog_positions.csv' did not travel at least 9 meters. Skipping.
2024-12-06 20:33:41,991 [INFO] Episode 39 in 'D:\Masters\Sem5\uavRL\inference_outputs\Trajectories\RainandFog\ppo_naturecnn_single_rgb_obstacle_weather_snowonly_RainandFog\ppo_naturecnn_single_rgb_obstacle_weather_snowonly_RainandFog_positions.csv' did not travel at least 9 meters. Skipping.
2024-12-06 20:33:41,991 [INFO] Episode 40 in 'D:\Masters\Sem5\uavRL\inference_outputs\Trajectories\RainandFog\ppo_naturecnn_single_rgb_obstacle_weather_snowonly_RainandFog\ppo_naturecnn_single_rgb_obstacle_weather_snowonly_RainandFog_positions.csv' did not travel at least 9 meters. Skipping.
2024-12-06 20:33:41,991 [INFO] Episode 41 in 'D:\Masters\Sem5\uavRL\inference_outputs\Trajectories\RainandFog\ppo_naturecnn_single_rgb_obstacle_weather_snowonly_RainandFog\ppo_naturecnn_single_rgb_obstacle_weather_snowonly_RainandFog_positions.csv' did not travel at least 9 meters. Skipping.
2024-12-06 20:33:42,064 [INFO] Episode 42 in 'D:\Masters\Sem5\uavRL\inference_outputs\Trajectories\RainandFog\ppo_naturecnn_single_rgb_obstacle_weather_snowonly_RainandFog\ppo_naturecnn_single_rgb_obstacle_weather_snowonly_RainandFog_positions.csv' did not travel at least 9 meters. Skipping.
2024-12-06 20:33:42,065 [INFO] Episode 43 in 'D:\Masters\Sem5\uavRL\inference_outputs\Trajectories\RainandFog\ppo_naturecnn_single_rgb_obstacle_weather_snowonly_RainandFog\ppo_naturecnn_single_rgb_obstacle_weather_snowonly_RainandFog_positions.csv' did not travel at least 9 meters. Skipping.
2024-12-06 20:33:42,066 [INFO] Episode 44 in 'D:\Masters\Sem5\uavRL\inference_outputs\Trajectories\RainandFog\ppo_naturecnn_single_rgb_obstacle_weather_snowonly_RainandFog\ppo_naturecnn_single_rgb_obstacle_weather_snowonly_RainandFog_positions.csv' did not travel at least 9 meters. Skipping.
2024-12-06 20:33:42,066 [INFO] Episode 45 in 'D:\Masters\Sem5\uavRL\inference_outputs\Trajectories\RainandFog\ppo_naturecnn_single_rgb_obstacle_weather_snowonly_RainandFog\ppo_naturecnn_single_rgb_obstacle_weather_snowonly_RainandFog_positions.csv' did not travel at least 9 meters. Skipping.
2024-12-06 20:33:42,067 [INFO] Episode 46 in 'D:\Masters\Sem5\uavRL\inference_outputs\Trajectories\RainandFog\ppo_naturecnn_single_rgb_obstacle_weather_snowonly_RainandFog\ppo_naturecnn_single_rgb_obstacle_weather_snowonly_RainandFog_positions.csv' did not travel at least 9 meters. Skipping.
2024-12-06 20:33:42,067 [INFO] Episode 47 in 'D:\Masters\Sem5\uavRL\inference_outputs\Trajectories\RainandFog\ppo_naturecnn_single_rgb_obstacle_weather_snowonly_RainandFog\ppo_naturecnn_single_rgb_obstacle_weather_snowonly_RainandFog_positions.csv' did not travel at least 9 meters. Skipping.
2024-12-06 20:33:42,068 [INFO] Episode 48 in 'D:\Masters\Sem5\uavRL\inference_outputs\Trajectories\RainandFog\ppo_naturecnn_single_rgb_obstacle_weather_snowonly_RainandFog\ppo_naturecnn_single_rgb_obstacle_weather_snowonly_RainandFog_positions.csv' did not travel at least 9 meters. Skipping.
2024-12-06 20:33:42,068 [INFO] Episode 49 in 'D:\Masters\Sem5\uavRL\inference_outputs\Trajectories\RainandFog\ppo_naturecnn_single_rgb_obstacle_weather_snowonly_RainandFog\ppo_naturecnn_single_rgb_obstacle_weather_snowonly_RainandFog_positions.csv' did not travel at least 9 meters. Skipping.
2024-12-06 20:33:42,069 [INFO] Episode 50 in 'D:\Masters\Sem5\uavRL\inference_outputs\Trajectories\RainandFog\ppo_naturecnn_single_rgb_obstacle_weather_snowonly_RainandFog\ppo_naturecnn_single_rgb_obstacle_weather_snowonly_RainandFog_positions.csv' did not travel at least 9 meters. Skipping.
2024-12-06 20:33:42,069 [INFO] Episode 51 in 'D:\Masters\Sem5\uavRL\inference_outputs\Trajectories\RainandFog\ppo_naturecnn_single_rgb_obstacle_weather_snowonly_RainandFog\ppo_naturecnn_single_rgb_obstacle_weather_snowonly_RainandFog_positions.csv' did not travel at least 9 meters. Skipping.
2024-12-06 20:33:42,070 [INFO] Episode 52 in 'D:\Masters\Sem5\uavRL\inference_outputs\Trajectories\RainandFog\ppo_naturecnn_single_rgb_obstacle_weather_snowonly_RainandFog\ppo_naturecnn_single_rgb_obstacle_weather_snowonly_RainandFog_positions.csv' did not travel at least 9 meters. Skipping.
2024-12-06 20:33:42,071 [INFO] Episode 53 in 'D:\Masters\Sem5\uavRL\inference_outputs\Trajectories\RainandFog\ppo_naturecnn_single_rgb_obstacle_weather_snowonly_RainandFog\ppo_naturecnn_single_rgb_obstacle_weather_snowonly_RainandFog_positions.csv' did not travel at least 9 meters. Skipping.
2024-12-06 20:33:42,071 [INFO] Episode 54 in 'D:\Masters\Sem5\uavRL\inference_outputs\Trajectories\RainandFog\ppo_naturecnn_single_rgb_obstacle_weather_snowonly_RainandFog\ppo_naturecnn_single_rgb_obstacle_weather_snowonly_RainandFog_positions.csv' did not travel at least 9 meters. Skipping.
2024-12-06 20:33:42,071 [INFO] Episode 55 in 'D:\Masters\Sem5\uavRL\inference_outputs\Trajectories\RainandFog\ppo_naturecnn_single_rgb_obstacle_weather_snowonly_RainandFog\ppo_naturecnn_single_rgb_obstacle_weather_snowonly_RainandFog_positions.csv' did not travel at least 9 meters. Skipping.
2024-12-06 20:33:42,072 [INFO] Episode 56 in 'D:\Masters\Sem5\uavRL\inference_outputs\Trajectories\RainandFog\ppo_naturecnn_single_rgb_obstacle_weather_snowonly_RainandFog\ppo_naturecnn_single_rgb_obstacle_weather_snowonly_RainandFog_positions.csv' did not travel at least 9 meters. Skipping.
2024-12-06 20:33:42,073 [INFO] Episode 57 in 'D:\Masters\Sem5\uavRL\inference_outputs\Trajectories\RainandFog\ppo_naturecnn_single_rgb_obstacle_weather_snowonly_RainandFog\ppo_naturecnn_single_rgb_obstacle_weather_snowonly_RainandFog_positions.csv' did not travel at least 9 meters. Skipping.
2024-12-06 20:33:42,073 [INFO] Episode 58 in 'D:\Masters\Sem5\uavRL\inference_outputs\Trajectories\RainandFog\ppo_naturecnn_single_rgb_obstacle_weather_snowonly_RainandFog\ppo_naturecnn_single_rgb_obstacle_weather_snowonly_RainandFog_positions.csv' did not travel at least 9 meters. Skipping.
2024-12-06 20:33:42,074 [INFO] Episode 59 in 'D:\Masters\Sem5\uavRL\inference_outputs\Trajectories\RainandFog\ppo_naturecnn_single_rgb_obstacle_weather_snowonly_RainandFog\ppo_naturecnn_single_rgb_obstacle_weather_snowonly_RainandFog_positions.csv' did not travel at least 9 meters. Skipping.
2024-12-06 20:33:42,074 [INFO] Episode 60 in 'D:\Masters\Sem5\uavRL\inference_outputs\Trajectories\RainandFog\ppo_naturecnn_single_rgb_obstacle_weather_snowonly_RainandFog\ppo_naturecnn_single_rgb_obstacle_weather_snowonly_RainandFog_positions.csv' did not travel at least 9 meters. Skipping.
2024-12-06 20:33:42,075 [INFO] Episode 61 in 'D:\Masters\Sem5\uavRL\inference_outputs\Trajectories\RainandFog\ppo_naturecnn_single_rgb_obstacle_weather_snowonly_RainandFog\ppo_naturecnn_single_rgb_obstacle_weather_snowonly_RainandFog_positions.csv' did not travel at least 9 meters. Skipping.
2024-12-06 20:33:42,075 [INFO] Episode 62 in 'D:\Masters\Sem5\uavRL\inference_outputs\Trajectories\RainandFog\ppo_naturecnn_single_rgb_obstacle_weather_snowonly_RainandFog\ppo_naturecnn_single_rgb_obstacle_weather_snowonly_RainandFog_positions.csv' did not travel at least 9 meters. Skipping.
2024-12-06 20:33:42,076 [INFO] Episode 63 in 'D:\Masters\Sem5\uavRL\inference_outputs\Trajectories\RainandFog\ppo_naturecnn_single_rgb_obstacle_weather_snowonly_RainandFog\ppo_naturecnn_single_rgb_obstacle_weather_snowonly_RainandFog_positions.csv' did not travel at least 9 meters. Skipping.
2024-12-06 20:33:42,076 [INFO] Episode 64 in 'D:\Masters\Sem5\uavRL\inference_outputs\Trajectories\RainandFog\ppo_naturecnn_single_rgb_obstacle_weather_snowonly_RainandFog\ppo_naturecnn_single_rgb_obstacle_weather_snowonly_RainandFog_positions.csv' did not travel at least 9 meters. Skipping.
2024-12-06 20:33:42,076 [INFO] Episode 65 in 'D:\Masters\Sem5\uavRL\inference_outputs\Trajectories\RainandFog\ppo_naturecnn_single_rgb_obstacle_weather_snowonly_RainandFog\ppo_naturecnn_single_rgb_obstacle_weather_snowonly_RainandFog_positions.csv' did not travel at least 9 meters. Skipping.
2024-12-06 20:33:42,077 [INFO] Episode 66 in 'D:\Masters\Sem5\uavRL\inference_outputs\Trajectories\RainandFog\ppo_naturecnn_single_rgb_obstacle_weather_snowonly_RainandFog\ppo_naturecnn_single_rgb_obstacle_weather_snowonly_RainandFog_positions.csv' did not travel at least 9 meters. Skipping.
2024-12-06 20:33:42,078 [INFO] Episode 67 in 'D:\Masters\Sem5\uavRL\inference_outputs\Trajectories\RainandFog\ppo_naturecnn_single_rgb_obstacle_weather_snowonly_RainandFog\ppo_naturecnn_single_rgb_obstacle_weather_snowonly_RainandFog_positions.csv' did not travel at least 9 meters. Skipping.
2024-12-06 20:33:42,078 [INFO] Episode 68 in 'D:\Masters\Sem5\uavRL\inference_outputs\Trajectories\RainandFog\ppo_naturecnn_single_rgb_obstacle_weather_snowonly_RainandFog\ppo_naturecnn_single_rgb_obstacle_weather_snowonly_RainandFog_positions.csv' did not travel at least 9 meters. Skipping.
2024-12-06 20:33:42,079 [INFO] Episode 69 in 'D:\Masters\Sem5\uavRL\inference_outputs\Trajectories\RainandFog\ppo_naturecnn_single_rgb_obstacle_weather_snowonly_RainandFog\ppo_naturecnn_single_rgb_obstacle_weather_snowonly_RainandFog_positions.csv' did not travel at least 9 meters. Skipping.
2024-12-06 20:33:42,079 [INFO] Episode 70 in 'D:\Masters\Sem5\uavRL\inference_outputs\Trajectories\RainandFog\ppo_naturecnn_single_rgb_obstacle_weather_snowonly_RainandFog\ppo_naturecnn_single_rgb_obstacle_weather_snowonly_RainandFog_positions.csv' did not travel at least 9 meters. Skipping.
2024-12-06 20:33:42,079 [INFO] Episode 71 in 'D:\Masters\Sem5\uavRL\inference_outputs\Trajectories\RainandFog\ppo_naturecnn_single_rgb_obstacle_weather_snowonly_RainandFog\ppo_naturecnn_single_rgb_obstacle_weather_snowonly_RainandFog_positions.csv' did not travel at least 9 meters. Skipping.
2024-12-06 20:33:42,081 [INFO] Episode 72 in 'D:\Masters\Sem5\uavRL\inference_outputs\Trajectories\RainandFog\ppo_naturecnn_single_rgb_obstacle_weather_snowonly_RainandFog\ppo_naturecnn_single_rgb_obstacle_weather_snowonly_RainandFog_positions.csv' did not travel at least 9 meters. Skipping.
2024-12-06 20:33:42,082 [INFO] Episode 73 in 'D:\Masters\Sem5\uavRL\inference_outputs\Trajectories\RainandFog\ppo_naturecnn_single_rgb_obstacle_weather_snowonly_RainandFog\ppo_naturecnn_single_rgb_obstacle_weather_snowonly_RainandFog_positions.csv' did not travel at least 9 meters. Skipping.
2024-12-06 20:33:42,082 [INFO] Episode 74 in 'D:\Masters\Sem5\uavRL\inference_outputs\Trajectories\RainandFog\ppo_naturecnn_single_rgb_obstacle_weather_snowonly_RainandFog\ppo_naturecnn_single_rgb_obstacle_weather_snowonly_RainandFog_positions.csv' did not travel at least 9 meters. Skipping.
2024-12-06 20:33:42,083 [INFO] Episode 75 in 'D:\Masters\Sem5\uavRL\inference_outputs\Trajectories\RainandFog\ppo_naturecnn_single_rgb_obstacle_weather_snowonly_RainandFog\ppo_naturecnn_single_rgb_obstacle_weather_snowonly_RainandFog_positions.csv' did not travel at least 9 meters. Skipping.
2024-12-06 20:33:42,083 [INFO] Episode 76 in 'D:\Masters\Sem5\uavRL\inference_outputs\Trajectories\RainandFog\ppo_naturecnn_single_rgb_obstacle_weather_snowonly_RainandFog\ppo_naturecnn_single_rgb_obstacle_weather_snowonly_RainandFog_positions.csv' did not travel at least 9 meters. Skipping.
2024-12-06 20:33:42,084 [INFO] Episode 77 in 'D:\Masters\Sem5\uavRL\inference_outputs\Trajectories\RainandFog\ppo_naturecnn_single_rgb_obstacle_weather_snowonly_RainandFog\ppo_naturecnn_single_rgb_obstacle_weather_snowonly_RainandFog_positions.csv' did not travel at least 9 meters. Skipping.
2024-12-06 20:33:42,084 [INFO] Episode 78 in 'D:\Masters\Sem5\uavRL\inference_outputs\Trajectories\RainandFog\ppo_naturecnn_single_rgb_obstacle_weather_snowonly_RainandFog\ppo_naturecnn_single_rgb_obstacle_weather_snowonly_RainandFog_positions.csv' did not travel at least 9 meters. Skipping.
2024-12-06 20:33:42,085 [INFO] Episode 79 in 'D:\Masters\Sem5\uavRL\inference_outputs\Trajectories\RainandFog\ppo_naturecnn_single_rgb_obstacle_weather_snowonly_RainandFog\ppo_naturecnn_single_rgb_obstacle_weather_snowonly_RainandFog_positions.csv' did not travel at least 9 meters. Skipping.
2024-12-06 20:33:42,085 [INFO] Episode 80 in 'D:\Masters\Sem5\uavRL\inference_outputs\Trajectories\RainandFog\ppo_naturecnn_single_rgb_obstacle_weather_snowonly_RainandFog\ppo_naturecnn_single_rgb_obstacle_weather_snowonly_RainandFog_positions.csv' did not travel at least 9 meters. Skipping.
2024-12-06 20:33:42,087 [INFO] Episode 82 in 'D:\Masters\Sem5\uavRL\inference_outputs\Trajectories\RainandFog\ppo_naturecnn_single_rgb_obstacle_weather_snowonly_RainandFog\ppo_naturecnn_single_rgb_obstacle_weather_snowonly_RainandFog_positions.csv' did not travel at least 9 meters. Skipping.
2024-12-06 20:33:42,088 [INFO] Episode 83 in 'D:\Masters\Sem5\uavRL\inference_outputs\Trajectories\RainandFog\ppo_naturecnn_single_rgb_obstacle_weather_snowonly_RainandFog\ppo_naturecnn_single_rgb_obstacle_weather_snowonly_RainandFog_positions.csv' did not travel at least 9 meters. Skipping.
2024-12-06 20:33:42,088 [INFO] Episode 84 in 'D:\Masters\Sem5\uavRL\inference_outputs\Trajectories\RainandFog\ppo_naturecnn_single_rgb_obstacle_weather_snowonly_RainandFog\ppo_naturecnn_single_rgb_obstacle_weather_snowonly_RainandFog_positions.csv' did not travel at least 9 meters. Skipping.
2024-12-06 20:33:42,089 [INFO] Episode 85 in 'D:\Masters\Sem5\uavRL\inference_outputs\Trajectories\RainandFog\ppo_naturecnn_single_rgb_obstacle_weather_snowonly_RainandFog\ppo_naturecnn_single_rgb_obstacle_weather_snowonly_RainandFog_positions.csv' did not travel at least 9 meters. Skipping.
2024-12-06 20:33:42,089 [INFO] Episode 86 in 'D:\Masters\Sem5\uavRL\inference_outputs\Trajectories\RainandFog\ppo_naturecnn_single_rgb_obstacle_weather_snowonly_RainandFog\ppo_naturecnn_single_rgb_obstacle_weather_snowonly_RainandFog_positions.csv' did not travel at least 9 meters. Skipping.
2024-12-06 20:33:42,089 [INFO] Episode 87 in 'D:\Masters\Sem5\uavRL\inference_outputs\Trajectories\RainandFog\ppo_naturecnn_single_rgb_obstacle_weather_snowonly_RainandFog\ppo_naturecnn_single_rgb_obstacle_weather_snowonly_RainandFog_positions.csv' did not travel at least 9 meters. Skipping.
2024-12-06 20:33:42,091 [INFO] Episode 88 in 'D:\Masters\Sem5\uavRL\inference_outputs\Trajectories\RainandFog\ppo_naturecnn_single_rgb_obstacle_weather_snowonly_RainandFog\ppo_naturecnn_single_rgb_obstacle_weather_snowonly_RainandFog_positions.csv' did not travel at least 9 meters. Skipping.
2024-12-06 20:33:42,091 [INFO] Episode 89 in 'D:\Masters\Sem5\uavRL\inference_outputs\Trajectories\RainandFog\ppo_naturecnn_single_rgb_obstacle_weather_snowonly_RainandFog\ppo_naturecnn_single_rgb_obstacle_weather_snowonly_RainandFog_positions.csv' did not travel at least 9 meters. Skipping.
2024-12-06 20:33:42,092 [INFO] Episode 90 in 'D:\Masters\Sem5\uavRL\inference_outputs\Trajectories\RainandFog\ppo_naturecnn_single_rgb_obstacle_weather_snowonly_RainandFog\ppo_naturecnn_single_rgb_obstacle_weather_snowonly_RainandFog_positions.csv' did not travel at least 9 meters. Skipping.
2024-12-06 20:33:42,092 [INFO] Episode 91 in 'D:\Masters\Sem5\uavRL\inference_outputs\Trajectories\RainandFog\ppo_naturecnn_single_rgb_obstacle_weather_snowonly_RainandFog\ppo_naturecnn_single_rgb_obstacle_weather_snowonly_RainandFog_positions.csv' did not travel at least 9 meters. Skipping.
2024-12-06 20:33:42,093 [INFO] Episode 92 in 'D:\Masters\Sem5\uavRL\inference_outputs\Trajectories\RainandFog\ppo_naturecnn_single_rgb_obstacle_weather_snowonly_RainandFog\ppo_naturecnn_single_rgb_obstacle_weather_snowonly_RainandFog_positions.csv' did not travel at least 9 meters. Skipping.
2024-12-06 20:33:42,093 [INFO] Episode 93 in 'D:\Masters\Sem5\uavRL\inference_outputs\Trajectories\RainandFog\ppo_naturecnn_single_rgb_obstacle_weather_snowonly_RainandFog\ppo_naturecnn_single_rgb_obstacle_weather_snowonly_RainandFog_positions.csv' did not travel at least 9 meters. Skipping.
2024-12-06 20:33:42,094 [INFO] Episode 94 in 'D:\Masters\Sem5\uavRL\inference_outputs\Trajectories\RainandFog\ppo_naturecnn_single_rgb_obstacle_weather_snowonly_RainandFog\ppo_naturecnn_single_rgb_obstacle_weather_snowonly_RainandFog_positions.csv' did not travel at least 9 meters. Skipping.
2024-12-06 20:33:42,094 [INFO] Episode 95 in 'D:\Masters\Sem5\uavRL\inference_outputs\Trajectories\RainandFog\ppo_naturecnn_single_rgb_obstacle_weather_snowonly_RainandFog\ppo_naturecnn_single_rgb_obstacle_weather_snowonly_RainandFog_positions.csv' did not travel at least 9 meters. Skipping.
2024-12-06 20:33:42,094 [INFO] Episode 96 in 'D:\Masters\Sem5\uavRL\inference_outputs\Trajectories\RainandFog\ppo_naturecnn_single_rgb_obstacle_weather_snowonly_RainandFog\ppo_naturecnn_single_rgb_obstacle_weather_snowonly_RainandFog_positions.csv' did not travel at least 9 meters. Skipping.
2024-12-06 20:33:42,096 [INFO] Episode 97 in 'D:\Masters\Sem5\uavRL\inference_outputs\Trajectories\RainandFog\ppo_naturecnn_single_rgb_obstacle_weather_snowonly_RainandFog\ppo_naturecnn_single_rgb_obstacle_weather_snowonly_RainandFog_positions.csv' did not travel at least 9 meters. Skipping.
2024-12-06 20:33:42,096 [INFO] Episode 98 in 'D:\Masters\Sem5\uavRL\inference_outputs\Trajectories\RainandFog\ppo_naturecnn_single_rgb_obstacle_weather_snowonly_RainandFog\ppo_naturecnn_single_rgb_obstacle_weather_snowonly_RainandFog_positions.csv' did not travel at least 9 meters. Skipping.
2024-12-06 20:33:42,097 [INFO] Episode 99 in 'D:\Masters\Sem5\uavRL\inference_outputs\Trajectories\RainandFog\ppo_naturecnn_single_rgb_obstacle_weather_snowonly_RainandFog\ppo_naturecnn_single_rgb_obstacle_weather_snowonly_RainandFog_positions.csv' did not travel at least 9 meters. Skipping.
2024-12-06 20:33:42,097 [INFO] Episode 100 in 'D:\Masters\Sem5\uavRL\inference_outputs\Trajectories\RainandFog\ppo_naturecnn_single_rgb_obstacle_weather_snowonly_RainandFog\ppo_naturecnn_single_rgb_obstacle_weather_snowonly_RainandFog_positions.csv' did not travel at least 9 meters. Skipping.
2024-12-06 20:33:42,098 [INFO] Wall positions determined at: [3.7, 7.4, 11.100000000000001]
2024-12-06 20:33:42,100 [INFO] Plotted mean trajectory from 'ppo_naturecnn_single_rgb_RainandFog_positions.csv' with color 'blue'.
2024-12-06 20:33:42,101 [INFO] Plotted mean trajectory from 'ppo_naturecnn_single_rgb_obstacle_weather_leavesfalling_RainandFog_positions.csv' with color 'green'.
2024-12-06 20:33:42,102 [INFO] Plotted mean trajectory from 'ppo_naturecnn_single_rgb_obstacle_weather_rainandfog_RainandFog_positions.csv' with color 'orange'.
2024-12-06 20:33:42,103 [INFO] Plotted mean trajectory from 'ppo_naturecnn_single_rgb_obstacle_weather_snowonly_RainandFog_positions.csv' with color 'purple'.
2024-12-06 20:33:42,162 [INFO] Added wall surface at X=3.7 with Trajectory Variations and Passages.
2024-12-06 20:33:42,209 [INFO] Added wall surface at X=7.4 with Trajectory Variations and Passages.
2024-12-06 20:33:42,212 [WARNING] No data near wall at X=11.100000000000001. Skipping hole creation.
2024-12-06 20:33:42,213 [INFO] Completed plotting walls and holes.
2024-12-06 20:33:42,386 [INFO] Similarity between 'ppo_naturecnn_single_rgb_RainandFog_positions.csv' and 'ppo_naturecnn_single_rgb_obstacle_weather_leavesfalling_RainandFog_positions.csv':
2024-12-06 20:33:42,386 [INFO]   - Cosine Similarity (Mean): 0.8817
2024-12-06 20:33:42,386 [INFO]   - Pearson Correlation (Mean): 0.6928
2024-12-06 20:33:42,387 [INFO]   - Normalized Cross-Correlation (Mean): 0.6928
2024-12-06 20:33:42,387 [INFO]   - Lag at Max NCC (Y): 0, (Z): 0
2024-12-06 20:33:42,397 [INFO] Similarity between 'ppo_naturecnn_single_rgb_RainandFog_positions.csv' and 'ppo_naturecnn_single_rgb_obstacle_weather_rainandfog_RainandFog_positions.csv':
2024-12-06 20:33:42,397 [INFO]   - Cosine Similarity (Mean): 0.8624
2024-12-06 20:33:42,397 [INFO]   - Pearson Correlation (Mean): 0.5470
2024-12-06 20:33:42,397 [INFO]   - Normalized Cross-Correlation (Mean): 0.6644
2024-12-06 20:33:42,397 [INFO]   - Lag at Max NCC (Y): 262, (Z): 0
2024-12-06 20:33:42,406 [INFO] Similarity between 'ppo_naturecnn_single_rgb_RainandFog_positions.csv' and 'ppo_naturecnn_single_rgb_obstacle_weather_snowonly_RainandFog_positions.csv':
2024-12-06 20:33:42,407 [INFO]   - Cosine Similarity (Mean): 0.5272
2024-12-06 20:33:42,407 [INFO]   - Pearson Correlation (Mean): 0.7187
2024-12-06 20:33:42,407 [INFO]   - Normalized Cross-Correlation (Mean): 0.7187
2024-12-06 20:33:42,407 [INFO]   - Lag at Max NCC (Y): 0, (Z): 0
2024-12-06 20:33:42,418 [INFO] Similarity between 'ppo_naturecnn_single_rgb_obstacle_weather_leavesfalling_RainandFog_positions.csv' and 'ppo_naturecnn_single_rgb_obstacle_weather_rainandfog_RainandFog_positions.csv':
2024-12-06 20:33:42,418 [INFO]   - Cosine Similarity (Mean): 0.9228
2024-12-06 20:33:42,419 [INFO]   - Pearson Correlation (Mean): 0.7470
2024-12-06 20:33:42,419 [INFO]   - Normalized Cross-Correlation (Mean): 0.7649
2024-12-06 20:33:42,419 [INFO]   - Lag at Max NCC (Y): 27, (Z): 0
2024-12-06 20:33:42,434 [INFO] Similarity between 'ppo_naturecnn_single_rgb_obstacle_weather_leavesfalling_RainandFog_positions.csv' and 'ppo_naturecnn_single_rgb_obstacle_weather_snowonly_RainandFog_positions.csv':
2024-12-06 20:33:42,434 [INFO]   - Cosine Similarity (Mean): 0.6851
2024-12-06 20:33:42,434 [INFO]   - Pearson Correlation (Mean): 0.6363
2024-12-06 20:33:42,434 [INFO]   - Normalized Cross-Correlation (Mean): 0.6392
2024-12-06 20:33:42,435 [INFO]   - Lag at Max NCC (Y): -127, (Z): 0
2024-12-06 20:33:42,446 [INFO] Similarity between 'ppo_naturecnn_single_rgb_obstacle_weather_rainandfog_RainandFog_positions.csv' and 'ppo_naturecnn_single_rgb_obstacle_weather_snowonly_RainandFog_positions.csv':
2024-12-06 20:33:42,447 [INFO]   - Cosine Similarity (Mean): 0.6522
2024-12-06 20:33:42,447 [INFO]   - Pearson Correlation (Mean): 0.4509
2024-12-06 20:33:42,447 [INFO]   - Normalized Cross-Correlation (Mean): 0.6778
2024-12-06 20:33:42,447 [INFO]   - Lag at Max NCC (Y): -133, (Z): 0
2024-12-06 20:33:42,888 [INFO] Cross-correlation plot saved as 'inference_outputs\RGB_PPO_RainandFog_Variants\RGB_PPO_RainandFog_Variants_cross_correlation_part1.png'.
2024-12-06 20:33:43,237 [INFO] Mean trajectories plotted and saved as 'inference_outputs\RGB_PPO_RainandFog_Variants\RGB_PPO_RainandFog_Variants_mean_trajectories.png'.
2024-12-06 20:33:43,249 [INFO] Similarity summary saved as 'inference_outputs\RGB_PPO_RainandFog_Variants\RGB_PPO_RainandFog_Variants_similarity_summary.csv'.
