2024-12-06 20:09:24,539 [INFO] Logging initialized for scenario: 'RGB_A2CvsPPO_LeavesFalling'
2024-12-06 20:09:24,540 [INFO] Received command-line arguments: Scenario='RGB_A2CvsPPO_LeavesFalling', Filenames=['D:\\Masters\\Sem5\\uavRL\\inference_outputs\\Trajectories\\LeavesFalling\\a2c_naturecnn_single_rgb_leavesFalling\\a2c_naturecnn_single_rgb_leavesFalling_positions.csv', 'D:\\Masters\\Sem5\\uavRL\\inference_outputs\\Trajectories\\LeavesFalling\\ppo_naturecnn_single_rgb_leavesFalling\\ppo_naturecnn_single_rgb_leavesFalling_positions.csv']
2024-12-06 20:09:24,540 [INFO] Starting to plot multiple mean trajectories.
2024-12-06 20:09:24,690 [INFO] Successfully read 'D:\Masters\Sem5\uavRL\inference_outputs\Trajectories\LeavesFalling\a2c_naturecnn_single_rgb_leavesFalling\a2c_naturecnn_single_rgb_leavesFalling_positions.csv'.
2024-12-06 20:09:24,692 [INFO] Episode 1 in 'D:\Masters\Sem5\uavRL\inference_outputs\Trajectories\LeavesFalling\a2c_naturecnn_single_rgb_leavesFalling\a2c_naturecnn_single_rgb_leavesFalling_positions.csv' did not travel at least 9 meters. Skipping.
2024-12-06 20:09:24,693 [INFO] Episode 3 in 'D:\Masters\Sem5\uavRL\inference_outputs\Trajectories\LeavesFalling\a2c_naturecnn_single_rgb_leavesFalling\a2c_naturecnn_single_rgb_leavesFalling_positions.csv' did not travel at least 9 meters. Skipping.
2024-12-06 20:09:24,694 [INFO] Episode 7 in 'D:\Masters\Sem5\uavRL\inference_outputs\Trajectories\LeavesFalling\a2c_naturecnn_single_rgb_leavesFalling\a2c_naturecnn_single_rgb_leavesFalling_positions.csv' did not travel at least 9 meters. Skipping.
2024-12-06 20:09:24,695 [INFO] Episode 8 in 'D:\Masters\Sem5\uavRL\inference_outputs\Trajectories\LeavesFalling\a2c_naturecnn_single_rgb_leavesFalling\a2c_naturecnn_single_rgb_leavesFalling_positions.csv' did not travel at least 9 meters. Skipping.
2024-12-06 20:09:24,696 [INFO] Episode 10 in 'D:\Masters\Sem5\uavRL\inference_outputs\Trajectories\LeavesFalling\a2c_naturecnn_single_rgb_leavesFalling\a2c_naturecnn_single_rgb_leavesFalling_positions.csv' did not travel at least 9 meters. Skipping.
2024-12-06 20:09:24,696 [INFO] Episode 11 in 'D:\Masters\Sem5\uavRL\inference_outputs\Trajectories\LeavesFalling\a2c_naturecnn_single_rgb_leavesFalling\a2c_naturecnn_single_rgb_leavesFalling_positions.csv' did not travel at least 9 meters. Skipping.
2024-12-06 20:09:24,698 [INFO] Episode 13 in 'D:\Masters\Sem5\uavRL\inference_outputs\Trajectories\LeavesFalling\a2c_naturecnn_single_rgb_leavesFalling\a2c_naturecnn_single_rgb_leavesFalling_positions.csv' did not travel at least 9 meters. Skipping.
2024-12-06 20:09:24,698 [INFO] Episode 16 in 'D:\Masters\Sem5\uavRL\inference_outputs\Trajectories\LeavesFalling\a2c_naturecnn_single_rgb_leavesFalling\a2c_naturecnn_single_rgb_leavesFalling_positions.csv' did not travel at least 9 meters. Skipping.
2024-12-06 20:09:24,699 [INFO] Episode 17 in 'D:\Masters\Sem5\uavRL\inference_outputs\Trajectories\LeavesFalling\a2c_naturecnn_single_rgb_leavesFalling\a2c_naturecnn_single_rgb_leavesFalling_positions.csv' did not travel at least 9 meters. Skipping.
2024-12-06 20:09:24,699 [INFO] Episode 18 in 'D:\Masters\Sem5\uavRL\inference_outputs\Trajectories\LeavesFalling\a2c_naturecnn_single_rgb_leavesFalling\a2c_naturecnn_single_rgb_leavesFalling_positions.csv' did not travel at least 9 meters. Skipping.
2024-12-06 20:09:24,700 [INFO] Episode 20 in 'D:\Masters\Sem5\uavRL\inference_outputs\Trajectories\LeavesFalling\a2c_naturecnn_single_rgb_leavesFalling\a2c_naturecnn_single_rgb_leavesFalling_positions.csv' did not travel at least 9 meters. Skipping.
2024-12-06 20:09:24,701 [INFO] Episode 22 in 'D:\Masters\Sem5\uavRL\inference_outputs\Trajectories\LeavesFalling\a2c_naturecnn_single_rgb_leavesFalling\a2c_naturecnn_single_rgb_leavesFalling_positions.csv' did not travel at least 9 meters. Skipping.
2024-12-06 20:09:24,701 [INFO] Episode 24 in 'D:\Masters\Sem5\uavRL\inference_outputs\Trajectories\LeavesFalling\a2c_naturecnn_single_rgb_leavesFalling\a2c_naturecnn_single_rgb_leavesFalling_positions.csv' did not travel at least 9 meters. Skipping.
2024-12-06 20:09:24,702 [INFO] Episode 27 in 'D:\Masters\Sem5\uavRL\inference_outputs\Trajectories\LeavesFalling\a2c_naturecnn_single_rgb_leavesFalling\a2c_naturecnn_single_rgb_leavesFalling_positions.csv' did not travel at least 9 meters. Skipping.
2024-12-06 20:09:24,703 [INFO] Episode 30 in 'D:\Masters\Sem5\uavRL\inference_outputs\Trajectories\LeavesFalling\a2c_naturecnn_single_rgb_leavesFalling\a2c_naturecnn_single_rgb_leavesFalling_positions.csv' did not travel at least 9 meters. Skipping.
2024-12-06 20:09:24,705 [INFO] Episode 33 in 'D:\Masters\Sem5\uavRL\inference_outputs\Trajectories\LeavesFalling\a2c_naturecnn_single_rgb_leavesFalling\a2c_naturecnn_single_rgb_leavesFalling_positions.csv' did not travel at least 9 meters. Skipping.
2024-12-06 20:09:24,705 [INFO] Episode 34 in 'D:\Masters\Sem5\uavRL\inference_outputs\Trajectories\LeavesFalling\a2c_naturecnn_single_rgb_leavesFalling\a2c_naturecnn_single_rgb_leavesFalling_positions.csv' did not travel at least 9 meters. Skipping.
2024-12-06 20:09:24,706 [INFO] Episode 38 in 'D:\Masters\Sem5\uavRL\inference_outputs\Trajectories\LeavesFalling\a2c_naturecnn_single_rgb_leavesFalling\a2c_naturecnn_single_rgb_leavesFalling_positions.csv' did not travel at least 9 meters. Skipping.
2024-12-06 20:09:24,708 [INFO] Episode 40 in 'D:\Masters\Sem5\uavRL\inference_outputs\Trajectories\LeavesFalling\a2c_naturecnn_single_rgb_leavesFalling\a2c_naturecnn_single_rgb_leavesFalling_positions.csv' did not travel at least 9 meters. Skipping.
2024-12-06 20:09:24,708 [INFO] Episode 41 in 'D:\Masters\Sem5\uavRL\inference_outputs\Trajectories\LeavesFalling\a2c_naturecnn_single_rgb_leavesFalling\a2c_naturecnn_single_rgb_leavesFalling_positions.csv' did not travel at least 9 meters. Skipping.
2024-12-06 20:09:24,709 [INFO] Episode 43 in 'D:\Masters\Sem5\uavRL\inference_outputs\Trajectories\LeavesFalling\a2c_naturecnn_single_rgb_leavesFalling\a2c_naturecnn_single_rgb_leavesFalling_positions.csv' did not travel at least 9 meters. Skipping.
2024-12-06 20:09:24,710 [INFO] Episode 45 in 'D:\Masters\Sem5\uavRL\inference_outputs\Trajectories\LeavesFalling\a2c_naturecnn_single_rgb_leavesFalling\a2c_naturecnn_single_rgb_leavesFalling_positions.csv' did not travel at least 9 meters. Skipping.
2024-12-06 20:09:24,710 [INFO] Episode 46 in 'D:\Masters\Sem5\uavRL\inference_outputs\Trajectories\LeavesFalling\a2c_naturecnn_single_rgb_leavesFalling\a2c_naturecnn_single_rgb_leavesFalling_positions.csv' did not travel at least 9 meters. Skipping.
2024-12-06 20:09:24,711 [INFO] Episode 47 in 'D:\Masters\Sem5\uavRL\inference_outputs\Trajectories\LeavesFalling\a2c_naturecnn_single_rgb_leavesFalling\a2c_naturecnn_single_rgb_leavesFalling_positions.csv' did not travel at least 9 meters. Skipping.
2024-12-06 20:09:24,711 [INFO] Episode 48 in 'D:\Masters\Sem5\uavRL\inference_outputs\Trajectories\LeavesFalling\a2c_naturecnn_single_rgb_leavesFalling\a2c_naturecnn_single_rgb_leavesFalling_positions.csv' did not travel at least 9 meters. Skipping.
2024-12-06 20:09:24,713 [INFO] Episode 53 in 'D:\Masters\Sem5\uavRL\inference_outputs\Trajectories\LeavesFalling\a2c_naturecnn_single_rgb_leavesFalling\a2c_naturecnn_single_rgb_leavesFalling_positions.csv' did not travel at least 9 meters. Skipping.
2024-12-06 20:09:24,714 [INFO] Episode 54 in 'D:\Masters\Sem5\uavRL\inference_outputs\Trajectories\LeavesFalling\a2c_naturecnn_single_rgb_leavesFalling\a2c_naturecnn_single_rgb_leavesFalling_positions.csv' did not travel at least 9 meters. Skipping.
2024-12-06 20:09:24,715 [INFO] Episode 58 in 'D:\Masters\Sem5\uavRL\inference_outputs\Trajectories\LeavesFalling\a2c_naturecnn_single_rgb_leavesFalling\a2c_naturecnn_single_rgb_leavesFalling_positions.csv' did not travel at least 9 meters. Skipping.
2024-12-06 20:09:24,717 [INFO] Episode 60 in 'D:\Masters\Sem5\uavRL\inference_outputs\Trajectories\LeavesFalling\a2c_naturecnn_single_rgb_leavesFalling\a2c_naturecnn_single_rgb_leavesFalling_positions.csv' did not travel at least 9 meters. Skipping.
2024-12-06 20:09:24,717 [INFO] Episode 62 in 'D:\Masters\Sem5\uavRL\inference_outputs\Trajectories\LeavesFalling\a2c_naturecnn_single_rgb_leavesFalling\a2c_naturecnn_single_rgb_leavesFalling_positions.csv' did not travel at least 9 meters. Skipping.
2024-12-06 20:09:24,719 [INFO] Episode 66 in 'D:\Masters\Sem5\uavRL\inference_outputs\Trajectories\LeavesFalling\a2c_naturecnn_single_rgb_leavesFalling\a2c_naturecnn_single_rgb_leavesFalling_positions.csv' did not travel at least 9 meters. Skipping.
2024-12-06 20:09:24,720 [INFO] Episode 67 in 'D:\Masters\Sem5\uavRL\inference_outputs\Trajectories\LeavesFalling\a2c_naturecnn_single_rgb_leavesFalling\a2c_naturecnn_single_rgb_leavesFalling_positions.csv' did not travel at least 9 meters. Skipping.
2024-12-06 20:09:24,720 [INFO] Episode 68 in 'D:\Masters\Sem5\uavRL\inference_outputs\Trajectories\LeavesFalling\a2c_naturecnn_single_rgb_leavesFalling\a2c_naturecnn_single_rgb_leavesFalling_positions.csv' did not travel at least 9 meters. Skipping.
2024-12-06 20:09:24,722 [INFO] Episode 72 in 'D:\Masters\Sem5\uavRL\inference_outputs\Trajectories\LeavesFalling\a2c_naturecnn_single_rgb_leavesFalling\a2c_naturecnn_single_rgb_leavesFalling_positions.csv' did not travel at least 9 meters. Skipping.
2024-12-06 20:09:24,723 [INFO] Episode 74 in 'D:\Masters\Sem5\uavRL\inference_outputs\Trajectories\LeavesFalling\a2c_naturecnn_single_rgb_leavesFalling\a2c_naturecnn_single_rgb_leavesFalling_positions.csv' did not travel at least 9 meters. Skipping.
2024-12-06 20:09:24,724 [INFO] Episode 76 in 'D:\Masters\Sem5\uavRL\inference_outputs\Trajectories\LeavesFalling\a2c_naturecnn_single_rgb_leavesFalling\a2c_naturecnn_single_rgb_leavesFalling_positions.csv' did not travel at least 9 meters. Skipping.
2024-12-06 20:09:24,725 [INFO] Episode 78 in 'D:\Masters\Sem5\uavRL\inference_outputs\Trajectories\LeavesFalling\a2c_naturecnn_single_rgb_leavesFalling\a2c_naturecnn_single_rgb_leavesFalling_positions.csv' did not travel at least 9 meters. Skipping.
2024-12-06 20:09:24,726 [INFO] Episode 79 in 'D:\Masters\Sem5\uavRL\inference_outputs\Trajectories\LeavesFalling\a2c_naturecnn_single_rgb_leavesFalling\a2c_naturecnn_single_rgb_leavesFalling_positions.csv' did not travel at least 9 meters. Skipping.
2024-12-06 20:09:24,726 [INFO] Episode 81 in 'D:\Masters\Sem5\uavRL\inference_outputs\Trajectories\LeavesFalling\a2c_naturecnn_single_rgb_leavesFalling\a2c_naturecnn_single_rgb_leavesFalling_positions.csv' did not travel at least 9 meters. Skipping.
2024-12-06 20:09:24,727 [INFO] Episode 83 in 'D:\Masters\Sem5\uavRL\inference_outputs\Trajectories\LeavesFalling\a2c_naturecnn_single_rgb_leavesFalling\a2c_naturecnn_single_rgb_leavesFalling_positions.csv' did not travel at least 9 meters. Skipping.
2024-12-06 20:09:24,728 [INFO] Episode 84 in 'D:\Masters\Sem5\uavRL\inference_outputs\Trajectories\LeavesFalling\a2c_naturecnn_single_rgb_leavesFalling\a2c_naturecnn_single_rgb_leavesFalling_positions.csv' did not travel at least 9 meters. Skipping.
2024-12-06 20:09:24,729 [INFO] Episode 85 in 'D:\Masters\Sem5\uavRL\inference_outputs\Trajectories\LeavesFalling\a2c_naturecnn_single_rgb_leavesFalling\a2c_naturecnn_single_rgb_leavesFalling_positions.csv' did not travel at least 9 meters. Skipping.
2024-12-06 20:09:24,729 [INFO] Episode 86 in 'D:\Masters\Sem5\uavRL\inference_outputs\Trajectories\LeavesFalling\a2c_naturecnn_single_rgb_leavesFalling\a2c_naturecnn_single_rgb_leavesFalling_positions.csv' did not travel at least 9 meters. Skipping.
2024-12-06 20:09:24,731 [INFO] Episode 89 in 'D:\Masters\Sem5\uavRL\inference_outputs\Trajectories\LeavesFalling\a2c_naturecnn_single_rgb_leavesFalling\a2c_naturecnn_single_rgb_leavesFalling_positions.csv' did not travel at least 9 meters. Skipping.
2024-12-06 20:09:24,732 [INFO] Episode 90 in 'D:\Masters\Sem5\uavRL\inference_outputs\Trajectories\LeavesFalling\a2c_naturecnn_single_rgb_leavesFalling\a2c_naturecnn_single_rgb_leavesFalling_positions.csv' did not travel at least 9 meters. Skipping.
2024-12-06 20:09:24,733 [INFO] Episode 91 in 'D:\Masters\Sem5\uavRL\inference_outputs\Trajectories\LeavesFalling\a2c_naturecnn_single_rgb_leavesFalling\a2c_naturecnn_single_rgb_leavesFalling_positions.csv' did not travel at least 9 meters. Skipping.
2024-12-06 20:09:24,733 [INFO] Episode 93 in 'D:\Masters\Sem5\uavRL\inference_outputs\Trajectories\LeavesFalling\a2c_naturecnn_single_rgb_leavesFalling\a2c_naturecnn_single_rgb_leavesFalling_positions.csv' did not travel at least 9 meters. Skipping.
2024-12-06 20:09:24,735 [INFO] Episode 99 in 'D:\Masters\Sem5\uavRL\inference_outputs\Trajectories\LeavesFalling\a2c_naturecnn_single_rgb_leavesFalling\a2c_naturecnn_single_rgb_leavesFalling_positions.csv' did not travel at least 9 meters. Skipping.
2024-12-06 20:09:24,747 [INFO] Successfully read 'D:\Masters\Sem5\uavRL\inference_outputs\Trajectories\LeavesFalling\ppo_naturecnn_single_rgb_leavesFalling\ppo_naturecnn_single_rgb_leavesFalling_positions.csv'.
2024-12-06 20:09:24,749 [INFO] Episode 1 in 'D:\Masters\Sem5\uavRL\inference_outputs\Trajectories\LeavesFalling\ppo_naturecnn_single_rgb_leavesFalling\ppo_naturecnn_single_rgb_leavesFalling_positions.csv' did not travel at least 9 meters. Skipping.
2024-12-06 20:09:24,751 [INFO] Episode 6 in 'D:\Masters\Sem5\uavRL\inference_outputs\Trajectories\LeavesFalling\ppo_naturecnn_single_rgb_leavesFalling\ppo_naturecnn_single_rgb_leavesFalling_positions.csv' did not travel at least 9 meters. Skipping.
2024-12-06 20:09:24,752 [INFO] Episode 7 in 'D:\Masters\Sem5\uavRL\inference_outputs\Trajectories\LeavesFalling\ppo_naturecnn_single_rgb_leavesFalling\ppo_naturecnn_single_rgb_leavesFalling_positions.csv' did not travel at least 9 meters. Skipping.
2024-12-06 20:09:24,752 [INFO] Episode 8 in 'D:\Masters\Sem5\uavRL\inference_outputs\Trajectories\LeavesFalling\ppo_naturecnn_single_rgb_leavesFalling\ppo_naturecnn_single_rgb_leavesFalling_positions.csv' did not travel at least 9 meters. Skipping.
2024-12-06 20:09:24,753 [INFO] Episode 10 in 'D:\Masters\Sem5\uavRL\inference_outputs\Trajectories\LeavesFalling\ppo_naturecnn_single_rgb_leavesFalling\ppo_naturecnn_single_rgb_leavesFalling_positions.csv' did not travel at least 9 meters. Skipping.
2024-12-06 20:09:24,754 [INFO] Episode 11 in 'D:\Masters\Sem5\uavRL\inference_outputs\Trajectories\LeavesFalling\ppo_naturecnn_single_rgb_leavesFalling\ppo_naturecnn_single_rgb_leavesFalling_positions.csv' did not travel at least 9 meters. Skipping.
2024-12-06 20:09:24,754 [INFO] Episode 12 in 'D:\Masters\Sem5\uavRL\inference_outputs\Trajectories\LeavesFalling\ppo_naturecnn_single_rgb_leavesFalling\ppo_naturecnn_single_rgb_leavesFalling_positions.csv' did not travel at least 9 meters. Skipping.
2024-12-06 20:09:24,756 [INFO] Episode 15 in 'D:\Masters\Sem5\uavRL\inference_outputs\Trajectories\LeavesFalling\ppo_naturecnn_single_rgb_leavesFalling\ppo_naturecnn_single_rgb_leavesFalling_positions.csv' did not travel at least 9 meters. Skipping.
2024-12-06 20:09:24,757 [INFO] Episode 16 in 'D:\Masters\Sem5\uavRL\inference_outputs\Trajectories\LeavesFalling\ppo_naturecnn_single_rgb_leavesFalling\ppo_naturecnn_single_rgb_leavesFalling_positions.csv' did not travel at least 9 meters. Skipping.
2024-12-06 20:09:24,757 [INFO] Episode 17 in 'D:\Masters\Sem5\uavRL\inference_outputs\Trajectories\LeavesFalling\ppo_naturecnn_single_rgb_leavesFalling\ppo_naturecnn_single_rgb_leavesFalling_positions.csv' did not travel at least 9 meters. Skipping.
2024-12-06 20:09:24,758 [INFO] Episode 19 in 'D:\Masters\Sem5\uavRL\inference_outputs\Trajectories\LeavesFalling\ppo_naturecnn_single_rgb_leavesFalling\ppo_naturecnn_single_rgb_leavesFalling_positions.csv' did not travel at least 9 meters. Skipping.
2024-12-06 20:09:24,758 [INFO] Episode 20 in 'D:\Masters\Sem5\uavRL\inference_outputs\Trajectories\LeavesFalling\ppo_naturecnn_single_rgb_leavesFalling\ppo_naturecnn_single_rgb_leavesFalling_positions.csv' did not travel at least 9 meters. Skipping.
2024-12-06 20:09:24,759 [INFO] Episode 24 in 'D:\Masters\Sem5\uavRL\inference_outputs\Trajectories\LeavesFalling\ppo_naturecnn_single_rgb_leavesFalling\ppo_naturecnn_single_rgb_leavesFalling_positions.csv' did not travel at least 9 meters. Skipping.
2024-12-06 20:09:24,761 [INFO] Episode 29 in 'D:\Masters\Sem5\uavRL\inference_outputs\Trajectories\LeavesFalling\ppo_naturecnn_single_rgb_leavesFalling\ppo_naturecnn_single_rgb_leavesFalling_positions.csv' did not travel at least 9 meters. Skipping.
2024-12-06 20:09:24,762 [INFO] Episode 31 in 'D:\Masters\Sem5\uavRL\inference_outputs\Trajectories\LeavesFalling\ppo_naturecnn_single_rgb_leavesFalling\ppo_naturecnn_single_rgb_leavesFalling_positions.csv' did not travel at least 9 meters. Skipping.
2024-12-06 20:09:24,763 [INFO] Episode 33 in 'D:\Masters\Sem5\uavRL\inference_outputs\Trajectories\LeavesFalling\ppo_naturecnn_single_rgb_leavesFalling\ppo_naturecnn_single_rgb_leavesFalling_positions.csv' did not travel at least 9 meters. Skipping.
2024-12-06 20:09:24,763 [INFO] Episode 34 in 'D:\Masters\Sem5\uavRL\inference_outputs\Trajectories\LeavesFalling\ppo_naturecnn_single_rgb_leavesFalling\ppo_naturecnn_single_rgb_leavesFalling_positions.csv' did not travel at least 9 meters. Skipping.
2024-12-06 20:09:24,764 [INFO] Episode 36 in 'D:\Masters\Sem5\uavRL\inference_outputs\Trajectories\LeavesFalling\ppo_naturecnn_single_rgb_leavesFalling\ppo_naturecnn_single_rgb_leavesFalling_positions.csv' did not travel at least 9 meters. Skipping.
2024-12-06 20:09:24,765 [INFO] Episode 38 in 'D:\Masters\Sem5\uavRL\inference_outputs\Trajectories\LeavesFalling\ppo_naturecnn_single_rgb_leavesFalling\ppo_naturecnn_single_rgb_leavesFalling_positions.csv' did not travel at least 9 meters. Skipping.
2024-12-06 20:09:24,766 [INFO] Episode 40 in 'D:\Masters\Sem5\uavRL\inference_outputs\Trajectories\LeavesFalling\ppo_naturecnn_single_rgb_leavesFalling\ppo_naturecnn_single_rgb_leavesFalling_positions.csv' did not travel at least 9 meters. Skipping.
2024-12-06 20:09:24,767 [INFO] Episode 46 in 'D:\Masters\Sem5\uavRL\inference_outputs\Trajectories\LeavesFalling\ppo_naturecnn_single_rgb_leavesFalling\ppo_naturecnn_single_rgb_leavesFalling_positions.csv' did not travel at least 9 meters. Skipping.
2024-12-06 20:09:24,767 [INFO] Episode 47 in 'D:\Masters\Sem5\uavRL\inference_outputs\Trajectories\LeavesFalling\ppo_naturecnn_single_rgb_leavesFalling\ppo_naturecnn_single_rgb_leavesFalling_positions.csv' did not travel at least 9 meters. Skipping.
2024-12-06 20:09:24,770 [INFO] Episode 51 in 'D:\Masters\Sem5\uavRL\inference_outputs\Trajectories\LeavesFalling\ppo_naturecnn_single_rgb_leavesFalling\ppo_naturecnn_single_rgb_leavesFalling_positions.csv' did not travel at least 9 meters. Skipping.
2024-12-06 20:09:24,771 [INFO] Episode 57 in 'D:\Masters\Sem5\uavRL\inference_outputs\Trajectories\LeavesFalling\ppo_naturecnn_single_rgb_leavesFalling\ppo_naturecnn_single_rgb_leavesFalling_positions.csv' did not travel at least 9 meters. Skipping.
2024-12-06 20:09:24,772 [INFO] Episode 60 in 'D:\Masters\Sem5\uavRL\inference_outputs\Trajectories\LeavesFalling\ppo_naturecnn_single_rgb_leavesFalling\ppo_naturecnn_single_rgb_leavesFalling_positions.csv' did not travel at least 9 meters. Skipping.
2024-12-06 20:09:24,773 [INFO] Episode 62 in 'D:\Masters\Sem5\uavRL\inference_outputs\Trajectories\LeavesFalling\ppo_naturecnn_single_rgb_leavesFalling\ppo_naturecnn_single_rgb_leavesFalling_positions.csv' did not travel at least 9 meters. Skipping.
2024-12-06 20:09:24,774 [INFO] Episode 63 in 'D:\Masters\Sem5\uavRL\inference_outputs\Trajectories\LeavesFalling\ppo_naturecnn_single_rgb_leavesFalling\ppo_naturecnn_single_rgb_leavesFalling_positions.csv' did not travel at least 9 meters. Skipping.
2024-12-06 20:09:24,775 [INFO] Episode 66 in 'D:\Masters\Sem5\uavRL\inference_outputs\Trajectories\LeavesFalling\ppo_naturecnn_single_rgb_leavesFalling\ppo_naturecnn_single_rgb_leavesFalling_positions.csv' did not travel at least 9 meters. Skipping.
2024-12-06 20:09:24,776 [INFO] Episode 68 in 'D:\Masters\Sem5\uavRL\inference_outputs\Trajectories\LeavesFalling\ppo_naturecnn_single_rgb_leavesFalling\ppo_naturecnn_single_rgb_leavesFalling_positions.csv' did not travel at least 9 meters. Skipping.
2024-12-06 20:09:24,777 [INFO] Episode 69 in 'D:\Masters\Sem5\uavRL\inference_outputs\Trajectories\LeavesFalling\ppo_naturecnn_single_rgb_leavesFalling\ppo_naturecnn_single_rgb_leavesFalling_positions.csv' did not travel at least 9 meters. Skipping.
2024-12-06 20:09:24,778 [INFO] Episode 70 in 'D:\Masters\Sem5\uavRL\inference_outputs\Trajectories\LeavesFalling\ppo_naturecnn_single_rgb_leavesFalling\ppo_naturecnn_single_rgb_leavesFalling_positions.csv' did not travel at least 9 meters. Skipping.
2024-12-06 20:09:24,780 [INFO] Episode 76 in 'D:\Masters\Sem5\uavRL\inference_outputs\Trajectories\LeavesFalling\ppo_naturecnn_single_rgb_leavesFalling\ppo_naturecnn_single_rgb_leavesFalling_positions.csv' did not travel at least 9 meters. Skipping.
2024-12-06 20:09:24,781 [INFO] Episode 78 in 'D:\Masters\Sem5\uavRL\inference_outputs\Trajectories\LeavesFalling\ppo_naturecnn_single_rgb_leavesFalling\ppo_naturecnn_single_rgb_leavesFalling_positions.csv' did not travel at least 9 meters. Skipping.
2024-12-06 20:09:24,782 [INFO] Episode 80 in 'D:\Masters\Sem5\uavRL\inference_outputs\Trajectories\LeavesFalling\ppo_naturecnn_single_rgb_leavesFalling\ppo_naturecnn_single_rgb_leavesFalling_positions.csv' did not travel at least 9 meters. Skipping.
2024-12-06 20:09:24,782 [INFO] Episode 82 in 'D:\Masters\Sem5\uavRL\inference_outputs\Trajectories\LeavesFalling\ppo_naturecnn_single_rgb_leavesFalling\ppo_naturecnn_single_rgb_leavesFalling_positions.csv' did not travel at least 9 meters. Skipping.
2024-12-06 20:09:24,783 [INFO] Episode 83 in 'D:\Masters\Sem5\uavRL\inference_outputs\Trajectories\LeavesFalling\ppo_naturecnn_single_rgb_leavesFalling\ppo_naturecnn_single_rgb_leavesFalling_positions.csv' did not travel at least 9 meters. Skipping.
2024-12-06 20:09:24,783 [INFO] Episode 84 in 'D:\Masters\Sem5\uavRL\inference_outputs\Trajectories\LeavesFalling\ppo_naturecnn_single_rgb_leavesFalling\ppo_naturecnn_single_rgb_leavesFalling_positions.csv' did not travel at least 9 meters. Skipping.
2024-12-06 20:09:24,787 [INFO] Episode 97 in 'D:\Masters\Sem5\uavRL\inference_outputs\Trajectories\LeavesFalling\ppo_naturecnn_single_rgb_leavesFalling\ppo_naturecnn_single_rgb_leavesFalling_positions.csv' did not travel at least 9 meters. Skipping.
2024-12-06 20:09:24,796 [INFO] Wall positions determined at: [3.7, 7.4, 11.100000000000001, 14.8, 18.5, 22.2]
2024-12-06 20:09:24,799 [INFO] Plotted mean trajectory from 'a2c_naturecnn_single_rgb_leavesFalling_positions.csv' with color 'blue'.
2024-12-06 20:09:24,800 [INFO] Plotted mean trajectory from 'ppo_naturecnn_single_rgb_leavesFalling_positions.csv' with color 'green'.
2024-12-06 20:09:24,912 [INFO] Added wall surface at X=3.7 with Trajectory Variations and Passages.
2024-12-06 20:09:24,967 [INFO] Added wall surface at X=7.4 with Trajectory Variations and Passages.
2024-12-06 20:09:25,022 [INFO] Added wall surface at X=11.100000000000001 with Trajectory Variations and Passages.
2024-12-06 20:09:25,081 [INFO] Added wall surface at X=14.8 with Trajectory Variations and Passages.
2024-12-06 20:09:25,138 [INFO] Added wall surface at X=18.5 with Trajectory Variations and Passages.
2024-12-06 20:09:25,141 [WARNING] No data near wall at X=22.2. Skipping hole creation.
2024-12-06 20:09:25,141 [INFO] Completed plotting walls and holes.
2024-12-06 20:09:25,319 [INFO] Similarity between 'a2c_naturecnn_single_rgb_leavesFalling_positions.csv' and 'ppo_naturecnn_single_rgb_leavesFalling_positions.csv':
2024-12-06 20:09:25,320 [INFO]   - Cosine Similarity (Mean): 0.9927
2024-12-06 20:09:25,320 [INFO]   - Pearson Correlation (Mean): 0.9561
2024-12-06 20:09:25,320 [INFO]   - Normalized Cross-Correlation (Mean): 0.9561
2024-12-06 20:09:25,320 [INFO]   - Lag at Max NCC (Y): 0, (Z): 0
2024-12-06 20:09:25,495 [INFO] Cross-correlation plot saved as 'inference_outputs\RGB_A2CvsPPO_LeavesFalling\RGB_A2CvsPPO_LeavesFalling_cross_correlation_part1.png'.
2024-12-06 20:09:26,050 [INFO] Mean trajectories plotted and saved as 'inference_outputs\RGB_A2CvsPPO_LeavesFalling\RGB_A2CvsPPO_LeavesFalling_mean_trajectories.png'.
2024-12-06 20:09:26,059 [INFO] Similarity summary saved as 'inference_outputs\RGB_A2CvsPPO_LeavesFalling\RGB_A2CvsPPO_LeavesFalling_similarity_summary.csv'.
