2025-02-06 23:17:49,321 - INFO - Episode 1 completed.
2025-02-06 23:17:51,991 - INFO - Episode 2 completed.
2025-02-06 23:17:55,176 - INFO - Episode 3 completed.
2025-02-06 23:17:56,895 - INFO - Episode 4 completed.
2025-02-06 23:17:57,007 - INFO - Episode 5 completed.
2025-02-06 23:17:59,658 - INFO - Episode 6 completed.
2025-02-06 23:18:02,445 - INFO - Episode 7 completed.
2025-02-06 23:18:04,004 - INFO - Episode 8 completed.
2025-02-06 23:18:06,680 - INFO - Episode 9 completed.
2025-02-06 23:18:06,790 - INFO - Episode 10 completed.
2025-02-06 23:18:09,332 - INFO - Episode 11 completed.
2025-02-06 23:18:11,981 - INFO - Episode 12 completed.
2025-02-06 23:18:12,429 - INFO - Episode 13 completed.
2025-02-06 23:18:15,265 - INFO - Episode 14 completed.
2025-02-06 23:18:18,353 - INFO - Episode 15 completed.
2025-02-06 23:18:21,070 - INFO - Episode 16 completed.
2025-02-06 23:18:23,806 - INFO - Episode 17 completed.
2025-02-06 23:18:25,828 - INFO - Episode 18 completed.
2025-02-06 23:18:28,520 - INFO - Episode 19 completed.
2025-02-06 23:18:31,119 - INFO - Episode 20 completed.
2025-02-06 23:18:34,395 - INFO - Episode 21 completed.
2025-02-06 23:18:37,316 - INFO - Episode 22 completed.
2025-02-06 23:18:37,896 - INFO - Episode 23 completed.
2025-02-06 23:18:40,802 - INFO - Episode 24 completed.
2025-02-06 23:18:43,686 - INFO - Episode 25 completed.
2025-02-06 23:18:45,282 - INFO - Episode 26 completed.
2025-02-06 23:18:46,916 - INFO - Episode 27 completed.
2025-02-06 23:18:49,780 - INFO - Episode 28 completed.
2025-02-06 23:18:52,824 - INFO - Episode 29 completed.
2025-02-06 23:18:55,805 - INFO - Episode 30 completed.
2025-02-06 23:18:56,324 - INFO - Episode 31 completed.
2025-02-06 23:18:59,250 - INFO - Episode 32 completed.
2025-02-06 23:18:59,716 - INFO - Episode 33 completed.
2025-02-06 23:19:02,505 - INFO - Episode 34 completed.
2025-02-06 23:19:05,356 - INFO - Episode 35 completed.
2025-02-06 23:19:06,973 - INFO - Episode 36 completed.
2025-02-06 23:19:09,869 - INFO - Episode 37 completed.
2025-02-06 23:19:12,687 - INFO - Episode 38 completed.
2025-02-06 23:19:15,594 - INFO - Episode 39 completed.
2025-02-06 23:19:17,743 - INFO - Episode 40 completed.
2025-02-06 23:19:18,582 - INFO - Episode 41 completed.
2025-02-06 23:19:21,476 - INFO - Episode 42 completed.
2025-02-06 23:19:22,874 - INFO - Episode 43 completed.
2025-02-06 23:19:23,989 - INFO - Episode 44 completed.
2025-02-06 23:19:25,607 - INFO - Episode 45 completed.
2025-02-06 23:19:25,732 - INFO - Episode 46 completed.
2025-02-06 23:19:28,236 - INFO - Episode 47 completed.
2025-02-06 23:19:31,093 - INFO - Episode 48 completed.
2025-02-06 23:19:33,891 - INFO - Episode 49 completed.
2025-02-06 23:19:36,714 - INFO - Episode 50 completed.
2025-02-06 23:19:39,540 - INFO - Episode 51 completed.
2025-02-06 23:19:40,806 - INFO - Episode 52 completed.
2025-02-06 23:19:43,631 - INFO - Episode 53 completed.
2025-02-06 23:19:45,132 - INFO - Episode 54 completed.
2025-02-06 23:19:48,216 - INFO - Episode 55 completed.
2025-02-06 23:19:49,853 - INFO - Episode 56 completed.
2025-02-06 23:19:52,678 - INFO - Episode 57 completed.
2025-02-06 23:19:55,574 - INFO - Episode 58 completed.
2025-02-06 23:19:56,915 - INFO - Episode 59 completed.
2025-02-06 23:19:59,782 - INFO - Episode 60 completed.
2025-02-06 23:20:02,599 - INFO - Episode 61 completed.
2025-02-06 23:20:05,405 - INFO - Episode 62 completed.
2025-02-06 23:20:08,209 - INFO - Episode 63 completed.
2025-02-06 23:20:09,883 - INFO - Episode 64 completed.
2025-02-06 23:20:10,342 - INFO - Episode 65 completed.
2025-02-06 23:20:13,223 - INFO - Episode 66 completed.
2025-02-06 23:20:16,051 - INFO - Episode 67 completed.
2025-02-06 23:20:18,418 - INFO - Episode 68 completed.
2025-02-06 23:20:21,350 - INFO - Episode 69 completed.
2025-02-06 23:20:21,468 - INFO - Episode 70 completed.
2025-02-06 23:20:24,368 - INFO - Episode 71 completed.
2025-02-06 23:20:27,182 - INFO - Episode 72 completed.
2025-02-06 23:20:27,684 - INFO - Episode 73 completed.
2025-02-06 23:20:28,684 - INFO - Episode 74 completed.
2025-02-06 23:20:30,841 - INFO - Episode 75 completed.
2025-02-06 23:20:33,695 - INFO - Episode 76 completed.
2025-02-06 23:20:36,474 - INFO - Episode 77 completed.
2025-02-06 23:20:37,280 - INFO - Episode 78 completed.
2025-02-06 23:20:40,071 - INFO - Episode 79 completed.
2025-02-06 23:20:42,847 - INFO - Episode 80 completed.
2025-02-06 23:20:45,624 - INFO - Episode 81 completed.
2025-02-06 23:20:48,279 - INFO - Episode 82 completed.
2025-02-06 23:20:51,066 - INFO - Episode 83 completed.
2025-02-06 23:20:53,854 - INFO - Episode 84 completed.
2025-02-06 23:20:56,827 - INFO - Episode 85 completed.
2025-02-06 23:20:59,636 - INFO - Episode 86 completed.
2025-02-06 23:21:02,748 - INFO - Episode 87 completed.
2025-02-06 23:21:05,535 - INFO - Episode 88 completed.
2025-02-06 23:21:07,704 - INFO - Episode 89 completed.
2025-02-06 23:21:09,817 - INFO - Episode 90 completed.
2025-02-06 23:21:12,728 - INFO - Episode 91 completed.
2025-02-06 23:21:15,645 - INFO - Episode 92 completed.
2025-02-06 23:21:18,722 - INFO - Episode 93 completed.
2025-02-06 23:21:21,736 - INFO - Episode 94 completed.
2025-02-06 23:21:24,586 - INFO - Episode 95 completed.
2025-02-06 23:21:27,363 - INFO - Episode 96 completed.
2025-02-06 23:21:29,470 - INFO - Episode 97 completed.
2025-02-06 23:21:29,992 - INFO - Episode 98 completed.
2025-02-06 23:21:32,799 - INFO - Episode 99 completed.
2025-02-06 23:21:35,603 - INFO - Episode 100 completed.
2025-02-06 23:21:35,653 - INFO - Positions saved to ./inference_outputs/PPO_All_FM_LeavesFalling\PPO_All_FM_LeavesFalling_positions.csv
2025-02-06 23:21:35,835 - INFO - Episode 1 did not travel at least 18 meters, skipping.
2025-02-06 23:21:35,857 - INFO - Episode 4 did not travel at least 18 meters, skipping.
2025-02-06 23:21:35,859 - INFO - Episode 5 did not travel at least 18 meters, skipping.
2025-02-06 23:21:35,862 - INFO - Episode 8 did not travel at least 18 meters, skipping.
2025-02-06 23:21:35,864 - INFO - Episode 10 did not travel at least 18 meters, skipping.
2025-02-06 23:21:35,867 - INFO - Episode 13 did not travel at least 18 meters, skipping.
2025-02-06 23:21:35,876 - INFO - Episode 18 did not travel at least 18 meters, skipping.
2025-02-06 23:21:35,879 - INFO - Episode 20 did not travel at least 18 meters, skipping.
2025-02-06 23:21:35,883 - INFO - Episode 23 did not travel at least 18 meters, skipping.
2025-02-06 23:21:35,888 - INFO - Episode 26 did not travel at least 18 meters, skipping.
2025-02-06 23:21:35,889 - INFO - Episode 27 did not travel at least 18 meters, skipping.
2025-02-06 23:21:35,894 - INFO - Episode 31 did not travel at least 18 meters, skipping.
2025-02-06 23:21:35,897 - INFO - Episode 33 did not travel at least 18 meters, skipping.
2025-02-06 23:21:35,902 - INFO - Episode 36 did not travel at least 18 meters, skipping.
2025-02-06 23:21:35,908 - INFO - Episode 40 did not travel at least 18 meters, skipping.
2025-02-06 23:21:35,909 - INFO - Episode 41 did not travel at least 18 meters, skipping.
2025-02-06 23:21:35,912 - INFO - Episode 43 did not travel at least 18 meters, skipping.
2025-02-06 23:21:35,913 - INFO - Episode 44 did not travel at least 18 meters, skipping.
2025-02-06 23:21:35,914 - INFO - Episode 45 did not travel at least 18 meters, skipping.
2025-02-06 23:21:35,915 - INFO - Episode 46 did not travel at least 18 meters, skipping.
2025-02-06 23:21:35,916 - INFO - Episode 47 did not travel at least 18 meters, skipping.
2025-02-06 23:21:35,923 - INFO - Episode 52 did not travel at least 18 meters, skipping.
2025-02-06 23:21:35,927 - INFO - Episode 54 did not travel at least 18 meters, skipping.
2025-02-06 23:21:35,929 - INFO - Episode 56 did not travel at least 18 meters, skipping.
2025-02-06 23:21:35,935 - INFO - Episode 59 did not travel at least 18 meters, skipping.
2025-02-06 23:21:35,942 - INFO - Episode 64 did not travel at least 18 meters, skipping.
2025-02-06 23:21:35,944 - INFO - Episode 65 did not travel at least 18 meters, skipping.
2025-02-06 23:21:35,949 - INFO - Episode 68 did not travel at least 18 meters, skipping.
2025-02-06 23:21:35,952 - INFO - Episode 70 did not travel at least 18 meters, skipping.
2025-02-06 23:21:35,957 - INFO - Episode 73 did not travel at least 18 meters, skipping.
2025-02-06 23:21:35,957 - INFO - Episode 74 did not travel at least 18 meters, skipping.
2025-02-06 23:21:35,959 - INFO - Episode 75 did not travel at least 18 meters, skipping.
2025-02-06 23:21:35,963 - INFO - Episode 78 did not travel at least 18 meters, skipping.
2025-02-06 23:21:35,982 - INFO - Episode 89 did not travel at least 18 meters, skipping.
2025-02-06 23:21:35,983 - INFO - Episode 90 did not travel at least 18 meters, skipping.
2025-02-06 23:21:35,992 - INFO - Episode 97 did not travel at least 18 meters, skipping.
2025-02-06 23:21:35,993 - INFO - Episode 98 did not travel at least 18 meters, skipping.
2025-02-06 23:21:36,195 - INFO - Trajectories plotted and saved as './inference_outputs/PPO_All_FM_LeavesFalling\PPO_All_FM_LeavesFalling_trajectories.png'.
2025-02-06 23:21:36,197 - INFO - -----------------------------------
2025-02-06 23:21:36,198 - INFO - > Total episodes: 100
2025-02-06 23:21:36,199 - INFO - > Flight distance (mean): 15.73
2025-02-06 23:21:36,199 - INFO - > Holes reached (mean): 3.81 out of 5
2025-02-06 23:21:36,199 - INFO - -----------------------------------
