2025-02-06 22:58:36,322 - INFO - Episode 1 completed.
2025-02-06 22:58:38,607 - INFO - Episode 2 completed.
2025-02-06 22:58:41,188 - INFO - Episode 3 completed.
2025-02-06 22:58:43,759 - INFO - Episode 4 completed.
2025-02-06 22:58:46,337 - INFO - Episode 5 completed.
2025-02-06 22:58:48,884 - INFO - Episode 6 completed.
2025-02-06 22:58:51,396 - INFO - Episode 7 completed.
2025-02-06 22:58:51,814 - INFO - Episode 8 completed.
2025-02-06 22:58:53,443 - INFO - Episode 9 completed.
2025-02-06 22:58:54,232 - INFO - Episode 10 completed.
2025-02-06 22:58:56,411 - INFO - Episode 11 completed.
2025-02-06 22:58:57,921 - INFO - Episode 12 completed.
2025-02-06 22:59:00,106 - INFO - Episode 13 completed.
2025-02-06 22:59:02,247 - INFO - Episode 14 completed.
2025-02-06 22:59:04,370 - INFO - Episode 15 completed.
2025-02-06 22:59:06,534 - INFO - Episode 16 completed.
2025-02-06 22:59:07,292 - INFO - Episode 17 completed.
2025-02-06 22:59:08,976 - INFO - Episode 18 completed.
2025-02-06 22:59:11,155 - INFO - Episode 19 completed.
2025-02-06 22:59:13,209 - INFO - Episode 20 completed.
2025-02-06 22:59:15,412 - INFO - Episode 21 completed.
2025-02-06 22:59:17,502 - INFO - Episode 22 completed.
2025-02-06 22:59:18,289 - INFO - Episode 23 completed.
2025-02-06 22:59:20,414 - INFO - Episode 24 completed.
2025-02-06 22:59:22,552 - INFO - Episode 25 completed.
2025-02-06 22:59:24,721 - INFO - Episode 26 completed.
2025-02-06 22:59:26,886 - INFO - Episode 27 completed.
2025-02-06 22:59:28,867 - INFO - Episode 28 completed.
2025-02-06 22:59:29,272 - INFO - Episode 29 completed.
2025-02-06 22:59:31,408 - INFO - Episode 30 completed.
2025-02-06 22:59:31,493 - INFO - Episode 31 completed.
2025-02-06 22:59:33,159 - INFO - Episode 32 completed.
2025-02-06 22:59:34,391 - INFO - Episode 33 completed.
2025-02-06 22:59:36,557 - INFO - Episode 34 completed.
2025-02-06 22:59:36,644 - INFO - Episode 35 completed.
2025-02-06 22:59:37,050 - INFO - Episode 36 completed.
2025-02-06 22:59:39,101 - INFO - Episode 37 completed.
2025-02-06 22:59:39,907 - INFO - Episode 38 completed.
2025-02-06 22:59:40,719 - INFO - Episode 39 completed.
2025-02-06 22:59:41,527 - INFO - Episode 40 completed.
2025-02-06 22:59:43,655 - INFO - Episode 41 completed.
2025-02-06 22:59:45,336 - INFO - Episode 42 completed.
2025-02-06 22:59:47,462 - INFO - Episode 43 completed.
2025-02-06 22:59:48,235 - INFO - Episode 44 completed.
2025-02-06 22:59:48,313 - INFO - Episode 45 completed.
2025-02-06 22:59:50,520 - INFO - Episode 46 completed.
2025-02-06 22:59:52,643 - INFO - Episode 47 completed.
2025-02-06 22:59:54,830 - INFO - Episode 48 completed.
2025-02-06 22:59:56,993 - INFO - Episode 49 completed.
2025-02-06 22:59:59,117 - INFO - Episode 50 completed.
2025-02-06 23:00:01,252 - INFO - Episode 51 completed.
2025-02-06 23:00:03,402 - INFO - Episode 52 completed.
2025-02-06 23:00:05,546 - INFO - Episode 53 completed.
2025-02-06 23:00:07,891 - INFO - Episode 54 completed.
2025-02-06 23:00:10,477 - INFO - Episode 55 completed.
2025-02-06 23:00:11,973 - INFO - Episode 56 completed.
2025-02-06 23:00:12,071 - INFO - Episode 57 completed.
2025-02-06 23:00:12,174 - INFO - Episode 58 completed.
2025-02-06 23:00:12,265 - INFO - Episode 59 completed.
2025-02-06 23:00:14,784 - INFO - Episode 60 completed.
2025-02-06 23:00:14,878 - INFO - Episode 61 completed.
2025-02-06 23:00:17,460 - INFO - Episode 62 completed.
2025-02-06 23:00:20,078 - INFO - Episode 63 completed.
2025-02-06 23:00:22,687 - INFO - Episode 64 completed.
2025-02-06 23:00:25,105 - INFO - Episode 65 completed.
2025-02-06 23:00:27,703 - INFO - Episode 66 completed.
2025-02-06 23:00:30,313 - INFO - Episode 67 completed.
2025-02-06 23:00:32,333 - INFO - Episode 68 completed.
2025-02-06 23:00:32,756 - INFO - Episode 69 completed.
2025-02-06 23:00:35,353 - INFO - Episode 70 completed.
2025-02-06 23:00:38,037 - INFO - Episode 71 completed.
2025-02-06 23:00:40,119 - INFO - Episode 72 completed.
2025-02-06 23:00:42,688 - INFO - Episode 73 completed.
2025-02-06 23:00:45,321 - INFO - Episode 74 completed.
2025-02-06 23:00:46,317 - INFO - Episode 75 completed.
2025-02-06 23:00:46,962 - INFO - Episode 76 completed.
2025-02-06 23:00:49,564 - INFO - Episode 77 completed.
2025-02-06 23:00:52,174 - INFO - Episode 78 completed.
2025-02-06 23:00:54,742 - INFO - Episode 79 completed.
2025-02-06 23:00:55,705 - INFO - Episode 80 completed.
2025-02-06 23:00:57,304 - INFO - Episode 81 completed.
2025-02-06 23:00:59,925 - INFO - Episode 82 completed.
2025-02-06 23:01:02,532 - INFO - Episode 83 completed.
2025-02-06 23:01:04,061 - INFO - Episode 84 completed.
2025-02-06 23:01:06,527 - INFO - Episode 85 completed.
2025-02-06 23:01:09,100 - INFO - Episode 86 completed.
2025-02-06 23:01:11,717 - INFO - Episode 87 completed.
2025-02-06 23:01:13,734 - INFO - Episode 88 completed.
2025-02-06 23:01:16,360 - INFO - Episode 89 completed.
2025-02-06 23:01:18,986 - INFO - Episode 90 completed.
2025-02-06 23:01:21,670 - INFO - Episode 91 completed.
2025-02-06 23:01:24,584 - INFO - Episode 92 completed.
2025-02-06 23:01:26,313 - INFO - Episode 93 completed.
2025-02-06 23:01:26,406 - INFO - Episode 94 completed.
2025-02-06 23:01:28,606 - INFO - Episode 95 completed.
2025-02-06 23:01:29,743 - INFO - Episode 96 completed.
2025-02-06 23:01:31,930 - INFO - Episode 97 completed.
2025-02-06 23:01:33,608 - INFO - Episode 98 completed.
2025-02-06 23:01:35,855 - INFO - Episode 99 completed.
2025-02-06 23:01:37,597 - INFO - Episode 100 completed.
2025-02-06 23:01:37,635 - INFO - Positions saved to ./inference_outputs/PPO_All_FM\PPO_All_FM_positions.csv
2025-02-06 23:01:37,879 - INFO - Episode 1 did not travel at least 18 meters, skipping.
2025-02-06 23:01:37,906 - INFO - Episode 8 did not travel at least 18 meters, skipping.
2025-02-06 23:01:37,907 - INFO - Episode 9 did not travel at least 18 meters, skipping.
2025-02-06 23:01:37,907 - INFO - Episode 10 did not travel at least 18 meters, skipping.
2025-02-06 23:01:37,910 - INFO - Episode 12 did not travel at least 18 meters, skipping.
2025-02-06 23:01:37,914 - INFO - Episode 17 did not travel at least 18 meters, skipping.
2025-02-06 23:01:37,915 - INFO - Episode 18 did not travel at least 18 meters, skipping.
2025-02-06 23:01:37,919 - INFO - Episode 23 did not travel at least 18 meters, skipping.
2025-02-06 23:01:37,925 - INFO - Episode 28 did not travel at least 18 meters, skipping.
2025-02-06 23:01:37,926 - INFO - Episode 29 did not travel at least 18 meters, skipping.
2025-02-06 23:01:37,929 - INFO - Episode 31 did not travel at least 18 meters, skipping.
2025-02-06 23:01:37,930 - INFO - Episode 32 did not travel at least 18 meters, skipping.
2025-02-06 23:01:37,931 - INFO - Episode 33 did not travel at least 18 meters, skipping.
2025-02-06 23:01:37,933 - INFO - Episode 35 did not travel at least 18 meters, skipping.
2025-02-06 23:01:37,933 - INFO - Episode 36 did not travel at least 18 meters, skipping.
2025-02-06 23:01:37,935 - INFO - Episode 38 did not travel at least 18 meters, skipping.
2025-02-06 23:01:37,937 - INFO - Episode 39 did not travel at least 18 meters, skipping.
2025-02-06 23:01:37,937 - INFO - Episode 40 did not travel at least 18 meters, skipping.
2025-02-06 23:01:37,940 - INFO - Episode 42 did not travel at least 18 meters, skipping.
2025-02-06 23:01:37,943 - INFO - Episode 44 did not travel at least 18 meters, skipping.
2025-02-06 23:01:37,944 - INFO - Episode 45 did not travel at least 18 meters, skipping.
2025-02-06 23:01:37,954 - INFO - Episode 56 did not travel at least 18 meters, skipping.
2025-02-06 23:01:37,956 - INFO - Episode 57 did not travel at least 18 meters, skipping.
2025-02-06 23:01:37,957 - INFO - Episode 58 did not travel at least 18 meters, skipping.
2025-02-06 23:01:37,958 - INFO - Episode 59 did not travel at least 18 meters, skipping.
2025-02-06 23:01:37,960 - INFO - Episode 61 did not travel at least 18 meters, skipping.
2025-02-06 23:01:37,966 - INFO - Episode 65 did not travel at least 18 meters, skipping.
2025-02-06 23:01:37,969 - INFO - Episode 68 did not travel at least 18 meters, skipping.
2025-02-06 23:01:37,971 - INFO - Episode 69 did not travel at least 18 meters, skipping.
2025-02-06 23:01:37,973 - INFO - Episode 72 did not travel at least 18 meters, skipping.
2025-02-06 23:01:37,977 - INFO - Episode 75 did not travel at least 18 meters, skipping.
2025-02-06 23:01:37,978 - INFO - Episode 76 did not travel at least 18 meters, skipping.
2025-02-06 23:01:37,981 - INFO - Episode 80 did not travel at least 18 meters, skipping.
2025-02-06 23:01:37,982 - INFO - Episode 81 did not travel at least 18 meters, skipping.
2025-02-06 23:01:37,986 - INFO - Episode 84 did not travel at least 18 meters, skipping.
2025-02-06 23:01:37,992 - INFO - Episode 88 did not travel at least 18 meters, skipping.
2025-02-06 23:01:37,997 - INFO - Episode 93 did not travel at least 18 meters, skipping.
2025-02-06 23:01:37,998 - INFO - Episode 94 did not travel at least 18 meters, skipping.
2025-02-06 23:01:38,000 - INFO - Episode 96 did not travel at least 18 meters, skipping.
2025-02-06 23:01:38,002 - INFO - Episode 98 did not travel at least 18 meters, skipping.
2025-02-06 23:01:38,004 - INFO - Episode 100 did not travel at least 18 meters, skipping.
2025-02-06 23:01:38,189 - INFO - Trajectories plotted and saved as './inference_outputs/PPO_All_FM\PPO_All_FM_trajectories.png'.
2025-02-06 23:01:38,191 - INFO - -----------------------------------
2025-02-06 23:01:38,191 - INFO - > Total episodes: 100
2025-02-06 23:01:38,191 - INFO - > Flight distance (mean): 16.39
2025-02-06 23:01:38,191 - INFO - > Holes reached (mean): 4.00 out of 5
2025-02-06 23:01:38,191 - INFO - -----------------------------------
