2024-12-06 20:37:45,749 [INFO] Logging initialized for scenario: 'RGB_A2CvsPPO_SnowOnly'
2024-12-06 20:37:45,750 [INFO] Received command-line arguments: Scenario='RGB_A2CvsPPO_SnowOnly', Filenames=['D:\\Masters\\Sem5\\uavRL\\inference_outputs\\Trajectories\\SnowOnly\\a2c_naturecnn_single_rgb_SnowOnly\\a2c_naturecnn_single_rgb_SnowOnly_positions.csv', 'D:\\Masters\\Sem5\\uavRL\\inference_outputs\\Trajectories\\SnowOnly\\ppo_naturecnn_single_rgb_SnowOnly\\ppo_naturecnn_single_rgb_SnowOnly_positions.csv']
2024-12-06 20:37:45,750 [INFO] Starting to plot multiple mean trajectories.
2024-12-06 20:37:45,893 [INFO] Successfully read 'D:\Masters\Sem5\uavRL\inference_outputs\Trajectories\SnowOnly\a2c_naturecnn_single_rgb_SnowOnly\a2c_naturecnn_single_rgb_SnowOnly_positions.csv'.
2024-12-06 20:37:45,896 [INFO] Episode 2 in 'D:\Masters\Sem5\uavRL\inference_outputs\Trajectories\SnowOnly\a2c_naturecnn_single_rgb_SnowOnly\a2c_naturecnn_single_rgb_SnowOnly_positions.csv' did not travel at least 9 meters. Skipping.
2024-12-06 20:37:45,896 [INFO] Episode 3 in 'D:\Masters\Sem5\uavRL\inference_outputs\Trajectories\SnowOnly\a2c_naturecnn_single_rgb_SnowOnly\a2c_naturecnn_single_rgb_SnowOnly_positions.csv' did not travel at least 9 meters. Skipping.
2024-12-06 20:37:45,897 [INFO] Episode 6 in 'D:\Masters\Sem5\uavRL\inference_outputs\Trajectories\SnowOnly\a2c_naturecnn_single_rgb_SnowOnly\a2c_naturecnn_single_rgb_SnowOnly_positions.csv' did not travel at least 9 meters. Skipping.
2024-12-06 20:37:45,898 [INFO] Episode 7 in 'D:\Masters\Sem5\uavRL\inference_outputs\Trajectories\SnowOnly\a2c_naturecnn_single_rgb_SnowOnly\a2c_naturecnn_single_rgb_SnowOnly_positions.csv' did not travel at least 9 meters. Skipping.
2024-12-06 20:37:45,899 [INFO] Episode 8 in 'D:\Masters\Sem5\uavRL\inference_outputs\Trajectories\SnowOnly\a2c_naturecnn_single_rgb_SnowOnly\a2c_naturecnn_single_rgb_SnowOnly_positions.csv' did not travel at least 9 meters. Skipping.
2024-12-06 20:37:45,900 [INFO] Episode 9 in 'D:\Masters\Sem5\uavRL\inference_outputs\Trajectories\SnowOnly\a2c_naturecnn_single_rgb_SnowOnly\a2c_naturecnn_single_rgb_SnowOnly_positions.csv' did not travel at least 9 meters. Skipping.
2024-12-06 20:37:45,902 [INFO] Episode 11 in 'D:\Masters\Sem5\uavRL\inference_outputs\Trajectories\SnowOnly\a2c_naturecnn_single_rgb_SnowOnly\a2c_naturecnn_single_rgb_SnowOnly_positions.csv' did not travel at least 9 meters. Skipping.
2024-12-06 20:37:45,904 [INFO] Episode 16 in 'D:\Masters\Sem5\uavRL\inference_outputs\Trajectories\SnowOnly\a2c_naturecnn_single_rgb_SnowOnly\a2c_naturecnn_single_rgb_SnowOnly_positions.csv' did not travel at least 9 meters. Skipping.
2024-12-06 20:37:45,906 [INFO] Episode 21 in 'D:\Masters\Sem5\uavRL\inference_outputs\Trajectories\SnowOnly\a2c_naturecnn_single_rgb_SnowOnly\a2c_naturecnn_single_rgb_SnowOnly_positions.csv' did not travel at least 9 meters. Skipping.
2024-12-06 20:37:45,906 [INFO] Episode 24 in 'D:\Masters\Sem5\uavRL\inference_outputs\Trajectories\SnowOnly\a2c_naturecnn_single_rgb_SnowOnly\a2c_naturecnn_single_rgb_SnowOnly_positions.csv' did not travel at least 9 meters. Skipping.
2024-12-06 20:37:45,909 [INFO] Episode 28 in 'D:\Masters\Sem5\uavRL\inference_outputs\Trajectories\SnowOnly\a2c_naturecnn_single_rgb_SnowOnly\a2c_naturecnn_single_rgb_SnowOnly_positions.csv' did not travel at least 9 meters. Skipping.
2024-12-06 20:37:45,910 [INFO] Episode 29 in 'D:\Masters\Sem5\uavRL\inference_outputs\Trajectories\SnowOnly\a2c_naturecnn_single_rgb_SnowOnly\a2c_naturecnn_single_rgb_SnowOnly_positions.csv' did not travel at least 9 meters. Skipping.
2024-12-06 20:37:45,910 [INFO] Episode 30 in 'D:\Masters\Sem5\uavRL\inference_outputs\Trajectories\SnowOnly\a2c_naturecnn_single_rgb_SnowOnly\a2c_naturecnn_single_rgb_SnowOnly_positions.csv' did not travel at least 9 meters. Skipping.
2024-12-06 20:37:45,912 [INFO] Episode 33 in 'D:\Masters\Sem5\uavRL\inference_outputs\Trajectories\SnowOnly\a2c_naturecnn_single_rgb_SnowOnly\a2c_naturecnn_single_rgb_SnowOnly_positions.csv' did not travel at least 9 meters. Skipping.
2024-12-06 20:37:45,913 [INFO] Episode 34 in 'D:\Masters\Sem5\uavRL\inference_outputs\Trajectories\SnowOnly\a2c_naturecnn_single_rgb_SnowOnly\a2c_naturecnn_single_rgb_SnowOnly_positions.csv' did not travel at least 9 meters. Skipping.
2024-12-06 20:37:45,913 [INFO] Episode 36 in 'D:\Masters\Sem5\uavRL\inference_outputs\Trajectories\SnowOnly\a2c_naturecnn_single_rgb_SnowOnly\a2c_naturecnn_single_rgb_SnowOnly_positions.csv' did not travel at least 9 meters. Skipping.
2024-12-06 20:37:45,915 [INFO] Episode 37 in 'D:\Masters\Sem5\uavRL\inference_outputs\Trajectories\SnowOnly\a2c_naturecnn_single_rgb_SnowOnly\a2c_naturecnn_single_rgb_SnowOnly_positions.csv' did not travel at least 9 meters. Skipping.
2024-12-06 20:37:45,915 [INFO] Episode 38 in 'D:\Masters\Sem5\uavRL\inference_outputs\Trajectories\SnowOnly\a2c_naturecnn_single_rgb_SnowOnly\a2c_naturecnn_single_rgb_SnowOnly_positions.csv' did not travel at least 9 meters. Skipping.
2024-12-06 20:37:45,916 [INFO] Episode 40 in 'D:\Masters\Sem5\uavRL\inference_outputs\Trajectories\SnowOnly\a2c_naturecnn_single_rgb_SnowOnly\a2c_naturecnn_single_rgb_SnowOnly_positions.csv' did not travel at least 9 meters. Skipping.
2024-12-06 20:37:45,917 [INFO] Episode 41 in 'D:\Masters\Sem5\uavRL\inference_outputs\Trajectories\SnowOnly\a2c_naturecnn_single_rgb_SnowOnly\a2c_naturecnn_single_rgb_SnowOnly_positions.csv' did not travel at least 9 meters. Skipping.
2024-12-06 20:37:45,918 [INFO] Episode 43 in 'D:\Masters\Sem5\uavRL\inference_outputs\Trajectories\SnowOnly\a2c_naturecnn_single_rgb_SnowOnly\a2c_naturecnn_single_rgb_SnowOnly_positions.csv' did not travel at least 9 meters. Skipping.
2024-12-06 20:37:45,919 [INFO] Episode 45 in 'D:\Masters\Sem5\uavRL\inference_outputs\Trajectories\SnowOnly\a2c_naturecnn_single_rgb_SnowOnly\a2c_naturecnn_single_rgb_SnowOnly_positions.csv' did not travel at least 9 meters. Skipping.
2024-12-06 20:37:45,920 [INFO] Episode 48 in 'D:\Masters\Sem5\uavRL\inference_outputs\Trajectories\SnowOnly\a2c_naturecnn_single_rgb_SnowOnly\a2c_naturecnn_single_rgb_SnowOnly_positions.csv' did not travel at least 9 meters. Skipping.
2024-12-06 20:37:45,921 [INFO] Episode 50 in 'D:\Masters\Sem5\uavRL\inference_outputs\Trajectories\SnowOnly\a2c_naturecnn_single_rgb_SnowOnly\a2c_naturecnn_single_rgb_SnowOnly_positions.csv' did not travel at least 9 meters. Skipping.
2024-12-06 20:37:45,921 [INFO] Episode 52 in 'D:\Masters\Sem5\uavRL\inference_outputs\Trajectories\SnowOnly\a2c_naturecnn_single_rgb_SnowOnly\a2c_naturecnn_single_rgb_SnowOnly_positions.csv' did not travel at least 9 meters. Skipping.
2024-12-06 20:37:45,922 [INFO] Episode 54 in 'D:\Masters\Sem5\uavRL\inference_outputs\Trajectories\SnowOnly\a2c_naturecnn_single_rgb_SnowOnly\a2c_naturecnn_single_rgb_SnowOnly_positions.csv' did not travel at least 9 meters. Skipping.
2024-12-06 20:37:45,923 [INFO] Episode 56 in 'D:\Masters\Sem5\uavRL\inference_outputs\Trajectories\SnowOnly\a2c_naturecnn_single_rgb_SnowOnly\a2c_naturecnn_single_rgb_SnowOnly_positions.csv' did not travel at least 9 meters. Skipping.
2024-12-06 20:37:45,926 [INFO] Episode 67 in 'D:\Masters\Sem5\uavRL\inference_outputs\Trajectories\SnowOnly\a2c_naturecnn_single_rgb_SnowOnly\a2c_naturecnn_single_rgb_SnowOnly_positions.csv' did not travel at least 9 meters. Skipping.
2024-12-06 20:37:45,929 [INFO] Episode 72 in 'D:\Masters\Sem5\uavRL\inference_outputs\Trajectories\SnowOnly\a2c_naturecnn_single_rgb_SnowOnly\a2c_naturecnn_single_rgb_SnowOnly_positions.csv' did not travel at least 9 meters. Skipping.
2024-12-06 20:37:45,930 [INFO] Episode 73 in 'D:\Masters\Sem5\uavRL\inference_outputs\Trajectories\SnowOnly\a2c_naturecnn_single_rgb_SnowOnly\a2c_naturecnn_single_rgb_SnowOnly_positions.csv' did not travel at least 9 meters. Skipping.
2024-12-06 20:37:45,930 [INFO] Episode 74 in 'D:\Masters\Sem5\uavRL\inference_outputs\Trajectories\SnowOnly\a2c_naturecnn_single_rgb_SnowOnly\a2c_naturecnn_single_rgb_SnowOnly_positions.csv' did not travel at least 9 meters. Skipping.
2024-12-06 20:37:45,932 [INFO] Episode 78 in 'D:\Masters\Sem5\uavRL\inference_outputs\Trajectories\SnowOnly\a2c_naturecnn_single_rgb_SnowOnly\a2c_naturecnn_single_rgb_SnowOnly_positions.csv' did not travel at least 9 meters. Skipping.
2024-12-06 20:37:45,934 [INFO] Episode 85 in 'D:\Masters\Sem5\uavRL\inference_outputs\Trajectories\SnowOnly\a2c_naturecnn_single_rgb_SnowOnly\a2c_naturecnn_single_rgb_SnowOnly_positions.csv' did not travel at least 9 meters. Skipping.
2024-12-06 20:37:45,935 [INFO] Episode 86 in 'D:\Masters\Sem5\uavRL\inference_outputs\Trajectories\SnowOnly\a2c_naturecnn_single_rgb_SnowOnly\a2c_naturecnn_single_rgb_SnowOnly_positions.csv' did not travel at least 9 meters. Skipping.
2024-12-06 20:37:45,936 [INFO] Episode 89 in 'D:\Masters\Sem5\uavRL\inference_outputs\Trajectories\SnowOnly\a2c_naturecnn_single_rgb_SnowOnly\a2c_naturecnn_single_rgb_SnowOnly_positions.csv' did not travel at least 9 meters. Skipping.
2024-12-06 20:37:45,937 [INFO] Episode 93 in 'D:\Masters\Sem5\uavRL\inference_outputs\Trajectories\SnowOnly\a2c_naturecnn_single_rgb_SnowOnly\a2c_naturecnn_single_rgb_SnowOnly_positions.csv' did not travel at least 9 meters. Skipping.
2024-12-06 20:37:45,938 [INFO] Episode 96 in 'D:\Masters\Sem5\uavRL\inference_outputs\Trajectories\SnowOnly\a2c_naturecnn_single_rgb_SnowOnly\a2c_naturecnn_single_rgb_SnowOnly_positions.csv' did not travel at least 9 meters. Skipping.
2024-12-06 20:37:45,939 [INFO] Episode 98 in 'D:\Masters\Sem5\uavRL\inference_outputs\Trajectories\SnowOnly\a2c_naturecnn_single_rgb_SnowOnly\a2c_naturecnn_single_rgb_SnowOnly_positions.csv' did not travel at least 9 meters. Skipping.
2024-12-06 20:37:45,951 [INFO] Successfully read 'D:\Masters\Sem5\uavRL\inference_outputs\Trajectories\SnowOnly\ppo_naturecnn_single_rgb_SnowOnly\ppo_naturecnn_single_rgb_SnowOnly_positions.csv'.
2024-12-06 20:37:45,951 [INFO] Episode 1 in 'D:\Masters\Sem5\uavRL\inference_outputs\Trajectories\SnowOnly\ppo_naturecnn_single_rgb_SnowOnly\ppo_naturecnn_single_rgb_SnowOnly_positions.csv' did not travel at least 9 meters. Skipping.
2024-12-06 20:37:45,953 [INFO] Episode 6 in 'D:\Masters\Sem5\uavRL\inference_outputs\Trajectories\SnowOnly\ppo_naturecnn_single_rgb_SnowOnly\ppo_naturecnn_single_rgb_SnowOnly_positions.csv' did not travel at least 9 meters. Skipping.
2024-12-06 20:37:45,954 [INFO] Episode 7 in 'D:\Masters\Sem5\uavRL\inference_outputs\Trajectories\SnowOnly\ppo_naturecnn_single_rgb_SnowOnly\ppo_naturecnn_single_rgb_SnowOnly_positions.csv' did not travel at least 9 meters. Skipping.
2024-12-06 20:37:45,955 [INFO] Episode 12 in 'D:\Masters\Sem5\uavRL\inference_outputs\Trajectories\SnowOnly\ppo_naturecnn_single_rgb_SnowOnly\ppo_naturecnn_single_rgb_SnowOnly_positions.csv' did not travel at least 9 meters. Skipping.
2024-12-06 20:37:45,957 [INFO] Episode 13 in 'D:\Masters\Sem5\uavRL\inference_outputs\Trajectories\SnowOnly\ppo_naturecnn_single_rgb_SnowOnly\ppo_naturecnn_single_rgb_SnowOnly_positions.csv' did not travel at least 9 meters. Skipping.
2024-12-06 20:37:45,957 [INFO] Episode 15 in 'D:\Masters\Sem5\uavRL\inference_outputs\Trajectories\SnowOnly\ppo_naturecnn_single_rgb_SnowOnly\ppo_naturecnn_single_rgb_SnowOnly_positions.csv' did not travel at least 9 meters. Skipping.
2024-12-06 20:37:45,958 [INFO] Episode 17 in 'D:\Masters\Sem5\uavRL\inference_outputs\Trajectories\SnowOnly\ppo_naturecnn_single_rgb_SnowOnly\ppo_naturecnn_single_rgb_SnowOnly_positions.csv' did not travel at least 9 meters. Skipping.
2024-12-06 20:37:45,960 [INFO] Episode 20 in 'D:\Masters\Sem5\uavRL\inference_outputs\Trajectories\SnowOnly\ppo_naturecnn_single_rgb_SnowOnly\ppo_naturecnn_single_rgb_SnowOnly_positions.csv' did not travel at least 9 meters. Skipping.
2024-12-06 20:37:45,960 [INFO] Episode 21 in 'D:\Masters\Sem5\uavRL\inference_outputs\Trajectories\SnowOnly\ppo_naturecnn_single_rgb_SnowOnly\ppo_naturecnn_single_rgb_SnowOnly_positions.csv' did not travel at least 9 meters. Skipping.
2024-12-06 20:37:45,962 [INFO] Episode 24 in 'D:\Masters\Sem5\uavRL\inference_outputs\Trajectories\SnowOnly\ppo_naturecnn_single_rgb_SnowOnly\ppo_naturecnn_single_rgb_SnowOnly_positions.csv' did not travel at least 9 meters. Skipping.
2024-12-06 20:37:45,964 [INFO] Episode 25 in 'D:\Masters\Sem5\uavRL\inference_outputs\Trajectories\SnowOnly\ppo_naturecnn_single_rgb_SnowOnly\ppo_naturecnn_single_rgb_SnowOnly_positions.csv' did not travel at least 9 meters. Skipping.
2024-12-06 20:37:45,964 [INFO] Episode 27 in 'D:\Masters\Sem5\uavRL\inference_outputs\Trajectories\SnowOnly\ppo_naturecnn_single_rgb_SnowOnly\ppo_naturecnn_single_rgb_SnowOnly_positions.csv' did not travel at least 9 meters. Skipping.
2024-12-06 20:37:45,967 [INFO] Episode 33 in 'D:\Masters\Sem5\uavRL\inference_outputs\Trajectories\SnowOnly\ppo_naturecnn_single_rgb_SnowOnly\ppo_naturecnn_single_rgb_SnowOnly_positions.csv' did not travel at least 9 meters. Skipping.
2024-12-06 20:37:45,967 [INFO] Episode 34 in 'D:\Masters\Sem5\uavRL\inference_outputs\Trajectories\SnowOnly\ppo_naturecnn_single_rgb_SnowOnly\ppo_naturecnn_single_rgb_SnowOnly_positions.csv' did not travel at least 9 meters. Skipping.
2024-12-06 20:37:45,968 [INFO] Episode 35 in 'D:\Masters\Sem5\uavRL\inference_outputs\Trajectories\SnowOnly\ppo_naturecnn_single_rgb_SnowOnly\ppo_naturecnn_single_rgb_SnowOnly_positions.csv' did not travel at least 9 meters. Skipping.
2024-12-06 20:37:45,969 [INFO] Episode 38 in 'D:\Masters\Sem5\uavRL\inference_outputs\Trajectories\SnowOnly\ppo_naturecnn_single_rgb_SnowOnly\ppo_naturecnn_single_rgb_SnowOnly_positions.csv' did not travel at least 9 meters. Skipping.
2024-12-06 20:37:45,970 [INFO] Episode 40 in 'D:\Masters\Sem5\uavRL\inference_outputs\Trajectories\SnowOnly\ppo_naturecnn_single_rgb_SnowOnly\ppo_naturecnn_single_rgb_SnowOnly_positions.csv' did not travel at least 9 meters. Skipping.
2024-12-06 20:37:45,970 [INFO] Episode 41 in 'D:\Masters\Sem5\uavRL\inference_outputs\Trajectories\SnowOnly\ppo_naturecnn_single_rgb_SnowOnly\ppo_naturecnn_single_rgb_SnowOnly_positions.csv' did not travel at least 9 meters. Skipping.
2024-12-06 20:37:45,971 [INFO] Episode 44 in 'D:\Masters\Sem5\uavRL\inference_outputs\Trajectories\SnowOnly\ppo_naturecnn_single_rgb_SnowOnly\ppo_naturecnn_single_rgb_SnowOnly_positions.csv' did not travel at least 9 meters. Skipping.
2024-12-06 20:37:45,973 [INFO] Episode 49 in 'D:\Masters\Sem5\uavRL\inference_outputs\Trajectories\SnowOnly\ppo_naturecnn_single_rgb_SnowOnly\ppo_naturecnn_single_rgb_SnowOnly_positions.csv' did not travel at least 9 meters. Skipping.
2024-12-06 20:37:45,973 [INFO] Episode 50 in 'D:\Masters\Sem5\uavRL\inference_outputs\Trajectories\SnowOnly\ppo_naturecnn_single_rgb_SnowOnly\ppo_naturecnn_single_rgb_SnowOnly_positions.csv' did not travel at least 9 meters. Skipping.
2024-12-06 20:37:45,974 [INFO] Episode 52 in 'D:\Masters\Sem5\uavRL\inference_outputs\Trajectories\SnowOnly\ppo_naturecnn_single_rgb_SnowOnly\ppo_naturecnn_single_rgb_SnowOnly_positions.csv' did not travel at least 9 meters. Skipping.
2024-12-06 20:37:45,975 [INFO] Episode 53 in 'D:\Masters\Sem5\uavRL\inference_outputs\Trajectories\SnowOnly\ppo_naturecnn_single_rgb_SnowOnly\ppo_naturecnn_single_rgb_SnowOnly_positions.csv' did not travel at least 9 meters. Skipping.
2024-12-06 20:37:45,975 [INFO] Episode 54 in 'D:\Masters\Sem5\uavRL\inference_outputs\Trajectories\SnowOnly\ppo_naturecnn_single_rgb_SnowOnly\ppo_naturecnn_single_rgb_SnowOnly_positions.csv' did not travel at least 9 meters. Skipping.
2024-12-06 20:37:45,977 [INFO] Episode 55 in 'D:\Masters\Sem5\uavRL\inference_outputs\Trajectories\SnowOnly\ppo_naturecnn_single_rgb_SnowOnly\ppo_naturecnn_single_rgb_SnowOnly_positions.csv' did not travel at least 9 meters. Skipping.
2024-12-06 20:37:45,978 [INFO] Episode 58 in 'D:\Masters\Sem5\uavRL\inference_outputs\Trajectories\SnowOnly\ppo_naturecnn_single_rgb_SnowOnly\ppo_naturecnn_single_rgb_SnowOnly_positions.csv' did not travel at least 9 meters. Skipping.
2024-12-06 20:37:45,980 [INFO] Episode 60 in 'D:\Masters\Sem5\uavRL\inference_outputs\Trajectories\SnowOnly\ppo_naturecnn_single_rgb_SnowOnly\ppo_naturecnn_single_rgb_SnowOnly_positions.csv' did not travel at least 9 meters. Skipping.
2024-12-06 20:37:45,981 [INFO] Episode 62 in 'D:\Masters\Sem5\uavRL\inference_outputs\Trajectories\SnowOnly\ppo_naturecnn_single_rgb_SnowOnly\ppo_naturecnn_single_rgb_SnowOnly_positions.csv' did not travel at least 9 meters. Skipping.
2024-12-06 20:37:45,982 [INFO] Episode 65 in 'D:\Masters\Sem5\uavRL\inference_outputs\Trajectories\SnowOnly\ppo_naturecnn_single_rgb_SnowOnly\ppo_naturecnn_single_rgb_SnowOnly_positions.csv' did not travel at least 9 meters. Skipping.
2024-12-06 20:37:45,983 [INFO] Episode 66 in 'D:\Masters\Sem5\uavRL\inference_outputs\Trajectories\SnowOnly\ppo_naturecnn_single_rgb_SnowOnly\ppo_naturecnn_single_rgb_SnowOnly_positions.csv' did not travel at least 9 meters. Skipping.
2024-12-06 20:37:45,984 [INFO] Episode 69 in 'D:\Masters\Sem5\uavRL\inference_outputs\Trajectories\SnowOnly\ppo_naturecnn_single_rgb_SnowOnly\ppo_naturecnn_single_rgb_SnowOnly_positions.csv' did not travel at least 9 meters. Skipping.
2024-12-06 20:37:45,984 [INFO] Episode 70 in 'D:\Masters\Sem5\uavRL\inference_outputs\Trajectories\SnowOnly\ppo_naturecnn_single_rgb_SnowOnly\ppo_naturecnn_single_rgb_SnowOnly_positions.csv' did not travel at least 9 meters. Skipping.
2024-12-06 20:37:45,985 [INFO] Episode 71 in 'D:\Masters\Sem5\uavRL\inference_outputs\Trajectories\SnowOnly\ppo_naturecnn_single_rgb_SnowOnly\ppo_naturecnn_single_rgb_SnowOnly_positions.csv' did not travel at least 9 meters. Skipping.
2024-12-06 20:37:45,985 [INFO] Episode 72 in 'D:\Masters\Sem5\uavRL\inference_outputs\Trajectories\SnowOnly\ppo_naturecnn_single_rgb_SnowOnly\ppo_naturecnn_single_rgb_SnowOnly_positions.csv' did not travel at least 9 meters. Skipping.
2024-12-06 20:37:45,987 [INFO] Episode 73 in 'D:\Masters\Sem5\uavRL\inference_outputs\Trajectories\SnowOnly\ppo_naturecnn_single_rgb_SnowOnly\ppo_naturecnn_single_rgb_SnowOnly_positions.csv' did not travel at least 9 meters. Skipping.
2024-12-06 20:37:45,988 [INFO] Episode 76 in 'D:\Masters\Sem5\uavRL\inference_outputs\Trajectories\SnowOnly\ppo_naturecnn_single_rgb_SnowOnly\ppo_naturecnn_single_rgb_SnowOnly_positions.csv' did not travel at least 9 meters. Skipping.
2024-12-06 20:37:45,990 [INFO] Episode 81 in 'D:\Masters\Sem5\uavRL\inference_outputs\Trajectories\SnowOnly\ppo_naturecnn_single_rgb_SnowOnly\ppo_naturecnn_single_rgb_SnowOnly_positions.csv' did not travel at least 9 meters. Skipping.
2024-12-06 20:37:45,990 [INFO] Episode 83 in 'D:\Masters\Sem5\uavRL\inference_outputs\Trajectories\SnowOnly\ppo_naturecnn_single_rgb_SnowOnly\ppo_naturecnn_single_rgb_SnowOnly_positions.csv' did not travel at least 9 meters. Skipping.
2024-12-06 20:37:45,991 [INFO] Episode 85 in 'D:\Masters\Sem5\uavRL\inference_outputs\Trajectories\SnowOnly\ppo_naturecnn_single_rgb_SnowOnly\ppo_naturecnn_single_rgb_SnowOnly_positions.csv' did not travel at least 9 meters. Skipping.
2024-12-06 20:37:45,992 [INFO] Episode 89 in 'D:\Masters\Sem5\uavRL\inference_outputs\Trajectories\SnowOnly\ppo_naturecnn_single_rgb_SnowOnly\ppo_naturecnn_single_rgb_SnowOnly_positions.csv' did not travel at least 9 meters. Skipping.
2024-12-06 20:37:45,994 [INFO] Episode 94 in 'D:\Masters\Sem5\uavRL\inference_outputs\Trajectories\SnowOnly\ppo_naturecnn_single_rgb_SnowOnly\ppo_naturecnn_single_rgb_SnowOnly_positions.csv' did not travel at least 9 meters. Skipping.
2024-12-06 20:37:45,995 [INFO] Episode 95 in 'D:\Masters\Sem5\uavRL\inference_outputs\Trajectories\SnowOnly\ppo_naturecnn_single_rgb_SnowOnly\ppo_naturecnn_single_rgb_SnowOnly_positions.csv' did not travel at least 9 meters. Skipping.
2024-12-06 20:37:45,995 [INFO] Episode 96 in 'D:\Masters\Sem5\uavRL\inference_outputs\Trajectories\SnowOnly\ppo_naturecnn_single_rgb_SnowOnly\ppo_naturecnn_single_rgb_SnowOnly_positions.csv' did not travel at least 9 meters. Skipping.
2024-12-06 20:37:45,997 [INFO] Episode 98 in 'D:\Masters\Sem5\uavRL\inference_outputs\Trajectories\SnowOnly\ppo_naturecnn_single_rgb_SnowOnly\ppo_naturecnn_single_rgb_SnowOnly_positions.csv' did not travel at least 9 meters. Skipping.
2024-12-06 20:37:45,997 [INFO] Episode 99 in 'D:\Masters\Sem5\uavRL\inference_outputs\Trajectories\SnowOnly\ppo_naturecnn_single_rgb_SnowOnly\ppo_naturecnn_single_rgb_SnowOnly_positions.csv' did not travel at least 9 meters. Skipping.
2024-12-06 20:37:46,003 [INFO] Wall positions determined at: [3.7, 7.4, 11.100000000000001, 14.8, 18.5, 22.2]
2024-12-06 20:37:46,005 [INFO] Plotted mean trajectory from 'a2c_naturecnn_single_rgb_SnowOnly_positions.csv' with color 'blue'.
2024-12-06 20:37:46,006 [INFO] Plotted mean trajectory from 'ppo_naturecnn_single_rgb_SnowOnly_positions.csv' with color 'green'.
2024-12-06 20:37:46,108 [INFO] Added wall surface at X=3.7 with Trajectory Variations and Passages.
2024-12-06 20:37:46,167 [INFO] Added wall surface at X=7.4 with Trajectory Variations and Passages.
2024-12-06 20:37:46,223 [INFO] Added wall surface at X=11.100000000000001 with Trajectory Variations and Passages.
2024-12-06 20:37:46,283 [INFO] Added wall surface at X=14.8 with Trajectory Variations and Passages.
2024-12-06 20:37:46,345 [INFO] Added wall surface at X=18.5 with Trajectory Variations and Passages.
2024-12-06 20:37:46,347 [WARNING] No data near wall at X=22.2. Skipping hole creation.
2024-12-06 20:37:46,349 [INFO] Completed plotting walls and holes.
2024-12-06 20:37:46,538 [INFO] Similarity between 'a2c_naturecnn_single_rgb_SnowOnly_positions.csv' and 'ppo_naturecnn_single_rgb_SnowOnly_positions.csv':
2024-12-06 20:37:46,538 [INFO]   - Cosine Similarity (Mean): 0.9930
2024-12-06 20:37:46,539 [INFO]   - Pearson Correlation (Mean): 0.9671
2024-12-06 20:37:46,539 [INFO]   - Normalized Cross-Correlation (Mean): 0.9671
2024-12-06 20:37:46,539 [INFO]   - Lag at Max NCC (Y): -1, (Z): 0
2024-12-06 20:37:46,745 [INFO] Cross-correlation plot saved as 'inference_outputs\RGB_A2CvsPPO_SnowOnly\RGB_A2CvsPPO_SnowOnly_cross_correlation_part1.png'.
2024-12-06 20:37:47,276 [INFO] Mean trajectories plotted and saved as 'inference_outputs\RGB_A2CvsPPO_SnowOnly\RGB_A2CvsPPO_SnowOnly_mean_trajectories.png'.
2024-12-06 20:37:47,283 [INFO] Similarity summary saved as 'inference_outputs\RGB_A2CvsPPO_SnowOnly\RGB_A2CvsPPO_SnowOnly_similarity_summary.csv'.
