2024-12-06 20:01:34,863 [INFO] Logging initialized for scenario: 'Depth_A2CvsPPO_LeavesFalling'
2024-12-06 20:01:34,865 [INFO] Received command-line arguments: Scenario='Depth_A2CvsPPO_LeavesFalling', Filenames=['D:\\Masters\\Sem5\\uavRL\\inference_outputs\\LeavesFalling\\a2c_naturecnn_depth\\a2c_naturecnn_depth_positions.csv', 'D:\\Masters\\Sem5\\uavRL\\inference_outputs\\LeavesFalling\\ppo_naturecnn_depth\\ppo_naturecnn_depth_positions.csv']
2024-12-06 20:01:34,865 [INFO] Starting to plot multiple mean trajectories.
2024-12-06 20:01:35,026 [ERROR] File 'D:\Masters\Sem5\uavRL\inference_outputs\LeavesFalling\a2c_naturecnn_depth\a2c_naturecnn_depth_positions.csv' not found. Skipping.
2024-12-06 20:01:35,026 [ERROR] File 'D:\Masters\Sem5\uavRL\inference_outputs\LeavesFalling\ppo_naturecnn_depth\ppo_naturecnn_depth_positions.csv' not found. Skipping.
2024-12-06 20:01:35,027 [ERROR] No valid mean trajectories to plot. Exiting.
2024-12-06 20:03:42,417 [INFO] Logging initialized for scenario: 'Depth_A2CvsPPO_LeavesFalling'
2024-12-06 20:03:42,417 [INFO] Received command-line arguments: Scenario='Depth_A2CvsPPO_LeavesFalling', Filenames=['D:\\Masters\\Sem5\\uavRL\\inference_outputs\\LeavesFalling\\a2c_naturecnn_depth_LeavesFalling\\a2c_naturecnn_depth_LeavesFalling_positions.csv', 'D:\\Masters\\Sem5\\uavRL\\inference_outputs\\LeavesFalling\\ppo_naturecnn_depth_LeavesFalling\\ppo_naturecnn_depth_LeavesFalling_positions.csv']
2024-12-06 20:03:42,418 [INFO] Starting to plot multiple mean trajectories.
2024-12-06 20:03:42,569 [ERROR] File 'D:\Masters\Sem5\uavRL\inference_outputs\LeavesFalling\a2c_naturecnn_depth_LeavesFalling\a2c_naturecnn_depth_LeavesFalling_positions.csv' not found. Skipping.
2024-12-06 20:03:42,569 [ERROR] File 'D:\Masters\Sem5\uavRL\inference_outputs\LeavesFalling\ppo_naturecnn_depth_LeavesFalling\ppo_naturecnn_depth_LeavesFalling_positions.csv' not found. Skipping.
2024-12-06 20:03:42,569 [ERROR] No valid mean trajectories to plot. Exiting.
2024-12-06 20:04:46,591 [INFO] Logging initialized for scenario: 'Depth_A2CvsPPO_LeavesFalling'
2024-12-06 20:04:46,591 [INFO] Received command-line arguments: Scenario='Depth_A2CvsPPO_LeavesFalling', Filenames=['D:\\Masters\\Sem5\\uavRL\\inference_outputs\\LeavesFalling\\a2c_naturecnn_depth_leavesFalling\\a2c_naturecnn_depth_leavesFalling_positions.csv', 'D:\\Masters\\Sem5\\uavRL\\inference_outputs\\LeavesFalling\\ppo_naturecnn_depth_leavesFalling\\ppo_naturecnn_depth_leavesFalling_positions.csv']
2024-12-06 20:04:46,591 [INFO] Starting to plot multiple mean trajectories.
2024-12-06 20:04:46,731 [ERROR] File 'D:\Masters\Sem5\uavRL\inference_outputs\LeavesFalling\a2c_naturecnn_depth_leavesFalling\a2c_naturecnn_depth_leavesFalling_positions.csv' not found. Skipping.
2024-12-06 20:04:46,731 [ERROR] File 'D:\Masters\Sem5\uavRL\inference_outputs\LeavesFalling\ppo_naturecnn_depth_leavesFalling\ppo_naturecnn_depth_leavesFalling_positions.csv' not found. Skipping.
2024-12-06 20:04:46,732 [ERROR] No valid mean trajectories to plot. Exiting.
2024-12-06 20:06:13,309 [INFO] Logging initialized for scenario: 'Depth_A2CvsPPO_LeavesFalling'
2024-12-06 20:06:13,310 [INFO] Received command-line arguments: Scenario='Depth_A2CvsPPO_LeavesFalling', Filenames=['D:\\Masters\\Sem5\\uavRL\\inference_outputs\\Trajectories\\LeavesFalling\\a2c_naturecnn_depth_leavesFalling\\a2c_naturecnn_depth_leavesFalling_positions.csv', 'D:\\Masters\\Sem5\\uavRL\\inference_outputs\\Trajectories\\LeavesFalling\\ppo_naturecnn_depth_leavesFalling\\ppo_naturecnn_depth_leavesFalling_positions.csv']
2024-12-06 20:06:13,310 [INFO] Starting to plot multiple mean trajectories.
2024-12-06 20:06:13,451 [INFO] Successfully read 'D:\Masters\Sem5\uavRL\inference_outputs\Trajectories\LeavesFalling\a2c_naturecnn_depth_leavesFalling\a2c_naturecnn_depth_leavesFalling_positions.csv'.
2024-12-06 20:06:13,453 [INFO] Episode 1 in 'D:\Masters\Sem5\uavRL\inference_outputs\Trajectories\LeavesFalling\a2c_naturecnn_depth_leavesFalling\a2c_naturecnn_depth_leavesFalling_positions.csv' did not travel at least 9 meters. Skipping.
2024-12-06 20:06:13,454 [INFO] Episode 5 in 'D:\Masters\Sem5\uavRL\inference_outputs\Trajectories\LeavesFalling\a2c_naturecnn_depth_leavesFalling\a2c_naturecnn_depth_leavesFalling_positions.csv' did not travel at least 9 meters. Skipping.
2024-12-06 20:06:13,456 [INFO] Episode 11 in 'D:\Masters\Sem5\uavRL\inference_outputs\Trajectories\LeavesFalling\a2c_naturecnn_depth_leavesFalling\a2c_naturecnn_depth_leavesFalling_positions.csv' did not travel at least 9 meters. Skipping.
2024-12-06 20:06:13,459 [INFO] Episode 16 in 'D:\Masters\Sem5\uavRL\inference_outputs\Trajectories\LeavesFalling\a2c_naturecnn_depth_leavesFalling\a2c_naturecnn_depth_leavesFalling_positions.csv' did not travel at least 9 meters. Skipping.
2024-12-06 20:06:13,460 [INFO] Episode 17 in 'D:\Masters\Sem5\uavRL\inference_outputs\Trajectories\LeavesFalling\a2c_naturecnn_depth_leavesFalling\a2c_naturecnn_depth_leavesFalling_positions.csv' did not travel at least 9 meters. Skipping.
2024-12-06 20:06:13,461 [INFO] Episode 21 in 'D:\Masters\Sem5\uavRL\inference_outputs\Trajectories\LeavesFalling\a2c_naturecnn_depth_leavesFalling\a2c_naturecnn_depth_leavesFalling_positions.csv' did not travel at least 9 meters. Skipping.
2024-12-06 20:06:13,463 [INFO] Episode 24 in 'D:\Masters\Sem5\uavRL\inference_outputs\Trajectories\LeavesFalling\a2c_naturecnn_depth_leavesFalling\a2c_naturecnn_depth_leavesFalling_positions.csv' did not travel at least 9 meters. Skipping.
2024-12-06 20:06:13,464 [INFO] Episode 25 in 'D:\Masters\Sem5\uavRL\inference_outputs\Trajectories\LeavesFalling\a2c_naturecnn_depth_leavesFalling\a2c_naturecnn_depth_leavesFalling_positions.csv' did not travel at least 9 meters. Skipping.
2024-12-06 20:06:13,465 [INFO] Episode 28 in 'D:\Masters\Sem5\uavRL\inference_outputs\Trajectories\LeavesFalling\a2c_naturecnn_depth_leavesFalling\a2c_naturecnn_depth_leavesFalling_positions.csv' did not travel at least 9 meters. Skipping.
2024-12-06 20:06:13,467 [INFO] Episode 29 in 'D:\Masters\Sem5\uavRL\inference_outputs\Trajectories\LeavesFalling\a2c_naturecnn_depth_leavesFalling\a2c_naturecnn_depth_leavesFalling_positions.csv' did not travel at least 9 meters. Skipping.
2024-12-06 20:06:13,467 [INFO] Episode 30 in 'D:\Masters\Sem5\uavRL\inference_outputs\Trajectories\LeavesFalling\a2c_naturecnn_depth_leavesFalling\a2c_naturecnn_depth_leavesFalling_positions.csv' did not travel at least 9 meters. Skipping.
2024-12-06 20:06:13,468 [INFO] Episode 31 in 'D:\Masters\Sem5\uavRL\inference_outputs\Trajectories\LeavesFalling\a2c_naturecnn_depth_leavesFalling\a2c_naturecnn_depth_leavesFalling_positions.csv' did not travel at least 9 meters. Skipping.
2024-12-06 20:06:13,468 [INFO] Episode 32 in 'D:\Masters\Sem5\uavRL\inference_outputs\Trajectories\LeavesFalling\a2c_naturecnn_depth_leavesFalling\a2c_naturecnn_depth_leavesFalling_positions.csv' did not travel at least 9 meters. Skipping.
2024-12-06 20:06:13,468 [INFO] Episode 33 in 'D:\Masters\Sem5\uavRL\inference_outputs\Trajectories\LeavesFalling\a2c_naturecnn_depth_leavesFalling\a2c_naturecnn_depth_leavesFalling_positions.csv' did not travel at least 9 meters. Skipping.
2024-12-06 20:06:13,471 [INFO] Episode 38 in 'D:\Masters\Sem5\uavRL\inference_outputs\Trajectories\LeavesFalling\a2c_naturecnn_depth_leavesFalling\a2c_naturecnn_depth_leavesFalling_positions.csv' did not travel at least 9 meters. Skipping.
2024-12-06 20:06:13,473 [INFO] Episode 41 in 'D:\Masters\Sem5\uavRL\inference_outputs\Trajectories\LeavesFalling\a2c_naturecnn_depth_leavesFalling\a2c_naturecnn_depth_leavesFalling_positions.csv' did not travel at least 9 meters. Skipping.
2024-12-06 20:06:13,474 [INFO] Episode 42 in 'D:\Masters\Sem5\uavRL\inference_outputs\Trajectories\LeavesFalling\a2c_naturecnn_depth_leavesFalling\a2c_naturecnn_depth_leavesFalling_positions.csv' did not travel at least 9 meters. Skipping.
2024-12-06 20:06:13,477 [INFO] Episode 53 in 'D:\Masters\Sem5\uavRL\inference_outputs\Trajectories\LeavesFalling\a2c_naturecnn_depth_leavesFalling\a2c_naturecnn_depth_leavesFalling_positions.csv' did not travel at least 9 meters. Skipping.
2024-12-06 20:06:13,478 [INFO] Episode 54 in 'D:\Masters\Sem5\uavRL\inference_outputs\Trajectories\LeavesFalling\a2c_naturecnn_depth_leavesFalling\a2c_naturecnn_depth_leavesFalling_positions.csv' did not travel at least 9 meters. Skipping.
2024-12-06 20:06:13,479 [INFO] Episode 55 in 'D:\Masters\Sem5\uavRL\inference_outputs\Trajectories\LeavesFalling\a2c_naturecnn_depth_leavesFalling\a2c_naturecnn_depth_leavesFalling_positions.csv' did not travel at least 9 meters. Skipping.
2024-12-06 20:06:13,480 [INFO] Episode 57 in 'D:\Masters\Sem5\uavRL\inference_outputs\Trajectories\LeavesFalling\a2c_naturecnn_depth_leavesFalling\a2c_naturecnn_depth_leavesFalling_positions.csv' did not travel at least 9 meters. Skipping.
2024-12-06 20:06:13,481 [INFO] Episode 59 in 'D:\Masters\Sem5\uavRL\inference_outputs\Trajectories\LeavesFalling\a2c_naturecnn_depth_leavesFalling\a2c_naturecnn_depth_leavesFalling_positions.csv' did not travel at least 9 meters. Skipping.
2024-12-06 20:06:13,482 [INFO] Episode 64 in 'D:\Masters\Sem5\uavRL\inference_outputs\Trajectories\LeavesFalling\a2c_naturecnn_depth_leavesFalling\a2c_naturecnn_depth_leavesFalling_positions.csv' did not travel at least 9 meters. Skipping.
2024-12-06 20:06:13,483 [INFO] Episode 66 in 'D:\Masters\Sem5\uavRL\inference_outputs\Trajectories\LeavesFalling\a2c_naturecnn_depth_leavesFalling\a2c_naturecnn_depth_leavesFalling_positions.csv' did not travel at least 9 meters. Skipping.
2024-12-06 20:06:13,486 [INFO] Episode 71 in 'D:\Masters\Sem5\uavRL\inference_outputs\Trajectories\LeavesFalling\a2c_naturecnn_depth_leavesFalling\a2c_naturecnn_depth_leavesFalling_positions.csv' did not travel at least 9 meters. Skipping.
2024-12-06 20:06:13,486 [INFO] Episode 72 in 'D:\Masters\Sem5\uavRL\inference_outputs\Trajectories\LeavesFalling\a2c_naturecnn_depth_leavesFalling\a2c_naturecnn_depth_leavesFalling_positions.csv' did not travel at least 9 meters. Skipping.
2024-12-06 20:06:13,487 [INFO] Episode 74 in 'D:\Masters\Sem5\uavRL\inference_outputs\Trajectories\LeavesFalling\a2c_naturecnn_depth_leavesFalling\a2c_naturecnn_depth_leavesFalling_positions.csv' did not travel at least 9 meters. Skipping.
2024-12-06 20:06:13,488 [INFO] Episode 77 in 'D:\Masters\Sem5\uavRL\inference_outputs\Trajectories\LeavesFalling\a2c_naturecnn_depth_leavesFalling\a2c_naturecnn_depth_leavesFalling_positions.csv' did not travel at least 9 meters. Skipping.
2024-12-06 20:06:13,490 [INFO] Episode 80 in 'D:\Masters\Sem5\uavRL\inference_outputs\Trajectories\LeavesFalling\a2c_naturecnn_depth_leavesFalling\a2c_naturecnn_depth_leavesFalling_positions.csv' did not travel at least 9 meters. Skipping.
2024-12-06 20:06:13,490 [INFO] Episode 82 in 'D:\Masters\Sem5\uavRL\inference_outputs\Trajectories\LeavesFalling\a2c_naturecnn_depth_leavesFalling\a2c_naturecnn_depth_leavesFalling_positions.csv' did not travel at least 9 meters. Skipping.
2024-12-06 20:06:13,492 [INFO] Episode 86 in 'D:\Masters\Sem5\uavRL\inference_outputs\Trajectories\LeavesFalling\a2c_naturecnn_depth_leavesFalling\a2c_naturecnn_depth_leavesFalling_positions.csv' did not travel at least 9 meters. Skipping.
2024-12-06 20:06:13,493 [INFO] Episode 88 in 'D:\Masters\Sem5\uavRL\inference_outputs\Trajectories\LeavesFalling\a2c_naturecnn_depth_leavesFalling\a2c_naturecnn_depth_leavesFalling_positions.csv' did not travel at least 9 meters. Skipping.
2024-12-06 20:06:13,494 [INFO] Episode 91 in 'D:\Masters\Sem5\uavRL\inference_outputs\Trajectories\LeavesFalling\a2c_naturecnn_depth_leavesFalling\a2c_naturecnn_depth_leavesFalling_positions.csv' did not travel at least 9 meters. Skipping.
2024-12-06 20:06:13,495 [INFO] Episode 93 in 'D:\Masters\Sem5\uavRL\inference_outputs\Trajectories\LeavesFalling\a2c_naturecnn_depth_leavesFalling\a2c_naturecnn_depth_leavesFalling_positions.csv' did not travel at least 9 meters. Skipping.
2024-12-06 20:06:13,496 [INFO] Episode 96 in 'D:\Masters\Sem5\uavRL\inference_outputs\Trajectories\LeavesFalling\a2c_naturecnn_depth_leavesFalling\a2c_naturecnn_depth_leavesFalling_positions.csv' did not travel at least 9 meters. Skipping.
2024-12-06 20:06:13,497 [INFO] Episode 97 in 'D:\Masters\Sem5\uavRL\inference_outputs\Trajectories\LeavesFalling\a2c_naturecnn_depth_leavesFalling\a2c_naturecnn_depth_leavesFalling_positions.csv' did not travel at least 9 meters. Skipping.
2024-12-06 20:06:13,497 [INFO] Episode 98 in 'D:\Masters\Sem5\uavRL\inference_outputs\Trajectories\LeavesFalling\a2c_naturecnn_depth_leavesFalling\a2c_naturecnn_depth_leavesFalling_positions.csv' did not travel at least 9 meters. Skipping.
2024-12-06 20:06:13,498 [INFO] Episode 99 in 'D:\Masters\Sem5\uavRL\inference_outputs\Trajectories\LeavesFalling\a2c_naturecnn_depth_leavesFalling\a2c_naturecnn_depth_leavesFalling_positions.csv' did not travel at least 9 meters. Skipping.
2024-12-06 20:06:13,513 [INFO] Successfully read 'D:\Masters\Sem5\uavRL\inference_outputs\Trajectories\LeavesFalling\ppo_naturecnn_depth_leavesFalling\ppo_naturecnn_depth_leavesFalling_positions.csv'.
2024-12-06 20:06:13,515 [INFO] Episode 2 in 'D:\Masters\Sem5\uavRL\inference_outputs\Trajectories\LeavesFalling\ppo_naturecnn_depth_leavesFalling\ppo_naturecnn_depth_leavesFalling_positions.csv' did not travel at least 9 meters. Skipping.
2024-12-06 20:06:13,516 [INFO] Episode 4 in 'D:\Masters\Sem5\uavRL\inference_outputs\Trajectories\LeavesFalling\ppo_naturecnn_depth_leavesFalling\ppo_naturecnn_depth_leavesFalling_positions.csv' did not travel at least 9 meters. Skipping.
2024-12-06 20:06:13,517 [INFO] Episode 6 in 'D:\Masters\Sem5\uavRL\inference_outputs\Trajectories\LeavesFalling\ppo_naturecnn_depth_leavesFalling\ppo_naturecnn_depth_leavesFalling_positions.csv' did not travel at least 9 meters. Skipping.
2024-12-06 20:06:13,519 [INFO] Episode 11 in 'D:\Masters\Sem5\uavRL\inference_outputs\Trajectories\LeavesFalling\ppo_naturecnn_depth_leavesFalling\ppo_naturecnn_depth_leavesFalling_positions.csv' did not travel at least 9 meters. Skipping.
2024-12-06 20:06:13,519 [INFO] Episode 13 in 'D:\Masters\Sem5\uavRL\inference_outputs\Trajectories\LeavesFalling\ppo_naturecnn_depth_leavesFalling\ppo_naturecnn_depth_leavesFalling_positions.csv' did not travel at least 9 meters. Skipping.
2024-12-06 20:06:13,519 [INFO] Episode 14 in 'D:\Masters\Sem5\uavRL\inference_outputs\Trajectories\LeavesFalling\ppo_naturecnn_depth_leavesFalling\ppo_naturecnn_depth_leavesFalling_positions.csv' did not travel at least 9 meters. Skipping.
2024-12-06 20:06:13,520 [INFO] Episode 15 in 'D:\Masters\Sem5\uavRL\inference_outputs\Trajectories\LeavesFalling\ppo_naturecnn_depth_leavesFalling\ppo_naturecnn_depth_leavesFalling_positions.csv' did not travel at least 9 meters. Skipping.
2024-12-06 20:06:13,520 [INFO] Episode 17 in 'D:\Masters\Sem5\uavRL\inference_outputs\Trajectories\LeavesFalling\ppo_naturecnn_depth_leavesFalling\ppo_naturecnn_depth_leavesFalling_positions.csv' did not travel at least 9 meters. Skipping.
2024-12-06 20:06:13,521 [INFO] Episode 19 in 'D:\Masters\Sem5\uavRL\inference_outputs\Trajectories\LeavesFalling\ppo_naturecnn_depth_leavesFalling\ppo_naturecnn_depth_leavesFalling_positions.csv' did not travel at least 9 meters. Skipping.
2024-12-06 20:06:13,523 [INFO] Episode 22 in 'D:\Masters\Sem5\uavRL\inference_outputs\Trajectories\LeavesFalling\ppo_naturecnn_depth_leavesFalling\ppo_naturecnn_depth_leavesFalling_positions.csv' did not travel at least 9 meters. Skipping.
2024-12-06 20:06:13,524 [INFO] Episode 25 in 'D:\Masters\Sem5\uavRL\inference_outputs\Trajectories\LeavesFalling\ppo_naturecnn_depth_leavesFalling\ppo_naturecnn_depth_leavesFalling_positions.csv' did not travel at least 9 meters. Skipping.
2024-12-06 20:06:13,524 [INFO] Episode 26 in 'D:\Masters\Sem5\uavRL\inference_outputs\Trajectories\LeavesFalling\ppo_naturecnn_depth_leavesFalling\ppo_naturecnn_depth_leavesFalling_positions.csv' did not travel at least 9 meters. Skipping.
2024-12-06 20:06:13,526 [INFO] Episode 28 in 'D:\Masters\Sem5\uavRL\inference_outputs\Trajectories\LeavesFalling\ppo_naturecnn_depth_leavesFalling\ppo_naturecnn_depth_leavesFalling_positions.csv' did not travel at least 9 meters. Skipping.
2024-12-06 20:06:13,527 [INFO] Episode 31 in 'D:\Masters\Sem5\uavRL\inference_outputs\Trajectories\LeavesFalling\ppo_naturecnn_depth_leavesFalling\ppo_naturecnn_depth_leavesFalling_positions.csv' did not travel at least 9 meters. Skipping.
2024-12-06 20:06:13,528 [INFO] Episode 32 in 'D:\Masters\Sem5\uavRL\inference_outputs\Trajectories\LeavesFalling\ppo_naturecnn_depth_leavesFalling\ppo_naturecnn_depth_leavesFalling_positions.csv' did not travel at least 9 meters. Skipping.
2024-12-06 20:06:13,529 [INFO] Episode 33 in 'D:\Masters\Sem5\uavRL\inference_outputs\Trajectories\LeavesFalling\ppo_naturecnn_depth_leavesFalling\ppo_naturecnn_depth_leavesFalling_positions.csv' did not travel at least 9 meters. Skipping.
2024-12-06 20:06:13,530 [INFO] Episode 38 in 'D:\Masters\Sem5\uavRL\inference_outputs\Trajectories\LeavesFalling\ppo_naturecnn_depth_leavesFalling\ppo_naturecnn_depth_leavesFalling_positions.csv' did not travel at least 9 meters. Skipping.
2024-12-06 20:06:13,531 [INFO] Episode 39 in 'D:\Masters\Sem5\uavRL\inference_outputs\Trajectories\LeavesFalling\ppo_naturecnn_depth_leavesFalling\ppo_naturecnn_depth_leavesFalling_positions.csv' did not travel at least 9 meters. Skipping.
2024-12-06 20:06:13,531 [INFO] Episode 44 in 'D:\Masters\Sem5\uavRL\inference_outputs\Trajectories\LeavesFalling\ppo_naturecnn_depth_leavesFalling\ppo_naturecnn_depth_leavesFalling_positions.csv' did not travel at least 9 meters. Skipping.
2024-12-06 20:06:13,533 [INFO] Episode 47 in 'D:\Masters\Sem5\uavRL\inference_outputs\Trajectories\LeavesFalling\ppo_naturecnn_depth_leavesFalling\ppo_naturecnn_depth_leavesFalling_positions.csv' did not travel at least 9 meters. Skipping.
2024-12-06 20:06:13,534 [INFO] Episode 49 in 'D:\Masters\Sem5\uavRL\inference_outputs\Trajectories\LeavesFalling\ppo_naturecnn_depth_leavesFalling\ppo_naturecnn_depth_leavesFalling_positions.csv' did not travel at least 9 meters. Skipping.
2024-12-06 20:06:13,536 [INFO] Episode 51 in 'D:\Masters\Sem5\uavRL\inference_outputs\Trajectories\LeavesFalling\ppo_naturecnn_depth_leavesFalling\ppo_naturecnn_depth_leavesFalling_positions.csv' did not travel at least 9 meters. Skipping.
2024-12-06 20:06:13,537 [INFO] Episode 56 in 'D:\Masters\Sem5\uavRL\inference_outputs\Trajectories\LeavesFalling\ppo_naturecnn_depth_leavesFalling\ppo_naturecnn_depth_leavesFalling_positions.csv' did not travel at least 9 meters. Skipping.
2024-12-06 20:06:13,538 [INFO] Episode 58 in 'D:\Masters\Sem5\uavRL\inference_outputs\Trajectories\LeavesFalling\ppo_naturecnn_depth_leavesFalling\ppo_naturecnn_depth_leavesFalling_positions.csv' did not travel at least 9 meters. Skipping.
2024-12-06 20:06:13,539 [INFO] Episode 59 in 'D:\Masters\Sem5\uavRL\inference_outputs\Trajectories\LeavesFalling\ppo_naturecnn_depth_leavesFalling\ppo_naturecnn_depth_leavesFalling_positions.csv' did not travel at least 9 meters. Skipping.
2024-12-06 20:06:13,540 [INFO] Episode 61 in 'D:\Masters\Sem5\uavRL\inference_outputs\Trajectories\LeavesFalling\ppo_naturecnn_depth_leavesFalling\ppo_naturecnn_depth_leavesFalling_positions.csv' did not travel at least 9 meters. Skipping.
2024-12-06 20:06:13,541 [INFO] Episode 62 in 'D:\Masters\Sem5\uavRL\inference_outputs\Trajectories\LeavesFalling\ppo_naturecnn_depth_leavesFalling\ppo_naturecnn_depth_leavesFalling_positions.csv' did not travel at least 9 meters. Skipping.
2024-12-06 20:06:13,542 [INFO] Episode 63 in 'D:\Masters\Sem5\uavRL\inference_outputs\Trajectories\LeavesFalling\ppo_naturecnn_depth_leavesFalling\ppo_naturecnn_depth_leavesFalling_positions.csv' did not travel at least 9 meters. Skipping.
2024-12-06 20:06:13,544 [INFO] Episode 65 in 'D:\Masters\Sem5\uavRL\inference_outputs\Trajectories\LeavesFalling\ppo_naturecnn_depth_leavesFalling\ppo_naturecnn_depth_leavesFalling_positions.csv' did not travel at least 9 meters. Skipping.
2024-12-06 20:06:13,545 [INFO] Episode 66 in 'D:\Masters\Sem5\uavRL\inference_outputs\Trajectories\LeavesFalling\ppo_naturecnn_depth_leavesFalling\ppo_naturecnn_depth_leavesFalling_positions.csv' did not travel at least 9 meters. Skipping.
2024-12-06 20:06:13,545 [INFO] Episode 67 in 'D:\Masters\Sem5\uavRL\inference_outputs\Trajectories\LeavesFalling\ppo_naturecnn_depth_leavesFalling\ppo_naturecnn_depth_leavesFalling_positions.csv' did not travel at least 9 meters. Skipping.
2024-12-06 20:06:13,546 [INFO] Episode 68 in 'D:\Masters\Sem5\uavRL\inference_outputs\Trajectories\LeavesFalling\ppo_naturecnn_depth_leavesFalling\ppo_naturecnn_depth_leavesFalling_positions.csv' did not travel at least 9 meters. Skipping.
2024-12-06 20:06:13,547 [INFO] Episode 70 in 'D:\Masters\Sem5\uavRL\inference_outputs\Trajectories\LeavesFalling\ppo_naturecnn_depth_leavesFalling\ppo_naturecnn_depth_leavesFalling_positions.csv' did not travel at least 9 meters. Skipping.
2024-12-06 20:06:13,548 [INFO] Episode 71 in 'D:\Masters\Sem5\uavRL\inference_outputs\Trajectories\LeavesFalling\ppo_naturecnn_depth_leavesFalling\ppo_naturecnn_depth_leavesFalling_positions.csv' did not travel at least 9 meters. Skipping.
2024-12-06 20:06:13,550 [INFO] Episode 74 in 'D:\Masters\Sem5\uavRL\inference_outputs\Trajectories\LeavesFalling\ppo_naturecnn_depth_leavesFalling\ppo_naturecnn_depth_leavesFalling_positions.csv' did not travel at least 9 meters. Skipping.
2024-12-06 20:06:13,552 [INFO] Episode 78 in 'D:\Masters\Sem5\uavRL\inference_outputs\Trajectories\LeavesFalling\ppo_naturecnn_depth_leavesFalling\ppo_naturecnn_depth_leavesFalling_positions.csv' did not travel at least 9 meters. Skipping.
2024-12-06 20:06:13,555 [INFO] Episode 82 in 'D:\Masters\Sem5\uavRL\inference_outputs\Trajectories\LeavesFalling\ppo_naturecnn_depth_leavesFalling\ppo_naturecnn_depth_leavesFalling_positions.csv' did not travel at least 9 meters. Skipping.
2024-12-06 20:06:13,557 [INFO] Episode 85 in 'D:\Masters\Sem5\uavRL\inference_outputs\Trajectories\LeavesFalling\ppo_naturecnn_depth_leavesFalling\ppo_naturecnn_depth_leavesFalling_positions.csv' did not travel at least 9 meters. Skipping.
2024-12-06 20:06:13,559 [INFO] Episode 88 in 'D:\Masters\Sem5\uavRL\inference_outputs\Trajectories\LeavesFalling\ppo_naturecnn_depth_leavesFalling\ppo_naturecnn_depth_leavesFalling_positions.csv' did not travel at least 9 meters. Skipping.
2024-12-06 20:06:13,562 [INFO] Episode 92 in 'D:\Masters\Sem5\uavRL\inference_outputs\Trajectories\LeavesFalling\ppo_naturecnn_depth_leavesFalling\ppo_naturecnn_depth_leavesFalling_positions.csv' did not travel at least 9 meters. Skipping.
2024-12-06 20:06:13,563 [INFO] Episode 93 in 'D:\Masters\Sem5\uavRL\inference_outputs\Trajectories\LeavesFalling\ppo_naturecnn_depth_leavesFalling\ppo_naturecnn_depth_leavesFalling_positions.csv' did not travel at least 9 meters. Skipping.
2024-12-06 20:06:13,564 [INFO] Episode 95 in 'D:\Masters\Sem5\uavRL\inference_outputs\Trajectories\LeavesFalling\ppo_naturecnn_depth_leavesFalling\ppo_naturecnn_depth_leavesFalling_positions.csv' did not travel at least 9 meters. Skipping.
2024-12-06 20:06:13,565 [INFO] Episode 97 in 'D:\Masters\Sem5\uavRL\inference_outputs\Trajectories\LeavesFalling\ppo_naturecnn_depth_leavesFalling\ppo_naturecnn_depth_leavesFalling_positions.csv' did not travel at least 9 meters. Skipping.
2024-12-06 20:06:13,566 [INFO] Episode 98 in 'D:\Masters\Sem5\uavRL\inference_outputs\Trajectories\LeavesFalling\ppo_naturecnn_depth_leavesFalling\ppo_naturecnn_depth_leavesFalling_positions.csv' did not travel at least 9 meters. Skipping.
2024-12-06 20:06:13,567 [INFO] Episode 99 in 'D:\Masters\Sem5\uavRL\inference_outputs\Trajectories\LeavesFalling\ppo_naturecnn_depth_leavesFalling\ppo_naturecnn_depth_leavesFalling_positions.csv' did not travel at least 9 meters. Skipping.
2024-12-06 20:06:13,574 [INFO] Wall positions determined at: [3.7, 7.4, 11.100000000000001, 14.8, 18.5, 22.2]
2024-12-06 20:06:13,576 [INFO] Plotted mean trajectory from 'a2c_naturecnn_depth_leavesFalling_positions.csv' with color 'blue'.
2024-12-06 20:06:13,578 [INFO] Plotted mean trajectory from 'ppo_naturecnn_depth_leavesFalling_positions.csv' with color 'green'.
2024-12-06 20:06:13,672 [INFO] Added wall surface at X=3.7 with Trajectory Variations and Passages.
2024-12-06 20:06:13,726 [INFO] Added wall surface at X=7.4 with Trajectory Variations and Passages.
2024-12-06 20:06:13,784 [INFO] Added wall surface at X=11.100000000000001 with Trajectory Variations and Passages.
2024-12-06 20:06:13,841 [INFO] Added wall surface at X=14.8 with Trajectory Variations and Passages.
2024-12-06 20:06:13,894 [INFO] Added wall surface at X=18.5 with Trajectory Variations and Passages.
2024-12-06 20:06:13,896 [WARNING] No data near wall at X=22.2. Skipping hole creation.
2024-12-06 20:06:13,897 [INFO] Completed plotting walls and holes.
2024-12-06 20:06:14,063 [INFO] Similarity between 'a2c_naturecnn_depth_leavesFalling_positions.csv' and 'ppo_naturecnn_depth_leavesFalling_positions.csv':
2024-12-06 20:06:14,064 [INFO]   - Cosine Similarity (Mean): 0.9945
2024-12-06 20:06:14,064 [INFO]   - Pearson Correlation (Mean): 0.9823
2024-12-06 20:06:14,064 [INFO]   - Normalized Cross-Correlation (Mean): 0.9824
2024-12-06 20:06:14,064 [INFO]   - Lag at Max NCC (Y): 1, (Z): 0
2024-12-06 20:06:14,250 [INFO] Cross-correlation plot saved as 'inference_outputs\Depth_A2CvsPPO_LeavesFalling\Depth_A2CvsPPO_LeavesFalling_cross_correlation_part1.png'.
2024-12-06 20:06:14,721 [INFO] Mean trajectories plotted and saved as 'inference_outputs\Depth_A2CvsPPO_LeavesFalling\Depth_A2CvsPPO_LeavesFalling_mean_trajectories.png'.
2024-12-06 20:06:14,728 [INFO] Similarity summary saved as 'inference_outputs\Depth_A2CvsPPO_LeavesFalling\Depth_A2CvsPPO_LeavesFalling_similarity_summary.csv'.
