2024-12-06 20:11:45,924 [INFO] Logging initialized for scenario: 'Depth_A2C_LeavesFalling_Variants'
2024-12-06 20:11:45,925 [INFO] Received command-line arguments: Scenario='Depth_A2C_LeavesFalling_Variants', Filenames=['D:\\Masters\\Sem5\\uavRL\\inference_outputs\\Trajectories\\LeavesFalling\\a2c_naturecnn_depth_leavesFalling\\a2c_naturecnn_depth_leavesFalling_positions.csv', 'D:\\Masters\\Sem5\\uavRL\\inference_outputs\\Trajectories\\LeavesFalling\\a2c_naturecnn_depth_obstacle_weather_leavesfalling_leavesFalling\\a2c_naturecnn_depth_obstacle_weather_leavesfalling_leavesFalling_positions.csv', 'D:\\Masters\\Sem5\\uavRL\\inference_outputs\\Trajectories\\LeavesFalling\\a2c_naturecnn_depth_obstacle_weather_rainandfog_leavesFalling\\a2c_naturecnn_depth_obstacle_weather_rainandfog_leavesFalling_positions.csv', 'D:\\Masters\\Sem5\\uavRL\\inference_outputs\\Trajectories\\LeavesFalling\\a2c_naturecnn_depth_obstacle_weather_snowonly_leavesFalling\\a2c_naturecnn_depth_obstacle_weather_snowonly_leavesFalling_positions.csv']
2024-12-06 20:11:45,925 [INFO] Starting to plot multiple mean trajectories.
2024-12-06 20:11:46,074 [INFO] Successfully read 'D:\Masters\Sem5\uavRL\inference_outputs\Trajectories\LeavesFalling\a2c_naturecnn_depth_leavesFalling\a2c_naturecnn_depth_leavesFalling_positions.csv'.
2024-12-06 20:11:46,075 [INFO] Episode 1 in 'D:\Masters\Sem5\uavRL\inference_outputs\Trajectories\LeavesFalling\a2c_naturecnn_depth_leavesFalling\a2c_naturecnn_depth_leavesFalling_positions.csv' did not travel at least 9 meters. Skipping.
2024-12-06 20:11:46,077 [INFO] Episode 5 in 'D:\Masters\Sem5\uavRL\inference_outputs\Trajectories\LeavesFalling\a2c_naturecnn_depth_leavesFalling\a2c_naturecnn_depth_leavesFalling_positions.csv' did not travel at least 9 meters. Skipping.
2024-12-06 20:11:46,078 [INFO] Episode 11 in 'D:\Masters\Sem5\uavRL\inference_outputs\Trajectories\LeavesFalling\a2c_naturecnn_depth_leavesFalling\a2c_naturecnn_depth_leavesFalling_positions.csv' did not travel at least 9 meters. Skipping.
2024-12-06 20:11:46,079 [INFO] Episode 16 in 'D:\Masters\Sem5\uavRL\inference_outputs\Trajectories\LeavesFalling\a2c_naturecnn_depth_leavesFalling\a2c_naturecnn_depth_leavesFalling_positions.csv' did not travel at least 9 meters. Skipping.
2024-12-06 20:11:46,080 [INFO] Episode 17 in 'D:\Masters\Sem5\uavRL\inference_outputs\Trajectories\LeavesFalling\a2c_naturecnn_depth_leavesFalling\a2c_naturecnn_depth_leavesFalling_positions.csv' did not travel at least 9 meters. Skipping.
2024-12-06 20:11:46,081 [INFO] Episode 21 in 'D:\Masters\Sem5\uavRL\inference_outputs\Trajectories\LeavesFalling\a2c_naturecnn_depth_leavesFalling\a2c_naturecnn_depth_leavesFalling_positions.csv' did not travel at least 9 meters. Skipping.
2024-12-06 20:11:46,082 [INFO] Episode 24 in 'D:\Masters\Sem5\uavRL\inference_outputs\Trajectories\LeavesFalling\a2c_naturecnn_depth_leavesFalling\a2c_naturecnn_depth_leavesFalling_positions.csv' did not travel at least 9 meters. Skipping.
2024-12-06 20:11:46,083 [INFO] Episode 25 in 'D:\Masters\Sem5\uavRL\inference_outputs\Trajectories\LeavesFalling\a2c_naturecnn_depth_leavesFalling\a2c_naturecnn_depth_leavesFalling_positions.csv' did not travel at least 9 meters. Skipping.
2024-12-06 20:11:46,083 [INFO] Episode 28 in 'D:\Masters\Sem5\uavRL\inference_outputs\Trajectories\LeavesFalling\a2c_naturecnn_depth_leavesFalling\a2c_naturecnn_depth_leavesFalling_positions.csv' did not travel at least 9 meters. Skipping.
2024-12-06 20:11:46,085 [INFO] Episode 29 in 'D:\Masters\Sem5\uavRL\inference_outputs\Trajectories\LeavesFalling\a2c_naturecnn_depth_leavesFalling\a2c_naturecnn_depth_leavesFalling_positions.csv' did not travel at least 9 meters. Skipping.
2024-12-06 20:11:46,085 [INFO] Episode 30 in 'D:\Masters\Sem5\uavRL\inference_outputs\Trajectories\LeavesFalling\a2c_naturecnn_depth_leavesFalling\a2c_naturecnn_depth_leavesFalling_positions.csv' did not travel at least 9 meters. Skipping.
2024-12-06 20:11:46,086 [INFO] Episode 31 in 'D:\Masters\Sem5\uavRL\inference_outputs\Trajectories\LeavesFalling\a2c_naturecnn_depth_leavesFalling\a2c_naturecnn_depth_leavesFalling_positions.csv' did not travel at least 9 meters. Skipping.
2024-12-06 20:11:46,086 [INFO] Episode 32 in 'D:\Masters\Sem5\uavRL\inference_outputs\Trajectories\LeavesFalling\a2c_naturecnn_depth_leavesFalling\a2c_naturecnn_depth_leavesFalling_positions.csv' did not travel at least 9 meters. Skipping.
2024-12-06 20:11:46,087 [INFO] Episode 33 in 'D:\Masters\Sem5\uavRL\inference_outputs\Trajectories\LeavesFalling\a2c_naturecnn_depth_leavesFalling\a2c_naturecnn_depth_leavesFalling_positions.csv' did not travel at least 9 meters. Skipping.
2024-12-06 20:11:46,088 [INFO] Episode 38 in 'D:\Masters\Sem5\uavRL\inference_outputs\Trajectories\LeavesFalling\a2c_naturecnn_depth_leavesFalling\a2c_naturecnn_depth_leavesFalling_positions.csv' did not travel at least 9 meters. Skipping.
2024-12-06 20:11:46,089 [INFO] Episode 41 in 'D:\Masters\Sem5\uavRL\inference_outputs\Trajectories\LeavesFalling\a2c_naturecnn_depth_leavesFalling\a2c_naturecnn_depth_leavesFalling_positions.csv' did not travel at least 9 meters. Skipping.
2024-12-06 20:11:46,090 [INFO] Episode 42 in 'D:\Masters\Sem5\uavRL\inference_outputs\Trajectories\LeavesFalling\a2c_naturecnn_depth_leavesFalling\a2c_naturecnn_depth_leavesFalling_positions.csv' did not travel at least 9 meters. Skipping.
2024-12-06 20:11:46,093 [INFO] Episode 53 in 'D:\Masters\Sem5\uavRL\inference_outputs\Trajectories\LeavesFalling\a2c_naturecnn_depth_leavesFalling\a2c_naturecnn_depth_leavesFalling_positions.csv' did not travel at least 9 meters. Skipping.
2024-12-06 20:11:46,094 [INFO] Episode 54 in 'D:\Masters\Sem5\uavRL\inference_outputs\Trajectories\LeavesFalling\a2c_naturecnn_depth_leavesFalling\a2c_naturecnn_depth_leavesFalling_positions.csv' did not travel at least 9 meters. Skipping.
2024-12-06 20:11:46,094 [INFO] Episode 55 in 'D:\Masters\Sem5\uavRL\inference_outputs\Trajectories\LeavesFalling\a2c_naturecnn_depth_leavesFalling\a2c_naturecnn_depth_leavesFalling_positions.csv' did not travel at least 9 meters. Skipping.
2024-12-06 20:11:46,095 [INFO] Episode 57 in 'D:\Masters\Sem5\uavRL\inference_outputs\Trajectories\LeavesFalling\a2c_naturecnn_depth_leavesFalling\a2c_naturecnn_depth_leavesFalling_positions.csv' did not travel at least 9 meters. Skipping.
2024-12-06 20:11:46,096 [INFO] Episode 59 in 'D:\Masters\Sem5\uavRL\inference_outputs\Trajectories\LeavesFalling\a2c_naturecnn_depth_leavesFalling\a2c_naturecnn_depth_leavesFalling_positions.csv' did not travel at least 9 meters. Skipping.
2024-12-06 20:11:46,098 [INFO] Episode 64 in 'D:\Masters\Sem5\uavRL\inference_outputs\Trajectories\LeavesFalling\a2c_naturecnn_depth_leavesFalling\a2c_naturecnn_depth_leavesFalling_positions.csv' did not travel at least 9 meters. Skipping.
2024-12-06 20:11:46,100 [INFO] Episode 66 in 'D:\Masters\Sem5\uavRL\inference_outputs\Trajectories\LeavesFalling\a2c_naturecnn_depth_leavesFalling\a2c_naturecnn_depth_leavesFalling_positions.csv' did not travel at least 9 meters. Skipping.
2024-12-06 20:11:46,102 [INFO] Episode 71 in 'D:\Masters\Sem5\uavRL\inference_outputs\Trajectories\LeavesFalling\a2c_naturecnn_depth_leavesFalling\a2c_naturecnn_depth_leavesFalling_positions.csv' did not travel at least 9 meters. Skipping.
2024-12-06 20:11:46,103 [INFO] Episode 72 in 'D:\Masters\Sem5\uavRL\inference_outputs\Trajectories\LeavesFalling\a2c_naturecnn_depth_leavesFalling\a2c_naturecnn_depth_leavesFalling_positions.csv' did not travel at least 9 meters. Skipping.
2024-12-06 20:11:46,103 [INFO] Episode 74 in 'D:\Masters\Sem5\uavRL\inference_outputs\Trajectories\LeavesFalling\a2c_naturecnn_depth_leavesFalling\a2c_naturecnn_depth_leavesFalling_positions.csv' did not travel at least 9 meters. Skipping.
2024-12-06 20:11:46,105 [INFO] Episode 77 in 'D:\Masters\Sem5\uavRL\inference_outputs\Trajectories\LeavesFalling\a2c_naturecnn_depth_leavesFalling\a2c_naturecnn_depth_leavesFalling_positions.csv' did not travel at least 9 meters. Skipping.
2024-12-06 20:11:46,106 [INFO] Episode 80 in 'D:\Masters\Sem5\uavRL\inference_outputs\Trajectories\LeavesFalling\a2c_naturecnn_depth_leavesFalling\a2c_naturecnn_depth_leavesFalling_positions.csv' did not travel at least 9 meters. Skipping.
2024-12-06 20:11:46,107 [INFO] Episode 82 in 'D:\Masters\Sem5\uavRL\inference_outputs\Trajectories\LeavesFalling\a2c_naturecnn_depth_leavesFalling\a2c_naturecnn_depth_leavesFalling_positions.csv' did not travel at least 9 meters. Skipping.
2024-12-06 20:11:46,110 [INFO] Episode 86 in 'D:\Masters\Sem5\uavRL\inference_outputs\Trajectories\LeavesFalling\a2c_naturecnn_depth_leavesFalling\a2c_naturecnn_depth_leavesFalling_positions.csv' did not travel at least 9 meters. Skipping.
2024-12-06 20:11:46,110 [INFO] Episode 88 in 'D:\Masters\Sem5\uavRL\inference_outputs\Trajectories\LeavesFalling\a2c_naturecnn_depth_leavesFalling\a2c_naturecnn_depth_leavesFalling_positions.csv' did not travel at least 9 meters. Skipping.
2024-12-06 20:11:46,111 [INFO] Episode 91 in 'D:\Masters\Sem5\uavRL\inference_outputs\Trajectories\LeavesFalling\a2c_naturecnn_depth_leavesFalling\a2c_naturecnn_depth_leavesFalling_positions.csv' did not travel at least 9 meters. Skipping.
2024-12-06 20:11:46,113 [INFO] Episode 93 in 'D:\Masters\Sem5\uavRL\inference_outputs\Trajectories\LeavesFalling\a2c_naturecnn_depth_leavesFalling\a2c_naturecnn_depth_leavesFalling_positions.csv' did not travel at least 9 meters. Skipping.
2024-12-06 20:11:46,114 [INFO] Episode 96 in 'D:\Masters\Sem5\uavRL\inference_outputs\Trajectories\LeavesFalling\a2c_naturecnn_depth_leavesFalling\a2c_naturecnn_depth_leavesFalling_positions.csv' did not travel at least 9 meters. Skipping.
2024-12-06 20:11:46,116 [INFO] Episode 97 in 'D:\Masters\Sem5\uavRL\inference_outputs\Trajectories\LeavesFalling\a2c_naturecnn_depth_leavesFalling\a2c_naturecnn_depth_leavesFalling_positions.csv' did not travel at least 9 meters. Skipping.
2024-12-06 20:11:46,117 [INFO] Episode 98 in 'D:\Masters\Sem5\uavRL\inference_outputs\Trajectories\LeavesFalling\a2c_naturecnn_depth_leavesFalling\a2c_naturecnn_depth_leavesFalling_positions.csv' did not travel at least 9 meters. Skipping.
2024-12-06 20:11:46,117 [INFO] Episode 99 in 'D:\Masters\Sem5\uavRL\inference_outputs\Trajectories\LeavesFalling\a2c_naturecnn_depth_leavesFalling\a2c_naturecnn_depth_leavesFalling_positions.csv' did not travel at least 9 meters. Skipping.
2024-12-06 20:11:46,132 [INFO] Successfully read 'D:\Masters\Sem5\uavRL\inference_outputs\Trajectories\LeavesFalling\a2c_naturecnn_depth_obstacle_weather_leavesfalling_leavesFalling\a2c_naturecnn_depth_obstacle_weather_leavesfalling_leavesFalling_positions.csv'.
2024-12-06 20:11:46,134 [INFO] Episode 3 in 'D:\Masters\Sem5\uavRL\inference_outputs\Trajectories\LeavesFalling\a2c_naturecnn_depth_obstacle_weather_leavesfalling_leavesFalling\a2c_naturecnn_depth_obstacle_weather_leavesfalling_leavesFalling_positions.csv' did not travel at least 9 meters. Skipping.
2024-12-06 20:11:46,139 [INFO] Episode 16 in 'D:\Masters\Sem5\uavRL\inference_outputs\Trajectories\LeavesFalling\a2c_naturecnn_depth_obstacle_weather_leavesfalling_leavesFalling\a2c_naturecnn_depth_obstacle_weather_leavesfalling_leavesFalling_positions.csv' did not travel at least 9 meters. Skipping.
2024-12-06 20:11:46,140 [INFO] Episode 19 in 'D:\Masters\Sem5\uavRL\inference_outputs\Trajectories\LeavesFalling\a2c_naturecnn_depth_obstacle_weather_leavesfalling_leavesFalling\a2c_naturecnn_depth_obstacle_weather_leavesfalling_leavesFalling_positions.csv' did not travel at least 9 meters. Skipping.
2024-12-06 20:11:46,145 [INFO] Episode 32 in 'D:\Masters\Sem5\uavRL\inference_outputs\Trajectories\LeavesFalling\a2c_naturecnn_depth_obstacle_weather_leavesfalling_leavesFalling\a2c_naturecnn_depth_obstacle_weather_leavesfalling_leavesFalling_positions.csv' did not travel at least 9 meters. Skipping.
2024-12-06 20:11:46,145 [INFO] Episode 33 in 'D:\Masters\Sem5\uavRL\inference_outputs\Trajectories\LeavesFalling\a2c_naturecnn_depth_obstacle_weather_leavesfalling_leavesFalling\a2c_naturecnn_depth_obstacle_weather_leavesfalling_leavesFalling_positions.csv' did not travel at least 9 meters. Skipping.
2024-12-06 20:11:46,147 [INFO] Episode 37 in 'D:\Masters\Sem5\uavRL\inference_outputs\Trajectories\LeavesFalling\a2c_naturecnn_depth_obstacle_weather_leavesfalling_leavesFalling\a2c_naturecnn_depth_obstacle_weather_leavesfalling_leavesFalling_positions.csv' did not travel at least 9 meters. Skipping.
2024-12-06 20:11:46,149 [INFO] Episode 43 in 'D:\Masters\Sem5\uavRL\inference_outputs\Trajectories\LeavesFalling\a2c_naturecnn_depth_obstacle_weather_leavesfalling_leavesFalling\a2c_naturecnn_depth_obstacle_weather_leavesfalling_leavesFalling_positions.csv' did not travel at least 9 meters. Skipping.
2024-12-06 20:11:46,149 [INFO] Episode 44 in 'D:\Masters\Sem5\uavRL\inference_outputs\Trajectories\LeavesFalling\a2c_naturecnn_depth_obstacle_weather_leavesfalling_leavesFalling\a2c_naturecnn_depth_obstacle_weather_leavesfalling_leavesFalling_positions.csv' did not travel at least 9 meters. Skipping.
2024-12-06 20:11:46,151 [INFO] Episode 48 in 'D:\Masters\Sem5\uavRL\inference_outputs\Trajectories\LeavesFalling\a2c_naturecnn_depth_obstacle_weather_leavesfalling_leavesFalling\a2c_naturecnn_depth_obstacle_weather_leavesfalling_leavesFalling_positions.csv' did not travel at least 9 meters. Skipping.
2024-12-06 20:11:46,153 [INFO] Episode 51 in 'D:\Masters\Sem5\uavRL\inference_outputs\Trajectories\LeavesFalling\a2c_naturecnn_depth_obstacle_weather_leavesfalling_leavesFalling\a2c_naturecnn_depth_obstacle_weather_leavesfalling_leavesFalling_positions.csv' did not travel at least 9 meters. Skipping.
2024-12-06 20:11:46,157 [INFO] Episode 67 in 'D:\Masters\Sem5\uavRL\inference_outputs\Trajectories\LeavesFalling\a2c_naturecnn_depth_obstacle_weather_leavesfalling_leavesFalling\a2c_naturecnn_depth_obstacle_weather_leavesfalling_leavesFalling_positions.csv' did not travel at least 9 meters. Skipping.
2024-12-06 20:11:46,157 [INFO] Episode 68 in 'D:\Masters\Sem5\uavRL\inference_outputs\Trajectories\LeavesFalling\a2c_naturecnn_depth_obstacle_weather_leavesfalling_leavesFalling\a2c_naturecnn_depth_obstacle_weather_leavesfalling_leavesFalling_positions.csv' did not travel at least 9 meters. Skipping.
2024-12-06 20:11:46,158 [INFO] Episode 72 in 'D:\Masters\Sem5\uavRL\inference_outputs\Trajectories\LeavesFalling\a2c_naturecnn_depth_obstacle_weather_leavesfalling_leavesFalling\a2c_naturecnn_depth_obstacle_weather_leavesfalling_leavesFalling_positions.csv' did not travel at least 9 meters. Skipping.
2024-12-06 20:11:46,159 [INFO] Episode 73 in 'D:\Masters\Sem5\uavRL\inference_outputs\Trajectories\LeavesFalling\a2c_naturecnn_depth_obstacle_weather_leavesfalling_leavesFalling\a2c_naturecnn_depth_obstacle_weather_leavesfalling_leavesFalling_positions.csv' did not travel at least 9 meters. Skipping.
2024-12-06 20:11:46,161 [INFO] Episode 76 in 'D:\Masters\Sem5\uavRL\inference_outputs\Trajectories\LeavesFalling\a2c_naturecnn_depth_obstacle_weather_leavesfalling_leavesFalling\a2c_naturecnn_depth_obstacle_weather_leavesfalling_leavesFalling_positions.csv' did not travel at least 9 meters. Skipping.
2024-12-06 20:11:46,163 [INFO] Episode 85 in 'D:\Masters\Sem5\uavRL\inference_outputs\Trajectories\LeavesFalling\a2c_naturecnn_depth_obstacle_weather_leavesfalling_leavesFalling\a2c_naturecnn_depth_obstacle_weather_leavesfalling_leavesFalling_positions.csv' did not travel at least 9 meters. Skipping.
2024-12-06 20:11:46,165 [INFO] Episode 89 in 'D:\Masters\Sem5\uavRL\inference_outputs\Trajectories\LeavesFalling\a2c_naturecnn_depth_obstacle_weather_leavesfalling_leavesFalling\a2c_naturecnn_depth_obstacle_weather_leavesfalling_leavesFalling_positions.csv' did not travel at least 9 meters. Skipping.
2024-12-06 20:11:46,167 [INFO] Episode 95 in 'D:\Masters\Sem5\uavRL\inference_outputs\Trajectories\LeavesFalling\a2c_naturecnn_depth_obstacle_weather_leavesfalling_leavesFalling\a2c_naturecnn_depth_obstacle_weather_leavesfalling_leavesFalling_positions.csv' did not travel at least 9 meters. Skipping.
2024-12-06 20:11:46,169 [INFO] Episode 99 in 'D:\Masters\Sem5\uavRL\inference_outputs\Trajectories\LeavesFalling\a2c_naturecnn_depth_obstacle_weather_leavesfalling_leavesFalling\a2c_naturecnn_depth_obstacle_weather_leavesfalling_leavesFalling_positions.csv' did not travel at least 9 meters. Skipping.
2024-12-06 20:11:46,184 [INFO] Successfully read 'D:\Masters\Sem5\uavRL\inference_outputs\Trajectories\LeavesFalling\a2c_naturecnn_depth_obstacle_weather_rainandfog_leavesFalling\a2c_naturecnn_depth_obstacle_weather_rainandfog_leavesFalling_positions.csv'.
2024-12-06 20:11:46,185 [INFO] Episode 1 in 'D:\Masters\Sem5\uavRL\inference_outputs\Trajectories\LeavesFalling\a2c_naturecnn_depth_obstacle_weather_rainandfog_leavesFalling\a2c_naturecnn_depth_obstacle_weather_rainandfog_leavesFalling_positions.csv' did not travel at least 9 meters. Skipping.
2024-12-06 20:11:46,188 [INFO] Episode 6 in 'D:\Masters\Sem5\uavRL\inference_outputs\Trajectories\LeavesFalling\a2c_naturecnn_depth_obstacle_weather_rainandfog_leavesFalling\a2c_naturecnn_depth_obstacle_weather_rainandfog_leavesFalling_positions.csv' did not travel at least 9 meters. Skipping.
2024-12-06 20:11:46,189 [INFO] Episode 7 in 'D:\Masters\Sem5\uavRL\inference_outputs\Trajectories\LeavesFalling\a2c_naturecnn_depth_obstacle_weather_rainandfog_leavesFalling\a2c_naturecnn_depth_obstacle_weather_rainandfog_leavesFalling_positions.csv' did not travel at least 9 meters. Skipping.
2024-12-06 20:11:46,190 [INFO] Episode 9 in 'D:\Masters\Sem5\uavRL\inference_outputs\Trajectories\LeavesFalling\a2c_naturecnn_depth_obstacle_weather_rainandfog_leavesFalling\a2c_naturecnn_depth_obstacle_weather_rainandfog_leavesFalling_positions.csv' did not travel at least 9 meters. Skipping.
2024-12-06 20:11:46,191 [INFO] Episode 10 in 'D:\Masters\Sem5\uavRL\inference_outputs\Trajectories\LeavesFalling\a2c_naturecnn_depth_obstacle_weather_rainandfog_leavesFalling\a2c_naturecnn_depth_obstacle_weather_rainandfog_leavesFalling_positions.csv' did not travel at least 9 meters. Skipping.
2024-12-06 20:11:46,191 [INFO] Episode 11 in 'D:\Masters\Sem5\uavRL\inference_outputs\Trajectories\LeavesFalling\a2c_naturecnn_depth_obstacle_weather_rainandfog_leavesFalling\a2c_naturecnn_depth_obstacle_weather_rainandfog_leavesFalling_positions.csv' did not travel at least 9 meters. Skipping.
2024-12-06 20:11:46,194 [INFO] Episode 16 in 'D:\Masters\Sem5\uavRL\inference_outputs\Trajectories\LeavesFalling\a2c_naturecnn_depth_obstacle_weather_rainandfog_leavesFalling\a2c_naturecnn_depth_obstacle_weather_rainandfog_leavesFalling_positions.csv' did not travel at least 9 meters. Skipping.
2024-12-06 20:11:46,194 [INFO] Episode 17 in 'D:\Masters\Sem5\uavRL\inference_outputs\Trajectories\LeavesFalling\a2c_naturecnn_depth_obstacle_weather_rainandfog_leavesFalling\a2c_naturecnn_depth_obstacle_weather_rainandfog_leavesFalling_positions.csv' did not travel at least 9 meters. Skipping.
2024-12-06 20:11:46,196 [INFO] Episode 20 in 'D:\Masters\Sem5\uavRL\inference_outputs\Trajectories\LeavesFalling\a2c_naturecnn_depth_obstacle_weather_rainandfog_leavesFalling\a2c_naturecnn_depth_obstacle_weather_rainandfog_leavesFalling_positions.csv' did not travel at least 9 meters. Skipping.
2024-12-06 20:11:46,198 [INFO] Episode 27 in 'D:\Masters\Sem5\uavRL\inference_outputs\Trajectories\LeavesFalling\a2c_naturecnn_depth_obstacle_weather_rainandfog_leavesFalling\a2c_naturecnn_depth_obstacle_weather_rainandfog_leavesFalling_positions.csv' did not travel at least 9 meters. Skipping.
2024-12-06 20:11:46,199 [INFO] Episode 30 in 'D:\Masters\Sem5\uavRL\inference_outputs\Trajectories\LeavesFalling\a2c_naturecnn_depth_obstacle_weather_rainandfog_leavesFalling\a2c_naturecnn_depth_obstacle_weather_rainandfog_leavesFalling_positions.csv' did not travel at least 9 meters. Skipping.
2024-12-06 20:11:46,200 [INFO] Episode 31 in 'D:\Masters\Sem5\uavRL\inference_outputs\Trajectories\LeavesFalling\a2c_naturecnn_depth_obstacle_weather_rainandfog_leavesFalling\a2c_naturecnn_depth_obstacle_weather_rainandfog_leavesFalling_positions.csv' did not travel at least 9 meters. Skipping.
2024-12-06 20:11:46,200 [INFO] Episode 32 in 'D:\Masters\Sem5\uavRL\inference_outputs\Trajectories\LeavesFalling\a2c_naturecnn_depth_obstacle_weather_rainandfog_leavesFalling\a2c_naturecnn_depth_obstacle_weather_rainandfog_leavesFalling_positions.csv' did not travel at least 9 meters. Skipping.
2024-12-06 20:11:46,204 [INFO] Episode 47 in 'D:\Masters\Sem5\uavRL\inference_outputs\Trajectories\LeavesFalling\a2c_naturecnn_depth_obstacle_weather_rainandfog_leavesFalling\a2c_naturecnn_depth_obstacle_weather_rainandfog_leavesFalling_positions.csv' did not travel at least 9 meters. Skipping.
2024-12-06 20:11:46,207 [INFO] Episode 53 in 'D:\Masters\Sem5\uavRL\inference_outputs\Trajectories\LeavesFalling\a2c_naturecnn_depth_obstacle_weather_rainandfog_leavesFalling\a2c_naturecnn_depth_obstacle_weather_rainandfog_leavesFalling_positions.csv' did not travel at least 9 meters. Skipping.
2024-12-06 20:11:46,209 [INFO] Episode 57 in 'D:\Masters\Sem5\uavRL\inference_outputs\Trajectories\LeavesFalling\a2c_naturecnn_depth_obstacle_weather_rainandfog_leavesFalling\a2c_naturecnn_depth_obstacle_weather_rainandfog_leavesFalling_positions.csv' did not travel at least 9 meters. Skipping.
2024-12-06 20:11:46,210 [INFO] Episode 62 in 'D:\Masters\Sem5\uavRL\inference_outputs\Trajectories\LeavesFalling\a2c_naturecnn_depth_obstacle_weather_rainandfog_leavesFalling\a2c_naturecnn_depth_obstacle_weather_rainandfog_leavesFalling_positions.csv' did not travel at least 9 meters. Skipping.
2024-12-06 20:11:46,213 [INFO] Episode 69 in 'D:\Masters\Sem5\uavRL\inference_outputs\Trajectories\LeavesFalling\a2c_naturecnn_depth_obstacle_weather_rainandfog_leavesFalling\a2c_naturecnn_depth_obstacle_weather_rainandfog_leavesFalling_positions.csv' did not travel at least 9 meters. Skipping.
2024-12-06 20:11:46,217 [INFO] Episode 83 in 'D:\Masters\Sem5\uavRL\inference_outputs\Trajectories\LeavesFalling\a2c_naturecnn_depth_obstacle_weather_rainandfog_leavesFalling\a2c_naturecnn_depth_obstacle_weather_rainandfog_leavesFalling_positions.csv' did not travel at least 9 meters. Skipping.
2024-12-06 20:11:46,220 [INFO] Episode 93 in 'D:\Masters\Sem5\uavRL\inference_outputs\Trajectories\LeavesFalling\a2c_naturecnn_depth_obstacle_weather_rainandfog_leavesFalling\a2c_naturecnn_depth_obstacle_weather_rainandfog_leavesFalling_positions.csv' did not travel at least 9 meters. Skipping.
2024-12-06 20:11:46,223 [INFO] Episode 97 in 'D:\Masters\Sem5\uavRL\inference_outputs\Trajectories\LeavesFalling\a2c_naturecnn_depth_obstacle_weather_rainandfog_leavesFalling\a2c_naturecnn_depth_obstacle_weather_rainandfog_leavesFalling_positions.csv' did not travel at least 9 meters. Skipping.
2024-12-06 20:11:46,274 [INFO] Successfully read 'D:\Masters\Sem5\uavRL\inference_outputs\Trajectories\LeavesFalling\a2c_naturecnn_depth_obstacle_weather_snowonly_leavesFalling\a2c_naturecnn_depth_obstacle_weather_snowonly_leavesFalling_positions.csv'.
2024-12-06 20:11:46,276 [INFO] Episode 6 in 'D:\Masters\Sem5\uavRL\inference_outputs\Trajectories\LeavesFalling\a2c_naturecnn_depth_obstacle_weather_snowonly_leavesFalling\a2c_naturecnn_depth_obstacle_weather_snowonly_leavesFalling_positions.csv' did not travel at least 9 meters. Skipping.
2024-12-06 20:11:46,279 [INFO] Episode 10 in 'D:\Masters\Sem5\uavRL\inference_outputs\Trajectories\LeavesFalling\a2c_naturecnn_depth_obstacle_weather_snowonly_leavesFalling\a2c_naturecnn_depth_obstacle_weather_snowonly_leavesFalling_positions.csv' did not travel at least 9 meters. Skipping.
2024-12-06 20:11:46,280 [INFO] Episode 12 in 'D:\Masters\Sem5\uavRL\inference_outputs\Trajectories\LeavesFalling\a2c_naturecnn_depth_obstacle_weather_snowonly_leavesFalling\a2c_naturecnn_depth_obstacle_weather_snowonly_leavesFalling_positions.csv' did not travel at least 9 meters. Skipping.
2024-12-06 20:11:46,281 [INFO] Episode 14 in 'D:\Masters\Sem5\uavRL\inference_outputs\Trajectories\LeavesFalling\a2c_naturecnn_depth_obstacle_weather_snowonly_leavesFalling\a2c_naturecnn_depth_obstacle_weather_snowonly_leavesFalling_positions.csv' did not travel at least 9 meters. Skipping.
2024-12-06 20:11:46,281 [INFO] Episode 16 in 'D:\Masters\Sem5\uavRL\inference_outputs\Trajectories\LeavesFalling\a2c_naturecnn_depth_obstacle_weather_snowonly_leavesFalling\a2c_naturecnn_depth_obstacle_weather_snowonly_leavesFalling_positions.csv' did not travel at least 9 meters. Skipping.
2024-12-06 20:11:46,282 [INFO] Episode 20 in 'D:\Masters\Sem5\uavRL\inference_outputs\Trajectories\LeavesFalling\a2c_naturecnn_depth_obstacle_weather_snowonly_leavesFalling\a2c_naturecnn_depth_obstacle_weather_snowonly_leavesFalling_positions.csv' did not travel at least 9 meters. Skipping.
2024-12-06 20:11:46,283 [INFO] Episode 21 in 'D:\Masters\Sem5\uavRL\inference_outputs\Trajectories\LeavesFalling\a2c_naturecnn_depth_obstacle_weather_snowonly_leavesFalling\a2c_naturecnn_depth_obstacle_weather_snowonly_leavesFalling_positions.csv' did not travel at least 9 meters. Skipping.
2024-12-06 20:11:46,284 [INFO] Episode 25 in 'D:\Masters\Sem5\uavRL\inference_outputs\Trajectories\LeavesFalling\a2c_naturecnn_depth_obstacle_weather_snowonly_leavesFalling\a2c_naturecnn_depth_obstacle_weather_snowonly_leavesFalling_positions.csv' did not travel at least 9 meters. Skipping.
2024-12-06 20:11:46,285 [INFO] Episode 28 in 'D:\Masters\Sem5\uavRL\inference_outputs\Trajectories\LeavesFalling\a2c_naturecnn_depth_obstacle_weather_snowonly_leavesFalling\a2c_naturecnn_depth_obstacle_weather_snowonly_leavesFalling_positions.csv' did not travel at least 9 meters. Skipping.
2024-12-06 20:11:46,286 [INFO] Episode 29 in 'D:\Masters\Sem5\uavRL\inference_outputs\Trajectories\LeavesFalling\a2c_naturecnn_depth_obstacle_weather_snowonly_leavesFalling\a2c_naturecnn_depth_obstacle_weather_snowonly_leavesFalling_positions.csv' did not travel at least 9 meters. Skipping.
2024-12-06 20:11:46,288 [INFO] Episode 33 in 'D:\Masters\Sem5\uavRL\inference_outputs\Trajectories\LeavesFalling\a2c_naturecnn_depth_obstacle_weather_snowonly_leavesFalling\a2c_naturecnn_depth_obstacle_weather_snowonly_leavesFalling_positions.csv' did not travel at least 9 meters. Skipping.
2024-12-06 20:11:46,289 [INFO] Episode 35 in 'D:\Masters\Sem5\uavRL\inference_outputs\Trajectories\LeavesFalling\a2c_naturecnn_depth_obstacle_weather_snowonly_leavesFalling\a2c_naturecnn_depth_obstacle_weather_snowonly_leavesFalling_positions.csv' did not travel at least 9 meters. Skipping.
2024-12-06 20:11:46,290 [INFO] Episode 39 in 'D:\Masters\Sem5\uavRL\inference_outputs\Trajectories\LeavesFalling\a2c_naturecnn_depth_obstacle_weather_snowonly_leavesFalling\a2c_naturecnn_depth_obstacle_weather_snowonly_leavesFalling_positions.csv' did not travel at least 9 meters. Skipping.
2024-12-06 20:11:46,299 [INFO] Episode 73 in 'D:\Masters\Sem5\uavRL\inference_outputs\Trajectories\LeavesFalling\a2c_naturecnn_depth_obstacle_weather_snowonly_leavesFalling\a2c_naturecnn_depth_obstacle_weather_snowonly_leavesFalling_positions.csv' did not travel at least 9 meters. Skipping.
2024-12-06 20:11:46,302 [INFO] Episode 82 in 'D:\Masters\Sem5\uavRL\inference_outputs\Trajectories\LeavesFalling\a2c_naturecnn_depth_obstacle_weather_snowonly_leavesFalling\a2c_naturecnn_depth_obstacle_weather_snowonly_leavesFalling_positions.csv' did not travel at least 9 meters. Skipping.
2024-12-06 20:11:46,303 [INFO] Episode 83 in 'D:\Masters\Sem5\uavRL\inference_outputs\Trajectories\LeavesFalling\a2c_naturecnn_depth_obstacle_weather_snowonly_leavesFalling\a2c_naturecnn_depth_obstacle_weather_snowonly_leavesFalling_positions.csv' did not travel at least 9 meters. Skipping.
2024-12-06 20:11:46,305 [INFO] Episode 88 in 'D:\Masters\Sem5\uavRL\inference_outputs\Trajectories\LeavesFalling\a2c_naturecnn_depth_obstacle_weather_snowonly_leavesFalling\a2c_naturecnn_depth_obstacle_weather_snowonly_leavesFalling_positions.csv' did not travel at least 9 meters. Skipping.
2024-12-06 20:11:46,306 [INFO] Episode 90 in 'D:\Masters\Sem5\uavRL\inference_outputs\Trajectories\LeavesFalling\a2c_naturecnn_depth_obstacle_weather_snowonly_leavesFalling\a2c_naturecnn_depth_obstacle_weather_snowonly_leavesFalling_positions.csv' did not travel at least 9 meters. Skipping.
2024-12-06 20:11:46,308 [INFO] Episode 96 in 'D:\Masters\Sem5\uavRL\inference_outputs\Trajectories\LeavesFalling\a2c_naturecnn_depth_obstacle_weather_snowonly_leavesFalling\a2c_naturecnn_depth_obstacle_weather_snowonly_leavesFalling_positions.csv' did not travel at least 9 meters. Skipping.
2024-12-06 20:11:46,319 [INFO] Wall positions determined at: [3.7, 7.4, 11.100000000000001, 14.8, 18.5, 22.2]
2024-12-06 20:11:46,322 [INFO] Plotted mean trajectory from 'a2c_naturecnn_depth_leavesFalling_positions.csv' with color 'blue'.
2024-12-06 20:11:46,323 [INFO] Plotted mean trajectory from 'a2c_naturecnn_depth_obstacle_weather_leavesfalling_leavesFalling_positions.csv' with color 'green'.
2024-12-06 20:11:46,325 [INFO] Plotted mean trajectory from 'a2c_naturecnn_depth_obstacle_weather_rainandfog_leavesFalling_positions.csv' with color 'orange'.
2024-12-06 20:11:46,326 [INFO] Plotted mean trajectory from 'a2c_naturecnn_depth_obstacle_weather_snowonly_leavesFalling_positions.csv' with color 'purple'.
2024-12-06 20:11:46,379 [INFO] Added wall surface at X=3.7 with Trajectory Variations and Passages.
2024-12-06 20:11:46,435 [INFO] Added wall surface at X=7.4 with Trajectory Variations and Passages.
2024-12-06 20:11:46,491 [INFO] Added wall surface at X=11.100000000000001 with Trajectory Variations and Passages.
2024-12-06 20:11:46,549 [INFO] Added wall surface at X=14.8 with Trajectory Variations and Passages.
2024-12-06 20:11:46,610 [INFO] Added wall surface at X=18.5 with Trajectory Variations and Passages.
2024-12-06 20:11:46,613 [WARNING] No data near wall at X=22.2. Skipping hole creation.
2024-12-06 20:11:46,613 [INFO] Completed plotting walls and holes.
2024-12-06 20:11:46,786 [INFO] Similarity between 'a2c_naturecnn_depth_leavesFalling_positions.csv' and 'a2c_naturecnn_depth_obstacle_weather_leavesfalling_leavesFalling_positions.csv':
2024-12-06 20:11:46,786 [INFO]   - Cosine Similarity (Mean): 0.4233
2024-12-06 20:11:46,786 [INFO]   - Pearson Correlation (Mean): 0.7896
2024-12-06 20:11:46,787 [INFO]   - Normalized Cross-Correlation (Mean): 0.7990
2024-12-06 20:11:46,787 [INFO]   - Lag at Max NCC (Y): -4, (Z): -5
2024-12-06 20:11:46,797 [INFO] Similarity between 'a2c_naturecnn_depth_leavesFalling_positions.csv' and 'a2c_naturecnn_depth_obstacle_weather_rainandfog_leavesFalling_positions.csv':
2024-12-06 20:11:46,798 [INFO]   - Cosine Similarity (Mean): 0.9317
2024-12-06 20:11:46,798 [INFO]   - Pearson Correlation (Mean): 0.8458
2024-12-06 20:11:46,799 [INFO]   - Normalized Cross-Correlation (Mean): 0.8524
2024-12-06 20:11:46,799 [INFO]   - Lag at Max NCC (Y): 0, (Z): -5
2024-12-06 20:11:46,809 [INFO] Similarity between 'a2c_naturecnn_depth_leavesFalling_positions.csv' and 'a2c_naturecnn_depth_obstacle_weather_snowonly_leavesFalling_positions.csv':
2024-12-06 20:11:46,809 [INFO]   - Cosine Similarity (Mean): 0.7053
2024-12-06 20:11:46,809 [INFO]   - Pearson Correlation (Mean): 0.8260
2024-12-06 20:11:46,809 [INFO]   - Normalized Cross-Correlation (Mean): 0.8793
2024-12-06 20:11:46,810 [INFO]   - Lag at Max NCC (Y): -10, (Z): -12
2024-12-06 20:11:46,819 [INFO] Similarity between 'a2c_naturecnn_depth_obstacle_weather_leavesfalling_leavesFalling_positions.csv' and 'a2c_naturecnn_depth_obstacle_weather_rainandfog_leavesFalling_positions.csv':
2024-12-06 20:11:46,819 [INFO]   - Cosine Similarity (Mean): 0.5764
2024-12-06 20:11:46,821 [INFO]   - Pearson Correlation (Mean): 0.9032
2024-12-06 20:11:46,821 [INFO]   - Normalized Cross-Correlation (Mean): 0.9032
2024-12-06 20:11:46,821 [INFO]   - Lag at Max NCC (Y): 0, (Z): 0
2024-12-06 20:11:46,832 [INFO] Similarity between 'a2c_naturecnn_depth_obstacle_weather_leavesfalling_leavesFalling_positions.csv' and 'a2c_naturecnn_depth_obstacle_weather_snowonly_leavesFalling_positions.csv':
2024-12-06 20:11:46,832 [INFO]   - Cosine Similarity (Mean): 0.8322
2024-12-06 20:11:46,833 [INFO]   - Pearson Correlation (Mean): 0.8892
2024-12-06 20:11:46,833 [INFO]   - Normalized Cross-Correlation (Mean): 0.9007
2024-12-06 20:11:46,833 [INFO]   - Lag at Max NCC (Y): -5, (Z): -7
2024-12-06 20:11:46,844 [INFO] Similarity between 'a2c_naturecnn_depth_obstacle_weather_rainandfog_leavesFalling_positions.csv' and 'a2c_naturecnn_depth_obstacle_weather_snowonly_leavesFalling_positions.csv':
2024-12-06 20:11:46,844 [INFO]   - Cosine Similarity (Mean): 0.7996
2024-12-06 20:11:46,844 [INFO]   - Pearson Correlation (Mean): 0.8797
2024-12-06 20:11:46,845 [INFO]   - Normalized Cross-Correlation (Mean): 0.8971
2024-12-06 20:11:46,845 [INFO]   - Lag at Max NCC (Y): 1, (Z): -6
2024-12-06 20:11:47,298 [INFO] Cross-correlation plot saved as 'inference_outputs\Depth_A2C_LeavesFalling_Variants\Depth_A2C_LeavesFalling_Variants_cross_correlation_part1.png'.
2024-12-06 20:11:47,901 [INFO] Mean trajectories plotted and saved as 'inference_outputs\Depth_A2C_LeavesFalling_Variants\Depth_A2C_LeavesFalling_Variants_mean_trajectories.png'.
2024-12-06 20:11:47,907 [INFO] Similarity summary saved as 'inference_outputs\Depth_A2C_LeavesFalling_Variants\Depth_A2C_LeavesFalling_Variants_similarity_summary.csv'.
