2025-02-07 17:54:04,330 - INFO - Episode 1 completed.
2025-02-07 17:54:05,880 - INFO - Episode 2 completed.
2025-02-07 17:54:06,247 - INFO - Episode 3 completed.
2025-02-07 17:54:07,418 - INFO - Episode 4 completed.
2025-02-07 17:54:07,524 - INFO - Episode 5 completed.
2025-02-07 17:54:07,880 - INFO - Episode 6 completed.
2025-02-07 17:54:09,993 - INFO - Episode 7 completed.
2025-02-07 17:54:10,345 - INFO - Episode 8 completed.
2025-02-07 17:54:11,904 - INFO - Episode 9 completed.
2025-02-07 17:54:13,969 - INFO - Episode 10 completed.
2025-02-07 17:54:15,080 - INFO - Episode 11 completed.
2025-02-07 17:54:16,552 - INFO - Episode 12 completed.
2025-02-07 17:54:18,641 - INFO - Episode 13 completed.
2025-02-07 17:54:22,635 - INFO - Episode 14 completed.
2025-02-07 17:54:23,512 - INFO - Episode 15 completed.
2025-02-07 17:54:28,681 - INFO - Episode 16 completed.
2025-02-07 17:54:32,675 - INFO - Episode 17 completed.
2025-02-07 17:54:33,599 - INFO - Episode 18 completed.
2025-02-07 17:54:36,445 - INFO - Episode 19 completed.
2025-02-07 17:54:37,252 - INFO - Episode 20 completed.
2025-02-07 17:54:38,866 - INFO - Episode 21 completed.
2025-02-07 17:54:40,870 - INFO - Episode 22 completed.
2025-02-07 17:54:41,982 - INFO - Episode 23 completed.
2025-02-07 17:54:43,100 - INFO - Episode 24 completed.
2025-02-07 17:54:43,448 - INFO - Episode 25 completed.
2025-02-07 17:54:44,943 - INFO - Episode 26 completed.
2025-02-07 17:54:46,455 - INFO - Episode 27 completed.
2025-02-07 17:54:48,011 - INFO - Episode 28 completed.
2025-02-07 17:54:49,121 - INFO - Episode 29 completed.
2025-02-07 17:54:50,657 - INFO - Episode 30 completed.
2025-02-07 17:54:50,996 - INFO - Episode 31 completed.
2025-02-07 17:54:52,530 - INFO - Episode 32 completed.
2025-02-07 17:54:53,643 - INFO - Episode 33 completed.
2025-02-07 17:54:53,999 - INFO - Episode 34 completed.
2025-02-07 17:54:55,163 - INFO - Episode 35 completed.
2025-02-07 17:54:57,161 - INFO - Episode 36 completed.
2025-02-07 17:54:59,143 - INFO - Episode 37 completed.
2025-02-07 17:55:00,723 - INFO - Episode 38 completed.
2025-02-07 17:55:00,811 - INFO - Episode 39 completed.
2025-02-07 17:55:02,298 - INFO - Episode 40 completed.
2025-02-07 17:55:03,844 - INFO - Episode 41 completed.
2025-02-07 17:55:04,602 - INFO - Episode 42 completed.
2025-02-07 17:55:05,729 - INFO - Episode 43 completed.
2025-02-07 17:55:06,298 - INFO - Episode 44 completed.
2025-02-07 17:55:07,404 - INFO - Episode 45 completed.
2025-02-07 17:55:09,384 - INFO - Episode 46 completed.
2025-02-07 17:55:10,939 - INFO - Episode 47 completed.
2025-02-07 17:55:12,452 - INFO - Episode 48 completed.
2025-02-07 17:55:16,512 - INFO - Episode 49 completed.
2025-02-07 17:55:19,315 - INFO - Episode 50 completed.
2025-02-07 17:55:24,590 - INFO - Episode 51 completed.
2025-02-07 17:55:28,749 - INFO - Episode 52 completed.
2025-02-07 17:55:32,409 - INFO - Episode 53 completed.
2025-02-07 17:55:36,312 - INFO - Episode 54 completed.
2025-02-07 17:55:39,400 - INFO - Episode 55 completed.
2025-02-07 17:55:40,520 - INFO - Episode 56 completed.
2025-02-07 17:55:42,036 - INFO - Episode 57 completed.
2025-02-07 17:55:42,766 - INFO - Episode 58 completed.
2025-02-07 17:55:43,882 - INFO - Episode 59 completed.
2025-02-07 17:55:44,234 - INFO - Episode 60 completed.
2025-02-07 17:55:45,340 - INFO - Episode 61 completed.
2025-02-07 17:55:45,697 - INFO - Episode 62 completed.
2025-02-07 17:55:47,702 - INFO - Episode 63 completed.
2025-02-07 17:55:48,833 - INFO - Episode 64 completed.
2025-02-07 17:55:49,937 - INFO - Episode 65 completed.
2025-02-07 17:55:50,290 - INFO - Episode 66 completed.
2025-02-07 17:55:52,286 - INFO - Episode 67 completed.
2025-02-07 17:55:54,360 - INFO - Episode 68 completed.
2025-02-07 17:55:55,105 - INFO - Episode 69 completed.
2025-02-07 17:55:56,230 - INFO - Episode 70 completed.
2025-02-07 17:55:56,986 - INFO - Episode 71 completed.
2025-02-07 17:55:57,346 - INFO - Episode 72 completed.
2025-02-07 17:55:58,980 - INFO - Episode 73 completed.
2025-02-07 17:56:00,571 - INFO - Episode 74 completed.
2025-02-07 17:56:01,692 - INFO - Episode 75 completed.
2025-02-07 17:56:02,853 - INFO - Episode 76 completed.
2025-02-07 17:56:03,207 - INFO - Episode 77 completed.
2025-02-07 17:56:04,309 - INFO - Episode 78 completed.
2025-02-07 17:56:06,298 - INFO - Episode 79 completed.
2025-02-07 17:56:08,287 - INFO - Episode 80 completed.
2025-02-07 17:56:09,392 - INFO - Episode 81 completed.
2025-02-07 17:56:11,383 - INFO - Episode 82 completed.
2025-02-07 17:56:12,507 - INFO - Episode 83 completed.
2025-02-07 17:56:14,039 - INFO - Episode 84 completed.
2025-02-07 17:56:14,387 - INFO - Episode 85 completed.
2025-02-07 17:56:15,118 - INFO - Episode 86 completed.
2025-02-07 17:56:16,660 - INFO - Episode 87 completed.
2025-02-07 17:56:17,776 - INFO - Episode 88 completed.
2025-02-07 17:56:18,876 - INFO - Episode 89 completed.
2025-02-07 17:56:20,407 - INFO - Episode 90 completed.
2025-02-07 17:56:21,933 - INFO - Episode 91 completed.
2025-02-07 17:56:23,421 - INFO - Episode 92 completed.
2025-02-07 17:56:24,641 - INFO - Episode 93 completed.
2025-02-07 17:56:25,743 - INFO - Episode 94 completed.
2025-02-07 17:56:26,083 - INFO - Episode 95 completed.
2025-02-07 17:56:27,567 - INFO - Episode 96 completed.
2025-02-07 17:56:29,572 - INFO - Episode 97 completed.
2025-02-07 17:56:31,566 - INFO - Episode 98 completed.
2025-02-07 17:56:31,916 - INFO - Episode 99 completed.
2025-02-07 17:56:33,449 - INFO - Episode 100 completed.
2025-02-07 17:56:33,487 - INFO - Positions saved to ./inference_outputs/PPO_All_FM_SRGB\PPO_All_FM_SRGB_positions.csv
2025-02-07 17:56:33,732 - INFO - Episode 1 did not travel at least 18 meters, skipping.
2025-02-07 17:56:33,733 - INFO - Episode 2 did not travel at least 18 meters, skipping.
2025-02-07 17:56:33,733 - INFO - Episode 3 did not travel at least 18 meters, skipping.
2025-02-07 17:56:33,735 - INFO - Episode 4 did not travel at least 18 meters, skipping.
2025-02-07 17:56:33,736 - INFO - Episode 5 did not travel at least 18 meters, skipping.
2025-02-07 17:56:33,736 - INFO - Episode 6 did not travel at least 18 meters, skipping.
2025-02-07 17:56:33,757 - INFO - Episode 8 did not travel at least 18 meters, skipping.
2025-02-07 17:56:33,758 - INFO - Episode 9 did not travel at least 18 meters, skipping.
2025-02-07 17:56:33,761 - INFO - Episode 11 did not travel at least 18 meters, skipping.
2025-02-07 17:56:33,762 - INFO - Episode 12 did not travel at least 18 meters, skipping.
2025-02-07 17:56:33,762 - INFO - Episode 13 did not travel at least 18 meters, skipping.
2025-02-07 17:56:33,764 - INFO - Episode 14 did not travel at least 18 meters, skipping.
2025-02-07 17:56:33,765 - INFO - Episode 15 did not travel at least 18 meters, skipping.
2025-02-07 17:56:33,766 - INFO - Episode 17 did not travel at least 18 meters, skipping.
2025-02-07 17:56:33,767 - INFO - Episode 18 did not travel at least 18 meters, skipping.
2025-02-07 17:56:33,768 - INFO - Episode 19 did not travel at least 18 meters, skipping.
2025-02-07 17:56:33,769 - INFO - Episode 20 did not travel at least 18 meters, skipping.
2025-02-07 17:56:33,769 - INFO - Episode 21 did not travel at least 18 meters, skipping.
2025-02-07 17:56:33,773 - INFO - Episode 23 did not travel at least 18 meters, skipping.
2025-02-07 17:56:33,773 - INFO - Episode 24 did not travel at least 18 meters, skipping.
2025-02-07 17:56:33,775 - INFO - Episode 25 did not travel at least 18 meters, skipping.
2025-02-07 17:56:33,776 - INFO - Episode 26 did not travel at least 18 meters, skipping.
2025-02-07 17:56:33,776 - INFO - Episode 27 did not travel at least 18 meters, skipping.
2025-02-07 17:56:33,777 - INFO - Episode 28 did not travel at least 18 meters, skipping.
2025-02-07 17:56:33,777 - INFO - Episode 29 did not travel at least 18 meters, skipping.
2025-02-07 17:56:33,778 - INFO - Episode 30 did not travel at least 18 meters, skipping.
2025-02-07 17:56:33,779 - INFO - Episode 31 did not travel at least 18 meters, skipping.
2025-02-07 17:56:33,780 - INFO - Episode 32 did not travel at least 18 meters, skipping.
2025-02-07 17:56:33,781 - INFO - Episode 33 did not travel at least 18 meters, skipping.
2025-02-07 17:56:33,782 - INFO - Episode 34 did not travel at least 18 meters, skipping.
2025-02-07 17:56:33,782 - INFO - Episode 35 did not travel at least 18 meters, skipping.
2025-02-07 17:56:33,786 - INFO - Episode 38 did not travel at least 18 meters, skipping.
2025-02-07 17:56:33,788 - INFO - Episode 39 did not travel at least 18 meters, skipping.
2025-02-07 17:56:33,789 - INFO - Episode 40 did not travel at least 18 meters, skipping.
2025-02-07 17:56:33,790 - INFO - Episode 41 did not travel at least 18 meters, skipping.
2025-02-07 17:56:33,792 - INFO - Episode 42 did not travel at least 18 meters, skipping.
2025-02-07 17:56:33,792 - INFO - Episode 43 did not travel at least 18 meters, skipping.
2025-02-07 17:56:33,794 - INFO - Episode 44 did not travel at least 18 meters, skipping.
2025-02-07 17:56:33,795 - INFO - Episode 45 did not travel at least 18 meters, skipping.
2025-02-07 17:56:33,797 - INFO - Episode 47 did not travel at least 18 meters, skipping.
2025-02-07 17:56:33,798 - INFO - Episode 48 did not travel at least 18 meters, skipping.
2025-02-07 17:56:33,801 - INFO - Episode 50 did not travel at least 18 meters, skipping.
2025-02-07 17:56:33,805 - INFO - Episode 52 did not travel at least 18 meters, skipping.
2025-02-07 17:56:33,807 - INFO - Episode 54 did not travel at least 18 meters, skipping.
2025-02-07 17:56:33,811 - INFO - Episode 56 did not travel at least 18 meters, skipping.
2025-02-07 17:56:33,812 - INFO - Episode 57 did not travel at least 18 meters, skipping.
2025-02-07 17:56:33,814 - INFO - Episode 58 did not travel at least 18 meters, skipping.
2025-02-07 17:56:33,814 - INFO - Episode 59 did not travel at least 18 meters, skipping.
2025-02-07 17:56:33,815 - INFO - Episode 60 did not travel at least 18 meters, skipping.
2025-02-07 17:56:33,816 - INFO - Episode 61 did not travel at least 18 meters, skipping.
2025-02-07 17:56:33,816 - INFO - Episode 62 did not travel at least 18 meters, skipping.
2025-02-07 17:56:33,819 - INFO - Episode 64 did not travel at least 18 meters, skipping.
2025-02-07 17:56:33,821 - INFO - Episode 65 did not travel at least 18 meters, skipping.
2025-02-07 17:56:33,821 - INFO - Episode 66 did not travel at least 18 meters, skipping.
2025-02-07 17:56:33,825 - INFO - Episode 69 did not travel at least 18 meters, skipping.
2025-02-07 17:56:33,826 - INFO - Episode 70 did not travel at least 18 meters, skipping.
2025-02-07 17:56:33,827 - INFO - Episode 71 did not travel at least 18 meters, skipping.
2025-02-07 17:56:33,827 - INFO - Episode 72 did not travel at least 18 meters, skipping.
2025-02-07 17:56:33,827 - INFO - Episode 73 did not travel at least 18 meters, skipping.
2025-02-07 17:56:33,829 - INFO - Episode 74 did not travel at least 18 meters, skipping.
2025-02-07 17:56:33,829 - INFO - Episode 75 did not travel at least 18 meters, skipping.
2025-02-07 17:56:33,830 - INFO - Episode 76 did not travel at least 18 meters, skipping.
2025-02-07 17:56:33,831 - INFO - Episode 77 did not travel at least 18 meters, skipping.
2025-02-07 17:56:33,831 - INFO - Episode 78 did not travel at least 18 meters, skipping.
2025-02-07 17:56:33,836 - INFO - Episode 81 did not travel at least 18 meters, skipping.
2025-02-07 17:56:33,839 - INFO - Episode 83 did not travel at least 18 meters, skipping.
2025-02-07 17:56:33,841 - INFO - Episode 84 did not travel at least 18 meters, skipping.
2025-02-07 17:56:33,841 - INFO - Episode 85 did not travel at least 18 meters, skipping.
2025-02-07 17:56:33,843 - INFO - Episode 86 did not travel at least 18 meters, skipping.
2025-02-07 17:56:33,844 - INFO - Episode 87 did not travel at least 18 meters, skipping.
2025-02-07 17:56:33,844 - INFO - Episode 88 did not travel at least 18 meters, skipping.
2025-02-07 17:56:33,845 - INFO - Episode 89 did not travel at least 18 meters, skipping.
2025-02-07 17:56:33,846 - INFO - Episode 90 did not travel at least 18 meters, skipping.
2025-02-07 17:56:33,847 - INFO - Episode 91 did not travel at least 18 meters, skipping.
2025-02-07 17:56:33,847 - INFO - Episode 92 did not travel at least 18 meters, skipping.
2025-02-07 17:56:33,848 - INFO - Episode 93 did not travel at least 18 meters, skipping.
2025-02-07 17:56:33,849 - INFO - Episode 94 did not travel at least 18 meters, skipping.
2025-02-07 17:56:33,851 - INFO - Episode 95 did not travel at least 18 meters, skipping.
2025-02-07 17:56:33,852 - INFO - Episode 96 did not travel at least 18 meters, skipping.
2025-02-07 17:56:33,856 - INFO - Episode 99 did not travel at least 18 meters, skipping.
2025-02-07 17:56:33,856 - INFO - Episode 100 did not travel at least 18 meters, skipping.
2025-02-07 17:56:34,010 - INFO - Trajectories plotted and saved as './inference_outputs/PPO_All_FM_SRGB\PPO_All_FM_SRGB_trajectories.png'.
2025-02-07 17:56:34,011 - INFO - -----------------------------------
2025-02-07 17:56:34,011 - INFO - > Total episodes: 100
2025-02-07 17:56:34,011 - INFO - > Flight distance (mean): 11.79
2025-02-07 17:56:34,011 - INFO - > Holes reached (mean): 2.46 out of 5
2025-02-07 17:56:34,011 - INFO - -----------------------------------
