2024-12-06 20:30:24,516 [INFO] Logging initialized for scenario: 'Depth_A2C_RainandFog_Variants'
2024-12-06 20:30:24,516 [INFO] Received command-line arguments: Scenario='Depth_A2C_RainandFog_Variants', Filenames=['D:\\Masters\\Sem5\\uavRL\\inference_outputs\\Trajectories\\RainandFog\\a2c_naturecnn_depth_RainandFog\\a2c_naturecnn_depth_RainandFog_positions.csv', 'D:\\Masters\\Sem5\\uavRL\\inference_outputs\\Trajectories\\RainandFog\\a2c_naturecnn_depth_obstacle_weather_leavesfalling_RainandFog\\a2c_naturecnn_depth_obstacle_weather_leavesfalling_RainandFog_positions.csv', 'D:\\Masters\\Sem5\\uavRL\\inference_outputs\\Trajectories\\RainandFog\\a2c_naturecnn_depth_obstacle_weather_rainandfog_RainandFog\\a2c_naturecnn_depth_obstacle_weather_rainandfog_RainandFog_positions.csv', 'D:\\Masters\\Sem5\\uavRL\\inference_outputs\\Trajectories\\RainandFog\\a2c_naturecnn_depth_obstacle_weather_snowonly_RainandFog\\a2c_naturecnn_depth_obstacle_weather_snowonly_RainandFog_positions.csv']
2024-12-06 20:30:24,518 [INFO] Starting to plot multiple mean trajectories.
2024-12-06 20:30:24,684 [INFO] Successfully read 'D:\Masters\Sem5\uavRL\inference_outputs\Trajectories\RainandFog\a2c_naturecnn_depth_RainandFog\a2c_naturecnn_depth_RainandFog_positions.csv'.
2024-12-06 20:30:24,685 [INFO] Episode 1 in 'D:\Masters\Sem5\uavRL\inference_outputs\Trajectories\RainandFog\a2c_naturecnn_depth_RainandFog\a2c_naturecnn_depth_RainandFog_positions.csv' did not travel at least 9 meters. Skipping.
2024-12-06 20:30:24,686 [INFO] Episode 2 in 'D:\Masters\Sem5\uavRL\inference_outputs\Trajectories\RainandFog\a2c_naturecnn_depth_RainandFog\a2c_naturecnn_depth_RainandFog_positions.csv' did not travel at least 9 meters. Skipping.
2024-12-06 20:30:24,687 [INFO] Episode 4 in 'D:\Masters\Sem5\uavRL\inference_outputs\Trajectories\RainandFog\a2c_naturecnn_depth_RainandFog\a2c_naturecnn_depth_RainandFog_positions.csv' did not travel at least 9 meters. Skipping.
2024-12-06 20:30:24,687 [INFO] Episode 6 in 'D:\Masters\Sem5\uavRL\inference_outputs\Trajectories\RainandFog\a2c_naturecnn_depth_RainandFog\a2c_naturecnn_depth_RainandFog_positions.csv' did not travel at least 9 meters. Skipping.
2024-12-06 20:30:24,689 [INFO] Episode 9 in 'D:\Masters\Sem5\uavRL\inference_outputs\Trajectories\RainandFog\a2c_naturecnn_depth_RainandFog\a2c_naturecnn_depth_RainandFog_positions.csv' did not travel at least 9 meters. Skipping.
2024-12-06 20:30:24,690 [INFO] Episode 12 in 'D:\Masters\Sem5\uavRL\inference_outputs\Trajectories\RainandFog\a2c_naturecnn_depth_RainandFog\a2c_naturecnn_depth_RainandFog_positions.csv' did not travel at least 9 meters. Skipping.
2024-12-06 20:30:24,690 [INFO] Episode 14 in 'D:\Masters\Sem5\uavRL\inference_outputs\Trajectories\RainandFog\a2c_naturecnn_depth_RainandFog\a2c_naturecnn_depth_RainandFog_positions.csv' did not travel at least 9 meters. Skipping.
2024-12-06 20:30:24,691 [INFO] Episode 15 in 'D:\Masters\Sem5\uavRL\inference_outputs\Trajectories\RainandFog\a2c_naturecnn_depth_RainandFog\a2c_naturecnn_depth_RainandFog_positions.csv' did not travel at least 9 meters. Skipping.
2024-12-06 20:30:24,691 [INFO] Episode 16 in 'D:\Masters\Sem5\uavRL\inference_outputs\Trajectories\RainandFog\a2c_naturecnn_depth_RainandFog\a2c_naturecnn_depth_RainandFog_positions.csv' did not travel at least 9 meters. Skipping.
2024-12-06 20:30:24,692 [INFO] Episode 17 in 'D:\Masters\Sem5\uavRL\inference_outputs\Trajectories\RainandFog\a2c_naturecnn_depth_RainandFog\a2c_naturecnn_depth_RainandFog_positions.csv' did not travel at least 9 meters. Skipping.
2024-12-06 20:30:24,692 [INFO] Episode 18 in 'D:\Masters\Sem5\uavRL\inference_outputs\Trajectories\RainandFog\a2c_naturecnn_depth_RainandFog\a2c_naturecnn_depth_RainandFog_positions.csv' did not travel at least 9 meters. Skipping.
2024-12-06 20:30:24,692 [INFO] Episode 19 in 'D:\Masters\Sem5\uavRL\inference_outputs\Trajectories\RainandFog\a2c_naturecnn_depth_RainandFog\a2c_naturecnn_depth_RainandFog_positions.csv' did not travel at least 9 meters. Skipping.
2024-12-06 20:30:24,695 [INFO] Episode 23 in 'D:\Masters\Sem5\uavRL\inference_outputs\Trajectories\RainandFog\a2c_naturecnn_depth_RainandFog\a2c_naturecnn_depth_RainandFog_positions.csv' did not travel at least 9 meters. Skipping.
2024-12-06 20:30:24,696 [INFO] Episode 25 in 'D:\Masters\Sem5\uavRL\inference_outputs\Trajectories\RainandFog\a2c_naturecnn_depth_RainandFog\a2c_naturecnn_depth_RainandFog_positions.csv' did not travel at least 9 meters. Skipping.
2024-12-06 20:30:24,696 [INFO] Episode 26 in 'D:\Masters\Sem5\uavRL\inference_outputs\Trajectories\RainandFog\a2c_naturecnn_depth_RainandFog\a2c_naturecnn_depth_RainandFog_positions.csv' did not travel at least 9 meters. Skipping.
2024-12-06 20:30:24,697 [INFO] Episode 27 in 'D:\Masters\Sem5\uavRL\inference_outputs\Trajectories\RainandFog\a2c_naturecnn_depth_RainandFog\a2c_naturecnn_depth_RainandFog_positions.csv' did not travel at least 9 meters. Skipping.
2024-12-06 20:30:24,698 [INFO] Episode 32 in 'D:\Masters\Sem5\uavRL\inference_outputs\Trajectories\RainandFog\a2c_naturecnn_depth_RainandFog\a2c_naturecnn_depth_RainandFog_positions.csv' did not travel at least 9 meters. Skipping.
2024-12-06 20:30:24,699 [INFO] Episode 33 in 'D:\Masters\Sem5\uavRL\inference_outputs\Trajectories\RainandFog\a2c_naturecnn_depth_RainandFog\a2c_naturecnn_depth_RainandFog_positions.csv' did not travel at least 9 meters. Skipping.
2024-12-06 20:30:24,699 [INFO] Episode 35 in 'D:\Masters\Sem5\uavRL\inference_outputs\Trajectories\RainandFog\a2c_naturecnn_depth_RainandFog\a2c_naturecnn_depth_RainandFog_positions.csv' did not travel at least 9 meters. Skipping.
2024-12-06 20:30:24,700 [INFO] Episode 37 in 'D:\Masters\Sem5\uavRL\inference_outputs\Trajectories\RainandFog\a2c_naturecnn_depth_RainandFog\a2c_naturecnn_depth_RainandFog_positions.csv' did not travel at least 9 meters. Skipping.
2024-12-06 20:30:24,700 [INFO] Episode 38 in 'D:\Masters\Sem5\uavRL\inference_outputs\Trajectories\RainandFog\a2c_naturecnn_depth_RainandFog\a2c_naturecnn_depth_RainandFog_positions.csv' did not travel at least 9 meters. Skipping.
2024-12-06 20:30:24,701 [INFO] Episode 40 in 'D:\Masters\Sem5\uavRL\inference_outputs\Trajectories\RainandFog\a2c_naturecnn_depth_RainandFog\a2c_naturecnn_depth_RainandFog_positions.csv' did not travel at least 9 meters. Skipping.
2024-12-06 20:30:24,702 [INFO] Episode 42 in 'D:\Masters\Sem5\uavRL\inference_outputs\Trajectories\RainandFog\a2c_naturecnn_depth_RainandFog\a2c_naturecnn_depth_RainandFog_positions.csv' did not travel at least 9 meters. Skipping.
2024-12-06 20:30:24,702 [INFO] Episode 43 in 'D:\Masters\Sem5\uavRL\inference_outputs\Trajectories\RainandFog\a2c_naturecnn_depth_RainandFog\a2c_naturecnn_depth_RainandFog_positions.csv' did not travel at least 9 meters. Skipping.
2024-12-06 20:30:24,702 [INFO] Episode 45 in 'D:\Masters\Sem5\uavRL\inference_outputs\Trajectories\RainandFog\a2c_naturecnn_depth_RainandFog\a2c_naturecnn_depth_RainandFog_positions.csv' did not travel at least 9 meters. Skipping.
2024-12-06 20:30:24,704 [INFO] Episode 46 in 'D:\Masters\Sem5\uavRL\inference_outputs\Trajectories\RainandFog\a2c_naturecnn_depth_RainandFog\a2c_naturecnn_depth_RainandFog_positions.csv' did not travel at least 9 meters. Skipping.
2024-12-06 20:30:24,704 [INFO] Episode 47 in 'D:\Masters\Sem5\uavRL\inference_outputs\Trajectories\RainandFog\a2c_naturecnn_depth_RainandFog\a2c_naturecnn_depth_RainandFog_positions.csv' did not travel at least 9 meters. Skipping.
2024-12-06 20:30:24,705 [INFO] Episode 48 in 'D:\Masters\Sem5\uavRL\inference_outputs\Trajectories\RainandFog\a2c_naturecnn_depth_RainandFog\a2c_naturecnn_depth_RainandFog_positions.csv' did not travel at least 9 meters. Skipping.
2024-12-06 20:30:24,706 [INFO] Episode 49 in 'D:\Masters\Sem5\uavRL\inference_outputs\Trajectories\RainandFog\a2c_naturecnn_depth_RainandFog\a2c_naturecnn_depth_RainandFog_positions.csv' did not travel at least 9 meters. Skipping.
2024-12-06 20:30:24,708 [INFO] Episode 53 in 'D:\Masters\Sem5\uavRL\inference_outputs\Trajectories\RainandFog\a2c_naturecnn_depth_RainandFog\a2c_naturecnn_depth_RainandFog_positions.csv' did not travel at least 9 meters. Skipping.
2024-12-06 20:30:24,708 [INFO] Episode 54 in 'D:\Masters\Sem5\uavRL\inference_outputs\Trajectories\RainandFog\a2c_naturecnn_depth_RainandFog\a2c_naturecnn_depth_RainandFog_positions.csv' did not travel at least 9 meters. Skipping.
2024-12-06 20:30:24,709 [INFO] Episode 55 in 'D:\Masters\Sem5\uavRL\inference_outputs\Trajectories\RainandFog\a2c_naturecnn_depth_RainandFog\a2c_naturecnn_depth_RainandFog_positions.csv' did not travel at least 9 meters. Skipping.
2024-12-06 20:30:24,710 [INFO] Episode 56 in 'D:\Masters\Sem5\uavRL\inference_outputs\Trajectories\RainandFog\a2c_naturecnn_depth_RainandFog\a2c_naturecnn_depth_RainandFog_positions.csv' did not travel at least 9 meters. Skipping.
2024-12-06 20:30:24,710 [INFO] Episode 57 in 'D:\Masters\Sem5\uavRL\inference_outputs\Trajectories\RainandFog\a2c_naturecnn_depth_RainandFog\a2c_naturecnn_depth_RainandFog_positions.csv' did not travel at least 9 meters. Skipping.
2024-12-06 20:30:24,711 [INFO] Episode 58 in 'D:\Masters\Sem5\uavRL\inference_outputs\Trajectories\RainandFog\a2c_naturecnn_depth_RainandFog\a2c_naturecnn_depth_RainandFog_positions.csv' did not travel at least 9 meters. Skipping.
2024-12-06 20:30:24,714 [INFO] Episode 63 in 'D:\Masters\Sem5\uavRL\inference_outputs\Trajectories\RainandFog\a2c_naturecnn_depth_RainandFog\a2c_naturecnn_depth_RainandFog_positions.csv' did not travel at least 9 meters. Skipping.
2024-12-06 20:30:24,714 [INFO] Episode 64 in 'D:\Masters\Sem5\uavRL\inference_outputs\Trajectories\RainandFog\a2c_naturecnn_depth_RainandFog\a2c_naturecnn_depth_RainandFog_positions.csv' did not travel at least 9 meters. Skipping.
2024-12-06 20:30:24,716 [INFO] Episode 65 in 'D:\Masters\Sem5\uavRL\inference_outputs\Trajectories\RainandFog\a2c_naturecnn_depth_RainandFog\a2c_naturecnn_depth_RainandFog_positions.csv' did not travel at least 9 meters. Skipping.
2024-12-06 20:30:24,717 [INFO] Episode 66 in 'D:\Masters\Sem5\uavRL\inference_outputs\Trajectories\RainandFog\a2c_naturecnn_depth_RainandFog\a2c_naturecnn_depth_RainandFog_positions.csv' did not travel at least 9 meters. Skipping.
2024-12-06 20:30:24,718 [INFO] Episode 70 in 'D:\Masters\Sem5\uavRL\inference_outputs\Trajectories\RainandFog\a2c_naturecnn_depth_RainandFog\a2c_naturecnn_depth_RainandFog_positions.csv' did not travel at least 9 meters. Skipping.
2024-12-06 20:30:24,718 [INFO] Episode 71 in 'D:\Masters\Sem5\uavRL\inference_outputs\Trajectories\RainandFog\a2c_naturecnn_depth_RainandFog\a2c_naturecnn_depth_RainandFog_positions.csv' did not travel at least 9 meters. Skipping.
2024-12-06 20:30:24,720 [INFO] Episode 74 in 'D:\Masters\Sem5\uavRL\inference_outputs\Trajectories\RainandFog\a2c_naturecnn_depth_RainandFog\a2c_naturecnn_depth_RainandFog_positions.csv' did not travel at least 9 meters. Skipping.
2024-12-06 20:30:24,720 [INFO] Episode 76 in 'D:\Masters\Sem5\uavRL\inference_outputs\Trajectories\RainandFog\a2c_naturecnn_depth_RainandFog\a2c_naturecnn_depth_RainandFog_positions.csv' did not travel at least 9 meters. Skipping.
2024-12-06 20:30:24,721 [INFO] Episode 78 in 'D:\Masters\Sem5\uavRL\inference_outputs\Trajectories\RainandFog\a2c_naturecnn_depth_RainandFog\a2c_naturecnn_depth_RainandFog_positions.csv' did not travel at least 9 meters. Skipping.
2024-12-06 20:30:24,722 [INFO] Episode 81 in 'D:\Masters\Sem5\uavRL\inference_outputs\Trajectories\RainandFog\a2c_naturecnn_depth_RainandFog\a2c_naturecnn_depth_RainandFog_positions.csv' did not travel at least 9 meters. Skipping.
2024-12-06 20:30:24,722 [INFO] Episode 82 in 'D:\Masters\Sem5\uavRL\inference_outputs\Trajectories\RainandFog\a2c_naturecnn_depth_RainandFog\a2c_naturecnn_depth_RainandFog_positions.csv' did not travel at least 9 meters. Skipping.
2024-12-06 20:30:24,724 [INFO] Episode 84 in 'D:\Masters\Sem5\uavRL\inference_outputs\Trajectories\RainandFog\a2c_naturecnn_depth_RainandFog\a2c_naturecnn_depth_RainandFog_positions.csv' did not travel at least 9 meters. Skipping.
2024-12-06 20:30:24,725 [INFO] Episode 87 in 'D:\Masters\Sem5\uavRL\inference_outputs\Trajectories\RainandFog\a2c_naturecnn_depth_RainandFog\a2c_naturecnn_depth_RainandFog_positions.csv' did not travel at least 9 meters. Skipping.
2024-12-06 20:30:24,727 [INFO] Episode 88 in 'D:\Masters\Sem5\uavRL\inference_outputs\Trajectories\RainandFog\a2c_naturecnn_depth_RainandFog\a2c_naturecnn_depth_RainandFog_positions.csv' did not travel at least 9 meters. Skipping.
2024-12-06 20:30:24,729 [INFO] Episode 91 in 'D:\Masters\Sem5\uavRL\inference_outputs\Trajectories\RainandFog\a2c_naturecnn_depth_RainandFog\a2c_naturecnn_depth_RainandFog_positions.csv' did not travel at least 9 meters. Skipping.
2024-12-06 20:30:24,730 [INFO] Episode 93 in 'D:\Masters\Sem5\uavRL\inference_outputs\Trajectories\RainandFog\a2c_naturecnn_depth_RainandFog\a2c_naturecnn_depth_RainandFog_positions.csv' did not travel at least 9 meters. Skipping.
2024-12-06 20:30:24,731 [INFO] Episode 94 in 'D:\Masters\Sem5\uavRL\inference_outputs\Trajectories\RainandFog\a2c_naturecnn_depth_RainandFog\a2c_naturecnn_depth_RainandFog_positions.csv' did not travel at least 9 meters. Skipping.
2024-12-06 20:30:24,732 [INFO] Episode 96 in 'D:\Masters\Sem5\uavRL\inference_outputs\Trajectories\RainandFog\a2c_naturecnn_depth_RainandFog\a2c_naturecnn_depth_RainandFog_positions.csv' did not travel at least 9 meters. Skipping.
2024-12-06 20:30:24,733 [INFO] Episode 98 in 'D:\Masters\Sem5\uavRL\inference_outputs\Trajectories\RainandFog\a2c_naturecnn_depth_RainandFog\a2c_naturecnn_depth_RainandFog_positions.csv' did not travel at least 9 meters. Skipping.
2024-12-06 20:30:24,733 [INFO] Episode 99 in 'D:\Masters\Sem5\uavRL\inference_outputs\Trajectories\RainandFog\a2c_naturecnn_depth_RainandFog\a2c_naturecnn_depth_RainandFog_positions.csv' did not travel at least 9 meters. Skipping.
2024-12-06 20:30:24,734 [INFO] Episode 100 in 'D:\Masters\Sem5\uavRL\inference_outputs\Trajectories\RainandFog\a2c_naturecnn_depth_RainandFog\a2c_naturecnn_depth_RainandFog_positions.csv' did not travel at least 9 meters. Skipping.
2024-12-06 20:30:24,749 [INFO] Successfully read 'D:\Masters\Sem5\uavRL\inference_outputs\Trajectories\RainandFog\a2c_naturecnn_depth_obstacle_weather_leavesfalling_RainandFog\a2c_naturecnn_depth_obstacle_weather_leavesfalling_RainandFog_positions.csv'.
2024-12-06 20:30:24,752 [INFO] Episode 3 in 'D:\Masters\Sem5\uavRL\inference_outputs\Trajectories\RainandFog\a2c_naturecnn_depth_obstacle_weather_leavesfalling_RainandFog\a2c_naturecnn_depth_obstacle_weather_leavesfalling_RainandFog_positions.csv' did not travel at least 9 meters. Skipping.
2024-12-06 20:30:24,753 [INFO] Episode 4 in 'D:\Masters\Sem5\uavRL\inference_outputs\Trajectories\RainandFog\a2c_naturecnn_depth_obstacle_weather_leavesfalling_RainandFog\a2c_naturecnn_depth_obstacle_weather_leavesfalling_RainandFog_positions.csv' did not travel at least 9 meters. Skipping.
2024-12-06 20:30:24,754 [INFO] Episode 5 in 'D:\Masters\Sem5\uavRL\inference_outputs\Trajectories\RainandFog\a2c_naturecnn_depth_obstacle_weather_leavesfalling_RainandFog\a2c_naturecnn_depth_obstacle_weather_leavesfalling_RainandFog_positions.csv' did not travel at least 9 meters. Skipping.
2024-12-06 20:30:24,755 [INFO] Episode 9 in 'D:\Masters\Sem5\uavRL\inference_outputs\Trajectories\RainandFog\a2c_naturecnn_depth_obstacle_weather_leavesfalling_RainandFog\a2c_naturecnn_depth_obstacle_weather_leavesfalling_RainandFog_positions.csv' did not travel at least 9 meters. Skipping.
2024-12-06 20:30:24,756 [INFO] Episode 11 in 'D:\Masters\Sem5\uavRL\inference_outputs\Trajectories\RainandFog\a2c_naturecnn_depth_obstacle_weather_leavesfalling_RainandFog\a2c_naturecnn_depth_obstacle_weather_leavesfalling_RainandFog_positions.csv' did not travel at least 9 meters. Skipping.
2024-12-06 20:30:24,756 [INFO] Episode 13 in 'D:\Masters\Sem5\uavRL\inference_outputs\Trajectories\RainandFog\a2c_naturecnn_depth_obstacle_weather_leavesfalling_RainandFog\a2c_naturecnn_depth_obstacle_weather_leavesfalling_RainandFog_positions.csv' did not travel at least 9 meters. Skipping.
2024-12-06 20:30:24,758 [INFO] Episode 15 in 'D:\Masters\Sem5\uavRL\inference_outputs\Trajectories\RainandFog\a2c_naturecnn_depth_obstacle_weather_leavesfalling_RainandFog\a2c_naturecnn_depth_obstacle_weather_leavesfalling_RainandFog_positions.csv' did not travel at least 9 meters. Skipping.
2024-12-06 20:30:24,758 [INFO] Episode 16 in 'D:\Masters\Sem5\uavRL\inference_outputs\Trajectories\RainandFog\a2c_naturecnn_depth_obstacle_weather_leavesfalling_RainandFog\a2c_naturecnn_depth_obstacle_weather_leavesfalling_RainandFog_positions.csv' did not travel at least 9 meters. Skipping.
2024-12-06 20:30:24,761 [INFO] Episode 23 in 'D:\Masters\Sem5\uavRL\inference_outputs\Trajectories\RainandFog\a2c_naturecnn_depth_obstacle_weather_leavesfalling_RainandFog\a2c_naturecnn_depth_obstacle_weather_leavesfalling_RainandFog_positions.csv' did not travel at least 9 meters. Skipping.
2024-12-06 20:30:24,762 [INFO] Episode 25 in 'D:\Masters\Sem5\uavRL\inference_outputs\Trajectories\RainandFog\a2c_naturecnn_depth_obstacle_weather_leavesfalling_RainandFog\a2c_naturecnn_depth_obstacle_weather_leavesfalling_RainandFog_positions.csv' did not travel at least 9 meters. Skipping.
2024-12-06 20:30:24,764 [INFO] Episode 30 in 'D:\Masters\Sem5\uavRL\inference_outputs\Trajectories\RainandFog\a2c_naturecnn_depth_obstacle_weather_leavesfalling_RainandFog\a2c_naturecnn_depth_obstacle_weather_leavesfalling_RainandFog_positions.csv' did not travel at least 9 meters. Skipping.
2024-12-06 20:30:24,764 [INFO] Episode 31 in 'D:\Masters\Sem5\uavRL\inference_outputs\Trajectories\RainandFog\a2c_naturecnn_depth_obstacle_weather_leavesfalling_RainandFog\a2c_naturecnn_depth_obstacle_weather_leavesfalling_RainandFog_positions.csv' did not travel at least 9 meters. Skipping.
2024-12-06 20:30:24,766 [INFO] Episode 33 in 'D:\Masters\Sem5\uavRL\inference_outputs\Trajectories\RainandFog\a2c_naturecnn_depth_obstacle_weather_leavesfalling_RainandFog\a2c_naturecnn_depth_obstacle_weather_leavesfalling_RainandFog_positions.csv' did not travel at least 9 meters. Skipping.
2024-12-06 20:30:24,768 [INFO] Episode 36 in 'D:\Masters\Sem5\uavRL\inference_outputs\Trajectories\RainandFog\a2c_naturecnn_depth_obstacle_weather_leavesfalling_RainandFog\a2c_naturecnn_depth_obstacle_weather_leavesfalling_RainandFog_positions.csv' did not travel at least 9 meters. Skipping.
2024-12-06 20:30:24,768 [INFO] Episode 37 in 'D:\Masters\Sem5\uavRL\inference_outputs\Trajectories\RainandFog\a2c_naturecnn_depth_obstacle_weather_leavesfalling_RainandFog\a2c_naturecnn_depth_obstacle_weather_leavesfalling_RainandFog_positions.csv' did not travel at least 9 meters. Skipping.
2024-12-06 20:30:24,769 [INFO] Episode 39 in 'D:\Masters\Sem5\uavRL\inference_outputs\Trajectories\RainandFog\a2c_naturecnn_depth_obstacle_weather_leavesfalling_RainandFog\a2c_naturecnn_depth_obstacle_weather_leavesfalling_RainandFog_positions.csv' did not travel at least 9 meters. Skipping.
2024-12-06 20:30:24,771 [INFO] Episode 47 in 'D:\Masters\Sem5\uavRL\inference_outputs\Trajectories\RainandFog\a2c_naturecnn_depth_obstacle_weather_leavesfalling_RainandFog\a2c_naturecnn_depth_obstacle_weather_leavesfalling_RainandFog_positions.csv' did not travel at least 9 meters. Skipping.
2024-12-06 20:30:24,772 [INFO] Episode 48 in 'D:\Masters\Sem5\uavRL\inference_outputs\Trajectories\RainandFog\a2c_naturecnn_depth_obstacle_weather_leavesfalling_RainandFog\a2c_naturecnn_depth_obstacle_weather_leavesfalling_RainandFog_positions.csv' did not travel at least 9 meters. Skipping.
2024-12-06 20:30:24,772 [INFO] Episode 49 in 'D:\Masters\Sem5\uavRL\inference_outputs\Trajectories\RainandFog\a2c_naturecnn_depth_obstacle_weather_leavesfalling_RainandFog\a2c_naturecnn_depth_obstacle_weather_leavesfalling_RainandFog_positions.csv' did not travel at least 9 meters. Skipping.
2024-12-06 20:30:24,780 [INFO] Episode 69 in 'D:\Masters\Sem5\uavRL\inference_outputs\Trajectories\RainandFog\a2c_naturecnn_depth_obstacle_weather_leavesfalling_RainandFog\a2c_naturecnn_depth_obstacle_weather_leavesfalling_RainandFog_positions.csv' did not travel at least 9 meters. Skipping.
2024-12-06 20:30:24,784 [INFO] Episode 83 in 'D:\Masters\Sem5\uavRL\inference_outputs\Trajectories\RainandFog\a2c_naturecnn_depth_obstacle_weather_leavesfalling_RainandFog\a2c_naturecnn_depth_obstacle_weather_leavesfalling_RainandFog_positions.csv' did not travel at least 9 meters. Skipping.
2024-12-06 20:30:24,784 [INFO] Episode 84 in 'D:\Masters\Sem5\uavRL\inference_outputs\Trajectories\RainandFog\a2c_naturecnn_depth_obstacle_weather_leavesfalling_RainandFog\a2c_naturecnn_depth_obstacle_weather_leavesfalling_RainandFog_positions.csv' did not travel at least 9 meters. Skipping.
2024-12-06 20:30:24,786 [INFO] Episode 89 in 'D:\Masters\Sem5\uavRL\inference_outputs\Trajectories\RainandFog\a2c_naturecnn_depth_obstacle_weather_leavesfalling_RainandFog\a2c_naturecnn_depth_obstacle_weather_leavesfalling_RainandFog_positions.csv' did not travel at least 9 meters. Skipping.
2024-12-06 20:30:24,788 [INFO] Episode 92 in 'D:\Masters\Sem5\uavRL\inference_outputs\Trajectories\RainandFog\a2c_naturecnn_depth_obstacle_weather_leavesfalling_RainandFog\a2c_naturecnn_depth_obstacle_weather_leavesfalling_RainandFog_positions.csv' did not travel at least 9 meters. Skipping.
2024-12-06 20:30:24,789 [INFO] Episode 97 in 'D:\Masters\Sem5\uavRL\inference_outputs\Trajectories\RainandFog\a2c_naturecnn_depth_obstacle_weather_leavesfalling_RainandFog\a2c_naturecnn_depth_obstacle_weather_leavesfalling_RainandFog_positions.csv' did not travel at least 9 meters. Skipping.
2024-12-06 20:30:24,790 [INFO] Episode 98 in 'D:\Masters\Sem5\uavRL\inference_outputs\Trajectories\RainandFog\a2c_naturecnn_depth_obstacle_weather_leavesfalling_RainandFog\a2c_naturecnn_depth_obstacle_weather_leavesfalling_RainandFog_positions.csv' did not travel at least 9 meters. Skipping.
2024-12-06 20:30:24,806 [INFO] Successfully read 'D:\Masters\Sem5\uavRL\inference_outputs\Trajectories\RainandFog\a2c_naturecnn_depth_obstacle_weather_rainandfog_RainandFog\a2c_naturecnn_depth_obstacle_weather_rainandfog_RainandFog_positions.csv'.
2024-12-06 20:30:24,810 [INFO] Episode 8 in 'D:\Masters\Sem5\uavRL\inference_outputs\Trajectories\RainandFog\a2c_naturecnn_depth_obstacle_weather_rainandfog_RainandFog\a2c_naturecnn_depth_obstacle_weather_rainandfog_RainandFog_positions.csv' did not travel at least 9 meters. Skipping.
2024-12-06 20:30:24,812 [INFO] Episode 15 in 'D:\Masters\Sem5\uavRL\inference_outputs\Trajectories\RainandFog\a2c_naturecnn_depth_obstacle_weather_rainandfog_RainandFog\a2c_naturecnn_depth_obstacle_weather_rainandfog_RainandFog_positions.csv' did not travel at least 9 meters. Skipping.
2024-12-06 20:30:24,813 [INFO] Episode 18 in 'D:\Masters\Sem5\uavRL\inference_outputs\Trajectories\RainandFog\a2c_naturecnn_depth_obstacle_weather_rainandfog_RainandFog\a2c_naturecnn_depth_obstacle_weather_rainandfog_RainandFog_positions.csv' did not travel at least 9 meters. Skipping.
2024-12-06 20:30:24,813 [INFO] Episode 19 in 'D:\Masters\Sem5\uavRL\inference_outputs\Trajectories\RainandFog\a2c_naturecnn_depth_obstacle_weather_rainandfog_RainandFog\a2c_naturecnn_depth_obstacle_weather_rainandfog_RainandFog_positions.csv' did not travel at least 9 meters. Skipping.
2024-12-06 20:30:24,815 [INFO] Episode 27 in 'D:\Masters\Sem5\uavRL\inference_outputs\Trajectories\RainandFog\a2c_naturecnn_depth_obstacle_weather_rainandfog_RainandFog\a2c_naturecnn_depth_obstacle_weather_rainandfog_RainandFog_positions.csv' did not travel at least 9 meters. Skipping.
2024-12-06 20:30:24,816 [INFO] Episode 28 in 'D:\Masters\Sem5\uavRL\inference_outputs\Trajectories\RainandFog\a2c_naturecnn_depth_obstacle_weather_rainandfog_RainandFog\a2c_naturecnn_depth_obstacle_weather_rainandfog_RainandFog_positions.csv' did not travel at least 9 meters. Skipping.
2024-12-06 20:30:24,819 [INFO] Episode 36 in 'D:\Masters\Sem5\uavRL\inference_outputs\Trajectories\RainandFog\a2c_naturecnn_depth_obstacle_weather_rainandfog_RainandFog\a2c_naturecnn_depth_obstacle_weather_rainandfog_RainandFog_positions.csv' did not travel at least 9 meters. Skipping.
2024-12-06 20:30:24,821 [INFO] Episode 42 in 'D:\Masters\Sem5\uavRL\inference_outputs\Trajectories\RainandFog\a2c_naturecnn_depth_obstacle_weather_rainandfog_RainandFog\a2c_naturecnn_depth_obstacle_weather_rainandfog_RainandFog_positions.csv' did not travel at least 9 meters. Skipping.
2024-12-06 20:30:24,824 [INFO] Episode 50 in 'D:\Masters\Sem5\uavRL\inference_outputs\Trajectories\RainandFog\a2c_naturecnn_depth_obstacle_weather_rainandfog_RainandFog\a2c_naturecnn_depth_obstacle_weather_rainandfog_RainandFog_positions.csv' did not travel at least 9 meters. Skipping.
2024-12-06 20:30:24,825 [INFO] Episode 52 in 'D:\Masters\Sem5\uavRL\inference_outputs\Trajectories\RainandFog\a2c_naturecnn_depth_obstacle_weather_rainandfog_RainandFog\a2c_naturecnn_depth_obstacle_weather_rainandfog_RainandFog_positions.csv' did not travel at least 9 meters. Skipping.
2024-12-06 20:30:24,827 [INFO] Episode 57 in 'D:\Masters\Sem5\uavRL\inference_outputs\Trajectories\RainandFog\a2c_naturecnn_depth_obstacle_weather_rainandfog_RainandFog\a2c_naturecnn_depth_obstacle_weather_rainandfog_RainandFog_positions.csv' did not travel at least 9 meters. Skipping.
2024-12-06 20:30:24,829 [INFO] Episode 62 in 'D:\Masters\Sem5\uavRL\inference_outputs\Trajectories\RainandFog\a2c_naturecnn_depth_obstacle_weather_rainandfog_RainandFog\a2c_naturecnn_depth_obstacle_weather_rainandfog_RainandFog_positions.csv' did not travel at least 9 meters. Skipping.
2024-12-06 20:30:24,830 [INFO] Episode 65 in 'D:\Masters\Sem5\uavRL\inference_outputs\Trajectories\RainandFog\a2c_naturecnn_depth_obstacle_weather_rainandfog_RainandFog\a2c_naturecnn_depth_obstacle_weather_rainandfog_RainandFog_positions.csv' did not travel at least 9 meters. Skipping.
2024-12-06 20:30:24,831 [INFO] Episode 68 in 'D:\Masters\Sem5\uavRL\inference_outputs\Trajectories\RainandFog\a2c_naturecnn_depth_obstacle_weather_rainandfog_RainandFog\a2c_naturecnn_depth_obstacle_weather_rainandfog_RainandFog_positions.csv' did not travel at least 9 meters. Skipping.
2024-12-06 20:30:24,832 [INFO] Episode 75 in 'D:\Masters\Sem5\uavRL\inference_outputs\Trajectories\RainandFog\a2c_naturecnn_depth_obstacle_weather_rainandfog_RainandFog\a2c_naturecnn_depth_obstacle_weather_rainandfog_RainandFog_positions.csv' did not travel at least 9 meters. Skipping.
2024-12-06 20:30:24,835 [INFO] Episode 79 in 'D:\Masters\Sem5\uavRL\inference_outputs\Trajectories\RainandFog\a2c_naturecnn_depth_obstacle_weather_rainandfog_RainandFog\a2c_naturecnn_depth_obstacle_weather_rainandfog_RainandFog_positions.csv' did not travel at least 9 meters. Skipping.
2024-12-06 20:30:24,836 [INFO] Episode 83 in 'D:\Masters\Sem5\uavRL\inference_outputs\Trajectories\RainandFog\a2c_naturecnn_depth_obstacle_weather_rainandfog_RainandFog\a2c_naturecnn_depth_obstacle_weather_rainandfog_RainandFog_positions.csv' did not travel at least 9 meters. Skipping.
2024-12-06 20:30:24,837 [INFO] Episode 87 in 'D:\Masters\Sem5\uavRL\inference_outputs\Trajectories\RainandFog\a2c_naturecnn_depth_obstacle_weather_rainandfog_RainandFog\a2c_naturecnn_depth_obstacle_weather_rainandfog_RainandFog_positions.csv' did not travel at least 9 meters. Skipping.
2024-12-06 20:30:24,839 [INFO] Episode 93 in 'D:\Masters\Sem5\uavRL\inference_outputs\Trajectories\RainandFog\a2c_naturecnn_depth_obstacle_weather_rainandfog_RainandFog\a2c_naturecnn_depth_obstacle_weather_rainandfog_RainandFog_positions.csv' did not travel at least 9 meters. Skipping.
2024-12-06 20:30:24,911 [INFO] Successfully read 'D:\Masters\Sem5\uavRL\inference_outputs\Trajectories\RainandFog\a2c_naturecnn_depth_obstacle_weather_snowonly_RainandFog\a2c_naturecnn_depth_obstacle_weather_snowonly_RainandFog_positions.csv'.
2024-12-06 20:30:24,913 [INFO] Episode 4 in 'D:\Masters\Sem5\uavRL\inference_outputs\Trajectories\RainandFog\a2c_naturecnn_depth_obstacle_weather_snowonly_RainandFog\a2c_naturecnn_depth_obstacle_weather_snowonly_RainandFog_positions.csv' did not travel at least 9 meters. Skipping.
2024-12-06 20:30:24,913 [INFO] Episode 5 in 'D:\Masters\Sem5\uavRL\inference_outputs\Trajectories\RainandFog\a2c_naturecnn_depth_obstacle_weather_snowonly_RainandFog\a2c_naturecnn_depth_obstacle_weather_snowonly_RainandFog_positions.csv' did not travel at least 9 meters. Skipping.
2024-12-06 20:30:24,914 [INFO] Episode 6 in 'D:\Masters\Sem5\uavRL\inference_outputs\Trajectories\RainandFog\a2c_naturecnn_depth_obstacle_weather_snowonly_RainandFog\a2c_naturecnn_depth_obstacle_weather_snowonly_RainandFog_positions.csv' did not travel at least 9 meters. Skipping.
2024-12-06 20:30:24,915 [INFO] Episode 10 in 'D:\Masters\Sem5\uavRL\inference_outputs\Trajectories\RainandFog\a2c_naturecnn_depth_obstacle_weather_snowonly_RainandFog\a2c_naturecnn_depth_obstacle_weather_snowonly_RainandFog_positions.csv' did not travel at least 9 meters. Skipping.
2024-12-06 20:30:24,916 [INFO] Episode 13 in 'D:\Masters\Sem5\uavRL\inference_outputs\Trajectories\RainandFog\a2c_naturecnn_depth_obstacle_weather_snowonly_RainandFog\a2c_naturecnn_depth_obstacle_weather_snowonly_RainandFog_positions.csv' did not travel at least 9 meters. Skipping.
2024-12-06 20:30:24,918 [INFO] Episode 15 in 'D:\Masters\Sem5\uavRL\inference_outputs\Trajectories\RainandFog\a2c_naturecnn_depth_obstacle_weather_snowonly_RainandFog\a2c_naturecnn_depth_obstacle_weather_snowonly_RainandFog_positions.csv' did not travel at least 9 meters. Skipping.
2024-12-06 20:30:24,919 [INFO] Episode 19 in 'D:\Masters\Sem5\uavRL\inference_outputs\Trajectories\RainandFog\a2c_naturecnn_depth_obstacle_weather_snowonly_RainandFog\a2c_naturecnn_depth_obstacle_weather_snowonly_RainandFog_positions.csv' did not travel at least 9 meters. Skipping.
2024-12-06 20:30:24,920 [INFO] Episode 21 in 'D:\Masters\Sem5\uavRL\inference_outputs\Trajectories\RainandFog\a2c_naturecnn_depth_obstacle_weather_snowonly_RainandFog\a2c_naturecnn_depth_obstacle_weather_snowonly_RainandFog_positions.csv' did not travel at least 9 meters. Skipping.
2024-12-06 20:30:24,921 [INFO] Episode 24 in 'D:\Masters\Sem5\uavRL\inference_outputs\Trajectories\RainandFog\a2c_naturecnn_depth_obstacle_weather_snowonly_RainandFog\a2c_naturecnn_depth_obstacle_weather_snowonly_RainandFog_positions.csv' did not travel at least 9 meters. Skipping.
2024-12-06 20:30:24,922 [INFO] Episode 28 in 'D:\Masters\Sem5\uavRL\inference_outputs\Trajectories\RainandFog\a2c_naturecnn_depth_obstacle_weather_snowonly_RainandFog\a2c_naturecnn_depth_obstacle_weather_snowonly_RainandFog_positions.csv' did not travel at least 9 meters. Skipping.
2024-12-06 20:30:24,923 [INFO] Episode 29 in 'D:\Masters\Sem5\uavRL\inference_outputs\Trajectories\RainandFog\a2c_naturecnn_depth_obstacle_weather_snowonly_RainandFog\a2c_naturecnn_depth_obstacle_weather_snowonly_RainandFog_positions.csv' did not travel at least 9 meters. Skipping.
2024-12-06 20:30:24,924 [INFO] Episode 33 in 'D:\Masters\Sem5\uavRL\inference_outputs\Trajectories\RainandFog\a2c_naturecnn_depth_obstacle_weather_snowonly_RainandFog\a2c_naturecnn_depth_obstacle_weather_snowonly_RainandFog_positions.csv' did not travel at least 9 meters. Skipping.
2024-12-06 20:30:24,927 [INFO] Episode 40 in 'D:\Masters\Sem5\uavRL\inference_outputs\Trajectories\RainandFog\a2c_naturecnn_depth_obstacle_weather_snowonly_RainandFog\a2c_naturecnn_depth_obstacle_weather_snowonly_RainandFog_positions.csv' did not travel at least 9 meters. Skipping.
2024-12-06 20:30:24,927 [INFO] Episode 43 in 'D:\Masters\Sem5\uavRL\inference_outputs\Trajectories\RainandFog\a2c_naturecnn_depth_obstacle_weather_snowonly_RainandFog\a2c_naturecnn_depth_obstacle_weather_snowonly_RainandFog_positions.csv' did not travel at least 9 meters. Skipping.
2024-12-06 20:30:24,929 [INFO] Episode 49 in 'D:\Masters\Sem5\uavRL\inference_outputs\Trajectories\RainandFog\a2c_naturecnn_depth_obstacle_weather_snowonly_RainandFog\a2c_naturecnn_depth_obstacle_weather_snowonly_RainandFog_positions.csv' did not travel at least 9 meters. Skipping.
2024-12-06 20:30:24,930 [INFO] Episode 53 in 'D:\Masters\Sem5\uavRL\inference_outputs\Trajectories\RainandFog\a2c_naturecnn_depth_obstacle_weather_snowonly_RainandFog\a2c_naturecnn_depth_obstacle_weather_snowonly_RainandFog_positions.csv' did not travel at least 9 meters. Skipping.
2024-12-06 20:30:24,931 [INFO] Episode 55 in 'D:\Masters\Sem5\uavRL\inference_outputs\Trajectories\RainandFog\a2c_naturecnn_depth_obstacle_weather_snowonly_RainandFog\a2c_naturecnn_depth_obstacle_weather_snowonly_RainandFog_positions.csv' did not travel at least 9 meters. Skipping.
2024-12-06 20:30:24,934 [INFO] Episode 60 in 'D:\Masters\Sem5\uavRL\inference_outputs\Trajectories\RainandFog\a2c_naturecnn_depth_obstacle_weather_snowonly_RainandFog\a2c_naturecnn_depth_obstacle_weather_snowonly_RainandFog_positions.csv' did not travel at least 9 meters. Skipping.
2024-12-06 20:30:24,934 [INFO] Episode 61 in 'D:\Masters\Sem5\uavRL\inference_outputs\Trajectories\RainandFog\a2c_naturecnn_depth_obstacle_weather_snowonly_RainandFog\a2c_naturecnn_depth_obstacle_weather_snowonly_RainandFog_positions.csv' did not travel at least 9 meters. Skipping.
2024-12-06 20:30:24,936 [INFO] Episode 66 in 'D:\Masters\Sem5\uavRL\inference_outputs\Trajectories\RainandFog\a2c_naturecnn_depth_obstacle_weather_snowonly_RainandFog\a2c_naturecnn_depth_obstacle_weather_snowonly_RainandFog_positions.csv' did not travel at least 9 meters. Skipping.
2024-12-06 20:30:24,938 [INFO] Episode 73 in 'D:\Masters\Sem5\uavRL\inference_outputs\Trajectories\RainandFog\a2c_naturecnn_depth_obstacle_weather_snowonly_RainandFog\a2c_naturecnn_depth_obstacle_weather_snowonly_RainandFog_positions.csv' did not travel at least 9 meters. Skipping.
2024-12-06 20:30:24,941 [INFO] Episode 85 in 'D:\Masters\Sem5\uavRL\inference_outputs\Trajectories\RainandFog\a2c_naturecnn_depth_obstacle_weather_snowonly_RainandFog\a2c_naturecnn_depth_obstacle_weather_snowonly_RainandFog_positions.csv' did not travel at least 9 meters. Skipping.
2024-12-06 20:30:24,942 [INFO] Episode 88 in 'D:\Masters\Sem5\uavRL\inference_outputs\Trajectories\RainandFog\a2c_naturecnn_depth_obstacle_weather_snowonly_RainandFog\a2c_naturecnn_depth_obstacle_weather_snowonly_RainandFog_positions.csv' did not travel at least 9 meters. Skipping.
2024-12-06 20:30:24,944 [INFO] Episode 92 in 'D:\Masters\Sem5\uavRL\inference_outputs\Trajectories\RainandFog\a2c_naturecnn_depth_obstacle_weather_snowonly_RainandFog\a2c_naturecnn_depth_obstacle_weather_snowonly_RainandFog_positions.csv' did not travel at least 9 meters. Skipping.
2024-12-06 20:30:24,955 [INFO] Wall positions determined at: [3.7, 7.4, 11.100000000000001, 14.8, 18.5, 22.2]
2024-12-06 20:30:24,957 [INFO] Plotted mean trajectory from 'a2c_naturecnn_depth_RainandFog_positions.csv' with color 'blue'.
2024-12-06 20:30:24,958 [INFO] Plotted mean trajectory from 'a2c_naturecnn_depth_obstacle_weather_leavesfalling_RainandFog_positions.csv' with color 'green'.
2024-12-06 20:30:24,960 [INFO] Plotted mean trajectory from 'a2c_naturecnn_depth_obstacle_weather_rainandfog_RainandFog_positions.csv' with color 'orange'.
2024-12-06 20:30:24,962 [INFO] Plotted mean trajectory from 'a2c_naturecnn_depth_obstacle_weather_snowonly_RainandFog_positions.csv' with color 'purple'.
2024-12-06 20:30:25,016 [INFO] Added wall surface at X=3.7 with Trajectory Variations and Passages.
2024-12-06 20:30:25,072 [INFO] Added wall surface at X=7.4 with Trajectory Variations and Passages.
2024-12-06 20:30:25,124 [INFO] Added wall surface at X=11.100000000000001 with Trajectory Variations and Passages.
2024-12-06 20:30:25,178 [INFO] Added wall surface at X=14.8 with Trajectory Variations and Passages.
2024-12-06 20:30:25,240 [INFO] Added wall surface at X=18.5 with Trajectory Variations and Passages.
2024-12-06 20:30:25,243 [WARNING] No data near wall at X=22.2. Skipping hole creation.
2024-12-06 20:30:25,243 [INFO] Completed plotting walls and holes.
2024-12-06 20:30:25,410 [INFO] Similarity between 'a2c_naturecnn_depth_RainandFog_positions.csv' and 'a2c_naturecnn_depth_obstacle_weather_leavesfalling_RainandFog_positions.csv':
2024-12-06 20:30:25,410 [INFO]   - Cosine Similarity (Mean): 0.3366
2024-12-06 20:30:25,410 [INFO]   - Pearson Correlation (Mean): 0.7017
2024-12-06 20:30:25,410 [INFO]   - Normalized Cross-Correlation (Mean): 0.7058
2024-12-06 20:30:25,410 [INFO]   - Lag at Max NCC (Y): -3, (Z): 0
2024-12-06 20:30:25,421 [INFO] Similarity between 'a2c_naturecnn_depth_RainandFog_positions.csv' and 'a2c_naturecnn_depth_obstacle_weather_rainandfog_RainandFog_positions.csv':
2024-12-06 20:30:25,421 [INFO]   - Cosine Similarity (Mean): 0.8676
2024-12-06 20:30:25,421 [INFO]   - Pearson Correlation (Mean): 0.7003
2024-12-06 20:30:25,422 [INFO]   - Normalized Cross-Correlation (Mean): 0.7300
2024-12-06 20:30:25,422 [INFO]   - Lag at Max NCC (Y): 2, (Z): -6
2024-12-06 20:30:25,432 [INFO] Similarity between 'a2c_naturecnn_depth_RainandFog_positions.csv' and 'a2c_naturecnn_depth_obstacle_weather_snowonly_RainandFog_positions.csv':
2024-12-06 20:30:25,432 [INFO]   - Cosine Similarity (Mean): 0.6752
2024-12-06 20:30:25,434 [INFO]   - Pearson Correlation (Mean): 0.7145
2024-12-06 20:30:25,434 [INFO]   - Normalized Cross-Correlation (Mean): 0.7961
2024-12-06 20:30:25,434 [INFO]   - Lag at Max NCC (Y): -10, (Z): -14
2024-12-06 20:30:25,446 [INFO] Similarity between 'a2c_naturecnn_depth_obstacle_weather_leavesfalling_RainandFog_positions.csv' and 'a2c_naturecnn_depth_obstacle_weather_rainandfog_RainandFog_positions.csv':
2024-12-06 20:30:25,446 [INFO]   - Cosine Similarity (Mean): 0.5178
2024-12-06 20:30:25,446 [INFO]   - Pearson Correlation (Mean): 0.8388
2024-12-06 20:30:25,446 [INFO]   - Normalized Cross-Correlation (Mean): 0.8537
2024-12-06 20:30:25,448 [INFO]   - Lag at Max NCC (Y): 3, (Z): -1
2024-12-06 20:30:25,459 [INFO] Similarity between 'a2c_naturecnn_depth_obstacle_weather_leavesfalling_RainandFog_positions.csv' and 'a2c_naturecnn_depth_obstacle_weather_snowonly_RainandFog_positions.csv':
2024-12-06 20:30:25,460 [INFO]   - Cosine Similarity (Mean): 0.7243
2024-12-06 20:30:25,460 [INFO]   - Pearson Correlation (Mean): 0.8137
2024-12-06 20:30:25,460 [INFO]   - Normalized Cross-Correlation (Mean): 0.8353
2024-12-06 20:30:25,460 [INFO]   - Lag at Max NCC (Y): 1, (Z): -8
2024-12-06 20:30:25,469 [INFO] Similarity between 'a2c_naturecnn_depth_obstacle_weather_rainandfog_RainandFog_positions.csv' and 'a2c_naturecnn_depth_obstacle_weather_snowonly_RainandFog_positions.csv':
2024-12-06 20:30:25,469 [INFO]   - Cosine Similarity (Mean): 0.8449
2024-12-06 20:30:25,469 [INFO]   - Pearson Correlation (Mean): 0.8867
2024-12-06 20:30:25,469 [INFO]   - Normalized Cross-Correlation (Mean): 0.8867
2024-12-06 20:30:25,471 [INFO]   - Lag at Max NCC (Y): 0, (Z): 0
2024-12-06 20:30:25,899 [INFO] Cross-correlation plot saved as 'inference_outputs\Depth_A2C_RainandFog_Variants\Depth_A2C_RainandFog_Variants_cross_correlation_part1.png'.
2024-12-06 20:30:26,448 [INFO] Mean trajectories plotted and saved as 'inference_outputs\Depth_A2C_RainandFog_Variants\Depth_A2C_RainandFog_Variants_mean_trajectories.png'.
2024-12-06 20:30:26,457 [INFO] Similarity summary saved as 'inference_outputs\Depth_A2C_RainandFog_Variants\Depth_A2C_RainandFog_Variants_similarity_summary.csv'.
