2024-12-06 20:37:21,140 [INFO] Logging initialized for scenario: 'Depth_A2CvsPPO_SnowOnly'
2024-12-06 20:37:21,140 [INFO] Received command-line arguments: Scenario='Depth_A2CvsPPO_SnowOnly', Filenames=['D:\\Masters\\Sem5\\uavRL\\inference_outputs\\Trajectories\\SnowOnly\\a2c_naturecnn_depth_SnowOnly\\a2c_naturecnn_depth_SnowOnly_positions.csv', 'D:\\Masters\\Sem5\\uavRL\\inference_outputs\\Trajectories\\SnowOnly\\ppo_naturecnn_depth_SnowOnly\\ppo_naturecnn_depth_SnowOnly_positions.csv']
2024-12-06 20:37:21,142 [INFO] Starting to plot multiple mean trajectories.
2024-12-06 20:37:21,304 [INFO] Successfully read 'D:\Masters\Sem5\uavRL\inference_outputs\Trajectories\SnowOnly\a2c_naturecnn_depth_SnowOnly\a2c_naturecnn_depth_SnowOnly_positions.csv'.
2024-12-06 20:37:21,305 [INFO] Episode 1 in 'D:\Masters\Sem5\uavRL\inference_outputs\Trajectories\SnowOnly\a2c_naturecnn_depth_SnowOnly\a2c_naturecnn_depth_SnowOnly_positions.csv' did not travel at least 9 meters. Skipping.
2024-12-06 20:37:21,307 [INFO] Episode 6 in 'D:\Masters\Sem5\uavRL\inference_outputs\Trajectories\SnowOnly\a2c_naturecnn_depth_SnowOnly\a2c_naturecnn_depth_SnowOnly_positions.csv' did not travel at least 9 meters. Skipping.
2024-12-06 20:37:21,307 [INFO] Episode 7 in 'D:\Masters\Sem5\uavRL\inference_outputs\Trajectories\SnowOnly\a2c_naturecnn_depth_SnowOnly\a2c_naturecnn_depth_SnowOnly_positions.csv' did not travel at least 9 meters. Skipping.
2024-12-06 20:37:21,308 [INFO] Episode 8 in 'D:\Masters\Sem5\uavRL\inference_outputs\Trajectories\SnowOnly\a2c_naturecnn_depth_SnowOnly\a2c_naturecnn_depth_SnowOnly_positions.csv' did not travel at least 9 meters. Skipping.
2024-12-06 20:37:21,310 [INFO] Episode 12 in 'D:\Masters\Sem5\uavRL\inference_outputs\Trajectories\SnowOnly\a2c_naturecnn_depth_SnowOnly\a2c_naturecnn_depth_SnowOnly_positions.csv' did not travel at least 9 meters. Skipping.
2024-12-06 20:37:21,310 [INFO] Episode 13 in 'D:\Masters\Sem5\uavRL\inference_outputs\Trajectories\SnowOnly\a2c_naturecnn_depth_SnowOnly\a2c_naturecnn_depth_SnowOnly_positions.csv' did not travel at least 9 meters. Skipping.
2024-12-06 20:37:21,311 [INFO] Episode 14 in 'D:\Masters\Sem5\uavRL\inference_outputs\Trajectories\SnowOnly\a2c_naturecnn_depth_SnowOnly\a2c_naturecnn_depth_SnowOnly_positions.csv' did not travel at least 9 meters. Skipping.
2024-12-06 20:37:21,313 [INFO] Episode 18 in 'D:\Masters\Sem5\uavRL\inference_outputs\Trajectories\SnowOnly\a2c_naturecnn_depth_SnowOnly\a2c_naturecnn_depth_SnowOnly_positions.csv' did not travel at least 9 meters. Skipping.
2024-12-06 20:37:21,314 [INFO] Episode 19 in 'D:\Masters\Sem5\uavRL\inference_outputs\Trajectories\SnowOnly\a2c_naturecnn_depth_SnowOnly\a2c_naturecnn_depth_SnowOnly_positions.csv' did not travel at least 9 meters. Skipping.
2024-12-06 20:37:21,317 [INFO] Episode 27 in 'D:\Masters\Sem5\uavRL\inference_outputs\Trajectories\SnowOnly\a2c_naturecnn_depth_SnowOnly\a2c_naturecnn_depth_SnowOnly_positions.csv' did not travel at least 9 meters. Skipping.
2024-12-06 20:37:21,318 [INFO] Episode 28 in 'D:\Masters\Sem5\uavRL\inference_outputs\Trajectories\SnowOnly\a2c_naturecnn_depth_SnowOnly\a2c_naturecnn_depth_SnowOnly_positions.csv' did not travel at least 9 meters. Skipping.
2024-12-06 20:37:21,318 [INFO] Episode 29 in 'D:\Masters\Sem5\uavRL\inference_outputs\Trajectories\SnowOnly\a2c_naturecnn_depth_SnowOnly\a2c_naturecnn_depth_SnowOnly_positions.csv' did not travel at least 9 meters. Skipping.
2024-12-06 20:37:21,319 [INFO] Episode 30 in 'D:\Masters\Sem5\uavRL\inference_outputs\Trajectories\SnowOnly\a2c_naturecnn_depth_SnowOnly\a2c_naturecnn_depth_SnowOnly_positions.csv' did not travel at least 9 meters. Skipping.
2024-12-06 20:37:21,320 [INFO] Episode 31 in 'D:\Masters\Sem5\uavRL\inference_outputs\Trajectories\SnowOnly\a2c_naturecnn_depth_SnowOnly\a2c_naturecnn_depth_SnowOnly_positions.csv' did not travel at least 9 meters. Skipping.
2024-12-06 20:37:21,320 [INFO] Episode 32 in 'D:\Masters\Sem5\uavRL\inference_outputs\Trajectories\SnowOnly\a2c_naturecnn_depth_SnowOnly\a2c_naturecnn_depth_SnowOnly_positions.csv' did not travel at least 9 meters. Skipping.
2024-12-06 20:37:21,321 [INFO] Episode 33 in 'D:\Masters\Sem5\uavRL\inference_outputs\Trajectories\SnowOnly\a2c_naturecnn_depth_SnowOnly\a2c_naturecnn_depth_SnowOnly_positions.csv' did not travel at least 9 meters. Skipping.
2024-12-06 20:37:21,322 [INFO] Episode 37 in 'D:\Masters\Sem5\uavRL\inference_outputs\Trajectories\SnowOnly\a2c_naturecnn_depth_SnowOnly\a2c_naturecnn_depth_SnowOnly_positions.csv' did not travel at least 9 meters. Skipping.
2024-12-06 20:37:21,323 [INFO] Episode 38 in 'D:\Masters\Sem5\uavRL\inference_outputs\Trajectories\SnowOnly\a2c_naturecnn_depth_SnowOnly\a2c_naturecnn_depth_SnowOnly_positions.csv' did not travel at least 9 meters. Skipping.
2024-12-06 20:37:21,323 [INFO] Episode 39 in 'D:\Masters\Sem5\uavRL\inference_outputs\Trajectories\SnowOnly\a2c_naturecnn_depth_SnowOnly\a2c_naturecnn_depth_SnowOnly_positions.csv' did not travel at least 9 meters. Skipping.
2024-12-06 20:37:21,325 [INFO] Episode 43 in 'D:\Masters\Sem5\uavRL\inference_outputs\Trajectories\SnowOnly\a2c_naturecnn_depth_SnowOnly\a2c_naturecnn_depth_SnowOnly_positions.csv' did not travel at least 9 meters. Skipping.
2024-12-06 20:37:21,325 [INFO] Episode 45 in 'D:\Masters\Sem5\uavRL\inference_outputs\Trajectories\SnowOnly\a2c_naturecnn_depth_SnowOnly\a2c_naturecnn_depth_SnowOnly_positions.csv' did not travel at least 9 meters. Skipping.
2024-12-06 20:37:21,327 [INFO] Episode 47 in 'D:\Masters\Sem5\uavRL\inference_outputs\Trajectories\SnowOnly\a2c_naturecnn_depth_SnowOnly\a2c_naturecnn_depth_SnowOnly_positions.csv' did not travel at least 9 meters. Skipping.
2024-12-06 20:37:21,328 [INFO] Episode 49 in 'D:\Masters\Sem5\uavRL\inference_outputs\Trajectories\SnowOnly\a2c_naturecnn_depth_SnowOnly\a2c_naturecnn_depth_SnowOnly_positions.csv' did not travel at least 9 meters. Skipping.
2024-12-06 20:37:21,330 [INFO] Episode 53 in 'D:\Masters\Sem5\uavRL\inference_outputs\Trajectories\SnowOnly\a2c_naturecnn_depth_SnowOnly\a2c_naturecnn_depth_SnowOnly_positions.csv' did not travel at least 9 meters. Skipping.
2024-12-06 20:37:21,331 [INFO] Episode 54 in 'D:\Masters\Sem5\uavRL\inference_outputs\Trajectories\SnowOnly\a2c_naturecnn_depth_SnowOnly\a2c_naturecnn_depth_SnowOnly_positions.csv' did not travel at least 9 meters. Skipping.
2024-12-06 20:37:21,332 [INFO] Episode 55 in 'D:\Masters\Sem5\uavRL\inference_outputs\Trajectories\SnowOnly\a2c_naturecnn_depth_SnowOnly\a2c_naturecnn_depth_SnowOnly_positions.csv' did not travel at least 9 meters. Skipping.
2024-12-06 20:37:21,333 [INFO] Episode 57 in 'D:\Masters\Sem5\uavRL\inference_outputs\Trajectories\SnowOnly\a2c_naturecnn_depth_SnowOnly\a2c_naturecnn_depth_SnowOnly_positions.csv' did not travel at least 9 meters. Skipping.
2024-12-06 20:37:21,333 [INFO] Episode 58 in 'D:\Masters\Sem5\uavRL\inference_outputs\Trajectories\SnowOnly\a2c_naturecnn_depth_SnowOnly\a2c_naturecnn_depth_SnowOnly_positions.csv' did not travel at least 9 meters. Skipping.
2024-12-06 20:37:21,334 [INFO] Episode 59 in 'D:\Masters\Sem5\uavRL\inference_outputs\Trajectories\SnowOnly\a2c_naturecnn_depth_SnowOnly\a2c_naturecnn_depth_SnowOnly_positions.csv' did not travel at least 9 meters. Skipping.
2024-12-06 20:37:21,335 [INFO] Episode 62 in 'D:\Masters\Sem5\uavRL\inference_outputs\Trajectories\SnowOnly\a2c_naturecnn_depth_SnowOnly\a2c_naturecnn_depth_SnowOnly_positions.csv' did not travel at least 9 meters. Skipping.
2024-12-06 20:37:21,337 [INFO] Episode 65 in 'D:\Masters\Sem5\uavRL\inference_outputs\Trajectories\SnowOnly\a2c_naturecnn_depth_SnowOnly\a2c_naturecnn_depth_SnowOnly_positions.csv' did not travel at least 9 meters. Skipping.
2024-12-06 20:37:21,337 [INFO] Episode 66 in 'D:\Masters\Sem5\uavRL\inference_outputs\Trajectories\SnowOnly\a2c_naturecnn_depth_SnowOnly\a2c_naturecnn_depth_SnowOnly_positions.csv' did not travel at least 9 meters. Skipping.
2024-12-06 20:37:21,338 [INFO] Episode 67 in 'D:\Masters\Sem5\uavRL\inference_outputs\Trajectories\SnowOnly\a2c_naturecnn_depth_SnowOnly\a2c_naturecnn_depth_SnowOnly_positions.csv' did not travel at least 9 meters. Skipping.
2024-12-06 20:37:21,339 [INFO] Episode 68 in 'D:\Masters\Sem5\uavRL\inference_outputs\Trajectories\SnowOnly\a2c_naturecnn_depth_SnowOnly\a2c_naturecnn_depth_SnowOnly_positions.csv' did not travel at least 9 meters. Skipping.
2024-12-06 20:37:21,340 [INFO] Episode 73 in 'D:\Masters\Sem5\uavRL\inference_outputs\Trajectories\SnowOnly\a2c_naturecnn_depth_SnowOnly\a2c_naturecnn_depth_SnowOnly_positions.csv' did not travel at least 9 meters. Skipping.
2024-12-06 20:37:21,342 [INFO] Episode 75 in 'D:\Masters\Sem5\uavRL\inference_outputs\Trajectories\SnowOnly\a2c_naturecnn_depth_SnowOnly\a2c_naturecnn_depth_SnowOnly_positions.csv' did not travel at least 9 meters. Skipping.
2024-12-06 20:37:21,343 [INFO] Episode 77 in 'D:\Masters\Sem5\uavRL\inference_outputs\Trajectories\SnowOnly\a2c_naturecnn_depth_SnowOnly\a2c_naturecnn_depth_SnowOnly_positions.csv' did not travel at least 9 meters. Skipping.
2024-12-06 20:37:21,343 [INFO] Episode 78 in 'D:\Masters\Sem5\uavRL\inference_outputs\Trajectories\SnowOnly\a2c_naturecnn_depth_SnowOnly\a2c_naturecnn_depth_SnowOnly_positions.csv' did not travel at least 9 meters. Skipping.
2024-12-06 20:37:21,344 [INFO] Episode 82 in 'D:\Masters\Sem5\uavRL\inference_outputs\Trajectories\SnowOnly\a2c_naturecnn_depth_SnowOnly\a2c_naturecnn_depth_SnowOnly_positions.csv' did not travel at least 9 meters. Skipping.
2024-12-06 20:37:21,345 [INFO] Episode 85 in 'D:\Masters\Sem5\uavRL\inference_outputs\Trajectories\SnowOnly\a2c_naturecnn_depth_SnowOnly\a2c_naturecnn_depth_SnowOnly_positions.csv' did not travel at least 9 meters. Skipping.
2024-12-06 20:37:21,346 [INFO] Episode 86 in 'D:\Masters\Sem5\uavRL\inference_outputs\Trajectories\SnowOnly\a2c_naturecnn_depth_SnowOnly\a2c_naturecnn_depth_SnowOnly_positions.csv' did not travel at least 9 meters. Skipping.
2024-12-06 20:37:21,347 [INFO] Episode 88 in 'D:\Masters\Sem5\uavRL\inference_outputs\Trajectories\SnowOnly\a2c_naturecnn_depth_SnowOnly\a2c_naturecnn_depth_SnowOnly_positions.csv' did not travel at least 9 meters. Skipping.
2024-12-06 20:37:21,348 [INFO] Episode 90 in 'D:\Masters\Sem5\uavRL\inference_outputs\Trajectories\SnowOnly\a2c_naturecnn_depth_SnowOnly\a2c_naturecnn_depth_SnowOnly_positions.csv' did not travel at least 9 meters. Skipping.
2024-12-06 20:37:21,348 [INFO] Episode 91 in 'D:\Masters\Sem5\uavRL\inference_outputs\Trajectories\SnowOnly\a2c_naturecnn_depth_SnowOnly\a2c_naturecnn_depth_SnowOnly_positions.csv' did not travel at least 9 meters. Skipping.
2024-12-06 20:37:21,350 [INFO] Episode 92 in 'D:\Masters\Sem5\uavRL\inference_outputs\Trajectories\SnowOnly\a2c_naturecnn_depth_SnowOnly\a2c_naturecnn_depth_SnowOnly_positions.csv' did not travel at least 9 meters. Skipping.
2024-12-06 20:37:21,351 [INFO] Episode 93 in 'D:\Masters\Sem5\uavRL\inference_outputs\Trajectories\SnowOnly\a2c_naturecnn_depth_SnowOnly\a2c_naturecnn_depth_SnowOnly_positions.csv' did not travel at least 9 meters. Skipping.
2024-12-06 20:37:21,352 [INFO] Episode 94 in 'D:\Masters\Sem5\uavRL\inference_outputs\Trajectories\SnowOnly\a2c_naturecnn_depth_SnowOnly\a2c_naturecnn_depth_SnowOnly_positions.csv' did not travel at least 9 meters. Skipping.
2024-12-06 20:37:21,353 [INFO] Episode 98 in 'D:\Masters\Sem5\uavRL\inference_outputs\Trajectories\SnowOnly\a2c_naturecnn_depth_SnowOnly\a2c_naturecnn_depth_SnowOnly_positions.csv' did not travel at least 9 meters. Skipping.
2024-12-06 20:37:21,354 [INFO] Episode 99 in 'D:\Masters\Sem5\uavRL\inference_outputs\Trajectories\SnowOnly\a2c_naturecnn_depth_SnowOnly\a2c_naturecnn_depth_SnowOnly_positions.csv' did not travel at least 9 meters. Skipping.
2024-12-06 20:37:21,355 [INFO] Episode 100 in 'D:\Masters\Sem5\uavRL\inference_outputs\Trajectories\SnowOnly\a2c_naturecnn_depth_SnowOnly\a2c_naturecnn_depth_SnowOnly_positions.csv' did not travel at least 9 meters. Skipping.
2024-12-06 20:37:21,368 [INFO] Successfully read 'D:\Masters\Sem5\uavRL\inference_outputs\Trajectories\SnowOnly\ppo_naturecnn_depth_SnowOnly\ppo_naturecnn_depth_SnowOnly_positions.csv'.
2024-12-06 20:37:21,370 [INFO] Episode 1 in 'D:\Masters\Sem5\uavRL\inference_outputs\Trajectories\SnowOnly\ppo_naturecnn_depth_SnowOnly\ppo_naturecnn_depth_SnowOnly_positions.csv' did not travel at least 9 meters. Skipping.
2024-12-06 20:37:21,370 [INFO] Episode 2 in 'D:\Masters\Sem5\uavRL\inference_outputs\Trajectories\SnowOnly\ppo_naturecnn_depth_SnowOnly\ppo_naturecnn_depth_SnowOnly_positions.csv' did not travel at least 9 meters. Skipping.
2024-12-06 20:37:21,371 [INFO] Episode 4 in 'D:\Masters\Sem5\uavRL\inference_outputs\Trajectories\SnowOnly\ppo_naturecnn_depth_SnowOnly\ppo_naturecnn_depth_SnowOnly_positions.csv' did not travel at least 9 meters. Skipping.
2024-12-06 20:37:21,372 [INFO] Episode 7 in 'D:\Masters\Sem5\uavRL\inference_outputs\Trajectories\SnowOnly\ppo_naturecnn_depth_SnowOnly\ppo_naturecnn_depth_SnowOnly_positions.csv' did not travel at least 9 meters. Skipping.
2024-12-06 20:37:21,373 [INFO] Episode 8 in 'D:\Masters\Sem5\uavRL\inference_outputs\Trajectories\SnowOnly\ppo_naturecnn_depth_SnowOnly\ppo_naturecnn_depth_SnowOnly_positions.csv' did not travel at least 9 meters. Skipping.
2024-12-06 20:37:21,373 [INFO] Episode 9 in 'D:\Masters\Sem5\uavRL\inference_outputs\Trajectories\SnowOnly\ppo_naturecnn_depth_SnowOnly\ppo_naturecnn_depth_SnowOnly_positions.csv' did not travel at least 9 meters. Skipping.
2024-12-06 20:37:21,374 [INFO] Episode 11 in 'D:\Masters\Sem5\uavRL\inference_outputs\Trajectories\SnowOnly\ppo_naturecnn_depth_SnowOnly\ppo_naturecnn_depth_SnowOnly_positions.csv' did not travel at least 9 meters. Skipping.
2024-12-06 20:37:21,376 [INFO] Episode 14 in 'D:\Masters\Sem5\uavRL\inference_outputs\Trajectories\SnowOnly\ppo_naturecnn_depth_SnowOnly\ppo_naturecnn_depth_SnowOnly_positions.csv' did not travel at least 9 meters. Skipping.
2024-12-06 20:37:21,376 [INFO] Episode 15 in 'D:\Masters\Sem5\uavRL\inference_outputs\Trajectories\SnowOnly\ppo_naturecnn_depth_SnowOnly\ppo_naturecnn_depth_SnowOnly_positions.csv' did not travel at least 9 meters. Skipping.
2024-12-06 20:37:21,376 [INFO] Episode 16 in 'D:\Masters\Sem5\uavRL\inference_outputs\Trajectories\SnowOnly\ppo_naturecnn_depth_SnowOnly\ppo_naturecnn_depth_SnowOnly_positions.csv' did not travel at least 9 meters. Skipping.
2024-12-06 20:37:21,377 [INFO] Episode 19 in 'D:\Masters\Sem5\uavRL\inference_outputs\Trajectories\SnowOnly\ppo_naturecnn_depth_SnowOnly\ppo_naturecnn_depth_SnowOnly_positions.csv' did not travel at least 9 meters. Skipping.
2024-12-06 20:37:21,378 [INFO] Episode 21 in 'D:\Masters\Sem5\uavRL\inference_outputs\Trajectories\SnowOnly\ppo_naturecnn_depth_SnowOnly\ppo_naturecnn_depth_SnowOnly_positions.csv' did not travel at least 9 meters. Skipping.
2024-12-06 20:37:21,379 [INFO] Episode 23 in 'D:\Masters\Sem5\uavRL\inference_outputs\Trajectories\SnowOnly\ppo_naturecnn_depth_SnowOnly\ppo_naturecnn_depth_SnowOnly_positions.csv' did not travel at least 9 meters. Skipping.
2024-12-06 20:37:21,381 [INFO] Episode 26 in 'D:\Masters\Sem5\uavRL\inference_outputs\Trajectories\SnowOnly\ppo_naturecnn_depth_SnowOnly\ppo_naturecnn_depth_SnowOnly_positions.csv' did not travel at least 9 meters. Skipping.
2024-12-06 20:37:21,382 [INFO] Episode 28 in 'D:\Masters\Sem5\uavRL\inference_outputs\Trajectories\SnowOnly\ppo_naturecnn_depth_SnowOnly\ppo_naturecnn_depth_SnowOnly_positions.csv' did not travel at least 9 meters. Skipping.
2024-12-06 20:37:21,384 [INFO] Episode 34 in 'D:\Masters\Sem5\uavRL\inference_outputs\Trajectories\SnowOnly\ppo_naturecnn_depth_SnowOnly\ppo_naturecnn_depth_SnowOnly_positions.csv' did not travel at least 9 meters. Skipping.
2024-12-06 20:37:21,385 [INFO] Episode 36 in 'D:\Masters\Sem5\uavRL\inference_outputs\Trajectories\SnowOnly\ppo_naturecnn_depth_SnowOnly\ppo_naturecnn_depth_SnowOnly_positions.csv' did not travel at least 9 meters. Skipping.
2024-12-06 20:37:21,385 [INFO] Episode 37 in 'D:\Masters\Sem5\uavRL\inference_outputs\Trajectories\SnowOnly\ppo_naturecnn_depth_SnowOnly\ppo_naturecnn_depth_SnowOnly_positions.csv' did not travel at least 9 meters. Skipping.
2024-12-06 20:37:21,387 [INFO] Episode 38 in 'D:\Masters\Sem5\uavRL\inference_outputs\Trajectories\SnowOnly\ppo_naturecnn_depth_SnowOnly\ppo_naturecnn_depth_SnowOnly_positions.csv' did not travel at least 9 meters. Skipping.
2024-12-06 20:37:21,388 [INFO] Episode 40 in 'D:\Masters\Sem5\uavRL\inference_outputs\Trajectories\SnowOnly\ppo_naturecnn_depth_SnowOnly\ppo_naturecnn_depth_SnowOnly_positions.csv' did not travel at least 9 meters. Skipping.
2024-12-06 20:37:21,388 [INFO] Episode 41 in 'D:\Masters\Sem5\uavRL\inference_outputs\Trajectories\SnowOnly\ppo_naturecnn_depth_SnowOnly\ppo_naturecnn_depth_SnowOnly_positions.csv' did not travel at least 9 meters. Skipping.
2024-12-06 20:37:21,389 [INFO] Episode 42 in 'D:\Masters\Sem5\uavRL\inference_outputs\Trajectories\SnowOnly\ppo_naturecnn_depth_SnowOnly\ppo_naturecnn_depth_SnowOnly_positions.csv' did not travel at least 9 meters. Skipping.
2024-12-06 20:37:21,389 [INFO] Episode 43 in 'D:\Masters\Sem5\uavRL\inference_outputs\Trajectories\SnowOnly\ppo_naturecnn_depth_SnowOnly\ppo_naturecnn_depth_SnowOnly_positions.csv' did not travel at least 9 meters. Skipping.
2024-12-06 20:37:21,390 [INFO] Episode 44 in 'D:\Masters\Sem5\uavRL\inference_outputs\Trajectories\SnowOnly\ppo_naturecnn_depth_SnowOnly\ppo_naturecnn_depth_SnowOnly_positions.csv' did not travel at least 9 meters. Skipping.
2024-12-06 20:37:21,391 [INFO] Episode 45 in 'D:\Masters\Sem5\uavRL\inference_outputs\Trajectories\SnowOnly\ppo_naturecnn_depth_SnowOnly\ppo_naturecnn_depth_SnowOnly_positions.csv' did not travel at least 9 meters. Skipping.
2024-12-06 20:37:21,391 [INFO] Episode 46 in 'D:\Masters\Sem5\uavRL\inference_outputs\Trajectories\SnowOnly\ppo_naturecnn_depth_SnowOnly\ppo_naturecnn_depth_SnowOnly_positions.csv' did not travel at least 9 meters. Skipping.
2024-12-06 20:37:21,392 [INFO] Episode 49 in 'D:\Masters\Sem5\uavRL\inference_outputs\Trajectories\SnowOnly\ppo_naturecnn_depth_SnowOnly\ppo_naturecnn_depth_SnowOnly_positions.csv' did not travel at least 9 meters. Skipping.
2024-12-06 20:37:21,392 [INFO] Episode 50 in 'D:\Masters\Sem5\uavRL\inference_outputs\Trajectories\SnowOnly\ppo_naturecnn_depth_SnowOnly\ppo_naturecnn_depth_SnowOnly_positions.csv' did not travel at least 9 meters. Skipping.
2024-12-06 20:37:21,395 [INFO] Episode 55 in 'D:\Masters\Sem5\uavRL\inference_outputs\Trajectories\SnowOnly\ppo_naturecnn_depth_SnowOnly\ppo_naturecnn_depth_SnowOnly_positions.csv' did not travel at least 9 meters. Skipping.
2024-12-06 20:37:21,395 [INFO] Episode 56 in 'D:\Masters\Sem5\uavRL\inference_outputs\Trajectories\SnowOnly\ppo_naturecnn_depth_SnowOnly\ppo_naturecnn_depth_SnowOnly_positions.csv' did not travel at least 9 meters. Skipping.
2024-12-06 20:37:21,397 [INFO] Episode 58 in 'D:\Masters\Sem5\uavRL\inference_outputs\Trajectories\SnowOnly\ppo_naturecnn_depth_SnowOnly\ppo_naturecnn_depth_SnowOnly_positions.csv' did not travel at least 9 meters. Skipping.
2024-12-06 20:37:21,398 [INFO] Episode 60 in 'D:\Masters\Sem5\uavRL\inference_outputs\Trajectories\SnowOnly\ppo_naturecnn_depth_SnowOnly\ppo_naturecnn_depth_SnowOnly_positions.csv' did not travel at least 9 meters. Skipping.
2024-12-06 20:37:21,398 [INFO] Episode 61 in 'D:\Masters\Sem5\uavRL\inference_outputs\Trajectories\SnowOnly\ppo_naturecnn_depth_SnowOnly\ppo_naturecnn_depth_SnowOnly_positions.csv' did not travel at least 9 meters. Skipping.
2024-12-06 20:37:21,399 [INFO] Episode 62 in 'D:\Masters\Sem5\uavRL\inference_outputs\Trajectories\SnowOnly\ppo_naturecnn_depth_SnowOnly\ppo_naturecnn_depth_SnowOnly_positions.csv' did not travel at least 9 meters. Skipping.
2024-12-06 20:37:21,399 [INFO] Episode 66 in 'D:\Masters\Sem5\uavRL\inference_outputs\Trajectories\SnowOnly\ppo_naturecnn_depth_SnowOnly\ppo_naturecnn_depth_SnowOnly_positions.csv' did not travel at least 9 meters. Skipping.
2024-12-06 20:37:21,400 [INFO] Episode 67 in 'D:\Masters\Sem5\uavRL\inference_outputs\Trajectories\SnowOnly\ppo_naturecnn_depth_SnowOnly\ppo_naturecnn_depth_SnowOnly_positions.csv' did not travel at least 9 meters. Skipping.
2024-12-06 20:37:21,402 [INFO] Episode 70 in 'D:\Masters\Sem5\uavRL\inference_outputs\Trajectories\SnowOnly\ppo_naturecnn_depth_SnowOnly\ppo_naturecnn_depth_SnowOnly_positions.csv' did not travel at least 9 meters. Skipping.
2024-12-06 20:37:21,402 [INFO] Episode 71 in 'D:\Masters\Sem5\uavRL\inference_outputs\Trajectories\SnowOnly\ppo_naturecnn_depth_SnowOnly\ppo_naturecnn_depth_SnowOnly_positions.csv' did not travel at least 9 meters. Skipping.
2024-12-06 20:37:21,404 [INFO] Episode 75 in 'D:\Masters\Sem5\uavRL\inference_outputs\Trajectories\SnowOnly\ppo_naturecnn_depth_SnowOnly\ppo_naturecnn_depth_SnowOnly_positions.csv' did not travel at least 9 meters. Skipping.
2024-12-06 20:37:21,406 [INFO] Episode 84 in 'D:\Masters\Sem5\uavRL\inference_outputs\Trajectories\SnowOnly\ppo_naturecnn_depth_SnowOnly\ppo_naturecnn_depth_SnowOnly_positions.csv' did not travel at least 9 meters. Skipping.
2024-12-06 20:37:21,407 [INFO] Episode 87 in 'D:\Masters\Sem5\uavRL\inference_outputs\Trajectories\SnowOnly\ppo_naturecnn_depth_SnowOnly\ppo_naturecnn_depth_SnowOnly_positions.csv' did not travel at least 9 meters. Skipping.
2024-12-06 20:37:21,408 [INFO] Episode 89 in 'D:\Masters\Sem5\uavRL\inference_outputs\Trajectories\SnowOnly\ppo_naturecnn_depth_SnowOnly\ppo_naturecnn_depth_SnowOnly_positions.csv' did not travel at least 9 meters. Skipping.
2024-12-06 20:37:21,409 [INFO] Episode 91 in 'D:\Masters\Sem5\uavRL\inference_outputs\Trajectories\SnowOnly\ppo_naturecnn_depth_SnowOnly\ppo_naturecnn_depth_SnowOnly_positions.csv' did not travel at least 9 meters. Skipping.
2024-12-06 20:37:21,410 [INFO] Episode 92 in 'D:\Masters\Sem5\uavRL\inference_outputs\Trajectories\SnowOnly\ppo_naturecnn_depth_SnowOnly\ppo_naturecnn_depth_SnowOnly_positions.csv' did not travel at least 9 meters. Skipping.
2024-12-06 20:37:21,411 [INFO] Episode 96 in 'D:\Masters\Sem5\uavRL\inference_outputs\Trajectories\SnowOnly\ppo_naturecnn_depth_SnowOnly\ppo_naturecnn_depth_SnowOnly_positions.csv' did not travel at least 9 meters. Skipping.
2024-12-06 20:37:21,412 [INFO] Episode 98 in 'D:\Masters\Sem5\uavRL\inference_outputs\Trajectories\SnowOnly\ppo_naturecnn_depth_SnowOnly\ppo_naturecnn_depth_SnowOnly_positions.csv' did not travel at least 9 meters. Skipping.
2024-12-06 20:37:21,413 [INFO] Episode 99 in 'D:\Masters\Sem5\uavRL\inference_outputs\Trajectories\SnowOnly\ppo_naturecnn_depth_SnowOnly\ppo_naturecnn_depth_SnowOnly_positions.csv' did not travel at least 9 meters. Skipping.
2024-12-06 20:37:21,414 [INFO] Episode 100 in 'D:\Masters\Sem5\uavRL\inference_outputs\Trajectories\SnowOnly\ppo_naturecnn_depth_SnowOnly\ppo_naturecnn_depth_SnowOnly_positions.csv' did not travel at least 9 meters. Skipping.
2024-12-06 20:37:21,419 [INFO] Wall positions determined at: [3.7, 7.4, 11.100000000000001, 14.8, 18.5, 22.2]
2024-12-06 20:37:21,422 [INFO] Plotted mean trajectory from 'a2c_naturecnn_depth_SnowOnly_positions.csv' with color 'blue'.
2024-12-06 20:37:21,423 [INFO] Plotted mean trajectory from 'ppo_naturecnn_depth_SnowOnly_positions.csv' with color 'green'.
2024-12-06 20:37:21,524 [INFO] Added wall surface at X=3.7 with Trajectory Variations and Passages.
2024-12-06 20:37:21,577 [INFO] Added wall surface at X=7.4 with Trajectory Variations and Passages.
2024-12-06 20:37:21,639 [INFO] Added wall surface at X=11.100000000000001 with Trajectory Variations and Passages.
2024-12-06 20:37:21,710 [INFO] Added wall surface at X=14.8 with Trajectory Variations and Passages.
2024-12-06 20:37:21,774 [INFO] Added wall surface at X=18.5 with Trajectory Variations and Passages.
2024-12-06 20:37:21,777 [WARNING] No data near wall at X=22.2. Skipping hole creation.
2024-12-06 20:37:21,777 [INFO] Completed plotting walls and holes.
2024-12-06 20:37:21,946 [INFO] Similarity between 'a2c_naturecnn_depth_SnowOnly_positions.csv' and 'ppo_naturecnn_depth_SnowOnly_positions.csv':
2024-12-06 20:37:21,946 [INFO]   - Cosine Similarity (Mean): 0.9911
2024-12-06 20:37:21,946 [INFO]   - Pearson Correlation (Mean): 0.9702
2024-12-06 20:37:21,946 [INFO]   - Normalized Cross-Correlation (Mean): 0.9702
2024-12-06 20:37:21,947 [INFO]   - Lag at Max NCC (Y): 0, (Z): 0
2024-12-06 20:37:22,140 [INFO] Cross-correlation plot saved as 'inference_outputs\Depth_A2CvsPPO_SnowOnly\Depth_A2CvsPPO_SnowOnly_cross_correlation_part1.png'.
2024-12-06 20:37:22,726 [INFO] Mean trajectories plotted and saved as 'inference_outputs\Depth_A2CvsPPO_SnowOnly\Depth_A2CvsPPO_SnowOnly_mean_trajectories.png'.
2024-12-06 20:37:22,735 [INFO] Similarity summary saved as 'inference_outputs\Depth_A2CvsPPO_SnowOnly\Depth_A2CvsPPO_SnowOnly_similarity_summary.csv'.
